To honour the JVM settings for this build a single-use Daemon process will be forked. For more on this, please refer to https://docs.gradle.org/9.1.0/userguide/gradle_daemon.html#sec:disabling_the_daemon in the Gradle documentation.
Daemon will be stopped at the end of the build 
> Task :pfw:compileJava
> Task :dcn:compileJava
> Task :dcn:processResources
> Task :dcn:classes
> Task :dcn:resolveMainClassName
> Task :pfw:processResources
> Task :pfw:classes
> Task :pfw:jar
> Task :dcn:bootJar
> Task :dcn:bootWar
> Task :dcn:compileTestJava
> Task :dcn:processTestResources NO-SOURCE
> Task :dcn:testClasses
> Task :dcn:test
> Task :dby:compileJava
> Task :dby:processResources
> Task :dby:classes
> Task :dby:resolveMainClassName
> Task :dby:bootJar
> Task :dby:bootWar
> Task :dby:compileTestJava
> Task :dby:processTestResources NO-SOURCE
> Task :dby:testClasses
> Task :dby:test
> Task :bty:compileJava
> Task :bty:processResources
> Task :bty:classes
> Task :bty:resolveMainClassName
> Task :bty:bootJar
> Task :bty:bootWar
> Task :bty:compileTestJava
> Task :bty:processTestResources NO-SOURCE
> Task :bty:testClasses
> Task :bty:test
> Task :exy:compileJava
> Task :exy:processResources
> Task :exy:classes
> Task :exy:resolveMainClassName
> Task :exy:bootJar
> Task :exy:bootWar
> Task :exy:compileTestJava
> Task :exy:processTestResources NO-SOURCE
> Task :exy:testClasses
> Task :exy:test
> Task :uiy:compileJava
> Task :uiy:processResources
> Task :uiy:classes
> Task :uiy:resolveMainClassName
> Task :uiy:bootJar
> Task :uiy:bootWar
> Task :uiy:compileTestJava
> Task :uiy:processTestResources NO-SOURCE
> Task :uiy:testClasses
> Task :uiy:test
> Task :pgy:compileJava
> Task :pgy:processResources
> Task :pgy:classes
> Task :pgy:resolveMainClassName
> Task :pgy:bootJar
> Task :pgy:bootWar
> Task :pgy:compileTestJava
> Task :pgy:processTestResources NO-SOURCE
> Task :pgy:testClasses
> Task :pgy:test
> Task :ory:compileJava
> Task :ory:processResources
> Task :ory:classes
> Task :ory:resolveMainClassName
> Task :ory:bootJar
> Task :ory:bootWar
> Task :ory:compileTestJava
> Task :ory:processTestResources NO-SOURCE
> Task :ory:testClasses
> Task :ory:test
> Task :sqy:compileJava
> Task :sqy:processResources
> Task :sqy:classes
> Task :sqy:resolveMainClassName
> Task :sqy:bootJar
> Task :sqy:bootWar
> Task :sqy:compileTestJava
> Task :sqy:processTestResources NO-SOURCE
> Task :sqy:testClasses
> Task :sqy:test

BUILD SUCCESSFUL in 5m 15s
59 actionable tasks: 59 executed
Consider enabling configuration cache to speed up this build: https://docs.gradle.org/9.1.0/userguide/configuration_cache_enabling.html
