CPF_EVIDENCE_VERSION=1
EVIDENCE_ID=CPF-DOMAIN-GENERATOR-20260715-01
STATUS=완료
EXECUTED_AT=2026-07-15T13:55:55.8802946+09:00
START_COMMIT=0d206c683aab840dbab4639f2797dd7fd718cefd
BRANCH=master
COMMAND=scripts/smoke-create-domain.ps1
EXIT_CODE=0
JAVA_VERSION=openjdk 25.0.3 2026-04-21 LTS
GRADLE_VERSION=9.1.0
PROFILE=local
SANITIZED=Y
SECRET_SCAN=PASS
TESTS=0
FAILURES=0
ERRORS=0
SKIPPED=0
REASON=
REPRODUCE_COMMAND=
LOG_SHA256=5797af4d970296c4a7d9df99913b5a92af00174f7bbe42a59bcc23e2a8137ecf
--- SANITIZED_OUTPUT ---
{
    "startedAt":  "2026-07-15T13:38:09.1881147+09:00",
    "moduleCode":  "pym",
    "dryRun":  {
                   "status":  "완료",
                   "dryRun":  true,
                   "moduleCode":  "PYM",
                   "moduleName":  "Lending",
                   "domainIdCode":  "PYM",
                   "basePackage":  "cpf.pym",
                   "tablePrefix":  "pym",
                   "port":  8188,
                   "online":  true,
                   "batch":  true,
                   "bzaMenu":  true,
                   "outputDir":  "D:\\WORK_CPF\\202412_01_CPF\\build\\domain-generator\\pym",
                   "generatePatch":  false,
                   "applyMode":  false,
                   "conflicts":  [

                                 ],
                   "generatedFiles":  [

                                      ],
                   "patchFiles":  [

                                  ],
                   "patchCandidates":  [
                                           "settings.gradle include \u0027pym\u0027",
                                           "root build dependency registration if needed",
                                           "specs/sql/40_business_modules_schema.sql table candidate",
                                           "specs/sql/50_framework_seed_data.sql PFW registry seed candidate",
                                           "specs/sql/60_adm_seed_data.sql ADM menu/API/button seed candidate",
                                           "specs/sql/99_smoke_check.sql smoke candidate",
                                           "specs/sql/00_all_install.sql merge candidate",
                                           "specs/sql/00_all_install_and_smoke.sql merge candidate",
                                           "specs/sql/migration/flyway/Vxx__pym_domain.sql candidate",
                                           "application-pym.yml candidate",
                                           "src/main/resources/application-pym-local.yml candidate",
                                           "src/main/resources/application-pym-dev.yml candidate",
                                           "src/main/resources/application-pym-stg.yml candidate",
                                           "src/main/resources/application-pym-prod.yml candidate",
                                           "deploy/env/local-pym.env candidate",
                                           "deploy/env/dev-pym.env candidate",
                                           "deploy/env/stg-pym.env candidate",
                                           "deploy/env/prod-pym.env candidate",
                                           "deploy/inventory/local-services.json candidate",
                                           "deploy/inventory/dev-services.json candidate",
                                           "deploy/inventory/stg-services.json candidate",
                                           "deploy/inventory/prod-services.template.json candidate",
                                           "module smoke script candidate",
                                           "standard execution catalog manifest",
                                           "service registry manifest",
                                           "BZA menu registration candidate",
                                           "README.md and specs guide link candidate"
                                       ]
               },
    "generate":  {
                     "status":  "완료",
                     "dryRun":  false,
                     "moduleCode":  "PYM",
                     "moduleName":  "Lending",
                     "domainIdCode":  "PYM",
                     "basePackage":  "cpf.pym",
                     "tablePrefix":  "pym",
                     "port":  8188,
                     "online":  true,
                     "batch":  true,
                     "bzaMenu":  true,
                     "outputDir":  "D:\\WORK_CPF\\202412_01_CPF\\build\\domain-generator\\pym",
                     "generatePatch":  false,
                     "applyMode":  false,
                     "conflicts":  [

                                   ],
                     "generatedFiles":  [
                                            "build\\domain-generator\\pym\\build.gradle",
                                            "build\\domain-generator\\pym\\README.md",
                                            "build\\domain-generator\\pym\\manifest\\domain-manifest.json",
                                            "build\\domain-generator\\pym\\manifest\\standard-execution-catalog.json",
                                            "build\\domain-generator\\pym\\src\\main\\resources\\application.yml",
                                            "build\\domain-generator\\pym\\src\\main\\resources\\application-pym.yml",
                                            "build\\domain-generator\\pym\\src\\main\\resources\\mybatis\\mapper\\pym\\LendingMapper.xml",
                                            "build\\domain-generator\\pym\\src\\main\\java\\cpf\\pym\\LendingApplication.java",
                                            "build\\domain-generator\\pym\\src\\main\\java\\cpf\\pym\\facade\\LendingFacade.java",
                                            "build\\domain-generator\\pym\\src\\main\\java\\cpf\\pym\\port\\LendingQueryPort.java",
                                            "build\\domain-generator\\pym\\src\\main\\java\\cpf\\pym\\adapter\\local\\LocalLendingQueryAdapter.java",
                                            "build\\domain-generator\\pym\\src\\main\\java\\cpf\\pym\\adapter\\remote\\RemoteLendingQueryProxy.java",
                                            "build\\domain-generator\\pym\\src\\main\\java\\cpf\\pym\\service\\LendingService.java",
                                            "build\\domain-generator\\pym\\src\\main\\java\\cpf\\pym\\repository\\LendingRepository.java",
                                            "build\\domain-generator\\pym\\src\\main\\java\\cpf\\pym\\dto\\LendingSearchRequest.java",
                                            "build\\domain-generator\\pym\\src\\main\\java\\cpf\\pym\\validation\\LendingSearchValidator.java",
                                            "build\\domain-generator\\pym\\src\\test\\java\\cpf\\pym\\service\\LendingServiceTest.java",
                                            "build\\domain-generator\\pym\\smoke\\smoke-pym.ps1",
                                            "build\\domain-generator\\pym\\sql\\Vxx__pym_domain.sql",
                                            "build\\domain-generator\\pym\\src\\main\\java\\cpf\\pym\\controller\\LendingController.java",
                                            "build\\domain-generator\\pym\\src\\main\\java\\cpf\\pym\\batch\\LendingBatchConfig.java",
                                            "build\\domain-generator\\pym\\src\\main\\resources\\application-pym-local.yml",
                                            "build\\domain-generator\\pym\\src\\main\\resources\\application-pym-dev.yml",
                                            "build\\domain-generator\\pym\\src\\main\\resources\\application-pym-stg.yml",
                                            "build\\domain-generator\\pym\\src\\main\\resources\\application-pym-prod.yml",
                                            "build\\domain-generator\\pym\\deploy\\env\\local-pym.env",
                                            "build\\domain-generator\\pym\\deploy\\env\\dev-pym.env",
                                            "build\\domain-generator\\pym\\deploy\\env\\stg-pym.env",
                                            "build\\domain-generator\\pym\\deploy\\env\\prod-pym.env",
                                            "build\\domain-generator\\pym\\deploy\\inventory\\local-services.json.pym.candidate.json",
                                            "build\\domain-generator\\pym\\deploy\\inventory\\dev-services.json.pym.candidate.json",
                                            "build\\domain-generator\\pym\\deploy\\inventory\\stg-services.json.pym.candidate.json",
                                            "build\\domain-generator\\pym\\deploy\\inventory\\prod-services.template.json.pym.candidate.json"
                                        ],
                     "patchFiles":  [

                                    ],
                     "patchCandidates":  [
                                             "settings.gradle include \u0027pym\u0027",
                                             "root build dependency registration if needed",
                                             "specs/sql/40_business_modules_schema.sql table candidate",
                                             "specs/sql/50_framework_seed_data.sql PFW registry seed candidate",
                                             "specs/sql/60_adm_seed_data.sql ADM menu/API/button seed candidate",
                                             "specs/sql/99_smoke_check.sql smoke candidate",
                                             "specs/sql/00_all_install.sql merge candidate",
                                             "specs/sql/00_all_install_and_smoke.sql merge candidate",
                                             "specs/sql/migration/flyway/Vxx__pym_domain.sql candidate",
                                             "application-pym.yml candidate",
                                             "src/main/resources/application-pym-local.yml candidate",
                                             "src/main/resources/application-pym-dev.yml candidate",
                                             "src/main/resources/application-pym-stg.yml candidate",
                                             "src/main/resources/application-pym-prod.yml candidate",
                                             "deploy/env/local-pym.env candidate",
                                             "deploy/env/dev-pym.env candidate",
                                             "deploy/env/stg-pym.env candidate",
                                             "deploy/env/prod-pym.env candidate",
                                             "deploy/inventory/local-services.json candidate",
                                             "deploy/inventory/dev-services.json candidate",
                                             "deploy/inventory/stg-services.json candidate",
                                             "deploy/inventory/prod-services.template.json candidate",
                                             "module smoke script candidate",
                                             "standard execution catalog manifest",
                                             "service registry manifest",
                                             "BZA menu registration candidate",
                                             "README.md and specs guide link candidate"
                                         ]
                 },
    "generatePatch":  {
                          "status":  "완료",
                          "dryRun":  false,
                          "moduleCode":  "PYM",
                          "moduleName":  "Lending",
                          "domainIdCode":  "PYM",
                          "basePackage":  "cpf.pym",
                          "tablePrefix":  "pym",
                          "port":  8188,
                          "online":  true,
                          "batch":  true,
                          "bzaMenu":  true,
                          "outputDir":  "D:\\WORK_CPF\\202412_01_CPF\\build\\domain-generator\\pym",
                          "generatePatch":  true,
                          "applyMode":  false,
                          "conflicts":  [

                                        ],
                          "generatedFiles":  [
                                                 "build\\domain-generator\\pym\\build.gradle",
                                                 "build\\domain-generator\\pym\\README.md",
                                                 "build\\domain-generator\\pym\\manifest\\domain-manifest.json",
                                                 "build\\domain-generator\\pym\\manifest\\standard-execution-catalog.json",
                                                 "build\\domain-generator\\pym\\src\\main\\resources\\application.yml",
                                                 "build\\domain-generator\\pym\\src\\main\\resources\\application-pym.yml",
                                                 "build\\domain-generator\\pym\\src\\main\\resources\\mybatis\\mapper\\pym\\LendingMapper.xml",
                                                 "build\\domain-generator\\pym\\src\\main\\java\\cpf\\pym\\LendingApplication.java",
                                                 "build\\domain-generator\\pym\\src\\main\\java\\cpf\\pym\\facade\\LendingFacade.java",
                                                 "build\\domain-generator\\pym\\src\\main\\java\\cpf\\pym\\port\\LendingQueryPort.java",
                                                 "build\\domain-generator\\pym\\src\\main\\java\\cpf\\pym\\adapter\\local\\LocalLendingQueryAdapter.java",
                                                 "build\\domain-generator\\pym\\src\\main\\java\\cpf\\pym\\adapter\\remote\\RemoteLendingQueryProxy.java",
                                                 "build\\domain-generator\\pym\\src\\main\\java\\cpf\\pym\\service\\LendingService.java",
                                                 "build\\domain-generator\\pym\\src\\main\\java\\cpf\\pym\\repository\\LendingRepository.java",
                                                 "build\\domain-generator\\pym\\src\\main\\java\\cpf\\pym\\dto\\LendingSearchRequest.java",
                                                 "build\\domain-generator\\pym\\src\\main\\java\\cpf\\pym\\validation\\LendingSearchValidator.java",
                                                 "build\\domain-generator\\pym\\src\\test\\java\\cpf\\pym\\service\\LendingServiceTest.java",
                                                 "build\\domain-generator\\pym\\smoke\\smoke-pym.ps1",
                                                 "build\\domain-generator\\pym\\sql\\Vxx__pym_domain.sql",
                                                 "build\\domain-generator\\pym\\src\\main\\java\\cpf\\pym\\controller\\LendingController.java",
                                                 "build\\domain-generator\\pym\\src\\main\\java\\cpf\\pym\\batch\\LendingBatchConfig.java",
                                                 "build\\domain-generator\\pym\\src\\main\\resources\\application-pym-local.yml",
                                                 "build\\domain-generator\\pym\\src\\main\\resources\\application-pym-dev.yml",
                                                 "build\\domain-generator\\pym\\src\\main\\resources\\application-pym-stg.yml",
                                                 "build\\domain-generator\\pym\\src\\main\\resources\\application-pym-prod.yml",
                                                 "build\\domain-generator\\pym\\deploy\\env\\local-pym.env",
                                                 "build\\domain-generator\\pym\\deploy\\env\\dev-pym.env",
                                                 "build\\domain-generator\\pym\\deploy\\env\\stg-pym.env",
                                                 "build\\domain-generator\\pym\\deploy\\env\\prod-pym.env",
                                                 "build\\domain-generator\\pym\\deploy\\inventory\\local-services.json.pym.candidate.json",
                                                 "build\\domain-generator\\pym\\deploy\\inventory\\dev-services.json.pym.candidate.json",
                                                 "build\\domain-generator\\pym\\deploy\\inventory\\stg-services.json.pym.candidate.json",
                                                 "build\\domain-generator\\pym\\deploy\\inventory\\prod-services.template.json.pym.candidate.json"
                                             ],
                          "patchFiles":  [
                                             "build\\domain-generator\\pym\\patch-candidates\\apply-order.md",
                                             "build\\domain-generator\\pym\\patch-candidates\\settings.gradle.patch",
                                             "build\\domain-generator\\pym\\patch-candidates\\sql\\40_business_modules_schema.pym.candidate.sql",
                                             "build\\domain-generator\\pym\\patch-candidates\\sql\\50_framework_seed.pym.candidate.sql",
                                             "build\\domain-generator\\pym\\patch-candidates\\sql\\60_adm_seed.pym.candidate.sql",
                                             "build\\domain-generator\\pym\\patch-candidates\\sql\\99_smoke_check.pym.candidate.sql",
                                             "build\\domain-generator\\pym\\patch-candidates\\sql\\migration\\Vxx__pym_domain.sql",
                                             "build\\domain-generator\\pym\\patch-candidates\\README.pym.candidate.md",
                                             "build\\domain-generator\\pym\\patch-candidates\\smoke-pym.ps1",
                                             "build\\domain-generator\\pym\\patch-candidates\\sql\\70_bza_menu_seed.pym.candidate.sql",
                                             "build\\domain-generator\\pym\\patch-candidates\\src\\main\\resources\\application-pym-local.yml",
                                             "build\\domain-generator\\pym\\patch-candidates\\src\\main\\resources\\application-pym-dev.yml",
                                             "build\\domain-generator\\pym\\patch-candidates\\src\\main\\resources\\application-pym-stg.yml",
                                             "build\\domain-generator\\pym\\patch-candidates\\src\\main\\resources\\application-pym-prod.yml",
                                             "build\\domain-generator\\pym\\patch-candidates\\deploy\\env\\local-pym.env",
                                             "build\\domain-generator\\pym\\patch-candidates\\deploy\\env\\dev-pym.env",
                                             "build\\domain-generator\\pym\\patch-candidates\\deploy\\env\\stg-pym.env",
                                             "build\\domain-generator\\pym\\patch-candidates\\deploy\\env\\prod-pym.env",
                                             "build\\domain-generator\\pym\\patch-candidates\\deploy\\inventory\\local-services.json.pym.candidate.json",
                                             "build\\domain-generator\\pym\\patch-candidates\\deploy\\inventory\\dev-services.json.pym.candidate.json",
                                             "build\\domain-generator\\pym\\patch-candidates\\deploy\\inventory\\stg-services.json.pym.candidate.json",
                                             "build\\domain-generator\\pym\\patch-candidates\\deploy\\inventory\\prod-services.template.json.pym.candidate.json"
                                         ],
                          "patchCandidates":  [
                                                  "settings.gradle include \u0027pym\u0027",
                                                  "root build dependency registration if needed",
                                                  "specs/sql/40_business_modules_schema.sql table candidate",
                                                  "specs/sql/50_framework_seed_data.sql PFW registry seed candidate",
                                                  "specs/sql/60_adm_seed_data.sql ADM menu/API/button seed candidate",
                                                  "specs/sql/99_smoke_check.sql smoke candidate",
                                                  "specs/sql/00_all_install.sql merge candidate",
                                                  "specs/sql/00_all_install_and_smoke.sql merge candidate",
                                                  "specs/sql/migration/flyway/Vxx__pym_domain.sql candidate",
                                                  "application-pym.yml candidate",
                                                  "src/main/resources/application-pym-local.yml candidate",
                                                  "src/main/resources/application-pym-dev.yml candidate",
                                                  "src/main/resources/application-pym-stg.yml candidate",
                                                  "src/main/resources/application-pym-prod.yml candidate",
                                                  "deploy/env/local-pym.env candidate",
                                                  "deploy/env/dev-pym.env candidate",
                                                  "deploy/env/stg-pym.env candidate",
                                                  "deploy/env/prod-pym.env candidate",
                                                  "deploy/inventory/local-services.json candidate",
                                                  "deploy/inventory/dev-services.json candidate",
                                                  "deploy/inventory/stg-services.json candidate",
                                                  "deploy/inventory/prod-services.template.json candidate",
                                                  "module smoke script candidate",
                                                  "standard execution catalog manifest",
                                                  "service registry manifest",
                                                  "BZA menu registration candidate",
                                                  "README.md and specs guide link candidate"
                                              ]
                      },
    "requiredFiles":  [
                          {
                              "path":  "build\\domain-generator\\pym\\build.gradle",
                              "exists":  true
                          },
                          {
                              "path":  "build\\domain-generator\\pym\\README.md",
                              "exists":  true
                          },
                          {
                              "path":  "build\\domain-generator\\pym\\manifest\\domain-manifest.json",
                              "exists":  true
                          },
                          {
                              "path":  "build\\domain-generator\\pym\\manifest\\standard-execution-catalog.json",
                              "exists":  true
                          },
                          {
                              "path":  "build\\domain-generator\\pym\\src\\main\\resources\\application.yml",
                              "exists":  true
                          },
                          {
                              "path":  "build\\domain-generator\\pym\\src\\main\\resources\\application-pym.yml",
                              "exists":  true
                          },
                          {
                              "path":  "build\\domain-generator\\pym\\src\\main\\java\\cpf\\pym\\LendingApplication.java",
                              "exists":  true
                          },
                          {
                              "path":  "build\\domain-generator\\pym\\src\\main\\java\\cpf\\pym\\controller\\LendingController.java",
                              "exists":  true
                          },
                          {
                              "path":  "build\\domain-generator\\pym\\src\\main\\java\\cpf\\pym\\facade\\LendingFacade.java",
                              "exists":  true
                          },
                          {
                              "path":  "build\\domain-generator\\pym\\src\\main\\java\\cpf\\pym\\port\\LendingQueryPort.java",
                              "exists":  true
                          },
                          {
                              "path":  "build\\domain-generator\\pym\\src\\main\\java\\cpf\\pym\\adapter\\local\\LocalLendingQueryAdapter.java",
                              "exists":  true
                          },
                          {
                              "path":  "build\\domain-generator\\pym\\src\\main\\java\\cpf\\pym\\adapter\\remote\\RemoteLendingQueryProxy.java",
                              "exists":  true
                          },
                          {
                              "path":  "build\\domain-generator\\pym\\src\\main\\java\\cpf\\pym\\batch\\LendingBatchConfig.java",
                              "exists":  true
                          },
                          {
                              "path":  "build\\domain-generator\\pym\\src\\main\\java\\cpf\\pym\\service\\LendingService.java",
                              "exists":  true
                          },
                          {
                              "path":  "build\\domain-generator\\pym\\src\\main\\java\\cpf\\pym\\repository\\LendingRepository.java",
                              "exists":  true
                          },
                          {
                              "path":  "build\\domain-generator\\pym\\src\\main\\java\\cpf\\pym\\dto\\LendingSearchRequest.java",
                              "exists":  true
                          },
                          {
                              "path":  "build\\domain-generator\\pym\\src\\main\\java\\cpf\\pym\\validation\\LendingSearchValidator.java",
                              "exists":  true
                          },
                          {
                              "path":  "build\\domain-generator\\pym\\src\\test\\java\\cpf\\pym\\service\\LendingServiceTest.java",
                              "exists":  true
                          },
                          {
                              "path":  "build\\domain-generator\\pym\\src\\main\\resources\\mybatis\\mapper\\pym\\LendingMapper.xml",
                              "exists":  true
                          },
                          {
                              "path":  "build\\domain-generator\\pym\\smoke\\smoke-pym.ps1",
                              "exists":  true
                          },
                          {
                              "path":  "build\\domain-generator\\pym\\sql\\Vxx__pym_domain.sql",
                              "exists":  true
                          }
                      ],
    "requiredPatchFiles":  [
                               {
                                   "path":  "build\\domain-generator\\pym\\patch-candidates\\apply-order.md",
                                   "exists":  true
                               },
                               {
                                   "path":  "build\\domain-generator\\pym\\patch-candidates\\settings.gradle.patch",
                                   "exists":  true
                               },
                               {
                                   "path":  "build\\domain-generator\\pym\\patch-candidates\\sql\\40_business_modules_schema.pym.candidate.sql",
                                   "exists":  true
                               },
                               {
                                   "path":  "build\\domain-generator\\pym\\patch-candidates\\sql\\50_framework_seed.pym.candidate.sql",
                                   "exists":  true
                               },
                               {
                                   "path":  "build\\domain-generator\\pym\\patch-candidates\\sql\\60_adm_seed.pym.candidate.sql",
                                   "exists":  true
                               },
                               {
                                   "path":  "build\\domain-generator\\pym\\patch-candidates\\sql\\70_bza_menu_seed.pym.candidate.sql",
                                   "exists":  true
                               },
                               {
                                   "path":  "build\\domain-generator\\pym\\patch-candidates\\sql\\99_smoke_check.pym.candidate.sql",
                                   "exists":  true
                               },
                               {
                                   "path":  "build\\domain-generator\\pym\\patch-candidates\\sql\\migration\\Vxx__pym_domain.sql",
                                   "exists":  true
                               },
                               {
                                   "path":  "build\\domain-generator\\pym\\patch-candidates\\smoke-pym.ps1",
                                   "exists":  true
                               }
                           ],
    "compile":  {
                    "status":  "완료",
                    "exitCode":  0,
                    "logPath":  "1\\create-domain-compile.log",
                    "testTask":  ":pym:test",
                    "bootJarTask":  ":pym:bootJar",
                    "classMajor":  69,
                    "bootJar":  "build\\domain-generator\\pym\\build\\libs\\pym-0.0.1-SNAPSHOT.jar",
                    "javaExecutable":  "JAVA_HOME/bin/java"
                },
    "cleanup":  {
                    "previewRemoved":  true,
                    "verificationRemoved":  true
                },
    "status":  "완료",
    "finishedAt":  "2026-07-15T13:40:04.9728717+09:00"
}
