CPF_EVIDENCE_VERSION=1
EVIDENCE_ID=CPF-OPENAPI-RUNTIME-20260715-01
STATUS=완료
EXECUTED_AT=2026-07-15T16:08:46.6958602+09:00
START_COMMIT=0d206c683aab840dbab4639f2797dd7fd718cefd
BRANCH=master
COMMAND=powershell -File scripts/smoke-openapi.ps1 -SkipBat -RequireRuntime
EXIT_CODE=0
JAVA_VERSION=openjdk 25.0.3 2026-04-21 LTS
GRADLE_VERSION=9.1.0
PROFILE=local
SANITIZED=Y
SECRET_SCAN=PASS
TESTS=0
FAILURES=0
ERRORS=0
SKIPPED=0
REASON=
REPRODUCE_COMMAND=
LOG_SHA256=7852aeff7512040d7ab9d61e945274abdd56484a175e9c43d95a81f2cbe51ae6
--- SANITIZED_OUTPUT ---
{
    "startedAt":  "2026-07-15T16:08:44.9920816+09:00",
    "status":  "PASSED",
    "requireRuntime":  true,
    "services":  [
                     {
                         "service":  "ADM",
                         "baseUrl":  "http://localhost:8090",
                         "status":  "PASSED",
                         "requiredTags":  [
                                              "ADM-Health",
                                              "ADM-Batch",
                                              "ADM-CenterCut",
                                              "ADM-Notification",
                                              "ADM-Download",
                                              "ADM-Logs",
                                              "ADM-TransactionGroup",
                                              "ADM-OPR Dynamic Log",
                                              "ADM-OPR Standard Execution",
                                              "ADM-OPR Remote Log"
                                          ],
                         "requiredPaths":  [
                                               "/adm/api/transaction-groups",
                                               "/adm/api/transaction-groups/{transactionGlobalId}",
                                               "/adm/api/transaction-groups/{transactionGlobalId}/segments",
                                               "/adm/api/transaction-groups/{transactionGlobalId}/timeline",
                                               "/adm/api/transaction-groups/{transactionGlobalId}/headers",
                                               "/adm/api/transaction-groups/{transactionGlobalId}/external-logs",
                                               "/adm/api/remote-logs/bundles",
                                               "/adm/api/remote-logs/bundle-jobs",
                                               "/adm/api/remote-logs/bundle-jobs/{jobId}",
                                               "/adm/api/remote-logs/bundle-jobs/{jobId}/download-tokens",
                                               "/adm/api/remote-logs/bundle-jobs/{jobId}/download",
                                               "/adm/api/remote-logs/diagnostics"
                                           ],
                         "missingTags":  [

                                         ],
                         "missingPaths":  [

                                          ],
                         "openapi":  "3.1.0",
                         "pathCount":  154,
                         "tagCount":  27
                     },
                     {
                         "service":  "MBR",
                         "baseUrl":  "http://localhost:8081",
                         "status":  "PASSED",
                         "requiredTags":  [
                                              "MBR-Auth",
                                              "MBR-BSE Member"
                                          ],
                         "requiredPaths":  [

                                           ],
                         "missingTags":  [

                                         ],
                         "missingPaths":  [

                                          ],
                         "openapi":  "3.1.0",
                         "pathCount":  11,
                         "tagCount":  2
                     },
                     {
                         "service":  "XYZ",
                         "baseUrl":  "http://localhost:8099",
                         "status":  "PASSED",
                         "requiredTags":  [
                                              "XYZ-EDU 00. Catalog",
                                              "XYZ-EDU 11. Security",
                                              "XYZ-EDU 13. Batch",
                                              "XYZ-EDU 16. AI",
                                              "XYZ-EDU 17. 첨부파일"
                                          ],
                         "requiredPaths":  [
                                               "/xyz/edu/ai/structured",
                                               "/xyz/edu/ai/rag",
                                               "/xyz/edu/ai/jobs/{jobId}/approve",
                                               "/xyz/edu/attachments/text",
                                               "/xyz/edu/attachments/verify"
                                           ],
                         "missingTags":  [

                                         ],
                         "missingPaths":  [

                                          ],
                         "openapi":  "3.1.0",
                         "pathCount":  70,
                         "tagCount":  20
                     },
                     {
                         "service":  "BZA",
                         "baseUrl":  "http://localhost:8091",
                         "status":  "PASSED",
                         "requiredTags":  [
                                              "BZA-Auth",
                                              "BZA-Operations",
                                              "BZA-Backoffice",
                                              "BZA-Support"
                                          ],
                         "requiredPaths":  [
                                               "/api/bza/auth/login",
                                               "/api/bza/backoffice/organizations",
                                               "/api/bza/backoffice/employees",
                                               "/api/bza/backoffice/approvals",
                                               "/api/bza/admin-users",
                                               "/api/bza/roles",
                                               "/api/bza/menus",
                                               "/api/bza/permissions",
                                               "/api/bza/notifications",
                                               "/api/bza/attachments",
                                               "/api/bza/saved-searches",
                                               "/api/bza/permissions/simulate"
                                           ],
                         "missingTags":  [

                                         ],
                         "missingPaths":  [

                                          ],
                         "openapi":  "3.1.0",
                         "pathCount":  35,
                         "tagCount":  4
                     }
                 ],
    "finishedAt":  "2026-07-15T16:08:45.8059816+09:00"
}
