CPF_EVIDENCE_VERSION=1
EVIDENCE_ID=CPF-RUNTIME-STOP-20260715-01
STATUS=완료
EXECUTED_AT=2026-07-15T16:09:07.9382215+09:00
START_COMMIT=0d206c683aab840dbab4639f2797dd7fd718cefd
BRANCH=master
COMMAND=powershell -File scripts/runtime-stop-services.ps1
EXIT_CODE=0
JAVA_VERSION=openjdk 25.0.3 2026-04-21 LTS
GRADLE_VERSION=9.1.0
PROFILE=local
SANITIZED=Y
SECRET_SCAN=PASS
TESTS=0
FAILURES=0
ERRORS=0
SKIPPED=0
REASON=
REPRODUCE_COMMAND=
LOG_SHA256=72bdcd628e9e350f2d12b17f9b0d15540dbf89f4a47d09b6b1606b722a80a6ce
--- SANITIZED_OUTPUT ---
{
    "startedAt":  "2026-07-15T16:09:04.8004370+09:00",
    "status":  "완료",
    "modules":  [
                    {
                        "module":  "MBR",
                        "pid":  25044,
                        "status":  "완료"
                    },
                    {
                        "module":  "ADM",
                        "pid":  28252,
                        "status":  "완료"
                    },
                    {
                        "module":  "BZA",
                        "pid":  25484,
                        "status":  "완료"
                    },
                    {
                        "module":  "XYZ",
                        "pid":  19224,
                        "status":  "완료"
                    }
                ],
    "rule":  "stop only PIDs recorded by this harness; do not kill arbitrary port owners",
    "finishedAt":  "2026-07-15T16:09:06.9285950+09:00"
}
