CPF_EVIDENCE_VERSION=1
EVIDENCE_ID=CPF-RUNTIME-START-20260715-01
STATUS=완료
EXECUTED_AT=2026-07-15T14:53:31.4654703+09:00
START_COMMIT=0d206c683aab840dbab4639f2797dd7fd718cefd
BRANCH=master
COMMAND=powershell -File scripts/runtime-start-services.ps1 -Modules MBR,ADM,BZA,XYZ -ResultDir specs/evidence/20260715_01
EXIT_CODE=0
JAVA_VERSION=openjdk 25.0.3 2026-04-21 LTS
GRADLE_VERSION=9.1.0
PROFILE=local
SANITIZED=Y
SECRET_SCAN=PASS
TESTS=0
FAILURES=0
ERRORS=0
SKIPPED=0
REASON=
REPRODUCE_COMMAND=
LOG_SHA256=a7a5916420ba8b6aec300318e1086c0f420eecf3ccc3450e2cf3c510ccb20c6e
--- SANITIZED_OUTPUT ---
{
    "startedAt":  "2026-07-15T14:47:43.3206342+09:00",
    "status":  "완료",
    "modules":  [
                    {
                        "module":  "MBR",
                        "port":  8081,
                        "status":  "완료",
                        "alreadyListening":  false,
                        "startedByHarness":  true,
                        "bootJarBuildRequired":  false,
                        "bootJarBuildStatus":  "SKIPPED",
                        "jarFallbackUsed":  false,
                        "processStarted":  true,
                        "portOpened":  true,
                        "processStillAliveAfterProbe":  true,
                        "health":  {
                                       "uri":  "http://127.0.0.1:8081/v3/api-docs",
                                       "statusCode":  200,
                                       "success":  true
                                   },
                        "healthCheckPassed":  true,
                        "finalRuntimeUsable":  true,
                        "failureClassification":  null,
                        "failureRootCause":  "",
                        "bootJarBuild":  {
                                             "required":  false,
                                             "status":  "SKIPPED",
                                             "reason":  "use existing bootJar",
                                             "jar":  "mbr\\build\\libs\\mbr-1.0.0.jar"
                                         },
                        "pid":  11856,
                        "jar":  "mbr\\build\\libs\\mbr-1.0.0.jar",
                        "stdout":  "specs\\evidence\\20260715_01\\runtime-mbr.out.log",
                        "stderr":  "specs\\evidence\\20260715_01\\runtime-mbr.err.log"
                    },
                    {
                        "module":  "ADM",
                        "port":  8090,
                        "status":  "완료",
                        "alreadyListening":  false,
                        "startedByHarness":  true,
                        "bootJarBuildRequired":  false,
                        "bootJarBuildStatus":  "SKIPPED",
                        "jarFallbackUsed":  false,
                        "processStarted":  true,
                        "portOpened":  true,
                        "processStillAliveAfterProbe":  true,
                        "health":  {
                                       "uri":  "http://127.0.0.1:8090/v3/api-docs",
                                       "statusCode":  200,
                                       "success":  true
                                   },
                        "healthCheckPassed":  true,
                        "finalRuntimeUsable":  true,
                        "failureClassification":  null,
                        "failureRootCause":  "",
                        "bootJarBuild":  {
                                             "required":  false,
                                             "status":  "SKIPPED",
                                             "reason":  "use existing bootJar",
                                             "jar":  "adm\\build\\libs\\adm-0.0.1-cpf.adm-SNAPSHOT.jar"
                                         },
                        "pid":  22908,
                        "jar":  "adm\\build\\libs\\adm-0.0.1-cpf.adm-SNAPSHOT.jar",
                        "stdout":  "specs\\evidence\\20260715_01\\runtime-adm.out.log",
                        "stderr":  "specs\\evidence\\20260715_01\\runtime-adm.err.log"
                    },
                    {
                        "module":  "BZA",
                        "port":  8091,
                        "status":  "완료",
                        "alreadyListening":  false,
                        "startedByHarness":  true,
                        "bootJarBuildRequired":  false,
                        "bootJarBuildStatus":  "SKIPPED",
                        "jarFallbackUsed":  false,
                        "processStarted":  true,
                        "portOpened":  true,
                        "processStillAliveAfterProbe":  true,
                        "health":  {
                                       "uri":  "http://127.0.0.1:8091/v3/api-docs",
                                       "statusCode":  200,
                                       "success":  true
                                   },
                        "healthCheckPassed":  true,
                        "finalRuntimeUsable":  true,
                        "failureClassification":  null,
                        "failureRootCause":  "",
                        "bootJarBuild":  {
                                             "required":  false,
                                             "status":  "SKIPPED",
                                             "reason":  "use existing bootJar",
                                             "jar":  "bza\\build\\libs\\bza-0.0.1-cpf.bza-SNAPSHOT.jar"
                                         },
                        "pid":  18612,
                        "jar":  "bza\\build\\libs\\bza-0.0.1-cpf.bza-SNAPSHOT.jar",
                        "stdout":  "specs\\evidence\\20260715_01\\runtime-bza.out.log",
                        "stderr":  "specs\\evidence\\20260715_01\\runtime-bza.err.log"
                    },
                    {
                        "module":  "XYZ",
                        "port":  8099,
                        "status":  "완료",
                        "alreadyListening":  false,
                        "startedByHarness":  true,
                        "bootJarBuildRequired":  false,
                        "bootJarBuildStatus":  "SKIPPED",
                        "jarFallbackUsed":  false,
                        "processStarted":  true,
                        "portOpened":  true,
                        "processStillAliveAfterProbe":  true,
                        "health":  {
                                       "uri":  "http://127.0.0.1:8099/v3/api-docs",
                                       "statusCode":  200,
                                       "success":  true
                                   },
                        "healthCheckPassed":  true,
                        "finalRuntimeUsable":  true,
                        "failureClassification":  null,
                        "failureRootCause":  "",
                        "bootJarBuild":  {
                                             "required":  false,
                                             "status":  "SKIPPED",
                                             "reason":  "use existing bootJar",
                                             "jar":  "xyz\\build\\libs\\xyz-0.0.1-cpf.xyz-SNAPSHOT.jar"
                                         },
                        "pid":  24300,
                        "jar":  "xyz\\build\\libs\\xyz-0.0.1-cpf.xyz-SNAPSHOT.jar",
                        "stdout":  "specs\\evidence\\20260715_01\\runtime-xyz.out.log",
                        "stderr":  "specs\\evidence\\20260715_01\\runtime-xyz.err.log"
                    }
                ],
    "stateFile":  "specs\\evidence\\20260715_01\\runtime-services.json",
    "finishedAt":  "2026-07-15T14:49:02.1572733+09:00"
}
