2026-07-01 17:40:16.423 [DEBUG] [Test worker] [o.s.w.s.m.m.a.RequestMappingHandlerMapping] [TranId: 20260611141234567MBRmbrAP010000001] [BizTranId: ] [TraceId: TRACE-TEST-001] [SpanId: SPN-35df49d9-a79d-4eae-bdc8-0ced7cc43cf0] [DynLevel: ] - Mapped to cpf.mbr.bse.controller.MbrController#getDetail(Integer)
2026-07-01 17:40:16.517 [DEBUG] [Test worker] [o.s.jdbc.core.JdbcTemplate] [TranId: 20260611141234567MBRmbrAP010000001] [BizTranId: ] [TraceId: TRACE-TEST-001] [SpanId: SPN-35df49d9-a79d-4eae-bdc8-0ced7cc43cf0] [DynLevel: ] - Executing prepared SQL query
2026-07-01 17:40:16.518 [DEBUG] [Test worker] [o.s.jdbc.core.JdbcTemplate] [TranId: 20260611141234567MBRmbrAP010000001] [BizTranId: ] [TraceId: TRACE-TEST-001] [SpanId: SPN-35df49d9-a79d-4eae-bdc8-0ced7cc43cf0] [DynLevel: ] - Executing prepared SQL statement [SELECT COUNT(*)
FROM information_schema.tables
WHERE table_schema = DATABASE()
  AND table_name = ?
]
2026-07-01 17:40:16.537 [INFO ] [Test worker] [com.zaxxer.hikari.HikariDataSource] [TranId: 20260611141234567MBRmbrAP010000001] [BizTranId: ] [TraceId: TRACE-TEST-001] [SpanId: SPN-35df49d9-a79d-4eae-bdc8-0ced7cc43cf0] [DynLevel: ] - HikariPool-1 - Starting...
2026-07-01 17:40:16.768 [INFO ] [Test worker] [com.zaxxer.hikari.pool.HikariPool] [TranId: 20260611141234567MBRmbrAP010000001] [BizTranId: ] [TraceId: TRACE-TEST-001] [SpanId: SPN-35df49d9-a79d-4eae-bdc8-0ced7cc43cf0] [DynLevel: ] - HikariPool-1 - Added connection org.mariadb.jdbc.Connection@53ef0db3
2026-07-01 17:40:16.772 [INFO ] [Test worker] [com.zaxxer.hikari.HikariDataSource] [TranId: 20260611141234567MBRmbrAP010000001] [BizTranId: ] [TraceId: TRACE-TEST-001] [SpanId: SPN-35df49d9-a79d-4eae-bdc8-0ced7cc43cf0] [DynLevel: ] - HikariPool-1 - Start completed.
2026-07-01 17:40:16.815 [DEBUG] [Test worker] [o.s.jdbc.core.JdbcTemplate] [TranId: 20260611141234567MBRmbrAP010000001] [BizTranId: ] [TraceId: TRACE-TEST-001] [SpanId: SPN-35df49d9-a79d-4eae-bdc8-0ced7cc43cf0] [DynLevel: ] - Executing prepared SQL query
2026-07-01 17:40:16.816 [DEBUG] [Test worker] [o.s.jdbc.core.JdbcTemplate] [TranId: 20260611141234567MBRmbrAP010000001] [BizTranId: ] [TraceId: TRACE-TEST-001] [SpanId: SPN-35df49d9-a79d-4eae-bdc8-0ced7cc43cf0] [DynLevel: ] - Executing prepared SQL statement [SELECT policy_id, NULL AS override_id, target_type, target_id, log_level,
       db_log_enabled_yn, file_log_enabled_yn, request_body_log_yn,
       response_body_log_yn, error_stack_log_yn, masking_policy_key
FROM pfw_log_policy
WHERE active_yn = 'Y'
  AND target_type IN (?,?)
  AND target_id IN (?, '*')
ORDER BY CASE WHEN target_id = ? THEN 0 ELSE 1 END, priority ASC, policy_id ASC
LIMIT 1
]
2026-07-01 17:40:16.820 [DEBUG] [Test worker] [o.s.jdbc.core.JdbcTemplate] [TranId: 20260611141234567MBRmbrAP010000001] [BizTranId: ] [TraceId: TRACE-TEST-001] [SpanId: SPN-35df49d9-a79d-4eae-bdc8-0ced7cc43cf0] [DynLevel: ] - Executing prepared SQL query
2026-07-01 17:40:16.821 [DEBUG] [Test worker] [o.s.jdbc.core.JdbcTemplate] [TranId: 20260611141234567MBRmbrAP010000001] [BizTranId: ] [TraceId: TRACE-TEST-001] [SpanId: SPN-35df49d9-a79d-4eae-bdc8-0ced7cc43cf0] [DynLevel: ] - Executing prepared SQL statement [SELECT COUNT(*)
FROM information_schema.tables
WHERE table_schema = DATABASE()
  AND table_name = ?
]
2026-07-01 17:40:16.822 [DEBUG] [Test worker] [o.s.jdbc.core.JdbcTemplate] [TranId: 20260611141234567MBRmbrAP010000001] [BizTranId: ] [TraceId: TRACE-TEST-001] [SpanId: SPN-35df49d9-a79d-4eae-bdc8-0ced7cc43cf0] [DynLevel: ] - Executing prepared SQL query
2026-07-01 17:40:16.822 [DEBUG] [Test worker] [o.s.jdbc.core.JdbcTemplate] [TranId: 20260611141234567MBRmbrAP010000001] [BizTranId: ] [TraceId: TRACE-TEST-001] [SpanId: SPN-35df49d9-a79d-4eae-bdc8-0ced7cc43cf0] [DynLevel: ] - Executing prepared SQL statement [SELECT override_id, policy_id, target_type, target_id, log_level,
       db_log_enabled_yn, file_log_enabled_yn, request_body_log_yn,
       response_body_log_yn, error_stack_log_yn, masking_policy_key
FROM pfw_log_policy_override
WHERE active_yn = 'Y'
  AND target_type IN (?,?)
  AND target_id IN (?, '*')
  AND effective_start_at <= ?
  AND effective_end_at >= ?
ORDER BY CASE WHEN target_id = ? THEN 0 ELSE 1 END, override_id DESC
LIMIT 1
]
2026-07-01 17:40:16.829 [INFO ] [Test worker] [c.pfw.common.logging.LoggingAspect] [TranId: 20260611141234567MBRmbrAP010000001] [BizTranId: MBR01BSE0002] [TraceId: TRACE-TEST-001] [SpanId: SPN-35df49d9-a79d-4eae-bdc8-0ced7cc43cf0] [DynLevel: ] - Transaction started. transactionId=20260611141234567MBRmbrAP010000001, businessTransactionId=MBR01BSE0002, businessTransactionName=MBRMemberDetail, traceId=TRACE-TEST-001, spanId=SPN-35df49d9-a79d-4eae-bdc8-0ced7cc43cf0, moduleId=MBR, sequenceNo=1, workflowInstanceId=None, workflowStepId=None, method=GET, uri=/mbr/detail, controller=MbrController.getDetail(..), executionClass=cpf.mbr.bse.controller.MbrController, executionMethod=getDetail, clientIp=127.0.0.1, parameters=memberId=[0], requestBody=null
2026-07-01 17:40:17.000 [INFO ] [Test worker] [c.pfw.common.logging.LoggingAspect] [TranId: 20260611141234567MBRmbrAP010000001] [BizTranId: MBR01BSE0002] [TraceId: TRACE-TEST-001] [SpanId: SPN-35df49d9-a79d-4eae-bdc8-0ced7cc43cf0] [DynLevel: ] - Transaction failed. transactionId=20260611141234567MBRmbrAP010000001, traceId=TRACE-TEST-001, spanId=SPN-35df49d9-a79d-4eae-bdc8-0ced7cc43cf0, moduleId=MBR, sequenceNo=1, workflowStatus=NONE, compensationYn=N, durationMs=505, error=getDetail.memberId: memberId must be positive
jakarta.validation.ConstraintViolationException: getDetail.memberId: memberId must be positive
	at org.springframework.validation.beanvalidation.MethodValidationInterceptor.invoke(MethodValidationInterceptor.java:168)
	at org.springframework.aop.framework.ReflectiveMethodInvocation.proceed(ReflectiveMethodInvocation.java:184)
	at org.springframework.aop.aspectj.MethodInvocationProceedingJoinPoint.proceed(MethodInvocationProceedingJoinPoint.java:89)
	at cpf.pfw.common.logging.LoggingAspect.logTransaction(LoggingAspect.java:168)
	at java.base/jdk.internal.reflect.DirectMethodHandleAccessor.invoke(DirectMethodHandleAccessor.java:103)
	at java.base/java.lang.reflect.Method.invoke(Method.java:580)
	at org.springframework.aop.aspectj.AbstractAspectJAdvice.invokeAdviceMethodWithGivenArgs(AbstractAspectJAdvice.java:649)
	at org.springframework.aop.aspectj.AbstractAspectJAdvice.invokeAdviceMethod(AbstractAspectJAdvice.java:631)
	at org.springframework.aop.aspectj.AspectJAroundAdvice.invoke(AspectJAroundAdvice.java:71)
	at org.springframework.aop.framework.ReflectiveMethodInvocation.proceed(ReflectiveMethodInvocation.java:184)
	at org.springframework.aop.interceptor.ExposeInvocationInterceptor.invoke(ExposeInvocationInterceptor.java:97)
	at org.springframework.aop.framework.ReflectiveMethodInvocation.proceed(ReflectiveMethodInvocation.java:184)
	at org.springframework.aop.framework.CglibAopProxy$DynamicAdvisedInterceptor.intercept(CglibAopProxy.java:728)
	at cpf.mbr.bse.controller.MbrController$$SpringCGLIB$$0.getDetail(<generated>)
	at java.base/jdk.internal.reflect.DirectMethodHandleAccessor.invoke(DirectMethodHandleAccessor.java:103)
	at java.base/java.lang.reflect.Method.invoke(Method.java:580)
	at org.springframework.web.method.support.InvocableHandlerMethod.doInvoke(InvocableHandlerMethod.java:258)
	at org.springframework.web.method.support.InvocableHandlerMethod.invokeForRequest(InvocableHandlerMethod.java:191)
	at org.springframework.web.servlet.mvc.method.annotation.ServletInvocableHandlerMethod.invokeAndHandle(ServletInvocableHandlerMethod.java:118)
	at org.springframework.web.servlet.mvc.method.annotation.RequestMappingHandlerAdapter.invokeHandlerMethod(RequestMappingHandlerAdapter.java:991)
	at org.springframework.web.servlet.mvc.method.annotation.RequestMappingHandlerAdapter.handleInternal(RequestMappingHandlerAdapter.java:896)
	at org.springframework.web.servlet.mvc.method.AbstractHandlerMethodAdapter.handle(AbstractHandlerMethodAdapter.java:87)
	at org.springframework.web.servlet.DispatcherServlet.doDispatch(DispatcherServlet.java:1089)
	at org.springframework.web.servlet.DispatcherServlet.doService(DispatcherServlet.java:979)
	at org.springframework.web.servlet.FrameworkServlet.processRequest(FrameworkServlet.java:1014)
	at org.springframework.web.servlet.FrameworkServlet.doGet(FrameworkServlet.java:903)
	at jakarta.servlet.http.HttpServlet.service(HttpServlet.java:564)
	at org.springframework.web.servlet.FrameworkServlet.service(FrameworkServlet.java:885)
	at org.springframework.test.web.servlet.TestDispatcherServlet.service(TestDispatcherServlet.java:72)
	at jakarta.servlet.http.HttpServlet.service(HttpServlet.java:658)
	at org.springframework.mock.web.MockFilterChain$ServletFilterProxy.doFilter(MockFilterChain.java:165)
	at org.springframework.mock.web.MockFilterChain.doFilter(MockFilterChain.java:132)
	at cpf.mbr.common.filter.SecurityHeaderFilter.doFilterInternal(SecurityHeaderFilter.java:27)
	at org.springframework.web.filter.OncePerRequestFilter.doFilter(OncePerRequestFilter.java:116)
	at org.springframework.test.web.servlet.setup.MockMvcFilterDecorator.doFilter(MockMvcFilterDecorator.java:162)
	at org.springframework.mock.web.MockFilterChain.doFilter(MockFilterChain.java:132)
	at org.springframework.web.filter.RequestContextFilter.doFilterInternal(RequestContextFilter.java:100)
	at org.springframework.web.filter.OncePerRequestFilter.doFilter(OncePerRequestFilter.java:116)
	at org.springframework.test.web.servlet.setup.MockMvcFilterDecorator.doFilter(MockMvcFilterDecorator.java:162)
	at org.springframework.mock.web.MockFilterChain.doFilter(MockFilterChain.java:132)
	at org.springframework.web.filter.FormContentFilter.doFilterInternal(FormContentFilter.java:93)
	at org.springframework.web.filter.OncePerRequestFilter.doFilter(OncePerRequestFilter.java:116)
	at org.springframework.test.web.servlet.setup.MockMvcFilterDecorator.doFilter(MockMvcFilterDecorator.java:162)
	at org.springframework.mock.web.MockFilterChain.doFilter(MockFilterChain.java:132)
	at org.springframework.web.filter.CharacterEncodingFilter.doFilterInternal(CharacterEncodingFilter.java:201)
	at org.springframework.web.filter.OncePerRequestFilter.doFilter(OncePerRequestFilter.java:116)
	at org.springframework.test.web.servlet.setup.MockMvcFilterDecorator.doFilter(MockMvcFilterDecorator.java:162)
	at org.springframework.mock.web.MockFilterChain.doFilter(MockFilterChain.java:132)
	at cpf.pfw.common.filter.TransactionContextFilter.doFilterInternal(TransactionContextFilter.java:53)
	at org.springframework.web.filter.OncePerRequestFilter.doFilter(OncePerRequestFilter.java:116)
	at org.springframework.test.web.servlet.setup.MockMvcFilterDecorator.doFilter(MockMvcFilterDecorator.java:162)
	at org.springframework.mock.web.MockFilterChain.doFilter(MockFilterChain.java:132)
	at cpf.pfw.config.PfwOpenApiAutoConfiguration.lambda$cpfSwaggerUiHtmlRedirectFilter$0(PfwOpenApiAutoConfiguration.java:117)
	at org.springframework.test.web.servlet.setup.MockMvcFilterDecorator.doFilter(MockMvcFilterDecorator.java:162)
	at org.springframework.mock.web.MockFilterChain.doFilter(MockFilterChain.java:132)
	at org.springframework.test.web.servlet.MockMvc.perform(MockMvc.java:201)
	at cpf.mbr.bse.controller.MbrControllerValidationTest.detailRejectsInvalidMemberIdQueryParameter(MbrControllerValidationTest.java:67)
	at java.base/jdk.internal.reflect.DirectMethodHandleAccessor.invoke(DirectMethodHandleAccessor.java:103)
	at java.base/java.lang.reflect.Method.invoke(Method.java:580)
	at org.junit.platform.commons.util.ReflectionUtils.invokeMethod(ReflectionUtils.java:767)
	at org.junit.jupiter.engine.execution.MethodInvocation.proceed(MethodInvocation.java:60)
	at org.junit.jupiter.engine.execution.InvocationInterceptorChain$ValidatingInvocation.proceed(InvocationInterceptorChain.java:131)
	at org.junit.jupiter.engine.extension.TimeoutExtension.intercept(TimeoutExtension.java:156)
	at org.junit.jupiter.engine.extension.TimeoutExtension.interceptTestableMethod(TimeoutExtension.java:147)
	at org.junit.jupiter.engine.extension.TimeoutExtension.interceptTestMethod(TimeoutExtension.java:86)
	at org.junit.jupiter.engine.execution.InterceptingExecutableInvoker$ReflectiveInterceptorCall.lambda$ofVoidMethod$0(InterceptingExecutableInvoker.java:103)
	at org.junit.jupiter.engine.execution.InterceptingExecutableInvoker.lambda$invoke$0(InterceptingExecutableInvoker.java:93)
	at org.junit.jupiter.engine.execution.InvocationInterceptorChain$InterceptedInvocation.proceed(InvocationInterceptorChain.java:106)
	at org.junit.jupiter.engine.execution.InvocationInterceptorChain.proceed(InvocationInterceptorChain.java:64)
	at org.junit.jupiter.engine.execution.InvocationInterceptorChain.chainAndInvoke(InvocationInterceptorChain.java:45)
	at org.junit.jupiter.engine.execution.InvocationInterceptorChain.invoke(InvocationInterceptorChain.java:37)
	at org.junit.jupiter.engine.execution.InterceptingExecutableInvoker.invoke(InterceptingExecutableInvoker.java:92)
	at org.junit.jupiter.engine.execution.InterceptingExecutableInvoker.invoke(InterceptingExecutableInvoker.java:86)
	at org.junit.jupiter.engine.descriptor.TestMethodTestDescriptor.lambda$invokeTestMethod$8(TestMethodTestDescriptor.java:217)
	at org.junit.platform.engine.support.hierarchical.ThrowableCollector.execute(ThrowableCollector.java:73)
	at org.junit.jupiter.engine.descriptor.TestMethodTestDescriptor.invokeTestMethod(TestMethodTestDescriptor.java:213)
	at org.junit.jupiter.engine.descriptor.TestMethodTestDescriptor.execute(TestMethodTestDescriptor.java:138)
	at org.junit.jupiter.engine.descriptor.TestMethodTestDescriptor.execute(TestMethodTestDescriptor.java:68)
	at org.junit.platform.engine.support.hierarchical.NodeTestTask.lambda$executeRecursively$6(NodeTestTask.java:156)
	at org.junit.platform.engine.support.hierarchical.ThrowableCollector.execute(ThrowableCollector.java:73)
	at org.junit.platform.engine.support.hierarchical.NodeTestTask.lambda$executeRecursively$8(NodeTestTask.java:146)
	at org.junit.platform.engine.support.hierarchical.Node.around(Node.java:137)
	at org.junit.platform.engine.support.hierarchical.NodeTestTask.lambda$executeRecursively$9(NodeTestTask.java:144)
	at org.junit.platform.engine.support.hierarchical.ThrowableCollector.execute(ThrowableCollector.java:73)
	at org.junit.platform.engine.support.hierarchical.NodeTestTask.executeRecursively(NodeTestTask.java:143)
	at org.junit.platform.engine.support.hierarchical.NodeTestTask.execute(NodeTestTask.java:100)
	at java.base/java.util.ArrayList.forEach(ArrayList.java:1596)
	at org.junit.platform.engine.support.hierarchical.SameThreadHierarchicalTestExecutorService.invokeAll(SameThreadHierarchicalTestExecutorService.java:41)
	at org.junit.platform.engine.support.hierarchical.NodeTestTask.lambda$executeRecursively$6(NodeTestTask.java:160)
	at org.junit.platform.engine.support.hierarchical.ThrowableCollector.execute(ThrowableCollector.java:73)
	at org.junit.platform.engine.support.hierarchical.NodeTestTask.lambda$executeRecursively$8(NodeTestTask.java:146)
	at org.junit.platform.engine.support.hierarchical.Node.around(Node.java:137)
	at org.junit.platform.engine.support.hierarchical.NodeTestTask.lambda$executeRecursively$9(NodeTestTask.java:144)
	at org.junit.platform.engine.support.hierarchical.ThrowableCollector.execute(ThrowableCollector.java:73)
	at org.junit.platform.engine.support.hierarchical.NodeTestTask.executeRecursively(NodeTestTask.java:143)
	at org.junit.platform.engine.support.hierarchical.NodeTestTask.execute(NodeTestTask.java:100)
	at java.base/java.util.ArrayList.forEach(ArrayList.java:1596)
	at org.junit.platform.engine.support.hierarchical.SameThreadHierarchicalTestExecutorService.invokeAll(SameThreadHierarchicalTestExecutorService.java:41)
	at org.junit.platform.engine.support.hierarchical.NodeTestTask.lambda$executeRecursively$6(NodeTestTask.java:160)
	at org.junit.platform.engine.support.hierarchical.ThrowableCollector.execute(ThrowableCollector.java:73)
	at org.junit.platform.engine.support.hierarchical.NodeTestTask.lambda$executeRecursively$8(NodeTestTask.java:146)
	at org.junit.platform.engine.support.hierarchical.Node.around(Node.java:137)
	at org.junit.platform.engine.support.hierarchical.NodeTestTask.lambda$executeRecursively$9(NodeTestTask.java:144)
	at org.junit.platform.engine.support.hierarchical.ThrowableCollector.execute(ThrowableCollector.java:73)
	at org.junit.platform.engine.support.hierarchical.NodeTestTask.executeRecursively(NodeTestTask.java:143)
	at org.junit.platform.engine.support.hierarchical.NodeTestTask.execute(NodeTestTask.java:100)
	at org.junit.platform.engine.support.hierarchical.SameThreadHierarchicalTestExecutorService.submit(SameThreadHierarchicalTestExecutorService.java:35)
	at org.junit.platform.engine.support.hierarchical.HierarchicalTestExecutor.execute(HierarchicalTestExecutor.java:57)
	at org.junit.platform.engine.support.hierarchical.HierarchicalTestEngine.execute(HierarchicalTestEngine.java:54)
	at org.junit.platform.launcher.core.EngineExecutionOrchestrator.execute(EngineExecutionOrchestrator.java:198)
	at org.junit.platform.launcher.core.EngineExecutionOrchestrator.execute(EngineExecutionOrchestrator.java:169)
	at org.junit.platform.launcher.core.EngineExecutionOrchestrator.execute(EngineExecutionOrchestrator.java:93)
	at org.junit.platform.launcher.core.EngineExecutionOrchestrator.lambda$execute$0(EngineExecutionOrchestrator.java:58)
	at org.junit.platform.launcher.core.EngineExecutionOrchestrator.withInterceptedStreams(EngineExecutionOrchestrator.java:141)
	at org.junit.platform.launcher.core.EngineExecutionOrchestrator.execute(EngineExecutionOrchestrator.java:57)
	at org.junit.platform.launcher.core.DefaultLauncher.execute(DefaultLauncher.java:103)
	at org.junit.platform.launcher.core.DefaultLauncher.execute(DefaultLauncher.java:85)
	at org.junit.platform.launcher.core.DelegatingLauncher.execute(DelegatingLauncher.java:47)
	at org.gradle.api.internal.tasks.testing.junitplatform.JUnitPlatformTestClassProcessor$CollectAllTestClassesExecutor.processAllTestClasses(JUnitPlatformTestClassProcessor.java:124)
	at org.gradle.api.internal.tasks.testing.junitplatform.JUnitPlatformTestClassProcessor$CollectAllTestClassesExecutor.access$000(JUnitPlatformTestClassProcessor.java:99)
	at org.gradle.api.internal.tasks.testing.junitplatform.JUnitPlatformTestClassProcessor.stop(JUnitPlatformTestClassProcessor.java:94)
	at org.gradle.api.internal.tasks.testing.SuiteTestClassProcessor.stop(SuiteTestClassProcessor.java:63)
	at java.base/jdk.internal.reflect.DirectMethodHandleAccessor.invoke(DirectMethodHandleAccessor.java:103)
	at java.base/java.lang.reflect.Method.invoke(Method.java:580)
	at org.gradle.internal.dispatch.ReflectionDispatch.dispatch(ReflectionDispatch.java:36)
	at org.gradle.internal.dispatch.ReflectionDispatch.dispatch(ReflectionDispatch.java:24)
	at org.gradle.internal.dispatch.ContextClassLoaderDispatch.dispatch(ContextClassLoaderDispatch.java:33)
	at org.gradle.internal.dispatch.ProxyDispatchAdapter$DispatchingInvocationHandler.invoke(ProxyDispatchAdapter.java:92)
	at jdk.proxy1/jdk.proxy1.$Proxy4.stop(Unknown Source)
	at org.gradle.api.internal.tasks.testing.worker.TestWorker$3.run(TestWorker.java:200)
	at org.gradle.api.internal.tasks.testing.worker.TestWorker.executeAndMaintainThreadName(TestWorker.java:132)
	at org.gradle.api.internal.tasks.testing.worker.TestWorker.execute(TestWorker.java:103)
	at org.gradle.api.internal.tasks.testing.worker.TestWorker.execute(TestWorker.java:63)
	at org.gradle.process.internal.worker.child.ActionExecutionWorker.execute(ActionExecutionWorker.java:56)
	at org.gradle.process.internal.worker.child.SystemApplicationClassLoaderWorker.call(SystemApplicationClassLoaderWorker.java:121)
	at org.gradle.process.internal.worker.child.SystemApplicationClassLoaderWorker.call(SystemApplicationClassLoaderWorker.java:71)
	at worker.org.gradle.process.internal.worker.GradleWorkerMain.run(GradleWorkerMain.java:69)
	at worker.org.gradle.process.internal.worker.GradleWorkerMain.main(GradleWorkerMain.java:74)
2026-07-01 17:40:17.100 [DEBUG] [Test worker] [c.p.m.c.l.T.insertTransactionLog] [TranId: 20260611141234567MBRmbrAP010000001] [BizTranId: MBR01BSE0002] [TraceId: TRACE-TEST-001] [SpanId: SPN-35df49d9-a79d-4eae-bdc8-0ced7cc43cf0] [DynLevel: ] - ==>  Preparing: INSERT INTO pfw_transaction_log ( LOG_DATE, TRANSACTION_ID, TRACE_ID, SPAN_ID, PARENT_SPAN_ID, SEQUENCE_NO, MODULE_ID, MENU_ID, BUSINESS_TRANSACTION_ID, BUSINESS_TRANSACTION_NAME, LOG_TYPE, API_VERSION, CLIENT_APP_ID, CLIENT_VERSION, CALLER_SERVICE, CALLER_INSTANCE_ID, CORRELATION_ID, IDEMPOTENCY_KEY, LOCALE, TIMEZONE, REQUEST_TYPE, ORIGINAL_CHANNEL_CODE, CHANNEL_CODE, MEMBER_NO, CUSTOMER_NO, SCREEN_ID, DEVICE_ID, CLIENT_REQUEST_TIME, WAS_ID, SERVER_INSTANCE_ID, HOST_NAME, PROCESS_ID, THREAD_NAME, RESERVED_FIELD_1, RESERVED_FIELD_2, RESERVED_FIELD_3, RESERVED_FIELD_4, RESERVED_FIELD_5, HTTP_METHOD, URI, CONTROLLER, EXECUTION_PACKAGE, EXECUTION_CLASS, EXECUTION_METHOD, EXECUTION_SIGNATURE, WORKFLOW_ID, WORKFLOW_NAME, WORKFLOW_INSTANCE_ID, WORKFLOW_STEP_ID, WORKFLOW_STEP_NAME, WORKFLOW_STATUS, WORKFLOW_FAILURE_POLICY, COMPENSATION_YN, COMPENSATION_TRANSACTION_ID, COMPENSATION_TARGET_TRANSACTION_ID, COMPENSATION_STATUS, PARAMETERS, REQUEST_BODY, RESPONSE, HTTP_STATUS, RESPONSE_CODE, MESSAGE_CODE, MESSAGE_CONTENT, ERROR_MESSAGE, ERROR_CODE, EXTERNAL_MESSAGE, INTERNAL_MESSAGE, EXEC_USER, CLIENT_IP, USER_AGENT, START_TIME, END_TIME, DURATION_MS, CREATED_BY, CREATED_AT, UPDATED_BY, UPDATED_AT ) VALUES ( IFNULL(DATE(?), CURDATE()), ?, ?, ?, ?, ?, IFNULL(?, 'N/A'), ?, ?, ?, IFNULL(?, 'N/A'), ?, ?, ?, ?, ?, ?, ?, ?, ?, ?, ?, ?, ?, ?, ?, ?, ?, ?, ?, ?, ?, ?, ?, ?, ?, ?, ?, ?, IFNULL(?, 'N/A'), ?, ?, ?, ?, ?, ?, ?, ?, ?, ?, ?, ?, IFNULL(?, 'N'), ?, ?, ?, ?, ?, ?, ?, ?, ?, ?, ?, ?, ?, ?, IFNULL(?, 'N/A'), ?, ?, ?, ?, ?, IFNULL(NULLIF(?, 'N/A'), 'PFW'), NOW(), IFNULL(NULLIF(?, 'N/A'), 'PFW'), NOW() )
2026-07-01 17:40:17.139 [DEBUG] [Test worker] [c.p.m.c.l.T.insertTransactionLog] [TranId: 20260611141234567MBRmbrAP010000001] [BizTranId: MBR01BSE0002] [TraceId: TRACE-TEST-001] [SpanId: SPN-35df49d9-a79d-4eae-bdc8-0ced7cc43cf0] [DynLevel: ] - ==> Parameters: 2026-07-01T17:40:16.492680600(LocalDateTime), 20260611141234567MBRmbrAP010000001(String), TRACE-TEST-001(String), SPN-35df49d9-a79d-4eae-bdc8-0ced7cc43cf0(String), null, 1(Integer), MBR(String), MBR01BSE0002(String), MBR01BSE0002(String), MBRMemberDetail(String), FAILURE(String), null, null, null, null, null, null, null, null, null, INQUIRY(String), MBL(String), MBR(String), 10000001(String), null, null, null, null, local01(String), DESKTOP-M8EE6K9:27964(String), DESKTOP-M8EE6K9(String), 27964(String), Test worker(String), reserved-1(String), reserved-2(String), null, null, null, GET(String), /mbr/detail(String), MbrController.getDetail(..)(String), cpf.mbr.bse.controller(String), cpf.mbr.bse.controller.MbrController(String), getDetail(String), public org.springframework.http.ResponseEntity<cpf.mbr.common.response.BaseResponse<cpf.mbr.bse.dto.MbrDTO>> cpf.mbr.bse.controller.MbrController.getDetail(java.lang.Integer)(String), null, null, null, null, null, NONE(String), null, N(String), null, null, null, memberId=[0](String), null, null, 500(Integer), EPFW990000(String), MPFW990000(String), CPF 처리 기준입니다.(String), getDetail.memberId: memberId must be positive(String), ConstraintViolationException(String), CPF 처리 기준입니다.(String), getDetail.memberId: memberId must be positive(String), N/A(String), 127.0.0.1(String), null, 2026-07-01T17:40:16.492680600(LocalDateTime), 2026-07-01T17:40:16.998843400(LocalDateTime), 505(Long), N/A(String), N/A(String)
2026-07-01 17:40:17.166 [DEBUG] [Test worker] [c.p.m.c.l.T.insertTransactionLog] [TranId: 20260611141234567MBRmbrAP010000001] [BizTranId: MBR01BSE0002] [TraceId: TRACE-TEST-001] [SpanId: SPN-35df49d9-a79d-4eae-bdc8-0ced7cc43cf0] [DynLevel: ] - <==    Updates: 1
2026-07-01 17:40:17.173 [DEBUG] [Test worker] [c.p.m.c.l.T.insertTransactionLogDetail] [TranId: 20260611141234567MBRmbrAP010000001] [BizTranId: MBR01BSE0002] [TraceId: TRACE-TEST-001] [SpanId: SPN-35df49d9-a79d-4eae-bdc8-0ced7cc43cf0] [DynLevel: ] - ==>  Preparing: INSERT INTO pfw_transaction_log_detail ( LOG_IDX, DETAIL_KEY, DETAIL_VALUE, CREATED_BY, CREATED_AT, UPDATED_BY, UPDATED_AT ) VALUES ( ?, IFNULL(?, 'N/A'), IFNULL(?, 'N/A'), IFNULL(NULLIF(?, 'N/A'), 'PFW'), NOW(), IFNULL(NULLIF(?, 'N/A'), 'PFW'), NOW() )
2026-07-01 17:40:17.174 [DEBUG] [Test worker] [c.p.m.c.l.T.insertTransactionLogDetail] [TranId: 20260611141234567MBRmbrAP010000001] [BizTranId: MBR01BSE0002] [TraceId: TRACE-TEST-001] [SpanId: SPN-35df49d9-a79d-4eae-bdc8-0ced7cc43cf0] [DynLevel: ] - ==> Parameters: 2150(Long), transaction.id(String), 20260611141234567MBRmbrAP010000001(String), N/A(String), N/A(String)
2026-07-01 17:40:17.177 [DEBUG] [Test worker] [c.p.m.c.l.T.insertTransactionLogDetail] [TranId: 20260611141234567MBRmbrAP010000001] [BizTranId: MBR01BSE0002] [TraceId: TRACE-TEST-001] [SpanId: SPN-35df49d9-a79d-4eae-bdc8-0ced7cc43cf0] [DynLevel: ] - <==    Updates: 1
2026-07-01 17:40:17.178 [DEBUG] [Test worker] [c.p.m.c.l.T.insertTransactionLogDetail] [TranId: 20260611141234567MBRmbrAP010000001] [BizTranId: MBR01BSE0002] [TraceId: TRACE-TEST-001] [SpanId: SPN-35df49d9-a79d-4eae-bdc8-0ced7cc43cf0] [DynLevel: ] - ==>  Preparing: INSERT INTO pfw_transaction_log_detail ( LOG_IDX, DETAIL_KEY, DETAIL_VALUE, CREATED_BY, CREATED_AT, UPDATED_BY, UPDATED_AT ) VALUES ( ?, IFNULL(?, 'N/A'), IFNULL(?, 'N/A'), IFNULL(NULLIF(?, 'N/A'), 'PFW'), NOW(), IFNULL(NULLIF(?, 'N/A'), 'PFW'), NOW() )
2026-07-01 17:40:17.178 [DEBUG] [Test worker] [c.p.m.c.l.T.insertTransactionLogDetail] [TranId: 20260611141234567MBRmbrAP010000001] [BizTranId: MBR01BSE0002] [TraceId: TRACE-TEST-001] [SpanId: SPN-35df49d9-a79d-4eae-bdc8-0ced7cc43cf0] [DynLevel: ] - ==> Parameters: 2150(Long), trace.id(String), TRACE-TEST-001(String), N/A(String), N/A(String)
2026-07-01 17:40:17.179 [DEBUG] [Test worker] [c.p.m.c.l.T.insertTransactionLogDetail] [TranId: 20260611141234567MBRmbrAP010000001] [BizTranId: MBR01BSE0002] [TraceId: TRACE-TEST-001] [SpanId: SPN-35df49d9-a79d-4eae-bdc8-0ced7cc43cf0] [DynLevel: ] - <==    Updates: 1
2026-07-01 17:40:17.180 [DEBUG] [Test worker] [c.p.m.c.l.T.insertTransactionLogDetail] [TranId: 20260611141234567MBRmbrAP010000001] [BizTranId: MBR01BSE0002] [TraceId: TRACE-TEST-001] [SpanId: SPN-35df49d9-a79d-4eae-bdc8-0ced7cc43cf0] [DynLevel: ] - ==>  Preparing: INSERT INTO pfw_transaction_log_detail ( LOG_IDX, DETAIL_KEY, DETAIL_VALUE, CREATED_BY, CREATED_AT, UPDATED_BY, UPDATED_AT ) VALUES ( ?, IFNULL(?, 'N/A'), IFNULL(?, 'N/A'), IFNULL(NULLIF(?, 'N/A'), 'PFW'), NOW(), IFNULL(NULLIF(?, 'N/A'), 'PFW'), NOW() )
2026-07-01 17:40:17.180 [DEBUG] [Test worker] [c.p.m.c.l.T.insertTransactionLogDetail] [TranId: 20260611141234567MBRmbrAP010000001] [BizTranId: MBR01BSE0002] [TraceId: TRACE-TEST-001] [SpanId: SPN-35df49d9-a79d-4eae-bdc8-0ced7cc43cf0] [DynLevel: ] - ==> Parameters: 2150(Long), span.id(String), SPN-35df49d9-a79d-4eae-bdc8-0ced7cc43cf0(String), N/A(String), N/A(String)
2026-07-01 17:40:17.182 [DEBUG] [Test worker] [c.p.m.c.l.T.insertTransactionLogDetail] [TranId: 20260611141234567MBRmbrAP010000001] [BizTranId: MBR01BSE0002] [TraceId: TRACE-TEST-001] [SpanId: SPN-35df49d9-a79d-4eae-bdc8-0ced7cc43cf0] [DynLevel: ] - <==    Updates: 1
2026-07-01 17:40:17.182 [DEBUG] [Test worker] [c.p.m.c.l.T.insertTransactionLogDetail] [TranId: 20260611141234567MBRmbrAP010000001] [BizTranId: MBR01BSE0002] [TraceId: TRACE-TEST-001] [SpanId: SPN-35df49d9-a79d-4eae-bdc8-0ced7cc43cf0] [DynLevel: ] - ==>  Preparing: INSERT INTO pfw_transaction_log_detail ( LOG_IDX, DETAIL_KEY, DETAIL_VALUE, CREATED_BY, CREATED_AT, UPDATED_BY, UPDATED_AT ) VALUES ( ?, IFNULL(?, 'N/A'), IFNULL(?, 'N/A'), IFNULL(NULLIF(?, 'N/A'), 'PFW'), NOW(), IFNULL(NULLIF(?, 'N/A'), 'PFW'), NOW() )
2026-07-01 17:40:17.183 [DEBUG] [Test worker] [c.p.m.c.l.T.insertTransactionLogDetail] [TranId: 20260611141234567MBRmbrAP010000001] [BizTranId: MBR01BSE0002] [TraceId: TRACE-TEST-001] [SpanId: SPN-35df49d9-a79d-4eae-bdc8-0ced7cc43cf0] [DynLevel: ] - ==> Parameters: 2150(Long), sequence.no(String), 1(String), N/A(String), N/A(String)
2026-07-01 17:40:17.184 [DEBUG] [Test worker] [c.p.m.c.l.T.insertTransactionLogDetail] [TranId: 20260611141234567MBRmbrAP010000001] [BizTranId: MBR01BSE0002] [TraceId: TRACE-TEST-001] [SpanId: SPN-35df49d9-a79d-4eae-bdc8-0ced7cc43cf0] [DynLevel: ] - <==    Updates: 1
2026-07-01 17:40:17.184 [DEBUG] [Test worker] [c.p.m.c.l.T.insertTransactionLogDetail] [TranId: 20260611141234567MBRmbrAP010000001] [BizTranId: MBR01BSE0002] [TraceId: TRACE-TEST-001] [SpanId: SPN-35df49d9-a79d-4eae-bdc8-0ced7cc43cf0] [DynLevel: ] - ==>  Preparing: INSERT INTO pfw_transaction_log_detail ( LOG_IDX, DETAIL_KEY, DETAIL_VALUE, CREATED_BY, CREATED_AT, UPDATED_BY, UPDATED_AT ) VALUES ( ?, IFNULL(?, 'N/A'), IFNULL(?, 'N/A'), IFNULL(NULLIF(?, 'N/A'), 'PFW'), NOW(), IFNULL(NULLIF(?, 'N/A'), 'PFW'), NOW() )
2026-07-01 17:40:17.185 [DEBUG] [Test worker] [c.p.m.c.l.T.insertTransactionLogDetail] [TranId: 20260611141234567MBRmbrAP010000001] [BizTranId: MBR01BSE0002] [TraceId: TRACE-TEST-001] [SpanId: SPN-35df49d9-a79d-4eae-bdc8-0ced7cc43cf0] [DynLevel: ] - ==> Parameters: 2150(Long), module.id(String), MBR(String), N/A(String), N/A(String)
2026-07-01 17:40:17.186 [DEBUG] [Test worker] [c.p.m.c.l.T.insertTransactionLogDetail] [TranId: 20260611141234567MBRmbrAP010000001] [BizTranId: MBR01BSE0002] [TraceId: TRACE-TEST-001] [SpanId: SPN-35df49d9-a79d-4eae-bdc8-0ced7cc43cf0] [DynLevel: ] - <==    Updates: 1
2026-07-01 17:40:17.186 [DEBUG] [Test worker] [c.p.m.c.l.T.insertTransactionLogDetail] [TranId: 20260611141234567MBRmbrAP010000001] [BizTranId: MBR01BSE0002] [TraceId: TRACE-TEST-001] [SpanId: SPN-35df49d9-a79d-4eae-bdc8-0ced7cc43cf0] [DynLevel: ] - ==>  Preparing: INSERT INTO pfw_transaction_log_detail ( LOG_IDX, DETAIL_KEY, DETAIL_VALUE, CREATED_BY, CREATED_AT, UPDATED_BY, UPDATED_AT ) VALUES ( ?, IFNULL(?, 'N/A'), IFNULL(?, 'N/A'), IFNULL(NULLIF(?, 'N/A'), 'PFW'), NOW(), IFNULL(NULLIF(?, 'N/A'), 'PFW'), NOW() )
2026-07-01 17:40:17.186 [DEBUG] [Test worker] [c.p.m.c.l.T.insertTransactionLogDetail] [TranId: 20260611141234567MBRmbrAP010000001] [BizTranId: MBR01BSE0002] [TraceId: TRACE-TEST-001] [SpanId: SPN-35df49d9-a79d-4eae-bdc8-0ced7cc43cf0] [DynLevel: ] - ==> Parameters: 2150(Long), server.instance.id(String), DESKTOP-M8EE6K9:27964(String), N/A(String), N/A(String)
2026-07-01 17:40:17.188 [DEBUG] [Test worker] [c.p.m.c.l.T.insertTransactionLogDetail] [TranId: 20260611141234567MBRmbrAP010000001] [BizTranId: MBR01BSE0002] [TraceId: TRACE-TEST-001] [SpanId: SPN-35df49d9-a79d-4eae-bdc8-0ced7cc43cf0] [DynLevel: ] - <==    Updates: 1
2026-07-01 17:40:17.189 [DEBUG] [Test worker] [c.p.m.c.l.T.insertTransactionLogDetail] [TranId: 20260611141234567MBRmbrAP010000001] [BizTranId: MBR01BSE0002] [TraceId: TRACE-TEST-001] [SpanId: SPN-35df49d9-a79d-4eae-bdc8-0ced7cc43cf0] [DynLevel: ] - ==>  Preparing: INSERT INTO pfw_transaction_log_detail ( LOG_IDX, DETAIL_KEY, DETAIL_VALUE, CREATED_BY, CREATED_AT, UPDATED_BY, UPDATED_AT ) VALUES ( ?, IFNULL(?, 'N/A'), IFNULL(?, 'N/A'), IFNULL(NULLIF(?, 'N/A'), 'PFW'), NOW(), IFNULL(NULLIF(?, 'N/A'), 'PFW'), NOW() )
2026-07-01 17:40:17.190 [DEBUG] [Test worker] [c.p.m.c.l.T.insertTransactionLogDetail] [TranId: 20260611141234567MBRmbrAP010000001] [BizTranId: MBR01BSE0002] [TraceId: TRACE-TEST-001] [SpanId: SPN-35df49d9-a79d-4eae-bdc8-0ced7cc43cf0] [DynLevel: ] - ==> Parameters: 2150(Long), server.host.name(String), DESKTOP-M8EE6K9(String), N/A(String), N/A(String)
2026-07-01 17:40:17.191 [DEBUG] [Test worker] [c.p.m.c.l.T.insertTransactionLogDetail] [TranId: 20260611141234567MBRmbrAP010000001] [BizTranId: MBR01BSE0002] [TraceId: TRACE-TEST-001] [SpanId: SPN-35df49d9-a79d-4eae-bdc8-0ced7cc43cf0] [DynLevel: ] - <==    Updates: 1
2026-07-01 17:40:17.191 [DEBUG] [Test worker] [c.p.m.c.l.T.insertTransactionLogDetail] [TranId: 20260611141234567MBRmbrAP010000001] [BizTranId: MBR01BSE0002] [TraceId: TRACE-TEST-001] [SpanId: SPN-35df49d9-a79d-4eae-bdc8-0ced7cc43cf0] [DynLevel: ] - ==>  Preparing: INSERT INTO pfw_transaction_log_detail ( LOG_IDX, DETAIL_KEY, DETAIL_VALUE, CREATED_BY, CREATED_AT, UPDATED_BY, UPDATED_AT ) VALUES ( ?, IFNULL(?, 'N/A'), IFNULL(?, 'N/A'), IFNULL(NULLIF(?, 'N/A'), 'PFW'), NOW(), IFNULL(NULLIF(?, 'N/A'), 'PFW'), NOW() )
2026-07-01 17:40:17.192 [DEBUG] [Test worker] [c.p.m.c.l.T.insertTransactionLogDetail] [TranId: 20260611141234567MBRmbrAP010000001] [BizTranId: MBR01BSE0002] [TraceId: TRACE-TEST-001] [SpanId: SPN-35df49d9-a79d-4eae-bdc8-0ced7cc43cf0] [DynLevel: ] - ==> Parameters: 2150(Long), server.process.id(String), 27964(String), N/A(String), N/A(String)
2026-07-01 17:40:17.193 [DEBUG] [Test worker] [c.p.m.c.l.T.insertTransactionLogDetail] [TranId: 20260611141234567MBRmbrAP010000001] [BizTranId: MBR01BSE0002] [TraceId: TRACE-TEST-001] [SpanId: SPN-35df49d9-a79d-4eae-bdc8-0ced7cc43cf0] [DynLevel: ] - <==    Updates: 1
2026-07-01 17:40:17.194 [DEBUG] [Test worker] [c.p.m.c.l.T.insertTransactionLogDetail] [TranId: 20260611141234567MBRmbrAP010000001] [BizTranId: MBR01BSE0002] [TraceId: TRACE-TEST-001] [SpanId: SPN-35df49d9-a79d-4eae-bdc8-0ced7cc43cf0] [DynLevel: ] - ==>  Preparing: INSERT INTO pfw_transaction_log_detail ( LOG_IDX, DETAIL_KEY, DETAIL_VALUE, CREATED_BY, CREATED_AT, UPDATED_BY, UPDATED_AT ) VALUES ( ?, IFNULL(?, 'N/A'), IFNULL(?, 'N/A'), IFNULL(NULLIF(?, 'N/A'), 'PFW'), NOW(), IFNULL(NULLIF(?, 'N/A'), 'PFW'), NOW() )
2026-07-01 17:40:17.194 [DEBUG] [Test worker] [c.p.m.c.l.T.insertTransactionLogDetail] [TranId: 20260611141234567MBRmbrAP010000001] [BizTranId: MBR01BSE0002] [TraceId: TRACE-TEST-001] [SpanId: SPN-35df49d9-a79d-4eae-bdc8-0ced7cc43cf0] [DynLevel: ] - ==> Parameters: 2150(Long), server.thread.name(String), Test worker(String), N/A(String), N/A(String)
2026-07-01 17:40:17.195 [DEBUG] [Test worker] [c.p.m.c.l.T.insertTransactionLogDetail] [TranId: 20260611141234567MBRmbrAP010000001] [BizTranId: MBR01BSE0002] [TraceId: TRACE-TEST-001] [SpanId: SPN-35df49d9-a79d-4eae-bdc8-0ced7cc43cf0] [DynLevel: ] - <==    Updates: 1
2026-07-01 17:40:17.196 [DEBUG] [Test worker] [c.p.m.c.l.T.insertTransactionLogDetail] [TranId: 20260611141234567MBRmbrAP010000001] [BizTranId: MBR01BSE0002] [TraceId: TRACE-TEST-001] [SpanId: SPN-35df49d9-a79d-4eae-bdc8-0ced7cc43cf0] [DynLevel: ] - ==>  Preparing: INSERT INTO pfw_transaction_log_detail ( LOG_IDX, DETAIL_KEY, DETAIL_VALUE, CREATED_BY, CREATED_AT, UPDATED_BY, UPDATED_AT ) VALUES ( ?, IFNULL(?, 'N/A'), IFNULL(?, 'N/A'), IFNULL(NULLIF(?, 'N/A'), 'PFW'), NOW(), IFNULL(NULLIF(?, 'N/A'), 'PFW'), NOW() )
2026-07-01 17:40:17.197 [DEBUG] [Test worker] [c.p.m.c.l.T.insertTransactionLogDetail] [TranId: 20260611141234567MBRmbrAP010000001] [BizTranId: MBR01BSE0002] [TraceId: TRACE-TEST-001] [SpanId: SPN-35df49d9-a79d-4eae-bdc8-0ced7cc43cf0] [DynLevel: ] - ==> Parameters: 2150(Long), business.transaction.id(String), MBR01BSE0002(String), N/A(String), N/A(String)
2026-07-01 17:40:17.198 [DEBUG] [Test worker] [c.p.m.c.l.T.insertTransactionLogDetail] [TranId: 20260611141234567MBRmbrAP010000001] [BizTranId: MBR01BSE0002] [TraceId: TRACE-TEST-001] [SpanId: SPN-35df49d9-a79d-4eae-bdc8-0ced7cc43cf0] [DynLevel: ] - <==    Updates: 1
2026-07-01 17:40:17.199 [DEBUG] [Test worker] [c.p.m.c.l.T.insertTransactionLogDetail] [TranId: 20260611141234567MBRmbrAP010000001] [BizTranId: MBR01BSE0002] [TraceId: TRACE-TEST-001] [SpanId: SPN-35df49d9-a79d-4eae-bdc8-0ced7cc43cf0] [DynLevel: ] - ==>  Preparing: INSERT INTO pfw_transaction_log_detail ( LOG_IDX, DETAIL_KEY, DETAIL_VALUE, CREATED_BY, CREATED_AT, UPDATED_BY, UPDATED_AT ) VALUES ( ?, IFNULL(?, 'N/A'), IFNULL(?, 'N/A'), IFNULL(NULLIF(?, 'N/A'), 'PFW'), NOW(), IFNULL(NULLIF(?, 'N/A'), 'PFW'), NOW() )
2026-07-01 17:40:17.200 [DEBUG] [Test worker] [c.p.m.c.l.T.insertTransactionLogDetail] [TranId: 20260611141234567MBRmbrAP010000001] [BizTranId: MBR01BSE0002] [TraceId: TRACE-TEST-001] [SpanId: SPN-35df49d9-a79d-4eae-bdc8-0ced7cc43cf0] [DynLevel: ] - ==> Parameters: 2150(Long), business.transaction.name(String), MBRMemberDetail(String), N/A(String), N/A(String)
2026-07-01 17:40:17.201 [DEBUG] [Test worker] [c.p.m.c.l.T.insertTransactionLogDetail] [TranId: 20260611141234567MBRmbrAP010000001] [BizTranId: MBR01BSE0002] [TraceId: TRACE-TEST-001] [SpanId: SPN-35df49d9-a79d-4eae-bdc8-0ced7cc43cf0] [DynLevel: ] - <==    Updates: 1
2026-07-01 17:40:17.202 [DEBUG] [Test worker] [c.p.m.c.l.T.insertTransactionLogDetail] [TranId: 20260611141234567MBRmbrAP010000001] [BizTranId: MBR01BSE0002] [TraceId: TRACE-TEST-001] [SpanId: SPN-35df49d9-a79d-4eae-bdc8-0ced7cc43cf0] [DynLevel: ] - ==>  Preparing: INSERT INTO pfw_transaction_log_detail ( LOG_IDX, DETAIL_KEY, DETAIL_VALUE, CREATED_BY, CREATED_AT, UPDATED_BY, UPDATED_AT ) VALUES ( ?, IFNULL(?, 'N/A'), IFNULL(?, 'N/A'), IFNULL(NULLIF(?, 'N/A'), 'PFW'), NOW(), IFNULL(NULLIF(?, 'N/A'), 'PFW'), NOW() )
2026-07-01 17:40:17.203 [DEBUG] [Test worker] [c.p.m.c.l.T.insertTransactionLogDetail] [TranId: 20260611141234567MBRmbrAP010000001] [BizTranId: MBR01BSE0002] [TraceId: TRACE-TEST-001] [SpanId: SPN-35df49d9-a79d-4eae-bdc8-0ced7cc43cf0] [DynLevel: ] - ==> Parameters: 2150(Long), workflow.status(String), NONE(String), N/A(String), N/A(String)
2026-07-01 17:40:17.204 [DEBUG] [Test worker] [c.p.m.c.l.T.insertTransactionLogDetail] [TranId: 20260611141234567MBRmbrAP010000001] [BizTranId: MBR01BSE0002] [TraceId: TRACE-TEST-001] [SpanId: SPN-35df49d9-a79d-4eae-bdc8-0ced7cc43cf0] [DynLevel: ] - <==    Updates: 1
2026-07-01 17:40:17.205 [DEBUG] [Test worker] [c.p.m.c.l.T.insertTransactionLogDetail] [TranId: 20260611141234567MBRmbrAP010000001] [BizTranId: MBR01BSE0002] [TraceId: TRACE-TEST-001] [SpanId: SPN-35df49d9-a79d-4eae-bdc8-0ced7cc43cf0] [DynLevel: ] - ==>  Preparing: INSERT INTO pfw_transaction_log_detail ( LOG_IDX, DETAIL_KEY, DETAIL_VALUE, CREATED_BY, CREATED_AT, UPDATED_BY, UPDATED_AT ) VALUES ( ?, IFNULL(?, 'N/A'), IFNULL(?, 'N/A'), IFNULL(NULLIF(?, 'N/A'), 'PFW'), NOW(), IFNULL(NULLIF(?, 'N/A'), 'PFW'), NOW() )
2026-07-01 17:40:17.205 [DEBUG] [Test worker] [c.p.m.c.l.T.insertTransactionLogDetail] [TranId: 20260611141234567MBRmbrAP010000001] [BizTranId: MBR01BSE0002] [TraceId: TRACE-TEST-001] [SpanId: SPN-35df49d9-a79d-4eae-bdc8-0ced7cc43cf0] [DynLevel: ] - ==> Parameters: 2150(Long), compensation.yn(String), N(String), N/A(String), N/A(String)
2026-07-01 17:40:17.207 [DEBUG] [Test worker] [c.p.m.c.l.T.insertTransactionLogDetail] [TranId: 20260611141234567MBRmbrAP010000001] [BizTranId: MBR01BSE0002] [TraceId: TRACE-TEST-001] [SpanId: SPN-35df49d9-a79d-4eae-bdc8-0ced7cc43cf0] [DynLevel: ] - <==    Updates: 1
2026-07-01 17:40:17.207 [DEBUG] [Test worker] [c.p.m.c.l.T.insertTransactionLogDetail] [TranId: 20260611141234567MBRmbrAP010000001] [BizTranId: MBR01BSE0002] [TraceId: TRACE-TEST-001] [SpanId: SPN-35df49d9-a79d-4eae-bdc8-0ced7cc43cf0] [DynLevel: ] - ==>  Preparing: INSERT INTO pfw_transaction_log_detail ( LOG_IDX, DETAIL_KEY, DETAIL_VALUE, CREATED_BY, CREATED_AT, UPDATED_BY, UPDATED_AT ) VALUES ( ?, IFNULL(?, 'N/A'), IFNULL(?, 'N/A'), IFNULL(NULLIF(?, 'N/A'), 'PFW'), NOW(), IFNULL(NULLIF(?, 'N/A'), 'PFW'), NOW() )
2026-07-01 17:40:17.207 [DEBUG] [Test worker] [c.p.m.c.l.T.insertTransactionLogDetail] [TranId: 20260611141234567MBRmbrAP010000001] [BizTranId: MBR01BSE0002] [TraceId: TRACE-TEST-001] [SpanId: SPN-35df49d9-a79d-4eae-bdc8-0ced7cc43cf0] [DynLevel: ] - ==> Parameters: 2150(Long), execution.package(String), cpf.mbr.bse.controller(String), N/A(String), N/A(String)
2026-07-01 17:40:17.208 [DEBUG] [Test worker] [c.p.m.c.l.T.insertTransactionLogDetail] [TranId: 20260611141234567MBRmbrAP010000001] [BizTranId: MBR01BSE0002] [TraceId: TRACE-TEST-001] [SpanId: SPN-35df49d9-a79d-4eae-bdc8-0ced7cc43cf0] [DynLevel: ] - <==    Updates: 1
2026-07-01 17:40:17.209 [DEBUG] [Test worker] [c.p.m.c.l.T.insertTransactionLogDetail] [TranId: 20260611141234567MBRmbrAP010000001] [BizTranId: MBR01BSE0002] [TraceId: TRACE-TEST-001] [SpanId: SPN-35df49d9-a79d-4eae-bdc8-0ced7cc43cf0] [DynLevel: ] - ==>  Preparing: INSERT INTO pfw_transaction_log_detail ( LOG_IDX, DETAIL_KEY, DETAIL_VALUE, CREATED_BY, CREATED_AT, UPDATED_BY, UPDATED_AT ) VALUES ( ?, IFNULL(?, 'N/A'), IFNULL(?, 'N/A'), IFNULL(NULLIF(?, 'N/A'), 'PFW'), NOW(), IFNULL(NULLIF(?, 'N/A'), 'PFW'), NOW() )
2026-07-01 17:40:17.209 [DEBUG] [Test worker] [c.p.m.c.l.T.insertTransactionLogDetail] [TranId: 20260611141234567MBRmbrAP010000001] [BizTranId: MBR01BSE0002] [TraceId: TRACE-TEST-001] [SpanId: SPN-35df49d9-a79d-4eae-bdc8-0ced7cc43cf0] [DynLevel: ] - ==> Parameters: 2150(Long), execution.class(String), cpf.mbr.bse.controller.MbrController(String), N/A(String), N/A(String)
2026-07-01 17:40:17.211 [DEBUG] [Test worker] [c.p.m.c.l.T.insertTransactionLogDetail] [TranId: 20260611141234567MBRmbrAP010000001] [BizTranId: MBR01BSE0002] [TraceId: TRACE-TEST-001] [SpanId: SPN-35df49d9-a79d-4eae-bdc8-0ced7cc43cf0] [DynLevel: ] - <==    Updates: 1
2026-07-01 17:40:17.211 [DEBUG] [Test worker] [c.p.m.c.l.T.insertTransactionLogDetail] [TranId: 20260611141234567MBRmbrAP010000001] [BizTranId: MBR01BSE0002] [TraceId: TRACE-TEST-001] [SpanId: SPN-35df49d9-a79d-4eae-bdc8-0ced7cc43cf0] [DynLevel: ] - ==>  Preparing: INSERT INTO pfw_transaction_log_detail ( LOG_IDX, DETAIL_KEY, DETAIL_VALUE, CREATED_BY, CREATED_AT, UPDATED_BY, UPDATED_AT ) VALUES ( ?, IFNULL(?, 'N/A'), IFNULL(?, 'N/A'), IFNULL(NULLIF(?, 'N/A'), 'PFW'), NOW(), IFNULL(NULLIF(?, 'N/A'), 'PFW'), NOW() )
2026-07-01 17:40:17.212 [DEBUG] [Test worker] [c.p.m.c.l.T.insertTransactionLogDetail] [TranId: 20260611141234567MBRmbrAP010000001] [BizTranId: MBR01BSE0002] [TraceId: TRACE-TEST-001] [SpanId: SPN-35df49d9-a79d-4eae-bdc8-0ced7cc43cf0] [DynLevel: ] - ==> Parameters: 2150(Long), execution.method(String), getDetail(String), N/A(String), N/A(String)
2026-07-01 17:40:17.213 [DEBUG] [Test worker] [c.p.m.c.l.T.insertTransactionLogDetail] [TranId: 20260611141234567MBRmbrAP010000001] [BizTranId: MBR01BSE0002] [TraceId: TRACE-TEST-001] [SpanId: SPN-35df49d9-a79d-4eae-bdc8-0ced7cc43cf0] [DynLevel: ] - <==    Updates: 1
2026-07-01 17:40:17.213 [DEBUG] [Test worker] [c.p.m.c.l.T.insertTransactionLogDetail] [TranId: 20260611141234567MBRmbrAP010000001] [BizTranId: MBR01BSE0002] [TraceId: TRACE-TEST-001] [SpanId: SPN-35df49d9-a79d-4eae-bdc8-0ced7cc43cf0] [DynLevel: ] - ==>  Preparing: INSERT INTO pfw_transaction_log_detail ( LOG_IDX, DETAIL_KEY, DETAIL_VALUE, CREATED_BY, CREATED_AT, UPDATED_BY, UPDATED_AT ) VALUES ( ?, IFNULL(?, 'N/A'), IFNULL(?, 'N/A'), IFNULL(NULLIF(?, 'N/A'), 'PFW'), NOW(), IFNULL(NULLIF(?, 'N/A'), 'PFW'), NOW() )
2026-07-01 17:40:17.214 [DEBUG] [Test worker] [c.p.m.c.l.T.insertTransactionLogDetail] [TranId: 20260611141234567MBRmbrAP010000001] [BizTranId: MBR01BSE0002] [TraceId: TRACE-TEST-001] [SpanId: SPN-35df49d9-a79d-4eae-bdc8-0ced7cc43cf0] [DynLevel: ] - ==> Parameters: 2150(Long), execution.signature(String), public org.springframework.http.ResponseEntity<cpf.mbr.common.response.BaseResponse<cpf.mbr.bse.dto.MbrDTO>> cpf.mbr.bse.controller.MbrController.getDetail(java.lang.Integer)(String), N/A(String), N/A(String)
2026-07-01 17:40:17.215 [DEBUG] [Test worker] [c.p.m.c.l.T.insertTransactionLogDetail] [TranId: 20260611141234567MBRmbrAP010000001] [BizTranId: MBR01BSE0002] [TraceId: TRACE-TEST-001] [SpanId: SPN-35df49d9-a79d-4eae-bdc8-0ced7cc43cf0] [DynLevel: ] - <==    Updates: 1
2026-07-01 17:40:17.216 [DEBUG] [Test worker] [c.p.m.c.l.T.insertTransactionLogDetail] [TranId: 20260611141234567MBRmbrAP010000001] [BizTranId: MBR01BSE0002] [TraceId: TRACE-TEST-001] [SpanId: SPN-35df49d9-a79d-4eae-bdc8-0ced7cc43cf0] [DynLevel: ] - ==>  Preparing: INSERT INTO pfw_transaction_log_detail ( LOG_IDX, DETAIL_KEY, DETAIL_VALUE, CREATED_BY, CREATED_AT, UPDATED_BY, UPDATED_AT ) VALUES ( ?, IFNULL(?, 'N/A'), IFNULL(?, 'N/A'), IFNULL(NULLIF(?, 'N/A'), 'PFW'), NOW(), IFNULL(NULLIF(?, 'N/A'), 'PFW'), NOW() )
2026-07-01 17:40:17.216 [DEBUG] [Test worker] [c.p.m.c.l.T.insertTransactionLogDetail] [TranId: 20260611141234567MBRmbrAP010000001] [BizTranId: MBR01BSE0002] [TraceId: TRACE-TEST-001] [SpanId: SPN-35df49d9-a79d-4eae-bdc8-0ced7cc43cf0] [DynLevel: ] - ==> Parameters: 2150(Long), controller.shortSignature(String), MbrController.getDetail(..)(String), N/A(String), N/A(String)
2026-07-01 17:40:17.217 [DEBUG] [Test worker] [c.p.m.c.l.T.insertTransactionLogDetail] [TranId: 20260611141234567MBRmbrAP010000001] [BizTranId: MBR01BSE0002] [TraceId: TRACE-TEST-001] [SpanId: SPN-35df49d9-a79d-4eae-bdc8-0ced7cc43cf0] [DynLevel: ] - <==    Updates: 1
2026-07-01 17:40:17.218 [DEBUG] [Test worker] [c.p.m.c.l.T.insertTransactionLogDetail] [TranId: 20260611141234567MBRmbrAP010000001] [BizTranId: MBR01BSE0002] [TraceId: TRACE-TEST-001] [SpanId: SPN-35df49d9-a79d-4eae-bdc8-0ced7cc43cf0] [DynLevel: ] - ==>  Preparing: INSERT INTO pfw_transaction_log_detail ( LOG_IDX, DETAIL_KEY, DETAIL_VALUE, CREATED_BY, CREATED_AT, UPDATED_BY, UPDATED_AT ) VALUES ( ?, IFNULL(?, 'N/A'), IFNULL(?, 'N/A'), IFNULL(NULLIF(?, 'N/A'), 'PFW'), NOW(), IFNULL(NULLIF(?, 'N/A'), 'PFW'), NOW() )
2026-07-01 17:40:17.218 [DEBUG] [Test worker] [c.p.m.c.l.T.insertTransactionLogDetail] [TranId: 20260611141234567MBRmbrAP010000001] [BizTranId: MBR01BSE0002] [TraceId: TRACE-TEST-001] [SpanId: SPN-35df49d9-a79d-4eae-bdc8-0ced7cc43cf0] [DynLevel: ] - ==> Parameters: 2150(Long), http.method(String), GET(String), N/A(String), N/A(String)
2026-07-01 17:40:17.219 [DEBUG] [Test worker] [c.p.m.c.l.T.insertTransactionLogDetail] [TranId: 20260611141234567MBRmbrAP010000001] [BizTranId: MBR01BSE0002] [TraceId: TRACE-TEST-001] [SpanId: SPN-35df49d9-a79d-4eae-bdc8-0ced7cc43cf0] [DynLevel: ] - <==    Updates: 1
2026-07-01 17:40:17.220 [DEBUG] [Test worker] [c.p.m.c.l.T.insertTransactionLogDetail] [TranId: 20260611141234567MBRmbrAP010000001] [BizTranId: MBR01BSE0002] [TraceId: TRACE-TEST-001] [SpanId: SPN-35df49d9-a79d-4eae-bdc8-0ced7cc43cf0] [DynLevel: ] - ==>  Preparing: INSERT INTO pfw_transaction_log_detail ( LOG_IDX, DETAIL_KEY, DETAIL_VALUE, CREATED_BY, CREATED_AT, UPDATED_BY, UPDATED_AT ) VALUES ( ?, IFNULL(?, 'N/A'), IFNULL(?, 'N/A'), IFNULL(NULLIF(?, 'N/A'), 'PFW'), NOW(), IFNULL(NULLIF(?, 'N/A'), 'PFW'), NOW() )
2026-07-01 17:40:17.221 [DEBUG] [Test worker] [c.p.m.c.l.T.insertTransactionLogDetail] [TranId: 20260611141234567MBRmbrAP010000001] [BizTranId: MBR01BSE0002] [TraceId: TRACE-TEST-001] [SpanId: SPN-35df49d9-a79d-4eae-bdc8-0ced7cc43cf0] [DynLevel: ] - ==> Parameters: 2150(Long), http.uri(String), /mbr/detail(String), N/A(String), N/A(String)
2026-07-01 17:40:17.222 [DEBUG] [Test worker] [c.p.m.c.l.T.insertTransactionLogDetail] [TranId: 20260611141234567MBRmbrAP010000001] [BizTranId: MBR01BSE0002] [TraceId: TRACE-TEST-001] [SpanId: SPN-35df49d9-a79d-4eae-bdc8-0ced7cc43cf0] [DynLevel: ] - <==    Updates: 1
2026-07-01 17:40:17.223 [DEBUG] [Test worker] [c.p.m.c.l.T.insertTransactionLogDetail] [TranId: 20260611141234567MBRmbrAP010000001] [BizTranId: MBR01BSE0002] [TraceId: TRACE-TEST-001] [SpanId: SPN-35df49d9-a79d-4eae-bdc8-0ced7cc43cf0] [DynLevel: ] - ==>  Preparing: INSERT INTO pfw_transaction_log_detail ( LOG_IDX, DETAIL_KEY, DETAIL_VALUE, CREATED_BY, CREATED_AT, UPDATED_BY, UPDATED_AT ) VALUES ( ?, IFNULL(?, 'N/A'), IFNULL(?, 'N/A'), IFNULL(NULLIF(?, 'N/A'), 'PFW'), NOW(), IFNULL(NULLIF(?, 'N/A'), 'PFW'), NOW() )
2026-07-01 17:40:17.223 [DEBUG] [Test worker] [c.p.m.c.l.T.insertTransactionLogDetail] [TranId: 20260611141234567MBRmbrAP010000001] [BizTranId: MBR01BSE0002] [TraceId: TRACE-TEST-001] [SpanId: SPN-35df49d9-a79d-4eae-bdc8-0ced7cc43cf0] [DynLevel: ] - ==> Parameters: 2150(Long), http.clientIp(String), 127.0.0.1(String), N/A(String), N/A(String)
2026-07-01 17:40:17.225 [DEBUG] [Test worker] [c.p.m.c.l.T.insertTransactionLogDetail] [TranId: 20260611141234567MBRmbrAP010000001] [BizTranId: MBR01BSE0002] [TraceId: TRACE-TEST-001] [SpanId: SPN-35df49d9-a79d-4eae-bdc8-0ced7cc43cf0] [DynLevel: ] - <==    Updates: 1
2026-07-01 17:40:17.225 [DEBUG] [Test worker] [c.p.m.c.l.T.insertTransactionLogDetail] [TranId: 20260611141234567MBRmbrAP010000001] [BizTranId: MBR01BSE0002] [TraceId: TRACE-TEST-001] [SpanId: SPN-35df49d9-a79d-4eae-bdc8-0ced7cc43cf0] [DynLevel: ] - ==>  Preparing: INSERT INTO pfw_transaction_log_detail ( LOG_IDX, DETAIL_KEY, DETAIL_VALUE, CREATED_BY, CREATED_AT, UPDATED_BY, UPDATED_AT ) VALUES ( ?, IFNULL(?, 'N/A'), IFNULL(?, 'N/A'), IFNULL(NULLIF(?, 'N/A'), 'PFW'), NOW(), IFNULL(NULLIF(?, 'N/A'), 'PFW'), NOW() )
2026-07-01 17:40:17.226 [DEBUG] [Test worker] [c.p.m.c.l.T.insertTransactionLogDetail] [TranId: 20260611141234567MBRmbrAP010000001] [BizTranId: MBR01BSE0002] [TraceId: TRACE-TEST-001] [SpanId: SPN-35df49d9-a79d-4eae-bdc8-0ced7cc43cf0] [DynLevel: ] - ==> Parameters: 2150(Long), parameters(String), memberId=[0](String), N/A(String), N/A(String)
2026-07-01 17:40:17.227 [DEBUG] [Test worker] [c.p.m.c.l.T.insertTransactionLogDetail] [TranId: 20260611141234567MBRmbrAP010000001] [BizTranId: MBR01BSE0002] [TraceId: TRACE-TEST-001] [SpanId: SPN-35df49d9-a79d-4eae-bdc8-0ced7cc43cf0] [DynLevel: ] - <==    Updates: 1
2026-07-01 17:40:17.229 [DEBUG] [Test worker] [c.p.m.c.l.T.insertTransactionLogDetail] [TranId: 20260611141234567MBRmbrAP010000001] [BizTranId: MBR01BSE0002] [TraceId: TRACE-TEST-001] [SpanId: SPN-35df49d9-a79d-4eae-bdc8-0ced7cc43cf0] [DynLevel: ] - ==>  Preparing: INSERT INTO pfw_transaction_log_detail ( LOG_IDX, DETAIL_KEY, DETAIL_VALUE, CREATED_BY, CREATED_AT, UPDATED_BY, UPDATED_AT ) VALUES ( ?, IFNULL(?, 'N/A'), IFNULL(?, 'N/A'), IFNULL(NULLIF(?, 'N/A'), 'PFW'), NOW(), IFNULL(NULLIF(?, 'N/A'), 'PFW'), NOW() )
2026-07-01 17:40:17.229 [DEBUG] [Test worker] [c.p.m.c.l.T.insertTransactionLogDetail] [TranId: 20260611141234567MBRmbrAP010000001] [BizTranId: MBR01BSE0002] [TraceId: TRACE-TEST-001] [SpanId: SPN-35df49d9-a79d-4eae-bdc8-0ced7cc43cf0] [DynLevel: ] - ==> Parameters: 2150(Long), response.httpStatus(String), 500(String), N/A(String), N/A(String)
2026-07-01 17:40:17.230 [DEBUG] [Test worker] [c.p.m.c.l.T.insertTransactionLogDetail] [TranId: 20260611141234567MBRmbrAP010000001] [BizTranId: MBR01BSE0002] [TraceId: TRACE-TEST-001] [SpanId: SPN-35df49d9-a79d-4eae-bdc8-0ced7cc43cf0] [DynLevel: ] - <==    Updates: 1
2026-07-01 17:40:17.230 [DEBUG] [Test worker] [c.p.m.c.l.T.insertTransactionLogDetail] [TranId: 20260611141234567MBRmbrAP010000001] [BizTranId: MBR01BSE0002] [TraceId: TRACE-TEST-001] [SpanId: SPN-35df49d9-a79d-4eae-bdc8-0ced7cc43cf0] [DynLevel: ] - ==>  Preparing: INSERT INTO pfw_transaction_log_detail ( LOG_IDX, DETAIL_KEY, DETAIL_VALUE, CREATED_BY, CREATED_AT, UPDATED_BY, UPDATED_AT ) VALUES ( ?, IFNULL(?, 'N/A'), IFNULL(?, 'N/A'), IFNULL(NULLIF(?, 'N/A'), 'PFW'), NOW(), IFNULL(NULLIF(?, 'N/A'), 'PFW'), NOW() )
2026-07-01 17:40:17.230 [DEBUG] [Test worker] [c.p.m.c.l.T.insertTransactionLogDetail] [TranId: 20260611141234567MBRmbrAP010000001] [BizTranId: MBR01BSE0002] [TraceId: TRACE-TEST-001] [SpanId: SPN-35df49d9-a79d-4eae-bdc8-0ced7cc43cf0] [DynLevel: ] - ==> Parameters: 2150(Long), response.code(String), EPFW990000(String), N/A(String), N/A(String)
2026-07-01 17:40:17.232 [DEBUG] [Test worker] [c.p.m.c.l.T.insertTransactionLogDetail] [TranId: 20260611141234567MBRmbrAP010000001] [BizTranId: MBR01BSE0002] [TraceId: TRACE-TEST-001] [SpanId: SPN-35df49d9-a79d-4eae-bdc8-0ced7cc43cf0] [DynLevel: ] - <==    Updates: 1
2026-07-01 17:40:17.232 [DEBUG] [Test worker] [c.p.m.c.l.T.insertTransactionLogDetail] [TranId: 20260611141234567MBRmbrAP010000001] [BizTranId: MBR01BSE0002] [TraceId: TRACE-TEST-001] [SpanId: SPN-35df49d9-a79d-4eae-bdc8-0ced7cc43cf0] [DynLevel: ] - ==>  Preparing: INSERT INTO pfw_transaction_log_detail ( LOG_IDX, DETAIL_KEY, DETAIL_VALUE, CREATED_BY, CREATED_AT, UPDATED_BY, UPDATED_AT ) VALUES ( ?, IFNULL(?, 'N/A'), IFNULL(?, 'N/A'), IFNULL(NULLIF(?, 'N/A'), 'PFW'), NOW(), IFNULL(NULLIF(?, 'N/A'), 'PFW'), NOW() )
2026-07-01 17:40:17.232 [DEBUG] [Test worker] [c.p.m.c.l.T.insertTransactionLogDetail] [TranId: 20260611141234567MBRmbrAP010000001] [BizTranId: MBR01BSE0002] [TraceId: TRACE-TEST-001] [SpanId: SPN-35df49d9-a79d-4eae-bdc8-0ced7cc43cf0] [DynLevel: ] - ==> Parameters: 2150(Long), response.messageCode(String), MPFW990000(String), N/A(String), N/A(String)
2026-07-01 17:40:17.234 [DEBUG] [Test worker] [c.p.m.c.l.T.insertTransactionLogDetail] [TranId: 20260611141234567MBRmbrAP010000001] [BizTranId: MBR01BSE0002] [TraceId: TRACE-TEST-001] [SpanId: SPN-35df49d9-a79d-4eae-bdc8-0ced7cc43cf0] [DynLevel: ] - <==    Updates: 1
2026-07-01 17:40:17.235 [DEBUG] [Test worker] [c.p.m.c.l.T.insertTransactionLogDetail] [TranId: 20260611141234567MBRmbrAP010000001] [BizTranId: MBR01BSE0002] [TraceId: TRACE-TEST-001] [SpanId: SPN-35df49d9-a79d-4eae-bdc8-0ced7cc43cf0] [DynLevel: ] - ==>  Preparing: INSERT INTO pfw_transaction_log_detail ( LOG_IDX, DETAIL_KEY, DETAIL_VALUE, CREATED_BY, CREATED_AT, UPDATED_BY, UPDATED_AT ) VALUES ( ?, IFNULL(?, 'N/A'), IFNULL(?, 'N/A'), IFNULL(NULLIF(?, 'N/A'), 'PFW'), NOW(), IFNULL(NULLIF(?, 'N/A'), 'PFW'), NOW() )
2026-07-01 17:40:17.235 [DEBUG] [Test worker] [c.p.m.c.l.T.insertTransactionLogDetail] [TranId: 20260611141234567MBRmbrAP010000001] [BizTranId: MBR01BSE0002] [TraceId: TRACE-TEST-001] [SpanId: SPN-35df49d9-a79d-4eae-bdc8-0ced7cc43cf0] [DynLevel: ] - ==> Parameters: 2150(Long), response.messageContent(String), CPF 처리 기준입니다.(String), N/A(String), N/A(String)
2026-07-01 17:40:17.237 [DEBUG] [Test worker] [c.p.m.c.l.T.insertTransactionLogDetail] [TranId: 20260611141234567MBRmbrAP010000001] [BizTranId: MBR01BSE0002] [TraceId: TRACE-TEST-001] [SpanId: SPN-35df49d9-a79d-4eae-bdc8-0ced7cc43cf0] [DynLevel: ] - <==    Updates: 1
2026-07-01 17:40:17.237 [DEBUG] [Test worker] [c.p.m.c.l.T.insertTransactionLogDetail] [TranId: 20260611141234567MBRmbrAP010000001] [BizTranId: MBR01BSE0002] [TraceId: TRACE-TEST-001] [SpanId: SPN-35df49d9-a79d-4eae-bdc8-0ced7cc43cf0] [DynLevel: ] - ==>  Preparing: INSERT INTO pfw_transaction_log_detail ( LOG_IDX, DETAIL_KEY, DETAIL_VALUE, CREATED_BY, CREATED_AT, UPDATED_BY, UPDATED_AT ) VALUES ( ?, IFNULL(?, 'N/A'), IFNULL(?, 'N/A'), IFNULL(NULLIF(?, 'N/A'), 'PFW'), NOW(), IFNULL(NULLIF(?, 'N/A'), 'PFW'), NOW() )
2026-07-01 17:40:17.238 [DEBUG] [Test worker] [c.p.m.c.l.T.insertTransactionLogDetail] [TranId: 20260611141234567MBRmbrAP010000001] [BizTranId: MBR01BSE0002] [TraceId: TRACE-TEST-001] [SpanId: SPN-35df49d9-a79d-4eae-bdc8-0ced7cc43cf0] [DynLevel: ] - ==> Parameters: 2150(Long), error(String), getDetail.memberId: memberId must be positive(String), N/A(String), N/A(String)
2026-07-01 17:40:17.239 [DEBUG] [Test worker] [c.p.m.c.l.T.insertTransactionLogDetail] [TranId: 20260611141234567MBRmbrAP010000001] [BizTranId: MBR01BSE0002] [TraceId: TRACE-TEST-001] [SpanId: SPN-35df49d9-a79d-4eae-bdc8-0ced7cc43cf0] [DynLevel: ] - <==    Updates: 1
2026-07-01 17:40:17.240 [DEBUG] [Test worker] [c.p.m.c.l.T.insertTransactionLogDetail] [TranId: 20260611141234567MBRmbrAP010000001] [BizTranId: MBR01BSE0002] [TraceId: TRACE-TEST-001] [SpanId: SPN-35df49d9-a79d-4eae-bdc8-0ced7cc43cf0] [DynLevel: ] - ==>  Preparing: INSERT INTO pfw_transaction_log_detail ( LOG_IDX, DETAIL_KEY, DETAIL_VALUE, CREATED_BY, CREATED_AT, UPDATED_BY, UPDATED_AT ) VALUES ( ?, IFNULL(?, 'N/A'), IFNULL(?, 'N/A'), IFNULL(NULLIF(?, 'N/A'), 'PFW'), NOW(), IFNULL(NULLIF(?, 'N/A'), 'PFW'), NOW() )
2026-07-01 17:40:17.240 [DEBUG] [Test worker] [c.p.m.c.l.T.insertTransactionLogDetail] [TranId: 20260611141234567MBRmbrAP010000001] [BizTranId: MBR01BSE0002] [TraceId: TRACE-TEST-001] [SpanId: SPN-35df49d9-a79d-4eae-bdc8-0ced7cc43cf0] [DynLevel: ] - ==> Parameters: 2150(Long), error.code(String), ConstraintViolationException(String), N/A(String), N/A(String)
2026-07-01 17:40:17.242 [DEBUG] [Test worker] [c.p.m.c.l.T.insertTransactionLogDetail] [TranId: 20260611141234567MBRmbrAP010000001] [BizTranId: MBR01BSE0002] [TraceId: TRACE-TEST-001] [SpanId: SPN-35df49d9-a79d-4eae-bdc8-0ced7cc43cf0] [DynLevel: ] - <==    Updates: 1
2026-07-01 17:40:17.243 [DEBUG] [Test worker] [c.p.m.c.l.T.insertTransactionLogDetail] [TranId: 20260611141234567MBRmbrAP010000001] [BizTranId: MBR01BSE0002] [TraceId: TRACE-TEST-001] [SpanId: SPN-35df49d9-a79d-4eae-bdc8-0ced7cc43cf0] [DynLevel: ] - ==>  Preparing: INSERT INTO pfw_transaction_log_detail ( LOG_IDX, DETAIL_KEY, DETAIL_VALUE, CREATED_BY, CREATED_AT, UPDATED_BY, UPDATED_AT ) VALUES ( ?, IFNULL(?, 'N/A'), IFNULL(?, 'N/A'), IFNULL(NULLIF(?, 'N/A'), 'PFW'), NOW(), IFNULL(NULLIF(?, 'N/A'), 'PFW'), NOW() )
2026-07-01 17:40:17.243 [DEBUG] [Test worker] [c.p.m.c.l.T.insertTransactionLogDetail] [TranId: 20260611141234567MBRmbrAP010000001] [BizTranId: MBR01BSE0002] [TraceId: TRACE-TEST-001] [SpanId: SPN-35df49d9-a79d-4eae-bdc8-0ced7cc43cf0] [DynLevel: ] - ==> Parameters: 2150(Long), error.externalMessage(String), CPF 처리 기준입니다.(String), N/A(String), N/A(String)
2026-07-01 17:40:17.245 [DEBUG] [Test worker] [c.p.m.c.l.T.insertTransactionLogDetail] [TranId: 20260611141234567MBRmbrAP010000001] [BizTranId: MBR01BSE0002] [TraceId: TRACE-TEST-001] [SpanId: SPN-35df49d9-a79d-4eae-bdc8-0ced7cc43cf0] [DynLevel: ] - <==    Updates: 1
2026-07-01 17:40:17.245 [DEBUG] [Test worker] [c.p.m.c.l.T.insertTransactionLogDetail] [TranId: 20260611141234567MBRmbrAP010000001] [BizTranId: MBR01BSE0002] [TraceId: TRACE-TEST-001] [SpanId: SPN-35df49d9-a79d-4eae-bdc8-0ced7cc43cf0] [DynLevel: ] - ==>  Preparing: INSERT INTO pfw_transaction_log_detail ( LOG_IDX, DETAIL_KEY, DETAIL_VALUE, CREATED_BY, CREATED_AT, UPDATED_BY, UPDATED_AT ) VALUES ( ?, IFNULL(?, 'N/A'), IFNULL(?, 'N/A'), IFNULL(NULLIF(?, 'N/A'), 'PFW'), NOW(), IFNULL(NULLIF(?, 'N/A'), 'PFW'), NOW() )
2026-07-01 17:40:17.246 [DEBUG] [Test worker] [c.p.m.c.l.T.insertTransactionLogDetail] [TranId: 20260611141234567MBRmbrAP010000001] [BizTranId: MBR01BSE0002] [TraceId: TRACE-TEST-001] [SpanId: SPN-35df49d9-a79d-4eae-bdc8-0ced7cc43cf0] [DynLevel: ] - ==> Parameters: 2150(Long), error.internalMessage(String), getDetail.memberId: memberId must be positive(String), N/A(String), N/A(String)
2026-07-01 17:40:17.247 [DEBUG] [Test worker] [c.p.m.c.l.T.insertTransactionLogDetail] [TranId: 20260611141234567MBRmbrAP010000001] [BizTranId: MBR01BSE0002] [TraceId: TRACE-TEST-001] [SpanId: SPN-35df49d9-a79d-4eae-bdc8-0ced7cc43cf0] [DynLevel: ] - <==    Updates: 1
2026-07-01 17:40:17.248 [DEBUG] [Test worker] [c.p.m.c.l.T.insertTransactionLogDetail] [TranId: 20260611141234567MBRmbrAP010000001] [BizTranId: MBR01BSE0002] [TraceId: TRACE-TEST-001] [SpanId: SPN-35df49d9-a79d-4eae-bdc8-0ced7cc43cf0] [DynLevel: ] - ==>  Preparing: INSERT INTO pfw_transaction_log_detail ( LOG_IDX, DETAIL_KEY, DETAIL_VALUE, CREATED_BY, CREATED_AT, UPDATED_BY, UPDATED_AT ) VALUES ( ?, IFNULL(?, 'N/A'), IFNULL(?, 'N/A'), IFNULL(NULLIF(?, 'N/A'), 'PFW'), NOW(), IFNULL(NULLIF(?, 'N/A'), 'PFW'), NOW() )
2026-07-01 17:40:17.248 [DEBUG] [Test worker] [c.p.m.c.l.T.insertTransactionLogDetail] [TranId: 20260611141234567MBRmbrAP010000001] [BizTranId: MBR01BSE0002] [TraceId: TRACE-TEST-001] [SpanId: SPN-35df49d9-a79d-4eae-bdc8-0ced7cc43cf0] [DynLevel: ] - ==> Parameters: 2150(Long), logPolicy.targetType(String), ONLINE_TRANSACTION(String), N/A(String), N/A(String)
2026-07-01 17:40:17.250 [DEBUG] [Test worker] [c.p.m.c.l.T.insertTransactionLogDetail] [TranId: 20260611141234567MBRmbrAP010000001] [BizTranId: MBR01BSE0002] [TraceId: TRACE-TEST-001] [SpanId: SPN-35df49d9-a79d-4eae-bdc8-0ced7cc43cf0] [DynLevel: ] - <==    Updates: 1
2026-07-01 17:40:17.250 [DEBUG] [Test worker] [c.p.m.c.l.T.insertTransactionLogDetail] [TranId: 20260611141234567MBRmbrAP010000001] [BizTranId: MBR01BSE0002] [TraceId: TRACE-TEST-001] [SpanId: SPN-35df49d9-a79d-4eae-bdc8-0ced7cc43cf0] [DynLevel: ] - ==>  Preparing: INSERT INTO pfw_transaction_log_detail ( LOG_IDX, DETAIL_KEY, DETAIL_VALUE, CREATED_BY, CREATED_AT, UPDATED_BY, UPDATED_AT ) VALUES ( ?, IFNULL(?, 'N/A'), IFNULL(?, 'N/A'), IFNULL(NULLIF(?, 'N/A'), 'PFW'), NOW(), IFNULL(NULLIF(?, 'N/A'), 'PFW'), NOW() )
2026-07-01 17:40:17.251 [DEBUG] [Test worker] [c.p.m.c.l.T.insertTransactionLogDetail] [TranId: 20260611141234567MBRmbrAP010000001] [BizTranId: MBR01BSE0002] [TraceId: TRACE-TEST-001] [SpanId: SPN-35df49d9-a79d-4eae-bdc8-0ced7cc43cf0] [DynLevel: ] - ==> Parameters: 2150(Long), logPolicy.targetId(String), MBR01BSE0002(String), N/A(String), N/A(String)
2026-07-01 17:40:17.252 [DEBUG] [Test worker] [c.p.m.c.l.T.insertTransactionLogDetail] [TranId: 20260611141234567MBRmbrAP010000001] [BizTranId: MBR01BSE0002] [TraceId: TRACE-TEST-001] [SpanId: SPN-35df49d9-a79d-4eae-bdc8-0ced7cc43cf0] [DynLevel: ] - <==    Updates: 1
2026-07-01 17:40:17.253 [DEBUG] [Test worker] [c.p.m.c.l.T.insertTransactionLogDetail] [TranId: 20260611141234567MBRmbrAP010000001] [BizTranId: MBR01BSE0002] [TraceId: TRACE-TEST-001] [SpanId: SPN-35df49d9-a79d-4eae-bdc8-0ced7cc43cf0] [DynLevel: ] - ==>  Preparing: INSERT INTO pfw_transaction_log_detail ( LOG_IDX, DETAIL_KEY, DETAIL_VALUE, CREATED_BY, CREATED_AT, UPDATED_BY, UPDATED_AT ) VALUES ( ?, IFNULL(?, 'N/A'), IFNULL(?, 'N/A'), IFNULL(NULLIF(?, 'N/A'), 'PFW'), NOW(), IFNULL(NULLIF(?, 'N/A'), 'PFW'), NOW() )
2026-07-01 17:40:17.254 [DEBUG] [Test worker] [c.p.m.c.l.T.insertTransactionLogDetail] [TranId: 20260611141234567MBRmbrAP010000001] [BizTranId: MBR01BSE0002] [TraceId: TRACE-TEST-001] [SpanId: SPN-35df49d9-a79d-4eae-bdc8-0ced7cc43cf0] [DynLevel: ] - ==> Parameters: 2150(Long), logPolicy.fileLogLevel(String), INFO(String), N/A(String), N/A(String)
2026-07-01 17:40:17.255 [DEBUG] [Test worker] [c.p.m.c.l.T.insertTransactionLogDetail] [TranId: 20260611141234567MBRmbrAP010000001] [BizTranId: MBR01BSE0002] [TraceId: TRACE-TEST-001] [SpanId: SPN-35df49d9-a79d-4eae-bdc8-0ced7cc43cf0] [DynLevel: ] - <==    Updates: 1
2026-07-01 17:40:17.255 [DEBUG] [Test worker] [c.p.m.c.l.T.insertTransactionLogDetail] [TranId: 20260611141234567MBRmbrAP010000001] [BizTranId: MBR01BSE0002] [TraceId: TRACE-TEST-001] [SpanId: SPN-35df49d9-a79d-4eae-bdc8-0ced7cc43cf0] [DynLevel: ] - ==>  Preparing: INSERT INTO pfw_transaction_log_detail ( LOG_IDX, DETAIL_KEY, DETAIL_VALUE, CREATED_BY, CREATED_AT, UPDATED_BY, UPDATED_AT ) VALUES ( ?, IFNULL(?, 'N/A'), IFNULL(?, 'N/A'), IFNULL(NULLIF(?, 'N/A'), 'PFW'), NOW(), IFNULL(NULLIF(?, 'N/A'), 'PFW'), NOW() )
2026-07-01 17:40:17.256 [DEBUG] [Test worker] [c.p.m.c.l.T.insertTransactionLogDetail] [TranId: 20260611141234567MBRmbrAP010000001] [BizTranId: MBR01BSE0002] [TraceId: TRACE-TEST-001] [SpanId: SPN-35df49d9-a79d-4eae-bdc8-0ced7cc43cf0] [DynLevel: ] - ==> Parameters: 2150(Long), logPolicy.dbLogEnabled(String), Y(String), N/A(String), N/A(String)
2026-07-01 17:40:17.257 [DEBUG] [Test worker] [c.p.m.c.l.T.insertTransactionLogDetail] [TranId: 20260611141234567MBRmbrAP010000001] [BizTranId: MBR01BSE0002] [TraceId: TRACE-TEST-001] [SpanId: SPN-35df49d9-a79d-4eae-bdc8-0ced7cc43cf0] [DynLevel: ] - <==    Updates: 1
2026-07-01 17:40:17.258 [DEBUG] [Test worker] [c.p.m.c.l.T.insertTransactionLogDetail] [TranId: 20260611141234567MBRmbrAP010000001] [BizTranId: MBR01BSE0002] [TraceId: TRACE-TEST-001] [SpanId: SPN-35df49d9-a79d-4eae-bdc8-0ced7cc43cf0] [DynLevel: ] - ==>  Preparing: INSERT INTO pfw_transaction_log_detail ( LOG_IDX, DETAIL_KEY, DETAIL_VALUE, CREATED_BY, CREATED_AT, UPDATED_BY, UPDATED_AT ) VALUES ( ?, IFNULL(?, 'N/A'), IFNULL(?, 'N/A'), IFNULL(NULLIF(?, 'N/A'), 'PFW'), NOW(), IFNULL(NULLIF(?, 'N/A'), 'PFW'), NOW() )
2026-07-01 17:40:17.258 [DEBUG] [Test worker] [c.p.m.c.l.T.insertTransactionLogDetail] [TranId: 20260611141234567MBRmbrAP010000001] [BizTranId: MBR01BSE0002] [TraceId: TRACE-TEST-001] [SpanId: SPN-35df49d9-a79d-4eae-bdc8-0ced7cc43cf0] [DynLevel: ] - ==> Parameters: 2150(Long), logPolicy.dbLogLevel(String), INFO(String), N/A(String), N/A(String)
2026-07-01 17:40:17.259 [DEBUG] [Test worker] [c.p.m.c.l.T.insertTransactionLogDetail] [TranId: 20260611141234567MBRmbrAP010000001] [BizTranId: MBR01BSE0002] [TraceId: TRACE-TEST-001] [SpanId: SPN-35df49d9-a79d-4eae-bdc8-0ced7cc43cf0] [DynLevel: ] - <==    Updates: 1
2026-07-01 17:40:17.260 [DEBUG] [Test worker] [c.p.m.c.l.T.insertTransactionLogDetail] [TranId: 20260611141234567MBRmbrAP010000001] [BizTranId: MBR01BSE0002] [TraceId: TRACE-TEST-001] [SpanId: SPN-35df49d9-a79d-4eae-bdc8-0ced7cc43cf0] [DynLevel: ] - ==>  Preparing: INSERT INTO pfw_transaction_log_detail ( LOG_IDX, DETAIL_KEY, DETAIL_VALUE, CREATED_BY, CREATED_AT, UPDATED_BY, UPDATED_AT ) VALUES ( ?, IFNULL(?, 'N/A'), IFNULL(?, 'N/A'), IFNULL(NULLIF(?, 'N/A'), 'PFW'), NOW(), IFNULL(NULLIF(?, 'N/A'), 'PFW'), NOW() )
2026-07-01 17:40:17.260 [DEBUG] [Test worker] [c.p.m.c.l.T.insertTransactionLogDetail] [TranId: 20260611141234567MBRmbrAP010000001] [BizTranId: MBR01BSE0002] [TraceId: TRACE-TEST-001] [SpanId: SPN-35df49d9-a79d-4eae-bdc8-0ced7cc43cf0] [DynLevel: ] - ==> Parameters: 2150(Long), logPolicy.requestBodySaveYn(String), N(String), N/A(String), N/A(String)
2026-07-01 17:40:17.261 [DEBUG] [Test worker] [c.p.m.c.l.T.insertTransactionLogDetail] [TranId: 20260611141234567MBRmbrAP010000001] [BizTranId: MBR01BSE0002] [TraceId: TRACE-TEST-001] [SpanId: SPN-35df49d9-a79d-4eae-bdc8-0ced7cc43cf0] [DynLevel: ] - <==    Updates: 1
2026-07-01 17:40:17.262 [DEBUG] [Test worker] [c.p.m.c.l.T.insertTransactionLogDetail] [TranId: 20260611141234567MBRmbrAP010000001] [BizTranId: MBR01BSE0002] [TraceId: TRACE-TEST-001] [SpanId: SPN-35df49d9-a79d-4eae-bdc8-0ced7cc43cf0] [DynLevel: ] - ==>  Preparing: INSERT INTO pfw_transaction_log_detail ( LOG_IDX, DETAIL_KEY, DETAIL_VALUE, CREATED_BY, CREATED_AT, UPDATED_BY, UPDATED_AT ) VALUES ( ?, IFNULL(?, 'N/A'), IFNULL(?, 'N/A'), IFNULL(NULLIF(?, 'N/A'), 'PFW'), NOW(), IFNULL(NULLIF(?, 'N/A'), 'PFW'), NOW() )
2026-07-01 17:40:17.263 [DEBUG] [Test worker] [c.p.m.c.l.T.insertTransactionLogDetail] [TranId: 20260611141234567MBRmbrAP010000001] [BizTranId: MBR01BSE0002] [TraceId: TRACE-TEST-001] [SpanId: SPN-35df49d9-a79d-4eae-bdc8-0ced7cc43cf0] [DynLevel: ] - ==> Parameters: 2150(Long), logPolicy.responseBodySaveYn(String), N(String), N/A(String), N/A(String)
2026-07-01 17:40:17.264 [DEBUG] [Test worker] [c.p.m.c.l.T.insertTransactionLogDetail] [TranId: 20260611141234567MBRmbrAP010000001] [BizTranId: MBR01BSE0002] [TraceId: TRACE-TEST-001] [SpanId: SPN-35df49d9-a79d-4eae-bdc8-0ced7cc43cf0] [DynLevel: ] - <==    Updates: 1
2026-07-01 17:40:17.264 [DEBUG] [Test worker] [c.p.m.c.l.T.insertTransactionLogDetail] [TranId: 20260611141234567MBRmbrAP010000001] [BizTranId: MBR01BSE0002] [TraceId: TRACE-TEST-001] [SpanId: SPN-35df49d9-a79d-4eae-bdc8-0ced7cc43cf0] [DynLevel: ] - ==>  Preparing: INSERT INTO pfw_transaction_log_detail ( LOG_IDX, DETAIL_KEY, DETAIL_VALUE, CREATED_BY, CREATED_AT, UPDATED_BY, UPDATED_AT ) VALUES ( ?, IFNULL(?, 'N/A'), IFNULL(?, 'N/A'), IFNULL(NULLIF(?, 'N/A'), 'PFW'), NOW(), IFNULL(NULLIF(?, 'N/A'), 'PFW'), NOW() )
2026-07-01 17:40:17.265 [DEBUG] [Test worker] [c.p.m.c.l.T.insertTransactionLogDetail] [TranId: 20260611141234567MBRmbrAP010000001] [BizTranId: MBR01BSE0002] [TraceId: TRACE-TEST-001] [SpanId: SPN-35df49d9-a79d-4eae-bdc8-0ced7cc43cf0] [DynLevel: ] - ==> Parameters: 2150(Long), logPolicy.errorStackSaveYn(String), Y(String), N/A(String), N/A(String)
2026-07-01 17:40:17.266 [DEBUG] [Test worker] [c.p.m.c.l.T.insertTransactionLogDetail] [TranId: 20260611141234567MBRmbrAP010000001] [BizTranId: MBR01BSE0002] [TraceId: TRACE-TEST-001] [SpanId: SPN-35df49d9-a79d-4eae-bdc8-0ced7cc43cf0] [DynLevel: ] - <==    Updates: 1
2026-07-01 17:40:17.267 [DEBUG] [Test worker] [c.p.m.c.l.T.insertTransactionLogDetail] [TranId: 20260611141234567MBRmbrAP010000001] [BizTranId: MBR01BSE0002] [TraceId: TRACE-TEST-001] [SpanId: SPN-35df49d9-a79d-4eae-bdc8-0ced7cc43cf0] [DynLevel: ] - ==>  Preparing: INSERT INTO pfw_transaction_log_detail ( LOG_IDX, DETAIL_KEY, DETAIL_VALUE, CREATED_BY, CREATED_AT, UPDATED_BY, UPDATED_AT ) VALUES ( ?, IFNULL(?, 'N/A'), IFNULL(?, 'N/A'), IFNULL(NULLIF(?, 'N/A'), 'PFW'), NOW(), IFNULL(NULLIF(?, 'N/A'), 'PFW'), NOW() )
2026-07-01 17:40:17.267 [DEBUG] [Test worker] [c.p.m.c.l.T.insertTransactionLogDetail] [TranId: 20260611141234567MBRmbrAP010000001] [BizTranId: MBR01BSE0002] [TraceId: TRACE-TEST-001] [SpanId: SPN-35df49d9-a79d-4eae-bdc8-0ced7cc43cf0] [DynLevel: ] - ==> Parameters: 2150(Long), logPolicy.maskingPolicyKey(String), DEFAULT(String), N/A(String), N/A(String)
2026-07-01 17:40:17.269 [DEBUG] [Test worker] [c.p.m.c.l.T.insertTransactionLogDetail] [TranId: 20260611141234567MBRmbrAP010000001] [BizTranId: MBR01BSE0002] [TraceId: TRACE-TEST-001] [SpanId: SPN-35df49d9-a79d-4eae-bdc8-0ced7cc43cf0] [DynLevel: ] - <==    Updates: 1
2026-07-01 17:40:17.269 [DEBUG] [Test worker] [c.p.m.c.l.T.insertTransactionLogDetail] [TranId: 20260611141234567MBRmbrAP010000001] [BizTranId: MBR01BSE0002] [TraceId: TRACE-TEST-001] [SpanId: SPN-35df49d9-a79d-4eae-bdc8-0ced7cc43cf0] [DynLevel: ] - ==>  Preparing: INSERT INTO pfw_transaction_log_detail ( LOG_IDX, DETAIL_KEY, DETAIL_VALUE, CREATED_BY, CREATED_AT, UPDATED_BY, UPDATED_AT ) VALUES ( ?, IFNULL(?, 'N/A'), IFNULL(?, 'N/A'), IFNULL(NULLIF(?, 'N/A'), 'PFW'), NOW(), IFNULL(NULLIF(?, 'N/A'), 'PFW'), NOW() )
2026-07-01 17:40:17.270 [DEBUG] [Test worker] [c.p.m.c.l.T.insertTransactionLogDetail] [TranId: 20260611141234567MBRmbrAP010000001] [BizTranId: MBR01BSE0002] [TraceId: TRACE-TEST-001] [SpanId: SPN-35df49d9-a79d-4eae-bdc8-0ced7cc43cf0] [DynLevel: ] - ==> Parameters: 2150(Long), logPolicy.resolvedSource(String), DB_POLICY(String), N/A(String), N/A(String)
2026-07-01 17:40:17.271 [DEBUG] [Test worker] [c.p.m.c.l.T.insertTransactionLogDetail] [TranId: 20260611141234567MBRmbrAP010000001] [BizTranId: MBR01BSE0002] [TraceId: TRACE-TEST-001] [SpanId: SPN-35df49d9-a79d-4eae-bdc8-0ced7cc43cf0] [DynLevel: ] - <==    Updates: 1
2026-07-01 17:40:17.272 [DEBUG] [Test worker] [c.p.m.c.l.T.insertTransactionLogDetail] [TranId: 20260611141234567MBRmbrAP010000001] [BizTranId: MBR01BSE0002] [TraceId: TRACE-TEST-001] [SpanId: SPN-35df49d9-a79d-4eae-bdc8-0ced7cc43cf0] [DynLevel: ] - ==>  Preparing: INSERT INTO pfw_transaction_log_detail ( LOG_IDX, DETAIL_KEY, DETAIL_VALUE, CREATED_BY, CREATED_AT, UPDATED_BY, UPDATED_AT ) VALUES ( ?, IFNULL(?, 'N/A'), IFNULL(?, 'N/A'), IFNULL(NULLIF(?, 'N/A'), 'PFW'), NOW(), IFNULL(NULLIF(?, 'N/A'), 'PFW'), NOW() )
2026-07-01 17:40:17.273 [DEBUG] [Test worker] [c.p.m.c.l.T.insertTransactionLogDetail] [TranId: 20260611141234567MBRmbrAP010000001] [BizTranId: MBR01BSE0002] [TraceId: TRACE-TEST-001] [SpanId: SPN-35df49d9-a79d-4eae-bdc8-0ced7cc43cf0] [DynLevel: ] - ==> Parameters: 2150(Long), logPolicy.policyId(String), 1(String), N/A(String), N/A(String)
2026-07-01 17:40:17.274 [DEBUG] [Test worker] [c.p.m.c.l.T.insertTransactionLogDetail] [TranId: 20260611141234567MBRmbrAP010000001] [BizTranId: MBR01BSE0002] [TraceId: TRACE-TEST-001] [SpanId: SPN-35df49d9-a79d-4eae-bdc8-0ced7cc43cf0] [DynLevel: ] - <==    Updates: 1
2026-07-01 17:40:17.276 [DEBUG] [Test worker] [c.p.m.c.l.T.insertTransactionLogDetail] [TranId: 20260611141234567MBRmbrAP010000001] [BizTranId: MBR01BSE0002] [TraceId: TRACE-TEST-001] [SpanId: SPN-35df49d9-a79d-4eae-bdc8-0ced7cc43cf0] [DynLevel: ] - ==>  Preparing: INSERT INTO pfw_transaction_log_detail ( LOG_IDX, DETAIL_KEY, DETAIL_VALUE, CREATED_BY, CREATED_AT, UPDATED_BY, UPDATED_AT ) VALUES ( ?, IFNULL(?, 'N/A'), IFNULL(?, 'N/A'), IFNULL(NULLIF(?, 'N/A'), 'PFW'), NOW(), IFNULL(NULLIF(?, 'N/A'), 'PFW'), NOW() )
2026-07-01 17:40:17.276 [DEBUG] [Test worker] [c.p.m.c.l.T.insertTransactionLogDetail] [TranId: 20260611141234567MBRmbrAP010000001] [BizTranId: MBR01BSE0002] [TraceId: TRACE-TEST-001] [SpanId: SPN-35df49d9-a79d-4eae-bdc8-0ced7cc43cf0] [DynLevel: ] - ==> Parameters: 2150(Long), headers(String), {"X-Transaction-Id":"20260611141234567MBRmbrAP010000001","X-Original-Transaction-Id":"20260611141234567MBRmbrAP010000001","X-Trace-Id":"TRACE-TEST-001","X-Span-Id":"SPN-35df49d9-a79d-4eae-bdc8-0ced7cc43cf0","X-Request-Type":"INQUIRY","X-Original-Channel-Code":"MBL","X-Channel-Code":"MBR","X-Member-No":"10000001","X-Client-IP":"127.0.0.1","CPF-Was-Id":"local01","X-Reserved-Field-1":"reserved-1","X-Reserved-Field-2":"reserved-2"}(String), N/A(String), N/A(String)
2026-07-01 17:40:17.277 [DEBUG] [Test worker] [c.p.m.c.l.T.insertTransactionLogDetail] [TranId: 20260611141234567MBRmbrAP010000001] [BizTranId: MBR01BSE0002] [TraceId: TRACE-TEST-001] [SpanId: SPN-35df49d9-a79d-4eae-bdc8-0ced7cc43cf0] [DynLevel: ] - <==    Updates: 1
2026-07-01 17:40:17.279 [DEBUG] [Test worker] [c.p.m.c.l.T.insertTransactionLogDetail] [TranId: 20260611141234567MBRmbrAP010000001] [BizTranId: MBR01BSE0002] [TraceId: TRACE-TEST-001] [SpanId: SPN-35df49d9-a79d-4eae-bdc8-0ced7cc43cf0] [DynLevel: ] - ==>  Preparing: INSERT INTO pfw_transaction_log_detail ( LOG_IDX, DETAIL_KEY, DETAIL_VALUE, CREATED_BY, CREATED_AT, UPDATED_BY, UPDATED_AT ) VALUES ( ?, IFNULL(?, 'N/A'), IFNULL(?, 'N/A'), IFNULL(NULLIF(?, 'N/A'), 'PFW'), NOW(), IFNULL(NULLIF(?, 'N/A'), 'PFW'), NOW() )
2026-07-01 17:40:17.280 [DEBUG] [Test worker] [c.p.m.c.l.T.insertTransactionLogDetail] [TranId: 20260611141234567MBRmbrAP010000001] [BizTranId: MBR01BSE0002] [TraceId: TRACE-TEST-001] [SpanId: SPN-35df49d9-a79d-4eae-bdc8-0ced7cc43cf0] [DynLevel: ] - ==> Parameters: 2150(Long), inboundHeaders(String), {"X-Transaction-Id":"20260611141234567MBRmbrAP010000001","X-Original-Transaction-Id":"20260611141234567MBRmbrAP010000001","X-Trace-Id":"TRACE-TEST-001","X-Span-Id":"SPN-35df49d9-a79d-4eae-bdc8-0ced7cc43cf0","X-Request-Type":"INQUIRY","X-Original-Channel-Code":"MBL","X-Channel-Code":"MBR","X-Member-No":"10000001","X-Client-IP":"127.0.0.1","CPF-Was-Id":"local01","X-Reserved-Field-1":"reserved-1","X-Reserved-Field-2":"reserved-2"}(String), N/A(String), N/A(String)
2026-07-01 17:40:17.281 [DEBUG] [Test worker] [c.p.m.c.l.T.insertTransactionLogDetail] [TranId: 20260611141234567MBRmbrAP010000001] [BizTranId: MBR01BSE0002] [TraceId: TRACE-TEST-001] [SpanId: SPN-35df49d9-a79d-4eae-bdc8-0ced7cc43cf0] [DynLevel: ] - <==    Updates: 1
2026-07-01 17:40:17.282 [DEBUG] [Test worker] [c.p.m.c.l.T.insertTransactionLogDetail] [TranId: 20260611141234567MBRmbrAP010000001] [BizTranId: MBR01BSE0002] [TraceId: TRACE-TEST-001] [SpanId: SPN-35df49d9-a79d-4eae-bdc8-0ced7cc43cf0] [DynLevel: ] - ==>  Preparing: INSERT INTO pfw_transaction_log_detail ( LOG_IDX, DETAIL_KEY, DETAIL_VALUE, CREATED_BY, CREATED_AT, UPDATED_BY, UPDATED_AT ) VALUES ( ?, IFNULL(?, 'N/A'), IFNULL(?, 'N/A'), IFNULL(NULLIF(?, 'N/A'), 'PFW'), NOW(), IFNULL(NULLIF(?, 'N/A'), 'PFW'), NOW() )
2026-07-01 17:40:17.283 [DEBUG] [Test worker] [c.p.m.c.l.T.insertTransactionLogDetail] [TranId: 20260611141234567MBRmbrAP010000001] [BizTranId: MBR01BSE0002] [TraceId: TRACE-TEST-001] [SpanId: SPN-35df49d9-a79d-4eae-bdc8-0ced7cc43cf0] [DynLevel: ] - ==> Parameters: 2150(Long), resolvedHeaders(String), {"X-Transaction-Id":"20260611141234567MBRmbrAP010000001","X-Original-Transaction-Id":"20260611141234567MBRmbrAP010000001","X-Trace-Id":"TRACE-TEST-001","X-Span-Id":"SPN-35df49d9-a79d-4eae-bdc8-0ced7cc43cf0","X-Request-Type":"INQUIRY","X-Original-Channel-Code":"MBL","X-Channel-Code":"MBR","X-Member-No":"10000001","X-Client-IP":"127.0.0.1","CPF-Was-Id":"local01","X-Reserved-Field-1":"reserved-1","X-Reserved-Field-2":"reserved-2"}(String), N/A(String), N/A(String)
2026-07-01 17:40:17.284 [DEBUG] [Test worker] [c.p.m.c.l.T.insertTransactionLogDetail] [TranId: 20260611141234567MBRmbrAP010000001] [BizTranId: MBR01BSE0002] [TraceId: TRACE-TEST-001] [SpanId: SPN-35df49d9-a79d-4eae-bdc8-0ced7cc43cf0] [DynLevel: ] - <==    Updates: 1
2026-07-01 17:40:17.286 [DEBUG] [Test worker] [c.p.m.c.l.T.insertTransactionLogDetail] [TranId: 20260611141234567MBRmbrAP010000001] [BizTranId: MBR01BSE0002] [TraceId: TRACE-TEST-001] [SpanId: SPN-35df49d9-a79d-4eae-bdc8-0ced7cc43cf0] [DynLevel: ] - ==>  Preparing: INSERT INTO pfw_transaction_log_detail ( LOG_IDX, DETAIL_KEY, DETAIL_VALUE, CREATED_BY, CREATED_AT, UPDATED_BY, UPDATED_AT ) VALUES ( ?, IFNULL(?, 'N/A'), IFNULL(?, 'N/A'), IFNULL(NULLIF(?, 'N/A'), 'PFW'), NOW(), IFNULL(NULLIF(?, 'N/A'), 'PFW'), NOW() )
2026-07-01 17:40:17.288 [DEBUG] [Test worker] [c.p.m.c.l.T.insertTransactionLogDetail] [TranId: 20260611141234567MBRmbrAP010000001] [BizTranId: MBR01BSE0002] [TraceId: TRACE-TEST-001] [SpanId: SPN-35df49d9-a79d-4eae-bdc8-0ced7cc43cf0] [DynLevel: ] - ==> Parameters: 2150(Long), outboundHeaders(String), {"X-Transaction-Id":"20260611141234567MBRmbrAP010000001","X-Parent-Transaction-Id":"20260611141234567MBRmbrAP010000001","X-Original-Transaction-Id":"20260611141234567MBRmbrAP010000001","X-Trace-Id":"TRACE-TEST-001","X-Parent-Span-Id":"SPN-35df49d9-a79d-4eae-bdc8-0ced7cc43cf0","X-Request-Type":"INQUIRY","X-Original-Channel-Code":"MBL","X-Channel-Code":"MBR","X-Member-No":"10000001"}(String), N/A(String), N/A(String)
2026-07-01 17:40:17.290 [DEBUG] [Test worker] [c.p.m.c.l.T.insertTransactionLogDetail] [TranId: 20260611141234567MBRmbrAP010000001] [BizTranId: MBR01BSE0002] [TraceId: TRACE-TEST-001] [SpanId: SPN-35df49d9-a79d-4eae-bdc8-0ced7cc43cf0] [DynLevel: ] - <==    Updates: 1
2026-07-01 17:40:17.291 [DEBUG] [Test worker] [c.p.m.c.l.T.insertTransactionLogDetail] [TranId: 20260611141234567MBRmbrAP010000001] [BizTranId: MBR01BSE0002] [TraceId: TRACE-TEST-001] [SpanId: SPN-35df49d9-a79d-4eae-bdc8-0ced7cc43cf0] [DynLevel: ] - ==>  Preparing: INSERT INTO pfw_transaction_log_detail ( LOG_IDX, DETAIL_KEY, DETAIL_VALUE, CREATED_BY, CREATED_AT, UPDATED_BY, UPDATED_AT ) VALUES ( ?, IFNULL(?, 'N/A'), IFNULL(?, 'N/A'), IFNULL(NULLIF(?, 'N/A'), 'PFW'), NOW(), IFNULL(NULLIF(?, 'N/A'), 'PFW'), NOW() )
2026-07-01 17:40:17.291 [DEBUG] [Test worker] [c.p.m.c.l.T.insertTransactionLogDetail] [TranId: 20260611141234567MBRmbrAP010000001] [BizTranId: MBR01BSE0002] [TraceId: TRACE-TEST-001] [SpanId: SPN-35df49d9-a79d-4eae-bdc8-0ced7cc43cf0] [DynLevel: ] - ==> Parameters: 2150(Long), responseHeaders(String), {"X-Transaction-Id":"20260611141234567MBRmbrAP010000001","X-Trace-Id":"TRACE-TEST-001","X-Span-Id":"SPN-35df49d9-a79d-4eae-bdc8-0ced7cc43cf0"}(String), N/A(String), N/A(String)
2026-07-01 17:40:17.292 [DEBUG] [Test worker] [c.p.m.c.l.T.insertTransactionLogDetail] [TranId: 20260611141234567MBRmbrAP010000001] [BizTranId: MBR01BSE0002] [TraceId: TRACE-TEST-001] [SpanId: SPN-35df49d9-a79d-4eae-bdc8-0ced7cc43cf0] [DynLevel: ] - <==    Updates: 1
2026-07-01 17:40:17.294 [DEBUG] [Test worker] [c.p.m.c.l.T.insertTransactionLogDetail] [TranId: 20260611141234567MBRmbrAP010000001] [BizTranId: MBR01BSE0002] [TraceId: TRACE-TEST-001] [SpanId: SPN-35df49d9-a79d-4eae-bdc8-0ced7cc43cf0] [DynLevel: ] - ==>  Preparing: INSERT INTO pfw_transaction_log_detail ( LOG_IDX, DETAIL_KEY, DETAIL_VALUE, CREATED_BY, CREATED_AT, UPDATED_BY, UPDATED_AT ) VALUES ( ?, IFNULL(?, 'N/A'), IFNULL(?, 'N/A'), IFNULL(NULLIF(?, 'N/A'), 'PFW'), NOW(), IFNULL(NULLIF(?, 'N/A'), 'PFW'), NOW() )
2026-07-01 17:40:17.295 [DEBUG] [Test worker] [c.p.m.c.l.T.insertTransactionLogDetail] [TranId: 20260611141234567MBRmbrAP010000001] [BizTranId: MBR01BSE0002] [TraceId: TRACE-TEST-001] [SpanId: SPN-35df49d9-a79d-4eae-bdc8-0ced7cc43cf0] [DynLevel: ] - ==> Parameters: 2150(Long), transactionHeader(String), TransactionHeader(parentTransactionId=null, originalTransactionId=null, requestId=null, externalRequestId=null, apiVersion=null, clientAppId=null, clientVersion=null, callerService=null, callerInstanceId=null, correlationId=null, idempotencyKey=null, locale=null, timezone=null, requestType=INQUIRY, originalChannelCode=MBL, channelCode=MBR, channelDetailCode=null, memberNo=10000001, customerNo=null, userId=null, operatorId=null, tenantId=null, organizationCode=null, branchCode=null, screenId=null, deviceId=null, clientRequestTime=null, clientIp=127.0.0.1, forwardedFor=null, forwarded=null, realIp=null, clientCountryCode=null, clientRegionCode=null, clientTimezone=null, traceparent=null, tracestate=null, userAgent=null, requestTimestamp=null, reservedField1=reserved-1, reservedField2=reserved-2, reservedField3=null, reservedField4=null, reservedField5=null, wasId=local01)(String), N/A(String), N/A(String)
2026-07-01 17:40:17.296 [DEBUG] [Test worker] [c.p.m.c.l.T.insertTransactionLogDetail] [TranId: 20260611141234567MBRmbrAP010000001] [BizTranId: MBR01BSE0002] [TraceId: TRACE-TEST-001] [SpanId: SPN-35df49d9-a79d-4eae-bdc8-0ced7cc43cf0] [DynLevel: ] - <==    Updates: 1
2026-07-01 17:40:17.297 [DEBUG] [Test worker] [c.p.m.c.l.T.insertTransactionLogDetail] [TranId: 20260611141234567MBRmbrAP010000001] [BizTranId: MBR01BSE0002] [TraceId: TRACE-TEST-001] [SpanId: SPN-35df49d9-a79d-4eae-bdc8-0ced7cc43cf0] [DynLevel: ] - ==>  Preparing: INSERT INTO pfw_transaction_log_detail ( LOG_IDX, DETAIL_KEY, DETAIL_VALUE, CREATED_BY, CREATED_AT, UPDATED_BY, UPDATED_AT ) VALUES ( ?, IFNULL(?, 'N/A'), IFNULL(?, 'N/A'), IFNULL(NULLIF(?, 'N/A'), 'PFW'), NOW(), IFNULL(NULLIF(?, 'N/A'), 'PFW'), NOW() )
2026-07-01 17:40:17.299 [DEBUG] [Test worker] [c.p.m.c.l.T.insertTransactionLogDetail] [TranId: 20260611141234567MBRmbrAP010000001] [BizTranId: MBR01BSE0002] [TraceId: TRACE-TEST-001] [SpanId: SPN-35df49d9-a79d-4eae-bdc8-0ced7cc43cf0] [DynLevel: ] - ==> Parameters: 2150(Long), propagationHeaders(String), {"X-Transaction-Id":"20260611141234567MBRmbrAP010000001","X-Parent-Transaction-Id":"20260611141234567MBRmbrAP010000001","X-Original-Transaction-Id":"20260611141234567MBRmbrAP010000001","X-Trace-Id":"TRACE-TEST-001","X-Parent-Span-Id":"SPN-35df49d9-a79d-4eae-bdc8-0ced7cc43cf0","X-Request-Type":"INQUIRY","X-Original-Channel-Code":"MBL","X-Channel-Code":"MBR","X-Member-No":"10000001"}(String), N/A(String), N/A(String)
2026-07-01 17:40:17.300 [DEBUG] [Test worker] [c.p.m.c.l.T.insertTransactionLogDetail] [TranId: 20260611141234567MBRmbrAP010000001] [BizTranId: MBR01BSE0002] [TraceId: TRACE-TEST-001] [SpanId: SPN-35df49d9-a79d-4eae-bdc8-0ced7cc43cf0] [DynLevel: ] - <==    Updates: 1
2026-07-01 17:40:17.301 [DEBUG] [Test worker] [c.p.m.c.l.T.insertTransactionLogDetail] [TranId: 20260611141234567MBRmbrAP010000001] [BizTranId: MBR01BSE0002] [TraceId: TRACE-TEST-001] [SpanId: SPN-35df49d9-a79d-4eae-bdc8-0ced7cc43cf0] [DynLevel: ] - ==>  Preparing: INSERT INTO pfw_transaction_log_detail ( LOG_IDX, DETAIL_KEY, DETAIL_VALUE, CREATED_BY, CREATED_AT, UPDATED_BY, UPDATED_AT ) VALUES ( ?, IFNULL(?, 'N/A'), IFNULL(?, 'N/A'), IFNULL(NULLIF(?, 'N/A'), 'PFW'), NOW(), IFNULL(NULLIF(?, 'N/A'), 'PFW'), NOW() )
2026-07-01 17:40:17.301 [DEBUG] [Test worker] [c.p.m.c.l.T.insertTransactionLogDetail] [TranId: 20260611141234567MBRmbrAP010000001] [BizTranId: MBR01BSE0002] [TraceId: TRACE-TEST-001] [SpanId: SPN-35df49d9-a79d-4eae-bdc8-0ced7cc43cf0] [DynLevel: ] - ==> Parameters: 2150(Long), workflowPropagationHeaders(String), {}(String), N/A(String), N/A(String)
2026-07-01 17:40:17.302 [DEBUG] [Test worker] [c.p.m.c.l.T.insertTransactionLogDetail] [TranId: 20260611141234567MBRmbrAP010000001] [BizTranId: MBR01BSE0002] [TraceId: TRACE-TEST-001] [SpanId: SPN-35df49d9-a79d-4eae-bdc8-0ced7cc43cf0] [DynLevel: ] - <==    Updates: 1
2026-07-01 17:40:17.302 [DEBUG] [Test worker] [c.p.m.c.l.T.insertTransactionLogDetail] [TranId: 20260611141234567MBRmbrAP010000001] [BizTranId: MBR01BSE0002] [TraceId: TRACE-TEST-001] [SpanId: SPN-35df49d9-a79d-4eae-bdc8-0ced7cc43cf0] [DynLevel: ] - ==>  Preparing: INSERT INTO pfw_transaction_log_detail ( LOG_IDX, DETAIL_KEY, DETAIL_VALUE, CREATED_BY, CREATED_AT, UPDATED_BY, UPDATED_AT ) VALUES ( ?, IFNULL(?, 'N/A'), IFNULL(?, 'N/A'), IFNULL(NULLIF(?, 'N/A'), 'PFW'), NOW(), IFNULL(NULLIF(?, 'N/A'), 'PFW'), NOW() )
2026-07-01 17:40:17.302 [DEBUG] [Test worker] [c.p.m.c.l.T.insertTransactionLogDetail] [TranId: 20260611141234567MBRmbrAP010000001] [BizTranId: MBR01BSE0002] [TraceId: TRACE-TEST-001] [SpanId: SPN-35df49d9-a79d-4eae-bdc8-0ced7cc43cf0] [DynLevel: ] - ==> Parameters: 2150(Long), errorMessage(String), getDetail.memberId: memberId must be positive(String), N/A(String), N/A(String)
2026-07-01 17:40:17.303 [DEBUG] [Test worker] [c.p.m.c.l.T.insertTransactionLogDetail] [TranId: 20260611141234567MBRmbrAP010000001] [BizTranId: MBR01BSE0002] [TraceId: TRACE-TEST-001] [SpanId: SPN-35df49d9-a79d-4eae-bdc8-0ced7cc43cf0] [DynLevel: ] - <==    Updates: 1
2026-07-01 17:40:17.307 [DEBUG] [Test worker] [o.s.w.s.m.m.a.ExceptionHandlerExceptionResolver] [TranId: 20260611141234567MBRmbrAP010000001] [BizTranId: MBR01BSE0002] [TraceId: TRACE-TEST-001] [SpanId: SPN-35df49d9-a79d-4eae-bdc8-0ced7cc43cf0] [DynLevel: ] - Using @ExceptionHandler cpf.mbr.common.exception.GlobalExceptionHandler#handleConstraintViolationException(ConstraintViolationException, WebRequest)
2026-07-01 17:40:17.309 [WARN ] [Test worker] [c.m.c.e.GlobalExceptionHandler] [TranId: 20260611141234567MBRmbrAP010000001] [BizTranId: MBR01BSE0002] [TraceId: TRACE-TEST-001] [SpanId: SPN-35df49d9-a79d-4eae-bdc8-0ced7cc43cf0] [DynLevel: ] - Constraint Violation Exception - getDetail.memberId: memberId must be positive
2026-07-01 17:40:17.378 [DEBUG] [Test worker] [o.s.w.s.m.m.a.HttpEntityMethodProcessor] [TranId: 20260611141234567MBRmbrAP010000001] [BizTranId: MBR01BSE0002] [TraceId: TRACE-TEST-001] [SpanId: SPN-35df49d9-a79d-4eae-bdc8-0ced7cc43cf0] [DynLevel: ] - Using 'application/json', given [*/*] and supported [application/json, application/*+json, application/yaml]
2026-07-01 17:40:17.386 [DEBUG] [Test worker] [o.s.w.s.m.m.a.HttpEntityMethodProcessor] [TranId: 20260611141234567MBRmbrAP010000001] [BizTranId: MBR01BSE0002] [TraceId: TRACE-TEST-001] [SpanId: SPN-35df49d9-a79d-4eae-bdc8-0ced7cc43cf0] [DynLevel: ] - Writing [BaseResponse(messageId=MSG_1782895217314, transactionId=20260611141234567MBRmbrAP010000001, traceId= (truncated)...]
2026-07-01 17:40:17.412 [DEBUG] [Test worker] [o.s.w.s.m.m.a.ExceptionHandlerExceptionResolver] [TranId: 20260611141234567MBRmbrAP010000001] [BizTranId: MBR01BSE0002] [TraceId: TRACE-TEST-001] [SpanId: SPN-35df49d9-a79d-4eae-bdc8-0ced7cc43cf0] [DynLevel: ] - Resolved [jakarta.validation.ConstraintViolationException: getDetail.memberId: memberId must be positive]
