2026-06-17 19:39:13.451 [DEBUG] [Test worker] [o.s.w.s.m.m.a.RequestMappingHandlerMapping] [TranId: 20260611141234567MBRmbrAP010000001] [BizTranId: ] [TraceId: TRACE-TEST-001] [SpanId: SPN-7e4edc97-f891-4242-afb1-4896918e7f21] [DynLevel: ] - Mapped to cpf.mbr.bse.controller.MbrController#getDetail(Integer)
2026-06-17 19:39:13.750 [INFO ] [Test worker] [c.pfw.common.logging.LoggingAspect] [TranId: 20260611141234567MBRmbrAP010000001] [BizTranId: MBR01BSE0002] [TraceId: TRACE-TEST-001] [SpanId: SPN-7e4edc97-f891-4242-afb1-4896918e7f21] [DynLevel: ] - Transaction started. transactionId=20260611141234567MBRmbrAP010000001, businessTransactionId=MBR01BSE0002, businessTransactionName=MBRMemberDetail, traceId=TRACE-TEST-001, spanId=SPN-7e4edc97-f891-4242-afb1-4896918e7f21, moduleId=CPF-MBR, sequenceNo=1, workflowInstanceId=None, workflowStepId=None, method=GET, uri=/mbr/detail, controller=MbrController.getDetail(..), executionClass=cpf.mbr.bse.controller.MbrController, executionMethod=getDetail, clientIp=10.10.10.10, parameters=memberId=[0], requestBody=[0]
2026-06-17 19:39:14.259 [ERROR] [Test worker] [c.pfw.common.logging.LoggingAspect] [TranId: 20260611141234567MBRmbrAP010000001] [BizTranId: MBR01BSE0002] [TraceId: TRACE-TEST-001] [SpanId: SPN-7e4edc97-f891-4242-afb1-4896918e7f21] [DynLevel: ] - Transaction failed. transactionId=20260611141234567MBRmbrAP010000001, traceId=TRACE-TEST-001, spanId=SPN-7e4edc97-f891-4242-afb1-4896918e7f21, moduleId=CPF-MBR, sequenceNo=1, workflowStatus=NONE, compensationYn=N, durationMs=597, error=getDetail.memberId: memberId must be positive
jakarta.validation.ConstraintViolationException: getDetail.memberId: memberId must be positive
	at org.springframework.validation.beanvalidation.MethodValidationInterceptor.invoke(MethodValidationInterceptor.java:168)
	at org.springframework.aop.framework.ReflectiveMethodInvocation.proceed(ReflectiveMethodInvocation.java:184)
	at org.springframework.aop.aspectj.MethodInvocationProceedingJoinPoint.proceed(MethodInvocationProceedingJoinPoint.java:89)
	at cpf.pfw.common.logging.LoggingAspect.logTransaction(LoggingAspect.java:149)
	at java.base/jdk.internal.reflect.DirectMethodHandleAccessor.invoke(DirectMethodHandleAccessor.java:103)
	at java.base/java.lang.reflect.Method.invoke(Method.java:580)
	at org.springframework.aop.aspectj.AbstractAspectJAdvice.invokeAdviceMethodWithGivenArgs(AbstractAspectJAdvice.java:649)
	at org.springframework.aop.aspectj.AbstractAspectJAdvice.invokeAdviceMethod(AbstractAspectJAdvice.java:631)
	at org.springframework.aop.aspectj.AspectJAroundAdvice.invoke(AspectJAroundAdvice.java:71)
	at org.springframework.aop.framework.ReflectiveMethodInvocation.proceed(ReflectiveMethodInvocation.java:184)
	at org.springframework.aop.interceptor.ExposeInvocationInterceptor.invoke(ExposeInvocationInterceptor.java:97)
	at org.springframework.aop.framework.ReflectiveMethodInvocation.proceed(ReflectiveMethodInvocation.java:184)
	at org.springframework.aop.framework.CglibAopProxy$DynamicAdvisedInterceptor.intercept(CglibAopProxy.java:728)
	at cpf.mbr.bse.controller.MbrController$$SpringCGLIB$$0.getDetail(<generated>)
	at java.base/jdk.internal.reflect.DirectMethodHandleAccessor.invoke(DirectMethodHandleAccessor.java:103)
	at java.base/java.lang.reflect.Method.invoke(Method.java:580)
	at org.springframework.web.method.support.InvocableHandlerMethod.doInvoke(InvocableHandlerMethod.java:258)
	at org.springframework.web.method.support.InvocableHandlerMethod.invokeForRequest(InvocableHandlerMethod.java:191)
	at org.springframework.web.servlet.mvc.method.annotation.ServletInvocableHandlerMethod.invokeAndHandle(ServletInvocableHandlerMethod.java:118)
	at org.springframework.web.servlet.mvc.method.annotation.RequestMappingHandlerAdapter.invokeHandlerMethod(RequestMappingHandlerAdapter.java:991)
	at org.springframework.web.servlet.mvc.method.annotation.RequestMappingHandlerAdapter.handleInternal(RequestMappingHandlerAdapter.java:896)
	at org.springframework.web.servlet.mvc.method.AbstractHandlerMethodAdapter.handle(AbstractHandlerMethodAdapter.java:87)
	at org.springframework.web.servlet.DispatcherServlet.doDispatch(DispatcherServlet.java:1089)
	at org.springframework.web.servlet.DispatcherServlet.doService(DispatcherServlet.java:979)
	at org.springframework.web.servlet.FrameworkServlet.processRequest(FrameworkServlet.java:1014)
	at org.springframework.web.servlet.FrameworkServlet.doGet(FrameworkServlet.java:903)
	at jakarta.servlet.http.HttpServlet.service(HttpServlet.java:564)
	at org.springframework.web.servlet.FrameworkServlet.service(FrameworkServlet.java:885)
	at org.springframework.test.web.servlet.TestDispatcherServlet.service(TestDispatcherServlet.java:72)
	at jakarta.servlet.http.HttpServlet.service(HttpServlet.java:658)
	at org.springframework.mock.web.MockFilterChain$ServletFilterProxy.doFilter(MockFilterChain.java:165)
	at org.springframework.mock.web.MockFilterChain.doFilter(MockFilterChain.java:132)
	at cpf.mbr.common.filter.SecurityHeaderFilter.doFilterInternal(SecurityHeaderFilter.java:27)
	at org.springframework.web.filter.OncePerRequestFilter.doFilter(OncePerRequestFilter.java:116)
	at org.springframework.test.web.servlet.setup.MockMvcFilterDecorator.doFilter(MockMvcFilterDecorator.java:162)
	at org.springframework.mock.web.MockFilterChain.doFilter(MockFilterChain.java:132)
	at org.springframework.web.filter.RequestContextFilter.doFilterInternal(RequestContextFilter.java:100)
	at org.springframework.web.filter.OncePerRequestFilter.doFilter(OncePerRequestFilter.java:116)
	at org.springframework.test.web.servlet.setup.MockMvcFilterDecorator.doFilter(MockMvcFilterDecorator.java:162)
	at org.springframework.mock.web.MockFilterChain.doFilter(MockFilterChain.java:132)
	at org.springframework.web.filter.FormContentFilter.doFilterInternal(FormContentFilter.java:93)
	at org.springframework.web.filter.OncePerRequestFilter.doFilter(OncePerRequestFilter.java:116)
	at org.springframework.test.web.servlet.setup.MockMvcFilterDecorator.doFilter(MockMvcFilterDecorator.java:162)
	at org.springframework.mock.web.MockFilterChain.doFilter(MockFilterChain.java:132)
	at org.springframework.web.filter.CharacterEncodingFilter.doFilterInternal(CharacterEncodingFilter.java:201)
	at org.springframework.web.filter.OncePerRequestFilter.doFilter(OncePerRequestFilter.java:116)
	at org.springframework.test.web.servlet.setup.MockMvcFilterDecorator.doFilter(MockMvcFilterDecorator.java:162)
	at org.springframework.mock.web.MockFilterChain.doFilter(MockFilterChain.java:132)
	at cpf.pfw.common.filter.TransactionContextFilter.doFilterInternal(TransactionContextFilter.java:52)
	at org.springframework.web.filter.OncePerRequestFilter.doFilter(OncePerRequestFilter.java:116)
	at org.springframework.test.web.servlet.setup.MockMvcFilterDecorator.doFilter(MockMvcFilterDecorator.java:162)
	at org.springframework.mock.web.MockFilterChain.doFilter(MockFilterChain.java:132)
	at org.springframework.test.web.servlet.MockMvc.perform(MockMvc.java:201)
	at cpf.mbr.bse.controller.MbrControllerValidationTest.detailRejectsInvalidMemberIdQueryParameter(MbrControllerValidationTest.java:71)
	at java.base/jdk.internal.reflect.DirectMethodHandleAccessor.invoke(DirectMethodHandleAccessor.java:103)
	at java.base/java.lang.reflect.Method.invoke(Method.java:580)
	at org.junit.platform.commons.util.ReflectionUtils.invokeMethod(ReflectionUtils.java:767)
	at org.junit.jupiter.engine.execution.MethodInvocation.proceed(MethodInvocation.java:60)
	at org.junit.jupiter.engine.execution.InvocationInterceptorChain$ValidatingInvocation.proceed(InvocationInterceptorChain.java:131)
	at org.junit.jupiter.engine.extension.TimeoutExtension.intercept(TimeoutExtension.java:156)
	at org.junit.jupiter.engine.extension.TimeoutExtension.interceptTestableMethod(TimeoutExtension.java:147)
	at org.junit.jupiter.engine.extension.TimeoutExtension.interceptTestMethod(TimeoutExtension.java:86)
	at org.junit.jupiter.engine.execution.InterceptingExecutableInvoker$ReflectiveInterceptorCall.lambda$ofVoidMethod$0(InterceptingExecutableInvoker.java:103)
	at org.junit.jupiter.engine.execution.InterceptingExecutableInvoker.lambda$invoke$0(InterceptingExecutableInvoker.java:93)
	at org.junit.jupiter.engine.execution.InvocationInterceptorChain$InterceptedInvocation.proceed(InvocationInterceptorChain.java:106)
	at org.junit.jupiter.engine.execution.InvocationInterceptorChain.proceed(InvocationInterceptorChain.java:64)
	at org.junit.jupiter.engine.execution.InvocationInterceptorChain.chainAndInvoke(InvocationInterceptorChain.java:45)
	at org.junit.jupiter.engine.execution.InvocationInterceptorChain.invoke(InvocationInterceptorChain.java:37)
	at org.junit.jupiter.engine.execution.InterceptingExecutableInvoker.invoke(InterceptingExecutableInvoker.java:92)
	at org.junit.jupiter.engine.execution.InterceptingExecutableInvoker.invoke(InterceptingExecutableInvoker.java:86)
	at org.junit.jupiter.engine.descriptor.TestMethodTestDescriptor.lambda$invokeTestMethod$8(TestMethodTestDescriptor.java:217)
	at org.junit.platform.engine.support.hierarchical.ThrowableCollector.execute(ThrowableCollector.java:73)
	at org.junit.jupiter.engine.descriptor.TestMethodTestDescriptor.invokeTestMethod(TestMethodTestDescriptor.java:213)
	at org.junit.jupiter.engine.descriptor.TestMethodTestDescriptor.execute(TestMethodTestDescriptor.java:138)
	at org.junit.jupiter.engine.descriptor.TestMethodTestDescriptor.execute(TestMethodTestDescriptor.java:68)
	at org.junit.platform.engine.support.hierarchical.NodeTestTask.lambda$executeRecursively$6(NodeTestTask.java:156)
	at org.junit.platform.engine.support.hierarchical.ThrowableCollector.execute(ThrowableCollector.java:73)
	at org.junit.platform.engine.support.hierarchical.NodeTestTask.lambda$executeRecursively$8(NodeTestTask.java:146)
	at org.junit.platform.engine.support.hierarchical.Node.around(Node.java:137)
	at org.junit.platform.engine.support.hierarchical.NodeTestTask.lambda$executeRecursively$9(NodeTestTask.java:144)
	at org.junit.platform.engine.support.hierarchical.ThrowableCollector.execute(ThrowableCollector.java:73)
	at org.junit.platform.engine.support.hierarchical.NodeTestTask.executeRecursively(NodeTestTask.java:143)
	at org.junit.platform.engine.support.hierarchical.NodeTestTask.execute(NodeTestTask.java:100)
	at java.base/java.util.ArrayList.forEach(ArrayList.java:1596)
	at org.junit.platform.engine.support.hierarchical.SameThreadHierarchicalTestExecutorService.invokeAll(SameThreadHierarchicalTestExecutorService.java:41)
	at org.junit.platform.engine.support.hierarchical.NodeTestTask.lambda$executeRecursively$6(NodeTestTask.java:160)
	at org.junit.platform.engine.support.hierarchical.ThrowableCollector.execute(ThrowableCollector.java:73)
	at org.junit.platform.engine.support.hierarchical.NodeTestTask.lambda$executeRecursively$8(NodeTestTask.java:146)
	at org.junit.platform.engine.support.hierarchical.Node.around(Node.java:137)
	at org.junit.platform.engine.support.hierarchical.NodeTestTask.lambda$executeRecursively$9(NodeTestTask.java:144)
	at org.junit.platform.engine.support.hierarchical.ThrowableCollector.execute(ThrowableCollector.java:73)
	at org.junit.platform.engine.support.hierarchical.NodeTestTask.executeRecursively(NodeTestTask.java:143)
	at org.junit.platform.engine.support.hierarchical.NodeTestTask.execute(NodeTestTask.java:100)
	at java.base/java.util.ArrayList.forEach(ArrayList.java:1596)
	at org.junit.platform.engine.support.hierarchical.SameThreadHierarchicalTestExecutorService.invokeAll(SameThreadHierarchicalTestExecutorService.java:41)
	at org.junit.platform.engine.support.hierarchical.NodeTestTask.lambda$executeRecursively$6(NodeTestTask.java:160)
	at org.junit.platform.engine.support.hierarchical.ThrowableCollector.execute(ThrowableCollector.java:73)
	at org.junit.platform.engine.support.hierarchical.NodeTestTask.lambda$executeRecursively$8(NodeTestTask.java:146)
	at org.junit.platform.engine.support.hierarchical.Node.around(Node.java:137)
	at org.junit.platform.engine.support.hierarchical.NodeTestTask.lambda$executeRecursively$9(NodeTestTask.java:144)
	at org.junit.platform.engine.support.hierarchical.ThrowableCollector.execute(ThrowableCollector.java:73)
	at org.junit.platform.engine.support.hierarchical.NodeTestTask.executeRecursively(NodeTestTask.java:143)
	at org.junit.platform.engine.support.hierarchical.NodeTestTask.execute(NodeTestTask.java:100)
	at org.junit.platform.engine.support.hierarchical.SameThreadHierarchicalTestExecutorService.submit(SameThreadHierarchicalTestExecutorService.java:35)
	at org.junit.platform.engine.support.hierarchical.HierarchicalTestExecutor.execute(HierarchicalTestExecutor.java:57)
	at org.junit.platform.engine.support.hierarchical.HierarchicalTestEngine.execute(HierarchicalTestEngine.java:54)
	at org.junit.platform.launcher.core.EngineExecutionOrchestrator.execute(EngineExecutionOrchestrator.java:198)
	at org.junit.platform.launcher.core.EngineExecutionOrchestrator.execute(EngineExecutionOrchestrator.java:169)
	at org.junit.platform.launcher.core.EngineExecutionOrchestrator.execute(EngineExecutionOrchestrator.java:93)
	at org.junit.platform.launcher.core.EngineExecutionOrchestrator.lambda$execute$0(EngineExecutionOrchestrator.java:58)
	at org.junit.platform.launcher.core.EngineExecutionOrchestrator.withInterceptedStreams(EngineExecutionOrchestrator.java:141)
	at org.junit.platform.launcher.core.EngineExecutionOrchestrator.execute(EngineExecutionOrchestrator.java:57)
	at org.junit.platform.launcher.core.DefaultLauncher.execute(DefaultLauncher.java:103)
	at org.junit.platform.launcher.core.DefaultLauncher.execute(DefaultLauncher.java:85)
	at org.junit.platform.launcher.core.DelegatingLauncher.execute(DelegatingLauncher.java:47)
	at org.gradle.api.internal.tasks.testing.junitplatform.JUnitPlatformTestClassProcessor$CollectAllTestClassesExecutor.processAllTestClasses(JUnitPlatformTestClassProcessor.java:124)
	at org.gradle.api.internal.tasks.testing.junitplatform.JUnitPlatformTestClassProcessor$CollectAllTestClassesExecutor.access$000(JUnitPlatformTestClassProcessor.java:99)
	at org.gradle.api.internal.tasks.testing.junitplatform.JUnitPlatformTestClassProcessor.stop(JUnitPlatformTestClassProcessor.java:94)
	at org.gradle.api.internal.tasks.testing.SuiteTestClassProcessor.stop(SuiteTestClassProcessor.java:63)
	at java.base/jdk.internal.reflect.DirectMethodHandleAccessor.invoke(DirectMethodHandleAccessor.java:103)
	at java.base/java.lang.reflect.Method.invoke(Method.java:580)
	at org.gradle.internal.dispatch.ReflectionDispatch.dispatch(ReflectionDispatch.java:36)
	at org.gradle.internal.dispatch.ReflectionDispatch.dispatch(ReflectionDispatch.java:24)
	at org.gradle.internal.dispatch.ContextClassLoaderDispatch.dispatch(ContextClassLoaderDispatch.java:33)
	at org.gradle.internal.dispatch.ProxyDispatchAdapter$DispatchingInvocationHandler.invoke(ProxyDispatchAdapter.java:92)
	at jdk.proxy1/jdk.proxy1.$Proxy4.stop(Unknown Source)
	at org.gradle.api.internal.tasks.testing.worker.TestWorker$3.run(TestWorker.java:200)
	at org.gradle.api.internal.tasks.testing.worker.TestWorker.executeAndMaintainThreadName(TestWorker.java:132)
	at org.gradle.api.internal.tasks.testing.worker.TestWorker.execute(TestWorker.java:103)
	at org.gradle.api.internal.tasks.testing.worker.TestWorker.execute(TestWorker.java:63)
	at org.gradle.process.internal.worker.child.ActionExecutionWorker.execute(ActionExecutionWorker.java:56)
	at org.gradle.process.internal.worker.child.SystemApplicationClassLoaderWorker.call(SystemApplicationClassLoaderWorker.java:121)
	at org.gradle.process.internal.worker.child.SystemApplicationClassLoaderWorker.call(SystemApplicationClassLoaderWorker.java:71)
	at worker.org.gradle.process.internal.worker.GradleWorkerMain.run(GradleWorkerMain.java:69)
	at worker.org.gradle.process.internal.worker.GradleWorkerMain.main(GradleWorkerMain.java:74)
2026-06-17 19:39:14.512 [INFO ] [Test worker] [com.zaxxer.hikari.HikariDataSource] [TranId: 20260611141234567MBRmbrAP010000001] [BizTranId: MBR01BSE0002] [TraceId: TRACE-TEST-001] [SpanId: SPN-7e4edc97-f891-4242-afb1-4896918e7f21] [DynLevel: ] - HikariPool-1 - Starting...
2026-06-17 19:39:15.544 [INFO ] [Test worker] [com.zaxxer.hikari.pool.HikariPool] [TranId: 20260611141234567MBRmbrAP010000001] [BizTranId: MBR01BSE0002] [TraceId: TRACE-TEST-001] [SpanId: SPN-7e4edc97-f891-4242-afb1-4896918e7f21] [DynLevel: ] - HikariPool-1 - Added connection org.mariadb.jdbc.Connection@2461b519
2026-06-17 19:39:15.571 [INFO ] [Test worker] [com.zaxxer.hikari.HikariDataSource] [TranId: 20260611141234567MBRmbrAP010000001] [BizTranId: MBR01BSE0002] [TraceId: TRACE-TEST-001] [SpanId: SPN-7e4edc97-f891-4242-afb1-4896918e7f21] [DynLevel: ] - HikariPool-1 - Start completed.
2026-06-17 19:39:15.646 [DEBUG] [Test worker] [c.p.m.c.l.T.insertTransactionLog] [TranId: 20260611141234567MBRmbrAP010000001] [BizTranId: MBR01BSE0002] [TraceId: TRACE-TEST-001] [SpanId: SPN-7e4edc97-f891-4242-afb1-4896918e7f21] [DynLevel: ] - ==>  Preparing: INSERT INTO pfw_transaction_log ( LOG_DATE, TRANSACTION_ID, TRACE_ID, SPAN_ID, PARENT_SPAN_ID, SEQUENCE_NO, MODULE_ID, MENU_ID, BUSINESS_TRANSACTION_ID, BUSINESS_TRANSACTION_NAME, LOG_TYPE, API_VERSION, CLIENT_APP_ID, CLIENT_VERSION, CALLER_SERVICE, CALLER_INSTANCE_ID, CORRELATION_ID, IDEMPOTENCY_KEY, LOCALE, TIMEZONE, REQUEST_TYPE, ORIGINAL_CHANNEL_CODE, CHANNEL_CODE, MEMBER_NO, CUSTOMER_NO, SCREEN_ID, DEVICE_ID, CLIENT_REQUEST_TIME, WAS_ID, RESERVED_FIELD_1, RESERVED_FIELD_2, RESERVED_FIELD_3, RESERVED_FIELD_4, RESERVED_FIELD_5, HTTP_METHOD, URI, CONTROLLER, EXECUTION_PACKAGE, EXECUTION_CLASS, EXECUTION_METHOD, EXECUTION_SIGNATURE, WORKFLOW_ID, WORKFLOW_NAME, WORKFLOW_INSTANCE_ID, WORKFLOW_STEP_ID, WORKFLOW_STEP_NAME, WORKFLOW_STATUS, WORKFLOW_FAILURE_POLICY, COMPENSATION_YN, COMPENSATION_TRANSACTION_ID, COMPENSATION_TARGET_TRANSACTION_ID, COMPENSATION_STATUS, PARAMETERS, REQUEST_BODY, RESPONSE, HTTP_STATUS, RESPONSE_CODE, MESSAGE_CODE, MESSAGE_CONTENT, ERROR_MESSAGE, ERROR_CODE, EXTERNAL_MESSAGE, INTERNAL_MESSAGE, EXEC_USER, CLIENT_IP, USER_AGENT, START_TIME, END_TIME, DURATION_MS, CREATED_BY, CREATED_AT, UPDATED_BY, UPDATED_AT ) VALUES ( CURDATE(), ?, ?, ?, ?, ?, IFNULL(?, 'N/A'), ?, ?, ?, IFNULL(?, 'N/A'), ?, ?, ?, ?, ?, ?, ?, ?, ?, ?, ?, ?, ?, ?, ?, ?, ?, ?, ?, ?, ?, ?, ?, ?, IFNULL(?, 'N/A'), ?, ?, ?, ?, ?, ?, ?, ?, ?, ?, ?, ?, IFNULL(?, 'N'), ?, ?, ?, ?, ?, ?, ?, ?, ?, ?, ?, ?, ?, ?, IFNULL(?, 'N/A'), ?, ?, ?, ?, ?, IFNULL(NULLIF(?, 'N/A'), 'PFW'), NOW(), IFNULL(NULLIF(?, 'N/A'), 'PFW'), NOW() )
2026-06-17 19:39:15.931 [DEBUG] [Test worker] [c.p.m.c.l.T.insertTransactionLog] [TranId: 20260611141234567MBRmbrAP010000001] [BizTranId: MBR01BSE0002] [TraceId: TRACE-TEST-001] [SpanId: SPN-7e4edc97-f891-4242-afb1-4896918e7f21] [DynLevel: ] - ==> Parameters: 20260611141234567MBRmbrAP010000001(String), TRACE-TEST-001(String), SPN-7e4edc97-f891-4242-afb1-4896918e7f21(String), null, 1(Integer), CPF-MBR(String), MBR01BSE0002(String), MBR01BSE0002(String), MBRMemberDetail(String), FAILURE(String), null, null, null, null, null, null, null, null, null, INQUIRY(String), MBL(String), MBR(String), 10000001(String), null, null, null, null, local01(String), reserved-1(String), reserved-2(String), null, null, null, GET(String), /mbr/detail(String), MbrController.getDetail(..)(String), cpf.mbr.bse.controller(String), cpf.mbr.bse.controller.MbrController(String), getDetail(String), public org.springframework.http.ResponseEntity<cpf.mbr.common.response.BaseResponse<cpf.mbr.bse.dto.MbrDTO>> cpf.mbr.bse.controller.MbrController.getDetail(java.lang.Integer)(String), null, null, null, null, null, NONE(String), null, N(String), null, null, null, memberId=[0](String), [0](String), null, 500(Integer), EPFW990000(String), MPFW990000(String), 泥섎━ 以??ㅻ쪟媛 諛쒖깮?덉뒿?덈떎.(String), getDetail.memberId: memberId must be positive(String), ConstraintViolationException(String), 泥섎━ 以??ㅻ쪟媛 諛쒖깮?덉뒿?덈떎.(String), getDetail.memberId: memberId must be positive(String), N/A(String), 10.10.10.10(String), null, 2026-06-17T19:39:13.653537900(LocalDateTime), 2026-06-17T19:39:14.251341500(LocalDateTime), 597(Long), N/A(String), N/A(String)
2026-06-17 19:39:15.961 [DEBUG] [Test worker] [c.p.m.c.l.T.insertTransactionLog] [TranId: 20260611141234567MBRmbrAP010000001] [BizTranId: MBR01BSE0002] [TraceId: TRACE-TEST-001] [SpanId: SPN-7e4edc97-f891-4242-afb1-4896918e7f21] [DynLevel: ] - <==    Updates: 1
2026-06-17 19:39:16.021 [DEBUG] [Test worker] [c.p.m.c.l.T.insertTransactionLogDetail] [TranId: 20260611141234567MBRmbrAP010000001] [BizTranId: MBR01BSE0002] [TraceId: TRACE-TEST-001] [SpanId: SPN-7e4edc97-f891-4242-afb1-4896918e7f21] [DynLevel: ] - ==>  Preparing: INSERT INTO pfw_transaction_log_detail ( LOG_IDX, DETAIL_KEY, DETAIL_VALUE, CREATED_BY, CREATED_AT, UPDATED_BY, UPDATED_AT ) VALUES ( ?, IFNULL(?, 'N/A'), IFNULL(?, 'N/A'), IFNULL(NULLIF(?, 'N/A'), 'PFW'), NOW(), IFNULL(NULLIF(?, 'N/A'), 'PFW'), NOW() )
2026-06-17 19:39:16.022 [DEBUG] [Test worker] [c.p.m.c.l.T.insertTransactionLogDetail] [TranId: 20260611141234567MBRmbrAP010000001] [BizTranId: MBR01BSE0002] [TraceId: TRACE-TEST-001] [SpanId: SPN-7e4edc97-f891-4242-afb1-4896918e7f21] [DynLevel: ] - ==> Parameters: 2(Long), transaction.id(String), 20260611141234567MBRmbrAP010000001(String), N/A(String), N/A(String)
2026-06-17 19:39:16.026 [DEBUG] [Test worker] [c.p.m.c.l.T.insertTransactionLogDetail] [TranId: 20260611141234567MBRmbrAP010000001] [BizTranId: MBR01BSE0002] [TraceId: TRACE-TEST-001] [SpanId: SPN-7e4edc97-f891-4242-afb1-4896918e7f21] [DynLevel: ] - <==    Updates: 1
2026-06-17 19:39:16.028 [DEBUG] [Test worker] [c.p.m.c.l.T.insertTransactionLogDetail] [TranId: 20260611141234567MBRmbrAP010000001] [BizTranId: MBR01BSE0002] [TraceId: TRACE-TEST-001] [SpanId: SPN-7e4edc97-f891-4242-afb1-4896918e7f21] [DynLevel: ] - ==>  Preparing: INSERT INTO pfw_transaction_log_detail ( LOG_IDX, DETAIL_KEY, DETAIL_VALUE, CREATED_BY, CREATED_AT, UPDATED_BY, UPDATED_AT ) VALUES ( ?, IFNULL(?, 'N/A'), IFNULL(?, 'N/A'), IFNULL(NULLIF(?, 'N/A'), 'PFW'), NOW(), IFNULL(NULLIF(?, 'N/A'), 'PFW'), NOW() )
2026-06-17 19:39:16.029 [DEBUG] [Test worker] [c.p.m.c.l.T.insertTransactionLogDetail] [TranId: 20260611141234567MBRmbrAP010000001] [BizTranId: MBR01BSE0002] [TraceId: TRACE-TEST-001] [SpanId: SPN-7e4edc97-f891-4242-afb1-4896918e7f21] [DynLevel: ] - ==> Parameters: 2(Long), trace.id(String), TRACE-TEST-001(String), N/A(String), N/A(String)
2026-06-17 19:39:16.032 [DEBUG] [Test worker] [c.p.m.c.l.T.insertTransactionLogDetail] [TranId: 20260611141234567MBRmbrAP010000001] [BizTranId: MBR01BSE0002] [TraceId: TRACE-TEST-001] [SpanId: SPN-7e4edc97-f891-4242-afb1-4896918e7f21] [DynLevel: ] - <==    Updates: 1
2026-06-17 19:39:16.033 [DEBUG] [Test worker] [c.p.m.c.l.T.insertTransactionLogDetail] [TranId: 20260611141234567MBRmbrAP010000001] [BizTranId: MBR01BSE0002] [TraceId: TRACE-TEST-001] [SpanId: SPN-7e4edc97-f891-4242-afb1-4896918e7f21] [DynLevel: ] - ==>  Preparing: INSERT INTO pfw_transaction_log_detail ( LOG_IDX, DETAIL_KEY, DETAIL_VALUE, CREATED_BY, CREATED_AT, UPDATED_BY, UPDATED_AT ) VALUES ( ?, IFNULL(?, 'N/A'), IFNULL(?, 'N/A'), IFNULL(NULLIF(?, 'N/A'), 'PFW'), NOW(), IFNULL(NULLIF(?, 'N/A'), 'PFW'), NOW() )
2026-06-17 19:39:16.034 [DEBUG] [Test worker] [c.p.m.c.l.T.insertTransactionLogDetail] [TranId: 20260611141234567MBRmbrAP010000001] [BizTranId: MBR01BSE0002] [TraceId: TRACE-TEST-001] [SpanId: SPN-7e4edc97-f891-4242-afb1-4896918e7f21] [DynLevel: ] - ==> Parameters: 2(Long), span.id(String), SPN-7e4edc97-f891-4242-afb1-4896918e7f21(String), N/A(String), N/A(String)
2026-06-17 19:39:16.043 [DEBUG] [Test worker] [c.p.m.c.l.T.insertTransactionLogDetail] [TranId: 20260611141234567MBRmbrAP010000001] [BizTranId: MBR01BSE0002] [TraceId: TRACE-TEST-001] [SpanId: SPN-7e4edc97-f891-4242-afb1-4896918e7f21] [DynLevel: ] - <==    Updates: 1
2026-06-17 19:39:16.045 [DEBUG] [Test worker] [c.p.m.c.l.T.insertTransactionLogDetail] [TranId: 20260611141234567MBRmbrAP010000001] [BizTranId: MBR01BSE0002] [TraceId: TRACE-TEST-001] [SpanId: SPN-7e4edc97-f891-4242-afb1-4896918e7f21] [DynLevel: ] - ==>  Preparing: INSERT INTO pfw_transaction_log_detail ( LOG_IDX, DETAIL_KEY, DETAIL_VALUE, CREATED_BY, CREATED_AT, UPDATED_BY, UPDATED_AT ) VALUES ( ?, IFNULL(?, 'N/A'), IFNULL(?, 'N/A'), IFNULL(NULLIF(?, 'N/A'), 'PFW'), NOW(), IFNULL(NULLIF(?, 'N/A'), 'PFW'), NOW() )
2026-06-17 19:39:16.046 [DEBUG] [Test worker] [c.p.m.c.l.T.insertTransactionLogDetail] [TranId: 20260611141234567MBRmbrAP010000001] [BizTranId: MBR01BSE0002] [TraceId: TRACE-TEST-001] [SpanId: SPN-7e4edc97-f891-4242-afb1-4896918e7f21] [DynLevel: ] - ==> Parameters: 2(Long), sequence.no(String), 1(String), N/A(String), N/A(String)
2026-06-17 19:39:16.049 [DEBUG] [Test worker] [c.p.m.c.l.T.insertTransactionLogDetail] [TranId: 20260611141234567MBRmbrAP010000001] [BizTranId: MBR01BSE0002] [TraceId: TRACE-TEST-001] [SpanId: SPN-7e4edc97-f891-4242-afb1-4896918e7f21] [DynLevel: ] - <==    Updates: 1
2026-06-17 19:39:16.050 [DEBUG] [Test worker] [c.p.m.c.l.T.insertTransactionLogDetail] [TranId: 20260611141234567MBRmbrAP010000001] [BizTranId: MBR01BSE0002] [TraceId: TRACE-TEST-001] [SpanId: SPN-7e4edc97-f891-4242-afb1-4896918e7f21] [DynLevel: ] - ==>  Preparing: INSERT INTO pfw_transaction_log_detail ( LOG_IDX, DETAIL_KEY, DETAIL_VALUE, CREATED_BY, CREATED_AT, UPDATED_BY, UPDATED_AT ) VALUES ( ?, IFNULL(?, 'N/A'), IFNULL(?, 'N/A'), IFNULL(NULLIF(?, 'N/A'), 'PFW'), NOW(), IFNULL(NULLIF(?, 'N/A'), 'PFW'), NOW() )
2026-06-17 19:39:16.051 [DEBUG] [Test worker] [c.p.m.c.l.T.insertTransactionLogDetail] [TranId: 20260611141234567MBRmbrAP010000001] [BizTranId: MBR01BSE0002] [TraceId: TRACE-TEST-001] [SpanId: SPN-7e4edc97-f891-4242-afb1-4896918e7f21] [DynLevel: ] - ==> Parameters: 2(Long), module.id(String), CPF-MBR(String), N/A(String), N/A(String)
2026-06-17 19:39:16.052 [DEBUG] [Test worker] [c.p.m.c.l.T.insertTransactionLogDetail] [TranId: 20260611141234567MBRmbrAP010000001] [BizTranId: MBR01BSE0002] [TraceId: TRACE-TEST-001] [SpanId: SPN-7e4edc97-f891-4242-afb1-4896918e7f21] [DynLevel: ] - <==    Updates: 1
2026-06-17 19:39:16.053 [DEBUG] [Test worker] [c.p.m.c.l.T.insertTransactionLogDetail] [TranId: 20260611141234567MBRmbrAP010000001] [BizTranId: MBR01BSE0002] [TraceId: TRACE-TEST-001] [SpanId: SPN-7e4edc97-f891-4242-afb1-4896918e7f21] [DynLevel: ] - ==>  Preparing: INSERT INTO pfw_transaction_log_detail ( LOG_IDX, DETAIL_KEY, DETAIL_VALUE, CREATED_BY, CREATED_AT, UPDATED_BY, UPDATED_AT ) VALUES ( ?, IFNULL(?, 'N/A'), IFNULL(?, 'N/A'), IFNULL(NULLIF(?, 'N/A'), 'PFW'), NOW(), IFNULL(NULLIF(?, 'N/A'), 'PFW'), NOW() )
2026-06-17 19:39:16.054 [DEBUG] [Test worker] [c.p.m.c.l.T.insertTransactionLogDetail] [TranId: 20260611141234567MBRmbrAP010000001] [BizTranId: MBR01BSE0002] [TraceId: TRACE-TEST-001] [SpanId: SPN-7e4edc97-f891-4242-afb1-4896918e7f21] [DynLevel: ] - ==> Parameters: 2(Long), business.transaction.id(String), MBR01BSE0002(String), N/A(String), N/A(String)
2026-06-17 19:39:16.057 [DEBUG] [Test worker] [c.p.m.c.l.T.insertTransactionLogDetail] [TranId: 20260611141234567MBRmbrAP010000001] [BizTranId: MBR01BSE0002] [TraceId: TRACE-TEST-001] [SpanId: SPN-7e4edc97-f891-4242-afb1-4896918e7f21] [DynLevel: ] - <==    Updates: 1
2026-06-17 19:39:16.058 [DEBUG] [Test worker] [c.p.m.c.l.T.insertTransactionLogDetail] [TranId: 20260611141234567MBRmbrAP010000001] [BizTranId: MBR01BSE0002] [TraceId: TRACE-TEST-001] [SpanId: SPN-7e4edc97-f891-4242-afb1-4896918e7f21] [DynLevel: ] - ==>  Preparing: INSERT INTO pfw_transaction_log_detail ( LOG_IDX, DETAIL_KEY, DETAIL_VALUE, CREATED_BY, CREATED_AT, UPDATED_BY, UPDATED_AT ) VALUES ( ?, IFNULL(?, 'N/A'), IFNULL(?, 'N/A'), IFNULL(NULLIF(?, 'N/A'), 'PFW'), NOW(), IFNULL(NULLIF(?, 'N/A'), 'PFW'), NOW() )
2026-06-17 19:39:16.059 [DEBUG] [Test worker] [c.p.m.c.l.T.insertTransactionLogDetail] [TranId: 20260611141234567MBRmbrAP010000001] [BizTranId: MBR01BSE0002] [TraceId: TRACE-TEST-001] [SpanId: SPN-7e4edc97-f891-4242-afb1-4896918e7f21] [DynLevel: ] - ==> Parameters: 2(Long), business.transaction.name(String), MBRMemberDetail(String), N/A(String), N/A(String)
2026-06-17 19:39:16.061 [DEBUG] [Test worker] [c.p.m.c.l.T.insertTransactionLogDetail] [TranId: 20260611141234567MBRmbrAP010000001] [BizTranId: MBR01BSE0002] [TraceId: TRACE-TEST-001] [SpanId: SPN-7e4edc97-f891-4242-afb1-4896918e7f21] [DynLevel: ] - <==    Updates: 1
2026-06-17 19:39:16.061 [DEBUG] [Test worker] [c.p.m.c.l.T.insertTransactionLogDetail] [TranId: 20260611141234567MBRmbrAP010000001] [BizTranId: MBR01BSE0002] [TraceId: TRACE-TEST-001] [SpanId: SPN-7e4edc97-f891-4242-afb1-4896918e7f21] [DynLevel: ] - ==>  Preparing: INSERT INTO pfw_transaction_log_detail ( LOG_IDX, DETAIL_KEY, DETAIL_VALUE, CREATED_BY, CREATED_AT, UPDATED_BY, UPDATED_AT ) VALUES ( ?, IFNULL(?, 'N/A'), IFNULL(?, 'N/A'), IFNULL(NULLIF(?, 'N/A'), 'PFW'), NOW(), IFNULL(NULLIF(?, 'N/A'), 'PFW'), NOW() )
2026-06-17 19:39:16.062 [DEBUG] [Test worker] [c.p.m.c.l.T.insertTransactionLogDetail] [TranId: 20260611141234567MBRmbrAP010000001] [BizTranId: MBR01BSE0002] [TraceId: TRACE-TEST-001] [SpanId: SPN-7e4edc97-f891-4242-afb1-4896918e7f21] [DynLevel: ] - ==> Parameters: 2(Long), workflow.status(String), NONE(String), N/A(String), N/A(String)
2026-06-17 19:39:16.063 [DEBUG] [Test worker] [c.p.m.c.l.T.insertTransactionLogDetail] [TranId: 20260611141234567MBRmbrAP010000001] [BizTranId: MBR01BSE0002] [TraceId: TRACE-TEST-001] [SpanId: SPN-7e4edc97-f891-4242-afb1-4896918e7f21] [DynLevel: ] - <==    Updates: 1
2026-06-17 19:39:16.066 [DEBUG] [Test worker] [c.p.m.c.l.T.insertTransactionLogDetail] [TranId: 20260611141234567MBRmbrAP010000001] [BizTranId: MBR01BSE0002] [TraceId: TRACE-TEST-001] [SpanId: SPN-7e4edc97-f891-4242-afb1-4896918e7f21] [DynLevel: ] - ==>  Preparing: INSERT INTO pfw_transaction_log_detail ( LOG_IDX, DETAIL_KEY, DETAIL_VALUE, CREATED_BY, CREATED_AT, UPDATED_BY, UPDATED_AT ) VALUES ( ?, IFNULL(?, 'N/A'), IFNULL(?, 'N/A'), IFNULL(NULLIF(?, 'N/A'), 'PFW'), NOW(), IFNULL(NULLIF(?, 'N/A'), 'PFW'), NOW() )
2026-06-17 19:39:16.067 [DEBUG] [Test worker] [c.p.m.c.l.T.insertTransactionLogDetail] [TranId: 20260611141234567MBRmbrAP010000001] [BizTranId: MBR01BSE0002] [TraceId: TRACE-TEST-001] [SpanId: SPN-7e4edc97-f891-4242-afb1-4896918e7f21] [DynLevel: ] - ==> Parameters: 2(Long), compensation.yn(String), N(String), N/A(String), N/A(String)
2026-06-17 19:39:16.068 [DEBUG] [Test worker] [c.p.m.c.l.T.insertTransactionLogDetail] [TranId: 20260611141234567MBRmbrAP010000001] [BizTranId: MBR01BSE0002] [TraceId: TRACE-TEST-001] [SpanId: SPN-7e4edc97-f891-4242-afb1-4896918e7f21] [DynLevel: ] - <==    Updates: 1
2026-06-17 19:39:16.071 [DEBUG] [Test worker] [c.p.m.c.l.T.insertTransactionLogDetail] [TranId: 20260611141234567MBRmbrAP010000001] [BizTranId: MBR01BSE0002] [TraceId: TRACE-TEST-001] [SpanId: SPN-7e4edc97-f891-4242-afb1-4896918e7f21] [DynLevel: ] - ==>  Preparing: INSERT INTO pfw_transaction_log_detail ( LOG_IDX, DETAIL_KEY, DETAIL_VALUE, CREATED_BY, CREATED_AT, UPDATED_BY, UPDATED_AT ) VALUES ( ?, IFNULL(?, 'N/A'), IFNULL(?, 'N/A'), IFNULL(NULLIF(?, 'N/A'), 'PFW'), NOW(), IFNULL(NULLIF(?, 'N/A'), 'PFW'), NOW() )
2026-06-17 19:39:16.072 [DEBUG] [Test worker] [c.p.m.c.l.T.insertTransactionLogDetail] [TranId: 20260611141234567MBRmbrAP010000001] [BizTranId: MBR01BSE0002] [TraceId: TRACE-TEST-001] [SpanId: SPN-7e4edc97-f891-4242-afb1-4896918e7f21] [DynLevel: ] - ==> Parameters: 2(Long), execution.package(String), cpf.mbr.bse.controller(String), N/A(String), N/A(String)
2026-06-17 19:39:16.074 [DEBUG] [Test worker] [c.p.m.c.l.T.insertTransactionLogDetail] [TranId: 20260611141234567MBRmbrAP010000001] [BizTranId: MBR01BSE0002] [TraceId: TRACE-TEST-001] [SpanId: SPN-7e4edc97-f891-4242-afb1-4896918e7f21] [DynLevel: ] - <==    Updates: 1
2026-06-17 19:39:16.076 [DEBUG] [Test worker] [c.p.m.c.l.T.insertTransactionLogDetail] [TranId: 20260611141234567MBRmbrAP010000001] [BizTranId: MBR01BSE0002] [TraceId: TRACE-TEST-001] [SpanId: SPN-7e4edc97-f891-4242-afb1-4896918e7f21] [DynLevel: ] - ==>  Preparing: INSERT INTO pfw_transaction_log_detail ( LOG_IDX, DETAIL_KEY, DETAIL_VALUE, CREATED_BY, CREATED_AT, UPDATED_BY, UPDATED_AT ) VALUES ( ?, IFNULL(?, 'N/A'), IFNULL(?, 'N/A'), IFNULL(NULLIF(?, 'N/A'), 'PFW'), NOW(), IFNULL(NULLIF(?, 'N/A'), 'PFW'), NOW() )
2026-06-17 19:39:16.077 [DEBUG] [Test worker] [c.p.m.c.l.T.insertTransactionLogDetail] [TranId: 20260611141234567MBRmbrAP010000001] [BizTranId: MBR01BSE0002] [TraceId: TRACE-TEST-001] [SpanId: SPN-7e4edc97-f891-4242-afb1-4896918e7f21] [DynLevel: ] - ==> Parameters: 2(Long), execution.class(String), cpf.mbr.bse.controller.MbrController(String), N/A(String), N/A(String)
2026-06-17 19:39:16.078 [DEBUG] [Test worker] [c.p.m.c.l.T.insertTransactionLogDetail] [TranId: 20260611141234567MBRmbrAP010000001] [BizTranId: MBR01BSE0002] [TraceId: TRACE-TEST-001] [SpanId: SPN-7e4edc97-f891-4242-afb1-4896918e7f21] [DynLevel: ] - <==    Updates: 1
2026-06-17 19:39:16.079 [DEBUG] [Test worker] [c.p.m.c.l.T.insertTransactionLogDetail] [TranId: 20260611141234567MBRmbrAP010000001] [BizTranId: MBR01BSE0002] [TraceId: TRACE-TEST-001] [SpanId: SPN-7e4edc97-f891-4242-afb1-4896918e7f21] [DynLevel: ] - ==>  Preparing: INSERT INTO pfw_transaction_log_detail ( LOG_IDX, DETAIL_KEY, DETAIL_VALUE, CREATED_BY, CREATED_AT, UPDATED_BY, UPDATED_AT ) VALUES ( ?, IFNULL(?, 'N/A'), IFNULL(?, 'N/A'), IFNULL(NULLIF(?, 'N/A'), 'PFW'), NOW(), IFNULL(NULLIF(?, 'N/A'), 'PFW'), NOW() )
2026-06-17 19:39:16.080 [DEBUG] [Test worker] [c.p.m.c.l.T.insertTransactionLogDetail] [TranId: 20260611141234567MBRmbrAP010000001] [BizTranId: MBR01BSE0002] [TraceId: TRACE-TEST-001] [SpanId: SPN-7e4edc97-f891-4242-afb1-4896918e7f21] [DynLevel: ] - ==> Parameters: 2(Long), execution.method(String), getDetail(String), N/A(String), N/A(String)
2026-06-17 19:39:16.082 [DEBUG] [Test worker] [c.p.m.c.l.T.insertTransactionLogDetail] [TranId: 20260611141234567MBRmbrAP010000001] [BizTranId: MBR01BSE0002] [TraceId: TRACE-TEST-001] [SpanId: SPN-7e4edc97-f891-4242-afb1-4896918e7f21] [DynLevel: ] - <==    Updates: 1
2026-06-17 19:39:16.082 [DEBUG] [Test worker] [c.p.m.c.l.T.insertTransactionLogDetail] [TranId: 20260611141234567MBRmbrAP010000001] [BizTranId: MBR01BSE0002] [TraceId: TRACE-TEST-001] [SpanId: SPN-7e4edc97-f891-4242-afb1-4896918e7f21] [DynLevel: ] - ==>  Preparing: INSERT INTO pfw_transaction_log_detail ( LOG_IDX, DETAIL_KEY, DETAIL_VALUE, CREATED_BY, CREATED_AT, UPDATED_BY, UPDATED_AT ) VALUES ( ?, IFNULL(?, 'N/A'), IFNULL(?, 'N/A'), IFNULL(NULLIF(?, 'N/A'), 'PFW'), NOW(), IFNULL(NULLIF(?, 'N/A'), 'PFW'), NOW() )
2026-06-17 19:39:16.083 [DEBUG] [Test worker] [c.p.m.c.l.T.insertTransactionLogDetail] [TranId: 20260611141234567MBRmbrAP010000001] [BizTranId: MBR01BSE0002] [TraceId: TRACE-TEST-001] [SpanId: SPN-7e4edc97-f891-4242-afb1-4896918e7f21] [DynLevel: ] - ==> Parameters: 2(Long), execution.signature(String), public org.springframework.http.ResponseEntity<cpf.mbr.common.response.BaseResponse<cpf.mbr.bse.dto.MbrDTO>> cpf.mbr.bse.controller.MbrController.getDetail(java.lang.Integer)(String), N/A(String), N/A(String)
2026-06-17 19:39:16.084 [DEBUG] [Test worker] [c.p.m.c.l.T.insertTransactionLogDetail] [TranId: 20260611141234567MBRmbrAP010000001] [BizTranId: MBR01BSE0002] [TraceId: TRACE-TEST-001] [SpanId: SPN-7e4edc97-f891-4242-afb1-4896918e7f21] [DynLevel: ] - <==    Updates: 1
2026-06-17 19:39:16.084 [DEBUG] [Test worker] [c.p.m.c.l.T.insertTransactionLogDetail] [TranId: 20260611141234567MBRmbrAP010000001] [BizTranId: MBR01BSE0002] [TraceId: TRACE-TEST-001] [SpanId: SPN-7e4edc97-f891-4242-afb1-4896918e7f21] [DynLevel: ] - ==>  Preparing: INSERT INTO pfw_transaction_log_detail ( LOG_IDX, DETAIL_KEY, DETAIL_VALUE, CREATED_BY, CREATED_AT, UPDATED_BY, UPDATED_AT ) VALUES ( ?, IFNULL(?, 'N/A'), IFNULL(?, 'N/A'), IFNULL(NULLIF(?, 'N/A'), 'PFW'), NOW(), IFNULL(NULLIF(?, 'N/A'), 'PFW'), NOW() )
2026-06-17 19:39:16.085 [DEBUG] [Test worker] [c.p.m.c.l.T.insertTransactionLogDetail] [TranId: 20260611141234567MBRmbrAP010000001] [BizTranId: MBR01BSE0002] [TraceId: TRACE-TEST-001] [SpanId: SPN-7e4edc97-f891-4242-afb1-4896918e7f21] [DynLevel: ] - ==> Parameters: 2(Long), controller.shortSignature(String), MbrController.getDetail(..)(String), N/A(String), N/A(String)
2026-06-17 19:39:16.086 [DEBUG] [Test worker] [c.p.m.c.l.T.insertTransactionLogDetail] [TranId: 20260611141234567MBRmbrAP010000001] [BizTranId: MBR01BSE0002] [TraceId: TRACE-TEST-001] [SpanId: SPN-7e4edc97-f891-4242-afb1-4896918e7f21] [DynLevel: ] - <==    Updates: 1
2026-06-17 19:39:16.087 [DEBUG] [Test worker] [c.p.m.c.l.T.insertTransactionLogDetail] [TranId: 20260611141234567MBRmbrAP010000001] [BizTranId: MBR01BSE0002] [TraceId: TRACE-TEST-001] [SpanId: SPN-7e4edc97-f891-4242-afb1-4896918e7f21] [DynLevel: ] - ==>  Preparing: INSERT INTO pfw_transaction_log_detail ( LOG_IDX, DETAIL_KEY, DETAIL_VALUE, CREATED_BY, CREATED_AT, UPDATED_BY, UPDATED_AT ) VALUES ( ?, IFNULL(?, 'N/A'), IFNULL(?, 'N/A'), IFNULL(NULLIF(?, 'N/A'), 'PFW'), NOW(), IFNULL(NULLIF(?, 'N/A'), 'PFW'), NOW() )
2026-06-17 19:39:16.088 [DEBUG] [Test worker] [c.p.m.c.l.T.insertTransactionLogDetail] [TranId: 20260611141234567MBRmbrAP010000001] [BizTranId: MBR01BSE0002] [TraceId: TRACE-TEST-001] [SpanId: SPN-7e4edc97-f891-4242-afb1-4896918e7f21] [DynLevel: ] - ==> Parameters: 2(Long), http.method(String), GET(String), N/A(String), N/A(String)
2026-06-17 19:39:16.089 [DEBUG] [Test worker] [c.p.m.c.l.T.insertTransactionLogDetail] [TranId: 20260611141234567MBRmbrAP010000001] [BizTranId: MBR01BSE0002] [TraceId: TRACE-TEST-001] [SpanId: SPN-7e4edc97-f891-4242-afb1-4896918e7f21] [DynLevel: ] - <==    Updates: 1
2026-06-17 19:39:16.090 [DEBUG] [Test worker] [c.p.m.c.l.T.insertTransactionLogDetail] [TranId: 20260611141234567MBRmbrAP010000001] [BizTranId: MBR01BSE0002] [TraceId: TRACE-TEST-001] [SpanId: SPN-7e4edc97-f891-4242-afb1-4896918e7f21] [DynLevel: ] - ==>  Preparing: INSERT INTO pfw_transaction_log_detail ( LOG_IDX, DETAIL_KEY, DETAIL_VALUE, CREATED_BY, CREATED_AT, UPDATED_BY, UPDATED_AT ) VALUES ( ?, IFNULL(?, 'N/A'), IFNULL(?, 'N/A'), IFNULL(NULLIF(?, 'N/A'), 'PFW'), NOW(), IFNULL(NULLIF(?, 'N/A'), 'PFW'), NOW() )
2026-06-17 19:39:16.091 [DEBUG] [Test worker] [c.p.m.c.l.T.insertTransactionLogDetail] [TranId: 20260611141234567MBRmbrAP010000001] [BizTranId: MBR01BSE0002] [TraceId: TRACE-TEST-001] [SpanId: SPN-7e4edc97-f891-4242-afb1-4896918e7f21] [DynLevel: ] - ==> Parameters: 2(Long), http.uri(String), /mbr/detail(String), N/A(String), N/A(String)
2026-06-17 19:39:16.092 [DEBUG] [Test worker] [c.p.m.c.l.T.insertTransactionLogDetail] [TranId: 20260611141234567MBRmbrAP010000001] [BizTranId: MBR01BSE0002] [TraceId: TRACE-TEST-001] [SpanId: SPN-7e4edc97-f891-4242-afb1-4896918e7f21] [DynLevel: ] - <==    Updates: 1
2026-06-17 19:39:16.092 [DEBUG] [Test worker] [c.p.m.c.l.T.insertTransactionLogDetail] [TranId: 20260611141234567MBRmbrAP010000001] [BizTranId: MBR01BSE0002] [TraceId: TRACE-TEST-001] [SpanId: SPN-7e4edc97-f891-4242-afb1-4896918e7f21] [DynLevel: ] - ==>  Preparing: INSERT INTO pfw_transaction_log_detail ( LOG_IDX, DETAIL_KEY, DETAIL_VALUE, CREATED_BY, CREATED_AT, UPDATED_BY, UPDATED_AT ) VALUES ( ?, IFNULL(?, 'N/A'), IFNULL(?, 'N/A'), IFNULL(NULLIF(?, 'N/A'), 'PFW'), NOW(), IFNULL(NULLIF(?, 'N/A'), 'PFW'), NOW() )
2026-06-17 19:39:16.093 [DEBUG] [Test worker] [c.p.m.c.l.T.insertTransactionLogDetail] [TranId: 20260611141234567MBRmbrAP010000001] [BizTranId: MBR01BSE0002] [TraceId: TRACE-TEST-001] [SpanId: SPN-7e4edc97-f891-4242-afb1-4896918e7f21] [DynLevel: ] - ==> Parameters: 2(Long), http.clientIp(String), 10.10.10.10(String), N/A(String), N/A(String)
2026-06-17 19:39:16.094 [DEBUG] [Test worker] [c.p.m.c.l.T.insertTransactionLogDetail] [TranId: 20260611141234567MBRmbrAP010000001] [BizTranId: MBR01BSE0002] [TraceId: TRACE-TEST-001] [SpanId: SPN-7e4edc97-f891-4242-afb1-4896918e7f21] [DynLevel: ] - <==    Updates: 1
2026-06-17 19:39:16.094 [DEBUG] [Test worker] [c.p.m.c.l.T.insertTransactionLogDetail] [TranId: 20260611141234567MBRmbrAP010000001] [BizTranId: MBR01BSE0002] [TraceId: TRACE-TEST-001] [SpanId: SPN-7e4edc97-f891-4242-afb1-4896918e7f21] [DynLevel: ] - ==>  Preparing: INSERT INTO pfw_transaction_log_detail ( LOG_IDX, DETAIL_KEY, DETAIL_VALUE, CREATED_BY, CREATED_AT, UPDATED_BY, UPDATED_AT ) VALUES ( ?, IFNULL(?, 'N/A'), IFNULL(?, 'N/A'), IFNULL(NULLIF(?, 'N/A'), 'PFW'), NOW(), IFNULL(NULLIF(?, 'N/A'), 'PFW'), NOW() )
2026-06-17 19:39:16.095 [DEBUG] [Test worker] [c.p.m.c.l.T.insertTransactionLogDetail] [TranId: 20260611141234567MBRmbrAP010000001] [BizTranId: MBR01BSE0002] [TraceId: TRACE-TEST-001] [SpanId: SPN-7e4edc97-f891-4242-afb1-4896918e7f21] [DynLevel: ] - ==> Parameters: 2(Long), parameters(String), memberId=[0](String), N/A(String), N/A(String)
2026-06-17 19:39:16.096 [DEBUG] [Test worker] [c.p.m.c.l.T.insertTransactionLogDetail] [TranId: 20260611141234567MBRmbrAP010000001] [BizTranId: MBR01BSE0002] [TraceId: TRACE-TEST-001] [SpanId: SPN-7e4edc97-f891-4242-afb1-4896918e7f21] [DynLevel: ] - <==    Updates: 1
2026-06-17 19:39:16.097 [DEBUG] [Test worker] [c.p.m.c.l.T.insertTransactionLogDetail] [TranId: 20260611141234567MBRmbrAP010000001] [BizTranId: MBR01BSE0002] [TraceId: TRACE-TEST-001] [SpanId: SPN-7e4edc97-f891-4242-afb1-4896918e7f21] [DynLevel: ] - ==>  Preparing: INSERT INTO pfw_transaction_log_detail ( LOG_IDX, DETAIL_KEY, DETAIL_VALUE, CREATED_BY, CREATED_AT, UPDATED_BY, UPDATED_AT ) VALUES ( ?, IFNULL(?, 'N/A'), IFNULL(?, 'N/A'), IFNULL(NULLIF(?, 'N/A'), 'PFW'), NOW(), IFNULL(NULLIF(?, 'N/A'), 'PFW'), NOW() )
2026-06-17 19:39:16.097 [DEBUG] [Test worker] [c.p.m.c.l.T.insertTransactionLogDetail] [TranId: 20260611141234567MBRmbrAP010000001] [BizTranId: MBR01BSE0002] [TraceId: TRACE-TEST-001] [SpanId: SPN-7e4edc97-f891-4242-afb1-4896918e7f21] [DynLevel: ] - ==> Parameters: 2(Long), requestBody(String), [0](String), N/A(String), N/A(String)
2026-06-17 19:39:16.098 [DEBUG] [Test worker] [c.p.m.c.l.T.insertTransactionLogDetail] [TranId: 20260611141234567MBRmbrAP010000001] [BizTranId: MBR01BSE0002] [TraceId: TRACE-TEST-001] [SpanId: SPN-7e4edc97-f891-4242-afb1-4896918e7f21] [DynLevel: ] - <==    Updates: 1
2026-06-17 19:39:16.099 [DEBUG] [Test worker] [c.p.m.c.l.T.insertTransactionLogDetail] [TranId: 20260611141234567MBRmbrAP010000001] [BizTranId: MBR01BSE0002] [TraceId: TRACE-TEST-001] [SpanId: SPN-7e4edc97-f891-4242-afb1-4896918e7f21] [DynLevel: ] - ==>  Preparing: INSERT INTO pfw_transaction_log_detail ( LOG_IDX, DETAIL_KEY, DETAIL_VALUE, CREATED_BY, CREATED_AT, UPDATED_BY, UPDATED_AT ) VALUES ( ?, IFNULL(?, 'N/A'), IFNULL(?, 'N/A'), IFNULL(NULLIF(?, 'N/A'), 'PFW'), NOW(), IFNULL(NULLIF(?, 'N/A'), 'PFW'), NOW() )
2026-06-17 19:39:16.100 [DEBUG] [Test worker] [c.p.m.c.l.T.insertTransactionLogDetail] [TranId: 20260611141234567MBRmbrAP010000001] [BizTranId: MBR01BSE0002] [TraceId: TRACE-TEST-001] [SpanId: SPN-7e4edc97-f891-4242-afb1-4896918e7f21] [DynLevel: ] - ==> Parameters: 2(Long), response.httpStatus(String), 500(String), N/A(String), N/A(String)
2026-06-17 19:39:16.100 [DEBUG] [Test worker] [c.p.m.c.l.T.insertTransactionLogDetail] [TranId: 20260611141234567MBRmbrAP010000001] [BizTranId: MBR01BSE0002] [TraceId: TRACE-TEST-001] [SpanId: SPN-7e4edc97-f891-4242-afb1-4896918e7f21] [DynLevel: ] - <==    Updates: 1
2026-06-17 19:39:16.101 [DEBUG] [Test worker] [c.p.m.c.l.T.insertTransactionLogDetail] [TranId: 20260611141234567MBRmbrAP010000001] [BizTranId: MBR01BSE0002] [TraceId: TRACE-TEST-001] [SpanId: SPN-7e4edc97-f891-4242-afb1-4896918e7f21] [DynLevel: ] - ==>  Preparing: INSERT INTO pfw_transaction_log_detail ( LOG_IDX, DETAIL_KEY, DETAIL_VALUE, CREATED_BY, CREATED_AT, UPDATED_BY, UPDATED_AT ) VALUES ( ?, IFNULL(?, 'N/A'), IFNULL(?, 'N/A'), IFNULL(NULLIF(?, 'N/A'), 'PFW'), NOW(), IFNULL(NULLIF(?, 'N/A'), 'PFW'), NOW() )
2026-06-17 19:39:16.101 [DEBUG] [Test worker] [c.p.m.c.l.T.insertTransactionLogDetail] [TranId: 20260611141234567MBRmbrAP010000001] [BizTranId: MBR01BSE0002] [TraceId: TRACE-TEST-001] [SpanId: SPN-7e4edc97-f891-4242-afb1-4896918e7f21] [DynLevel: ] - ==> Parameters: 2(Long), response.code(String), EPFW990000(String), N/A(String), N/A(String)
2026-06-17 19:39:16.102 [DEBUG] [Test worker] [c.p.m.c.l.T.insertTransactionLogDetail] [TranId: 20260611141234567MBRmbrAP010000001] [BizTranId: MBR01BSE0002] [TraceId: TRACE-TEST-001] [SpanId: SPN-7e4edc97-f891-4242-afb1-4896918e7f21] [DynLevel: ] - <==    Updates: 1
2026-06-17 19:39:16.102 [DEBUG] [Test worker] [c.p.m.c.l.T.insertTransactionLogDetail] [TranId: 20260611141234567MBRmbrAP010000001] [BizTranId: MBR01BSE0002] [TraceId: TRACE-TEST-001] [SpanId: SPN-7e4edc97-f891-4242-afb1-4896918e7f21] [DynLevel: ] - ==>  Preparing: INSERT INTO pfw_transaction_log_detail ( LOG_IDX, DETAIL_KEY, DETAIL_VALUE, CREATED_BY, CREATED_AT, UPDATED_BY, UPDATED_AT ) VALUES ( ?, IFNULL(?, 'N/A'), IFNULL(?, 'N/A'), IFNULL(NULLIF(?, 'N/A'), 'PFW'), NOW(), IFNULL(NULLIF(?, 'N/A'), 'PFW'), NOW() )
2026-06-17 19:39:16.103 [DEBUG] [Test worker] [c.p.m.c.l.T.insertTransactionLogDetail] [TranId: 20260611141234567MBRmbrAP010000001] [BizTranId: MBR01BSE0002] [TraceId: TRACE-TEST-001] [SpanId: SPN-7e4edc97-f891-4242-afb1-4896918e7f21] [DynLevel: ] - ==> Parameters: 2(Long), response.messageCode(String), MPFW990000(String), N/A(String), N/A(String)
2026-06-17 19:39:16.104 [DEBUG] [Test worker] [c.p.m.c.l.T.insertTransactionLogDetail] [TranId: 20260611141234567MBRmbrAP010000001] [BizTranId: MBR01BSE0002] [TraceId: TRACE-TEST-001] [SpanId: SPN-7e4edc97-f891-4242-afb1-4896918e7f21] [DynLevel: ] - <==    Updates: 1
2026-06-17 19:39:16.107 [DEBUG] [Test worker] [c.p.m.c.l.T.insertTransactionLogDetail] [TranId: 20260611141234567MBRmbrAP010000001] [BizTranId: MBR01BSE0002] [TraceId: TRACE-TEST-001] [SpanId: SPN-7e4edc97-f891-4242-afb1-4896918e7f21] [DynLevel: ] - ==>  Preparing: INSERT INTO pfw_transaction_log_detail ( LOG_IDX, DETAIL_KEY, DETAIL_VALUE, CREATED_BY, CREATED_AT, UPDATED_BY, UPDATED_AT ) VALUES ( ?, IFNULL(?, 'N/A'), IFNULL(?, 'N/A'), IFNULL(NULLIF(?, 'N/A'), 'PFW'), NOW(), IFNULL(NULLIF(?, 'N/A'), 'PFW'), NOW() )
2026-06-17 19:39:16.109 [DEBUG] [Test worker] [c.p.m.c.l.T.insertTransactionLogDetail] [TranId: 20260611141234567MBRmbrAP010000001] [BizTranId: MBR01BSE0002] [TraceId: TRACE-TEST-001] [SpanId: SPN-7e4edc97-f891-4242-afb1-4896918e7f21] [DynLevel: ] - ==> Parameters: 2(Long), response.messageContent(String), 泥섎━ 以??ㅻ쪟媛 諛쒖깮?덉뒿?덈떎.(String), N/A(String), N/A(String)
2026-06-17 19:39:16.110 [DEBUG] [Test worker] [c.p.m.c.l.T.insertTransactionLogDetail] [TranId: 20260611141234567MBRmbrAP010000001] [BizTranId: MBR01BSE0002] [TraceId: TRACE-TEST-001] [SpanId: SPN-7e4edc97-f891-4242-afb1-4896918e7f21] [DynLevel: ] - <==    Updates: 1
2026-06-17 19:39:16.111 [DEBUG] [Test worker] [c.p.m.c.l.T.insertTransactionLogDetail] [TranId: 20260611141234567MBRmbrAP010000001] [BizTranId: MBR01BSE0002] [TraceId: TRACE-TEST-001] [SpanId: SPN-7e4edc97-f891-4242-afb1-4896918e7f21] [DynLevel: ] - ==>  Preparing: INSERT INTO pfw_transaction_log_detail ( LOG_IDX, DETAIL_KEY, DETAIL_VALUE, CREATED_BY, CREATED_AT, UPDATED_BY, UPDATED_AT ) VALUES ( ?, IFNULL(?, 'N/A'), IFNULL(?, 'N/A'), IFNULL(NULLIF(?, 'N/A'), 'PFW'), NOW(), IFNULL(NULLIF(?, 'N/A'), 'PFW'), NOW() )
2026-06-17 19:39:16.111 [DEBUG] [Test worker] [c.p.m.c.l.T.insertTransactionLogDetail] [TranId: 20260611141234567MBRmbrAP010000001] [BizTranId: MBR01BSE0002] [TraceId: TRACE-TEST-001] [SpanId: SPN-7e4edc97-f891-4242-afb1-4896918e7f21] [DynLevel: ] - ==> Parameters: 2(Long), error(String), getDetail.memberId: memberId must be positive(String), N/A(String), N/A(String)
2026-06-17 19:39:16.112 [DEBUG] [Test worker] [c.p.m.c.l.T.insertTransactionLogDetail] [TranId: 20260611141234567MBRmbrAP010000001] [BizTranId: MBR01BSE0002] [TraceId: TRACE-TEST-001] [SpanId: SPN-7e4edc97-f891-4242-afb1-4896918e7f21] [DynLevel: ] - <==    Updates: 1
2026-06-17 19:39:16.112 [DEBUG] [Test worker] [c.p.m.c.l.T.insertTransactionLogDetail] [TranId: 20260611141234567MBRmbrAP010000001] [BizTranId: MBR01BSE0002] [TraceId: TRACE-TEST-001] [SpanId: SPN-7e4edc97-f891-4242-afb1-4896918e7f21] [DynLevel: ] - ==>  Preparing: INSERT INTO pfw_transaction_log_detail ( LOG_IDX, DETAIL_KEY, DETAIL_VALUE, CREATED_BY, CREATED_AT, UPDATED_BY, UPDATED_AT ) VALUES ( ?, IFNULL(?, 'N/A'), IFNULL(?, 'N/A'), IFNULL(NULLIF(?, 'N/A'), 'PFW'), NOW(), IFNULL(NULLIF(?, 'N/A'), 'PFW'), NOW() )
2026-06-17 19:39:16.112 [DEBUG] [Test worker] [c.p.m.c.l.T.insertTransactionLogDetail] [TranId: 20260611141234567MBRmbrAP010000001] [BizTranId: MBR01BSE0002] [TraceId: TRACE-TEST-001] [SpanId: SPN-7e4edc97-f891-4242-afb1-4896918e7f21] [DynLevel: ] - ==> Parameters: 2(Long), error.code(String), ConstraintViolationException(String), N/A(String), N/A(String)
2026-06-17 19:39:16.113 [DEBUG] [Test worker] [c.p.m.c.l.T.insertTransactionLogDetail] [TranId: 20260611141234567MBRmbrAP010000001] [BizTranId: MBR01BSE0002] [TraceId: TRACE-TEST-001] [SpanId: SPN-7e4edc97-f891-4242-afb1-4896918e7f21] [DynLevel: ] - <==    Updates: 1
2026-06-17 19:39:16.114 [DEBUG] [Test worker] [c.p.m.c.l.T.insertTransactionLogDetail] [TranId: 20260611141234567MBRmbrAP010000001] [BizTranId: MBR01BSE0002] [TraceId: TRACE-TEST-001] [SpanId: SPN-7e4edc97-f891-4242-afb1-4896918e7f21] [DynLevel: ] - ==>  Preparing: INSERT INTO pfw_transaction_log_detail ( LOG_IDX, DETAIL_KEY, DETAIL_VALUE, CREATED_BY, CREATED_AT, UPDATED_BY, UPDATED_AT ) VALUES ( ?, IFNULL(?, 'N/A'), IFNULL(?, 'N/A'), IFNULL(NULLIF(?, 'N/A'), 'PFW'), NOW(), IFNULL(NULLIF(?, 'N/A'), 'PFW'), NOW() )
2026-06-17 19:39:16.115 [DEBUG] [Test worker] [c.p.m.c.l.T.insertTransactionLogDetail] [TranId: 20260611141234567MBRmbrAP010000001] [BizTranId: MBR01BSE0002] [TraceId: TRACE-TEST-001] [SpanId: SPN-7e4edc97-f891-4242-afb1-4896918e7f21] [DynLevel: ] - ==> Parameters: 2(Long), error.externalMessage(String), 泥섎━ 以??ㅻ쪟媛 諛쒖깮?덉뒿?덈떎.(String), N/A(String), N/A(String)
2026-06-17 19:39:16.116 [DEBUG] [Test worker] [c.p.m.c.l.T.insertTransactionLogDetail] [TranId: 20260611141234567MBRmbrAP010000001] [BizTranId: MBR01BSE0002] [TraceId: TRACE-TEST-001] [SpanId: SPN-7e4edc97-f891-4242-afb1-4896918e7f21] [DynLevel: ] - <==    Updates: 1
2026-06-17 19:39:16.116 [DEBUG] [Test worker] [c.p.m.c.l.T.insertTransactionLogDetail] [TranId: 20260611141234567MBRmbrAP010000001] [BizTranId: MBR01BSE0002] [TraceId: TRACE-TEST-001] [SpanId: SPN-7e4edc97-f891-4242-afb1-4896918e7f21] [DynLevel: ] - ==>  Preparing: INSERT INTO pfw_transaction_log_detail ( LOG_IDX, DETAIL_KEY, DETAIL_VALUE, CREATED_BY, CREATED_AT, UPDATED_BY, UPDATED_AT ) VALUES ( ?, IFNULL(?, 'N/A'), IFNULL(?, 'N/A'), IFNULL(NULLIF(?, 'N/A'), 'PFW'), NOW(), IFNULL(NULLIF(?, 'N/A'), 'PFW'), NOW() )
2026-06-17 19:39:16.117 [DEBUG] [Test worker] [c.p.m.c.l.T.insertTransactionLogDetail] [TranId: 20260611141234567MBRmbrAP010000001] [BizTranId: MBR01BSE0002] [TraceId: TRACE-TEST-001] [SpanId: SPN-7e4edc97-f891-4242-afb1-4896918e7f21] [DynLevel: ] - ==> Parameters: 2(Long), error.internalMessage(String), getDetail.memberId: memberId must be positive(String), N/A(String), N/A(String)
2026-06-17 19:39:16.118 [DEBUG] [Test worker] [c.p.m.c.l.T.insertTransactionLogDetail] [TranId: 20260611141234567MBRmbrAP010000001] [BizTranId: MBR01BSE0002] [TraceId: TRACE-TEST-001] [SpanId: SPN-7e4edc97-f891-4242-afb1-4896918e7f21] [DynLevel: ] - <==    Updates: 1
2026-06-17 19:39:16.121 [DEBUG] [Test worker] [c.p.m.c.l.T.insertTransactionLogDetail] [TranId: 20260611141234567MBRmbrAP010000001] [BizTranId: MBR01BSE0002] [TraceId: TRACE-TEST-001] [SpanId: SPN-7e4edc97-f891-4242-afb1-4896918e7f21] [DynLevel: ] - ==>  Preparing: INSERT INTO pfw_transaction_log_detail ( LOG_IDX, DETAIL_KEY, DETAIL_VALUE, CREATED_BY, CREATED_AT, UPDATED_BY, UPDATED_AT ) VALUES ( ?, IFNULL(?, 'N/A'), IFNULL(?, 'N/A'), IFNULL(NULLIF(?, 'N/A'), 'PFW'), NOW(), IFNULL(NULLIF(?, 'N/A'), 'PFW'), NOW() )
2026-06-17 19:39:16.122 [DEBUG] [Test worker] [c.p.m.c.l.T.insertTransactionLogDetail] [TranId: 20260611141234567MBRmbrAP010000001] [BizTranId: MBR01BSE0002] [TraceId: TRACE-TEST-001] [SpanId: SPN-7e4edc97-f891-4242-afb1-4896918e7f21] [DynLevel: ] - ==> Parameters: 2(Long), transactionHeader(String), TransactionHeader(apiVersion=null, clientAppId=null, clientVersion=null, callerService=null, callerInstanceId=null, correlationId=null, idempotencyKey=null, locale=null, timezone=null, requestType=INQUIRY, originalChannelCode=MBL, channelCode=MBR, memberNo=10000001, customerNo=null, userId=null, screenId=null, deviceId=null, clientRequestTime=null, clientIp=10.10.10.10, reservedField1=reserved-1, reservedField2=reserved-2, reservedField3=null, reservedField4=null, reservedField5=null, wasId=local01)(String), N/A(String), N/A(String)
2026-06-17 19:39:16.125 [DEBUG] [Test worker] [c.p.m.c.l.T.insertTransactionLogDetail] [TranId: 20260611141234567MBRmbrAP010000001] [BizTranId: MBR01BSE0002] [TraceId: TRACE-TEST-001] [SpanId: SPN-7e4edc97-f891-4242-afb1-4896918e7f21] [DynLevel: ] - <==    Updates: 1
2026-06-17 19:39:16.126 [DEBUG] [Test worker] [c.p.m.c.l.T.insertTransactionLogDetail] [TranId: 20260611141234567MBRmbrAP010000001] [BizTranId: MBR01BSE0002] [TraceId: TRACE-TEST-001] [SpanId: SPN-7e4edc97-f891-4242-afb1-4896918e7f21] [DynLevel: ] - ==>  Preparing: INSERT INTO pfw_transaction_log_detail ( LOG_IDX, DETAIL_KEY, DETAIL_VALUE, CREATED_BY, CREATED_AT, UPDATED_BY, UPDATED_AT ) VALUES ( ?, IFNULL(?, 'N/A'), IFNULL(?, 'N/A'), IFNULL(NULLIF(?, 'N/A'), 'PFW'), NOW(), IFNULL(NULLIF(?, 'N/A'), 'PFW'), NOW() )
2026-06-17 19:39:16.127 [DEBUG] [Test worker] [c.p.m.c.l.T.insertTransactionLogDetail] [TranId: 20260611141234567MBRmbrAP010000001] [BizTranId: MBR01BSE0002] [TraceId: TRACE-TEST-001] [SpanId: SPN-7e4edc97-f891-4242-afb1-4896918e7f21] [DynLevel: ] - ==> Parameters: 2(Long), propagationHeaders(String), {X-Transaction-Id=20260611141234567MBRmbrAP010000001, X-Trace-Id=TRACE-TEST-001, X-Parent-Span-Id=SPN-7e4edc97-f891-4242-afb1-4896918e7f21, X-Request-Type=INQUIRY, X-Original-Channel-Code=MBL, X-Channel-Code=MBR, X-Member-No=10000001, X-Client-IP=10.10.10.10, X-Reserved-Field-1=reserved-1, X-Reserved-Field-2=reserved-2}(String), N/A(String), N/A(String)
2026-06-17 19:39:16.129 [DEBUG] [Test worker] [c.p.m.c.l.T.insertTransactionLogDetail] [TranId: 20260611141234567MBRmbrAP010000001] [BizTranId: MBR01BSE0002] [TraceId: TRACE-TEST-001] [SpanId: SPN-7e4edc97-f891-4242-afb1-4896918e7f21] [DynLevel: ] - <==    Updates: 1
2026-06-17 19:39:16.130 [DEBUG] [Test worker] [c.p.m.c.l.T.insertTransactionLogDetail] [TranId: 20260611141234567MBRmbrAP010000001] [BizTranId: MBR01BSE0002] [TraceId: TRACE-TEST-001] [SpanId: SPN-7e4edc97-f891-4242-afb1-4896918e7f21] [DynLevel: ] - ==>  Preparing: INSERT INTO pfw_transaction_log_detail ( LOG_IDX, DETAIL_KEY, DETAIL_VALUE, CREATED_BY, CREATED_AT, UPDATED_BY, UPDATED_AT ) VALUES ( ?, IFNULL(?, 'N/A'), IFNULL(?, 'N/A'), IFNULL(NULLIF(?, 'N/A'), 'PFW'), NOW(), IFNULL(NULLIF(?, 'N/A'), 'PFW'), NOW() )
2026-06-17 19:39:16.130 [DEBUG] [Test worker] [c.p.m.c.l.T.insertTransactionLogDetail] [TranId: 20260611141234567MBRmbrAP010000001] [BizTranId: MBR01BSE0002] [TraceId: TRACE-TEST-001] [SpanId: SPN-7e4edc97-f891-4242-afb1-4896918e7f21] [DynLevel: ] - ==> Parameters: 2(Long), workflowPropagationHeaders(String), {}(String), N/A(String), N/A(String)
2026-06-17 19:39:16.131 [DEBUG] [Test worker] [c.p.m.c.l.T.insertTransactionLogDetail] [TranId: 20260611141234567MBRmbrAP010000001] [BizTranId: MBR01BSE0002] [TraceId: TRACE-TEST-001] [SpanId: SPN-7e4edc97-f891-4242-afb1-4896918e7f21] [DynLevel: ] - <==    Updates: 1
2026-06-17 19:39:16.131 [DEBUG] [Test worker] [c.p.m.c.l.T.insertTransactionLogDetail] [TranId: 20260611141234567MBRmbrAP010000001] [BizTranId: MBR01BSE0002] [TraceId: TRACE-TEST-001] [SpanId: SPN-7e4edc97-f891-4242-afb1-4896918e7f21] [DynLevel: ] - ==>  Preparing: INSERT INTO pfw_transaction_log_detail ( LOG_IDX, DETAIL_KEY, DETAIL_VALUE, CREATED_BY, CREATED_AT, UPDATED_BY, UPDATED_AT ) VALUES ( ?, IFNULL(?, 'N/A'), IFNULL(?, 'N/A'), IFNULL(NULLIF(?, 'N/A'), 'PFW'), NOW(), IFNULL(NULLIF(?, 'N/A'), 'PFW'), NOW() )
2026-06-17 19:39:16.132 [DEBUG] [Test worker] [c.p.m.c.l.T.insertTransactionLogDetail] [TranId: 20260611141234567MBRmbrAP010000001] [BizTranId: MBR01BSE0002] [TraceId: TRACE-TEST-001] [SpanId: SPN-7e4edc97-f891-4242-afb1-4896918e7f21] [DynLevel: ] - ==> Parameters: 2(Long), errorMessage(String), getDetail.memberId: memberId must be positive(String), N/A(String), N/A(String)
2026-06-17 19:39:16.133 [DEBUG] [Test worker] [c.p.m.c.l.T.insertTransactionLogDetail] [TranId: 20260611141234567MBRmbrAP010000001] [BizTranId: MBR01BSE0002] [TraceId: TRACE-TEST-001] [SpanId: SPN-7e4edc97-f891-4242-afb1-4896918e7f21] [DynLevel: ] - <==    Updates: 1
2026-06-17 19:39:16.147 [DEBUG] [Test worker] [o.s.w.s.m.m.a.ExceptionHandlerExceptionResolver] [TranId: 20260611141234567MBRmbrAP010000001] [BizTranId: MBR01BSE0002] [TraceId: TRACE-TEST-001] [SpanId: SPN-7e4edc97-f891-4242-afb1-4896918e7f21] [DynLevel: ] - Using @ExceptionHandler cpf.mbr.common.exception.GlobalExceptionHandler#handleConstraintViolationException(ConstraintViolationException, WebRequest)
2026-06-17 19:39:16.152 [WARN ] [Test worker] [c.m.c.e.GlobalExceptionHandler] [TranId: 20260611141234567MBRmbrAP010000001] [BizTranId: MBR01BSE0002] [TraceId: TRACE-TEST-001] [SpanId: SPN-7e4edc97-f891-4242-afb1-4896918e7f21] [DynLevel: ] - Constraint Violation Exception - getDetail.memberId: memberId must be positive
2026-06-17 19:39:16.339 [DEBUG] [Test worker] [o.s.w.s.m.m.a.HttpEntityMethodProcessor] [TranId: 20260611141234567MBRmbrAP010000001] [BizTranId: MBR01BSE0002] [TraceId: TRACE-TEST-001] [SpanId: SPN-7e4edc97-f891-4242-afb1-4896918e7f21] [DynLevel: ] - Using 'application/json', given [*/*] and supported [application/json, application/*+json, application/yaml]
2026-06-17 19:39:16.352 [DEBUG] [Test worker] [o.s.w.s.m.m.a.HttpEntityMethodProcessor] [TranId: 20260611141234567MBRmbrAP010000001] [BizTranId: MBR01BSE0002] [TraceId: TRACE-TEST-001] [SpanId: SPN-7e4edc97-f891-4242-afb1-4896918e7f21] [DynLevel: ] - Writing [BaseResponse(messageId=MSG_1781692756170, transactionId=20260611141234567MBRmbrAP010000001, traceId= (truncated)...]
2026-06-17 19:39:16.382 [DEBUG] [Test worker] [o.s.w.s.m.m.a.ExceptionHandlerExceptionResolver] [TranId: 20260611141234567MBRmbrAP010000001] [BizTranId: MBR01BSE0002] [TraceId: TRACE-TEST-001] [SpanId: SPN-7e4edc97-f891-4242-afb1-4896918e7f21] [DynLevel: ] - Resolved [jakarta.validation.ConstraintViolationException: getDetail.memberId: memberId must be positive]
