[2026-07-13 09:21:16.585] [Test worker] DEBUG o.s.w.s.m.m.a.RequestMappingHandlerMapping [TranId: 20260611141234567ACCaccAP010000001] [BizTranId: ] [TraceId: ec42265a-66ac-4f6b-8749-eec40e44e5be] [SpanId: SPN-e4556999-2acf-429f-b490-d3f09135c1c3] [DynLevel: ] - Mapped to cpf.acc.tst.controller.TransactionController#handleSuccessfulTransaction(String, String)
[2026-07-13 09:21:16.606] [Test worker] DEBUG o.s.jdbc.core.JdbcTemplate [TranId: 20260611141234567ACCaccAP010000001] [BizTranId: ] [TraceId: ec42265a-66ac-4f6b-8749-eec40e44e5be] [SpanId: SPN-e4556999-2acf-429f-b490-d3f09135c1c3] [DynLevel: ] - Executing prepared SQL query
[2026-07-13 09:21:16.607] [Test worker] DEBUG o.s.jdbc.core.JdbcTemplate [TranId: 20260611141234567ACCaccAP010000001] [BizTranId: ] [TraceId: ec42265a-66ac-4f6b-8749-eec40e44e5be] [SpanId: SPN-e4556999-2acf-429f-b490-d3f09135c1c3] [DynLevel: ] - Executing prepared SQL statement [SELECT COUNT(*)
FROM information_schema.tables
WHERE table_schema = DATABASE()
  AND table_name = ?
]
[2026-07-13 09:21:16.615] [Test worker] INFO  com.zaxxer.hikari.HikariDataSource [TranId: 20260611141234567ACCaccAP010000001] [BizTranId: ] [TraceId: ec42265a-66ac-4f6b-8749-eec40e44e5be] [SpanId: SPN-e4556999-2acf-429f-b490-d3f09135c1c3] [DynLevel: ] - HikariPool-4 - Starting...
[2026-07-13 09:21:16.618] [Test worker] WARN  o.m.jdbc.message.server.ErrorPacket [TranId: 20260611141234567ACCaccAP010000001] [BizTranId: ] [TraceId: ec42265a-66ac-4f6b-8749-eec40e44e5be] [SpanId: SPN-e4556999-2acf-429f-b490-d3f09135c1c3] [DynLevel: ] - Error: 1045-28000: Access denied for user 'cpf_pfw_app'@'localhost' (using password: YES)
[2026-07-13 09:21:17.624] [Test worker] DEBUG o.s.jdbc.core.JdbcTemplate [TranId: 20260611141234567ACCaccAP010000001] [BizTranId: ] [TraceId: ec42265a-66ac-4f6b-8749-eec40e44e5be] [SpanId: SPN-e4556999-2acf-429f-b490-d3f09135c1c3] [DynLevel: ] - Executing prepared SQL query
[2026-07-13 09:21:17.624] [Test worker] DEBUG o.s.jdbc.core.JdbcTemplate [TranId: 20260611141234567ACCaccAP010000001] [BizTranId: ] [TraceId: ec42265a-66ac-4f6b-8749-eec40e44e5be] [SpanId: SPN-e4556999-2acf-429f-b490-d3f09135c1c3] [DynLevel: ] - Executing prepared SQL statement [SELECT COUNT(*)
FROM information_schema.tables
WHERE table_schema = DATABASE()
  AND table_name = ?
]
[2026-07-13 09:21:17.625] [Test worker] INFO  com.zaxxer.hikari.HikariDataSource [TranId: 20260611141234567ACCaccAP010000001] [BizTranId: ] [TraceId: ec42265a-66ac-4f6b-8749-eec40e44e5be] [SpanId: SPN-e4556999-2acf-429f-b490-d3f09135c1c3] [DynLevel: ] - HikariPool-4 - Starting...
[2026-07-13 09:21:17.628] [Test worker] WARN  o.m.jdbc.message.server.ErrorPacket [TranId: 20260611141234567ACCaccAP010000001] [BizTranId: ] [TraceId: ec42265a-66ac-4f6b-8749-eec40e44e5be] [SpanId: SPN-e4556999-2acf-429f-b490-d3f09135c1c3] [DynLevel: ] - Error: 1045-28000: Access denied for user 'cpf_pfw_app'@'localhost' (using password: YES)
[2026-07-13 09:21:18.643] [Test worker] INFO  c.pfw.common.logging.LoggingAspect [TranId: 20260611141234567ACCaccAP010000001] [BizTranId: ACC09TST0001] [TraceId: ec42265a-66ac-4f6b-8749-eec40e44e5be] [SpanId: SPN-e4556999-2acf-429f-b490-d3f09135c1c3] [DynLevel: ] - Transaction started. transactionId=20260611141234567ACCaccAP010000001, businessTransactionId=ACC09TST0001, businessTransactionName=ACCSuccessSample, traceId=ec42265a-66ac-4f6b-8749-eec40e44e5be, spanId=SPN-e4556999-2acf-429f-b490-d3f09135c1c3, moduleId=ACC, sequenceNo=1, workflowInstanceId=20260611141234567ACCaccAP010000001, workflowStepId=ACC09TST0001, method=GET, uri=/acc/tran/success, controller=TransactionController.handleSuccessfulTransaction(..), executionClass=cpf.acc.tst.controller.TransactionController, executionMethod=handleSuccessfulTransaction, clientIp=127.0.0.1, parameters=menuId=[MENU123]&execUser=[testUser], requestBody=null
[2026-07-13 09:21:18.659] [Test worker] DEBUG c.c.m.s.ResponseCodeCacheService [TranId: 20260611141234567ACCaccAP010000001] [BizTranId: ACC09TST0001] [TraceId: ec42265a-66ac-4f6b-8749-eec40e44e5be] [SpanId: SPN-e4556999-2acf-429f-b490-d3f09135c1c3] [DynLevel: ] - Cache Miss: Fetching response code: SACC000000
[2026-07-13 09:21:18.659] [Test worker] INFO  com.zaxxer.hikari.HikariDataSource [TranId: 20260611141234567ACCaccAP010000001] [BizTranId: ACC09TST0001] [TraceId: ec42265a-66ac-4f6b-8749-eec40e44e5be] [SpanId: SPN-e4556999-2acf-429f-b490-d3f09135c1c3] [DynLevel: ] - HikariPool-3 - Starting...
[2026-07-13 09:21:18.663] [Test worker] WARN  o.m.jdbc.message.server.ErrorPacket [TranId: 20260611141234567ACCaccAP010000001] [BizTranId: ACC09TST0001] [TraceId: ec42265a-66ac-4f6b-8749-eec40e44e5be] [SpanId: SPN-e4556999-2acf-429f-b490-d3f09135c1c3] [DynLevel: ] - Error: 1045-28000: Access denied for user 'cpf_pfw_app'@'localhost' (using password: YES)
[2026-07-13 09:21:19.671] [Test worker] INFO  c.pfw.common.logging.LoggingAspect [TranId: 20260611141234567ACCaccAP010000001] [BizTranId: ACC09TST0001] [TraceId: ec42265a-66ac-4f6b-8749-eec40e44e5be] [SpanId: SPN-e4556999-2acf-429f-b490-d3f09135c1c3] [DynLevel: ] - Transaction completed. transactionId=20260611141234567ACCaccAP010000001, traceId=ec42265a-66ac-4f6b-8749-eec40e44e5be, spanId=SPN-e4556999-2acf-429f-b490-d3f09135c1c3, moduleId=ACC, sequenceNo=1, workflowStatus=COMPLETED, compensationYn=N, httpStatus=200, responseCode=SACC000000, messageCode=MACC000000, durationMs=2051
[2026-07-13 09:21:19.703] [Test worker] INFO  com.zaxxer.hikari.HikariDataSource [TranId: 20260611141234567ACCaccAP010000001] [BizTranId: ACC09TST0001] [TraceId: ec42265a-66ac-4f6b-8749-eec40e44e5be] [SpanId: SPN-e4556999-2acf-429f-b490-d3f09135c1c3] [DynLevel: ] - HikariPool-4 - Starting...
[2026-07-13 09:21:19.707] [Test worker] WARN  o.m.jdbc.message.server.ErrorPacket [TranId: 20260611141234567ACCaccAP010000001] [BizTranId: ACC09TST0001] [TraceId: ec42265a-66ac-4f6b-8749-eec40e44e5be] [SpanId: SPN-e4556999-2acf-429f-b490-d3f09135c1c3] [DynLevel: ] - Error: 1045-28000: Access denied for user 'cpf_pfw_app'@'localhost' (using password: YES)
[2026-07-13 09:21:20.719] [Test worker] WARN  c.p.c.logging.TransactionLogListener [TranId: 20260611141234567ACCaccAP010000001] [BizTranId: ACC09TST0001] [TraceId: ec42265a-66ac-4f6b-8749-eec40e44e5be] [SpanId: SPN-e4556999-2acf-429f-b490-d3f09135c1c3] [DynLevel: ] - Failed to persist transaction log. transactionId=20260611141234567ACCaccAP010000001
org.springframework.transaction.CannotCreateTransactionException: Could not open JDBC Connection for transaction
	at org.springframework.jdbc.datasource.DataSourceTransactionManager.doBegin(DataSourceTransactionManager.java:320)
	at org.springframework.transaction.support.AbstractPlatformTransactionManager.startTransaction(AbstractPlatformTransactionManager.java:532)
	at org.springframework.transaction.support.AbstractPlatformTransactionManager.getTransaction(AbstractPlatformTransactionManager.java:405)
	at org.springframework.transaction.interceptor.TransactionAspectSupport.createTransactionIfNecessary(TransactionAspectSupport.java:639)
	at org.springframework.transaction.interceptor.TransactionAspectSupport.invokeWithinTransaction(TransactionAspectSupport.java:374)
	at org.springframework.transaction.interceptor.TransactionInterceptor.invoke(TransactionInterceptor.java:119)
	at org.springframework.aop.framework.ReflectiveMethodInvocation.proceed(ReflectiveMethodInvocation.java:184)
	at org.springframework.aop.framework.CglibAopProxy$DynamicAdvisedInterceptor.intercept(CglibAopProxy.java:728)
	at cpf.pfw.service.common.logging.TransactionLogService$$SpringCGLIB$$0.saveTransactionLog(<generated>)
	at cpf.pfw.common.logging.TransactionLogListener.handleTransactionLogEvent(TransactionLogListener.java:27)
	at java.base/jdk.internal.reflect.DirectMethodHandleAccessor.invoke(DirectMethodHandleAccessor.java:103)
	at java.base/java.lang.reflect.Method.invoke(Method.java:580)
	at org.springframework.context.event.ApplicationListenerMethodAdapter.doInvoke(ApplicationListenerMethodAdapter.java:383)
	at org.springframework.context.event.ApplicationListenerMethodAdapter.processEvent(ApplicationListenerMethodAdapter.java:255)
	at org.springframework.context.event.ApplicationListenerMethodAdapter.onApplicationEvent(ApplicationListenerMethodAdapter.java:174)
	at org.springframework.context.event.SimpleApplicationEventMulticaster.doInvokeListener(SimpleApplicationEventMulticaster.java:185)
	at org.springframework.context.event.SimpleApplicationEventMulticaster.invokeListener(SimpleApplicationEventMulticaster.java:178)
	at org.springframework.context.event.SimpleApplicationEventMulticaster.multicastEvent(SimpleApplicationEventMulticaster.java:156)
	at org.springframework.context.support.AbstractApplicationContext.publishEvent(AbstractApplicationContext.java:454)
	at org.springframework.context.support.AbstractApplicationContext.publishEvent(AbstractApplicationContext.java:387)
	at cpf.pfw.common.logging.LoggingAspect.publishTransactionLog(LoggingAspect.java:452)
	at cpf.pfw.common.logging.LoggingAspect.logTransaction(LoggingAspect.java:236)
	at java.base/jdk.internal.reflect.DirectMethodHandleAccessor.invoke(DirectMethodHandleAccessor.java:103)
	at java.base/java.lang.reflect.Method.invoke(Method.java:580)
	at org.springframework.aop.aspectj.AbstractAspectJAdvice.invokeAdviceMethodWithGivenArgs(AbstractAspectJAdvice.java:649)
	at org.springframework.aop.aspectj.AbstractAspectJAdvice.invokeAdviceMethod(AbstractAspectJAdvice.java:631)
	at org.springframework.aop.aspectj.AspectJAroundAdvice.invoke(AspectJAroundAdvice.java:71)
	at org.springframework.aop.framework.ReflectiveMethodInvocation.proceed(ReflectiveMethodInvocation.java:184)
	at org.springframework.aop.interceptor.ExposeInvocationInterceptor.invoke(ExposeInvocationInterceptor.java:97)
	at org.springframework.aop.framework.ReflectiveMethodInvocation.proceed(ReflectiveMethodInvocation.java:184)
	at org.springframework.aop.framework.CglibAopProxy$DynamicAdvisedInterceptor.intercept(CglibAopProxy.java:728)
	at cpf.acc.tst.controller.TransactionController$$SpringCGLIB$$0.handleSuccessfulTransaction(<generated>)
	at java.base/jdk.internal.reflect.DirectMethodHandleAccessor.invoke(DirectMethodHandleAccessor.java:103)
	at java.base/java.lang.reflect.Method.invoke(Method.java:580)
	at org.springframework.web.method.support.InvocableHandlerMethod.doInvoke(InvocableHandlerMethod.java:258)
	at org.springframework.web.method.support.InvocableHandlerMethod.invokeForRequest(InvocableHandlerMethod.java:191)
	at org.springframework.web.servlet.mvc.method.annotation.ServletInvocableHandlerMethod.invokeAndHandle(ServletInvocableHandlerMethod.java:118)
	at org.springframework.web.servlet.mvc.method.annotation.RequestMappingHandlerAdapter.invokeHandlerMethod(RequestMappingHandlerAdapter.java:991)
	at org.springframework.web.servlet.mvc.method.annotation.RequestMappingHandlerAdapter.handleInternal(RequestMappingHandlerAdapter.java:896)
	at org.springframework.web.servlet.mvc.method.AbstractHandlerMethodAdapter.handle(AbstractHandlerMethodAdapter.java:87)
	at org.springframework.web.servlet.DispatcherServlet.doDispatch(DispatcherServlet.java:1089)
	at org.springframework.web.servlet.DispatcherServlet.doService(DispatcherServlet.java:979)
	at org.springframework.web.servlet.FrameworkServlet.processRequest(FrameworkServlet.java:1014)
	at org.springframework.web.servlet.FrameworkServlet.doGet(FrameworkServlet.java:903)
	at jakarta.servlet.http.HttpServlet.service(HttpServlet.java:564)
	at org.springframework.web.servlet.FrameworkServlet.service(FrameworkServlet.java:885)
	at org.springframework.test.web.servlet.TestDispatcherServlet.service(TestDispatcherServlet.java:72)
	at jakarta.servlet.http.HttpServlet.service(HttpServlet.java:658)
	at org.springframework.mock.web.MockFilterChain$ServletFilterProxy.doFilter(MockFilterChain.java:165)
	at org.springframework.mock.web.MockFilterChain.doFilter(MockFilterChain.java:132)
	at org.springframework.web.filter.RequestContextFilter.doFilterInternal(RequestContextFilter.java:100)
	at org.springframework.web.filter.OncePerRequestFilter.doFilter(OncePerRequestFilter.java:116)
	at org.springframework.test.web.servlet.setup.MockMvcFilterDecorator.doFilter(MockMvcFilterDecorator.java:162)
	at org.springframework.mock.web.MockFilterChain.doFilter(MockFilterChain.java:132)
	at org.springframework.web.filter.FormContentFilter.doFilterInternal(FormContentFilter.java:93)
	at org.springframework.web.filter.OncePerRequestFilter.doFilter(OncePerRequestFilter.java:116)
	at org.springframework.test.web.servlet.setup.MockMvcFilterDecorator.doFilter(MockMvcFilterDecorator.java:162)
	at org.springframework.mock.web.MockFilterChain.doFilter(MockFilterChain.java:132)
	at org.springframework.web.filter.CharacterEncodingFilter.doFilterInternal(CharacterEncodingFilter.java:201)
	at org.springframework.web.filter.OncePerRequestFilter.doFilter(OncePerRequestFilter.java:116)
	at org.springframework.test.web.servlet.setup.MockMvcFilterDecorator.doFilter(MockMvcFilterDecorator.java:162)
	at org.springframework.mock.web.MockFilterChain.doFilter(MockFilterChain.java:132)
	at cpf.pfw.common.filter.TransactionContextFilter.doFilterInternal(TransactionContextFilter.java:53)
	at org.springframework.web.filter.OncePerRequestFilter.doFilter(OncePerRequestFilter.java:116)
	at org.springframework.test.web.servlet.setup.MockMvcFilterDecorator.doFilter(MockMvcFilterDecorator.java:162)
	at org.springframework.mock.web.MockFilterChain.doFilter(MockFilterChain.java:132)
	at cpf.pfw.config.PfwOpenApiAutoConfiguration.lambda$cpfSwaggerUiHtmlRedirectFilter$0(PfwOpenApiAutoConfiguration.java:117)
	at org.springframework.test.web.servlet.setup.MockMvcFilterDecorator.doFilter(MockMvcFilterDecorator.java:162)
	at org.springframework.mock.web.MockFilterChain.doFilter(MockFilterChain.java:132)
	at org.springframework.test.web.servlet.MockMvc.perform(MockMvc.java:201)
	at cpf.acc.tst.controller.AccTransactionControllerTest.testSuccessfulTransaction(AccTransactionControllerTest.java:28)
	at java.base/jdk.internal.reflect.DirectMethodHandleAccessor.invoke(DirectMethodHandleAccessor.java:103)
	at java.base/java.lang.reflect.Method.invoke(Method.java:580)
	at org.junit.platform.commons.util.ReflectionUtils.invokeMethod(ReflectionUtils.java:767)
	at org.junit.jupiter.engine.execution.MethodInvocation.proceed(MethodInvocation.java:60)
	at org.junit.jupiter.engine.execution.InvocationInterceptorChain$ValidatingInvocation.proceed(InvocationInterceptorChain.java:131)
	at org.junit.jupiter.engine.extension.TimeoutExtension.intercept(TimeoutExtension.java:156)
	at org.junit.jupiter.engine.extension.TimeoutExtension.interceptTestableMethod(TimeoutExtension.java:147)
	at org.junit.jupiter.engine.extension.TimeoutExtension.interceptTestMethod(TimeoutExtension.java:86)
	at org.junit.jupiter.engine.execution.InterceptingExecutableInvoker$ReflectiveInterceptorCall.lambda$ofVoidMethod$0(InterceptingExecutableInvoker.java:103)
	at org.junit.jupiter.engine.execution.InterceptingExecutableInvoker.lambda$invoke$0(InterceptingExecutableInvoker.java:93)
	at org.junit.jupiter.engine.execution.InvocationInterceptorChain$InterceptedInvocation.proceed(InvocationInterceptorChain.java:106)
	at org.junit.jupiter.engine.execution.InvocationInterceptorChain.proceed(InvocationInterceptorChain.java:64)
	at org.junit.jupiter.engine.execution.InvocationInterceptorChain.chainAndInvoke(InvocationInterceptorChain.java:45)
	at org.junit.jupiter.engine.execution.InvocationInterceptorChain.invoke(InvocationInterceptorChain.java:37)
	at org.junit.jupiter.engine.execution.InterceptingExecutableInvoker.invoke(InterceptingExecutableInvoker.java:92)
	at org.junit.jupiter.engine.execution.InterceptingExecutableInvoker.invoke(InterceptingExecutableInvoker.java:86)
	at org.junit.jupiter.engine.descriptor.TestMethodTestDescriptor.lambda$invokeTestMethod$8(TestMethodTestDescriptor.java:217)
	at org.junit.platform.engine.support.hierarchical.ThrowableCollector.execute(ThrowableCollector.java:73)
	at org.junit.jupiter.engine.descriptor.TestMethodTestDescriptor.invokeTestMethod(TestMethodTestDescriptor.java:213)
	at org.junit.jupiter.engine.descriptor.TestMethodTestDescriptor.execute(TestMethodTestDescriptor.java:138)
	at org.junit.jupiter.engine.descriptor.TestMethodTestDescriptor.execute(TestMethodTestDescriptor.java:68)
	at org.junit.platform.engine.support.hierarchical.NodeTestTask.lambda$executeRecursively$6(NodeTestTask.java:156)
	at org.junit.platform.engine.support.hierarchical.ThrowableCollector.execute(ThrowableCollector.java:73)
	at org.junit.platform.engine.support.hierarchical.NodeTestTask.lambda$executeRecursively$8(NodeTestTask.java:146)
	at org.junit.platform.engine.support.hierarchical.Node.around(Node.java:137)
	at org.junit.platform.engine.support.hierarchical.NodeTestTask.lambda$executeRecursively$9(NodeTestTask.java:144)
	at org.junit.platform.engine.support.hierarchical.ThrowableCollector.execute(ThrowableCollector.java:73)
	at org.junit.platform.engine.support.hierarchical.NodeTestTask.executeRecursively(NodeTestTask.java:143)
	at org.junit.platform.engine.support.hierarchical.NodeTestTask.execute(NodeTestTask.java:100)
	at java.base/java.util.ArrayList.forEach(ArrayList.java:1596)
	at org.junit.platform.engine.support.hierarchical.SameThreadHierarchicalTestExecutorService.invokeAll(SameThreadHierarchicalTestExecutorService.java:41)
	at org.junit.platform.engine.support.hierarchical.NodeTestTask.lambda$executeRecursively$6(NodeTestTask.java:160)
	at org.junit.platform.engine.support.hierarchical.ThrowableCollector.execute(ThrowableCollector.java:73)
	at org.junit.platform.engine.support.hierarchical.NodeTestTask.lambda$executeRecursively$8(NodeTestTask.java:146)
	at org.junit.platform.engine.support.hierarchical.Node.around(Node.java:137)
	at org.junit.platform.engine.support.hierarchical.NodeTestTask.lambda$executeRecursively$9(NodeTestTask.java:144)
	at org.junit.platform.engine.support.hierarchical.ThrowableCollector.execute(ThrowableCollector.java:73)
	at org.junit.platform.engine.support.hierarchical.NodeTestTask.executeRecursively(NodeTestTask.java:143)
	at org.junit.platform.engine.support.hierarchical.NodeTestTask.execute(NodeTestTask.java:100)
	at java.base/java.util.ArrayList.forEach(ArrayList.java:1596)
	at org.junit.platform.engine.support.hierarchical.SameThreadHierarchicalTestExecutorService.invokeAll(SameThreadHierarchicalTestExecutorService.java:41)
	at org.junit.platform.engine.support.hierarchical.NodeTestTask.lambda$executeRecursively$6(NodeTestTask.java:160)
	at org.junit.platform.engine.support.hierarchical.ThrowableCollector.execute(ThrowableCollector.java:73)
	at org.junit.platform.engine.support.hierarchical.NodeTestTask.lambda$executeRecursively$8(NodeTestTask.java:146)
	at org.junit.platform.engine.support.hierarchical.Node.around(Node.java:137)
	at org.junit.platform.engine.support.hierarchical.NodeTestTask.lambda$executeRecursively$9(NodeTestTask.java:144)
	at org.junit.platform.engine.support.hierarchical.ThrowableCollector.execute(ThrowableCollector.java:73)
	at org.junit.platform.engine.support.hierarchical.NodeTestTask.executeRecursively(NodeTestTask.java:143)
	at org.junit.platform.engine.support.hierarchical.NodeTestTask.execute(NodeTestTask.java:100)
	at org.junit.platform.engine.support.hierarchical.SameThreadHierarchicalTestExecutorService.submit(SameThreadHierarchicalTestExecutorService.java:35)
	at org.junit.platform.engine.support.hierarchical.HierarchicalTestExecutor.execute(HierarchicalTestExecutor.java:57)
	at org.junit.platform.engine.support.hierarchical.HierarchicalTestEngine.execute(HierarchicalTestEngine.java:54)
	at org.junit.platform.launcher.core.EngineExecutionOrchestrator.execute(EngineExecutionOrchestrator.java:198)
	at org.junit.platform.launcher.core.EngineExecutionOrchestrator.execute(EngineExecutionOrchestrator.java:169)
	at org.junit.platform.launcher.core.EngineExecutionOrchestrator.execute(EngineExecutionOrchestrator.java:93)
	at org.junit.platform.launcher.core.EngineExecutionOrchestrator.lambda$execute$0(EngineExecutionOrchestrator.java:58)
	at org.junit.platform.launcher.core.EngineExecutionOrchestrator.withInterceptedStreams(EngineExecutionOrchestrator.java:141)
	at org.junit.platform.launcher.core.EngineExecutionOrchestrator.execute(EngineExecutionOrchestrator.java:57)
	at org.junit.platform.launcher.core.DefaultLauncher.execute(DefaultLauncher.java:103)
	at org.junit.platform.launcher.core.DefaultLauncher.execute(DefaultLauncher.java:85)
	at org.junit.platform.launcher.core.DelegatingLauncher.execute(DelegatingLauncher.java:47)
	at org.gradle.api.internal.tasks.testing.junitplatform.JUnitPlatformTestClassProcessor$CollectAllTestClassesExecutor.processAllTestClasses(JUnitPlatformTestClassProcessor.java:124)
	at org.gradle.api.internal.tasks.testing.junitplatform.JUnitPlatformTestClassProcessor$CollectAllTestClassesExecutor.access$000(JUnitPlatformTestClassProcessor.java:99)
	at org.gradle.api.internal.tasks.testing.junitplatform.JUnitPlatformTestClassProcessor.stop(JUnitPlatformTestClassProcessor.java:94)
	at org.gradle.api.internal.tasks.testing.SuiteTestClassProcessor.stop(SuiteTestClassProcessor.java:63)
	at java.base/jdk.internal.reflect.DirectMethodHandleAccessor.invoke(DirectMethodHandleAccessor.java:103)
	at java.base/java.lang.reflect.Method.invoke(Method.java:580)
	at org.gradle.internal.dispatch.ReflectionDispatch.dispatch(ReflectionDispatch.java:36)
	at org.gradle.internal.dispatch.ReflectionDispatch.dispatch(ReflectionDispatch.java:24)
	at org.gradle.internal.dispatch.ContextClassLoaderDispatch.dispatch(ContextClassLoaderDispatch.java:33)
	at org.gradle.internal.dispatch.ProxyDispatchAdapter$DispatchingInvocationHandler.invoke(ProxyDispatchAdapter.java:92)
	at jdk.proxy1/jdk.proxy1.$Proxy4.stop(Unknown Source)
	at org.gradle.api.internal.tasks.testing.worker.TestWorker$3.run(TestWorker.java:200)
	at org.gradle.api.internal.tasks.testing.worker.TestWorker.executeAndMaintainThreadName(TestWorker.java:132)
	at org.gradle.api.internal.tasks.testing.worker.TestWorker.execute(TestWorker.java:103)
	at org.gradle.api.internal.tasks.testing.worker.TestWorker.execute(TestWorker.java:63)
	at org.gradle.process.internal.worker.child.ActionExecutionWorker.execute(ActionExecutionWorker.java:56)
	at org.gradle.process.internal.worker.child.SystemApplicationClassLoaderWorker.call(SystemApplicationClassLoaderWorker.java:121)
	at org.gradle.process.internal.worker.child.SystemApplicationClassLoaderWorker.call(SystemApplicationClassLoaderWorker.java:71)
	at worker.org.gradle.process.internal.worker.GradleWorkerMain.run(GradleWorkerMain.java:69)
	at worker.org.gradle.process.internal.worker.GradleWorkerMain.main(GradleWorkerMain.java:74)
Caused by: java.sql.SQLInvalidAuthorizationSpecException: (conn=48071) Access denied for user 'cpf_pfw_app'@'localhost' (using password: YES)
	at org.mariadb.jdbc.export.ExceptionFactory.createException(ExceptionFactory.java:293)
	at org.mariadb.jdbc.export.ExceptionFactory.create(ExceptionFactory.java:378)
	at org.mariadb.jdbc.client.impl.StandardClient.authenticationHandler(StandardClient.java:306)
	at org.mariadb.jdbc.client.impl.StandardClient.<init>(StandardClient.java:226)
	at org.mariadb.jdbc.Driver.connect(Driver.java:68)
	at org.mariadb.jdbc.Driver.connect(Driver.java:92)
	at org.mariadb.jdbc.Driver.connect(Driver.java:26)
	at com.zaxxer.hikari.util.DriverDataSource.getConnection(DriverDataSource.java:137)
	at com.zaxxer.hikari.pool.PoolBase.newConnection(PoolBase.java:360)
	at com.zaxxer.hikari.pool.PoolBase.newPoolEntry(PoolBase.java:202)
	at com.zaxxer.hikari.pool.HikariPool.createPoolEntry(HikariPool.java:461)
	at com.zaxxer.hikari.pool.HikariPool.checkFailFast(HikariPool.java:550)
	at com.zaxxer.hikari.pool.HikariPool.<init>(HikariPool.java:98)
	at com.zaxxer.hikari.HikariDataSource.getConnection(HikariDataSource.java:111)
	at org.springframework.jdbc.datasource.DataSourceTransactionManager.doBegin(DataSourceTransactionManager.java:271)
	... 151 common frames omitted
[2026-07-13 09:21:20.734] [Test worker] DEBUG o.s.w.s.m.m.a.HttpEntityMethodProcessor [TranId: 20260611141234567ACCaccAP010000001] [BizTranId: ACC09TST0001] [TraceId: ec42265a-66ac-4f6b-8749-eec40e44e5be] [SpanId: SPN-e4556999-2acf-429f-b490-d3f09135c1c3] [DynLevel: ] - Using 'text/plain', given [*/*] and supported [text/plain, */*, application/json, application/*+json, application/yaml]
[2026-07-13 09:21:20.735] [Test worker] DEBUG o.s.w.s.m.m.a.HttpEntityMethodProcessor [TranId: 20260611141234567ACCaccAP010000001] [BizTranId: ACC09TST0001] [TraceId: ec42265a-66ac-4f6b-8749-eec40e44e5be] [SpanId: SPN-e4556999-2acf-429f-b490-d3f09135c1c3] [DynLevel: ] - Writing ["Transaction processed successfully."]
[2026-07-13 09:21:20.750] [Test worker] DEBUG o.s.w.s.m.m.a.RequestMappingHandlerMapping [TranId: 20260611141234567ACCaccAP010000001] [BizTranId: ] [TraceId: f01dd97d-152b-4fb0-9578-6c65846c1d57] [SpanId: SPN-ee5e65b4-6171-4d63-8e76-2fd6094bdaca] [DynLevel: ] - Mapped to cpf.acc.tst.controller.TransactionController#handleCompensationTransaction(String, String)
[2026-07-13 09:21:20.752] [Test worker] DEBUG o.s.jdbc.core.JdbcTemplate [TranId: 20260611141234567ACCaccAP010000001] [BizTranId: ] [TraceId: f01dd97d-152b-4fb0-9578-6c65846c1d57] [SpanId: SPN-ee5e65b4-6171-4d63-8e76-2fd6094bdaca] [DynLevel: ] - Executing prepared SQL query
[2026-07-13 09:21:20.752] [Test worker] DEBUG o.s.jdbc.core.JdbcTemplate [TranId: 20260611141234567ACCaccAP010000001] [BizTranId: ] [TraceId: f01dd97d-152b-4fb0-9578-6c65846c1d57] [SpanId: SPN-ee5e65b4-6171-4d63-8e76-2fd6094bdaca] [DynLevel: ] - Executing prepared SQL statement [SELECT COUNT(*)
FROM information_schema.tables
WHERE table_schema = DATABASE()
  AND table_name = ?
]
[2026-07-13 09:21:20.752] [Test worker] INFO  com.zaxxer.hikari.HikariDataSource [TranId: 20260611141234567ACCaccAP010000001] [BizTranId: ] [TraceId: f01dd97d-152b-4fb0-9578-6c65846c1d57] [SpanId: SPN-ee5e65b4-6171-4d63-8e76-2fd6094bdaca] [DynLevel: ] - HikariPool-4 - Starting...
[2026-07-13 09:21:20.755] [Test worker] WARN  o.m.jdbc.message.server.ErrorPacket [TranId: 20260611141234567ACCaccAP010000001] [BizTranId: ] [TraceId: f01dd97d-152b-4fb0-9578-6c65846c1d57] [SpanId: SPN-ee5e65b4-6171-4d63-8e76-2fd6094bdaca] [DynLevel: ] - Error: 1045-28000: Access denied for user 'cpf_pfw_app'@'localhost' (using password: YES)
[2026-07-13 09:21:21.760] [Test worker] DEBUG o.s.jdbc.core.JdbcTemplate [TranId: 20260611141234567ACCaccAP010000001] [BizTranId: ] [TraceId: f01dd97d-152b-4fb0-9578-6c65846c1d57] [SpanId: SPN-ee5e65b4-6171-4d63-8e76-2fd6094bdaca] [DynLevel: ] - Executing prepared SQL query
[2026-07-13 09:21:21.761] [Test worker] DEBUG o.s.jdbc.core.JdbcTemplate [TranId: 20260611141234567ACCaccAP010000001] [BizTranId: ] [TraceId: f01dd97d-152b-4fb0-9578-6c65846c1d57] [SpanId: SPN-ee5e65b4-6171-4d63-8e76-2fd6094bdaca] [DynLevel: ] - Executing prepared SQL statement [SELECT COUNT(*)
FROM information_schema.tables
WHERE table_schema = DATABASE()
  AND table_name = ?
]
[2026-07-13 09:21:21.761] [Test worker] INFO  com.zaxxer.hikari.HikariDataSource [TranId: 20260611141234567ACCaccAP010000001] [BizTranId: ] [TraceId: f01dd97d-152b-4fb0-9578-6c65846c1d57] [SpanId: SPN-ee5e65b4-6171-4d63-8e76-2fd6094bdaca] [DynLevel: ] - HikariPool-4 - Starting...
[2026-07-13 09:21:21.765] [Test worker] WARN  o.m.jdbc.message.server.ErrorPacket [TranId: 20260611141234567ACCaccAP010000001] [BizTranId: ] [TraceId: f01dd97d-152b-4fb0-9578-6c65846c1d57] [SpanId: SPN-ee5e65b4-6171-4d63-8e76-2fd6094bdaca] [DynLevel: ] - Error: 1045-28000: Access denied for user 'cpf_pfw_app'@'localhost' (using password: YES)
[2026-07-13 09:21:22.778] [Test worker] INFO  c.pfw.common.logging.LoggingAspect [TranId: 20260611141234567ACCaccAP010000001] [BizTranId: ACC09TST0005] [TraceId: f01dd97d-152b-4fb0-9578-6c65846c1d57] [SpanId: SPN-ee5e65b4-6171-4d63-8e76-2fd6094bdaca] [DynLevel: ] - Transaction started. transactionId=20260611141234567ACCaccAP010000001, businessTransactionId=ACC09TST0005, businessTransactionName=ACCCompensationSample, traceId=f01dd97d-152b-4fb0-9578-6c65846c1d57, spanId=SPN-ee5e65b4-6171-4d63-8e76-2fd6094bdaca, moduleId=ACC, sequenceNo=1, workflowInstanceId=20260611141234567ACCaccAP010000001, workflowStepId=ACC09TST0005, method=GET, uri=/acc/tran/compensate, controller=TransactionController.handleCompensationTransaction(..), executionClass=cpf.acc.tst.controller.TransactionController, executionMethod=handleCompensationTransaction, clientIp=127.0.0.1, parameters=menuId=[MENU123]&execUser=[testUser], requestBody=null
[2026-07-13 09:21:22.780] [Test worker] DEBUG c.c.m.s.ResponseCodeCacheService [TranId: 20260611141234567ACCaccAP010000001] [BizTranId: ACC09TST0005] [TraceId: f01dd97d-152b-4fb0-9578-6c65846c1d57] [SpanId: SPN-ee5e65b4-6171-4d63-8e76-2fd6094bdaca] [DynLevel: ] - Cache Miss: Fetching response code: SACC000000
[2026-07-13 09:21:22.780] [Test worker] INFO  com.zaxxer.hikari.HikariDataSource [TranId: 20260611141234567ACCaccAP010000001] [BizTranId: ACC09TST0005] [TraceId: f01dd97d-152b-4fb0-9578-6c65846c1d57] [SpanId: SPN-ee5e65b4-6171-4d63-8e76-2fd6094bdaca] [DynLevel: ] - HikariPool-3 - Starting...
[2026-07-13 09:21:22.784] [Test worker] WARN  o.m.jdbc.message.server.ErrorPacket [TranId: 20260611141234567ACCaccAP010000001] [BizTranId: ACC09TST0005] [TraceId: f01dd97d-152b-4fb0-9578-6c65846c1d57] [SpanId: SPN-ee5e65b4-6171-4d63-8e76-2fd6094bdaca] [DynLevel: ] - Error: 1045-28000: Access denied for user 'cpf_pfw_app'@'localhost' (using password: YES)
[2026-07-13 09:21:23.794] [Test worker] INFO  c.pfw.common.logging.LoggingAspect [TranId: 20260611141234567ACCaccAP010000001] [BizTranId: ACC09TST0005] [TraceId: f01dd97d-152b-4fb0-9578-6c65846c1d57] [SpanId: SPN-ee5e65b4-6171-4d63-8e76-2fd6094bdaca] [DynLevel: ] - Transaction completed. transactionId=20260611141234567ACCaccAP010000001, traceId=f01dd97d-152b-4fb0-9578-6c65846c1d57, spanId=SPN-ee5e65b4-6171-4d63-8e76-2fd6094bdaca, moduleId=ACC, sequenceNo=1, workflowStatus=COMPENSATED, compensationYn=Y, httpStatus=200, responseCode=SACC000000, messageCode=MACC000000, durationMs=2028
[2026-07-13 09:21:23.795] [Test worker] INFO  com.zaxxer.hikari.HikariDataSource [TranId: 20260611141234567ACCaccAP010000001] [BizTranId: ACC09TST0005] [TraceId: f01dd97d-152b-4fb0-9578-6c65846c1d57] [SpanId: SPN-ee5e65b4-6171-4d63-8e76-2fd6094bdaca] [DynLevel: ] - HikariPool-4 - Starting...
[2026-07-13 09:21:23.798] [Test worker] WARN  o.m.jdbc.message.server.ErrorPacket [TranId: 20260611141234567ACCaccAP010000001] [BizTranId: ACC09TST0005] [TraceId: f01dd97d-152b-4fb0-9578-6c65846c1d57] [SpanId: SPN-ee5e65b4-6171-4d63-8e76-2fd6094bdaca] [DynLevel: ] - Error: 1045-28000: Access denied for user 'cpf_pfw_app'@'localhost' (using password: YES)
[2026-07-13 09:21:24.809] [Test worker] WARN  c.p.c.logging.TransactionLogListener [TranId: 20260611141234567ACCaccAP010000001] [BizTranId: ACC09TST0005] [TraceId: f01dd97d-152b-4fb0-9578-6c65846c1d57] [SpanId: SPN-ee5e65b4-6171-4d63-8e76-2fd6094bdaca] [DynLevel: ] - Failed to persist transaction log. transactionId=20260611141234567ACCaccAP010000001
org.springframework.transaction.CannotCreateTransactionException: Could not open JDBC Connection for transaction
	at org.springframework.jdbc.datasource.DataSourceTransactionManager.doBegin(DataSourceTransactionManager.java:320)
	at org.springframework.transaction.support.AbstractPlatformTransactionManager.startTransaction(AbstractPlatformTransactionManager.java:532)
	at org.springframework.transaction.support.AbstractPlatformTransactionManager.getTransaction(AbstractPlatformTransactionManager.java:405)
	at org.springframework.transaction.interceptor.TransactionAspectSupport.createTransactionIfNecessary(TransactionAspectSupport.java:639)
	at org.springframework.transaction.interceptor.TransactionAspectSupport.invokeWithinTransaction(TransactionAspectSupport.java:374)
	at org.springframework.transaction.interceptor.TransactionInterceptor.invoke(TransactionInterceptor.java:119)
	at org.springframework.aop.framework.ReflectiveMethodInvocation.proceed(ReflectiveMethodInvocation.java:184)
	at org.springframework.aop.framework.CglibAopProxy$DynamicAdvisedInterceptor.intercept(CglibAopProxy.java:728)
	at cpf.pfw.service.common.logging.TransactionLogService$$SpringCGLIB$$0.saveTransactionLog(<generated>)
	at cpf.pfw.common.logging.TransactionLogListener.handleTransactionLogEvent(TransactionLogListener.java:27)
	at java.base/jdk.internal.reflect.DirectMethodHandleAccessor.invoke(DirectMethodHandleAccessor.java:103)
	at java.base/java.lang.reflect.Method.invoke(Method.java:580)
	at org.springframework.context.event.ApplicationListenerMethodAdapter.doInvoke(ApplicationListenerMethodAdapter.java:383)
	at org.springframework.context.event.ApplicationListenerMethodAdapter.processEvent(ApplicationListenerMethodAdapter.java:255)
	at org.springframework.context.event.ApplicationListenerMethodAdapter.onApplicationEvent(ApplicationListenerMethodAdapter.java:174)
	at org.springframework.context.event.SimpleApplicationEventMulticaster.doInvokeListener(SimpleApplicationEventMulticaster.java:185)
	at org.springframework.context.event.SimpleApplicationEventMulticaster.invokeListener(SimpleApplicationEventMulticaster.java:178)
	at org.springframework.context.event.SimpleApplicationEventMulticaster.multicastEvent(SimpleApplicationEventMulticaster.java:156)
	at org.springframework.context.support.AbstractApplicationContext.publishEvent(AbstractApplicationContext.java:454)
	at org.springframework.context.support.AbstractApplicationContext.publishEvent(AbstractApplicationContext.java:387)
	at cpf.pfw.common.logging.LoggingAspect.publishTransactionLog(LoggingAspect.java:452)
	at cpf.pfw.common.logging.LoggingAspect.logTransaction(LoggingAspect.java:236)
	at java.base/jdk.internal.reflect.DirectMethodHandleAccessor.invoke(DirectMethodHandleAccessor.java:103)
	at java.base/java.lang.reflect.Method.invoke(Method.java:580)
	at org.springframework.aop.aspectj.AbstractAspectJAdvice.invokeAdviceMethodWithGivenArgs(AbstractAspectJAdvice.java:649)
	at org.springframework.aop.aspectj.AbstractAspectJAdvice.invokeAdviceMethod(AbstractAspectJAdvice.java:631)
	at org.springframework.aop.aspectj.AspectJAroundAdvice.invoke(AspectJAroundAdvice.java:71)
	at org.springframework.aop.framework.ReflectiveMethodInvocation.proceed(ReflectiveMethodInvocation.java:184)
	at org.springframework.aop.interceptor.ExposeInvocationInterceptor.invoke(ExposeInvocationInterceptor.java:97)
	at org.springframework.aop.framework.ReflectiveMethodInvocation.proceed(ReflectiveMethodInvocation.java:184)
	at org.springframework.aop.framework.CglibAopProxy$DynamicAdvisedInterceptor.intercept(CglibAopProxy.java:728)
	at cpf.acc.tst.controller.TransactionController$$SpringCGLIB$$0.handleCompensationTransaction(<generated>)
	at java.base/jdk.internal.reflect.DirectMethodHandleAccessor.invoke(DirectMethodHandleAccessor.java:103)
	at java.base/java.lang.reflect.Method.invoke(Method.java:580)
	at org.springframework.web.method.support.InvocableHandlerMethod.doInvoke(InvocableHandlerMethod.java:258)
	at org.springframework.web.method.support.InvocableHandlerMethod.invokeForRequest(InvocableHandlerMethod.java:191)
	at org.springframework.web.servlet.mvc.method.annotation.ServletInvocableHandlerMethod.invokeAndHandle(ServletInvocableHandlerMethod.java:118)
	at org.springframework.web.servlet.mvc.method.annotation.RequestMappingHandlerAdapter.invokeHandlerMethod(RequestMappingHandlerAdapter.java:991)
	at org.springframework.web.servlet.mvc.method.annotation.RequestMappingHandlerAdapter.handleInternal(RequestMappingHandlerAdapter.java:896)
	at org.springframework.web.servlet.mvc.method.AbstractHandlerMethodAdapter.handle(AbstractHandlerMethodAdapter.java:87)
	at org.springframework.web.servlet.DispatcherServlet.doDispatch(DispatcherServlet.java:1089)
	at org.springframework.web.servlet.DispatcherServlet.doService(DispatcherServlet.java:979)
	at org.springframework.web.servlet.FrameworkServlet.processRequest(FrameworkServlet.java:1014)
	at org.springframework.web.servlet.FrameworkServlet.doGet(FrameworkServlet.java:903)
	at jakarta.servlet.http.HttpServlet.service(HttpServlet.java:564)
	at org.springframework.web.servlet.FrameworkServlet.service(FrameworkServlet.java:885)
	at org.springframework.test.web.servlet.TestDispatcherServlet.service(TestDispatcherServlet.java:72)
	at jakarta.servlet.http.HttpServlet.service(HttpServlet.java:658)
	at org.springframework.mock.web.MockFilterChain$ServletFilterProxy.doFilter(MockFilterChain.java:165)
	at org.springframework.mock.web.MockFilterChain.doFilter(MockFilterChain.java:132)
	at org.springframework.web.filter.RequestContextFilter.doFilterInternal(RequestContextFilter.java:100)
	at org.springframework.web.filter.OncePerRequestFilter.doFilter(OncePerRequestFilter.java:116)
	at org.springframework.test.web.servlet.setup.MockMvcFilterDecorator.doFilter(MockMvcFilterDecorator.java:162)
	at org.springframework.mock.web.MockFilterChain.doFilter(MockFilterChain.java:132)
	at org.springframework.web.filter.FormContentFilter.doFilterInternal(FormContentFilter.java:93)
	at org.springframework.web.filter.OncePerRequestFilter.doFilter(OncePerRequestFilter.java:116)
	at org.springframework.test.web.servlet.setup.MockMvcFilterDecorator.doFilter(MockMvcFilterDecorator.java:162)
	at org.springframework.mock.web.MockFilterChain.doFilter(MockFilterChain.java:132)
	at org.springframework.web.filter.CharacterEncodingFilter.doFilterInternal(CharacterEncodingFilter.java:201)
	at org.springframework.web.filter.OncePerRequestFilter.doFilter(OncePerRequestFilter.java:116)
	at org.springframework.test.web.servlet.setup.MockMvcFilterDecorator.doFilter(MockMvcFilterDecorator.java:162)
	at org.springframework.mock.web.MockFilterChain.doFilter(MockFilterChain.java:132)
	at cpf.pfw.common.filter.TransactionContextFilter.doFilterInternal(TransactionContextFilter.java:53)
	at org.springframework.web.filter.OncePerRequestFilter.doFilter(OncePerRequestFilter.java:116)
	at org.springframework.test.web.servlet.setup.MockMvcFilterDecorator.doFilter(MockMvcFilterDecorator.java:162)
	at org.springframework.mock.web.MockFilterChain.doFilter(MockFilterChain.java:132)
	at cpf.pfw.config.PfwOpenApiAutoConfiguration.lambda$cpfSwaggerUiHtmlRedirectFilter$0(PfwOpenApiAutoConfiguration.java:117)
	at org.springframework.test.web.servlet.setup.MockMvcFilterDecorator.doFilter(MockMvcFilterDecorator.java:162)
	at org.springframework.mock.web.MockFilterChain.doFilter(MockFilterChain.java:132)
	at org.springframework.test.web.servlet.MockMvc.perform(MockMvc.java:201)
	at cpf.acc.tst.controller.AccTransactionControllerTest.testCompensationTransaction(AccTransactionControllerTest.java:42)
	at java.base/jdk.internal.reflect.DirectMethodHandleAccessor.invoke(DirectMethodHandleAccessor.java:103)
	at java.base/java.lang.reflect.Method.invoke(Method.java:580)
	at org.junit.platform.commons.util.ReflectionUtils.invokeMethod(ReflectionUtils.java:767)
	at org.junit.jupiter.engine.execution.MethodInvocation.proceed(MethodInvocation.java:60)
	at org.junit.jupiter.engine.execution.InvocationInterceptorChain$ValidatingInvocation.proceed(InvocationInterceptorChain.java:131)
	at org.junit.jupiter.engine.extension.TimeoutExtension.intercept(TimeoutExtension.java:156)
	at org.junit.jupiter.engine.extension.TimeoutExtension.interceptTestableMethod(TimeoutExtension.java:147)
	at org.junit.jupiter.engine.extension.TimeoutExtension.interceptTestMethod(TimeoutExtension.java:86)
	at org.junit.jupiter.engine.execution.InterceptingExecutableInvoker$ReflectiveInterceptorCall.lambda$ofVoidMethod$0(InterceptingExecutableInvoker.java:103)
	at org.junit.jupiter.engine.execution.InterceptingExecutableInvoker.lambda$invoke$0(InterceptingExecutableInvoker.java:93)
	at org.junit.jupiter.engine.execution.InvocationInterceptorChain$InterceptedInvocation.proceed(InvocationInterceptorChain.java:106)
	at org.junit.jupiter.engine.execution.InvocationInterceptorChain.proceed(InvocationInterceptorChain.java:64)
	at org.junit.jupiter.engine.execution.InvocationInterceptorChain.chainAndInvoke(InvocationInterceptorChain.java:45)
	at org.junit.jupiter.engine.execution.InvocationInterceptorChain.invoke(InvocationInterceptorChain.java:37)
	at org.junit.jupiter.engine.execution.InterceptingExecutableInvoker.invoke(InterceptingExecutableInvoker.java:92)
	at org.junit.jupiter.engine.execution.InterceptingExecutableInvoker.invoke(InterceptingExecutableInvoker.java:86)
	at org.junit.jupiter.engine.descriptor.TestMethodTestDescriptor.lambda$invokeTestMethod$8(TestMethodTestDescriptor.java:217)
	at org.junit.platform.engine.support.hierarchical.ThrowableCollector.execute(ThrowableCollector.java:73)
	at org.junit.jupiter.engine.descriptor.TestMethodTestDescriptor.invokeTestMethod(TestMethodTestDescriptor.java:213)
	at org.junit.jupiter.engine.descriptor.TestMethodTestDescriptor.execute(TestMethodTestDescriptor.java:138)
	at org.junit.jupiter.engine.descriptor.TestMethodTestDescriptor.execute(TestMethodTestDescriptor.java:68)
	at org.junit.platform.engine.support.hierarchical.NodeTestTask.lambda$executeRecursively$6(NodeTestTask.java:156)
	at org.junit.platform.engine.support.hierarchical.ThrowableCollector.execute(ThrowableCollector.java:73)
	at org.junit.platform.engine.support.hierarchical.NodeTestTask.lambda$executeRecursively$8(NodeTestTask.java:146)
	at org.junit.platform.engine.support.hierarchical.Node.around(Node.java:137)
	at org.junit.platform.engine.support.hierarchical.NodeTestTask.lambda$executeRecursively$9(NodeTestTask.java:144)
	at org.junit.platform.engine.support.hierarchical.ThrowableCollector.execute(ThrowableCollector.java:73)
	at org.junit.platform.engine.support.hierarchical.NodeTestTask.executeRecursively(NodeTestTask.java:143)
	at org.junit.platform.engine.support.hierarchical.NodeTestTask.execute(NodeTestTask.java:100)
	at java.base/java.util.ArrayList.forEach(ArrayList.java:1596)
	at org.junit.platform.engine.support.hierarchical.SameThreadHierarchicalTestExecutorService.invokeAll(SameThreadHierarchicalTestExecutorService.java:41)
	at org.junit.platform.engine.support.hierarchical.NodeTestTask.lambda$executeRecursively$6(NodeTestTask.java:160)
	at org.junit.platform.engine.support.hierarchical.ThrowableCollector.execute(ThrowableCollector.java:73)
	at org.junit.platform.engine.support.hierarchical.NodeTestTask.lambda$executeRecursively$8(NodeTestTask.java:146)
	at org.junit.platform.engine.support.hierarchical.Node.around(Node.java:137)
	at org.junit.platform.engine.support.hierarchical.NodeTestTask.lambda$executeRecursively$9(NodeTestTask.java:144)
	at org.junit.platform.engine.support.hierarchical.ThrowableCollector.execute(ThrowableCollector.java:73)
	at org.junit.platform.engine.support.hierarchical.NodeTestTask.executeRecursively(NodeTestTask.java:143)
	at org.junit.platform.engine.support.hierarchical.NodeTestTask.execute(NodeTestTask.java:100)
	at java.base/java.util.ArrayList.forEach(ArrayList.java:1596)
	at org.junit.platform.engine.support.hierarchical.SameThreadHierarchicalTestExecutorService.invokeAll(SameThreadHierarchicalTestExecutorService.java:41)
	at org.junit.platform.engine.support.hierarchical.NodeTestTask.lambda$executeRecursively$6(NodeTestTask.java:160)
	at org.junit.platform.engine.support.hierarchical.ThrowableCollector.execute(ThrowableCollector.java:73)
	at org.junit.platform.engine.support.hierarchical.NodeTestTask.lambda$executeRecursively$8(NodeTestTask.java:146)
	at org.junit.platform.engine.support.hierarchical.Node.around(Node.java:137)
	at org.junit.platform.engine.support.hierarchical.NodeTestTask.lambda$executeRecursively$9(NodeTestTask.java:144)
	at org.junit.platform.engine.support.hierarchical.ThrowableCollector.execute(ThrowableCollector.java:73)
	at org.junit.platform.engine.support.hierarchical.NodeTestTask.executeRecursively(NodeTestTask.java:143)
	at org.junit.platform.engine.support.hierarchical.NodeTestTask.execute(NodeTestTask.java:100)
	at org.junit.platform.engine.support.hierarchical.SameThreadHierarchicalTestExecutorService.submit(SameThreadHierarchicalTestExecutorService.java:35)
	at org.junit.platform.engine.support.hierarchical.HierarchicalTestExecutor.execute(HierarchicalTestExecutor.java:57)
	at org.junit.platform.engine.support.hierarchical.HierarchicalTestEngine.execute(HierarchicalTestEngine.java:54)
	at org.junit.platform.launcher.core.EngineExecutionOrchestrator.execute(EngineExecutionOrchestrator.java:198)
	at org.junit.platform.launcher.core.EngineExecutionOrchestrator.execute(EngineExecutionOrchestrator.java:169)
	at org.junit.platform.launcher.core.EngineExecutionOrchestrator.execute(EngineExecutionOrchestrator.java:93)
	at org.junit.platform.launcher.core.EngineExecutionOrchestrator.lambda$execute$0(EngineExecutionOrchestrator.java:58)
	at org.junit.platform.launcher.core.EngineExecutionOrchestrator.withInterceptedStreams(EngineExecutionOrchestrator.java:141)
	at org.junit.platform.launcher.core.EngineExecutionOrchestrator.execute(EngineExecutionOrchestrator.java:57)
	at org.junit.platform.launcher.core.DefaultLauncher.execute(DefaultLauncher.java:103)
	at org.junit.platform.launcher.core.DefaultLauncher.execute(DefaultLauncher.java:85)
	at org.junit.platform.launcher.core.DelegatingLauncher.execute(DelegatingLauncher.java:47)
	at org.gradle.api.internal.tasks.testing.junitplatform.JUnitPlatformTestClassProcessor$CollectAllTestClassesExecutor.processAllTestClasses(JUnitPlatformTestClassProcessor.java:124)
	at org.gradle.api.internal.tasks.testing.junitplatform.JUnitPlatformTestClassProcessor$CollectAllTestClassesExecutor.access$000(JUnitPlatformTestClassProcessor.java:99)
	at org.gradle.api.internal.tasks.testing.junitplatform.JUnitPlatformTestClassProcessor.stop(JUnitPlatformTestClassProcessor.java:94)
	at org.gradle.api.internal.tasks.testing.SuiteTestClassProcessor.stop(SuiteTestClassProcessor.java:63)
	at java.base/jdk.internal.reflect.DirectMethodHandleAccessor.invoke(DirectMethodHandleAccessor.java:103)
	at java.base/java.lang.reflect.Method.invoke(Method.java:580)
	at org.gradle.internal.dispatch.ReflectionDispatch.dispatch(ReflectionDispatch.java:36)
	at org.gradle.internal.dispatch.ReflectionDispatch.dispatch(ReflectionDispatch.java:24)
	at org.gradle.internal.dispatch.ContextClassLoaderDispatch.dispatch(ContextClassLoaderDispatch.java:33)
	at org.gradle.internal.dispatch.ProxyDispatchAdapter$DispatchingInvocationHandler.invoke(ProxyDispatchAdapter.java:92)
	at jdk.proxy1/jdk.proxy1.$Proxy4.stop(Unknown Source)
	at org.gradle.api.internal.tasks.testing.worker.TestWorker$3.run(TestWorker.java:200)
	at org.gradle.api.internal.tasks.testing.worker.TestWorker.executeAndMaintainThreadName(TestWorker.java:132)
	at org.gradle.api.internal.tasks.testing.worker.TestWorker.execute(TestWorker.java:103)
	at org.gradle.api.internal.tasks.testing.worker.TestWorker.execute(TestWorker.java:63)
	at org.gradle.process.internal.worker.child.ActionExecutionWorker.execute(ActionExecutionWorker.java:56)
	at org.gradle.process.internal.worker.child.SystemApplicationClassLoaderWorker.call(SystemApplicationClassLoaderWorker.java:121)
	at org.gradle.process.internal.worker.child.SystemApplicationClassLoaderWorker.call(SystemApplicationClassLoaderWorker.java:71)
	at worker.org.gradle.process.internal.worker.GradleWorkerMain.run(GradleWorkerMain.java:69)
	at worker.org.gradle.process.internal.worker.GradleWorkerMain.main(GradleWorkerMain.java:74)
Caused by: java.sql.SQLInvalidAuthorizationSpecException: (conn=48077) Access denied for user 'cpf_pfw_app'@'localhost' (using password: YES)
	at org.mariadb.jdbc.export.ExceptionFactory.createException(ExceptionFactory.java:293)
	at org.mariadb.jdbc.export.ExceptionFactory.create(ExceptionFactory.java:378)
	at org.mariadb.jdbc.client.impl.StandardClient.authenticationHandler(StandardClient.java:306)
	at org.mariadb.jdbc.client.impl.StandardClient.<init>(StandardClient.java:226)
	at org.mariadb.jdbc.Driver.connect(Driver.java:68)
	at org.mariadb.jdbc.Driver.connect(Driver.java:92)
	at org.mariadb.jdbc.Driver.connect(Driver.java:26)
	at com.zaxxer.hikari.util.DriverDataSource.getConnection(DriverDataSource.java:137)
	at com.zaxxer.hikari.pool.PoolBase.newConnection(PoolBase.java:360)
	at com.zaxxer.hikari.pool.PoolBase.newPoolEntry(PoolBase.java:202)
	at com.zaxxer.hikari.pool.HikariPool.createPoolEntry(HikariPool.java:461)
	at com.zaxxer.hikari.pool.HikariPool.checkFailFast(HikariPool.java:550)
	at com.zaxxer.hikari.pool.HikariPool.<init>(HikariPool.java:98)
	at com.zaxxer.hikari.HikariDataSource.getConnection(HikariDataSource.java:111)
	at org.springframework.jdbc.datasource.DataSourceTransactionManager.doBegin(DataSourceTransactionManager.java:271)
	... 151 common frames omitted
[2026-07-13 09:21:24.813] [Test worker] DEBUG o.s.w.s.m.m.a.HttpEntityMethodProcessor [TranId: 20260611141234567ACCaccAP010000001] [BizTranId: ACC09TST0005] [TraceId: f01dd97d-152b-4fb0-9578-6c65846c1d57] [SpanId: SPN-ee5e65b4-6171-4d63-8e76-2fd6094bdaca] [DynLevel: ] - Using 'text/plain', given [*/*] and supported [text/plain, */*, application/json, application/*+json, application/yaml]
[2026-07-13 09:21:24.813] [Test worker] DEBUG o.s.w.s.m.m.a.HttpEntityMethodProcessor [TranId: 20260611141234567ACCaccAP010000001] [BizTranId: ACC09TST0005] [TraceId: f01dd97d-152b-4fb0-9578-6c65846c1d57] [SpanId: SPN-ee5e65b4-6171-4d63-8e76-2fd6094bdaca] [DynLevel: ] - Writing ["Compensation transaction processed successfully."]
[2026-07-13 12:34:10.610] [Test worker] DEBUG o.s.w.s.m.m.a.RequestMappingHandlerMapping [TranId: 20260611141234567ACCaccAP010000001] [BizTranId: ] [TraceId: b8312ce3-be38-4898-a4d5-e731734615f4] [SpanId: SPN-684fc804-5f0b-4315-a5bc-5bd80e3159e8] [DynLevel: ] - Mapped to cpf.acc.tst.controller.TransactionController#handleSuccessfulTransaction(String, String)
[2026-07-13 12:34:10.672] [Test worker] DEBUG o.s.jdbc.core.JdbcTemplate [TranId: 20260611141234567ACCaccAP010000001] [BizTranId: ] [TraceId: b8312ce3-be38-4898-a4d5-e731734615f4] [SpanId: SPN-684fc804-5f0b-4315-a5bc-5bd80e3159e8] [DynLevel: ] - Executing prepared SQL query
[2026-07-13 12:34:10.673] [Test worker] DEBUG o.s.jdbc.core.JdbcTemplate [TranId: 20260611141234567ACCaccAP010000001] [BizTranId: ] [TraceId: b8312ce3-be38-4898-a4d5-e731734615f4] [SpanId: SPN-684fc804-5f0b-4315-a5bc-5bd80e3159e8] [DynLevel: ] - Executing prepared SQL statement [SELECT COUNT(*)
FROM information_schema.tables
WHERE table_schema = DATABASE()
  AND table_name = ?
]
[2026-07-13 12:34:10.673] [Test worker] INFO  com.zaxxer.hikari.HikariDataSource [TranId: 20260611141234567ACCaccAP010000001] [BizTranId: ] [TraceId: b8312ce3-be38-4898-a4d5-e731734615f4] [SpanId: SPN-684fc804-5f0b-4315-a5bc-5bd80e3159e8] [DynLevel: ] - HikariPool-4 - Starting...
[2026-07-13 12:34:10.678] [Test worker] WARN  o.m.jdbc.message.server.ErrorPacket [TranId: 20260611141234567ACCaccAP010000001] [BizTranId: ] [TraceId: b8312ce3-be38-4898-a4d5-e731734615f4] [SpanId: SPN-684fc804-5f0b-4315-a5bc-5bd80e3159e8] [DynLevel: ] - Error: 1045-28000: Access denied for user 'cpf_pfw_app'@'localhost' (using password: YES)
[2026-07-13 12:34:11.695] [Test worker] DEBUG o.s.jdbc.core.JdbcTemplate [TranId: 20260611141234567ACCaccAP010000001] [BizTranId: ] [TraceId: b8312ce3-be38-4898-a4d5-e731734615f4] [SpanId: SPN-684fc804-5f0b-4315-a5bc-5bd80e3159e8] [DynLevel: ] - Executing prepared SQL query
[2026-07-13 12:34:11.695] [Test worker] DEBUG o.s.jdbc.core.JdbcTemplate [TranId: 20260611141234567ACCaccAP010000001] [BizTranId: ] [TraceId: b8312ce3-be38-4898-a4d5-e731734615f4] [SpanId: SPN-684fc804-5f0b-4315-a5bc-5bd80e3159e8] [DynLevel: ] - Executing prepared SQL statement [SELECT COUNT(*)
FROM information_schema.tables
WHERE table_schema = DATABASE()
  AND table_name = ?
]
[2026-07-13 12:34:11.695] [Test worker] INFO  com.zaxxer.hikari.HikariDataSource [TranId: 20260611141234567ACCaccAP010000001] [BizTranId: ] [TraceId: b8312ce3-be38-4898-a4d5-e731734615f4] [SpanId: SPN-684fc804-5f0b-4315-a5bc-5bd80e3159e8] [DynLevel: ] - HikariPool-4 - Starting...
[2026-07-13 12:34:11.703] [Test worker] WARN  o.m.jdbc.message.server.ErrorPacket [TranId: 20260611141234567ACCaccAP010000001] [BizTranId: ] [TraceId: b8312ce3-be38-4898-a4d5-e731734615f4] [SpanId: SPN-684fc804-5f0b-4315-a5bc-5bd80e3159e8] [DynLevel: ] - Error: 1045-28000: Access denied for user 'cpf_pfw_app'@'localhost' (using password: YES)
[2026-07-13 12:34:12.721] [Test worker] INFO  c.pfw.common.logging.LoggingAspect [TranId: 20260611141234567ACCaccAP010000001] [BizTranId: ACC09TST0001] [TraceId: b8312ce3-be38-4898-a4d5-e731734615f4] [SpanId: SPN-684fc804-5f0b-4315-a5bc-5bd80e3159e8] [DynLevel: ] - Transaction started. transactionId=20260611141234567ACCaccAP010000001, businessTransactionId=ACC09TST0001, businessTransactionName=ACCSuccessSample, traceId=b8312ce3-be38-4898-a4d5-e731734615f4, spanId=SPN-684fc804-5f0b-4315-a5bc-5bd80e3159e8, moduleId=ACC, sequenceNo=1, workflowInstanceId=20260611141234567ACCaccAP010000001, workflowStepId=ACC09TST0001, method=GET, uri=/acc/tran/success, controller=TransactionController.handleSuccessfulTransaction(..), executionClass=cpf.acc.tst.controller.TransactionController, executionMethod=handleSuccessfulTransaction, clientIp=127.0.0.1, parameters=menuId=[MENU123]&execUser=[testUser], requestBody=null
[2026-07-13 12:34:12.743] [Test worker] DEBUG c.c.m.s.ResponseCodeCacheService [TranId: 20260611141234567ACCaccAP010000001] [BizTranId: ACC09TST0001] [TraceId: b8312ce3-be38-4898-a4d5-e731734615f4] [SpanId: SPN-684fc804-5f0b-4315-a5bc-5bd80e3159e8] [DynLevel: ] - Cache Miss: Fetching response code: SACC000000
[2026-07-13 12:34:12.745] [Test worker] INFO  com.zaxxer.hikari.HikariDataSource [TranId: 20260611141234567ACCaccAP010000001] [BizTranId: ACC09TST0001] [TraceId: b8312ce3-be38-4898-a4d5-e731734615f4] [SpanId: SPN-684fc804-5f0b-4315-a5bc-5bd80e3159e8] [DynLevel: ] - HikariPool-3 - Starting...
[2026-07-13 12:34:12.753] [Test worker] WARN  o.m.jdbc.message.server.ErrorPacket [TranId: 20260611141234567ACCaccAP010000001] [BizTranId: ACC09TST0001] [TraceId: b8312ce3-be38-4898-a4d5-e731734615f4] [SpanId: SPN-684fc804-5f0b-4315-a5bc-5bd80e3159e8] [DynLevel: ] - Error: 1045-28000: Access denied for user 'cpf_pfw_app'@'localhost' (using password: YES)
[2026-07-13 12:34:13.759] [Test worker] INFO  c.pfw.common.logging.LoggingAspect [TranId: 20260611141234567ACCaccAP010000001] [BizTranId: ACC09TST0001] [TraceId: b8312ce3-be38-4898-a4d5-e731734615f4] [SpanId: SPN-684fc804-5f0b-4315-a5bc-5bd80e3159e8] [DynLevel: ] - Transaction completed. transactionId=20260611141234567ACCaccAP010000001, traceId=b8312ce3-be38-4898-a4d5-e731734615f4, spanId=SPN-684fc804-5f0b-4315-a5bc-5bd80e3159e8, moduleId=ACC, sequenceNo=1, workflowStatus=COMPLETED, compensationYn=N, httpStatus=200, responseCode=SACC000000, messageCode=MACC000000, durationMs=2064
[2026-07-13 12:34:13.836] [Test worker] INFO  com.zaxxer.hikari.HikariDataSource [TranId: 20260611141234567ACCaccAP010000001] [BizTranId: ACC09TST0001] [TraceId: b8312ce3-be38-4898-a4d5-e731734615f4] [SpanId: SPN-684fc804-5f0b-4315-a5bc-5bd80e3159e8] [DynLevel: ] - HikariPool-4 - Starting...
[2026-07-13 12:34:13.843] [Test worker] WARN  o.m.jdbc.message.server.ErrorPacket [TranId: 20260611141234567ACCaccAP010000001] [BizTranId: ACC09TST0001] [TraceId: b8312ce3-be38-4898-a4d5-e731734615f4] [SpanId: SPN-684fc804-5f0b-4315-a5bc-5bd80e3159e8] [DynLevel: ] - Error: 1045-28000: Access denied for user 'cpf_pfw_app'@'localhost' (using password: YES)
[2026-07-13 12:34:14.858] [Test worker] WARN  c.p.c.logging.TransactionLogListener [TranId: 20260611141234567ACCaccAP010000001] [BizTranId: ACC09TST0001] [TraceId: b8312ce3-be38-4898-a4d5-e731734615f4] [SpanId: SPN-684fc804-5f0b-4315-a5bc-5bd80e3159e8] [DynLevel: ] - Failed to persist transaction log. transactionId=20260611141234567ACCaccAP010000001
org.springframework.transaction.CannotCreateTransactionException: Could not open JDBC Connection for transaction
	at org.springframework.jdbc.datasource.DataSourceTransactionManager.doBegin(DataSourceTransactionManager.java:320)
	at org.springframework.transaction.support.AbstractPlatformTransactionManager.startTransaction(AbstractPlatformTransactionManager.java:532)
	at org.springframework.transaction.support.AbstractPlatformTransactionManager.getTransaction(AbstractPlatformTransactionManager.java:405)
	at org.springframework.transaction.interceptor.TransactionAspectSupport.createTransactionIfNecessary(TransactionAspectSupport.java:639)
	at org.springframework.transaction.interceptor.TransactionAspectSupport.invokeWithinTransaction(TransactionAspectSupport.java:374)
	at org.springframework.transaction.interceptor.TransactionInterceptor.invoke(TransactionInterceptor.java:119)
	at org.springframework.aop.framework.ReflectiveMethodInvocation.proceed(ReflectiveMethodInvocation.java:184)
	at org.springframework.aop.framework.CglibAopProxy$DynamicAdvisedInterceptor.intercept(CglibAopProxy.java:728)
	at cpf.pfw.service.common.logging.TransactionLogService$$SpringCGLIB$$0.saveTransactionLog(<generated>)
	at cpf.pfw.common.logging.TransactionLogListener.handleTransactionLogEvent(TransactionLogListener.java:27)
	at java.base/jdk.internal.reflect.DirectMethodHandleAccessor.invoke(DirectMethodHandleAccessor.java:103)
	at java.base/java.lang.reflect.Method.invoke(Method.java:580)
	at org.springframework.context.event.ApplicationListenerMethodAdapter.doInvoke(ApplicationListenerMethodAdapter.java:383)
	at org.springframework.context.event.ApplicationListenerMethodAdapter.processEvent(ApplicationListenerMethodAdapter.java:255)
	at org.springframework.context.event.ApplicationListenerMethodAdapter.onApplicationEvent(ApplicationListenerMethodAdapter.java:174)
	at org.springframework.context.event.SimpleApplicationEventMulticaster.doInvokeListener(SimpleApplicationEventMulticaster.java:185)
	at org.springframework.context.event.SimpleApplicationEventMulticaster.invokeListener(SimpleApplicationEventMulticaster.java:178)
	at org.springframework.context.event.SimpleApplicationEventMulticaster.multicastEvent(SimpleApplicationEventMulticaster.java:156)
	at org.springframework.context.support.AbstractApplicationContext.publishEvent(AbstractApplicationContext.java:454)
	at org.springframework.context.support.AbstractApplicationContext.publishEvent(AbstractApplicationContext.java:387)
	at cpf.pfw.common.logging.LoggingAspect.publishTransactionLog(LoggingAspect.java:452)
	at cpf.pfw.common.logging.LoggingAspect.logTransaction(LoggingAspect.java:236)
	at java.base/jdk.internal.reflect.DirectMethodHandleAccessor.invoke(DirectMethodHandleAccessor.java:103)
	at java.base/java.lang.reflect.Method.invoke(Method.java:580)
	at org.springframework.aop.aspectj.AbstractAspectJAdvice.invokeAdviceMethodWithGivenArgs(AbstractAspectJAdvice.java:649)
	at org.springframework.aop.aspectj.AbstractAspectJAdvice.invokeAdviceMethod(AbstractAspectJAdvice.java:631)
	at org.springframework.aop.aspectj.AspectJAroundAdvice.invoke(AspectJAroundAdvice.java:71)
	at org.springframework.aop.framework.ReflectiveMethodInvocation.proceed(ReflectiveMethodInvocation.java:184)
	at org.springframework.aop.interceptor.ExposeInvocationInterceptor.invoke(ExposeInvocationInterceptor.java:97)
	at org.springframework.aop.framework.ReflectiveMethodInvocation.proceed(ReflectiveMethodInvocation.java:184)
	at org.springframework.aop.framework.CglibAopProxy$DynamicAdvisedInterceptor.intercept(CglibAopProxy.java:728)
	at cpf.acc.tst.controller.TransactionController$$SpringCGLIB$$0.handleSuccessfulTransaction(<generated>)
	at java.base/jdk.internal.reflect.DirectMethodHandleAccessor.invoke(DirectMethodHandleAccessor.java:103)
	at java.base/java.lang.reflect.Method.invoke(Method.java:580)
	at org.springframework.web.method.support.InvocableHandlerMethod.doInvoke(InvocableHandlerMethod.java:258)
	at org.springframework.web.method.support.InvocableHandlerMethod.invokeForRequest(InvocableHandlerMethod.java:191)
	at org.springframework.web.servlet.mvc.method.annotation.ServletInvocableHandlerMethod.invokeAndHandle(ServletInvocableHandlerMethod.java:118)
	at org.springframework.web.servlet.mvc.method.annotation.RequestMappingHandlerAdapter.invokeHandlerMethod(RequestMappingHandlerAdapter.java:991)
	at org.springframework.web.servlet.mvc.method.annotation.RequestMappingHandlerAdapter.handleInternal(RequestMappingHandlerAdapter.java:896)
	at org.springframework.web.servlet.mvc.method.AbstractHandlerMethodAdapter.handle(AbstractHandlerMethodAdapter.java:87)
	at org.springframework.web.servlet.DispatcherServlet.doDispatch(DispatcherServlet.java:1089)
	at org.springframework.web.servlet.DispatcherServlet.doService(DispatcherServlet.java:979)
	at org.springframework.web.servlet.FrameworkServlet.processRequest(FrameworkServlet.java:1014)
	at org.springframework.web.servlet.FrameworkServlet.doGet(FrameworkServlet.java:903)
	at jakarta.servlet.http.HttpServlet.service(HttpServlet.java:564)
	at org.springframework.web.servlet.FrameworkServlet.service(FrameworkServlet.java:885)
	at org.springframework.test.web.servlet.TestDispatcherServlet.service(TestDispatcherServlet.java:72)
	at jakarta.servlet.http.HttpServlet.service(HttpServlet.java:658)
	at org.springframework.mock.web.MockFilterChain$ServletFilterProxy.doFilter(MockFilterChain.java:165)
	at org.springframework.mock.web.MockFilterChain.doFilter(MockFilterChain.java:132)
	at org.springframework.web.filter.RequestContextFilter.doFilterInternal(RequestContextFilter.java:100)
	at org.springframework.web.filter.OncePerRequestFilter.doFilter(OncePerRequestFilter.java:116)
	at org.springframework.test.web.servlet.setup.MockMvcFilterDecorator.doFilter(MockMvcFilterDecorator.java:162)
	at org.springframework.mock.web.MockFilterChain.doFilter(MockFilterChain.java:132)
	at org.springframework.web.filter.FormContentFilter.doFilterInternal(FormContentFilter.java:93)
	at org.springframework.web.filter.OncePerRequestFilter.doFilter(OncePerRequestFilter.java:116)
	at org.springframework.test.web.servlet.setup.MockMvcFilterDecorator.doFilter(MockMvcFilterDecorator.java:162)
	at org.springframework.mock.web.MockFilterChain.doFilter(MockFilterChain.java:132)
	at org.springframework.web.filter.CharacterEncodingFilter.doFilterInternal(CharacterEncodingFilter.java:201)
	at org.springframework.web.filter.OncePerRequestFilter.doFilter(OncePerRequestFilter.java:116)
	at org.springframework.test.web.servlet.setup.MockMvcFilterDecorator.doFilter(MockMvcFilterDecorator.java:162)
	at org.springframework.mock.web.MockFilterChain.doFilter(MockFilterChain.java:132)
	at cpf.pfw.common.filter.TransactionContextFilter.doFilterInternal(TransactionContextFilter.java:53)
	at org.springframework.web.filter.OncePerRequestFilter.doFilter(OncePerRequestFilter.java:116)
	at org.springframework.test.web.servlet.setup.MockMvcFilterDecorator.doFilter(MockMvcFilterDecorator.java:162)
	at org.springframework.mock.web.MockFilterChain.doFilter(MockFilterChain.java:132)
	at cpf.pfw.config.PfwOpenApiAutoConfiguration.lambda$cpfSwaggerUiHtmlRedirectFilter$0(PfwOpenApiAutoConfiguration.java:117)
	at org.springframework.test.web.servlet.setup.MockMvcFilterDecorator.doFilter(MockMvcFilterDecorator.java:162)
	at org.springframework.mock.web.MockFilterChain.doFilter(MockFilterChain.java:132)
	at org.springframework.test.web.servlet.MockMvc.perform(MockMvc.java:201)
	at cpf.acc.tst.controller.AccTransactionControllerTest.testSuccessfulTransaction(AccTransactionControllerTest.java:28)
	at java.base/jdk.internal.reflect.DirectMethodHandleAccessor.invoke(DirectMethodHandleAccessor.java:103)
	at java.base/java.lang.reflect.Method.invoke(Method.java:580)
	at org.junit.platform.commons.util.ReflectionUtils.invokeMethod(ReflectionUtils.java:767)
	at org.junit.jupiter.engine.execution.MethodInvocation.proceed(MethodInvocation.java:60)
	at org.junit.jupiter.engine.execution.InvocationInterceptorChain$ValidatingInvocation.proceed(InvocationInterceptorChain.java:131)
	at org.junit.jupiter.engine.extension.TimeoutExtension.intercept(TimeoutExtension.java:156)
	at org.junit.jupiter.engine.extension.TimeoutExtension.interceptTestableMethod(TimeoutExtension.java:147)
	at org.junit.jupiter.engine.extension.TimeoutExtension.interceptTestMethod(TimeoutExtension.java:86)
	at org.junit.jupiter.engine.execution.InterceptingExecutableInvoker$ReflectiveInterceptorCall.lambda$ofVoidMethod$0(InterceptingExecutableInvoker.java:103)
	at org.junit.jupiter.engine.execution.InterceptingExecutableInvoker.lambda$invoke$0(InterceptingExecutableInvoker.java:93)
	at org.junit.jupiter.engine.execution.InvocationInterceptorChain$InterceptedInvocation.proceed(InvocationInterceptorChain.java:106)
	at org.junit.jupiter.engine.execution.InvocationInterceptorChain.proceed(InvocationInterceptorChain.java:64)
	at org.junit.jupiter.engine.execution.InvocationInterceptorChain.chainAndInvoke(InvocationInterceptorChain.java:45)
	at org.junit.jupiter.engine.execution.InvocationInterceptorChain.invoke(InvocationInterceptorChain.java:37)
	at org.junit.jupiter.engine.execution.InterceptingExecutableInvoker.invoke(InterceptingExecutableInvoker.java:92)
	at org.junit.jupiter.engine.execution.InterceptingExecutableInvoker.invoke(InterceptingExecutableInvoker.java:86)
	at org.junit.jupiter.engine.descriptor.TestMethodTestDescriptor.lambda$invokeTestMethod$8(TestMethodTestDescriptor.java:217)
	at org.junit.platform.engine.support.hierarchical.ThrowableCollector.execute(ThrowableCollector.java:73)
	at org.junit.jupiter.engine.descriptor.TestMethodTestDescriptor.invokeTestMethod(TestMethodTestDescriptor.java:213)
	at org.junit.jupiter.engine.descriptor.TestMethodTestDescriptor.execute(TestMethodTestDescriptor.java:138)
	at org.junit.jupiter.engine.descriptor.TestMethodTestDescriptor.execute(TestMethodTestDescriptor.java:68)
	at org.junit.platform.engine.support.hierarchical.NodeTestTask.lambda$executeRecursively$6(NodeTestTask.java:156)
	at org.junit.platform.engine.support.hierarchical.ThrowableCollector.execute(ThrowableCollector.java:73)
	at org.junit.platform.engine.support.hierarchical.NodeTestTask.lambda$executeRecursively$8(NodeTestTask.java:146)
	at org.junit.platform.engine.support.hierarchical.Node.around(Node.java:137)
	at org.junit.platform.engine.support.hierarchical.NodeTestTask.lambda$executeRecursively$9(NodeTestTask.java:144)
	at org.junit.platform.engine.support.hierarchical.ThrowableCollector.execute(ThrowableCollector.java:73)
	at org.junit.platform.engine.support.hierarchical.NodeTestTask.executeRecursively(NodeTestTask.java:143)
	at org.junit.platform.engine.support.hierarchical.NodeTestTask.execute(NodeTestTask.java:100)
	at java.base/java.util.ArrayList.forEach(ArrayList.java:1596)
	at org.junit.platform.engine.support.hierarchical.SameThreadHierarchicalTestExecutorService.invokeAll(SameThreadHierarchicalTestExecutorService.java:41)
	at org.junit.platform.engine.support.hierarchical.NodeTestTask.lambda$executeRecursively$6(NodeTestTask.java:160)
	at org.junit.platform.engine.support.hierarchical.ThrowableCollector.execute(ThrowableCollector.java:73)
	at org.junit.platform.engine.support.hierarchical.NodeTestTask.lambda$executeRecursively$8(NodeTestTask.java:146)
	at org.junit.platform.engine.support.hierarchical.Node.around(Node.java:137)
	at org.junit.platform.engine.support.hierarchical.NodeTestTask.lambda$executeRecursively$9(NodeTestTask.java:144)
	at org.junit.platform.engine.support.hierarchical.ThrowableCollector.execute(ThrowableCollector.java:73)
	at org.junit.platform.engine.support.hierarchical.NodeTestTask.executeRecursively(NodeTestTask.java:143)
	at org.junit.platform.engine.support.hierarchical.NodeTestTask.execute(NodeTestTask.java:100)
	at java.base/java.util.ArrayList.forEach(ArrayList.java:1596)
	at org.junit.platform.engine.support.hierarchical.SameThreadHierarchicalTestExecutorService.invokeAll(SameThreadHierarchicalTestExecutorService.java:41)
	at org.junit.platform.engine.support.hierarchical.NodeTestTask.lambda$executeRecursively$6(NodeTestTask.java:160)
	at org.junit.platform.engine.support.hierarchical.ThrowableCollector.execute(ThrowableCollector.java:73)
	at org.junit.platform.engine.support.hierarchical.NodeTestTask.lambda$executeRecursively$8(NodeTestTask.java:146)
	at org.junit.platform.engine.support.hierarchical.Node.around(Node.java:137)
	at org.junit.platform.engine.support.hierarchical.NodeTestTask.lambda$executeRecursively$9(NodeTestTask.java:144)
	at org.junit.platform.engine.support.hierarchical.ThrowableCollector.execute(ThrowableCollector.java:73)
	at org.junit.platform.engine.support.hierarchical.NodeTestTask.executeRecursively(NodeTestTask.java:143)
	at org.junit.platform.engine.support.hierarchical.NodeTestTask.execute(NodeTestTask.java:100)
	at org.junit.platform.engine.support.hierarchical.SameThreadHierarchicalTestExecutorService.submit(SameThreadHierarchicalTestExecutorService.java:35)
	at org.junit.platform.engine.support.hierarchical.HierarchicalTestExecutor.execute(HierarchicalTestExecutor.java:57)
	at org.junit.platform.engine.support.hierarchical.HierarchicalTestEngine.execute(HierarchicalTestEngine.java:54)
	at org.junit.platform.launcher.core.EngineExecutionOrchestrator.execute(EngineExecutionOrchestrator.java:198)
	at org.junit.platform.launcher.core.EngineExecutionOrchestrator.execute(EngineExecutionOrchestrator.java:169)
	at org.junit.platform.launcher.core.EngineExecutionOrchestrator.execute(EngineExecutionOrchestrator.java:93)
	at org.junit.platform.launcher.core.EngineExecutionOrchestrator.lambda$execute$0(EngineExecutionOrchestrator.java:58)
	at org.junit.platform.launcher.core.EngineExecutionOrchestrator.withInterceptedStreams(EngineExecutionOrchestrator.java:141)
	at org.junit.platform.launcher.core.EngineExecutionOrchestrator.execute(EngineExecutionOrchestrator.java:57)
	at org.junit.platform.launcher.core.DefaultLauncher.execute(DefaultLauncher.java:103)
	at org.junit.platform.launcher.core.DefaultLauncher.execute(DefaultLauncher.java:85)
	at org.junit.platform.launcher.core.DelegatingLauncher.execute(DelegatingLauncher.java:47)
	at org.gradle.api.internal.tasks.testing.junitplatform.JUnitPlatformTestClassProcessor$CollectAllTestClassesExecutor.processAllTestClasses(JUnitPlatformTestClassProcessor.java:124)
	at org.gradle.api.internal.tasks.testing.junitplatform.JUnitPlatformTestClassProcessor$CollectAllTestClassesExecutor.access$000(JUnitPlatformTestClassProcessor.java:99)
	at org.gradle.api.internal.tasks.testing.junitplatform.JUnitPlatformTestClassProcessor.stop(JUnitPlatformTestClassProcessor.java:94)
	at org.gradle.api.internal.tasks.testing.SuiteTestClassProcessor.stop(SuiteTestClassProcessor.java:63)
	at java.base/jdk.internal.reflect.DirectMethodHandleAccessor.invoke(DirectMethodHandleAccessor.java:103)
	at java.base/java.lang.reflect.Method.invoke(Method.java:580)
	at org.gradle.internal.dispatch.ReflectionDispatch.dispatch(ReflectionDispatch.java:36)
	at org.gradle.internal.dispatch.ReflectionDispatch.dispatch(ReflectionDispatch.java:24)
	at org.gradle.internal.dispatch.ContextClassLoaderDispatch.dispatch(ContextClassLoaderDispatch.java:33)
	at org.gradle.internal.dispatch.ProxyDispatchAdapter$DispatchingInvocationHandler.invoke(ProxyDispatchAdapter.java:92)
	at jdk.proxy1/jdk.proxy1.$Proxy4.stop(Unknown Source)
	at org.gradle.api.internal.tasks.testing.worker.TestWorker$3.run(TestWorker.java:200)
	at org.gradle.api.internal.tasks.testing.worker.TestWorker.executeAndMaintainThreadName(TestWorker.java:132)
	at org.gradle.api.internal.tasks.testing.worker.TestWorker.execute(TestWorker.java:103)
	at org.gradle.api.internal.tasks.testing.worker.TestWorker.execute(TestWorker.java:63)
	at org.gradle.process.internal.worker.child.ActionExecutionWorker.execute(ActionExecutionWorker.java:56)
	at org.gradle.process.internal.worker.child.SystemApplicationClassLoaderWorker.call(SystemApplicationClassLoaderWorker.java:121)
	at org.gradle.process.internal.worker.child.SystemApplicationClassLoaderWorker.call(SystemApplicationClassLoaderWorker.java:71)
	at worker.org.gradle.process.internal.worker.GradleWorkerMain.run(GradleWorkerMain.java:69)
	at worker.org.gradle.process.internal.worker.GradleWorkerMain.main(GradleWorkerMain.java:74)
Caused by: java.sql.SQLInvalidAuthorizationSpecException: (conn=49006) Access denied for user 'cpf_pfw_app'@'localhost' (using password: YES)
	at org.mariadb.jdbc.export.ExceptionFactory.createException(ExceptionFactory.java:293)
	at org.mariadb.jdbc.export.ExceptionFactory.create(ExceptionFactory.java:378)
	at org.mariadb.jdbc.client.impl.StandardClient.authenticationHandler(StandardClient.java:306)
	at org.mariadb.jdbc.client.impl.StandardClient.<init>(StandardClient.java:226)
	at org.mariadb.jdbc.Driver.connect(Driver.java:68)
	at org.mariadb.jdbc.Driver.connect(Driver.java:92)
	at org.mariadb.jdbc.Driver.connect(Driver.java:26)
	at com.zaxxer.hikari.util.DriverDataSource.getConnection(DriverDataSource.java:137)
	at com.zaxxer.hikari.pool.PoolBase.newConnection(PoolBase.java:360)
	at com.zaxxer.hikari.pool.PoolBase.newPoolEntry(PoolBase.java:202)
	at com.zaxxer.hikari.pool.HikariPool.createPoolEntry(HikariPool.java:461)
	at com.zaxxer.hikari.pool.HikariPool.checkFailFast(HikariPool.java:550)
	at com.zaxxer.hikari.pool.HikariPool.<init>(HikariPool.java:98)
	at com.zaxxer.hikari.HikariDataSource.getConnection(HikariDataSource.java:111)
	at org.springframework.jdbc.datasource.DataSourceTransactionManager.doBegin(DataSourceTransactionManager.java:271)
	... 151 common frames omitted
[2026-07-13 12:34:14.886] [Test worker] DEBUG o.s.w.s.m.m.a.HttpEntityMethodProcessor [TranId: 20260611141234567ACCaccAP010000001] [BizTranId: ACC09TST0001] [TraceId: b8312ce3-be38-4898-a4d5-e731734615f4] [SpanId: SPN-684fc804-5f0b-4315-a5bc-5bd80e3159e8] [DynLevel: ] - Using 'text/plain', given [*/*] and supported [text/plain, */*, application/json, application/*+json, application/yaml]
[2026-07-13 12:34:14.890] [Test worker] DEBUG o.s.w.s.m.m.a.HttpEntityMethodProcessor [TranId: 20260611141234567ACCaccAP010000001] [BizTranId: ACC09TST0001] [TraceId: b8312ce3-be38-4898-a4d5-e731734615f4] [SpanId: SPN-684fc804-5f0b-4315-a5bc-5bd80e3159e8] [DynLevel: ] - Writing ["Transaction processed successfully."]
[2026-07-13 12:34:14.929] [Test worker] DEBUG o.s.w.s.m.m.a.RequestMappingHandlerMapping [TranId: 20260611141234567ACCaccAP010000001] [BizTranId: ] [TraceId: 5cac72e4-7584-47d9-80be-1c6e3d47c6ec] [SpanId: SPN-1cabbe5b-a701-48fe-8420-a407da3fed5a] [DynLevel: ] - Mapped to cpf.acc.tst.controller.TransactionController#handleCompensationTransaction(String, String)
[2026-07-13 12:34:14.938] [Test worker] DEBUG o.s.jdbc.core.JdbcTemplate [TranId: 20260611141234567ACCaccAP010000001] [BizTranId: ] [TraceId: 5cac72e4-7584-47d9-80be-1c6e3d47c6ec] [SpanId: SPN-1cabbe5b-a701-48fe-8420-a407da3fed5a] [DynLevel: ] - Executing prepared SQL query
[2026-07-13 12:34:14.939] [Test worker] DEBUG o.s.jdbc.core.JdbcTemplate [TranId: 20260611141234567ACCaccAP010000001] [BizTranId: ] [TraceId: 5cac72e4-7584-47d9-80be-1c6e3d47c6ec] [SpanId: SPN-1cabbe5b-a701-48fe-8420-a407da3fed5a] [DynLevel: ] - Executing prepared SQL statement [SELECT COUNT(*)
FROM information_schema.tables
WHERE table_schema = DATABASE()
  AND table_name = ?
]
[2026-07-13 12:34:14.940] [Test worker] INFO  com.zaxxer.hikari.HikariDataSource [TranId: 20260611141234567ACCaccAP010000001] [BizTranId: ] [TraceId: 5cac72e4-7584-47d9-80be-1c6e3d47c6ec] [SpanId: SPN-1cabbe5b-a701-48fe-8420-a407da3fed5a] [DynLevel: ] - HikariPool-4 - Starting...
[2026-07-13 12:34:14.951] [Test worker] WARN  o.m.jdbc.message.server.ErrorPacket [TranId: 20260611141234567ACCaccAP010000001] [BizTranId: ] [TraceId: 5cac72e4-7584-47d9-80be-1c6e3d47c6ec] [SpanId: SPN-1cabbe5b-a701-48fe-8420-a407da3fed5a] [DynLevel: ] - Error: 1045-28000: Access denied for user 'cpf_pfw_app'@'localhost' (using password: YES)
[2026-07-13 12:34:15.963] [Test worker] DEBUG o.s.jdbc.core.JdbcTemplate [TranId: 20260611141234567ACCaccAP010000001] [BizTranId: ] [TraceId: 5cac72e4-7584-47d9-80be-1c6e3d47c6ec] [SpanId: SPN-1cabbe5b-a701-48fe-8420-a407da3fed5a] [DynLevel: ] - Executing prepared SQL query
[2026-07-13 12:34:15.964] [Test worker] DEBUG o.s.jdbc.core.JdbcTemplate [TranId: 20260611141234567ACCaccAP010000001] [BizTranId: ] [TraceId: 5cac72e4-7584-47d9-80be-1c6e3d47c6ec] [SpanId: SPN-1cabbe5b-a701-48fe-8420-a407da3fed5a] [DynLevel: ] - Executing prepared SQL statement [SELECT COUNT(*)
FROM information_schema.tables
WHERE table_schema = DATABASE()
  AND table_name = ?
]
[2026-07-13 12:34:15.965] [Test worker] INFO  com.zaxxer.hikari.HikariDataSource [TranId: 20260611141234567ACCaccAP010000001] [BizTranId: ] [TraceId: 5cac72e4-7584-47d9-80be-1c6e3d47c6ec] [SpanId: SPN-1cabbe5b-a701-48fe-8420-a407da3fed5a] [DynLevel: ] - HikariPool-4 - Starting...
[2026-07-13 12:34:15.971] [Test worker] WARN  o.m.jdbc.message.server.ErrorPacket [TranId: 20260611141234567ACCaccAP010000001] [BizTranId: ] [TraceId: 5cac72e4-7584-47d9-80be-1c6e3d47c6ec] [SpanId: SPN-1cabbe5b-a701-48fe-8420-a407da3fed5a] [DynLevel: ] - Error: 1045-28000: Access denied for user 'cpf_pfw_app'@'localhost' (using password: YES)
[2026-07-13 12:34:16.981] [Test worker] INFO  c.pfw.common.logging.LoggingAspect [TranId: 20260611141234567ACCaccAP010000001] [BizTranId: ACC09TST0005] [TraceId: 5cac72e4-7584-47d9-80be-1c6e3d47c6ec] [SpanId: SPN-1cabbe5b-a701-48fe-8420-a407da3fed5a] [DynLevel: ] - Transaction started. transactionId=20260611141234567ACCaccAP010000001, businessTransactionId=ACC09TST0005, businessTransactionName=ACCCompensationSample, traceId=5cac72e4-7584-47d9-80be-1c6e3d47c6ec, spanId=SPN-1cabbe5b-a701-48fe-8420-a407da3fed5a, moduleId=ACC, sequenceNo=1, workflowInstanceId=20260611141234567ACCaccAP010000001, workflowStepId=ACC09TST0005, method=GET, uri=/acc/tran/compensate, controller=TransactionController.handleCompensationTransaction(..), executionClass=cpf.acc.tst.controller.TransactionController, executionMethod=handleCompensationTransaction, clientIp=127.0.0.1, parameters=menuId=[MENU123]&execUser=[testUser], requestBody=null
[2026-07-13 12:34:16.983] [Test worker] DEBUG c.c.m.s.ResponseCodeCacheService [TranId: 20260611141234567ACCaccAP010000001] [BizTranId: ACC09TST0005] [TraceId: 5cac72e4-7584-47d9-80be-1c6e3d47c6ec] [SpanId: SPN-1cabbe5b-a701-48fe-8420-a407da3fed5a] [DynLevel: ] - Cache Miss: Fetching response code: SACC000000
[2026-07-13 12:34:16.983] [Test worker] INFO  com.zaxxer.hikari.HikariDataSource [TranId: 20260611141234567ACCaccAP010000001] [BizTranId: ACC09TST0005] [TraceId: 5cac72e4-7584-47d9-80be-1c6e3d47c6ec] [SpanId: SPN-1cabbe5b-a701-48fe-8420-a407da3fed5a] [DynLevel: ] - HikariPool-3 - Starting...
[2026-07-13 12:34:16.989] [Test worker] WARN  o.m.jdbc.message.server.ErrorPacket [TranId: 20260611141234567ACCaccAP010000001] [BizTranId: ACC09TST0005] [TraceId: 5cac72e4-7584-47d9-80be-1c6e3d47c6ec] [SpanId: SPN-1cabbe5b-a701-48fe-8420-a407da3fed5a] [DynLevel: ] - Error: 1045-28000: Access denied for user 'cpf_pfw_app'@'localhost' (using password: YES)
[2026-07-13 12:34:18.006] [Test worker] INFO  c.pfw.common.logging.LoggingAspect [TranId: 20260611141234567ACCaccAP010000001] [BizTranId: ACC09TST0005] [TraceId: 5cac72e4-7584-47d9-80be-1c6e3d47c6ec] [SpanId: SPN-1cabbe5b-a701-48fe-8420-a407da3fed5a] [DynLevel: ] - Transaction completed. transactionId=20260611141234567ACCaccAP010000001, traceId=5cac72e4-7584-47d9-80be-1c6e3d47c6ec, spanId=SPN-1cabbe5b-a701-48fe-8420-a407da3fed5a, moduleId=ACC, sequenceNo=1, workflowStatus=COMPENSATED, compensationYn=Y, httpStatus=200, responseCode=SACC000000, messageCode=MACC000000, durationMs=2047
[2026-07-13 12:34:18.009] [Test worker] INFO  com.zaxxer.hikari.HikariDataSource [TranId: 20260611141234567ACCaccAP010000001] [BizTranId: ACC09TST0005] [TraceId: 5cac72e4-7584-47d9-80be-1c6e3d47c6ec] [SpanId: SPN-1cabbe5b-a701-48fe-8420-a407da3fed5a] [DynLevel: ] - HikariPool-4 - Starting...
[2026-07-13 12:34:18.015] [Test worker] WARN  o.m.jdbc.message.server.ErrorPacket [TranId: 20260611141234567ACCaccAP010000001] [BizTranId: ACC09TST0005] [TraceId: 5cac72e4-7584-47d9-80be-1c6e3d47c6ec] [SpanId: SPN-1cabbe5b-a701-48fe-8420-a407da3fed5a] [DynLevel: ] - Error: 1045-28000: Access denied for user 'cpf_pfw_app'@'localhost' (using password: YES)
[2026-07-13 12:34:19.028] [Test worker] WARN  c.p.c.logging.TransactionLogListener [TranId: 20260611141234567ACCaccAP010000001] [BizTranId: ACC09TST0005] [TraceId: 5cac72e4-7584-47d9-80be-1c6e3d47c6ec] [SpanId: SPN-1cabbe5b-a701-48fe-8420-a407da3fed5a] [DynLevel: ] - Failed to persist transaction log. transactionId=20260611141234567ACCaccAP010000001
org.springframework.transaction.CannotCreateTransactionException: Could not open JDBC Connection for transaction
	at org.springframework.jdbc.datasource.DataSourceTransactionManager.doBegin(DataSourceTransactionManager.java:320)
	at org.springframework.transaction.support.AbstractPlatformTransactionManager.startTransaction(AbstractPlatformTransactionManager.java:532)
	at org.springframework.transaction.support.AbstractPlatformTransactionManager.getTransaction(AbstractPlatformTransactionManager.java:405)
	at org.springframework.transaction.interceptor.TransactionAspectSupport.createTransactionIfNecessary(TransactionAspectSupport.java:639)
	at org.springframework.transaction.interceptor.TransactionAspectSupport.invokeWithinTransaction(TransactionAspectSupport.java:374)
	at org.springframework.transaction.interceptor.TransactionInterceptor.invoke(TransactionInterceptor.java:119)
	at org.springframework.aop.framework.ReflectiveMethodInvocation.proceed(ReflectiveMethodInvocation.java:184)
	at org.springframework.aop.framework.CglibAopProxy$DynamicAdvisedInterceptor.intercept(CglibAopProxy.java:728)
	at cpf.pfw.service.common.logging.TransactionLogService$$SpringCGLIB$$0.saveTransactionLog(<generated>)
	at cpf.pfw.common.logging.TransactionLogListener.handleTransactionLogEvent(TransactionLogListener.java:27)
	at java.base/jdk.internal.reflect.DirectMethodHandleAccessor.invoke(DirectMethodHandleAccessor.java:103)
	at java.base/java.lang.reflect.Method.invoke(Method.java:580)
	at org.springframework.context.event.ApplicationListenerMethodAdapter.doInvoke(ApplicationListenerMethodAdapter.java:383)
	at org.springframework.context.event.ApplicationListenerMethodAdapter.processEvent(ApplicationListenerMethodAdapter.java:255)
	at org.springframework.context.event.ApplicationListenerMethodAdapter.onApplicationEvent(ApplicationListenerMethodAdapter.java:174)
	at org.springframework.context.event.SimpleApplicationEventMulticaster.doInvokeListener(SimpleApplicationEventMulticaster.java:185)
	at org.springframework.context.event.SimpleApplicationEventMulticaster.invokeListener(SimpleApplicationEventMulticaster.java:178)
	at org.springframework.context.event.SimpleApplicationEventMulticaster.multicastEvent(SimpleApplicationEventMulticaster.java:156)
	at org.springframework.context.support.AbstractApplicationContext.publishEvent(AbstractApplicationContext.java:454)
	at org.springframework.context.support.AbstractApplicationContext.publishEvent(AbstractApplicationContext.java:387)
	at cpf.pfw.common.logging.LoggingAspect.publishTransactionLog(LoggingAspect.java:452)
	at cpf.pfw.common.logging.LoggingAspect.logTransaction(LoggingAspect.java:236)
	at java.base/jdk.internal.reflect.DirectMethodHandleAccessor.invoke(DirectMethodHandleAccessor.java:103)
	at java.base/java.lang.reflect.Method.invoke(Method.java:580)
	at org.springframework.aop.aspectj.AbstractAspectJAdvice.invokeAdviceMethodWithGivenArgs(AbstractAspectJAdvice.java:649)
	at org.springframework.aop.aspectj.AbstractAspectJAdvice.invokeAdviceMethod(AbstractAspectJAdvice.java:631)
	at org.springframework.aop.aspectj.AspectJAroundAdvice.invoke(AspectJAroundAdvice.java:71)
	at org.springframework.aop.framework.ReflectiveMethodInvocation.proceed(ReflectiveMethodInvocation.java:184)
	at org.springframework.aop.interceptor.ExposeInvocationInterceptor.invoke(ExposeInvocationInterceptor.java:97)
	at org.springframework.aop.framework.ReflectiveMethodInvocation.proceed(ReflectiveMethodInvocation.java:184)
	at org.springframework.aop.framework.CglibAopProxy$DynamicAdvisedInterceptor.intercept(CglibAopProxy.java:728)
	at cpf.acc.tst.controller.TransactionController$$SpringCGLIB$$0.handleCompensationTransaction(<generated>)
	at java.base/jdk.internal.reflect.DirectMethodHandleAccessor.invoke(DirectMethodHandleAccessor.java:103)
	at java.base/java.lang.reflect.Method.invoke(Method.java:580)
	at org.springframework.web.method.support.InvocableHandlerMethod.doInvoke(InvocableHandlerMethod.java:258)
	at org.springframework.web.method.support.InvocableHandlerMethod.invokeForRequest(InvocableHandlerMethod.java:191)
	at org.springframework.web.servlet.mvc.method.annotation.ServletInvocableHandlerMethod.invokeAndHandle(ServletInvocableHandlerMethod.java:118)
	at org.springframework.web.servlet.mvc.method.annotation.RequestMappingHandlerAdapter.invokeHandlerMethod(RequestMappingHandlerAdapter.java:991)
	at org.springframework.web.servlet.mvc.method.annotation.RequestMappingHandlerAdapter.handleInternal(RequestMappingHandlerAdapter.java:896)
	at org.springframework.web.servlet.mvc.method.AbstractHandlerMethodAdapter.handle(AbstractHandlerMethodAdapter.java:87)
	at org.springframework.web.servlet.DispatcherServlet.doDispatch(DispatcherServlet.java:1089)
	at org.springframework.web.servlet.DispatcherServlet.doService(DispatcherServlet.java:979)
	at org.springframework.web.servlet.FrameworkServlet.processRequest(FrameworkServlet.java:1014)
	at org.springframework.web.servlet.FrameworkServlet.doGet(FrameworkServlet.java:903)
	at jakarta.servlet.http.HttpServlet.service(HttpServlet.java:564)
	at org.springframework.web.servlet.FrameworkServlet.service(FrameworkServlet.java:885)
	at org.springframework.test.web.servlet.TestDispatcherServlet.service(TestDispatcherServlet.java:72)
	at jakarta.servlet.http.HttpServlet.service(HttpServlet.java:658)
	at org.springframework.mock.web.MockFilterChain$ServletFilterProxy.doFilter(MockFilterChain.java:165)
	at org.springframework.mock.web.MockFilterChain.doFilter(MockFilterChain.java:132)
	at org.springframework.web.filter.RequestContextFilter.doFilterInternal(RequestContextFilter.java:100)
	at org.springframework.web.filter.OncePerRequestFilter.doFilter(OncePerRequestFilter.java:116)
	at org.springframework.test.web.servlet.setup.MockMvcFilterDecorator.doFilter(MockMvcFilterDecorator.java:162)
	at org.springframework.mock.web.MockFilterChain.doFilter(MockFilterChain.java:132)
	at org.springframework.web.filter.FormContentFilter.doFilterInternal(FormContentFilter.java:93)
	at org.springframework.web.filter.OncePerRequestFilter.doFilter(OncePerRequestFilter.java:116)
	at org.springframework.test.web.servlet.setup.MockMvcFilterDecorator.doFilter(MockMvcFilterDecorator.java:162)
	at org.springframework.mock.web.MockFilterChain.doFilter(MockFilterChain.java:132)
	at org.springframework.web.filter.CharacterEncodingFilter.doFilterInternal(CharacterEncodingFilter.java:201)
	at org.springframework.web.filter.OncePerRequestFilter.doFilter(OncePerRequestFilter.java:116)
	at org.springframework.test.web.servlet.setup.MockMvcFilterDecorator.doFilter(MockMvcFilterDecorator.java:162)
	at org.springframework.mock.web.MockFilterChain.doFilter(MockFilterChain.java:132)
	at cpf.pfw.common.filter.TransactionContextFilter.doFilterInternal(TransactionContextFilter.java:53)
	at org.springframework.web.filter.OncePerRequestFilter.doFilter(OncePerRequestFilter.java:116)
	at org.springframework.test.web.servlet.setup.MockMvcFilterDecorator.doFilter(MockMvcFilterDecorator.java:162)
	at org.springframework.mock.web.MockFilterChain.doFilter(MockFilterChain.java:132)
	at cpf.pfw.config.PfwOpenApiAutoConfiguration.lambda$cpfSwaggerUiHtmlRedirectFilter$0(PfwOpenApiAutoConfiguration.java:117)
	at org.springframework.test.web.servlet.setup.MockMvcFilterDecorator.doFilter(MockMvcFilterDecorator.java:162)
	at org.springframework.mock.web.MockFilterChain.doFilter(MockFilterChain.java:132)
	at org.springframework.test.web.servlet.MockMvc.perform(MockMvc.java:201)
	at cpf.acc.tst.controller.AccTransactionControllerTest.testCompensationTransaction(AccTransactionControllerTest.java:42)
	at java.base/jdk.internal.reflect.DirectMethodHandleAccessor.invoke(DirectMethodHandleAccessor.java:103)
	at java.base/java.lang.reflect.Method.invoke(Method.java:580)
	at org.junit.platform.commons.util.ReflectionUtils.invokeMethod(ReflectionUtils.java:767)
	at org.junit.jupiter.engine.execution.MethodInvocation.proceed(MethodInvocation.java:60)
	at org.junit.jupiter.engine.execution.InvocationInterceptorChain$ValidatingInvocation.proceed(InvocationInterceptorChain.java:131)
	at org.junit.jupiter.engine.extension.TimeoutExtension.intercept(TimeoutExtension.java:156)
	at org.junit.jupiter.engine.extension.TimeoutExtension.interceptTestableMethod(TimeoutExtension.java:147)
	at org.junit.jupiter.engine.extension.TimeoutExtension.interceptTestMethod(TimeoutExtension.java:86)
	at org.junit.jupiter.engine.execution.InterceptingExecutableInvoker$ReflectiveInterceptorCall.lambda$ofVoidMethod$0(InterceptingExecutableInvoker.java:103)
	at org.junit.jupiter.engine.execution.InterceptingExecutableInvoker.lambda$invoke$0(InterceptingExecutableInvoker.java:93)
	at org.junit.jupiter.engine.execution.InvocationInterceptorChain$InterceptedInvocation.proceed(InvocationInterceptorChain.java:106)
	at org.junit.jupiter.engine.execution.InvocationInterceptorChain.proceed(InvocationInterceptorChain.java:64)
	at org.junit.jupiter.engine.execution.InvocationInterceptorChain.chainAndInvoke(InvocationInterceptorChain.java:45)
	at org.junit.jupiter.engine.execution.InvocationInterceptorChain.invoke(InvocationInterceptorChain.java:37)
	at org.junit.jupiter.engine.execution.InterceptingExecutableInvoker.invoke(InterceptingExecutableInvoker.java:92)
	at org.junit.jupiter.engine.execution.InterceptingExecutableInvoker.invoke(InterceptingExecutableInvoker.java:86)
	at org.junit.jupiter.engine.descriptor.TestMethodTestDescriptor.lambda$invokeTestMethod$8(TestMethodTestDescriptor.java:217)
	at org.junit.platform.engine.support.hierarchical.ThrowableCollector.execute(ThrowableCollector.java:73)
	at org.junit.jupiter.engine.descriptor.TestMethodTestDescriptor.invokeTestMethod(TestMethodTestDescriptor.java:213)
	at org.junit.jupiter.engine.descriptor.TestMethodTestDescriptor.execute(TestMethodTestDescriptor.java:138)
	at org.junit.jupiter.engine.descriptor.TestMethodTestDescriptor.execute(TestMethodTestDescriptor.java:68)
	at org.junit.platform.engine.support.hierarchical.NodeTestTask.lambda$executeRecursively$6(NodeTestTask.java:156)
	at org.junit.platform.engine.support.hierarchical.ThrowableCollector.execute(ThrowableCollector.java:73)
	at org.junit.platform.engine.support.hierarchical.NodeTestTask.lambda$executeRecursively$8(NodeTestTask.java:146)
	at org.junit.platform.engine.support.hierarchical.Node.around(Node.java:137)
	at org.junit.platform.engine.support.hierarchical.NodeTestTask.lambda$executeRecursively$9(NodeTestTask.java:144)
	at org.junit.platform.engine.support.hierarchical.ThrowableCollector.execute(ThrowableCollector.java:73)
	at org.junit.platform.engine.support.hierarchical.NodeTestTask.executeRecursively(NodeTestTask.java:143)
	at org.junit.platform.engine.support.hierarchical.NodeTestTask.execute(NodeTestTask.java:100)
	at java.base/java.util.ArrayList.forEach(ArrayList.java:1596)
	at org.junit.platform.engine.support.hierarchical.SameThreadHierarchicalTestExecutorService.invokeAll(SameThreadHierarchicalTestExecutorService.java:41)
	at org.junit.platform.engine.support.hierarchical.NodeTestTask.lambda$executeRecursively$6(NodeTestTask.java:160)
	at org.junit.platform.engine.support.hierarchical.ThrowableCollector.execute(ThrowableCollector.java:73)
	at org.junit.platform.engine.support.hierarchical.NodeTestTask.lambda$executeRecursively$8(NodeTestTask.java:146)
	at org.junit.platform.engine.support.hierarchical.Node.around(Node.java:137)
	at org.junit.platform.engine.support.hierarchical.NodeTestTask.lambda$executeRecursively$9(NodeTestTask.java:144)
	at org.junit.platform.engine.support.hierarchical.ThrowableCollector.execute(ThrowableCollector.java:73)
	at org.junit.platform.engine.support.hierarchical.NodeTestTask.executeRecursively(NodeTestTask.java:143)
	at org.junit.platform.engine.support.hierarchical.NodeTestTask.execute(NodeTestTask.java:100)
	at java.base/java.util.ArrayList.forEach(ArrayList.java:1596)
	at org.junit.platform.engine.support.hierarchical.SameThreadHierarchicalTestExecutorService.invokeAll(SameThreadHierarchicalTestExecutorService.java:41)
	at org.junit.platform.engine.support.hierarchical.NodeTestTask.lambda$executeRecursively$6(NodeTestTask.java:160)
	at org.junit.platform.engine.support.hierarchical.ThrowableCollector.execute(ThrowableCollector.java:73)
	at org.junit.platform.engine.support.hierarchical.NodeTestTask.lambda$executeRecursively$8(NodeTestTask.java:146)
	at org.junit.platform.engine.support.hierarchical.Node.around(Node.java:137)
	at org.junit.platform.engine.support.hierarchical.NodeTestTask.lambda$executeRecursively$9(NodeTestTask.java:144)
	at org.junit.platform.engine.support.hierarchical.ThrowableCollector.execute(ThrowableCollector.java:73)
	at org.junit.platform.engine.support.hierarchical.NodeTestTask.executeRecursively(NodeTestTask.java:143)
	at org.junit.platform.engine.support.hierarchical.NodeTestTask.execute(NodeTestTask.java:100)
	at org.junit.platform.engine.support.hierarchical.SameThreadHierarchicalTestExecutorService.submit(SameThreadHierarchicalTestExecutorService.java:35)
	at org.junit.platform.engine.support.hierarchical.HierarchicalTestExecutor.execute(HierarchicalTestExecutor.java:57)
	at org.junit.platform.engine.support.hierarchical.HierarchicalTestEngine.execute(HierarchicalTestEngine.java:54)
	at org.junit.platform.launcher.core.EngineExecutionOrchestrator.execute(EngineExecutionOrchestrator.java:198)
	at org.junit.platform.launcher.core.EngineExecutionOrchestrator.execute(EngineExecutionOrchestrator.java:169)
	at org.junit.platform.launcher.core.EngineExecutionOrchestrator.execute(EngineExecutionOrchestrator.java:93)
	at org.junit.platform.launcher.core.EngineExecutionOrchestrator.lambda$execute$0(EngineExecutionOrchestrator.java:58)
	at org.junit.platform.launcher.core.EngineExecutionOrchestrator.withInterceptedStreams(EngineExecutionOrchestrator.java:141)
	at org.junit.platform.launcher.core.EngineExecutionOrchestrator.execute(EngineExecutionOrchestrator.java:57)
	at org.junit.platform.launcher.core.DefaultLauncher.execute(DefaultLauncher.java:103)
	at org.junit.platform.launcher.core.DefaultLauncher.execute(DefaultLauncher.java:85)
	at org.junit.platform.launcher.core.DelegatingLauncher.execute(DelegatingLauncher.java:47)
	at org.gradle.api.internal.tasks.testing.junitplatform.JUnitPlatformTestClassProcessor$CollectAllTestClassesExecutor.processAllTestClasses(JUnitPlatformTestClassProcessor.java:124)
	at org.gradle.api.internal.tasks.testing.junitplatform.JUnitPlatformTestClassProcessor$CollectAllTestClassesExecutor.access$000(JUnitPlatformTestClassProcessor.java:99)
	at org.gradle.api.internal.tasks.testing.junitplatform.JUnitPlatformTestClassProcessor.stop(JUnitPlatformTestClassProcessor.java:94)
	at org.gradle.api.internal.tasks.testing.SuiteTestClassProcessor.stop(SuiteTestClassProcessor.java:63)
	at java.base/jdk.internal.reflect.DirectMethodHandleAccessor.invoke(DirectMethodHandleAccessor.java:103)
	at java.base/java.lang.reflect.Method.invoke(Method.java:580)
	at org.gradle.internal.dispatch.ReflectionDispatch.dispatch(ReflectionDispatch.java:36)
	at org.gradle.internal.dispatch.ReflectionDispatch.dispatch(ReflectionDispatch.java:24)
	at org.gradle.internal.dispatch.ContextClassLoaderDispatch.dispatch(ContextClassLoaderDispatch.java:33)
	at org.gradle.internal.dispatch.ProxyDispatchAdapter$DispatchingInvocationHandler.invoke(ProxyDispatchAdapter.java:92)
	at jdk.proxy1/jdk.proxy1.$Proxy4.stop(Unknown Source)
	at org.gradle.api.internal.tasks.testing.worker.TestWorker$3.run(TestWorker.java:200)
	at org.gradle.api.internal.tasks.testing.worker.TestWorker.executeAndMaintainThreadName(TestWorker.java:132)
	at org.gradle.api.internal.tasks.testing.worker.TestWorker.execute(TestWorker.java:103)
	at org.gradle.api.internal.tasks.testing.worker.TestWorker.execute(TestWorker.java:63)
	at org.gradle.process.internal.worker.child.ActionExecutionWorker.execute(ActionExecutionWorker.java:56)
	at org.gradle.process.internal.worker.child.SystemApplicationClassLoaderWorker.call(SystemApplicationClassLoaderWorker.java:121)
	at org.gradle.process.internal.worker.child.SystemApplicationClassLoaderWorker.call(SystemApplicationClassLoaderWorker.java:71)
	at worker.org.gradle.process.internal.worker.GradleWorkerMain.run(GradleWorkerMain.java:69)
	at worker.org.gradle.process.internal.worker.GradleWorkerMain.main(GradleWorkerMain.java:74)
Caused by: java.sql.SQLInvalidAuthorizationSpecException: (conn=49012) Access denied for user 'cpf_pfw_app'@'localhost' (using password: YES)
	at org.mariadb.jdbc.export.ExceptionFactory.createException(ExceptionFactory.java:293)
	at org.mariadb.jdbc.export.ExceptionFactory.create(ExceptionFactory.java:378)
	at org.mariadb.jdbc.client.impl.StandardClient.authenticationHandler(StandardClient.java:306)
	at org.mariadb.jdbc.client.impl.StandardClient.<init>(StandardClient.java:226)
	at org.mariadb.jdbc.Driver.connect(Driver.java:68)
	at org.mariadb.jdbc.Driver.connect(Driver.java:92)
	at org.mariadb.jdbc.Driver.connect(Driver.java:26)
	at com.zaxxer.hikari.util.DriverDataSource.getConnection(DriverDataSource.java:137)
	at com.zaxxer.hikari.pool.PoolBase.newConnection(PoolBase.java:360)
	at com.zaxxer.hikari.pool.PoolBase.newPoolEntry(PoolBase.java:202)
	at com.zaxxer.hikari.pool.HikariPool.createPoolEntry(HikariPool.java:461)
	at com.zaxxer.hikari.pool.HikariPool.checkFailFast(HikariPool.java:550)
	at com.zaxxer.hikari.pool.HikariPool.<init>(HikariPool.java:98)
	at com.zaxxer.hikari.HikariDataSource.getConnection(HikariDataSource.java:111)
	at org.springframework.jdbc.datasource.DataSourceTransactionManager.doBegin(DataSourceTransactionManager.java:271)
	... 151 common frames omitted
[2026-07-13 12:34:19.040] [Test worker] DEBUG o.s.w.s.m.m.a.HttpEntityMethodProcessor [TranId: 20260611141234567ACCaccAP010000001] [BizTranId: ACC09TST0005] [TraceId: 5cac72e4-7584-47d9-80be-1c6e3d47c6ec] [SpanId: SPN-1cabbe5b-a701-48fe-8420-a407da3fed5a] [DynLevel: ] - Using 'text/plain', given [*/*] and supported [text/plain, */*, application/json, application/*+json, application/yaml]
[2026-07-13 12:34:19.040] [Test worker] DEBUG o.s.w.s.m.m.a.HttpEntityMethodProcessor [TranId: 20260611141234567ACCaccAP010000001] [BizTranId: ACC09TST0005] [TraceId: 5cac72e4-7584-47d9-80be-1c6e3d47c6ec] [SpanId: SPN-1cabbe5b-a701-48fe-8420-a407da3fed5a] [DynLevel: ] - Writing ["Compensation transaction processed successfully."]
