[2026-07-09 09:49:59.052] [Test worker] DEBUG o.s.w.s.m.m.a.RequestMappingHandlerMapping [TranId: 20260611141234567ACCaccAP010000001] [BizTranId: ] [TraceId: 20d7119a-18f4-443d-b5c2-aaa143d247e8] [SpanId: SPN-e5db9779-92ef-48fe-bc14-7dcc8a8e510c] [DynLevel: ] - Mapped to cpf.acc.tst.controller.TransactionController#handleSuccessfulTransaction(String, String)
[2026-07-09 09:49:59.118] [Test worker] DEBUG o.s.jdbc.core.JdbcTemplate [TranId: 20260611141234567ACCaccAP010000001] [BizTranId: ] [TraceId: 20d7119a-18f4-443d-b5c2-aaa143d247e8] [SpanId: SPN-e5db9779-92ef-48fe-bc14-7dcc8a8e510c] [DynLevel: ] - Executing prepared SQL query
[2026-07-09 09:49:59.119] [Test worker] DEBUG o.s.jdbc.core.JdbcTemplate [TranId: 20260611141234567ACCaccAP010000001] [BizTranId: ] [TraceId: 20d7119a-18f4-443d-b5c2-aaa143d247e8] [SpanId: SPN-e5db9779-92ef-48fe-bc14-7dcc8a8e510c] [DynLevel: ] - Executing prepared SQL statement [SELECT COUNT(*)
FROM information_schema.tables
WHERE table_schema = DATABASE()
  AND table_name = ?
]
[2026-07-09 09:49:59.129] [Test worker] INFO  com.zaxxer.hikari.HikariDataSource [TranId: 20260611141234567ACCaccAP010000001] [BizTranId: ] [TraceId: 20d7119a-18f4-443d-b5c2-aaa143d247e8] [SpanId: SPN-e5db9779-92ef-48fe-bc14-7dcc8a8e510c] [DynLevel: ] - HikariPool-4 - Starting...
[2026-07-09 09:49:59.136] [Test worker] WARN  o.m.jdbc.message.server.ErrorPacket [TranId: 20260611141234567ACCaccAP010000001] [BizTranId: ] [TraceId: 20d7119a-18f4-443d-b5c2-aaa143d247e8] [SpanId: SPN-e5db9779-92ef-48fe-bc14-7dcc8a8e510c] [DynLevel: ] - Error: 1045-28000: Access denied for user 'cpf_pfw_app'@'localhost' (using password: YES)
[2026-07-09 09:50:00.152] [Test worker] DEBUG o.s.jdbc.core.JdbcTemplate [TranId: 20260611141234567ACCaccAP010000001] [BizTranId: ] [TraceId: 20d7119a-18f4-443d-b5c2-aaa143d247e8] [SpanId: SPN-e5db9779-92ef-48fe-bc14-7dcc8a8e510c] [DynLevel: ] - Executing prepared SQL query
[2026-07-09 09:50:00.152] [Test worker] DEBUG o.s.jdbc.core.JdbcTemplate [TranId: 20260611141234567ACCaccAP010000001] [BizTranId: ] [TraceId: 20d7119a-18f4-443d-b5c2-aaa143d247e8] [SpanId: SPN-e5db9779-92ef-48fe-bc14-7dcc8a8e510c] [DynLevel: ] - Executing prepared SQL statement [SELECT COUNT(*)
FROM information_schema.tables
WHERE table_schema = DATABASE()
  AND table_name = ?
]
[2026-07-09 09:50:00.152] [Test worker] INFO  com.zaxxer.hikari.HikariDataSource [TranId: 20260611141234567ACCaccAP010000001] [BizTranId: ] [TraceId: 20d7119a-18f4-443d-b5c2-aaa143d247e8] [SpanId: SPN-e5db9779-92ef-48fe-bc14-7dcc8a8e510c] [DynLevel: ] - HikariPool-4 - Starting...
[2026-07-09 09:50:00.168] [Test worker] WARN  o.m.jdbc.message.server.ErrorPacket [TranId: 20260611141234567ACCaccAP010000001] [BizTranId: ] [TraceId: 20d7119a-18f4-443d-b5c2-aaa143d247e8] [SpanId: SPN-e5db9779-92ef-48fe-bc14-7dcc8a8e510c] [DynLevel: ] - Error: 1045-28000: Access denied for user 'cpf_pfw_app'@'localhost' (using password: YES)
[2026-07-09 09:50:01.191] [Test worker] INFO  c.pfw.common.logging.LoggingAspect [TranId: 20260611141234567ACCaccAP010000001] [BizTranId: ACC09TST0001] [TraceId: 20d7119a-18f4-443d-b5c2-aaa143d247e8] [SpanId: SPN-e5db9779-92ef-48fe-bc14-7dcc8a8e510c] [DynLevel: ] - Transaction started. transactionId=20260611141234567ACCaccAP010000001, businessTransactionId=ACC09TST0001, businessTransactionName=ACCSuccessSample, traceId=20d7119a-18f4-443d-b5c2-aaa143d247e8, spanId=SPN-e5db9779-92ef-48fe-bc14-7dcc8a8e510c, moduleId=ACC, sequenceNo=1, workflowInstanceId=20260611141234567ACCaccAP010000001, workflowStepId=ACC09TST0001, method=GET, uri=/acc/tran/success, controller=TransactionController.handleSuccessfulTransaction(..), executionClass=cpf.acc.tst.controller.TransactionController, executionMethod=handleSuccessfulTransaction, clientIp=127.0.0.1, parameters=menuId=[MENU123]&execUser=[testUser], requestBody=null
[2026-07-09 09:50:01.216] [Test worker] DEBUG c.c.m.s.ResponseCodeCacheService [TranId: 20260611141234567ACCaccAP010000001] [BizTranId: ACC09TST0001] [TraceId: 20d7119a-18f4-443d-b5c2-aaa143d247e8] [SpanId: SPN-e5db9779-92ef-48fe-bc14-7dcc8a8e510c] [DynLevel: ] - Cache Miss: Fetching response code: SACC000000
[2026-07-09 09:50:01.218] [Test worker] INFO  com.zaxxer.hikari.HikariDataSource [TranId: 20260611141234567ACCaccAP010000001] [BizTranId: ACC09TST0001] [TraceId: 20d7119a-18f4-443d-b5c2-aaa143d247e8] [SpanId: SPN-e5db9779-92ef-48fe-bc14-7dcc8a8e510c] [DynLevel: ] - HikariPool-3 - Starting...
[2026-07-09 09:50:01.223] [Test worker] WARN  o.m.jdbc.message.server.ErrorPacket [TranId: 20260611141234567ACCaccAP010000001] [BizTranId: ACC09TST0001] [TraceId: 20d7119a-18f4-443d-b5c2-aaa143d247e8] [SpanId: SPN-e5db9779-92ef-48fe-bc14-7dcc8a8e510c] [DynLevel: ] - Error: 1045-28000: Access denied for user 'cpf_pfw_app'@'localhost' (using password: YES)
[2026-07-09 09:50:02.229] [Test worker] INFO  c.pfw.common.logging.LoggingAspect [TranId: 20260611141234567ACCaccAP010000001] [BizTranId: ACC09TST0001] [TraceId: 20d7119a-18f4-443d-b5c2-aaa143d247e8] [SpanId: SPN-e5db9779-92ef-48fe-bc14-7dcc8a8e510c] [DynLevel: ] - Transaction completed. transactionId=20260611141234567ACCaccAP010000001, traceId=20d7119a-18f4-443d-b5c2-aaa143d247e8, spanId=SPN-e5db9779-92ef-48fe-bc14-7dcc8a8e510c, moduleId=ACC, sequenceNo=1, workflowStatus=COMPLETED, compensationYn=N, httpStatus=200, responseCode=SACC000000, messageCode=MACC000000, durationMs=2102
[2026-07-09 09:50:02.275] [Test worker] INFO  com.zaxxer.hikari.HikariDataSource [TranId: 20260611141234567ACCaccAP010000001] [BizTranId: ACC09TST0001] [TraceId: 20d7119a-18f4-443d-b5c2-aaa143d247e8] [SpanId: SPN-e5db9779-92ef-48fe-bc14-7dcc8a8e510c] [DynLevel: ] - HikariPool-4 - Starting...
[2026-07-09 09:50:02.292] [Test worker] WARN  o.m.jdbc.message.server.ErrorPacket [TranId: 20260611141234567ACCaccAP010000001] [BizTranId: ACC09TST0001] [TraceId: 20d7119a-18f4-443d-b5c2-aaa143d247e8] [SpanId: SPN-e5db9779-92ef-48fe-bc14-7dcc8a8e510c] [DynLevel: ] - Error: 1045-28000: Access denied for user 'cpf_pfw_app'@'localhost' (using password: YES)
[2026-07-09 09:50:03.304] [Test worker] WARN  c.p.c.logging.TransactionLogListener [TranId: 20260611141234567ACCaccAP010000001] [BizTranId: ACC09TST0001] [TraceId: 20d7119a-18f4-443d-b5c2-aaa143d247e8] [SpanId: SPN-e5db9779-92ef-48fe-bc14-7dcc8a8e510c] [DynLevel: ] - Failed to persist transaction log. transactionId=20260611141234567ACCaccAP010000001
org.springframework.transaction.CannotCreateTransactionException: Could not open JDBC Connection for transaction
	at org.springframework.jdbc.datasource.DataSourceTransactionManager.doBegin(DataSourceTransactionManager.java:320)
	at org.springframework.transaction.support.AbstractPlatformTransactionManager.startTransaction(AbstractPlatformTransactionManager.java:532)
	at org.springframework.transaction.support.AbstractPlatformTransactionManager.getTransaction(AbstractPlatformTransactionManager.java:405)
	at org.springframework.transaction.interceptor.TransactionAspectSupport.createTransactionIfNecessary(TransactionAspectSupport.java:639)
	at org.springframework.transaction.interceptor.TransactionAspectSupport.invokeWithinTransaction(TransactionAspectSupport.java:374)
	at org.springframework.transaction.interceptor.TransactionInterceptor.invoke(TransactionInterceptor.java:119)
	at org.springframework.aop.framework.ReflectiveMethodInvocation.proceed(ReflectiveMethodInvocation.java:184)
	at org.springframework.aop.framework.CglibAopProxy$DynamicAdvisedInterceptor.intercept(CglibAopProxy.java:728)
	at cpf.pfw.service.common.logging.TransactionLogService$$SpringCGLIB$$0.saveTransactionLog(<generated>)
	at cpf.pfw.common.logging.TransactionLogListener.handleTransactionLogEvent(TransactionLogListener.java:27)
	at java.base/jdk.internal.reflect.DirectMethodHandleAccessor.invoke(DirectMethodHandleAccessor.java:103)
	at java.base/java.lang.reflect.Method.invoke(Method.java:580)
	at org.springframework.context.event.ApplicationListenerMethodAdapter.doInvoke(ApplicationListenerMethodAdapter.java:383)
	at org.springframework.context.event.ApplicationListenerMethodAdapter.processEvent(ApplicationListenerMethodAdapter.java:255)
	at org.springframework.context.event.ApplicationListenerMethodAdapter.onApplicationEvent(ApplicationListenerMethodAdapter.java:174)
	at org.springframework.context.event.SimpleApplicationEventMulticaster.doInvokeListener(SimpleApplicationEventMulticaster.java:185)
	at org.springframework.context.event.SimpleApplicationEventMulticaster.invokeListener(SimpleApplicationEventMulticaster.java:178)
	at org.springframework.context.event.SimpleApplicationEventMulticaster.multicastEvent(SimpleApplicationEventMulticaster.java:156)
	at org.springframework.context.support.AbstractApplicationContext.publishEvent(AbstractApplicationContext.java:454)
	at org.springframework.context.support.AbstractApplicationContext.publishEvent(AbstractApplicationContext.java:387)
	at cpf.pfw.common.logging.LoggingAspect.publishTransactionLog(LoggingAspect.java:452)
	at cpf.pfw.common.logging.LoggingAspect.logTransaction(LoggingAspect.java:236)
	at java.base/jdk.internal.reflect.DirectMethodHandleAccessor.invoke(DirectMethodHandleAccessor.java:103)
	at java.base/java.lang.reflect.Method.invoke(Method.java:580)
	at org.springframework.aop.aspectj.AbstractAspectJAdvice.invokeAdviceMethodWithGivenArgs(AbstractAspectJAdvice.java:649)
	at org.springframework.aop.aspectj.AbstractAspectJAdvice.invokeAdviceMethod(AbstractAspectJAdvice.java:631)
	at org.springframework.aop.aspectj.AspectJAroundAdvice.invoke(AspectJAroundAdvice.java:71)
	at org.springframework.aop.framework.ReflectiveMethodInvocation.proceed(ReflectiveMethodInvocation.java:184)
	at org.springframework.aop.interceptor.ExposeInvocationInterceptor.invoke(ExposeInvocationInterceptor.java:97)
	at org.springframework.aop.framework.ReflectiveMethodInvocation.proceed(ReflectiveMethodInvocation.java:184)
	at org.springframework.aop.framework.CglibAopProxy$DynamicAdvisedInterceptor.intercept(CglibAopProxy.java:728)
	at cpf.acc.tst.controller.TransactionController$$SpringCGLIB$$0.handleSuccessfulTransaction(<generated>)
	at java.base/jdk.internal.reflect.DirectMethodHandleAccessor.invoke(DirectMethodHandleAccessor.java:103)
	at java.base/java.lang.reflect.Method.invoke(Method.java:580)
	at org.springframework.web.method.support.InvocableHandlerMethod.doInvoke(InvocableHandlerMethod.java:258)
	at org.springframework.web.method.support.InvocableHandlerMethod.invokeForRequest(InvocableHandlerMethod.java:191)
	at org.springframework.web.servlet.mvc.method.annotation.ServletInvocableHandlerMethod.invokeAndHandle(ServletInvocableHandlerMethod.java:118)
	at org.springframework.web.servlet.mvc.method.annotation.RequestMappingHandlerAdapter.invokeHandlerMethod(RequestMappingHandlerAdapter.java:991)
	at org.springframework.web.servlet.mvc.method.annotation.RequestMappingHandlerAdapter.handleInternal(RequestMappingHandlerAdapter.java:896)
	at org.springframework.web.servlet.mvc.method.AbstractHandlerMethodAdapter.handle(AbstractHandlerMethodAdapter.java:87)
	at org.springframework.web.servlet.DispatcherServlet.doDispatch(DispatcherServlet.java:1089)
	at org.springframework.web.servlet.DispatcherServlet.doService(DispatcherServlet.java:979)
	at org.springframework.web.servlet.FrameworkServlet.processRequest(FrameworkServlet.java:1014)
	at org.springframework.web.servlet.FrameworkServlet.doGet(FrameworkServlet.java:903)
	at jakarta.servlet.http.HttpServlet.service(HttpServlet.java:564)
	at org.springframework.web.servlet.FrameworkServlet.service(FrameworkServlet.java:885)
	at org.springframework.test.web.servlet.TestDispatcherServlet.service(TestDispatcherServlet.java:72)
	at jakarta.servlet.http.HttpServlet.service(HttpServlet.java:658)
	at org.springframework.mock.web.MockFilterChain$ServletFilterProxy.doFilter(MockFilterChain.java:165)
	at org.springframework.mock.web.MockFilterChain.doFilter(MockFilterChain.java:132)
	at org.springframework.web.filter.RequestContextFilter.doFilterInternal(RequestContextFilter.java:100)
	at org.springframework.web.filter.OncePerRequestFilter.doFilter(OncePerRequestFilter.java:116)
	at org.springframework.test.web.servlet.setup.MockMvcFilterDecorator.doFilter(MockMvcFilterDecorator.java:162)
	at org.springframework.mock.web.MockFilterChain.doFilter(MockFilterChain.java:132)
	at org.springframework.web.filter.FormContentFilter.doFilterInternal(FormContentFilter.java:93)
	at org.springframework.web.filter.OncePerRequestFilter.doFilter(OncePerRequestFilter.java:116)
	at org.springframework.test.web.servlet.setup.MockMvcFilterDecorator.doFilter(MockMvcFilterDecorator.java:162)
	at org.springframework.mock.web.MockFilterChain.doFilter(MockFilterChain.java:132)
	at org.springframework.web.filter.CharacterEncodingFilter.doFilterInternal(CharacterEncodingFilter.java:201)
	at org.springframework.web.filter.OncePerRequestFilter.doFilter(OncePerRequestFilter.java:116)
	at org.springframework.test.web.servlet.setup.MockMvcFilterDecorator.doFilter(MockMvcFilterDecorator.java:162)
	at org.springframework.mock.web.MockFilterChain.doFilter(MockFilterChain.java:132)
	at cpf.pfw.common.filter.TransactionContextFilter.doFilterInternal(TransactionContextFilter.java:53)
	at org.springframework.web.filter.OncePerRequestFilter.doFilter(OncePerRequestFilter.java:116)
	at org.springframework.test.web.servlet.setup.MockMvcFilterDecorator.doFilter(MockMvcFilterDecorator.java:162)
	at org.springframework.mock.web.MockFilterChain.doFilter(MockFilterChain.java:132)
	at cpf.pfw.config.PfwOpenApiAutoConfiguration.lambda$cpfSwaggerUiHtmlRedirectFilter$0(PfwOpenApiAutoConfiguration.java:117)
	at org.springframework.test.web.servlet.setup.MockMvcFilterDecorator.doFilter(MockMvcFilterDecorator.java:162)
	at org.springframework.mock.web.MockFilterChain.doFilter(MockFilterChain.java:132)
	at org.springframework.test.web.servlet.MockMvc.perform(MockMvc.java:201)
	at cpf.acc.tst.controller.AccTransactionControllerTest.testSuccessfulTransaction(AccTransactionControllerTest.java:28)
	at java.base/jdk.internal.reflect.DirectMethodHandleAccessor.invoke(DirectMethodHandleAccessor.java:103)
	at java.base/java.lang.reflect.Method.invoke(Method.java:580)
	at org.junit.platform.commons.util.ReflectionUtils.invokeMethod(ReflectionUtils.java:767)
	at org.junit.jupiter.engine.execution.MethodInvocation.proceed(MethodInvocation.java:60)
	at org.junit.jupiter.engine.execution.InvocationInterceptorChain$ValidatingInvocation.proceed(InvocationInterceptorChain.java:131)
	at org.junit.jupiter.engine.extension.TimeoutExtension.intercept(TimeoutExtension.java:156)
	at org.junit.jupiter.engine.extension.TimeoutExtension.interceptTestableMethod(TimeoutExtension.java:147)
	at org.junit.jupiter.engine.extension.TimeoutExtension.interceptTestMethod(TimeoutExtension.java:86)
	at org.junit.jupiter.engine.execution.InterceptingExecutableInvoker$ReflectiveInterceptorCall.lambda$ofVoidMethod$0(InterceptingExecutableInvoker.java:103)
	at org.junit.jupiter.engine.execution.InterceptingExecutableInvoker.lambda$invoke$0(InterceptingExecutableInvoker.java:93)
	at org.junit.jupiter.engine.execution.InvocationInterceptorChain$InterceptedInvocation.proceed(InvocationInterceptorChain.java:106)
	at org.junit.jupiter.engine.execution.InvocationInterceptorChain.proceed(InvocationInterceptorChain.java:64)
	at org.junit.jupiter.engine.execution.InvocationInterceptorChain.chainAndInvoke(InvocationInterceptorChain.java:45)
	at org.junit.jupiter.engine.execution.InvocationInterceptorChain.invoke(InvocationInterceptorChain.java:37)
	at org.junit.jupiter.engine.execution.InterceptingExecutableInvoker.invoke(InterceptingExecutableInvoker.java:92)
	at org.junit.jupiter.engine.execution.InterceptingExecutableInvoker.invoke(InterceptingExecutableInvoker.java:86)
	at org.junit.jupiter.engine.descriptor.TestMethodTestDescriptor.lambda$invokeTestMethod$8(TestMethodTestDescriptor.java:217)
	at org.junit.platform.engine.support.hierarchical.ThrowableCollector.execute(ThrowableCollector.java:73)
	at org.junit.jupiter.engine.descriptor.TestMethodTestDescriptor.invokeTestMethod(TestMethodTestDescriptor.java:213)
	at org.junit.jupiter.engine.descriptor.TestMethodTestDescriptor.execute(TestMethodTestDescriptor.java:138)
	at org.junit.jupiter.engine.descriptor.TestMethodTestDescriptor.execute(TestMethodTestDescriptor.java:68)
	at org.junit.platform.engine.support.hierarchical.NodeTestTask.lambda$executeRecursively$6(NodeTestTask.java:156)
	at org.junit.platform.engine.support.hierarchical.ThrowableCollector.execute(ThrowableCollector.java:73)
	at org.junit.platform.engine.support.hierarchical.NodeTestTask.lambda$executeRecursively$8(NodeTestTask.java:146)
	at org.junit.platform.engine.support.hierarchical.Node.around(Node.java:137)
	at org.junit.platform.engine.support.hierarchical.NodeTestTask.lambda$executeRecursively$9(NodeTestTask.java:144)
	at org.junit.platform.engine.support.hierarchical.ThrowableCollector.execute(ThrowableCollector.java:73)
	at org.junit.platform.engine.support.hierarchical.NodeTestTask.executeRecursively(NodeTestTask.java:143)
	at org.junit.platform.engine.support.hierarchical.NodeTestTask.execute(NodeTestTask.java:100)
	at java.base/java.util.ArrayList.forEach(ArrayList.java:1596)
	at org.junit.platform.engine.support.hierarchical.SameThreadHierarchicalTestExecutorService.invokeAll(SameThreadHierarchicalTestExecutorService.java:41)
	at org.junit.platform.engine.support.hierarchical.NodeTestTask.lambda$executeRecursively$6(NodeTestTask.java:160)
	at org.junit.platform.engine.support.hierarchical.ThrowableCollector.execute(ThrowableCollector.java:73)
	at org.junit.platform.engine.support.hierarchical.NodeTestTask.lambda$executeRecursively$8(NodeTestTask.java:146)
	at org.junit.platform.engine.support.hierarchical.Node.around(Node.java:137)
	at org.junit.platform.engine.support.hierarchical.NodeTestTask.lambda$executeRecursively$9(NodeTestTask.java:144)
	at org.junit.platform.engine.support.hierarchical.ThrowableCollector.execute(ThrowableCollector.java:73)
	at org.junit.platform.engine.support.hierarchical.NodeTestTask.executeRecursively(NodeTestTask.java:143)
	at org.junit.platform.engine.support.hierarchical.NodeTestTask.execute(NodeTestTask.java:100)
	at java.base/java.util.ArrayList.forEach(ArrayList.java:1596)
	at org.junit.platform.engine.support.hierarchical.SameThreadHierarchicalTestExecutorService.invokeAll(SameThreadHierarchicalTestExecutorService.java:41)
	at org.junit.platform.engine.support.hierarchical.NodeTestTask.lambda$executeRecursively$6(NodeTestTask.java:160)
	at org.junit.platform.engine.support.hierarchical.ThrowableCollector.execute(ThrowableCollector.java:73)
	at org.junit.platform.engine.support.hierarchical.NodeTestTask.lambda$executeRecursively$8(NodeTestTask.java:146)
	at org.junit.platform.engine.support.hierarchical.Node.around(Node.java:137)
	at org.junit.platform.engine.support.hierarchical.NodeTestTask.lambda$executeRecursively$9(NodeTestTask.java:144)
	at org.junit.platform.engine.support.hierarchical.ThrowableCollector.execute(ThrowableCollector.java:73)
	at org.junit.platform.engine.support.hierarchical.NodeTestTask.executeRecursively(NodeTestTask.java:143)
	at org.junit.platform.engine.support.hierarchical.NodeTestTask.execute(NodeTestTask.java:100)
	at org.junit.platform.engine.support.hierarchical.SameThreadHierarchicalTestExecutorService.submit(SameThreadHierarchicalTestExecutorService.java:35)
	at org.junit.platform.engine.support.hierarchical.HierarchicalTestExecutor.execute(HierarchicalTestExecutor.java:57)
	at org.junit.platform.engine.support.hierarchical.HierarchicalTestEngine.execute(HierarchicalTestEngine.java:54)
	at org.junit.platform.launcher.core.EngineExecutionOrchestrator.execute(EngineExecutionOrchestrator.java:198)
	at org.junit.platform.launcher.core.EngineExecutionOrchestrator.execute(EngineExecutionOrchestrator.java:169)
	at org.junit.platform.launcher.core.EngineExecutionOrchestrator.execute(EngineExecutionOrchestrator.java:93)
	at org.junit.platform.launcher.core.EngineExecutionOrchestrator.lambda$execute$0(EngineExecutionOrchestrator.java:58)
	at org.junit.platform.launcher.core.EngineExecutionOrchestrator.withInterceptedStreams(EngineExecutionOrchestrator.java:141)
	at org.junit.platform.launcher.core.EngineExecutionOrchestrator.execute(EngineExecutionOrchestrator.java:57)
	at org.junit.platform.launcher.core.DefaultLauncher.execute(DefaultLauncher.java:103)
	at org.junit.platform.launcher.core.DefaultLauncher.execute(DefaultLauncher.java:85)
	at org.junit.platform.launcher.core.DelegatingLauncher.execute(DelegatingLauncher.java:47)
	at org.gradle.api.internal.tasks.testing.junitplatform.JUnitPlatformTestClassProcessor$CollectAllTestClassesExecutor.processAllTestClasses(JUnitPlatformTestClassProcessor.java:124)
	at org.gradle.api.internal.tasks.testing.junitplatform.JUnitPlatformTestClassProcessor$CollectAllTestClassesExecutor.access$000(JUnitPlatformTestClassProcessor.java:99)
	at org.gradle.api.internal.tasks.testing.junitplatform.JUnitPlatformTestClassProcessor.stop(JUnitPlatformTestClassProcessor.java:94)
	at org.gradle.api.internal.tasks.testing.SuiteTestClassProcessor.stop(SuiteTestClassProcessor.java:63)
	at java.base/jdk.internal.reflect.DirectMethodHandleAccessor.invoke(DirectMethodHandleAccessor.java:103)
	at java.base/java.lang.reflect.Method.invoke(Method.java:580)
	at org.gradle.internal.dispatch.ReflectionDispatch.dispatch(ReflectionDispatch.java:36)
	at org.gradle.internal.dispatch.ReflectionDispatch.dispatch(ReflectionDispatch.java:24)
	at org.gradle.internal.dispatch.ContextClassLoaderDispatch.dispatch(ContextClassLoaderDispatch.java:33)
	at org.gradle.internal.dispatch.ProxyDispatchAdapter$DispatchingInvocationHandler.invoke(ProxyDispatchAdapter.java:92)
	at jdk.proxy1/jdk.proxy1.$Proxy4.stop(Unknown Source)
	at org.gradle.api.internal.tasks.testing.worker.TestWorker$3.run(TestWorker.java:200)
	at org.gradle.api.internal.tasks.testing.worker.TestWorker.executeAndMaintainThreadName(TestWorker.java:132)
	at org.gradle.api.internal.tasks.testing.worker.TestWorker.execute(TestWorker.java:103)
	at org.gradle.api.internal.tasks.testing.worker.TestWorker.execute(TestWorker.java:63)
	at org.gradle.process.internal.worker.child.ActionExecutionWorker.execute(ActionExecutionWorker.java:56)
	at org.gradle.process.internal.worker.child.SystemApplicationClassLoaderWorker.call(SystemApplicationClassLoaderWorker.java:121)
	at org.gradle.process.internal.worker.child.SystemApplicationClassLoaderWorker.call(SystemApplicationClassLoaderWorker.java:71)
	at worker.org.gradle.process.internal.worker.GradleWorkerMain.run(GradleWorkerMain.java:69)
	at worker.org.gradle.process.internal.worker.GradleWorkerMain.main(GradleWorkerMain.java:74)
Caused by: java.sql.SQLInvalidAuthorizationSpecException: (conn=22891) Access denied for user 'cpf_pfw_app'@'localhost' (using password: YES)
	at org.mariadb.jdbc.export.ExceptionFactory.createException(ExceptionFactory.java:293)
	at org.mariadb.jdbc.export.ExceptionFactory.create(ExceptionFactory.java:378)
	at org.mariadb.jdbc.client.impl.StandardClient.authenticationHandler(StandardClient.java:306)
	at org.mariadb.jdbc.client.impl.StandardClient.<init>(StandardClient.java:226)
	at org.mariadb.jdbc.Driver.connect(Driver.java:68)
	at org.mariadb.jdbc.Driver.connect(Driver.java:92)
	at org.mariadb.jdbc.Driver.connect(Driver.java:26)
	at com.zaxxer.hikari.util.DriverDataSource.getConnection(DriverDataSource.java:137)
	at com.zaxxer.hikari.pool.PoolBase.newConnection(PoolBase.java:360)
	at com.zaxxer.hikari.pool.PoolBase.newPoolEntry(PoolBase.java:202)
	at com.zaxxer.hikari.pool.HikariPool.createPoolEntry(HikariPool.java:461)
	at com.zaxxer.hikari.pool.HikariPool.checkFailFast(HikariPool.java:550)
	at com.zaxxer.hikari.pool.HikariPool.<init>(HikariPool.java:98)
	at com.zaxxer.hikari.HikariDataSource.getConnection(HikariDataSource.java:111)
	at org.springframework.jdbc.datasource.DataSourceTransactionManager.doBegin(DataSourceTransactionManager.java:271)
	... 151 common frames omitted
[2026-07-09 09:50:03.334] [Test worker] DEBUG o.s.w.s.m.m.a.HttpEntityMethodProcessor [TranId: 20260611141234567ACCaccAP010000001] [BizTranId: ACC09TST0001] [TraceId: 20d7119a-18f4-443d-b5c2-aaa143d247e8] [SpanId: SPN-e5db9779-92ef-48fe-bc14-7dcc8a8e510c] [DynLevel: ] - Using 'text/plain', given [*/*] and supported [text/plain, */*, application/json, application/*+json, application/yaml]
[2026-07-09 09:50:03.337] [Test worker] DEBUG o.s.w.s.m.m.a.HttpEntityMethodProcessor [TranId: 20260611141234567ACCaccAP010000001] [BizTranId: ACC09TST0001] [TraceId: 20d7119a-18f4-443d-b5c2-aaa143d247e8] [SpanId: SPN-e5db9779-92ef-48fe-bc14-7dcc8a8e510c] [DynLevel: ] - Writing ["Transaction processed successfully."]
[2026-07-09 09:50:03.364] [Test worker] DEBUG o.s.w.s.m.m.a.RequestMappingHandlerMapping [TranId: 20260611141234567ACCaccAP010000001] [BizTranId: ] [TraceId: 89589243-28f2-49da-9585-c1ffc49e96a3] [SpanId: SPN-b98617ce-70a0-452e-b49c-6b6fac1a0b3c] [DynLevel: ] - Mapped to cpf.acc.tst.controller.TransactionController#handleCompensationTransaction(String, String)
[2026-07-09 09:50:03.367] [Test worker] DEBUG o.s.jdbc.core.JdbcTemplate [TranId: 20260611141234567ACCaccAP010000001] [BizTranId: ] [TraceId: 89589243-28f2-49da-9585-c1ffc49e96a3] [SpanId: SPN-b98617ce-70a0-452e-b49c-6b6fac1a0b3c] [DynLevel: ] - Executing prepared SQL query
[2026-07-09 09:50:03.367] [Test worker] DEBUG o.s.jdbc.core.JdbcTemplate [TranId: 20260611141234567ACCaccAP010000001] [BizTranId: ] [TraceId: 89589243-28f2-49da-9585-c1ffc49e96a3] [SpanId: SPN-b98617ce-70a0-452e-b49c-6b6fac1a0b3c] [DynLevel: ] - Executing prepared SQL statement [SELECT COUNT(*)
FROM information_schema.tables
WHERE table_schema = DATABASE()
  AND table_name = ?
]
[2026-07-09 09:50:03.368] [Test worker] INFO  com.zaxxer.hikari.HikariDataSource [TranId: 20260611141234567ACCaccAP010000001] [BizTranId: ] [TraceId: 89589243-28f2-49da-9585-c1ffc49e96a3] [SpanId: SPN-b98617ce-70a0-452e-b49c-6b6fac1a0b3c] [DynLevel: ] - HikariPool-4 - Starting...
[2026-07-09 09:50:03.375] [Test worker] WARN  o.m.jdbc.message.server.ErrorPacket [TranId: 20260611141234567ACCaccAP010000001] [BizTranId: ] [TraceId: 89589243-28f2-49da-9585-c1ffc49e96a3] [SpanId: SPN-b98617ce-70a0-452e-b49c-6b6fac1a0b3c] [DynLevel: ] - Error: 1045-28000: Access denied for user 'cpf_pfw_app'@'localhost' (using password: YES)
[2026-07-09 09:50:04.380] [Test worker] DEBUG o.s.jdbc.core.JdbcTemplate [TranId: 20260611141234567ACCaccAP010000001] [BizTranId: ] [TraceId: 89589243-28f2-49da-9585-c1ffc49e96a3] [SpanId: SPN-b98617ce-70a0-452e-b49c-6b6fac1a0b3c] [DynLevel: ] - Executing prepared SQL query
[2026-07-09 09:50:04.381] [Test worker] DEBUG o.s.jdbc.core.JdbcTemplate [TranId: 20260611141234567ACCaccAP010000001] [BizTranId: ] [TraceId: 89589243-28f2-49da-9585-c1ffc49e96a3] [SpanId: SPN-b98617ce-70a0-452e-b49c-6b6fac1a0b3c] [DynLevel: ] - Executing prepared SQL statement [SELECT COUNT(*)
FROM information_schema.tables
WHERE table_schema = DATABASE()
  AND table_name = ?
]
[2026-07-09 09:50:04.381] [Test worker] INFO  com.zaxxer.hikari.HikariDataSource [TranId: 20260611141234567ACCaccAP010000001] [BizTranId: ] [TraceId: 89589243-28f2-49da-9585-c1ffc49e96a3] [SpanId: SPN-b98617ce-70a0-452e-b49c-6b6fac1a0b3c] [DynLevel: ] - HikariPool-4 - Starting...
[2026-07-09 09:50:04.386] [Test worker] WARN  o.m.jdbc.message.server.ErrorPacket [TranId: 20260611141234567ACCaccAP010000001] [BizTranId: ] [TraceId: 89589243-28f2-49da-9585-c1ffc49e96a3] [SpanId: SPN-b98617ce-70a0-452e-b49c-6b6fac1a0b3c] [DynLevel: ] - Error: 1045-28000: Access denied for user 'cpf_pfw_app'@'localhost' (using password: YES)
[2026-07-09 09:50:05.395] [Test worker] INFO  c.pfw.common.logging.LoggingAspect [TranId: 20260611141234567ACCaccAP010000001] [BizTranId: ACC09TST0005] [TraceId: 89589243-28f2-49da-9585-c1ffc49e96a3] [SpanId: SPN-b98617ce-70a0-452e-b49c-6b6fac1a0b3c] [DynLevel: ] - Transaction started. transactionId=20260611141234567ACCaccAP010000001, businessTransactionId=ACC09TST0005, businessTransactionName=ACCCompensationSample, traceId=89589243-28f2-49da-9585-c1ffc49e96a3, spanId=SPN-b98617ce-70a0-452e-b49c-6b6fac1a0b3c, moduleId=ACC, sequenceNo=1, workflowInstanceId=20260611141234567ACCaccAP010000001, workflowStepId=ACC09TST0005, method=GET, uri=/acc/tran/compensate, controller=TransactionController.handleCompensationTransaction(..), executionClass=cpf.acc.tst.controller.TransactionController, executionMethod=handleCompensationTransaction, clientIp=127.0.0.1, parameters=menuId=[MENU123]&execUser=[testUser], requestBody=null
[2026-07-09 09:50:05.395] [Test worker] DEBUG c.c.m.s.ResponseCodeCacheService [TranId: 20260611141234567ACCaccAP010000001] [BizTranId: ACC09TST0005] [TraceId: 89589243-28f2-49da-9585-c1ffc49e96a3] [SpanId: SPN-b98617ce-70a0-452e-b49c-6b6fac1a0b3c] [DynLevel: ] - Cache Miss: Fetching response code: SACC000000
[2026-07-09 09:50:05.396] [Test worker] INFO  com.zaxxer.hikari.HikariDataSource [TranId: 20260611141234567ACCaccAP010000001] [BizTranId: ACC09TST0005] [TraceId: 89589243-28f2-49da-9585-c1ffc49e96a3] [SpanId: SPN-b98617ce-70a0-452e-b49c-6b6fac1a0b3c] [DynLevel: ] - HikariPool-3 - Starting...
[2026-07-09 09:50:05.399] [Test worker] WARN  o.m.jdbc.message.server.ErrorPacket [TranId: 20260611141234567ACCaccAP010000001] [BizTranId: ACC09TST0005] [TraceId: 89589243-28f2-49da-9585-c1ffc49e96a3] [SpanId: SPN-b98617ce-70a0-452e-b49c-6b6fac1a0b3c] [DynLevel: ] - Error: 1045-28000: Access denied for user 'cpf_pfw_app'@'localhost' (using password: YES)
[2026-07-09 09:50:06.410] [Test worker] INFO  c.pfw.common.logging.LoggingAspect [TranId: 20260611141234567ACCaccAP010000001] [BizTranId: ACC09TST0005] [TraceId: 89589243-28f2-49da-9585-c1ffc49e96a3] [SpanId: SPN-b98617ce-70a0-452e-b49c-6b6fac1a0b3c] [DynLevel: ] - Transaction completed. transactionId=20260611141234567ACCaccAP010000001, traceId=89589243-28f2-49da-9585-c1ffc49e96a3, spanId=SPN-b98617ce-70a0-452e-b49c-6b6fac1a0b3c, moduleId=ACC, sequenceNo=1, workflowStatus=COMPENSATED, compensationYn=Y, httpStatus=200, responseCode=SACC000000, messageCode=MACC000000, durationMs=2030
[2026-07-09 09:50:06.415] [Test worker] INFO  com.zaxxer.hikari.HikariDataSource [TranId: 20260611141234567ACCaccAP010000001] [BizTranId: ACC09TST0005] [TraceId: 89589243-28f2-49da-9585-c1ffc49e96a3] [SpanId: SPN-b98617ce-70a0-452e-b49c-6b6fac1a0b3c] [DynLevel: ] - HikariPool-4 - Starting...
[2026-07-09 09:50:06.423] [Test worker] WARN  o.m.jdbc.message.server.ErrorPacket [TranId: 20260611141234567ACCaccAP010000001] [BizTranId: ACC09TST0005] [TraceId: 89589243-28f2-49da-9585-c1ffc49e96a3] [SpanId: SPN-b98617ce-70a0-452e-b49c-6b6fac1a0b3c] [DynLevel: ] - Error: 1045-28000: Access denied for user 'cpf_pfw_app'@'localhost' (using password: YES)
[2026-07-09 09:50:07.439] [Test worker] WARN  c.p.c.logging.TransactionLogListener [TranId: 20260611141234567ACCaccAP010000001] [BizTranId: ACC09TST0005] [TraceId: 89589243-28f2-49da-9585-c1ffc49e96a3] [SpanId: SPN-b98617ce-70a0-452e-b49c-6b6fac1a0b3c] [DynLevel: ] - Failed to persist transaction log. transactionId=20260611141234567ACCaccAP010000001
org.springframework.transaction.CannotCreateTransactionException: Could not open JDBC Connection for transaction
	at org.springframework.jdbc.datasource.DataSourceTransactionManager.doBegin(DataSourceTransactionManager.java:320)
	at org.springframework.transaction.support.AbstractPlatformTransactionManager.startTransaction(AbstractPlatformTransactionManager.java:532)
	at org.springframework.transaction.support.AbstractPlatformTransactionManager.getTransaction(AbstractPlatformTransactionManager.java:405)
	at org.springframework.transaction.interceptor.TransactionAspectSupport.createTransactionIfNecessary(TransactionAspectSupport.java:639)
	at org.springframework.transaction.interceptor.TransactionAspectSupport.invokeWithinTransaction(TransactionAspectSupport.java:374)
	at org.springframework.transaction.interceptor.TransactionInterceptor.invoke(TransactionInterceptor.java:119)
	at org.springframework.aop.framework.ReflectiveMethodInvocation.proceed(ReflectiveMethodInvocation.java:184)
	at org.springframework.aop.framework.CglibAopProxy$DynamicAdvisedInterceptor.intercept(CglibAopProxy.java:728)
	at cpf.pfw.service.common.logging.TransactionLogService$$SpringCGLIB$$0.saveTransactionLog(<generated>)
	at cpf.pfw.common.logging.TransactionLogListener.handleTransactionLogEvent(TransactionLogListener.java:27)
	at java.base/jdk.internal.reflect.DirectMethodHandleAccessor.invoke(DirectMethodHandleAccessor.java:103)
	at java.base/java.lang.reflect.Method.invoke(Method.java:580)
	at org.springframework.context.event.ApplicationListenerMethodAdapter.doInvoke(ApplicationListenerMethodAdapter.java:383)
	at org.springframework.context.event.ApplicationListenerMethodAdapter.processEvent(ApplicationListenerMethodAdapter.java:255)
	at org.springframework.context.event.ApplicationListenerMethodAdapter.onApplicationEvent(ApplicationListenerMethodAdapter.java:174)
	at org.springframework.context.event.SimpleApplicationEventMulticaster.doInvokeListener(SimpleApplicationEventMulticaster.java:185)
	at org.springframework.context.event.SimpleApplicationEventMulticaster.invokeListener(SimpleApplicationEventMulticaster.java:178)
	at org.springframework.context.event.SimpleApplicationEventMulticaster.multicastEvent(SimpleApplicationEventMulticaster.java:156)
	at org.springframework.context.support.AbstractApplicationContext.publishEvent(AbstractApplicationContext.java:454)
	at org.springframework.context.support.AbstractApplicationContext.publishEvent(AbstractApplicationContext.java:387)
	at cpf.pfw.common.logging.LoggingAspect.publishTransactionLog(LoggingAspect.java:452)
	at cpf.pfw.common.logging.LoggingAspect.logTransaction(LoggingAspect.java:236)
	at java.base/jdk.internal.reflect.DirectMethodHandleAccessor.invoke(DirectMethodHandleAccessor.java:103)
	at java.base/java.lang.reflect.Method.invoke(Method.java:580)
	at org.springframework.aop.aspectj.AbstractAspectJAdvice.invokeAdviceMethodWithGivenArgs(AbstractAspectJAdvice.java:649)
	at org.springframework.aop.aspectj.AbstractAspectJAdvice.invokeAdviceMethod(AbstractAspectJAdvice.java:631)
	at org.springframework.aop.aspectj.AspectJAroundAdvice.invoke(AspectJAroundAdvice.java:71)
	at org.springframework.aop.framework.ReflectiveMethodInvocation.proceed(ReflectiveMethodInvocation.java:184)
	at org.springframework.aop.interceptor.ExposeInvocationInterceptor.invoke(ExposeInvocationInterceptor.java:97)
	at org.springframework.aop.framework.ReflectiveMethodInvocation.proceed(ReflectiveMethodInvocation.java:184)
	at org.springframework.aop.framework.CglibAopProxy$DynamicAdvisedInterceptor.intercept(CglibAopProxy.java:728)
	at cpf.acc.tst.controller.TransactionController$$SpringCGLIB$$0.handleCompensationTransaction(<generated>)
	at java.base/jdk.internal.reflect.DirectMethodHandleAccessor.invoke(DirectMethodHandleAccessor.java:103)
	at java.base/java.lang.reflect.Method.invoke(Method.java:580)
	at org.springframework.web.method.support.InvocableHandlerMethod.doInvoke(InvocableHandlerMethod.java:258)
	at org.springframework.web.method.support.InvocableHandlerMethod.invokeForRequest(InvocableHandlerMethod.java:191)
	at org.springframework.web.servlet.mvc.method.annotation.ServletInvocableHandlerMethod.invokeAndHandle(ServletInvocableHandlerMethod.java:118)
	at org.springframework.web.servlet.mvc.method.annotation.RequestMappingHandlerAdapter.invokeHandlerMethod(RequestMappingHandlerAdapter.java:991)
	at org.springframework.web.servlet.mvc.method.annotation.RequestMappingHandlerAdapter.handleInternal(RequestMappingHandlerAdapter.java:896)
	at org.springframework.web.servlet.mvc.method.AbstractHandlerMethodAdapter.handle(AbstractHandlerMethodAdapter.java:87)
	at org.springframework.web.servlet.DispatcherServlet.doDispatch(DispatcherServlet.java:1089)
	at org.springframework.web.servlet.DispatcherServlet.doService(DispatcherServlet.java:979)
	at org.springframework.web.servlet.FrameworkServlet.processRequest(FrameworkServlet.java:1014)
	at org.springframework.web.servlet.FrameworkServlet.doGet(FrameworkServlet.java:903)
	at jakarta.servlet.http.HttpServlet.service(HttpServlet.java:564)
	at org.springframework.web.servlet.FrameworkServlet.service(FrameworkServlet.java:885)
	at org.springframework.test.web.servlet.TestDispatcherServlet.service(TestDispatcherServlet.java:72)
	at jakarta.servlet.http.HttpServlet.service(HttpServlet.java:658)
	at org.springframework.mock.web.MockFilterChain$ServletFilterProxy.doFilter(MockFilterChain.java:165)
	at org.springframework.mock.web.MockFilterChain.doFilter(MockFilterChain.java:132)
	at org.springframework.web.filter.RequestContextFilter.doFilterInternal(RequestContextFilter.java:100)
	at org.springframework.web.filter.OncePerRequestFilter.doFilter(OncePerRequestFilter.java:116)
	at org.springframework.test.web.servlet.setup.MockMvcFilterDecorator.doFilter(MockMvcFilterDecorator.java:162)
	at org.springframework.mock.web.MockFilterChain.doFilter(MockFilterChain.java:132)
	at org.springframework.web.filter.FormContentFilter.doFilterInternal(FormContentFilter.java:93)
	at org.springframework.web.filter.OncePerRequestFilter.doFilter(OncePerRequestFilter.java:116)
	at org.springframework.test.web.servlet.setup.MockMvcFilterDecorator.doFilter(MockMvcFilterDecorator.java:162)
	at org.springframework.mock.web.MockFilterChain.doFilter(MockFilterChain.java:132)
	at org.springframework.web.filter.CharacterEncodingFilter.doFilterInternal(CharacterEncodingFilter.java:201)
	at org.springframework.web.filter.OncePerRequestFilter.doFilter(OncePerRequestFilter.java:116)
	at org.springframework.test.web.servlet.setup.MockMvcFilterDecorator.doFilter(MockMvcFilterDecorator.java:162)
	at org.springframework.mock.web.MockFilterChain.doFilter(MockFilterChain.java:132)
	at cpf.pfw.common.filter.TransactionContextFilter.doFilterInternal(TransactionContextFilter.java:53)
	at org.springframework.web.filter.OncePerRequestFilter.doFilter(OncePerRequestFilter.java:116)
	at org.springframework.test.web.servlet.setup.MockMvcFilterDecorator.doFilter(MockMvcFilterDecorator.java:162)
	at org.springframework.mock.web.MockFilterChain.doFilter(MockFilterChain.java:132)
	at cpf.pfw.config.PfwOpenApiAutoConfiguration.lambda$cpfSwaggerUiHtmlRedirectFilter$0(PfwOpenApiAutoConfiguration.java:117)
	at org.springframework.test.web.servlet.setup.MockMvcFilterDecorator.doFilter(MockMvcFilterDecorator.java:162)
	at org.springframework.mock.web.MockFilterChain.doFilter(MockFilterChain.java:132)
	at org.springframework.test.web.servlet.MockMvc.perform(MockMvc.java:201)
	at cpf.acc.tst.controller.AccTransactionControllerTest.testCompensationTransaction(AccTransactionControllerTest.java:42)
	at java.base/jdk.internal.reflect.DirectMethodHandleAccessor.invoke(DirectMethodHandleAccessor.java:103)
	at java.base/java.lang.reflect.Method.invoke(Method.java:580)
	at org.junit.platform.commons.util.ReflectionUtils.invokeMethod(ReflectionUtils.java:767)
	at org.junit.jupiter.engine.execution.MethodInvocation.proceed(MethodInvocation.java:60)
	at org.junit.jupiter.engine.execution.InvocationInterceptorChain$ValidatingInvocation.proceed(InvocationInterceptorChain.java:131)
	at org.junit.jupiter.engine.extension.TimeoutExtension.intercept(TimeoutExtension.java:156)
	at org.junit.jupiter.engine.extension.TimeoutExtension.interceptTestableMethod(TimeoutExtension.java:147)
	at org.junit.jupiter.engine.extension.TimeoutExtension.interceptTestMethod(TimeoutExtension.java:86)
	at org.junit.jupiter.engine.execution.InterceptingExecutableInvoker$ReflectiveInterceptorCall.lambda$ofVoidMethod$0(InterceptingExecutableInvoker.java:103)
	at org.junit.jupiter.engine.execution.InterceptingExecutableInvoker.lambda$invoke$0(InterceptingExecutableInvoker.java:93)
	at org.junit.jupiter.engine.execution.InvocationInterceptorChain$InterceptedInvocation.proceed(InvocationInterceptorChain.java:106)
	at org.junit.jupiter.engine.execution.InvocationInterceptorChain.proceed(InvocationInterceptorChain.java:64)
	at org.junit.jupiter.engine.execution.InvocationInterceptorChain.chainAndInvoke(InvocationInterceptorChain.java:45)
	at org.junit.jupiter.engine.execution.InvocationInterceptorChain.invoke(InvocationInterceptorChain.java:37)
	at org.junit.jupiter.engine.execution.InterceptingExecutableInvoker.invoke(InterceptingExecutableInvoker.java:92)
	at org.junit.jupiter.engine.execution.InterceptingExecutableInvoker.invoke(InterceptingExecutableInvoker.java:86)
	at org.junit.jupiter.engine.descriptor.TestMethodTestDescriptor.lambda$invokeTestMethod$8(TestMethodTestDescriptor.java:217)
	at org.junit.platform.engine.support.hierarchical.ThrowableCollector.execute(ThrowableCollector.java:73)
	at org.junit.jupiter.engine.descriptor.TestMethodTestDescriptor.invokeTestMethod(TestMethodTestDescriptor.java:213)
	at org.junit.jupiter.engine.descriptor.TestMethodTestDescriptor.execute(TestMethodTestDescriptor.java:138)
	at org.junit.jupiter.engine.descriptor.TestMethodTestDescriptor.execute(TestMethodTestDescriptor.java:68)
	at org.junit.platform.engine.support.hierarchical.NodeTestTask.lambda$executeRecursively$6(NodeTestTask.java:156)
	at org.junit.platform.engine.support.hierarchical.ThrowableCollector.execute(ThrowableCollector.java:73)
	at org.junit.platform.engine.support.hierarchical.NodeTestTask.lambda$executeRecursively$8(NodeTestTask.java:146)
	at org.junit.platform.engine.support.hierarchical.Node.around(Node.java:137)
	at org.junit.platform.engine.support.hierarchical.NodeTestTask.lambda$executeRecursively$9(NodeTestTask.java:144)
	at org.junit.platform.engine.support.hierarchical.ThrowableCollector.execute(ThrowableCollector.java:73)
	at org.junit.platform.engine.support.hierarchical.NodeTestTask.executeRecursively(NodeTestTask.java:143)
	at org.junit.platform.engine.support.hierarchical.NodeTestTask.execute(NodeTestTask.java:100)
	at java.base/java.util.ArrayList.forEach(ArrayList.java:1596)
	at org.junit.platform.engine.support.hierarchical.SameThreadHierarchicalTestExecutorService.invokeAll(SameThreadHierarchicalTestExecutorService.java:41)
	at org.junit.platform.engine.support.hierarchical.NodeTestTask.lambda$executeRecursively$6(NodeTestTask.java:160)
	at org.junit.platform.engine.support.hierarchical.ThrowableCollector.execute(ThrowableCollector.java:73)
	at org.junit.platform.engine.support.hierarchical.NodeTestTask.lambda$executeRecursively$8(NodeTestTask.java:146)
	at org.junit.platform.engine.support.hierarchical.Node.around(Node.java:137)
	at org.junit.platform.engine.support.hierarchical.NodeTestTask.lambda$executeRecursively$9(NodeTestTask.java:144)
	at org.junit.platform.engine.support.hierarchical.ThrowableCollector.execute(ThrowableCollector.java:73)
	at org.junit.platform.engine.support.hierarchical.NodeTestTask.executeRecursively(NodeTestTask.java:143)
	at org.junit.platform.engine.support.hierarchical.NodeTestTask.execute(NodeTestTask.java:100)
	at java.base/java.util.ArrayList.forEach(ArrayList.java:1596)
	at org.junit.platform.engine.support.hierarchical.SameThreadHierarchicalTestExecutorService.invokeAll(SameThreadHierarchicalTestExecutorService.java:41)
	at org.junit.platform.engine.support.hierarchical.NodeTestTask.lambda$executeRecursively$6(NodeTestTask.java:160)
	at org.junit.platform.engine.support.hierarchical.ThrowableCollector.execute(ThrowableCollector.java:73)
	at org.junit.platform.engine.support.hierarchical.NodeTestTask.lambda$executeRecursively$8(NodeTestTask.java:146)
	at org.junit.platform.engine.support.hierarchical.Node.around(Node.java:137)
	at org.junit.platform.engine.support.hierarchical.NodeTestTask.lambda$executeRecursively$9(NodeTestTask.java:144)
	at org.junit.platform.engine.support.hierarchical.ThrowableCollector.execute(ThrowableCollector.java:73)
	at org.junit.platform.engine.support.hierarchical.NodeTestTask.executeRecursively(NodeTestTask.java:143)
	at org.junit.platform.engine.support.hierarchical.NodeTestTask.execute(NodeTestTask.java:100)
	at org.junit.platform.engine.support.hierarchical.SameThreadHierarchicalTestExecutorService.submit(SameThreadHierarchicalTestExecutorService.java:35)
	at org.junit.platform.engine.support.hierarchical.HierarchicalTestExecutor.execute(HierarchicalTestExecutor.java:57)
	at org.junit.platform.engine.support.hierarchical.HierarchicalTestEngine.execute(HierarchicalTestEngine.java:54)
	at org.junit.platform.launcher.core.EngineExecutionOrchestrator.execute(EngineExecutionOrchestrator.java:198)
	at org.junit.platform.launcher.core.EngineExecutionOrchestrator.execute(EngineExecutionOrchestrator.java:169)
	at org.junit.platform.launcher.core.EngineExecutionOrchestrator.execute(EngineExecutionOrchestrator.java:93)
	at org.junit.platform.launcher.core.EngineExecutionOrchestrator.lambda$execute$0(EngineExecutionOrchestrator.java:58)
	at org.junit.platform.launcher.core.EngineExecutionOrchestrator.withInterceptedStreams(EngineExecutionOrchestrator.java:141)
	at org.junit.platform.launcher.core.EngineExecutionOrchestrator.execute(EngineExecutionOrchestrator.java:57)
	at org.junit.platform.launcher.core.DefaultLauncher.execute(DefaultLauncher.java:103)
	at org.junit.platform.launcher.core.DefaultLauncher.execute(DefaultLauncher.java:85)
	at org.junit.platform.launcher.core.DelegatingLauncher.execute(DelegatingLauncher.java:47)
	at org.gradle.api.internal.tasks.testing.junitplatform.JUnitPlatformTestClassProcessor$CollectAllTestClassesExecutor.processAllTestClasses(JUnitPlatformTestClassProcessor.java:124)
	at org.gradle.api.internal.tasks.testing.junitplatform.JUnitPlatformTestClassProcessor$CollectAllTestClassesExecutor.access$000(JUnitPlatformTestClassProcessor.java:99)
	at org.gradle.api.internal.tasks.testing.junitplatform.JUnitPlatformTestClassProcessor.stop(JUnitPlatformTestClassProcessor.java:94)
	at org.gradle.api.internal.tasks.testing.SuiteTestClassProcessor.stop(SuiteTestClassProcessor.java:63)
	at java.base/jdk.internal.reflect.DirectMethodHandleAccessor.invoke(DirectMethodHandleAccessor.java:103)
	at java.base/java.lang.reflect.Method.invoke(Method.java:580)
	at org.gradle.internal.dispatch.ReflectionDispatch.dispatch(ReflectionDispatch.java:36)
	at org.gradle.internal.dispatch.ReflectionDispatch.dispatch(ReflectionDispatch.java:24)
	at org.gradle.internal.dispatch.ContextClassLoaderDispatch.dispatch(ContextClassLoaderDispatch.java:33)
	at org.gradle.internal.dispatch.ProxyDispatchAdapter$DispatchingInvocationHandler.invoke(ProxyDispatchAdapter.java:92)
	at jdk.proxy1/jdk.proxy1.$Proxy4.stop(Unknown Source)
	at org.gradle.api.internal.tasks.testing.worker.TestWorker$3.run(TestWorker.java:200)
	at org.gradle.api.internal.tasks.testing.worker.TestWorker.executeAndMaintainThreadName(TestWorker.java:132)
	at org.gradle.api.internal.tasks.testing.worker.TestWorker.execute(TestWorker.java:103)
	at org.gradle.api.internal.tasks.testing.worker.TestWorker.execute(TestWorker.java:63)
	at org.gradle.process.internal.worker.child.ActionExecutionWorker.execute(ActionExecutionWorker.java:56)
	at org.gradle.process.internal.worker.child.SystemApplicationClassLoaderWorker.call(SystemApplicationClassLoaderWorker.java:121)
	at org.gradle.process.internal.worker.child.SystemApplicationClassLoaderWorker.call(SystemApplicationClassLoaderWorker.java:71)
	at worker.org.gradle.process.internal.worker.GradleWorkerMain.run(GradleWorkerMain.java:69)
	at worker.org.gradle.process.internal.worker.GradleWorkerMain.main(GradleWorkerMain.java:74)
Caused by: java.sql.SQLInvalidAuthorizationSpecException: (conn=22897) Access denied for user 'cpf_pfw_app'@'localhost' (using password: YES)
	at org.mariadb.jdbc.export.ExceptionFactory.createException(ExceptionFactory.java:293)
	at org.mariadb.jdbc.export.ExceptionFactory.create(ExceptionFactory.java:378)
	at org.mariadb.jdbc.client.impl.StandardClient.authenticationHandler(StandardClient.java:306)
	at org.mariadb.jdbc.client.impl.StandardClient.<init>(StandardClient.java:226)
	at org.mariadb.jdbc.Driver.connect(Driver.java:68)
	at org.mariadb.jdbc.Driver.connect(Driver.java:92)
	at org.mariadb.jdbc.Driver.connect(Driver.java:26)
	at com.zaxxer.hikari.util.DriverDataSource.getConnection(DriverDataSource.java:137)
	at com.zaxxer.hikari.pool.PoolBase.newConnection(PoolBase.java:360)
	at com.zaxxer.hikari.pool.PoolBase.newPoolEntry(PoolBase.java:202)
	at com.zaxxer.hikari.pool.HikariPool.createPoolEntry(HikariPool.java:461)
	at com.zaxxer.hikari.pool.HikariPool.checkFailFast(HikariPool.java:550)
	at com.zaxxer.hikari.pool.HikariPool.<init>(HikariPool.java:98)
	at com.zaxxer.hikari.HikariDataSource.getConnection(HikariDataSource.java:111)
	at org.springframework.jdbc.datasource.DataSourceTransactionManager.doBegin(DataSourceTransactionManager.java:271)
	... 151 common frames omitted
[2026-07-09 09:50:07.452] [Test worker] DEBUG o.s.w.s.m.m.a.HttpEntityMethodProcessor [TranId: 20260611141234567ACCaccAP010000001] [BizTranId: ACC09TST0005] [TraceId: 89589243-28f2-49da-9585-c1ffc49e96a3] [SpanId: SPN-b98617ce-70a0-452e-b49c-6b6fac1a0b3c] [DynLevel: ] - Using 'text/plain', given [*/*] and supported [text/plain, */*, application/json, application/*+json, application/yaml]
[2026-07-09 09:50:07.453] [Test worker] DEBUG o.s.w.s.m.m.a.HttpEntityMethodProcessor [TranId: 20260611141234567ACCaccAP010000001] [BizTranId: ACC09TST0005] [TraceId: 89589243-28f2-49da-9585-c1ffc49e96a3] [SpanId: SPN-b98617ce-70a0-452e-b49c-6b6fac1a0b3c] [DynLevel: ] - Writing ["Compensation transaction processed successfully."]
[2026-07-09 12:48:03.641] [Test worker] DEBUG o.s.w.s.m.m.a.RequestMappingHandlerMapping [TranId: 20260611141234567ACCaccAP010000001] [BizTranId: ] [TraceId: 99c3b064-d106-4f6b-97fd-47753db2a1f2] [SpanId: SPN-dc7bd8cf-2b6b-4deb-8bdb-4d7da61979ed] [DynLevel: ] - Mapped to cpf.acc.tst.controller.TransactionController#handleSuccessfulTransaction(String, String)
[2026-07-09 12:48:03.667] [Test worker] DEBUG o.s.jdbc.core.JdbcTemplate [TranId: 20260611141234567ACCaccAP010000001] [BizTranId: ] [TraceId: 99c3b064-d106-4f6b-97fd-47753db2a1f2] [SpanId: SPN-dc7bd8cf-2b6b-4deb-8bdb-4d7da61979ed] [DynLevel: ] - Executing prepared SQL query
[2026-07-09 12:48:03.668] [Test worker] DEBUG o.s.jdbc.core.JdbcTemplate [TranId: 20260611141234567ACCaccAP010000001] [BizTranId: ] [TraceId: 99c3b064-d106-4f6b-97fd-47753db2a1f2] [SpanId: SPN-dc7bd8cf-2b6b-4deb-8bdb-4d7da61979ed] [DynLevel: ] - Executing prepared SQL statement [SELECT COUNT(*)
FROM information_schema.tables
WHERE table_schema = DATABASE()
  AND table_name = ?
]
[2026-07-09 12:48:03.668] [Test worker] INFO  com.zaxxer.hikari.HikariDataSource [TranId: 20260611141234567ACCaccAP010000001] [BizTranId: ] [TraceId: 99c3b064-d106-4f6b-97fd-47753db2a1f2] [SpanId: SPN-dc7bd8cf-2b6b-4deb-8bdb-4d7da61979ed] [DynLevel: ] - HikariPool-4 - Starting...
[2026-07-09 12:48:03.670] [Test worker] WARN  o.m.jdbc.message.server.ErrorPacket [TranId: 20260611141234567ACCaccAP010000001] [BizTranId: ] [TraceId: 99c3b064-d106-4f6b-97fd-47753db2a1f2] [SpanId: SPN-dc7bd8cf-2b6b-4deb-8bdb-4d7da61979ed] [DynLevel: ] - Error: 1045-28000: Access denied for user 'cpf_pfw_app'@'localhost' (using password: YES)
[2026-07-09 12:48:04.686] [Test worker] DEBUG o.s.jdbc.core.JdbcTemplate [TranId: 20260611141234567ACCaccAP010000001] [BizTranId: ] [TraceId: 99c3b064-d106-4f6b-97fd-47753db2a1f2] [SpanId: SPN-dc7bd8cf-2b6b-4deb-8bdb-4d7da61979ed] [DynLevel: ] - Executing prepared SQL query
[2026-07-09 12:48:04.686] [Test worker] DEBUG o.s.jdbc.core.JdbcTemplate [TranId: 20260611141234567ACCaccAP010000001] [BizTranId: ] [TraceId: 99c3b064-d106-4f6b-97fd-47753db2a1f2] [SpanId: SPN-dc7bd8cf-2b6b-4deb-8bdb-4d7da61979ed] [DynLevel: ] - Executing prepared SQL statement [SELECT COUNT(*)
FROM information_schema.tables
WHERE table_schema = DATABASE()
  AND table_name = ?
]
[2026-07-09 12:48:04.687] [Test worker] INFO  com.zaxxer.hikari.HikariDataSource [TranId: 20260611141234567ACCaccAP010000001] [BizTranId: ] [TraceId: 99c3b064-d106-4f6b-97fd-47753db2a1f2] [SpanId: SPN-dc7bd8cf-2b6b-4deb-8bdb-4d7da61979ed] [DynLevel: ] - HikariPool-4 - Starting...
[2026-07-09 12:48:04.689] [Test worker] WARN  o.m.jdbc.message.server.ErrorPacket [TranId: 20260611141234567ACCaccAP010000001] [BizTranId: ] [TraceId: 99c3b064-d106-4f6b-97fd-47753db2a1f2] [SpanId: SPN-dc7bd8cf-2b6b-4deb-8bdb-4d7da61979ed] [DynLevel: ] - Error: 1045-28000: Access denied for user 'cpf_pfw_app'@'localhost' (using password: YES)
[2026-07-09 12:48:05.694] [Test worker] INFO  c.pfw.common.logging.LoggingAspect [TranId: 20260611141234567ACCaccAP010000001] [BizTranId: ACC09TST0001] [TraceId: 99c3b064-d106-4f6b-97fd-47753db2a1f2] [SpanId: SPN-dc7bd8cf-2b6b-4deb-8bdb-4d7da61979ed] [DynLevel: ] - Transaction started. transactionId=20260611141234567ACCaccAP010000001, businessTransactionId=ACC09TST0001, businessTransactionName=ACCSuccessSample, traceId=99c3b064-d106-4f6b-97fd-47753db2a1f2, spanId=SPN-dc7bd8cf-2b6b-4deb-8bdb-4d7da61979ed, moduleId=ACC, sequenceNo=1, workflowInstanceId=20260611141234567ACCaccAP010000001, workflowStepId=ACC09TST0001, method=GET, uri=/acc/tran/success, controller=TransactionController.handleSuccessfulTransaction(..), executionClass=cpf.acc.tst.controller.TransactionController, executionMethod=handleSuccessfulTransaction, clientIp=127.0.0.1, parameters=menuId=[MENU123]&execUser=[testUser], requestBody=null
[2026-07-09 12:48:05.699] [Test worker] DEBUG c.c.m.s.ResponseCodeCacheService [TranId: 20260611141234567ACCaccAP010000001] [BizTranId: ACC09TST0001] [TraceId: 99c3b064-d106-4f6b-97fd-47753db2a1f2] [SpanId: SPN-dc7bd8cf-2b6b-4deb-8bdb-4d7da61979ed] [DynLevel: ] - Cache Miss: Fetching response code: SACC000000
[2026-07-09 12:48:05.699] [Test worker] INFO  com.zaxxer.hikari.HikariDataSource [TranId: 20260611141234567ACCaccAP010000001] [BizTranId: ACC09TST0001] [TraceId: 99c3b064-d106-4f6b-97fd-47753db2a1f2] [SpanId: SPN-dc7bd8cf-2b6b-4deb-8bdb-4d7da61979ed] [DynLevel: ] - HikariPool-3 - Starting...
[2026-07-09 12:48:05.703] [Test worker] WARN  o.m.jdbc.message.server.ErrorPacket [TranId: 20260611141234567ACCaccAP010000001] [BizTranId: ACC09TST0001] [TraceId: 99c3b064-d106-4f6b-97fd-47753db2a1f2] [SpanId: SPN-dc7bd8cf-2b6b-4deb-8bdb-4d7da61979ed] [DynLevel: ] - Error: 1045-28000: Access denied for user 'cpf_pfw_app'@'localhost' (using password: YES)
[2026-07-09 12:48:06.712] [Test worker] INFO  c.pfw.common.logging.LoggingAspect [TranId: 20260611141234567ACCaccAP010000001] [BizTranId: ACC09TST0001] [TraceId: 99c3b064-d106-4f6b-97fd-47753db2a1f2] [SpanId: SPN-dc7bd8cf-2b6b-4deb-8bdb-4d7da61979ed] [DynLevel: ] - Transaction completed. transactionId=20260611141234567ACCaccAP010000001, traceId=99c3b064-d106-4f6b-97fd-47753db2a1f2, spanId=SPN-dc7bd8cf-2b6b-4deb-8bdb-4d7da61979ed, moduleId=ACC, sequenceNo=1, workflowStatus=COMPLETED, compensationYn=N, httpStatus=200, responseCode=SACC000000, messageCode=MACC000000, durationMs=2034
[2026-07-09 12:48:06.751] [Test worker] INFO  com.zaxxer.hikari.HikariDataSource [TranId: 20260611141234567ACCaccAP010000001] [BizTranId: ACC09TST0001] [TraceId: 99c3b064-d106-4f6b-97fd-47753db2a1f2] [SpanId: SPN-dc7bd8cf-2b6b-4deb-8bdb-4d7da61979ed] [DynLevel: ] - HikariPool-4 - Starting...
[2026-07-09 12:48:06.754] [Test worker] WARN  o.m.jdbc.message.server.ErrorPacket [TranId: 20260611141234567ACCaccAP010000001] [BizTranId: ACC09TST0001] [TraceId: 99c3b064-d106-4f6b-97fd-47753db2a1f2] [SpanId: SPN-dc7bd8cf-2b6b-4deb-8bdb-4d7da61979ed] [DynLevel: ] - Error: 1045-28000: Access denied for user 'cpf_pfw_app'@'localhost' (using password: YES)
[2026-07-09 12:48:07.761] [Test worker] WARN  c.p.c.logging.TransactionLogListener [TranId: 20260611141234567ACCaccAP010000001] [BizTranId: ACC09TST0001] [TraceId: 99c3b064-d106-4f6b-97fd-47753db2a1f2] [SpanId: SPN-dc7bd8cf-2b6b-4deb-8bdb-4d7da61979ed] [DynLevel: ] - Failed to persist transaction log. transactionId=20260611141234567ACCaccAP010000001
org.springframework.transaction.CannotCreateTransactionException: Could not open JDBC Connection for transaction
	at org.springframework.jdbc.datasource.DataSourceTransactionManager.doBegin(DataSourceTransactionManager.java:320)
	at org.springframework.transaction.support.AbstractPlatformTransactionManager.startTransaction(AbstractPlatformTransactionManager.java:532)
	at org.springframework.transaction.support.AbstractPlatformTransactionManager.getTransaction(AbstractPlatformTransactionManager.java:405)
	at org.springframework.transaction.interceptor.TransactionAspectSupport.createTransactionIfNecessary(TransactionAspectSupport.java:639)
	at org.springframework.transaction.interceptor.TransactionAspectSupport.invokeWithinTransaction(TransactionAspectSupport.java:374)
	at org.springframework.transaction.interceptor.TransactionInterceptor.invoke(TransactionInterceptor.java:119)
	at org.springframework.aop.framework.ReflectiveMethodInvocation.proceed(ReflectiveMethodInvocation.java:184)
	at org.springframework.aop.framework.CglibAopProxy$DynamicAdvisedInterceptor.intercept(CglibAopProxy.java:728)
	at cpf.pfw.service.common.logging.TransactionLogService$$SpringCGLIB$$0.saveTransactionLog(<generated>)
	at cpf.pfw.common.logging.TransactionLogListener.handleTransactionLogEvent(TransactionLogListener.java:27)
	at java.base/jdk.internal.reflect.DirectMethodHandleAccessor.invoke(DirectMethodHandleAccessor.java:103)
	at java.base/java.lang.reflect.Method.invoke(Method.java:580)
	at org.springframework.context.event.ApplicationListenerMethodAdapter.doInvoke(ApplicationListenerMethodAdapter.java:383)
	at org.springframework.context.event.ApplicationListenerMethodAdapter.processEvent(ApplicationListenerMethodAdapter.java:255)
	at org.springframework.context.event.ApplicationListenerMethodAdapter.onApplicationEvent(ApplicationListenerMethodAdapter.java:174)
	at org.springframework.context.event.SimpleApplicationEventMulticaster.doInvokeListener(SimpleApplicationEventMulticaster.java:185)
	at org.springframework.context.event.SimpleApplicationEventMulticaster.invokeListener(SimpleApplicationEventMulticaster.java:178)
	at org.springframework.context.event.SimpleApplicationEventMulticaster.multicastEvent(SimpleApplicationEventMulticaster.java:156)
	at org.springframework.context.support.AbstractApplicationContext.publishEvent(AbstractApplicationContext.java:454)
	at org.springframework.context.support.AbstractApplicationContext.publishEvent(AbstractApplicationContext.java:387)
	at cpf.pfw.common.logging.LoggingAspect.publishTransactionLog(LoggingAspect.java:452)
	at cpf.pfw.common.logging.LoggingAspect.logTransaction(LoggingAspect.java:236)
	at java.base/jdk.internal.reflect.DirectMethodHandleAccessor.invoke(DirectMethodHandleAccessor.java:103)
	at java.base/java.lang.reflect.Method.invoke(Method.java:580)
	at org.springframework.aop.aspectj.AbstractAspectJAdvice.invokeAdviceMethodWithGivenArgs(AbstractAspectJAdvice.java:649)
	at org.springframework.aop.aspectj.AbstractAspectJAdvice.invokeAdviceMethod(AbstractAspectJAdvice.java:631)
	at org.springframework.aop.aspectj.AspectJAroundAdvice.invoke(AspectJAroundAdvice.java:71)
	at org.springframework.aop.framework.ReflectiveMethodInvocation.proceed(ReflectiveMethodInvocation.java:184)
	at org.springframework.aop.interceptor.ExposeInvocationInterceptor.invoke(ExposeInvocationInterceptor.java:97)
	at org.springframework.aop.framework.ReflectiveMethodInvocation.proceed(ReflectiveMethodInvocation.java:184)
	at org.springframework.aop.framework.CglibAopProxy$DynamicAdvisedInterceptor.intercept(CglibAopProxy.java:728)
	at cpf.acc.tst.controller.TransactionController$$SpringCGLIB$$0.handleSuccessfulTransaction(<generated>)
	at java.base/jdk.internal.reflect.DirectMethodHandleAccessor.invoke(DirectMethodHandleAccessor.java:103)
	at java.base/java.lang.reflect.Method.invoke(Method.java:580)
	at org.springframework.web.method.support.InvocableHandlerMethod.doInvoke(InvocableHandlerMethod.java:258)
	at org.springframework.web.method.support.InvocableHandlerMethod.invokeForRequest(InvocableHandlerMethod.java:191)
	at org.springframework.web.servlet.mvc.method.annotation.ServletInvocableHandlerMethod.invokeAndHandle(ServletInvocableHandlerMethod.java:118)
	at org.springframework.web.servlet.mvc.method.annotation.RequestMappingHandlerAdapter.invokeHandlerMethod(RequestMappingHandlerAdapter.java:991)
	at org.springframework.web.servlet.mvc.method.annotation.RequestMappingHandlerAdapter.handleInternal(RequestMappingHandlerAdapter.java:896)
	at org.springframework.web.servlet.mvc.method.AbstractHandlerMethodAdapter.handle(AbstractHandlerMethodAdapter.java:87)
	at org.springframework.web.servlet.DispatcherServlet.doDispatch(DispatcherServlet.java:1089)
	at org.springframework.web.servlet.DispatcherServlet.doService(DispatcherServlet.java:979)
	at org.springframework.web.servlet.FrameworkServlet.processRequest(FrameworkServlet.java:1014)
	at org.springframework.web.servlet.FrameworkServlet.doGet(FrameworkServlet.java:903)
	at jakarta.servlet.http.HttpServlet.service(HttpServlet.java:564)
	at org.springframework.web.servlet.FrameworkServlet.service(FrameworkServlet.java:885)
	at org.springframework.test.web.servlet.TestDispatcherServlet.service(TestDispatcherServlet.java:72)
	at jakarta.servlet.http.HttpServlet.service(HttpServlet.java:658)
	at org.springframework.mock.web.MockFilterChain$ServletFilterProxy.doFilter(MockFilterChain.java:165)
	at org.springframework.mock.web.MockFilterChain.doFilter(MockFilterChain.java:132)
	at org.springframework.web.filter.RequestContextFilter.doFilterInternal(RequestContextFilter.java:100)
	at org.springframework.web.filter.OncePerRequestFilter.doFilter(OncePerRequestFilter.java:116)
	at org.springframework.test.web.servlet.setup.MockMvcFilterDecorator.doFilter(MockMvcFilterDecorator.java:162)
	at org.springframework.mock.web.MockFilterChain.doFilter(MockFilterChain.java:132)
	at org.springframework.web.filter.FormContentFilter.doFilterInternal(FormContentFilter.java:93)
	at org.springframework.web.filter.OncePerRequestFilter.doFilter(OncePerRequestFilter.java:116)
	at org.springframework.test.web.servlet.setup.MockMvcFilterDecorator.doFilter(MockMvcFilterDecorator.java:162)
	at org.springframework.mock.web.MockFilterChain.doFilter(MockFilterChain.java:132)
	at org.springframework.web.filter.CharacterEncodingFilter.doFilterInternal(CharacterEncodingFilter.java:201)
	at org.springframework.web.filter.OncePerRequestFilter.doFilter(OncePerRequestFilter.java:116)
	at org.springframework.test.web.servlet.setup.MockMvcFilterDecorator.doFilter(MockMvcFilterDecorator.java:162)
	at org.springframework.mock.web.MockFilterChain.doFilter(MockFilterChain.java:132)
	at cpf.pfw.common.filter.TransactionContextFilter.doFilterInternal(TransactionContextFilter.java:53)
	at org.springframework.web.filter.OncePerRequestFilter.doFilter(OncePerRequestFilter.java:116)
	at org.springframework.test.web.servlet.setup.MockMvcFilterDecorator.doFilter(MockMvcFilterDecorator.java:162)
	at org.springframework.mock.web.MockFilterChain.doFilter(MockFilterChain.java:132)
	at cpf.pfw.config.PfwOpenApiAutoConfiguration.lambda$cpfSwaggerUiHtmlRedirectFilter$0(PfwOpenApiAutoConfiguration.java:117)
	at org.springframework.test.web.servlet.setup.MockMvcFilterDecorator.doFilter(MockMvcFilterDecorator.java:162)
	at org.springframework.mock.web.MockFilterChain.doFilter(MockFilterChain.java:132)
	at org.springframework.test.web.servlet.MockMvc.perform(MockMvc.java:201)
	at cpf.acc.tst.controller.AccTransactionControllerTest.testSuccessfulTransaction(AccTransactionControllerTest.java:28)
	at java.base/jdk.internal.reflect.DirectMethodHandleAccessor.invoke(DirectMethodHandleAccessor.java:103)
	at java.base/java.lang.reflect.Method.invoke(Method.java:580)
	at org.junit.platform.commons.util.ReflectionUtils.invokeMethod(ReflectionUtils.java:767)
	at org.junit.jupiter.engine.execution.MethodInvocation.proceed(MethodInvocation.java:60)
	at org.junit.jupiter.engine.execution.InvocationInterceptorChain$ValidatingInvocation.proceed(InvocationInterceptorChain.java:131)
	at org.junit.jupiter.engine.extension.TimeoutExtension.intercept(TimeoutExtension.java:156)
	at org.junit.jupiter.engine.extension.TimeoutExtension.interceptTestableMethod(TimeoutExtension.java:147)
	at org.junit.jupiter.engine.extension.TimeoutExtension.interceptTestMethod(TimeoutExtension.java:86)
	at org.junit.jupiter.engine.execution.InterceptingExecutableInvoker$ReflectiveInterceptorCall.lambda$ofVoidMethod$0(InterceptingExecutableInvoker.java:103)
	at org.junit.jupiter.engine.execution.InterceptingExecutableInvoker.lambda$invoke$0(InterceptingExecutableInvoker.java:93)
	at org.junit.jupiter.engine.execution.InvocationInterceptorChain$InterceptedInvocation.proceed(InvocationInterceptorChain.java:106)
	at org.junit.jupiter.engine.execution.InvocationInterceptorChain.proceed(InvocationInterceptorChain.java:64)
	at org.junit.jupiter.engine.execution.InvocationInterceptorChain.chainAndInvoke(InvocationInterceptorChain.java:45)
	at org.junit.jupiter.engine.execution.InvocationInterceptorChain.invoke(InvocationInterceptorChain.java:37)
	at org.junit.jupiter.engine.execution.InterceptingExecutableInvoker.invoke(InterceptingExecutableInvoker.java:92)
	at org.junit.jupiter.engine.execution.InterceptingExecutableInvoker.invoke(InterceptingExecutableInvoker.java:86)
	at org.junit.jupiter.engine.descriptor.TestMethodTestDescriptor.lambda$invokeTestMethod$8(TestMethodTestDescriptor.java:217)
	at org.junit.platform.engine.support.hierarchical.ThrowableCollector.execute(ThrowableCollector.java:73)
	at org.junit.jupiter.engine.descriptor.TestMethodTestDescriptor.invokeTestMethod(TestMethodTestDescriptor.java:213)
	at org.junit.jupiter.engine.descriptor.TestMethodTestDescriptor.execute(TestMethodTestDescriptor.java:138)
	at org.junit.jupiter.engine.descriptor.TestMethodTestDescriptor.execute(TestMethodTestDescriptor.java:68)
	at org.junit.platform.engine.support.hierarchical.NodeTestTask.lambda$executeRecursively$6(NodeTestTask.java:156)
	at org.junit.platform.engine.support.hierarchical.ThrowableCollector.execute(ThrowableCollector.java:73)
	at org.junit.platform.engine.support.hierarchical.NodeTestTask.lambda$executeRecursively$8(NodeTestTask.java:146)
	at org.junit.platform.engine.support.hierarchical.Node.around(Node.java:137)
	at org.junit.platform.engine.support.hierarchical.NodeTestTask.lambda$executeRecursively$9(NodeTestTask.java:144)
	at org.junit.platform.engine.support.hierarchical.ThrowableCollector.execute(ThrowableCollector.java:73)
	at org.junit.platform.engine.support.hierarchical.NodeTestTask.executeRecursively(NodeTestTask.java:143)
	at org.junit.platform.engine.support.hierarchical.NodeTestTask.execute(NodeTestTask.java:100)
	at java.base/java.util.ArrayList.forEach(ArrayList.java:1596)
	at org.junit.platform.engine.support.hierarchical.SameThreadHierarchicalTestExecutorService.invokeAll(SameThreadHierarchicalTestExecutorService.java:41)
	at org.junit.platform.engine.support.hierarchical.NodeTestTask.lambda$executeRecursively$6(NodeTestTask.java:160)
	at org.junit.platform.engine.support.hierarchical.ThrowableCollector.execute(ThrowableCollector.java:73)
	at org.junit.platform.engine.support.hierarchical.NodeTestTask.lambda$executeRecursively$8(NodeTestTask.java:146)
	at org.junit.platform.engine.support.hierarchical.Node.around(Node.java:137)
	at org.junit.platform.engine.support.hierarchical.NodeTestTask.lambda$executeRecursively$9(NodeTestTask.java:144)
	at org.junit.platform.engine.support.hierarchical.ThrowableCollector.execute(ThrowableCollector.java:73)
	at org.junit.platform.engine.support.hierarchical.NodeTestTask.executeRecursively(NodeTestTask.java:143)
	at org.junit.platform.engine.support.hierarchical.NodeTestTask.execute(NodeTestTask.java:100)
	at java.base/java.util.ArrayList.forEach(ArrayList.java:1596)
	at org.junit.platform.engine.support.hierarchical.SameThreadHierarchicalTestExecutorService.invokeAll(SameThreadHierarchicalTestExecutorService.java:41)
	at org.junit.platform.engine.support.hierarchical.NodeTestTask.lambda$executeRecursively$6(NodeTestTask.java:160)
	at org.junit.platform.engine.support.hierarchical.ThrowableCollector.execute(ThrowableCollector.java:73)
	at org.junit.platform.engine.support.hierarchical.NodeTestTask.lambda$executeRecursively$8(NodeTestTask.java:146)
	at org.junit.platform.engine.support.hierarchical.Node.around(Node.java:137)
	at org.junit.platform.engine.support.hierarchical.NodeTestTask.lambda$executeRecursively$9(NodeTestTask.java:144)
	at org.junit.platform.engine.support.hierarchical.ThrowableCollector.execute(ThrowableCollector.java:73)
	at org.junit.platform.engine.support.hierarchical.NodeTestTask.executeRecursively(NodeTestTask.java:143)
	at org.junit.platform.engine.support.hierarchical.NodeTestTask.execute(NodeTestTask.java:100)
	at org.junit.platform.engine.support.hierarchical.SameThreadHierarchicalTestExecutorService.submit(SameThreadHierarchicalTestExecutorService.java:35)
	at org.junit.platform.engine.support.hierarchical.HierarchicalTestExecutor.execute(HierarchicalTestExecutor.java:57)
	at org.junit.platform.engine.support.hierarchical.HierarchicalTestEngine.execute(HierarchicalTestEngine.java:54)
	at org.junit.platform.launcher.core.EngineExecutionOrchestrator.execute(EngineExecutionOrchestrator.java:198)
	at org.junit.platform.launcher.core.EngineExecutionOrchestrator.execute(EngineExecutionOrchestrator.java:169)
	at org.junit.platform.launcher.core.EngineExecutionOrchestrator.execute(EngineExecutionOrchestrator.java:93)
	at org.junit.platform.launcher.core.EngineExecutionOrchestrator.lambda$execute$0(EngineExecutionOrchestrator.java:58)
	at org.junit.platform.launcher.core.EngineExecutionOrchestrator.withInterceptedStreams(EngineExecutionOrchestrator.java:141)
	at org.junit.platform.launcher.core.EngineExecutionOrchestrator.execute(EngineExecutionOrchestrator.java:57)
	at org.junit.platform.launcher.core.DefaultLauncher.execute(DefaultLauncher.java:103)
	at org.junit.platform.launcher.core.DefaultLauncher.execute(DefaultLauncher.java:85)
	at org.junit.platform.launcher.core.DelegatingLauncher.execute(DelegatingLauncher.java:47)
	at org.gradle.api.internal.tasks.testing.junitplatform.JUnitPlatformTestClassProcessor$CollectAllTestClassesExecutor.processAllTestClasses(JUnitPlatformTestClassProcessor.java:124)
	at org.gradle.api.internal.tasks.testing.junitplatform.JUnitPlatformTestClassProcessor$CollectAllTestClassesExecutor.access$000(JUnitPlatformTestClassProcessor.java:99)
	at org.gradle.api.internal.tasks.testing.junitplatform.JUnitPlatformTestClassProcessor.stop(JUnitPlatformTestClassProcessor.java:94)
	at org.gradle.api.internal.tasks.testing.SuiteTestClassProcessor.stop(SuiteTestClassProcessor.java:63)
	at java.base/jdk.internal.reflect.DirectMethodHandleAccessor.invoke(DirectMethodHandleAccessor.java:103)
	at java.base/java.lang.reflect.Method.invoke(Method.java:580)
	at org.gradle.internal.dispatch.ReflectionDispatch.dispatch(ReflectionDispatch.java:36)
	at org.gradle.internal.dispatch.ReflectionDispatch.dispatch(ReflectionDispatch.java:24)
	at org.gradle.internal.dispatch.ContextClassLoaderDispatch.dispatch(ContextClassLoaderDispatch.java:33)
	at org.gradle.internal.dispatch.ProxyDispatchAdapter$DispatchingInvocationHandler.invoke(ProxyDispatchAdapter.java:92)
	at jdk.proxy1/jdk.proxy1.$Proxy4.stop(Unknown Source)
	at org.gradle.api.internal.tasks.testing.worker.TestWorker$3.run(TestWorker.java:200)
	at org.gradle.api.internal.tasks.testing.worker.TestWorker.executeAndMaintainThreadName(TestWorker.java:132)
	at org.gradle.api.internal.tasks.testing.worker.TestWorker.execute(TestWorker.java:103)
	at org.gradle.api.internal.tasks.testing.worker.TestWorker.execute(TestWorker.java:63)
	at org.gradle.process.internal.worker.child.ActionExecutionWorker.execute(ActionExecutionWorker.java:56)
	at org.gradle.process.internal.worker.child.SystemApplicationClassLoaderWorker.call(SystemApplicationClassLoaderWorker.java:121)
	at org.gradle.process.internal.worker.child.SystemApplicationClassLoaderWorker.call(SystemApplicationClassLoaderWorker.java:71)
	at worker.org.gradle.process.internal.worker.GradleWorkerMain.run(GradleWorkerMain.java:69)
	at worker.org.gradle.process.internal.worker.GradleWorkerMain.main(GradleWorkerMain.java:74)
Caused by: java.sql.SQLInvalidAuthorizationSpecException: (conn=23700) Access denied for user 'cpf_pfw_app'@'localhost' (using password: YES)
	at org.mariadb.jdbc.export.ExceptionFactory.createException(ExceptionFactory.java:293)
	at org.mariadb.jdbc.export.ExceptionFactory.create(ExceptionFactory.java:378)
	at org.mariadb.jdbc.client.impl.StandardClient.authenticationHandler(StandardClient.java:306)
	at org.mariadb.jdbc.client.impl.StandardClient.<init>(StandardClient.java:226)
	at org.mariadb.jdbc.Driver.connect(Driver.java:68)
	at org.mariadb.jdbc.Driver.connect(Driver.java:92)
	at org.mariadb.jdbc.Driver.connect(Driver.java:26)
	at com.zaxxer.hikari.util.DriverDataSource.getConnection(DriverDataSource.java:137)
	at com.zaxxer.hikari.pool.PoolBase.newConnection(PoolBase.java:360)
	at com.zaxxer.hikari.pool.PoolBase.newPoolEntry(PoolBase.java:202)
	at com.zaxxer.hikari.pool.HikariPool.createPoolEntry(HikariPool.java:461)
	at com.zaxxer.hikari.pool.HikariPool.checkFailFast(HikariPool.java:550)
	at com.zaxxer.hikari.pool.HikariPool.<init>(HikariPool.java:98)
	at com.zaxxer.hikari.HikariDataSource.getConnection(HikariDataSource.java:111)
	at org.springframework.jdbc.datasource.DataSourceTransactionManager.doBegin(DataSourceTransactionManager.java:271)
	... 151 common frames omitted
[2026-07-09 12:48:07.775] [Test worker] DEBUG o.s.w.s.m.m.a.HttpEntityMethodProcessor [TranId: 20260611141234567ACCaccAP010000001] [BizTranId: ACC09TST0001] [TraceId: 99c3b064-d106-4f6b-97fd-47753db2a1f2] [SpanId: SPN-dc7bd8cf-2b6b-4deb-8bdb-4d7da61979ed] [DynLevel: ] - Using 'text/plain', given [*/*] and supported [text/plain, */*, application/json, application/*+json, application/yaml]
[2026-07-09 12:48:07.776] [Test worker] DEBUG o.s.w.s.m.m.a.HttpEntityMethodProcessor [TranId: 20260611141234567ACCaccAP010000001] [BizTranId: ACC09TST0001] [TraceId: 99c3b064-d106-4f6b-97fd-47753db2a1f2] [SpanId: SPN-dc7bd8cf-2b6b-4deb-8bdb-4d7da61979ed] [DynLevel: ] - Writing ["Transaction processed successfully."]
[2026-07-09 12:48:07.789] [Test worker] DEBUG o.s.w.s.m.m.a.RequestMappingHandlerMapping [TranId: 20260611141234567ACCaccAP010000001] [BizTranId: ] [TraceId: a14a6ada-b50d-4111-a90c-a488e8b9106a] [SpanId: SPN-8d65139c-0a26-4601-b041-09f0b70f0a2c] [DynLevel: ] - Mapped to cpf.acc.tst.controller.TransactionController#handleCompensationTransaction(String, String)
[2026-07-09 12:48:07.790] [Test worker] DEBUG o.s.jdbc.core.JdbcTemplate [TranId: 20260611141234567ACCaccAP010000001] [BizTranId: ] [TraceId: a14a6ada-b50d-4111-a90c-a488e8b9106a] [SpanId: SPN-8d65139c-0a26-4601-b041-09f0b70f0a2c] [DynLevel: ] - Executing prepared SQL query
[2026-07-09 12:48:07.790] [Test worker] DEBUG o.s.jdbc.core.JdbcTemplate [TranId: 20260611141234567ACCaccAP010000001] [BizTranId: ] [TraceId: a14a6ada-b50d-4111-a90c-a488e8b9106a] [SpanId: SPN-8d65139c-0a26-4601-b041-09f0b70f0a2c] [DynLevel: ] - Executing prepared SQL statement [SELECT COUNT(*)
FROM information_schema.tables
WHERE table_schema = DATABASE()
  AND table_name = ?
]
[2026-07-09 12:48:07.790] [Test worker] INFO  com.zaxxer.hikari.HikariDataSource [TranId: 20260611141234567ACCaccAP010000001] [BizTranId: ] [TraceId: a14a6ada-b50d-4111-a90c-a488e8b9106a] [SpanId: SPN-8d65139c-0a26-4601-b041-09f0b70f0a2c] [DynLevel: ] - HikariPool-4 - Starting...
[2026-07-09 12:48:07.794] [Test worker] WARN  o.m.jdbc.message.server.ErrorPacket [TranId: 20260611141234567ACCaccAP010000001] [BizTranId: ] [TraceId: a14a6ada-b50d-4111-a90c-a488e8b9106a] [SpanId: SPN-8d65139c-0a26-4601-b041-09f0b70f0a2c] [DynLevel: ] - Error: 1045-28000: Access denied for user 'cpf_pfw_app'@'localhost' (using password: YES)
[2026-07-09 12:48:08.798] [Test worker] DEBUG o.s.jdbc.core.JdbcTemplate [TranId: 20260611141234567ACCaccAP010000001] [BizTranId: ] [TraceId: a14a6ada-b50d-4111-a90c-a488e8b9106a] [SpanId: SPN-8d65139c-0a26-4601-b041-09f0b70f0a2c] [DynLevel: ] - Executing prepared SQL query
[2026-07-09 12:48:08.799] [Test worker] DEBUG o.s.jdbc.core.JdbcTemplate [TranId: 20260611141234567ACCaccAP010000001] [BizTranId: ] [TraceId: a14a6ada-b50d-4111-a90c-a488e8b9106a] [SpanId: SPN-8d65139c-0a26-4601-b041-09f0b70f0a2c] [DynLevel: ] - Executing prepared SQL statement [SELECT COUNT(*)
FROM information_schema.tables
WHERE table_schema = DATABASE()
  AND table_name = ?
]
[2026-07-09 12:48:08.799] [Test worker] INFO  com.zaxxer.hikari.HikariDataSource [TranId: 20260611141234567ACCaccAP010000001] [BizTranId: ] [TraceId: a14a6ada-b50d-4111-a90c-a488e8b9106a] [SpanId: SPN-8d65139c-0a26-4601-b041-09f0b70f0a2c] [DynLevel: ] - HikariPool-4 - Starting...
[2026-07-09 12:48:08.802] [Test worker] WARN  o.m.jdbc.message.server.ErrorPacket [TranId: 20260611141234567ACCaccAP010000001] [BizTranId: ] [TraceId: a14a6ada-b50d-4111-a90c-a488e8b9106a] [SpanId: SPN-8d65139c-0a26-4601-b041-09f0b70f0a2c] [DynLevel: ] - Error: 1045-28000: Access denied for user 'cpf_pfw_app'@'localhost' (using password: YES)
[2026-07-09 12:48:09.805] [Test worker] INFO  c.pfw.common.logging.LoggingAspect [TranId: 20260611141234567ACCaccAP010000001] [BizTranId: ACC09TST0005] [TraceId: a14a6ada-b50d-4111-a90c-a488e8b9106a] [SpanId: SPN-8d65139c-0a26-4601-b041-09f0b70f0a2c] [DynLevel: ] - Transaction started. transactionId=20260611141234567ACCaccAP010000001, businessTransactionId=ACC09TST0005, businessTransactionName=ACCCompensationSample, traceId=a14a6ada-b50d-4111-a90c-a488e8b9106a, spanId=SPN-8d65139c-0a26-4601-b041-09f0b70f0a2c, moduleId=ACC, sequenceNo=1, workflowInstanceId=20260611141234567ACCaccAP010000001, workflowStepId=ACC09TST0005, method=GET, uri=/acc/tran/compensate, controller=TransactionController.handleCompensationTransaction(..), executionClass=cpf.acc.tst.controller.TransactionController, executionMethod=handleCompensationTransaction, clientIp=127.0.0.1, parameters=menuId=[MENU123]&execUser=[testUser], requestBody=null
[2026-07-09 12:48:09.806] [Test worker] DEBUG c.c.m.s.ResponseCodeCacheService [TranId: 20260611141234567ACCaccAP010000001] [BizTranId: ACC09TST0005] [TraceId: a14a6ada-b50d-4111-a90c-a488e8b9106a] [SpanId: SPN-8d65139c-0a26-4601-b041-09f0b70f0a2c] [DynLevel: ] - Cache Miss: Fetching response code: SACC000000
[2026-07-09 12:48:09.806] [Test worker] INFO  com.zaxxer.hikari.HikariDataSource [TranId: 20260611141234567ACCaccAP010000001] [BizTranId: ACC09TST0005] [TraceId: a14a6ada-b50d-4111-a90c-a488e8b9106a] [SpanId: SPN-8d65139c-0a26-4601-b041-09f0b70f0a2c] [DynLevel: ] - HikariPool-3 - Starting...
[2026-07-09 12:48:09.809] [Test worker] WARN  o.m.jdbc.message.server.ErrorPacket [TranId: 20260611141234567ACCaccAP010000001] [BizTranId: ACC09TST0005] [TraceId: a14a6ada-b50d-4111-a90c-a488e8b9106a] [SpanId: SPN-8d65139c-0a26-4601-b041-09f0b70f0a2c] [DynLevel: ] - Error: 1045-28000: Access denied for user 'cpf_pfw_app'@'localhost' (using password: YES)
[2026-07-09 12:48:10.818] [Test worker] INFO  c.pfw.common.logging.LoggingAspect [TranId: 20260611141234567ACCaccAP010000001] [BizTranId: ACC09TST0005] [TraceId: a14a6ada-b50d-4111-a90c-a488e8b9106a] [SpanId: SPN-8d65139c-0a26-4601-b041-09f0b70f0a2c] [DynLevel: ] - Transaction completed. transactionId=20260611141234567ACCaccAP010000001, traceId=a14a6ada-b50d-4111-a90c-a488e8b9106a, spanId=SPN-8d65139c-0a26-4601-b041-09f0b70f0a2c, moduleId=ACC, sequenceNo=1, workflowStatus=COMPENSATED, compensationYn=Y, httpStatus=200, responseCode=SACC000000, messageCode=MACC000000, durationMs=2016
[2026-07-09 12:48:10.819] [Test worker] INFO  com.zaxxer.hikari.HikariDataSource [TranId: 20260611141234567ACCaccAP010000001] [BizTranId: ACC09TST0005] [TraceId: a14a6ada-b50d-4111-a90c-a488e8b9106a] [SpanId: SPN-8d65139c-0a26-4601-b041-09f0b70f0a2c] [DynLevel: ] - HikariPool-4 - Starting...
[2026-07-09 12:48:10.822] [Test worker] WARN  o.m.jdbc.message.server.ErrorPacket [TranId: 20260611141234567ACCaccAP010000001] [BizTranId: ACC09TST0005] [TraceId: a14a6ada-b50d-4111-a90c-a488e8b9106a] [SpanId: SPN-8d65139c-0a26-4601-b041-09f0b70f0a2c] [DynLevel: ] - Error: 1045-28000: Access denied for user 'cpf_pfw_app'@'localhost' (using password: YES)
[2026-07-09 12:48:11.829] [Test worker] WARN  c.p.c.logging.TransactionLogListener [TranId: 20260611141234567ACCaccAP010000001] [BizTranId: ACC09TST0005] [TraceId: a14a6ada-b50d-4111-a90c-a488e8b9106a] [SpanId: SPN-8d65139c-0a26-4601-b041-09f0b70f0a2c] [DynLevel: ] - Failed to persist transaction log. transactionId=20260611141234567ACCaccAP010000001
org.springframework.transaction.CannotCreateTransactionException: Could not open JDBC Connection for transaction
	at org.springframework.jdbc.datasource.DataSourceTransactionManager.doBegin(DataSourceTransactionManager.java:320)
	at org.springframework.transaction.support.AbstractPlatformTransactionManager.startTransaction(AbstractPlatformTransactionManager.java:532)
	at org.springframework.transaction.support.AbstractPlatformTransactionManager.getTransaction(AbstractPlatformTransactionManager.java:405)
	at org.springframework.transaction.interceptor.TransactionAspectSupport.createTransactionIfNecessary(TransactionAspectSupport.java:639)
	at org.springframework.transaction.interceptor.TransactionAspectSupport.invokeWithinTransaction(TransactionAspectSupport.java:374)
	at org.springframework.transaction.interceptor.TransactionInterceptor.invoke(TransactionInterceptor.java:119)
	at org.springframework.aop.framework.ReflectiveMethodInvocation.proceed(ReflectiveMethodInvocation.java:184)
	at org.springframework.aop.framework.CglibAopProxy$DynamicAdvisedInterceptor.intercept(CglibAopProxy.java:728)
	at cpf.pfw.service.common.logging.TransactionLogService$$SpringCGLIB$$0.saveTransactionLog(<generated>)
	at cpf.pfw.common.logging.TransactionLogListener.handleTransactionLogEvent(TransactionLogListener.java:27)
	at java.base/jdk.internal.reflect.DirectMethodHandleAccessor.invoke(DirectMethodHandleAccessor.java:103)
	at java.base/java.lang.reflect.Method.invoke(Method.java:580)
	at org.springframework.context.event.ApplicationListenerMethodAdapter.doInvoke(ApplicationListenerMethodAdapter.java:383)
	at org.springframework.context.event.ApplicationListenerMethodAdapter.processEvent(ApplicationListenerMethodAdapter.java:255)
	at org.springframework.context.event.ApplicationListenerMethodAdapter.onApplicationEvent(ApplicationListenerMethodAdapter.java:174)
	at org.springframework.context.event.SimpleApplicationEventMulticaster.doInvokeListener(SimpleApplicationEventMulticaster.java:185)
	at org.springframework.context.event.SimpleApplicationEventMulticaster.invokeListener(SimpleApplicationEventMulticaster.java:178)
	at org.springframework.context.event.SimpleApplicationEventMulticaster.multicastEvent(SimpleApplicationEventMulticaster.java:156)
	at org.springframework.context.support.AbstractApplicationContext.publishEvent(AbstractApplicationContext.java:454)
	at org.springframework.context.support.AbstractApplicationContext.publishEvent(AbstractApplicationContext.java:387)
	at cpf.pfw.common.logging.LoggingAspect.publishTransactionLog(LoggingAspect.java:452)
	at cpf.pfw.common.logging.LoggingAspect.logTransaction(LoggingAspect.java:236)
	at java.base/jdk.internal.reflect.DirectMethodHandleAccessor.invoke(DirectMethodHandleAccessor.java:103)
	at java.base/java.lang.reflect.Method.invoke(Method.java:580)
	at org.springframework.aop.aspectj.AbstractAspectJAdvice.invokeAdviceMethodWithGivenArgs(AbstractAspectJAdvice.java:649)
	at org.springframework.aop.aspectj.AbstractAspectJAdvice.invokeAdviceMethod(AbstractAspectJAdvice.java:631)
	at org.springframework.aop.aspectj.AspectJAroundAdvice.invoke(AspectJAroundAdvice.java:71)
	at org.springframework.aop.framework.ReflectiveMethodInvocation.proceed(ReflectiveMethodInvocation.java:184)
	at org.springframework.aop.interceptor.ExposeInvocationInterceptor.invoke(ExposeInvocationInterceptor.java:97)
	at org.springframework.aop.framework.ReflectiveMethodInvocation.proceed(ReflectiveMethodInvocation.java:184)
	at org.springframework.aop.framework.CglibAopProxy$DynamicAdvisedInterceptor.intercept(CglibAopProxy.java:728)
	at cpf.acc.tst.controller.TransactionController$$SpringCGLIB$$0.handleCompensationTransaction(<generated>)
	at java.base/jdk.internal.reflect.DirectMethodHandleAccessor.invoke(DirectMethodHandleAccessor.java:103)
	at java.base/java.lang.reflect.Method.invoke(Method.java:580)
	at org.springframework.web.method.support.InvocableHandlerMethod.doInvoke(InvocableHandlerMethod.java:258)
	at org.springframework.web.method.support.InvocableHandlerMethod.invokeForRequest(InvocableHandlerMethod.java:191)
	at org.springframework.web.servlet.mvc.method.annotation.ServletInvocableHandlerMethod.invokeAndHandle(ServletInvocableHandlerMethod.java:118)
	at org.springframework.web.servlet.mvc.method.annotation.RequestMappingHandlerAdapter.invokeHandlerMethod(RequestMappingHandlerAdapter.java:991)
	at org.springframework.web.servlet.mvc.method.annotation.RequestMappingHandlerAdapter.handleInternal(RequestMappingHandlerAdapter.java:896)
	at org.springframework.web.servlet.mvc.method.AbstractHandlerMethodAdapter.handle(AbstractHandlerMethodAdapter.java:87)
	at org.springframework.web.servlet.DispatcherServlet.doDispatch(DispatcherServlet.java:1089)
	at org.springframework.web.servlet.DispatcherServlet.doService(DispatcherServlet.java:979)
	at org.springframework.web.servlet.FrameworkServlet.processRequest(FrameworkServlet.java:1014)
	at org.springframework.web.servlet.FrameworkServlet.doGet(FrameworkServlet.java:903)
	at jakarta.servlet.http.HttpServlet.service(HttpServlet.java:564)
	at org.springframework.web.servlet.FrameworkServlet.service(FrameworkServlet.java:885)
	at org.springframework.test.web.servlet.TestDispatcherServlet.service(TestDispatcherServlet.java:72)
	at jakarta.servlet.http.HttpServlet.service(HttpServlet.java:658)
	at org.springframework.mock.web.MockFilterChain$ServletFilterProxy.doFilter(MockFilterChain.java:165)
	at org.springframework.mock.web.MockFilterChain.doFilter(MockFilterChain.java:132)
	at org.springframework.web.filter.RequestContextFilter.doFilterInternal(RequestContextFilter.java:100)
	at org.springframework.web.filter.OncePerRequestFilter.doFilter(OncePerRequestFilter.java:116)
	at org.springframework.test.web.servlet.setup.MockMvcFilterDecorator.doFilter(MockMvcFilterDecorator.java:162)
	at org.springframework.mock.web.MockFilterChain.doFilter(MockFilterChain.java:132)
	at org.springframework.web.filter.FormContentFilter.doFilterInternal(FormContentFilter.java:93)
	at org.springframework.web.filter.OncePerRequestFilter.doFilter(OncePerRequestFilter.java:116)
	at org.springframework.test.web.servlet.setup.MockMvcFilterDecorator.doFilter(MockMvcFilterDecorator.java:162)
	at org.springframework.mock.web.MockFilterChain.doFilter(MockFilterChain.java:132)
	at org.springframework.web.filter.CharacterEncodingFilter.doFilterInternal(CharacterEncodingFilter.java:201)
	at org.springframework.web.filter.OncePerRequestFilter.doFilter(OncePerRequestFilter.java:116)
	at org.springframework.test.web.servlet.setup.MockMvcFilterDecorator.doFilter(MockMvcFilterDecorator.java:162)
	at org.springframework.mock.web.MockFilterChain.doFilter(MockFilterChain.java:132)
	at cpf.pfw.common.filter.TransactionContextFilter.doFilterInternal(TransactionContextFilter.java:53)
	at org.springframework.web.filter.OncePerRequestFilter.doFilter(OncePerRequestFilter.java:116)
	at org.springframework.test.web.servlet.setup.MockMvcFilterDecorator.doFilter(MockMvcFilterDecorator.java:162)
	at org.springframework.mock.web.MockFilterChain.doFilter(MockFilterChain.java:132)
	at cpf.pfw.config.PfwOpenApiAutoConfiguration.lambda$cpfSwaggerUiHtmlRedirectFilter$0(PfwOpenApiAutoConfiguration.java:117)
	at org.springframework.test.web.servlet.setup.MockMvcFilterDecorator.doFilter(MockMvcFilterDecorator.java:162)
	at org.springframework.mock.web.MockFilterChain.doFilter(MockFilterChain.java:132)
	at org.springframework.test.web.servlet.MockMvc.perform(MockMvc.java:201)
	at cpf.acc.tst.controller.AccTransactionControllerTest.testCompensationTransaction(AccTransactionControllerTest.java:42)
	at java.base/jdk.internal.reflect.DirectMethodHandleAccessor.invoke(DirectMethodHandleAccessor.java:103)
	at java.base/java.lang.reflect.Method.invoke(Method.java:580)
	at org.junit.platform.commons.util.ReflectionUtils.invokeMethod(ReflectionUtils.java:767)
	at org.junit.jupiter.engine.execution.MethodInvocation.proceed(MethodInvocation.java:60)
	at org.junit.jupiter.engine.execution.InvocationInterceptorChain$ValidatingInvocation.proceed(InvocationInterceptorChain.java:131)
	at org.junit.jupiter.engine.extension.TimeoutExtension.intercept(TimeoutExtension.java:156)
	at org.junit.jupiter.engine.extension.TimeoutExtension.interceptTestableMethod(TimeoutExtension.java:147)
	at org.junit.jupiter.engine.extension.TimeoutExtension.interceptTestMethod(TimeoutExtension.java:86)
	at org.junit.jupiter.engine.execution.InterceptingExecutableInvoker$ReflectiveInterceptorCall.lambda$ofVoidMethod$0(InterceptingExecutableInvoker.java:103)
	at org.junit.jupiter.engine.execution.InterceptingExecutableInvoker.lambda$invoke$0(InterceptingExecutableInvoker.java:93)
	at org.junit.jupiter.engine.execution.InvocationInterceptorChain$InterceptedInvocation.proceed(InvocationInterceptorChain.java:106)
	at org.junit.jupiter.engine.execution.InvocationInterceptorChain.proceed(InvocationInterceptorChain.java:64)
	at org.junit.jupiter.engine.execution.InvocationInterceptorChain.chainAndInvoke(InvocationInterceptorChain.java:45)
	at org.junit.jupiter.engine.execution.InvocationInterceptorChain.invoke(InvocationInterceptorChain.java:37)
	at org.junit.jupiter.engine.execution.InterceptingExecutableInvoker.invoke(InterceptingExecutableInvoker.java:92)
	at org.junit.jupiter.engine.execution.InterceptingExecutableInvoker.invoke(InterceptingExecutableInvoker.java:86)
	at org.junit.jupiter.engine.descriptor.TestMethodTestDescriptor.lambda$invokeTestMethod$8(TestMethodTestDescriptor.java:217)
	at org.junit.platform.engine.support.hierarchical.ThrowableCollector.execute(ThrowableCollector.java:73)
	at org.junit.jupiter.engine.descriptor.TestMethodTestDescriptor.invokeTestMethod(TestMethodTestDescriptor.java:213)
	at org.junit.jupiter.engine.descriptor.TestMethodTestDescriptor.execute(TestMethodTestDescriptor.java:138)
	at org.junit.jupiter.engine.descriptor.TestMethodTestDescriptor.execute(TestMethodTestDescriptor.java:68)
	at org.junit.platform.engine.support.hierarchical.NodeTestTask.lambda$executeRecursively$6(NodeTestTask.java:156)
	at org.junit.platform.engine.support.hierarchical.ThrowableCollector.execute(ThrowableCollector.java:73)
	at org.junit.platform.engine.support.hierarchical.NodeTestTask.lambda$executeRecursively$8(NodeTestTask.java:146)
	at org.junit.platform.engine.support.hierarchical.Node.around(Node.java:137)
	at org.junit.platform.engine.support.hierarchical.NodeTestTask.lambda$executeRecursively$9(NodeTestTask.java:144)
	at org.junit.platform.engine.support.hierarchical.ThrowableCollector.execute(ThrowableCollector.java:73)
	at org.junit.platform.engine.support.hierarchical.NodeTestTask.executeRecursively(NodeTestTask.java:143)
	at org.junit.platform.engine.support.hierarchical.NodeTestTask.execute(NodeTestTask.java:100)
	at java.base/java.util.ArrayList.forEach(ArrayList.java:1596)
	at org.junit.platform.engine.support.hierarchical.SameThreadHierarchicalTestExecutorService.invokeAll(SameThreadHierarchicalTestExecutorService.java:41)
	at org.junit.platform.engine.support.hierarchical.NodeTestTask.lambda$executeRecursively$6(NodeTestTask.java:160)
	at org.junit.platform.engine.support.hierarchical.ThrowableCollector.execute(ThrowableCollector.java:73)
	at org.junit.platform.engine.support.hierarchical.NodeTestTask.lambda$executeRecursively$8(NodeTestTask.java:146)
	at org.junit.platform.engine.support.hierarchical.Node.around(Node.java:137)
	at org.junit.platform.engine.support.hierarchical.NodeTestTask.lambda$executeRecursively$9(NodeTestTask.java:144)
	at org.junit.platform.engine.support.hierarchical.ThrowableCollector.execute(ThrowableCollector.java:73)
	at org.junit.platform.engine.support.hierarchical.NodeTestTask.executeRecursively(NodeTestTask.java:143)
	at org.junit.platform.engine.support.hierarchical.NodeTestTask.execute(NodeTestTask.java:100)
	at java.base/java.util.ArrayList.forEach(ArrayList.java:1596)
	at org.junit.platform.engine.support.hierarchical.SameThreadHierarchicalTestExecutorService.invokeAll(SameThreadHierarchicalTestExecutorService.java:41)
	at org.junit.platform.engine.support.hierarchical.NodeTestTask.lambda$executeRecursively$6(NodeTestTask.java:160)
	at org.junit.platform.engine.support.hierarchical.ThrowableCollector.execute(ThrowableCollector.java:73)
	at org.junit.platform.engine.support.hierarchical.NodeTestTask.lambda$executeRecursively$8(NodeTestTask.java:146)
	at org.junit.platform.engine.support.hierarchical.Node.around(Node.java:137)
	at org.junit.platform.engine.support.hierarchical.NodeTestTask.lambda$executeRecursively$9(NodeTestTask.java:144)
	at org.junit.platform.engine.support.hierarchical.ThrowableCollector.execute(ThrowableCollector.java:73)
	at org.junit.platform.engine.support.hierarchical.NodeTestTask.executeRecursively(NodeTestTask.java:143)
	at org.junit.platform.engine.support.hierarchical.NodeTestTask.execute(NodeTestTask.java:100)
	at org.junit.platform.engine.support.hierarchical.SameThreadHierarchicalTestExecutorService.submit(SameThreadHierarchicalTestExecutorService.java:35)
	at org.junit.platform.engine.support.hierarchical.HierarchicalTestExecutor.execute(HierarchicalTestExecutor.java:57)
	at org.junit.platform.engine.support.hierarchical.HierarchicalTestEngine.execute(HierarchicalTestEngine.java:54)
	at org.junit.platform.launcher.core.EngineExecutionOrchestrator.execute(EngineExecutionOrchestrator.java:198)
	at org.junit.platform.launcher.core.EngineExecutionOrchestrator.execute(EngineExecutionOrchestrator.java:169)
	at org.junit.platform.launcher.core.EngineExecutionOrchestrator.execute(EngineExecutionOrchestrator.java:93)
	at org.junit.platform.launcher.core.EngineExecutionOrchestrator.lambda$execute$0(EngineExecutionOrchestrator.java:58)
	at org.junit.platform.launcher.core.EngineExecutionOrchestrator.withInterceptedStreams(EngineExecutionOrchestrator.java:141)
	at org.junit.platform.launcher.core.EngineExecutionOrchestrator.execute(EngineExecutionOrchestrator.java:57)
	at org.junit.platform.launcher.core.DefaultLauncher.execute(DefaultLauncher.java:103)
	at org.junit.platform.launcher.core.DefaultLauncher.execute(DefaultLauncher.java:85)
	at org.junit.platform.launcher.core.DelegatingLauncher.execute(DelegatingLauncher.java:47)
	at org.gradle.api.internal.tasks.testing.junitplatform.JUnitPlatformTestClassProcessor$CollectAllTestClassesExecutor.processAllTestClasses(JUnitPlatformTestClassProcessor.java:124)
	at org.gradle.api.internal.tasks.testing.junitplatform.JUnitPlatformTestClassProcessor$CollectAllTestClassesExecutor.access$000(JUnitPlatformTestClassProcessor.java:99)
	at org.gradle.api.internal.tasks.testing.junitplatform.JUnitPlatformTestClassProcessor.stop(JUnitPlatformTestClassProcessor.java:94)
	at org.gradle.api.internal.tasks.testing.SuiteTestClassProcessor.stop(SuiteTestClassProcessor.java:63)
	at java.base/jdk.internal.reflect.DirectMethodHandleAccessor.invoke(DirectMethodHandleAccessor.java:103)
	at java.base/java.lang.reflect.Method.invoke(Method.java:580)
	at org.gradle.internal.dispatch.ReflectionDispatch.dispatch(ReflectionDispatch.java:36)
	at org.gradle.internal.dispatch.ReflectionDispatch.dispatch(ReflectionDispatch.java:24)
	at org.gradle.internal.dispatch.ContextClassLoaderDispatch.dispatch(ContextClassLoaderDispatch.java:33)
	at org.gradle.internal.dispatch.ProxyDispatchAdapter$DispatchingInvocationHandler.invoke(ProxyDispatchAdapter.java:92)
	at jdk.proxy1/jdk.proxy1.$Proxy4.stop(Unknown Source)
	at org.gradle.api.internal.tasks.testing.worker.TestWorker$3.run(TestWorker.java:200)
	at org.gradle.api.internal.tasks.testing.worker.TestWorker.executeAndMaintainThreadName(TestWorker.java:132)
	at org.gradle.api.internal.tasks.testing.worker.TestWorker.execute(TestWorker.java:103)
	at org.gradle.api.internal.tasks.testing.worker.TestWorker.execute(TestWorker.java:63)
	at org.gradle.process.internal.worker.child.ActionExecutionWorker.execute(ActionExecutionWorker.java:56)
	at org.gradle.process.internal.worker.child.SystemApplicationClassLoaderWorker.call(SystemApplicationClassLoaderWorker.java:121)
	at org.gradle.process.internal.worker.child.SystemApplicationClassLoaderWorker.call(SystemApplicationClassLoaderWorker.java:71)
	at worker.org.gradle.process.internal.worker.GradleWorkerMain.run(GradleWorkerMain.java:69)
	at worker.org.gradle.process.internal.worker.GradleWorkerMain.main(GradleWorkerMain.java:74)
Caused by: java.sql.SQLInvalidAuthorizationSpecException: (conn=23705) Access denied for user 'cpf_pfw_app'@'localhost' (using password: YES)
	at org.mariadb.jdbc.export.ExceptionFactory.createException(ExceptionFactory.java:293)
	at org.mariadb.jdbc.export.ExceptionFactory.create(ExceptionFactory.java:378)
	at org.mariadb.jdbc.client.impl.StandardClient.authenticationHandler(StandardClient.java:306)
	at org.mariadb.jdbc.client.impl.StandardClient.<init>(StandardClient.java:226)
	at org.mariadb.jdbc.Driver.connect(Driver.java:68)
	at org.mariadb.jdbc.Driver.connect(Driver.java:92)
	at org.mariadb.jdbc.Driver.connect(Driver.java:26)
	at com.zaxxer.hikari.util.DriverDataSource.getConnection(DriverDataSource.java:137)
	at com.zaxxer.hikari.pool.PoolBase.newConnection(PoolBase.java:360)
	at com.zaxxer.hikari.pool.PoolBase.newPoolEntry(PoolBase.java:202)
	at com.zaxxer.hikari.pool.HikariPool.createPoolEntry(HikariPool.java:461)
	at com.zaxxer.hikari.pool.HikariPool.checkFailFast(HikariPool.java:550)
	at com.zaxxer.hikari.pool.HikariPool.<init>(HikariPool.java:98)
	at com.zaxxer.hikari.HikariDataSource.getConnection(HikariDataSource.java:111)
	at org.springframework.jdbc.datasource.DataSourceTransactionManager.doBegin(DataSourceTransactionManager.java:271)
	... 151 common frames omitted
[2026-07-09 12:48:11.832] [Test worker] DEBUG o.s.w.s.m.m.a.HttpEntityMethodProcessor [TranId: 20260611141234567ACCaccAP010000001] [BizTranId: ACC09TST0005] [TraceId: a14a6ada-b50d-4111-a90c-a488e8b9106a] [SpanId: SPN-8d65139c-0a26-4601-b041-09f0b70f0a2c] [DynLevel: ] - Using 'text/plain', given [*/*] and supported [text/plain, */*, application/json, application/*+json, application/yaml]
[2026-07-09 12:48:11.833] [Test worker] DEBUG o.s.w.s.m.m.a.HttpEntityMethodProcessor [TranId: 20260611141234567ACCaccAP010000001] [BizTranId: ACC09TST0005] [TraceId: a14a6ada-b50d-4111-a90c-a488e8b9106a] [SpanId: SPN-8d65139c-0a26-4601-b041-09f0b70f0a2c] [DynLevel: ] - Writing ["Compensation transaction processed successfully."]
