2026-07-09 09:50:18.011 [INFO ] [background-preinit] [o.h.validator.internal.util.Version] [TranId: ] [BizTranId: ] [TraceId: ] [SpanId: ] [DynLevel: ] - HV000001: Hibernate Validator 8.0.3.Final
2026-07-09 09:50:18.064 [INFO ] [Test worker] [cpf.mbr.MbrApplicationTests] [TranId: ] [BizTranId: ] [TraceId: ] [SpanId: ] [DynLevel: ] - Starting MbrApplicationTests using Java 21.0.7 with PID 24784 (started by 11096 in D:\WORK_CPF\202412_01_CPF\mbr)
2026-07-09 09:50:18.067 [INFO ] [Test worker] [cpf.mbr.MbrApplicationTests] [TranId: ] [BizTranId: ] [TraceId: ] [SpanId: ] [DynLevel: ] - No active profile set, falling back to 1 default profile: "default"
2026-07-09 09:50:23.767 [INFO ] [Test worker] [c.c.msg.service.MessageCacheService] [TranId: ] [BizTranId: ] [TraceId: ] [SpanId: ] [DynLevel: ] - Message cache preload skipped
2026-07-09 09:50:23.876 [INFO ] [Test worker] [c.c.m.s.ResponseCodeCacheService] [TranId: ] [BizTranId: ] [TraceId: ] [SpanId: ] [DynLevel: ] - Response code cache preload skipped
2026-07-09 09:50:24.676 [INFO ] [Test worker] [c.cmn.cde.service.CodeCacheService] [TranId: ] [BizTranId: ] [TraceId: ] [SpanId: ] [DynLevel: ] - Code cache preload skipped
2026-07-09 09:50:24.725 [INFO ] [Test worker] [c.cmn.cfg.service.ConfigCacheService] [TranId: ] [BizTranId: ] [TraceId: ] [SpanId: ] [DynLevel: ] - Config cache preload skipped
2026-07-09 09:50:24.902 [INFO ] [Test worker] [c.c.r.s.CacheRefreshEventListener] [TranId: ] [BizTranId: ] [TraceId: ] [SpanId: ] [DynLevel: ] - CMN cache refresh event polling disabled
2026-07-09 09:50:32.806 [INFO ] [Test worker] [cpf.mbr.MbrApplicationTests] [TranId: ] [BizTranId: ] [TraceId: ] [SpanId: ] [DynLevel: ] - Started MbrApplicationTests in 15.254 seconds (process running for 17.641)
2026-07-09 09:50:32.966 [INFO ] [Test worker] [o.s.t.c.s.AnnotationConfigContextLoaderUtils] [TranId: ] [BizTranId: ] [TraceId: ] [SpanId: ] [DynLevel: ] - Could not detect default configuration classes for test class [cpf.mbr.bse.controller.MbrControllerValidationTest]: MbrControllerValidationTest does not declare any static, non-private, non-final, nested classes annotated with @Configuration.
2026-07-09 09:50:33.103 [INFO ] [Test worker] [o.s.b.t.c.SpringBootTestContextBootstrapper] [TranId: ] [BizTranId: ] [TraceId: ] [SpanId: ] [DynLevel: ] - Found @SpringBootConfiguration cpf.mbr.MbrApplication for test class cpf.mbr.bse.controller.MbrControllerValidationTest
2026-07-09 09:50:33.338 [INFO ] [Test worker] [c.m.b.c.MbrControllerValidationTest] [TranId: ] [BizTranId: ] [TraceId: ] [SpanId: ] [DynLevel: ] - Starting MbrControllerValidationTest using Java 21.0.7 with PID 24784 (started by 11096 in D:\WORK_CPF\202412_01_CPF\mbr)
2026-07-09 09:50:33.341 [INFO ] [Test worker] [c.m.b.c.MbrControllerValidationTest] [TranId: ] [BizTranId: ] [TraceId: ] [SpanId: ] [DynLevel: ] - No active profile set, falling back to 1 default profile: "default"
2026-07-09 09:50:34.493 [INFO ] [Test worker] [c.c.msg.service.MessageCacheService] [TranId: ] [BizTranId: ] [TraceId: ] [SpanId: ] [DynLevel: ] - Message cache preload skipped
2026-07-09 09:50:34.546 [INFO ] [Test worker] [c.c.m.s.ResponseCodeCacheService] [TranId: ] [BizTranId: ] [TraceId: ] [SpanId: ] [DynLevel: ] - Response code cache preload skipped
2026-07-09 09:50:34.890 [INFO ] [Test worker] [c.cmn.cde.service.CodeCacheService] [TranId: ] [BizTranId: ] [TraceId: ] [SpanId: ] [DynLevel: ] - Code cache preload skipped
2026-07-09 09:50:34.928 [INFO ] [Test worker] [c.cmn.cfg.service.ConfigCacheService] [TranId: ] [BizTranId: ] [TraceId: ] [SpanId: ] [DynLevel: ] - Config cache preload skipped
2026-07-09 09:50:34.987 [INFO ] [Test worker] [c.c.r.s.CacheRefreshEventListener] [TranId: ] [BizTranId: ] [TraceId: ] [SpanId: ] [DynLevel: ] - CMN cache refresh event polling disabled
2026-07-09 09:50:35.655 [INFO ] [Test worker] [o.s.b.t.m.w.SpringBootMockServletContext] [TranId: ] [BizTranId: ] [TraceId: ] [SpanId: ] [DynLevel: ] - Initializing Spring TestDispatcherServlet ''
2026-07-09 09:50:35.657 [INFO ] [Test worker] [o.s.t.w.s.TestDispatcherServlet] [TranId: ] [BizTranId: ] [TraceId: ] [SpanId: ] [DynLevel: ] - Initializing Servlet ''
2026-07-09 09:50:35.669 [INFO ] [Test worker] [o.s.t.w.s.TestDispatcherServlet] [TranId: ] [BizTranId: ] [TraceId: ] [SpanId: ] [DynLevel: ] - Completed initialization in 5 ms
2026-07-09 09:50:35.890 [INFO ] [Test worker] [o.s.s.config.TaskSchedulerRouter] [TranId: ] [BizTranId: ] [TraceId: ] [SpanId: ] [DynLevel: ] - No TaskScheduler/ScheduledExecutorService bean found for scheduled processing
2026-07-09 09:50:35.896 [INFO ] [Test worker] [c.m.b.c.MbrControllerValidationTest] [TranId: ] [BizTranId: ] [TraceId: ] [SpanId: ] [DynLevel: ] - Started MbrControllerValidationTest in 2.781 seconds (process running for 20.731)
2026-07-09 09:50:36.240 [INFO ] [Test worker] [com.zaxxer.hikari.HikariDataSource] [TranId: 20260611141234567MBRmbrAP010000001] [BizTranId: ] [TraceId: TRACE-TEST-001] [SpanId: SPN-830f7f1d-7184-4263-b25b-55f3fa704b28] [DynLevel: ] - HikariPool-1 - Starting...
2026-07-09 09:50:37.450 [INFO ] [Test worker] [com.zaxxer.hikari.HikariDataSource] [TranId: 20260611141234567MBRmbrAP010000001] [BizTranId: ] [TraceId: TRACE-TEST-001] [SpanId: SPN-830f7f1d-7184-4263-b25b-55f3fa704b28] [DynLevel: ] - HikariPool-1 - Starting...
2026-07-09 09:50:38.490 [INFO ] [Test worker] [c.pfw.common.logging.LoggingAspect] [TranId: 20260611141234567MBRmbrAP010000001] [BizTranId: MBR01BSE0002] [TraceId: TRACE-TEST-001] [SpanId: SPN-830f7f1d-7184-4263-b25b-55f3fa704b28] [DynLevel: ] - Transaction started. transactionId=20260611141234567MBRmbrAP010000001, businessTransactionId=MBR01BSE0002, businessTransactionName=MBRMemberDetail, traceId=TRACE-TEST-001, spanId=SPN-830f7f1d-7184-4263-b25b-55f3fa704b28, moduleId=MBR, sequenceNo=1, workflowInstanceId=None, workflowStepId=None, method=GET, uri=/mbr/detail, controller=MbrController.getDetail(..), executionClass=cpf.mbr.bse.controller.MbrController, executionMethod=getDetail, clientIp=127.0.0.1, parameters=memberId=[0], requestBody=null
2026-07-09 09:50:38.594 [INFO ] [Test worker] [c.pfw.common.logging.LoggingAspect] [TranId: 20260611141234567MBRmbrAP010000001] [BizTranId: MBR01BSE0002] [TraceId: TRACE-TEST-001] [SpanId: SPN-830f7f1d-7184-4263-b25b-55f3fa704b28] [DynLevel: ] - Transaction failed. transactionId=20260611141234567MBRmbrAP010000001, traceId=TRACE-TEST-001, spanId=SPN-830f7f1d-7184-4263-b25b-55f3fa704b28, moduleId=MBR, sequenceNo=1, workflowStatus=NONE, compensationYn=N, durationMs=2442, error=getDetail.memberId: memberId must be positive
jakarta.validation.ConstraintViolationException: getDetail.memberId: memberId must be positive
	at org.springframework.validation.beanvalidation.MethodValidationInterceptor.invoke(MethodValidationInterceptor.java:168)
	at org.springframework.aop.framework.ReflectiveMethodInvocation.proceed(ReflectiveMethodInvocation.java:184)
	at org.springframework.aop.aspectj.MethodInvocationProceedingJoinPoint.proceed(MethodInvocationProceedingJoinPoint.java:89)
	at cpf.pfw.common.logging.LoggingAspect.logTransaction(LoggingAspect.java:168)
	at java.base/jdk.internal.reflect.DirectMethodHandleAccessor.invoke(DirectMethodHandleAccessor.java:103)
	at java.base/java.lang.reflect.Method.invoke(Method.java:580)
	at org.springframework.aop.aspectj.AbstractAspectJAdvice.invokeAdviceMethodWithGivenArgs(AbstractAspectJAdvice.java:649)
	at org.springframework.aop.aspectj.AbstractAspectJAdvice.invokeAdviceMethod(AbstractAspectJAdvice.java:631)
	at org.springframework.aop.aspectj.AspectJAroundAdvice.invoke(AspectJAroundAdvice.java:71)
	at org.springframework.aop.framework.ReflectiveMethodInvocation.proceed(ReflectiveMethodInvocation.java:184)
	at org.springframework.aop.interceptor.ExposeInvocationInterceptor.invoke(ExposeInvocationInterceptor.java:97)
	at org.springframework.aop.framework.ReflectiveMethodInvocation.proceed(ReflectiveMethodInvocation.java:184)
	at org.springframework.aop.framework.CglibAopProxy$DynamicAdvisedInterceptor.intercept(CglibAopProxy.java:728)
	at cpf.mbr.bse.controller.MbrController$$SpringCGLIB$$0.getDetail(<generated>)
	at java.base/jdk.internal.reflect.DirectMethodHandleAccessor.invoke(DirectMethodHandleAccessor.java:103)
	at java.base/java.lang.reflect.Method.invoke(Method.java:580)
	at org.springframework.web.method.support.InvocableHandlerMethod.doInvoke(InvocableHandlerMethod.java:258)
	at org.springframework.web.method.support.InvocableHandlerMethod.invokeForRequest(InvocableHandlerMethod.java:191)
	at org.springframework.web.servlet.mvc.method.annotation.ServletInvocableHandlerMethod.invokeAndHandle(ServletInvocableHandlerMethod.java:118)
	at org.springframework.web.servlet.mvc.method.annotation.RequestMappingHandlerAdapter.invokeHandlerMethod(RequestMappingHandlerAdapter.java:991)
	at org.springframework.web.servlet.mvc.method.annotation.RequestMappingHandlerAdapter.handleInternal(RequestMappingHandlerAdapter.java:896)
	at org.springframework.web.servlet.mvc.method.AbstractHandlerMethodAdapter.handle(AbstractHandlerMethodAdapter.java:87)
	at org.springframework.web.servlet.DispatcherServlet.doDispatch(DispatcherServlet.java:1089)
	at org.springframework.web.servlet.DispatcherServlet.doService(DispatcherServlet.java:979)
	at org.springframework.web.servlet.FrameworkServlet.processRequest(FrameworkServlet.java:1014)
	at org.springframework.web.servlet.FrameworkServlet.doGet(FrameworkServlet.java:903)
	at jakarta.servlet.http.HttpServlet.service(HttpServlet.java:564)
	at org.springframework.web.servlet.FrameworkServlet.service(FrameworkServlet.java:885)
	at org.springframework.test.web.servlet.TestDispatcherServlet.service(TestDispatcherServlet.java:72)
	at jakarta.servlet.http.HttpServlet.service(HttpServlet.java:658)
	at org.springframework.mock.web.MockFilterChain$ServletFilterProxy.doFilter(MockFilterChain.java:165)
	at org.springframework.mock.web.MockFilterChain.doFilter(MockFilterChain.java:132)
	at cpf.mbr.common.filter.SecurityHeaderFilter.doFilterInternal(SecurityHeaderFilter.java:27)
	at org.springframework.web.filter.OncePerRequestFilter.doFilter(OncePerRequestFilter.java:116)
	at org.springframework.test.web.servlet.setup.MockMvcFilterDecorator.doFilter(MockMvcFilterDecorator.java:162)
	at org.springframework.mock.web.MockFilterChain.doFilter(MockFilterChain.java:132)
	at org.springframework.web.filter.RequestContextFilter.doFilterInternal(RequestContextFilter.java:100)
	at org.springframework.web.filter.OncePerRequestFilter.doFilter(OncePerRequestFilter.java:116)
	at org.springframework.test.web.servlet.setup.MockMvcFilterDecorator.doFilter(MockMvcFilterDecorator.java:162)
	at org.springframework.mock.web.MockFilterChain.doFilter(MockFilterChain.java:132)
	at org.springframework.web.filter.FormContentFilter.doFilterInternal(FormContentFilter.java:93)
	at org.springframework.web.filter.OncePerRequestFilter.doFilter(OncePerRequestFilter.java:116)
	at org.springframework.test.web.servlet.setup.MockMvcFilterDecorator.doFilter(MockMvcFilterDecorator.java:162)
	at org.springframework.mock.web.MockFilterChain.doFilter(MockFilterChain.java:132)
	at org.springframework.web.filter.CharacterEncodingFilter.doFilterInternal(CharacterEncodingFilter.java:201)
	at org.springframework.web.filter.OncePerRequestFilter.doFilter(OncePerRequestFilter.java:116)
	at org.springframework.test.web.servlet.setup.MockMvcFilterDecorator.doFilter(MockMvcFilterDecorator.java:162)
	at org.springframework.mock.web.MockFilterChain.doFilter(MockFilterChain.java:132)
	at cpf.pfw.common.filter.TransactionContextFilter.doFilterInternal(TransactionContextFilter.java:53)
	at org.springframework.web.filter.OncePerRequestFilter.doFilter(OncePerRequestFilter.java:116)
	at org.springframework.test.web.servlet.setup.MockMvcFilterDecorator.doFilter(MockMvcFilterDecorator.java:162)
	at org.springframework.mock.web.MockFilterChain.doFilter(MockFilterChain.java:132)
	at cpf.pfw.config.PfwOpenApiAutoConfiguration.lambda$cpfSwaggerUiHtmlRedirectFilter$0(PfwOpenApiAutoConfiguration.java:117)
	at org.springframework.test.web.servlet.setup.MockMvcFilterDecorator.doFilter(MockMvcFilterDecorator.java:162)
	at org.springframework.mock.web.MockFilterChain.doFilter(MockFilterChain.java:132)
	at org.springframework.test.web.servlet.MockMvc.perform(MockMvc.java:201)
	at cpf.mbr.bse.controller.MbrControllerValidationTest.detailRejectsInvalidMemberIdQueryParameter(MbrControllerValidationTest.java:67)
	at java.base/jdk.internal.reflect.DirectMethodHandleAccessor.invoke(DirectMethodHandleAccessor.java:103)
	at java.base/java.lang.reflect.Method.invoke(Method.java:580)
	at org.junit.platform.commons.util.ReflectionUtils.invokeMethod(ReflectionUtils.java:767)
	at org.junit.jupiter.engine.execution.MethodInvocation.proceed(MethodInvocation.java:60)
	at org.junit.jupiter.engine.execution.InvocationInterceptorChain$ValidatingInvocation.proceed(InvocationInterceptorChain.java:131)
	at org.junit.jupiter.engine.extension.TimeoutExtension.intercept(TimeoutExtension.java:156)
	at org.junit.jupiter.engine.extension.TimeoutExtension.interceptTestableMethod(TimeoutExtension.java:147)
	at org.junit.jupiter.engine.extension.TimeoutExtension.interceptTestMethod(TimeoutExtension.java:86)
	at org.junit.jupiter.engine.execution.InterceptingExecutableInvoker$ReflectiveInterceptorCall.lambda$ofVoidMethod$0(InterceptingExecutableInvoker.java:103)
	at org.junit.jupiter.engine.execution.InterceptingExecutableInvoker.lambda$invoke$0(InterceptingExecutableInvoker.java:93)
	at org.junit.jupiter.engine.execution.InvocationInterceptorChain$InterceptedInvocation.proceed(InvocationInterceptorChain.java:106)
	at org.junit.jupiter.engine.execution.InvocationInterceptorChain.proceed(InvocationInterceptorChain.java:64)
	at org.junit.jupiter.engine.execution.InvocationInterceptorChain.chainAndInvoke(InvocationInterceptorChain.java:45)
	at org.junit.jupiter.engine.execution.InvocationInterceptorChain.invoke(InvocationInterceptorChain.java:37)
	at org.junit.jupiter.engine.execution.InterceptingExecutableInvoker.invoke(InterceptingExecutableInvoker.java:92)
	at org.junit.jupiter.engine.execution.InterceptingExecutableInvoker.invoke(InterceptingExecutableInvoker.java:86)
	at org.junit.jupiter.engine.descriptor.TestMethodTestDescriptor.lambda$invokeTestMethod$8(TestMethodTestDescriptor.java:217)
	at org.junit.platform.engine.support.hierarchical.ThrowableCollector.execute(ThrowableCollector.java:73)
	at org.junit.jupiter.engine.descriptor.TestMethodTestDescriptor.invokeTestMethod(TestMethodTestDescriptor.java:213)
	at org.junit.jupiter.engine.descriptor.TestMethodTestDescriptor.execute(TestMethodTestDescriptor.java:138)
	at org.junit.jupiter.engine.descriptor.TestMethodTestDescriptor.execute(TestMethodTestDescriptor.java:68)
	at org.junit.platform.engine.support.hierarchical.NodeTestTask.lambda$executeRecursively$6(NodeTestTask.java:156)
	at org.junit.platform.engine.support.hierarchical.ThrowableCollector.execute(ThrowableCollector.java:73)
	at org.junit.platform.engine.support.hierarchical.NodeTestTask.lambda$executeRecursively$8(NodeTestTask.java:146)
	at org.junit.platform.engine.support.hierarchical.Node.around(Node.java:137)
	at org.junit.platform.engine.support.hierarchical.NodeTestTask.lambda$executeRecursively$9(NodeTestTask.java:144)
	at org.junit.platform.engine.support.hierarchical.ThrowableCollector.execute(ThrowableCollector.java:73)
	at org.junit.platform.engine.support.hierarchical.NodeTestTask.executeRecursively(NodeTestTask.java:143)
	at org.junit.platform.engine.support.hierarchical.NodeTestTask.execute(NodeTestTask.java:100)
	at java.base/java.util.ArrayList.forEach(ArrayList.java:1596)
	at org.junit.platform.engine.support.hierarchical.SameThreadHierarchicalTestExecutorService.invokeAll(SameThreadHierarchicalTestExecutorService.java:41)
	at org.junit.platform.engine.support.hierarchical.NodeTestTask.lambda$executeRecursively$6(NodeTestTask.java:160)
	at org.junit.platform.engine.support.hierarchical.ThrowableCollector.execute(ThrowableCollector.java:73)
	at org.junit.platform.engine.support.hierarchical.NodeTestTask.lambda$executeRecursively$8(NodeTestTask.java:146)
	at org.junit.platform.engine.support.hierarchical.Node.around(Node.java:137)
	at org.junit.platform.engine.support.hierarchical.NodeTestTask.lambda$executeRecursively$9(NodeTestTask.java:144)
	at org.junit.platform.engine.support.hierarchical.ThrowableCollector.execute(ThrowableCollector.java:73)
	at org.junit.platform.engine.support.hierarchical.NodeTestTask.executeRecursively(NodeTestTask.java:143)
	at org.junit.platform.engine.support.hierarchical.NodeTestTask.execute(NodeTestTask.java:100)
	at java.base/java.util.ArrayList.forEach(ArrayList.java:1596)
	at org.junit.platform.engine.support.hierarchical.SameThreadHierarchicalTestExecutorService.invokeAll(SameThreadHierarchicalTestExecutorService.java:41)
	at org.junit.platform.engine.support.hierarchical.NodeTestTask.lambda$executeRecursively$6(NodeTestTask.java:160)
	at org.junit.platform.engine.support.hierarchical.ThrowableCollector.execute(ThrowableCollector.java:73)
	at org.junit.platform.engine.support.hierarchical.NodeTestTask.lambda$executeRecursively$8(NodeTestTask.java:146)
	at org.junit.platform.engine.support.hierarchical.Node.around(Node.java:137)
	at org.junit.platform.engine.support.hierarchical.NodeTestTask.lambda$executeRecursively$9(NodeTestTask.java:144)
	at org.junit.platform.engine.support.hierarchical.ThrowableCollector.execute(ThrowableCollector.java:73)
	at org.junit.platform.engine.support.hierarchical.NodeTestTask.executeRecursively(NodeTestTask.java:143)
	at org.junit.platform.engine.support.hierarchical.NodeTestTask.execute(NodeTestTask.java:100)
	at org.junit.platform.engine.support.hierarchical.SameThreadHierarchicalTestExecutorService.submit(SameThreadHierarchicalTestExecutorService.java:35)
	at org.junit.platform.engine.support.hierarchical.HierarchicalTestExecutor.execute(HierarchicalTestExecutor.java:57)
	at org.junit.platform.engine.support.hierarchical.HierarchicalTestEngine.execute(HierarchicalTestEngine.java:54)
	at org.junit.platform.launcher.core.EngineExecutionOrchestrator.execute(EngineExecutionOrchestrator.java:198)
	at org.junit.platform.launcher.core.EngineExecutionOrchestrator.execute(EngineExecutionOrchestrator.java:169)
	at org.junit.platform.launcher.core.EngineExecutionOrchestrator.execute(EngineExecutionOrchestrator.java:93)
	at org.junit.platform.launcher.core.EngineExecutionOrchestrator.lambda$execute$0(EngineExecutionOrchestrator.java:58)
	at org.junit.platform.launcher.core.EngineExecutionOrchestrator.withInterceptedStreams(EngineExecutionOrchestrator.java:141)
	at org.junit.platform.launcher.core.EngineExecutionOrchestrator.execute(EngineExecutionOrchestrator.java:57)
	at org.junit.platform.launcher.core.DefaultLauncher.execute(DefaultLauncher.java:103)
	at org.junit.platform.launcher.core.DefaultLauncher.execute(DefaultLauncher.java:85)
	at org.junit.platform.launcher.core.DelegatingLauncher.execute(DelegatingLauncher.java:47)
	at org.gradle.api.internal.tasks.testing.junitplatform.JUnitPlatformTestClassProcessor$CollectAllTestClassesExecutor.processAllTestClasses(JUnitPlatformTestClassProcessor.java:124)
	at org.gradle.api.internal.tasks.testing.junitplatform.JUnitPlatformTestClassProcessor$CollectAllTestClassesExecutor.access$000(JUnitPlatformTestClassProcessor.java:99)
	at org.gradle.api.internal.tasks.testing.junitplatform.JUnitPlatformTestClassProcessor.stop(JUnitPlatformTestClassProcessor.java:94)
	at org.gradle.api.internal.tasks.testing.SuiteTestClassProcessor.stop(SuiteTestClassProcessor.java:63)
	at java.base/jdk.internal.reflect.DirectMethodHandleAccessor.invoke(DirectMethodHandleAccessor.java:103)
	at java.base/java.lang.reflect.Method.invoke(Method.java:580)
	at org.gradle.internal.dispatch.ReflectionDispatch.dispatch(ReflectionDispatch.java:36)
	at org.gradle.internal.dispatch.ReflectionDispatch.dispatch(ReflectionDispatch.java:24)
	at org.gradle.internal.dispatch.ContextClassLoaderDispatch.dispatch(ContextClassLoaderDispatch.java:33)
	at org.gradle.internal.dispatch.ProxyDispatchAdapter$DispatchingInvocationHandler.invoke(ProxyDispatchAdapter.java:92)
	at jdk.proxy1/jdk.proxy1.$Proxy4.stop(Unknown Source)
	at org.gradle.api.internal.tasks.testing.worker.TestWorker$3.run(TestWorker.java:200)
	at org.gradle.api.internal.tasks.testing.worker.TestWorker.executeAndMaintainThreadName(TestWorker.java:132)
	at org.gradle.api.internal.tasks.testing.worker.TestWorker.execute(TestWorker.java:103)
	at org.gradle.api.internal.tasks.testing.worker.TestWorker.execute(TestWorker.java:63)
	at org.gradle.process.internal.worker.child.ActionExecutionWorker.execute(ActionExecutionWorker.java:56)
	at org.gradle.process.internal.worker.child.SystemApplicationClassLoaderWorker.call(SystemApplicationClassLoaderWorker.java:121)
	at org.gradle.process.internal.worker.child.SystemApplicationClassLoaderWorker.call(SystemApplicationClassLoaderWorker.java:71)
	at worker.org.gradle.process.internal.worker.GradleWorkerMain.run(GradleWorkerMain.java:69)
	at worker.org.gradle.process.internal.worker.GradleWorkerMain.main(GradleWorkerMain.java:74)
2026-07-09 09:50:38.754 [INFO ] [Test worker] [com.zaxxer.hikari.HikariDataSource] [TranId: 20260611141234567MBRmbrAP010000001] [BizTranId: MBR01BSE0002] [TraceId: TRACE-TEST-001] [SpanId: SPN-830f7f1d-7184-4263-b25b-55f3fa704b28] [DynLevel: ] - HikariPool-1 - Starting...
2026-07-09 09:50:40.177 [INFO ] [Test worker] [com.zaxxer.hikari.HikariDataSource] [TranId: 20260709095040138MBRlocal010000001] [BizTranId: ] [TraceId: e9269d55-d69b-4207-88d5-d8b25d9d6450] [SpanId: SPN-6af1a92b-bec9-49e0-9073-ea6891a48d34] [DynLevel: ] - HikariPool-2 - Starting...
2026-07-09 12:48:26.684 [INFO ] [background-preinit] [o.h.validator.internal.util.Version] [TranId: ] [BizTranId: ] [TraceId: ] [SpanId: ] [DynLevel: ] - HV000001: Hibernate Validator 8.0.3.Final
2026-07-09 12:48:26.766 [INFO ] [Test worker] [cpf.mbr.MbrApplicationTests] [TranId: ] [BizTranId: ] [TraceId: ] [SpanId: ] [DynLevel: ] - Starting MbrApplicationTests using Java 21.0.7 with PID 33716 (started by 11096 in D:\WORK_CPF\202412_01_CPF\mbr)
2026-07-09 12:48:26.769 [INFO ] [Test worker] [cpf.mbr.MbrApplicationTests] [TranId: ] [BizTranId: ] [TraceId: ] [SpanId: ] [DynLevel: ] - No active profile set, falling back to 1 default profile: "default"
2026-07-09 12:48:32.174 [INFO ] [Test worker] [c.c.msg.service.MessageCacheService] [TranId: ] [BizTranId: ] [TraceId: ] [SpanId: ] [DynLevel: ] - Message cache preload skipped
2026-07-09 12:48:32.273 [INFO ] [Test worker] [c.c.m.s.ResponseCodeCacheService] [TranId: ] [BizTranId: ] [TraceId: ] [SpanId: ] [DynLevel: ] - Response code cache preload skipped
2026-07-09 12:48:32.888 [INFO ] [Test worker] [c.cmn.cde.service.CodeCacheService] [TranId: ] [BizTranId: ] [TraceId: ] [SpanId: ] [DynLevel: ] - Code cache preload skipped
2026-07-09 12:48:32.923 [INFO ] [Test worker] [c.cmn.cfg.service.ConfigCacheService] [TranId: ] [BizTranId: ] [TraceId: ] [SpanId: ] [DynLevel: ] - Config cache preload skipped
2026-07-09 12:48:33.089 [INFO ] [Test worker] [c.c.r.s.CacheRefreshEventListener] [TranId: ] [BizTranId: ] [TraceId: ] [SpanId: ] [DynLevel: ] - CMN cache refresh event polling disabled
2026-07-09 12:48:42.227 [INFO ] [Test worker] [cpf.mbr.MbrApplicationTests] [TranId: ] [BizTranId: ] [TraceId: ] [SpanId: ] [DynLevel: ] - Started MbrApplicationTests in 17.805 seconds (process running for 22.124)
2026-07-09 12:48:42.449 [INFO ] [Test worker] [o.s.t.c.s.AnnotationConfigContextLoaderUtils] [TranId: ] [BizTranId: ] [TraceId: ] [SpanId: ] [DynLevel: ] - Could not detect default configuration classes for test class [cpf.mbr.bse.controller.MbrControllerValidationTest]: MbrControllerValidationTest does not declare any static, non-private, non-final, nested classes annotated with @Configuration.
2026-07-09 12:48:42.673 [INFO ] [Test worker] [o.s.b.t.c.SpringBootTestContextBootstrapper] [TranId: ] [BizTranId: ] [TraceId: ] [SpanId: ] [DynLevel: ] - Found @SpringBootConfiguration cpf.mbr.MbrApplication for test class cpf.mbr.bse.controller.MbrControllerValidationTest
2026-07-09 12:48:42.907 [INFO ] [Test worker] [c.m.b.c.MbrControllerValidationTest] [TranId: ] [BizTranId: ] [TraceId: ] [SpanId: ] [DynLevel: ] - Starting MbrControllerValidationTest using Java 21.0.7 with PID 33716 (started by 11096 in D:\WORK_CPF\202412_01_CPF\mbr)
2026-07-09 12:48:42.909 [INFO ] [Test worker] [c.m.b.c.MbrControllerValidationTest] [TranId: ] [BizTranId: ] [TraceId: ] [SpanId: ] [DynLevel: ] - No active profile set, falling back to 1 default profile: "default"
2026-07-09 12:48:44.201 [INFO ] [Test worker] [c.c.msg.service.MessageCacheService] [TranId: ] [BizTranId: ] [TraceId: ] [SpanId: ] [DynLevel: ] - Message cache preload skipped
2026-07-09 12:48:44.278 [INFO ] [Test worker] [c.c.m.s.ResponseCodeCacheService] [TranId: ] [BizTranId: ] [TraceId: ] [SpanId: ] [DynLevel: ] - Response code cache preload skipped
2026-07-09 12:48:44.558 [INFO ] [Test worker] [c.cmn.cde.service.CodeCacheService] [TranId: ] [BizTranId: ] [TraceId: ] [SpanId: ] [DynLevel: ] - Code cache preload skipped
2026-07-09 12:48:44.586 [INFO ] [Test worker] [c.cmn.cfg.service.ConfigCacheService] [TranId: ] [BizTranId: ] [TraceId: ] [SpanId: ] [DynLevel: ] - Config cache preload skipped
2026-07-09 12:48:44.642 [INFO ] [Test worker] [c.c.r.s.CacheRefreshEventListener] [TranId: ] [BizTranId: ] [TraceId: ] [SpanId: ] [DynLevel: ] - CMN cache refresh event polling disabled
2026-07-09 12:48:45.379 [INFO ] [Test worker] [o.s.b.t.m.w.SpringBootMockServletContext] [TranId: ] [BizTranId: ] [TraceId: ] [SpanId: ] [DynLevel: ] - Initializing Spring TestDispatcherServlet ''
2026-07-09 12:48:45.380 [INFO ] [Test worker] [o.s.t.w.s.TestDispatcherServlet] [TranId: ] [BizTranId: ] [TraceId: ] [SpanId: ] [DynLevel: ] - Initializing Servlet ''
2026-07-09 12:48:45.382 [INFO ] [Test worker] [o.s.t.w.s.TestDispatcherServlet] [TranId: ] [BizTranId: ] [TraceId: ] [SpanId: ] [DynLevel: ] - Completed initialization in 2 ms
2026-07-09 12:48:45.581 [INFO ] [Test worker] [o.s.s.config.TaskSchedulerRouter] [TranId: ] [BizTranId: ] [TraceId: ] [SpanId: ] [DynLevel: ] - No TaskScheduler/ScheduledExecutorService bean found for scheduled processing
2026-07-09 12:48:45.587 [INFO ] [Test worker] [c.m.b.c.MbrControllerValidationTest] [TranId: ] [BizTranId: ] [TraceId: ] [SpanId: ] [DynLevel: ] - Started MbrControllerValidationTest in 2.903 seconds (process running for 25.483)
2026-07-09 12:48:45.988 [INFO ] [Test worker] [com.zaxxer.hikari.HikariDataSource] [TranId: 20260611141234567MBRmbrAP010000001] [BizTranId: ] [TraceId: TRACE-TEST-001] [SpanId: SPN-d8247437-cf5a-4d59-b301-b4716fef7b46] [DynLevel: ] - HikariPool-1 - Starting...
2026-07-09 12:48:47.276 [INFO ] [Test worker] [com.zaxxer.hikari.HikariDataSource] [TranId: 20260611141234567MBRmbrAP010000001] [BizTranId: ] [TraceId: TRACE-TEST-001] [SpanId: SPN-d8247437-cf5a-4d59-b301-b4716fef7b46] [DynLevel: ] - HikariPool-1 - Starting...
2026-07-09 12:48:48.299 [INFO ] [Test worker] [c.pfw.common.logging.LoggingAspect] [TranId: 20260611141234567MBRmbrAP010000001] [BizTranId: MBR01BSE0002] [TraceId: TRACE-TEST-001] [SpanId: SPN-d8247437-cf5a-4d59-b301-b4716fef7b46] [DynLevel: ] - Transaction started. transactionId=20260611141234567MBRmbrAP010000001, businessTransactionId=MBR01BSE0002, businessTransactionName=MBRMemberDetail, traceId=TRACE-TEST-001, spanId=SPN-d8247437-cf5a-4d59-b301-b4716fef7b46, moduleId=MBR, sequenceNo=1, workflowInstanceId=None, workflowStepId=None, method=GET, uri=/mbr/detail, controller=MbrController.getDetail(..), executionClass=cpf.mbr.bse.controller.MbrController, executionMethod=getDetail, clientIp=127.0.0.1, parameters=memberId=[0], requestBody=null
2026-07-09 12:48:48.395 [INFO ] [Test worker] [c.pfw.common.logging.LoggingAspect] [TranId: 20260611141234567MBRmbrAP010000001] [BizTranId: MBR01BSE0002] [TraceId: TRACE-TEST-001] [SpanId: SPN-d8247437-cf5a-4d59-b301-b4716fef7b46] [DynLevel: ] - Transaction failed. transactionId=20260611141234567MBRmbrAP010000001, traceId=TRACE-TEST-001, spanId=SPN-d8247437-cf5a-4d59-b301-b4716fef7b46, moduleId=MBR, sequenceNo=1, workflowStatus=NONE, compensationYn=N, durationMs=2531, error=getDetail.memberId: memberId must be positive
jakarta.validation.ConstraintViolationException: getDetail.memberId: memberId must be positive
	at org.springframework.validation.beanvalidation.MethodValidationInterceptor.invoke(MethodValidationInterceptor.java:168)
	at org.springframework.aop.framework.ReflectiveMethodInvocation.proceed(ReflectiveMethodInvocation.java:184)
	at org.springframework.aop.aspectj.MethodInvocationProceedingJoinPoint.proceed(MethodInvocationProceedingJoinPoint.java:89)
	at cpf.pfw.common.logging.LoggingAspect.logTransaction(LoggingAspect.java:168)
	at java.base/jdk.internal.reflect.DirectMethodHandleAccessor.invoke(DirectMethodHandleAccessor.java:103)
	at java.base/java.lang.reflect.Method.invoke(Method.java:580)
	at org.springframework.aop.aspectj.AbstractAspectJAdvice.invokeAdviceMethodWithGivenArgs(AbstractAspectJAdvice.java:649)
	at org.springframework.aop.aspectj.AbstractAspectJAdvice.invokeAdviceMethod(AbstractAspectJAdvice.java:631)
	at org.springframework.aop.aspectj.AspectJAroundAdvice.invoke(AspectJAroundAdvice.java:71)
	at org.springframework.aop.framework.ReflectiveMethodInvocation.proceed(ReflectiveMethodInvocation.java:184)
	at org.springframework.aop.interceptor.ExposeInvocationInterceptor.invoke(ExposeInvocationInterceptor.java:97)
	at org.springframework.aop.framework.ReflectiveMethodInvocation.proceed(ReflectiveMethodInvocation.java:184)
	at org.springframework.aop.framework.CglibAopProxy$DynamicAdvisedInterceptor.intercept(CglibAopProxy.java:728)
	at cpf.mbr.bse.controller.MbrController$$SpringCGLIB$$0.getDetail(<generated>)
	at java.base/jdk.internal.reflect.DirectMethodHandleAccessor.invoke(DirectMethodHandleAccessor.java:103)
	at java.base/java.lang.reflect.Method.invoke(Method.java:580)
	at org.springframework.web.method.support.InvocableHandlerMethod.doInvoke(InvocableHandlerMethod.java:258)
	at org.springframework.web.method.support.InvocableHandlerMethod.invokeForRequest(InvocableHandlerMethod.java:191)
	at org.springframework.web.servlet.mvc.method.annotation.ServletInvocableHandlerMethod.invokeAndHandle(ServletInvocableHandlerMethod.java:118)
	at org.springframework.web.servlet.mvc.method.annotation.RequestMappingHandlerAdapter.invokeHandlerMethod(RequestMappingHandlerAdapter.java:991)
	at org.springframework.web.servlet.mvc.method.annotation.RequestMappingHandlerAdapter.handleInternal(RequestMappingHandlerAdapter.java:896)
	at org.springframework.web.servlet.mvc.method.AbstractHandlerMethodAdapter.handle(AbstractHandlerMethodAdapter.java:87)
	at org.springframework.web.servlet.DispatcherServlet.doDispatch(DispatcherServlet.java:1089)
	at org.springframework.web.servlet.DispatcherServlet.doService(DispatcherServlet.java:979)
	at org.springframework.web.servlet.FrameworkServlet.processRequest(FrameworkServlet.java:1014)
	at org.springframework.web.servlet.FrameworkServlet.doGet(FrameworkServlet.java:903)
	at jakarta.servlet.http.HttpServlet.service(HttpServlet.java:564)
	at org.springframework.web.servlet.FrameworkServlet.service(FrameworkServlet.java:885)
	at org.springframework.test.web.servlet.TestDispatcherServlet.service(TestDispatcherServlet.java:72)
	at jakarta.servlet.http.HttpServlet.service(HttpServlet.java:658)
	at org.springframework.mock.web.MockFilterChain$ServletFilterProxy.doFilter(MockFilterChain.java:165)
	at org.springframework.mock.web.MockFilterChain.doFilter(MockFilterChain.java:132)
	at cpf.mbr.common.filter.SecurityHeaderFilter.doFilterInternal(SecurityHeaderFilter.java:27)
	at org.springframework.web.filter.OncePerRequestFilter.doFilter(OncePerRequestFilter.java:116)
	at org.springframework.test.web.servlet.setup.MockMvcFilterDecorator.doFilter(MockMvcFilterDecorator.java:162)
	at org.springframework.mock.web.MockFilterChain.doFilter(MockFilterChain.java:132)
	at org.springframework.web.filter.RequestContextFilter.doFilterInternal(RequestContextFilter.java:100)
	at org.springframework.web.filter.OncePerRequestFilter.doFilter(OncePerRequestFilter.java:116)
	at org.springframework.test.web.servlet.setup.MockMvcFilterDecorator.doFilter(MockMvcFilterDecorator.java:162)
	at org.springframework.mock.web.MockFilterChain.doFilter(MockFilterChain.java:132)
	at org.springframework.web.filter.FormContentFilter.doFilterInternal(FormContentFilter.java:93)
	at org.springframework.web.filter.OncePerRequestFilter.doFilter(OncePerRequestFilter.java:116)
	at org.springframework.test.web.servlet.setup.MockMvcFilterDecorator.doFilter(MockMvcFilterDecorator.java:162)
	at org.springframework.mock.web.MockFilterChain.doFilter(MockFilterChain.java:132)
	at org.springframework.web.filter.CharacterEncodingFilter.doFilterInternal(CharacterEncodingFilter.java:201)
	at org.springframework.web.filter.OncePerRequestFilter.doFilter(OncePerRequestFilter.java:116)
	at org.springframework.test.web.servlet.setup.MockMvcFilterDecorator.doFilter(MockMvcFilterDecorator.java:162)
	at org.springframework.mock.web.MockFilterChain.doFilter(MockFilterChain.java:132)
	at cpf.pfw.common.filter.TransactionContextFilter.doFilterInternal(TransactionContextFilter.java:53)
	at org.springframework.web.filter.OncePerRequestFilter.doFilter(OncePerRequestFilter.java:116)
	at org.springframework.test.web.servlet.setup.MockMvcFilterDecorator.doFilter(MockMvcFilterDecorator.java:162)
	at org.springframework.mock.web.MockFilterChain.doFilter(MockFilterChain.java:132)
	at cpf.pfw.config.PfwOpenApiAutoConfiguration.lambda$cpfSwaggerUiHtmlRedirectFilter$0(PfwOpenApiAutoConfiguration.java:117)
	at org.springframework.test.web.servlet.setup.MockMvcFilterDecorator.doFilter(MockMvcFilterDecorator.java:162)
	at org.springframework.mock.web.MockFilterChain.doFilter(MockFilterChain.java:132)
	at org.springframework.test.web.servlet.MockMvc.perform(MockMvc.java:201)
	at cpf.mbr.bse.controller.MbrControllerValidationTest.detailRejectsInvalidMemberIdQueryParameter(MbrControllerValidationTest.java:67)
	at java.base/jdk.internal.reflect.DirectMethodHandleAccessor.invoke(DirectMethodHandleAccessor.java:103)
	at java.base/java.lang.reflect.Method.invoke(Method.java:580)
	at org.junit.platform.commons.util.ReflectionUtils.invokeMethod(ReflectionUtils.java:767)
	at org.junit.jupiter.engine.execution.MethodInvocation.proceed(MethodInvocation.java:60)
	at org.junit.jupiter.engine.execution.InvocationInterceptorChain$ValidatingInvocation.proceed(InvocationInterceptorChain.java:131)
	at org.junit.jupiter.engine.extension.TimeoutExtension.intercept(TimeoutExtension.java:156)
	at org.junit.jupiter.engine.extension.TimeoutExtension.interceptTestableMethod(TimeoutExtension.java:147)
	at org.junit.jupiter.engine.extension.TimeoutExtension.interceptTestMethod(TimeoutExtension.java:86)
	at org.junit.jupiter.engine.execution.InterceptingExecutableInvoker$ReflectiveInterceptorCall.lambda$ofVoidMethod$0(InterceptingExecutableInvoker.java:103)
	at org.junit.jupiter.engine.execution.InterceptingExecutableInvoker.lambda$invoke$0(InterceptingExecutableInvoker.java:93)
	at org.junit.jupiter.engine.execution.InvocationInterceptorChain$InterceptedInvocation.proceed(InvocationInterceptorChain.java:106)
	at org.junit.jupiter.engine.execution.InvocationInterceptorChain.proceed(InvocationInterceptorChain.java:64)
	at org.junit.jupiter.engine.execution.InvocationInterceptorChain.chainAndInvoke(InvocationInterceptorChain.java:45)
	at org.junit.jupiter.engine.execution.InvocationInterceptorChain.invoke(InvocationInterceptorChain.java:37)
	at org.junit.jupiter.engine.execution.InterceptingExecutableInvoker.invoke(InterceptingExecutableInvoker.java:92)
	at org.junit.jupiter.engine.execution.InterceptingExecutableInvoker.invoke(InterceptingExecutableInvoker.java:86)
	at org.junit.jupiter.engine.descriptor.TestMethodTestDescriptor.lambda$invokeTestMethod$8(TestMethodTestDescriptor.java:217)
	at org.junit.platform.engine.support.hierarchical.ThrowableCollector.execute(ThrowableCollector.java:73)
	at org.junit.jupiter.engine.descriptor.TestMethodTestDescriptor.invokeTestMethod(TestMethodTestDescriptor.java:213)
	at org.junit.jupiter.engine.descriptor.TestMethodTestDescriptor.execute(TestMethodTestDescriptor.java:138)
	at org.junit.jupiter.engine.descriptor.TestMethodTestDescriptor.execute(TestMethodTestDescriptor.java:68)
	at org.junit.platform.engine.support.hierarchical.NodeTestTask.lambda$executeRecursively$6(NodeTestTask.java:156)
	at org.junit.platform.engine.support.hierarchical.ThrowableCollector.execute(ThrowableCollector.java:73)
	at org.junit.platform.engine.support.hierarchical.NodeTestTask.lambda$executeRecursively$8(NodeTestTask.java:146)
	at org.junit.platform.engine.support.hierarchical.Node.around(Node.java:137)
	at org.junit.platform.engine.support.hierarchical.NodeTestTask.lambda$executeRecursively$9(NodeTestTask.java:144)
	at org.junit.platform.engine.support.hierarchical.ThrowableCollector.execute(ThrowableCollector.java:73)
	at org.junit.platform.engine.support.hierarchical.NodeTestTask.executeRecursively(NodeTestTask.java:143)
	at org.junit.platform.engine.support.hierarchical.NodeTestTask.execute(NodeTestTask.java:100)
	at java.base/java.util.ArrayList.forEach(ArrayList.java:1596)
	at org.junit.platform.engine.support.hierarchical.SameThreadHierarchicalTestExecutorService.invokeAll(SameThreadHierarchicalTestExecutorService.java:41)
	at org.junit.platform.engine.support.hierarchical.NodeTestTask.lambda$executeRecursively$6(NodeTestTask.java:160)
	at org.junit.platform.engine.support.hierarchical.ThrowableCollector.execute(ThrowableCollector.java:73)
	at org.junit.platform.engine.support.hierarchical.NodeTestTask.lambda$executeRecursively$8(NodeTestTask.java:146)
	at org.junit.platform.engine.support.hierarchical.Node.around(Node.java:137)
	at org.junit.platform.engine.support.hierarchical.NodeTestTask.lambda$executeRecursively$9(NodeTestTask.java:144)
	at org.junit.platform.engine.support.hierarchical.ThrowableCollector.execute(ThrowableCollector.java:73)
	at org.junit.platform.engine.support.hierarchical.NodeTestTask.executeRecursively(NodeTestTask.java:143)
	at org.junit.platform.engine.support.hierarchical.NodeTestTask.execute(NodeTestTask.java:100)
	at java.base/java.util.ArrayList.forEach(ArrayList.java:1596)
	at org.junit.platform.engine.support.hierarchical.SameThreadHierarchicalTestExecutorService.invokeAll(SameThreadHierarchicalTestExecutorService.java:41)
	at org.junit.platform.engine.support.hierarchical.NodeTestTask.lambda$executeRecursively$6(NodeTestTask.java:160)
	at org.junit.platform.engine.support.hierarchical.ThrowableCollector.execute(ThrowableCollector.java:73)
	at org.junit.platform.engine.support.hierarchical.NodeTestTask.lambda$executeRecursively$8(NodeTestTask.java:146)
	at org.junit.platform.engine.support.hierarchical.Node.around(Node.java:137)
	at org.junit.platform.engine.support.hierarchical.NodeTestTask.lambda$executeRecursively$9(NodeTestTask.java:144)
	at org.junit.platform.engine.support.hierarchical.ThrowableCollector.execute(ThrowableCollector.java:73)
	at org.junit.platform.engine.support.hierarchical.NodeTestTask.executeRecursively(NodeTestTask.java:143)
	at org.junit.platform.engine.support.hierarchical.NodeTestTask.execute(NodeTestTask.java:100)
	at org.junit.platform.engine.support.hierarchical.SameThreadHierarchicalTestExecutorService.submit(SameThreadHierarchicalTestExecutorService.java:35)
	at org.junit.platform.engine.support.hierarchical.HierarchicalTestExecutor.execute(HierarchicalTestExecutor.java:57)
	at org.junit.platform.engine.support.hierarchical.HierarchicalTestEngine.execute(HierarchicalTestEngine.java:54)
	at org.junit.platform.launcher.core.EngineExecutionOrchestrator.execute(EngineExecutionOrchestrator.java:198)
	at org.junit.platform.launcher.core.EngineExecutionOrchestrator.execute(EngineExecutionOrchestrator.java:169)
	at org.junit.platform.launcher.core.EngineExecutionOrchestrator.execute(EngineExecutionOrchestrator.java:93)
	at org.junit.platform.launcher.core.EngineExecutionOrchestrator.lambda$execute$0(EngineExecutionOrchestrator.java:58)
	at org.junit.platform.launcher.core.EngineExecutionOrchestrator.withInterceptedStreams(EngineExecutionOrchestrator.java:141)
	at org.junit.platform.launcher.core.EngineExecutionOrchestrator.execute(EngineExecutionOrchestrator.java:57)
	at org.junit.platform.launcher.core.DefaultLauncher.execute(DefaultLauncher.java:103)
	at org.junit.platform.launcher.core.DefaultLauncher.execute(DefaultLauncher.java:85)
	at org.junit.platform.launcher.core.DelegatingLauncher.execute(DelegatingLauncher.java:47)
	at org.gradle.api.internal.tasks.testing.junitplatform.JUnitPlatformTestClassProcessor$CollectAllTestClassesExecutor.processAllTestClasses(JUnitPlatformTestClassProcessor.java:124)
	at org.gradle.api.internal.tasks.testing.junitplatform.JUnitPlatformTestClassProcessor$CollectAllTestClassesExecutor.access$000(JUnitPlatformTestClassProcessor.java:99)
	at org.gradle.api.internal.tasks.testing.junitplatform.JUnitPlatformTestClassProcessor.stop(JUnitPlatformTestClassProcessor.java:94)
	at org.gradle.api.internal.tasks.testing.SuiteTestClassProcessor.stop(SuiteTestClassProcessor.java:63)
	at java.base/jdk.internal.reflect.DirectMethodHandleAccessor.invoke(DirectMethodHandleAccessor.java:103)
	at java.base/java.lang.reflect.Method.invoke(Method.java:580)
	at org.gradle.internal.dispatch.ReflectionDispatch.dispatch(ReflectionDispatch.java:36)
	at org.gradle.internal.dispatch.ReflectionDispatch.dispatch(ReflectionDispatch.java:24)
	at org.gradle.internal.dispatch.ContextClassLoaderDispatch.dispatch(ContextClassLoaderDispatch.java:33)
	at org.gradle.internal.dispatch.ProxyDispatchAdapter$DispatchingInvocationHandler.invoke(ProxyDispatchAdapter.java:92)
	at jdk.proxy1/jdk.proxy1.$Proxy4.stop(Unknown Source)
	at org.gradle.api.internal.tasks.testing.worker.TestWorker$3.run(TestWorker.java:200)
	at org.gradle.api.internal.tasks.testing.worker.TestWorker.executeAndMaintainThreadName(TestWorker.java:132)
	at org.gradle.api.internal.tasks.testing.worker.TestWorker.execute(TestWorker.java:103)
	at org.gradle.api.internal.tasks.testing.worker.TestWorker.execute(TestWorker.java:63)
	at org.gradle.process.internal.worker.child.ActionExecutionWorker.execute(ActionExecutionWorker.java:56)
	at org.gradle.process.internal.worker.child.SystemApplicationClassLoaderWorker.call(SystemApplicationClassLoaderWorker.java:121)
	at org.gradle.process.internal.worker.child.SystemApplicationClassLoaderWorker.call(SystemApplicationClassLoaderWorker.java:71)
	at worker.org.gradle.process.internal.worker.GradleWorkerMain.run(GradleWorkerMain.java:69)
	at worker.org.gradle.process.internal.worker.GradleWorkerMain.main(GradleWorkerMain.java:74)
2026-07-09 12:48:48.541 [INFO ] [Test worker] [com.zaxxer.hikari.HikariDataSource] [TranId: 20260611141234567MBRmbrAP010000001] [BizTranId: MBR01BSE0002] [TraceId: TRACE-TEST-001] [SpanId: SPN-d8247437-cf5a-4d59-b301-b4716fef7b46] [DynLevel: ] - HikariPool-1 - Starting...
2026-07-09 12:48:50.567 [INFO ] [Test worker] [com.zaxxer.hikari.HikariDataSource] [TranId: 20260709124850512MBRlocal010000001] [BizTranId: ] [TraceId: 98ddd34f-0716-48d9-96f4-7f9e3c79b3d3] [SpanId: SPN-0557977c-4015-4f9c-ba67-a0c8b2770038] [DynLevel: ] - HikariPool-2 - Starting...
