2026-06-12 09:08:23.557 [INFO ] [background-preinit] [o.h.validator.internal.util.Version] [TranId: ] [TraceId: ] [SpanId: ] - HV000001: Hibernate Validator 8.0.3.Final
2026-06-12 09:08:23.598 [INFO ] [Test worker] [fps.mbr.MbrApplicationTests] [TranId: ] [TraceId: ] [SpanId: ] - Starting MbrApplicationTests using Java 21.0.7 with PID 34596 (started by 11096 in D:\WORK_FPS\202412_01_FPS\mbr)
2026-06-12 09:08:23.599 [INFO ] [Test worker] [fps.mbr.MbrApplicationTests] [TranId: ] [TraceId: ] [SpanId: ] - No active profile set, falling back to 1 default profile: "default"
2026-06-12 09:08:25.069 [INFO ] [Test worker] [f.cmn.cde.service.CodeCacheService] [TranId: ] [TraceId: ] [SpanId: ] - Code cache preload skipped
2026-06-12 09:08:25.133 [INFO ] [Test worker] [f.c.msg.service.MessageCacheService] [TranId: ] [TraceId: ] [SpanId: ] - Message cache preload skipped
2026-06-12 09:08:30.864 [INFO ] [Test worker] [fps.mbr.MbrApplicationTests] [TranId: ] [TraceId: ] [SpanId: ] - Started MbrApplicationTests in 7.626 seconds (process running for 8.783)
2026-06-12 09:08:32.212 [INFO ] [Test worker] [o.s.t.c.s.AnnotationConfigContextLoaderUtils] [TranId: ] [TraceId: ] [SpanId: ] - Could not detect default configuration classes for test class [fps.mbr.bse.controller.MbrControllerValidationTest]: MbrControllerValidationTest does not declare any static, non-private, non-final, nested classes annotated with @Configuration.
2026-06-12 09:08:32.322 [INFO ] [Test worker] [o.s.b.t.c.SpringBootTestContextBootstrapper] [TranId: ] [TraceId: ] [SpanId: ] - Found @SpringBootConfiguration fps.mbr.MbrApplication for test class fps.mbr.bse.controller.MbrControllerValidationTest
2026-06-12 09:08:32.533 [INFO ] [Test worker] [f.m.b.c.MbrControllerValidationTest] [TranId: ] [TraceId: ] [SpanId: ] - Starting MbrControllerValidationTest using Java 21.0.7 with PID 34596 (started by 11096 in D:\WORK_FPS\202412_01_FPS\mbr)
2026-06-12 09:08:32.537 [INFO ] [Test worker] [f.m.b.c.MbrControllerValidationTest] [TranId: ] [TraceId: ] [SpanId: ] - No active profile set, falling back to 1 default profile: "default"
2026-06-12 09:08:34.079 [INFO ] [Test worker] [f.cmn.cde.service.CodeCacheService] [TranId: ] [TraceId: ] [SpanId: ] - Code cache preload skipped
2026-06-12 09:08:34.119 [INFO ] [Test worker] [f.c.msg.service.MessageCacheService] [TranId: ] [TraceId: ] [SpanId: ] - Message cache preload skipped
2026-06-12 09:08:35.894 [INFO ] [Test worker] [o.s.b.t.m.w.SpringBootMockServletContext] [TranId: ] [TraceId: ] [SpanId: ] - Initializing Spring TestDispatcherServlet ''
2026-06-12 09:08:35.895 [INFO ] [Test worker] [o.s.t.w.s.TestDispatcherServlet] [TranId: ] [TraceId: ] [SpanId: ] - Initializing Servlet ''
2026-06-12 09:08:35.899 [INFO ] [Test worker] [o.s.t.w.s.TestDispatcherServlet] [TranId: ] [TraceId: ] [SpanId: ] - Completed initialization in 3 ms
2026-06-12 09:08:36.410 [INFO ] [Test worker] [f.m.b.c.MbrControllerValidationTest] [TranId: ] [TraceId: ] [SpanId: ] - Started MbrControllerValidationTest in 4.08 seconds (process running for 14.33)
2026-06-12 09:08:37.071 [INFO ] [Test worker] [f.pfw.common.logging.LoggingAspect] [TranId: 20260611141234567MBRmbrAP010000001] [TraceId: TRACE-TEST-001] [SpanId: SPN-bed5263d-eb88-403f-9892-a28383ee1598] - Transaction started. transactionId=20260611141234567MBRmbrAP010000001, businessTransactionId=MBR01BSE0002, businessTransactionName=회원기본상세조회, traceId=TRACE-TEST-001, spanId=SPN-bed5263d-eb88-403f-9892-a28383ee1598, moduleId=MBR, sequenceNo=1, workflowInstanceId=None, workflowStepId=None, method=GET, uri=/mbr/detail, controller=MbrController.getDetail(..), executionClass=fps.mbr.bse.controller.MbrController, executionMethod=getDetail, clientIp=10.10.10.10, parameters=memberId=[0], requestBody=[0]
2026-06-12 09:08:37.840 [INFO ] [Test worker] [com.zaxxer.hikari.HikariDataSource] [TranId: 20260611141234567MBRmbrAP010000001] [TraceId: TRACE-TEST-001] [SpanId: SPN-bed5263d-eb88-403f-9892-a28383ee1598] - HikariPool-1 - Starting...
2026-06-12 09:37:41.515 [INFO ] [background-preinit] [o.h.validator.internal.util.Version] [TranId: ] [TraceId: ] [SpanId: ] - HV000001: Hibernate Validator 8.0.3.Final
2026-06-12 09:37:41.569 [INFO ] [Test worker] [fps.mbr.MbrApplicationTests] [TranId: ] [TraceId: ] [SpanId: ] - Starting MbrApplicationTests using Java 21.0.7 with PID 30332 (started by 11096 in D:\WORK_FPS\202412_01_FPS\mbr)
2026-06-12 09:37:41.570 [INFO ] [Test worker] [fps.mbr.MbrApplicationTests] [TranId: ] [TraceId: ] [SpanId: ] - No active profile set, falling back to 1 default profile: "default"
2026-06-12 09:37:44.046 [INFO ] [Test worker] [f.cmn.cde.service.CodeCacheService] [TranId: ] [TraceId: ] [SpanId: ] - Code cache preload skipped
2026-06-12 09:37:44.147 [INFO ] [Test worker] [f.cmn.cfg.service.ConfigCacheService] [TranId: ] [TraceId: ] [SpanId: ] - Config cache preload skipped
2026-06-12 09:37:44.169 [INFO ] [Test worker] [f.c.msg.service.MessageCacheService] [TranId: ] [TraceId: ] [SpanId: ] - Message cache preload skipped
2026-06-12 09:37:44.190 [INFO ] [Test worker] [f.c.r.s.CacheRefreshEventListener] [TranId: ] [TraceId: ] [SpanId: ] - CMN cache refresh event polling disabled
2026-06-12 09:37:47.321 [INFO ] [Test worker] [fps.mbr.MbrApplicationTests] [TranId: ] [TraceId: ] [SpanId: ] - Started MbrApplicationTests in 6.234 seconds (process running for 7.74)
2026-06-12 09:37:48.618 [INFO ] [Test worker] [o.s.t.c.s.AnnotationConfigContextLoaderUtils] [TranId: ] [TraceId: ] [SpanId: ] - Could not detect default configuration classes for test class [fps.mbr.bse.controller.MbrControllerValidationTest]: MbrControllerValidationTest does not declare any static, non-private, non-final, nested classes annotated with @Configuration.
2026-06-12 09:37:48.683 [INFO ] [Test worker] [o.s.b.t.c.SpringBootTestContextBootstrapper] [TranId: ] [TraceId: ] [SpanId: ] - Found @SpringBootConfiguration fps.mbr.MbrApplication for test class fps.mbr.bse.controller.MbrControllerValidationTest
2026-06-12 09:37:48.777 [INFO ] [Test worker] [f.m.b.c.MbrControllerValidationTest] [TranId: ] [TraceId: ] [SpanId: ] - Starting MbrControllerValidationTest using Java 21.0.7 with PID 30332 (started by 11096 in D:\WORK_FPS\202412_01_FPS\mbr)
2026-06-12 09:37:48.777 [INFO ] [Test worker] [f.m.b.c.MbrControllerValidationTest] [TranId: ] [TraceId: ] [SpanId: ] - No active profile set, falling back to 1 default profile: "default"
2026-06-12 09:37:49.741 [INFO ] [Test worker] [f.cmn.cde.service.CodeCacheService] [TranId: ] [TraceId: ] [SpanId: ] - Code cache preload skipped
2026-06-12 09:37:49.771 [INFO ] [Test worker] [f.cmn.cfg.service.ConfigCacheService] [TranId: ] [TraceId: ] [SpanId: ] - Config cache preload skipped
2026-06-12 09:37:49.793 [INFO ] [Test worker] [f.c.msg.service.MessageCacheService] [TranId: ] [TraceId: ] [SpanId: ] - Message cache preload skipped
2026-06-12 09:37:49.814 [INFO ] [Test worker] [f.c.r.s.CacheRefreshEventListener] [TranId: ] [TraceId: ] [SpanId: ] - CMN cache refresh event polling disabled
2026-06-12 09:37:50.486 [INFO ] [Test worker] [o.s.b.t.m.w.SpringBootMockServletContext] [TranId: ] [TraceId: ] [SpanId: ] - Initializing Spring TestDispatcherServlet ''
2026-06-12 09:37:50.487 [INFO ] [Test worker] [o.s.t.w.s.TestDispatcherServlet] [TranId: ] [TraceId: ] [SpanId: ] - Initializing Servlet ''
2026-06-12 09:37:50.489 [INFO ] [Test worker] [o.s.t.w.s.TestDispatcherServlet] [TranId: ] [TraceId: ] [SpanId: ] - Completed initialization in 2 ms
2026-06-12 09:37:50.751 [INFO ] [Test worker] [o.s.s.config.TaskSchedulerRouter] [TranId: ] [TraceId: ] [SpanId: ] - No TaskScheduler/ScheduledExecutorService bean found for scheduled processing
2026-06-12 09:37:50.760 [INFO ] [Test worker] [f.m.b.c.MbrControllerValidationTest] [TranId: ] [TraceId: ] [SpanId: ] - Started MbrControllerValidationTest in 2.066 seconds (process running for 11.178)
2026-06-12 09:37:51.208 [INFO ] [Test worker] [f.pfw.common.logging.LoggingAspect] [TranId: 20260611141234567MBRmbrAP010000001] [TraceId: TRACE-TEST-001] [SpanId: SPN-79ac9e71-c929-486f-b44d-1a578a58ea27] - Transaction started. transactionId=20260611141234567MBRmbrAP010000001, businessTransactionId=MBR01BSE0002, businessTransactionName=회원기본상세조회, traceId=TRACE-TEST-001, spanId=SPN-79ac9e71-c929-486f-b44d-1a578a58ea27, moduleId=MBR, sequenceNo=1, workflowInstanceId=None, workflowStepId=None, method=GET, uri=/mbr/detail, controller=MbrController.getDetail(..), executionClass=fps.mbr.bse.controller.MbrController, executionMethod=getDetail, clientIp=10.10.10.10, parameters=memberId=[0], requestBody=[0]
2026-06-12 09:37:51.762 [INFO ] [Test worker] [com.zaxxer.hikari.HikariDataSource] [TranId: 20260611141234567MBRmbrAP010000001] [TraceId: TRACE-TEST-001] [SpanId: SPN-79ac9e71-c929-486f-b44d-1a578a58ea27] - HikariPool-1 - Starting...
2026-06-12 09:56:03.482 [INFO ] [background-preinit] [o.h.validator.internal.util.Version] [TranId: ] [TraceId: ] [SpanId: ] - HV000001: Hibernate Validator 8.0.3.Final
2026-06-12 09:56:03.539 [INFO ] [Test worker] [fps.mbr.MbrApplicationTests] [TranId: ] [TraceId: ] [SpanId: ] - Starting MbrApplicationTests using Java 21.0.7 with PID 22588 (started by 11096 in D:\WORK_FPS\202412_01_FPS\mbr)
2026-06-12 09:56:03.541 [INFO ] [Test worker] [fps.mbr.MbrApplicationTests] [TranId: ] [TraceId: ] [SpanId: ] - No active profile set, falling back to 1 default profile: "default"
2026-06-12 09:56:05.747 [INFO ] [Test worker] [f.c.msg.service.MessageCacheService] [TranId: ] [TraceId: ] [SpanId: ] - Message cache preload skipped
2026-06-12 09:56:05.944 [INFO ] [Test worker] [f.cmn.cde.service.CodeCacheService] [TranId: ] [TraceId: ] [SpanId: ] - Code cache preload skipped
2026-06-12 09:56:05.966 [INFO ] [Test worker] [f.cmn.cfg.service.ConfigCacheService] [TranId: ] [TraceId: ] [SpanId: ] - Config cache preload skipped
2026-06-12 09:56:05.987 [INFO ] [Test worker] [f.c.r.s.CacheRefreshEventListener] [TranId: ] [TraceId: ] [SpanId: ] - CMN cache refresh event polling disabled
2026-06-12 09:56:08.428 [INFO ] [Test worker] [fps.mbr.MbrApplicationTests] [TranId: ] [TraceId: ] [SpanId: ] - Started MbrApplicationTests in 5.343 seconds (process running for 6.77)
2026-06-12 09:56:09.918 [INFO ] [Test worker] [o.s.t.c.s.AnnotationConfigContextLoaderUtils] [TranId: ] [TraceId: ] [SpanId: ] - Could not detect default configuration classes for test class [fps.mbr.bse.controller.MbrControllerValidationTest]: MbrControllerValidationTest does not declare any static, non-private, non-final, nested classes annotated with @Configuration.
2026-06-12 09:56:09.994 [INFO ] [Test worker] [o.s.b.t.c.SpringBootTestContextBootstrapper] [TranId: ] [TraceId: ] [SpanId: ] - Found @SpringBootConfiguration fps.mbr.MbrApplication for test class fps.mbr.bse.controller.MbrControllerValidationTest
2026-06-12 09:56:10.105 [INFO ] [Test worker] [f.m.b.c.MbrControllerValidationTest] [TranId: ] [TraceId: ] [SpanId: ] - Starting MbrControllerValidationTest using Java 21.0.7 with PID 22588 (started by 11096 in D:\WORK_FPS\202412_01_FPS\mbr)
2026-06-12 09:56:10.106 [INFO ] [Test worker] [f.m.b.c.MbrControllerValidationTest] [TranId: ] [TraceId: ] [SpanId: ] - No active profile set, falling back to 1 default profile: "default"
2026-06-12 09:56:10.877 [INFO ] [Test worker] [f.c.msg.service.MessageCacheService] [TranId: ] [TraceId: ] [SpanId: ] - Message cache preload skipped
2026-06-12 09:56:11.043 [INFO ] [Test worker] [f.cmn.cde.service.CodeCacheService] [TranId: ] [TraceId: ] [SpanId: ] - Code cache preload skipped
2026-06-12 09:56:11.072 [INFO ] [Test worker] [f.cmn.cfg.service.ConfigCacheService] [TranId: ] [TraceId: ] [SpanId: ] - Config cache preload skipped
2026-06-12 09:56:11.093 [INFO ] [Test worker] [f.c.r.s.CacheRefreshEventListener] [TranId: ] [TraceId: ] [SpanId: ] - CMN cache refresh event polling disabled
2026-06-12 09:56:11.769 [INFO ] [Test worker] [o.s.b.t.m.w.SpringBootMockServletContext] [TranId: ] [TraceId: ] [SpanId: ] - Initializing Spring TestDispatcherServlet ''
2026-06-12 09:56:11.770 [INFO ] [Test worker] [o.s.t.w.s.TestDispatcherServlet] [TranId: ] [TraceId: ] [SpanId: ] - Initializing Servlet ''
2026-06-12 09:56:11.771 [INFO ] [Test worker] [o.s.t.w.s.TestDispatcherServlet] [TranId: ] [TraceId: ] [SpanId: ] - Completed initialization in 1 ms
2026-06-12 09:56:12.032 [INFO ] [Test worker] [o.s.s.config.TaskSchedulerRouter] [TranId: ] [TraceId: ] [SpanId: ] - No TaskScheduler/ScheduledExecutorService bean found for scheduled processing
2026-06-12 09:56:12.040 [INFO ] [Test worker] [f.m.b.c.MbrControllerValidationTest] [TranId: ] [TraceId: ] [SpanId: ] - Started MbrControllerValidationTest in 2.04 seconds (process running for 10.382)
2026-06-12 09:56:12.422 [INFO ] [Test worker] [f.pfw.common.logging.LoggingAspect] [TranId: 20260611141234567MBRmbrAP010000001] [TraceId: TRACE-TEST-001] [SpanId: SPN-7090bbc9-44bb-4881-8ace-5d59911168ac] - Transaction started. transactionId=20260611141234567MBRmbrAP010000001, businessTransactionId=MBR01BSE0002, businessTransactionName=회원기본상세조회, traceId=TRACE-TEST-001, spanId=SPN-7090bbc9-44bb-4881-8ace-5d59911168ac, moduleId=MBR, sequenceNo=1, workflowInstanceId=None, workflowStepId=None, method=GET, uri=/mbr/detail, controller=MbrController.getDetail(..), executionClass=fps.mbr.bse.controller.MbrController, executionMethod=getDetail, clientIp=10.10.10.10, parameters=memberId=[0], requestBody=[0]
2026-06-12 09:56:12.806 [INFO ] [Test worker] [com.zaxxer.hikari.HikariDataSource] [TranId: 20260611141234567MBRmbrAP010000001] [TraceId: TRACE-TEST-001] [SpanId: SPN-7090bbc9-44bb-4881-8ace-5d59911168ac] - HikariPool-1 - Starting...
2026-06-12 10:28:01.040 [INFO ] [background-preinit] [o.h.validator.internal.util.Version] [TranId: ] [BizTranId: ] [TraceId: ] [SpanId: ] [DynLevel: ] - HV000001: Hibernate Validator 8.0.3.Final
2026-06-12 10:28:01.086 [INFO ] [Test worker] [fps.mbr.MbrApplicationTests] [TranId: ] [BizTranId: ] [TraceId: ] [SpanId: ] [DynLevel: ] - Starting MbrApplicationTests using Java 21.0.7 with PID 31176 (started by 11096 in D:\WORK_FPS\202412_01_FPS\mbr)
2026-06-12 10:28:01.088 [INFO ] [Test worker] [fps.mbr.MbrApplicationTests] [TranId: ] [BizTranId: ] [TraceId: ] [SpanId: ] [DynLevel: ] - No active profile set, falling back to 1 default profile: "default"
2026-06-12 10:28:02.683 [INFO ] [Test worker] [f.c.msg.service.MessageCacheService] [TranId: ] [BizTranId: ] [TraceId: ] [SpanId: ] [DynLevel: ] - Message cache preload skipped
2026-06-12 10:28:02.832 [INFO ] [Test worker] [f.cmn.cde.service.CodeCacheService] [TranId: ] [BizTranId: ] [TraceId: ] [SpanId: ] [DynLevel: ] - Code cache preload skipped
2026-06-12 10:28:02.852 [INFO ] [Test worker] [f.cmn.cfg.service.ConfigCacheService] [TranId: ] [BizTranId: ] [TraceId: ] [SpanId: ] [DynLevel: ] - Config cache preload skipped
2026-06-12 10:28:02.868 [INFO ] [Test worker] [f.c.r.s.CacheRefreshEventListener] [TranId: ] [BizTranId: ] [TraceId: ] [SpanId: ] [DynLevel: ] - CMN cache refresh event polling disabled
2026-06-12 10:28:04.719 [INFO ] [Test worker] [fps.mbr.MbrApplicationTests] [TranId: ] [BizTranId: ] [TraceId: ] [SpanId: ] [DynLevel: ] - Started MbrApplicationTests in 4.017 seconds (process running for 5.236)
2026-06-12 10:28:05.719 [INFO ] [Test worker] [o.s.t.c.s.AnnotationConfigContextLoaderUtils] [TranId: ] [BizTranId: ] [TraceId: ] [SpanId: ] [DynLevel: ] - Could not detect default configuration classes for test class [fps.mbr.bse.controller.MbrControllerValidationTest]: MbrControllerValidationTest does not declare any static, non-private, non-final, nested classes annotated with @Configuration.
2026-06-12 10:28:05.781 [INFO ] [Test worker] [o.s.b.t.c.SpringBootTestContextBootstrapper] [TranId: ] [BizTranId: ] [TraceId: ] [SpanId: ] [DynLevel: ] - Found @SpringBootConfiguration fps.mbr.MbrApplication for test class fps.mbr.bse.controller.MbrControllerValidationTest
2026-06-12 10:28:05.867 [INFO ] [Test worker] [f.m.b.c.MbrControllerValidationTest] [TranId: ] [BizTranId: ] [TraceId: ] [SpanId: ] [DynLevel: ] - Starting MbrControllerValidationTest using Java 21.0.7 with PID 31176 (started by 11096 in D:\WORK_FPS\202412_01_FPS\mbr)
2026-06-12 10:28:05.867 [INFO ] [Test worker] [f.m.b.c.MbrControllerValidationTest] [TranId: ] [BizTranId: ] [TraceId: ] [SpanId: ] [DynLevel: ] - No active profile set, falling back to 1 default profile: "default"
2026-06-12 10:28:06.637 [INFO ] [Test worker] [f.c.msg.service.MessageCacheService] [TranId: ] [BizTranId: ] [TraceId: ] [SpanId: ] [DynLevel: ] - Message cache preload skipped
2026-06-12 10:28:06.756 [INFO ] [Test worker] [f.cmn.cde.service.CodeCacheService] [TranId: ] [BizTranId: ] [TraceId: ] [SpanId: ] [DynLevel: ] - Code cache preload skipped
2026-06-12 10:28:06.784 [INFO ] [Test worker] [f.cmn.cfg.service.ConfigCacheService] [TranId: ] [BizTranId: ] [TraceId: ] [SpanId: ] [DynLevel: ] - Config cache preload skipped
2026-06-12 10:28:06.808 [INFO ] [Test worker] [f.c.r.s.CacheRefreshEventListener] [TranId: ] [BizTranId: ] [TraceId: ] [SpanId: ] [DynLevel: ] - CMN cache refresh event polling disabled
2026-06-12 10:28:07.524 [INFO ] [Test worker] [o.s.b.t.m.w.SpringBootMockServletContext] [TranId: ] [BizTranId: ] [TraceId: ] [SpanId: ] [DynLevel: ] - Initializing Spring TestDispatcherServlet ''
2026-06-12 10:28:07.525 [INFO ] [Test worker] [o.s.t.w.s.TestDispatcherServlet] [TranId: ] [BizTranId: ] [TraceId: ] [SpanId: ] [DynLevel: ] - Initializing Servlet ''
2026-06-12 10:28:07.527 [INFO ] [Test worker] [o.s.t.w.s.TestDispatcherServlet] [TranId: ] [BizTranId: ] [TraceId: ] [SpanId: ] [DynLevel: ] - Completed initialization in 2 ms
2026-06-12 10:28:07.720 [INFO ] [Test worker] [o.s.s.config.TaskSchedulerRouter] [TranId: ] [BizTranId: ] [TraceId: ] [SpanId: ] [DynLevel: ] - No TaskScheduler/ScheduledExecutorService bean found for scheduled processing
2026-06-12 10:28:07.727 [INFO ] [Test worker] [f.m.b.c.MbrControllerValidationTest] [TranId: ] [BizTranId: ] [TraceId: ] [SpanId: ] [DynLevel: ] - Started MbrControllerValidationTest in 1.94 seconds (process running for 8.244)
2026-06-12 10:28:08.026 [INFO ] [Test worker] [f.pfw.common.logging.LoggingAspect] [TranId: 20260611141234567MBRmbrAP010000001] [BizTranId: MBR01BSE0002] [TraceId: TRACE-TEST-001] [SpanId: SPN-9d7476ab-2062-4499-b92b-d9c6d041d191] [DynLevel: ] - Transaction started. transactionId=20260611141234567MBRmbrAP010000001, businessTransactionId=MBR01BSE0002, businessTransactionName=회원기본상세조회, traceId=TRACE-TEST-001, spanId=SPN-9d7476ab-2062-4499-b92b-d9c6d041d191, moduleId=MBR, sequenceNo=1, workflowInstanceId=None, workflowStepId=None, method=GET, uri=/mbr/detail, controller=MbrController.getDetail(..), executionClass=fps.mbr.bse.controller.MbrController, executionMethod=getDetail, clientIp=10.10.10.10, parameters=memberId=[0], requestBody=[0]
2026-06-12 10:28:08.342 [INFO ] [Test worker] [com.zaxxer.hikari.HikariDataSource] [TranId: 20260611141234567MBRmbrAP010000001] [BizTranId: MBR01BSE0002] [TraceId: TRACE-TEST-001] [SpanId: SPN-9d7476ab-2062-4499-b92b-d9c6d041d191] [DynLevel: ] - HikariPool-1 - Starting...
2026-06-12 16:11:28.441 [INFO ] [background-preinit] [o.h.validator.internal.util.Version] [TranId: ] [BizTranId: ] [TraceId: ] [SpanId: ] [DynLevel: ] - HV000001: Hibernate Validator 8.0.3.Final
2026-06-12 16:11:28.485 [INFO ] [Test worker] [fps.mbr.MbrApplicationTests] [TranId: ] [BizTranId: ] [TraceId: ] [SpanId: ] [DynLevel: ] - Starting MbrApplicationTests using Java 21.0.7 with PID 5452 (started by 11096 in D:\WORK_FPS\202412_01_FPS\mbr)
2026-06-12 16:11:28.487 [INFO ] [Test worker] [fps.mbr.MbrApplicationTests] [TranId: ] [BizTranId: ] [TraceId: ] [SpanId: ] [DynLevel: ] - No active profile set, falling back to 1 default profile: "default"
2026-06-12 16:11:30.141 [INFO ] [Test worker] [f.c.msg.service.MessageCacheService] [TranId: ] [BizTranId: ] [TraceId: ] [SpanId: ] [DynLevel: ] - Message cache preload skipped
2026-06-12 16:11:30.247 [INFO ] [Test worker] [f.cmn.cde.service.CodeCacheService] [TranId: ] [BizTranId: ] [TraceId: ] [SpanId: ] [DynLevel: ] - Code cache preload skipped
2026-06-12 16:11:30.261 [INFO ] [Test worker] [f.cmn.cfg.service.ConfigCacheService] [TranId: ] [BizTranId: ] [TraceId: ] [SpanId: ] [DynLevel: ] - Config cache preload skipped
2026-06-12 16:11:30.274 [INFO ] [Test worker] [f.c.r.s.CacheRefreshEventListener] [TranId: ] [BizTranId: ] [TraceId: ] [SpanId: ] [DynLevel: ] - CMN cache refresh event polling disabled
2026-06-12 16:11:32.269 [INFO ] [Test worker] [fps.mbr.MbrApplicationTests] [TranId: ] [BizTranId: ] [TraceId: ] [SpanId: ] [DynLevel: ] - Started MbrApplicationTests in 4.172 seconds (process running for 5.872)
2026-06-12 16:11:33.231 [INFO ] [Test worker] [o.s.t.c.s.AnnotationConfigContextLoaderUtils] [TranId: ] [BizTranId: ] [TraceId: ] [SpanId: ] [DynLevel: ] - Could not detect default configuration classes for test class [fps.mbr.bse.controller.MbrControllerValidationTest]: MbrControllerValidationTest does not declare any static, non-private, non-final, nested classes annotated with @Configuration.
2026-06-12 16:11:33.299 [INFO ] [Test worker] [o.s.b.t.c.SpringBootTestContextBootstrapper] [TranId: ] [BizTranId: ] [TraceId: ] [SpanId: ] [DynLevel: ] - Found @SpringBootConfiguration fps.mbr.MbrApplication for test class fps.mbr.bse.controller.MbrControllerValidationTest
2026-06-12 16:11:33.365 [INFO ] [Test worker] [f.m.b.c.MbrControllerValidationTest] [TranId: ] [BizTranId: ] [TraceId: ] [SpanId: ] [DynLevel: ] - Starting MbrControllerValidationTest using Java 21.0.7 with PID 5452 (started by 11096 in D:\WORK_FPS\202412_01_FPS\mbr)
2026-06-12 16:11:33.365 [INFO ] [Test worker] [f.m.b.c.MbrControllerValidationTest] [TranId: ] [BizTranId: ] [TraceId: ] [SpanId: ] [DynLevel: ] - No active profile set, falling back to 1 default profile: "default"
2026-06-12 16:11:34.041 [INFO ] [Test worker] [f.c.msg.service.MessageCacheService] [TranId: ] [BizTranId: ] [TraceId: ] [SpanId: ] [DynLevel: ] - Message cache preload skipped
2026-06-12 16:11:34.157 [INFO ] [Test worker] [f.cmn.cde.service.CodeCacheService] [TranId: ] [BizTranId: ] [TraceId: ] [SpanId: ] [DynLevel: ] - Code cache preload skipped
2026-06-12 16:11:34.185 [INFO ] [Test worker] [f.cmn.cfg.service.ConfigCacheService] [TranId: ] [BizTranId: ] [TraceId: ] [SpanId: ] [DynLevel: ] - Config cache preload skipped
2026-06-12 16:11:34.206 [INFO ] [Test worker] [f.c.r.s.CacheRefreshEventListener] [TranId: ] [BizTranId: ] [TraceId: ] [SpanId: ] [DynLevel: ] - CMN cache refresh event polling disabled
2026-06-12 16:11:34.813 [INFO ] [Test worker] [o.s.b.t.m.w.SpringBootMockServletContext] [TranId: ] [BizTranId: ] [TraceId: ] [SpanId: ] [DynLevel: ] - Initializing Spring TestDispatcherServlet ''
2026-06-12 16:11:34.817 [INFO ] [Test worker] [o.s.t.w.s.TestDispatcherServlet] [TranId: ] [BizTranId: ] [TraceId: ] [SpanId: ] [DynLevel: ] - Initializing Servlet ''
2026-06-12 16:11:34.820 [INFO ] [Test worker] [o.s.t.w.s.TestDispatcherServlet] [TranId: ] [BizTranId: ] [TraceId: ] [SpanId: ] [DynLevel: ] - Completed initialization in 2 ms
2026-06-12 16:11:35.031 [INFO ] [Test worker] [o.s.s.config.TaskSchedulerRouter] [TranId: ] [BizTranId: ] [TraceId: ] [SpanId: ] [DynLevel: ] - No TaskScheduler/ScheduledExecutorService bean found for scheduled processing
2026-06-12 16:11:35.038 [INFO ] [Test worker] [f.m.b.c.MbrControllerValidationTest] [TranId: ] [BizTranId: ] [TraceId: ] [SpanId: ] [DynLevel: ] - Started MbrControllerValidationTest in 1.732 seconds (process running for 8.64)
2026-06-12 16:11:35.348 [INFO ] [Test worker] [f.pfw.common.logging.LoggingAspect] [TranId: 20260611141234567MBRmbrAP010000001] [BizTranId: MBR01BSE0002] [TraceId: TRACE-TEST-001] [SpanId: SPN-1b62047d-9d81-43e7-b179-b64aa9346c4b] [DynLevel: ] - Transaction started. transactionId=20260611141234567MBRmbrAP010000001, businessTransactionId=MBR01BSE0002, businessTransactionName=회원기본상세조회, traceId=TRACE-TEST-001, spanId=SPN-1b62047d-9d81-43e7-b179-b64aa9346c4b, moduleId=MBR, sequenceNo=1, workflowInstanceId=None, workflowStepId=None, method=GET, uri=/mbr/detail, controller=MbrController.getDetail(..), executionClass=fps.mbr.bse.controller.MbrController, executionMethod=getDetail, clientIp=10.10.10.10, parameters=memberId=[0], requestBody=[0]
2026-06-12 16:11:35.715 [INFO ] [Test worker] [com.zaxxer.hikari.HikariDataSource] [TranId: 20260611141234567MBRmbrAP010000001] [BizTranId: MBR01BSE0002] [TraceId: TRACE-TEST-001] [SpanId: SPN-1b62047d-9d81-43e7-b179-b64aa9346c4b] [DynLevel: ] - HikariPool-1 - Starting...
2026-06-12 16:26:11.550 [INFO ] [background-preinit] [o.h.validator.internal.util.Version] [TranId: ] [BizTranId: ] [TraceId: ] [SpanId: ] [DynLevel: ] - HV000001: Hibernate Validator 8.0.3.Final
2026-06-12 16:26:11.598 [INFO ] [Test worker] [fps.mbr.MbrApplicationTests] [TranId: ] [BizTranId: ] [TraceId: ] [SpanId: ] [DynLevel: ] - Starting MbrApplicationTests using Java 21.0.7 with PID 1000 (started by 11096 in D:\WORK_FPS\202412_01_FPS\mbr)
2026-06-12 16:26:11.600 [INFO ] [Test worker] [fps.mbr.MbrApplicationTests] [TranId: ] [BizTranId: ] [TraceId: ] [SpanId: ] [DynLevel: ] - No active profile set, falling back to 1 default profile: "default"
2026-06-12 16:26:13.551 [INFO ] [Test worker] [f.c.msg.service.MessageCacheService] [TranId: ] [BizTranId: ] [TraceId: ] [SpanId: ] [DynLevel: ] - Message cache preload skipped
2026-06-12 16:26:13.717 [INFO ] [Test worker] [f.cmn.cde.service.CodeCacheService] [TranId: ] [BizTranId: ] [TraceId: ] [SpanId: ] [DynLevel: ] - Code cache preload skipped
2026-06-12 16:26:13.737 [INFO ] [Test worker] [f.cmn.cfg.service.ConfigCacheService] [TranId: ] [BizTranId: ] [TraceId: ] [SpanId: ] [DynLevel: ] - Config cache preload skipped
2026-06-12 16:26:13.756 [INFO ] [Test worker] [f.c.r.s.CacheRefreshEventListener] [TranId: ] [BizTranId: ] [TraceId: ] [SpanId: ] [DynLevel: ] - CMN cache refresh event polling disabled
2026-06-12 16:26:16.591 [INFO ] [Test worker] [fps.mbr.MbrApplicationTests] [TranId: ] [BizTranId: ] [TraceId: ] [SpanId: ] [DynLevel: ] - Started MbrApplicationTests in 5.393 seconds (process running for 6.689)
2026-06-12 16:26:17.610 [INFO ] [Test worker] [o.s.t.c.s.AnnotationConfigContextLoaderUtils] [TranId: ] [BizTranId: ] [TraceId: ] [SpanId: ] [DynLevel: ] - Could not detect default configuration classes for test class [fps.mbr.bse.controller.MbrControllerValidationTest]: MbrControllerValidationTest does not declare any static, non-private, non-final, nested classes annotated with @Configuration.
2026-06-12 16:26:17.666 [INFO ] [Test worker] [o.s.b.t.c.SpringBootTestContextBootstrapper] [TranId: ] [BizTranId: ] [TraceId: ] [SpanId: ] [DynLevel: ] - Found @SpringBootConfiguration fps.mbr.MbrApplication for test class fps.mbr.bse.controller.MbrControllerValidationTest
2026-06-12 16:26:17.756 [INFO ] [Test worker] [f.m.b.c.MbrControllerValidationTest] [TranId: ] [BizTranId: ] [TraceId: ] [SpanId: ] [DynLevel: ] - Starting MbrControllerValidationTest using Java 21.0.7 with PID 1000 (started by 11096 in D:\WORK_FPS\202412_01_FPS\mbr)
2026-06-12 16:26:17.757 [INFO ] [Test worker] [f.m.b.c.MbrControllerValidationTest] [TranId: ] [BizTranId: ] [TraceId: ] [SpanId: ] [DynLevel: ] - No active profile set, falling back to 1 default profile: "default"
2026-06-12 16:26:18.545 [INFO ] [Test worker] [f.c.msg.service.MessageCacheService] [TranId: ] [BizTranId: ] [TraceId: ] [SpanId: ] [DynLevel: ] - Message cache preload skipped
2026-06-12 16:26:18.732 [INFO ] [Test worker] [f.cmn.cde.service.CodeCacheService] [TranId: ] [BizTranId: ] [TraceId: ] [SpanId: ] [DynLevel: ] - Code cache preload skipped
2026-06-12 16:26:18.768 [INFO ] [Test worker] [f.cmn.cfg.service.ConfigCacheService] [TranId: ] [BizTranId: ] [TraceId: ] [SpanId: ] [DynLevel: ] - Config cache preload skipped
2026-06-12 16:26:18.788 [INFO ] [Test worker] [f.c.r.s.CacheRefreshEventListener] [TranId: ] [BizTranId: ] [TraceId: ] [SpanId: ] [DynLevel: ] - CMN cache refresh event polling disabled
2026-06-12 16:26:19.552 [INFO ] [Test worker] [o.s.b.t.m.w.SpringBootMockServletContext] [TranId: ] [BizTranId: ] [TraceId: ] [SpanId: ] [DynLevel: ] - Initializing Spring TestDispatcherServlet ''
2026-06-12 16:26:19.553 [INFO ] [Test worker] [o.s.t.w.s.TestDispatcherServlet] [TranId: ] [BizTranId: ] [TraceId: ] [SpanId: ] [DynLevel: ] - Initializing Servlet ''
2026-06-12 16:26:19.555 [INFO ] [Test worker] [o.s.t.w.s.TestDispatcherServlet] [TranId: ] [BizTranId: ] [TraceId: ] [SpanId: ] [DynLevel: ] - Completed initialization in 2 ms
2026-06-12 16:26:19.765 [INFO ] [Test worker] [o.s.s.config.TaskSchedulerRouter] [TranId: ] [BizTranId: ] [TraceId: ] [SpanId: ] [DynLevel: ] - No TaskScheduler/ScheduledExecutorService bean found for scheduled processing
2026-06-12 16:26:19.769 [INFO ] [Test worker] [f.m.b.c.MbrControllerValidationTest] [TranId: ] [BizTranId: ] [TraceId: ] [SpanId: ] [DynLevel: ] - Started MbrControllerValidationTest in 2.098 seconds (process running for 9.867)
2026-06-12 16:26:20.101 [INFO ] [Test worker] [f.pfw.common.logging.LoggingAspect] [TranId: 20260611141234567MBRmbrAP010000001] [BizTranId: MBR01BSE0002] [TraceId: TRACE-TEST-001] [SpanId: SPN-b57142a2-3032-4270-80d5-a75c5eef6bf8] [DynLevel: ] - Transaction started. transactionId=20260611141234567MBRmbrAP010000001, businessTransactionId=MBR01BSE0002, businessTransactionName=회원기본상세조회, traceId=TRACE-TEST-001, spanId=SPN-b57142a2-3032-4270-80d5-a75c5eef6bf8, moduleId=MBR, sequenceNo=1, workflowInstanceId=None, workflowStepId=None, method=GET, uri=/mbr/detail, controller=MbrController.getDetail(..), executionClass=fps.mbr.bse.controller.MbrController, executionMethod=getDetail, clientIp=10.10.10.10, parameters=memberId=[0], requestBody=[0]
2026-06-12 16:26:20.510 [INFO ] [Test worker] [com.zaxxer.hikari.HikariDataSource] [TranId: 20260611141234567MBRmbrAP010000001] [BizTranId: MBR01BSE0002] [TraceId: TRACE-TEST-001] [SpanId: SPN-b57142a2-3032-4270-80d5-a75c5eef6bf8] [DynLevel: ] - HikariPool-1 - Starting...
2026-06-12 16:26:22.658 [INFO ] [Test worker] [com.zaxxer.hikari.HikariDataSource] [TranId: 20260612162622601MBRlocal010000001] [BizTranId: ] [TraceId: 23476458-2f42-4121-a3b4-f10c29b287b8] [SpanId: SPN-22df4341-5acf-4d6e-a684-62e4110ebdf1] [DynLevel: ] - HikariPool-2 - Starting...
2026-06-12 16:28:09.427 [INFO ] [background-preinit] [o.h.validator.internal.util.Version] [TranId: ] [BizTranId: ] [TraceId: ] [SpanId: ] [DynLevel: ] - HV000001: Hibernate Validator 8.0.3.Final
2026-06-12 16:28:09.505 [INFO ] [Test worker] [f.m.b.c.MbrControllerValidationTest] [TranId: ] [BizTranId: ] [TraceId: ] [SpanId: ] [DynLevel: ] - Starting MbrControllerValidationTest using Java 21.0.7 with PID 3584 (started by 11096 in D:\WORK_FPS\202412_01_FPS\mbr)
2026-06-12 16:28:09.507 [INFO ] [Test worker] [f.m.b.c.MbrControllerValidationTest] [TranId: ] [BizTranId: ] [TraceId: ] [SpanId: ] [DynLevel: ] - No active profile set, falling back to 1 default profile: "default"
2026-06-12 16:28:12.409 [INFO ] [Test worker] [f.c.msg.service.MessageCacheService] [TranId: ] [BizTranId: ] [TraceId: ] [SpanId: ] [DynLevel: ] - Message cache preload skipped
2026-06-12 16:28:12.624 [INFO ] [Test worker] [f.cmn.cde.service.CodeCacheService] [TranId: ] [BizTranId: ] [TraceId: ] [SpanId: ] [DynLevel: ] - Code cache preload skipped
2026-06-12 16:28:12.645 [INFO ] [Test worker] [f.cmn.cfg.service.ConfigCacheService] [TranId: ] [BizTranId: ] [TraceId: ] [SpanId: ] [DynLevel: ] - Config cache preload skipped
2026-06-12 16:28:12.664 [INFO ] [Test worker] [f.c.r.s.CacheRefreshEventListener] [TranId: ] [BizTranId: ] [TraceId: ] [SpanId: ] [DynLevel: ] - CMN cache refresh event polling disabled
2026-06-12 16:28:14.554 [INFO ] [Test worker] [o.s.b.t.m.w.SpringBootMockServletContext] [TranId: ] [BizTranId: ] [TraceId: ] [SpanId: ] [DynLevel: ] - Initializing Spring TestDispatcherServlet ''
2026-06-12 16:28:14.554 [INFO ] [Test worker] [o.s.t.w.s.TestDispatcherServlet] [TranId: ] [BizTranId: ] [TraceId: ] [SpanId: ] [DynLevel: ] - Initializing Servlet ''
2026-06-12 16:28:14.556 [INFO ] [Test worker] [o.s.t.w.s.TestDispatcherServlet] [TranId: ] [BizTranId: ] [TraceId: ] [SpanId: ] [DynLevel: ] - Completed initialization in 2 ms
2026-06-12 16:28:14.733 [INFO ] [Test worker] [o.s.s.config.TaskSchedulerRouter] [TranId: ] [BizTranId: ] [TraceId: ] [SpanId: ] [DynLevel: ] - No TaskScheduler/ScheduledExecutorService bean found for scheduled processing
2026-06-12 16:28:14.768 [INFO ] [Test worker] [f.m.b.c.MbrControllerValidationTest] [TranId: ] [BizTranId: ] [TraceId: ] [SpanId: ] [DynLevel: ] - Started MbrControllerValidationTest in 5.776 seconds (process running for 7.142)
2026-06-12 16:28:15.063 [INFO ] [Test worker] [f.pfw.common.logging.LoggingAspect] [TranId: 20260611141234567MBRmbrAP010000001] [BizTranId: MBR01BSE0002] [TraceId: TRACE-TEST-001] [SpanId: SPN-a1075693-f0df-47bc-925c-8a733b239408] [DynLevel: ] - Transaction started. transactionId=20260611141234567MBRmbrAP010000001, businessTransactionId=MBR01BSE0002, businessTransactionName=회원기본상세조회, traceId=TRACE-TEST-001, spanId=SPN-a1075693-f0df-47bc-925c-8a733b239408, moduleId=MBR, sequenceNo=1, workflowInstanceId=None, workflowStepId=None, method=GET, uri=/mbr/detail, controller=MbrController.getDetail(..), executionClass=fps.mbr.bse.controller.MbrController, executionMethod=getDetail, clientIp=10.10.10.10, parameters=memberId=[0], requestBody=[0]
2026-06-12 16:28:15.307 [INFO ] [Test worker] [com.zaxxer.hikari.HikariDataSource] [TranId: 20260611141234567MBRmbrAP010000001] [BizTranId: MBR01BSE0002] [TraceId: TRACE-TEST-001] [SpanId: SPN-a1075693-f0df-47bc-925c-8a733b239408] [DynLevel: ] - HikariPool-1 - Starting...
2026-06-12 16:28:16.662 [INFO ] [Test worker] [com.zaxxer.hikari.HikariDataSource] [TranId: 20260612162816624MBRlocal010000001] [BizTranId: ] [TraceId: ab43b054-b17b-40d5-b341-d47affb8172c] [SpanId: SPN-13c4a1e9-dd0e-4579-989f-33860ef33014] [DynLevel: ] - HikariPool-2 - Starting...
2026-06-12 16:28:17.812 [INFO ] [Test worker] [o.s.t.c.s.AnnotationConfigContextLoaderUtils] [TranId: ] [BizTranId: ] [TraceId: ] [SpanId: ] [DynLevel: ] - Could not detect default configuration classes for test class [fps.mbr.MbrApplicationTests]: MbrApplicationTests does not declare any static, non-private, non-final, nested classes annotated with @Configuration.
2026-06-12 16:28:17.831 [INFO ] [Test worker] [o.s.b.t.c.SpringBootTestContextBootstrapper] [TranId: ] [BizTranId: ] [TraceId: ] [SpanId: ] [DynLevel: ] - Found @SpringBootConfiguration fps.mbr.MbrApplication for test class fps.mbr.MbrApplicationTests
2026-06-12 16:28:17.881 [INFO ] [Test worker] [fps.mbr.MbrApplicationTests] [TranId: ] [BizTranId: ] [TraceId: ] [SpanId: ] [DynLevel: ] - Starting MbrApplicationTests using Java 21.0.7 with PID 3584 (started by 11096 in D:\WORK_FPS\202412_01_FPS\mbr)
2026-06-12 16:28:17.881 [INFO ] [Test worker] [fps.mbr.MbrApplicationTests] [TranId: ] [BizTranId: ] [TraceId: ] [SpanId: ] [DynLevel: ] - No active profile set, falling back to 1 default profile: "default"
2026-06-12 16:28:18.793 [INFO ] [Test worker] [f.c.msg.service.MessageCacheService] [TranId: ] [BizTranId: ] [TraceId: ] [SpanId: ] [DynLevel: ] - Message cache preload skipped
2026-06-12 16:28:18.851 [INFO ] [Test worker] [f.cmn.cde.service.CodeCacheService] [TranId: ] [BizTranId: ] [TraceId: ] [SpanId: ] [DynLevel: ] - Code cache preload skipped
2026-06-12 16:28:18.861 [INFO ] [Test worker] [f.cmn.cfg.service.ConfigCacheService] [TranId: ] [BizTranId: ] [TraceId: ] [SpanId: ] [DynLevel: ] - Config cache preload skipped
2026-06-12 16:28:18.871 [INFO ] [Test worker] [f.c.r.s.CacheRefreshEventListener] [TranId: ] [BizTranId: ] [TraceId: ] [SpanId: ] [DynLevel: ] - CMN cache refresh event polling disabled
2026-06-12 16:28:20.160 [INFO ] [Test worker] [fps.mbr.MbrApplicationTests] [TranId: ] [BizTranId: ] [TraceId: ] [SpanId: ] [DynLevel: ] - Started MbrApplicationTests in 2.325 seconds (process running for 12.534)
2026-06-12 16:29:38.888 [INFO ] [background-preinit] [o.h.validator.internal.util.Version] [TranId: ] [BizTranId: ] [TraceId: ] [SpanId: ] [DynLevel: ] - HV000001: Hibernate Validator 8.0.3.Final
2026-06-12 16:29:38.952 [INFO ] [Test worker] [f.m.b.c.MbrControllerValidationTest] [TranId: ] [BizTranId: ] [TraceId: ] [SpanId: ] [DynLevel: ] - Starting MbrControllerValidationTest using Java 21.0.7 with PID 33312 (started by 11096 in D:\WORK_FPS\202412_01_FPS\mbr)
2026-06-12 16:29:38.954 [INFO ] [Test worker] [f.m.b.c.MbrControllerValidationTest] [TranId: ] [BizTranId: ] [TraceId: ] [SpanId: ] [DynLevel: ] - No active profile set, falling back to 1 default profile: "default"
2026-06-12 16:29:41.609 [INFO ] [Test worker] [f.c.msg.service.MessageCacheService] [TranId: ] [BizTranId: ] [TraceId: ] [SpanId: ] [DynLevel: ] - Message cache preload skipped
2026-06-12 16:29:41.790 [INFO ] [Test worker] [f.cmn.cde.service.CodeCacheService] [TranId: ] [BizTranId: ] [TraceId: ] [SpanId: ] [DynLevel: ] - Code cache preload skipped
2026-06-12 16:29:41.809 [INFO ] [Test worker] [f.cmn.cfg.service.ConfigCacheService] [TranId: ] [BizTranId: ] [TraceId: ] [SpanId: ] [DynLevel: ] - Config cache preload skipped
2026-06-12 16:29:41.823 [INFO ] [Test worker] [f.c.r.s.CacheRefreshEventListener] [TranId: ] [BizTranId: ] [TraceId: ] [SpanId: ] [DynLevel: ] - CMN cache refresh event polling disabled
2026-06-12 16:29:43.789 [INFO ] [Test worker] [o.s.b.t.m.w.SpringBootMockServletContext] [TranId: ] [BizTranId: ] [TraceId: ] [SpanId: ] [DynLevel: ] - Initializing Spring TestDispatcherServlet ''
2026-06-12 16:29:43.790 [INFO ] [Test worker] [o.s.t.w.s.TestDispatcherServlet] [TranId: ] [BizTranId: ] [TraceId: ] [SpanId: ] [DynLevel: ] - Initializing Servlet ''
2026-06-12 16:29:43.792 [INFO ] [Test worker] [o.s.t.w.s.TestDispatcherServlet] [TranId: ] [BizTranId: ] [TraceId: ] [SpanId: ] [DynLevel: ] - Completed initialization in 2 ms
2026-06-12 16:29:44.023 [INFO ] [Test worker] [o.s.s.config.TaskSchedulerRouter] [TranId: ] [BizTranId: ] [TraceId: ] [SpanId: ] [DynLevel: ] - No TaskScheduler/ScheduledExecutorService bean found for scheduled processing
2026-06-12 16:29:44.076 [INFO ] [Test worker] [f.m.b.c.MbrControllerValidationTest] [TranId: ] [BizTranId: ] [TraceId: ] [SpanId: ] [DynLevel: ] - Started MbrControllerValidationTest in 5.584 seconds (process running for 6.849)
2026-06-12 16:29:44.343 [INFO ] [Test worker] [f.pfw.common.logging.LoggingAspect] [TranId: 20260611141234567MBRmbrAP010000001] [BizTranId: MBR01BSE0002] [TraceId: TRACE-TEST-001] [SpanId: SPN-3aa4b7af-8809-4050-9db2-70e597b55834] [DynLevel: ] - Transaction started. transactionId=20260611141234567MBRmbrAP010000001, businessTransactionId=MBR01BSE0002, businessTransactionName=회원기본상세조회, traceId=TRACE-TEST-001, spanId=SPN-3aa4b7af-8809-4050-9db2-70e597b55834, moduleId=MBR, sequenceNo=1, workflowInstanceId=None, workflowStepId=None, method=GET, uri=/mbr/detail, controller=MbrController.getDetail(..), executionClass=fps.mbr.bse.controller.MbrController, executionMethod=getDetail, clientIp=10.10.10.10, parameters=memberId=[0], requestBody=[0]
2026-06-12 16:29:44.506 [INFO ] [Test worker] [com.zaxxer.hikari.HikariDataSource] [TranId: 20260611141234567MBRmbrAP010000001] [BizTranId: MBR01BSE0002] [TraceId: TRACE-TEST-001] [SpanId: SPN-3aa4b7af-8809-4050-9db2-70e597b55834] [DynLevel: ] - HikariPool-1 - Starting...
2026-06-12 16:29:45.831 [INFO ] [Test worker] [com.zaxxer.hikari.HikariDataSource] [TranId: 20260612162945791MBRlocal010000001] [BizTranId: ] [TraceId: 08da91d4-73dc-4403-94fc-8bc02953d8d9] [SpanId: SPN-2fbe4ef3-758d-4144-8ed1-1d4d20825d69] [DynLevel: ] - HikariPool-2 - Starting...
2026-06-12 16:29:47.021 [INFO ] [Test worker] [o.s.t.c.s.AnnotationConfigContextLoaderUtils] [TranId: ] [BizTranId: ] [TraceId: ] [SpanId: ] [DynLevel: ] - Could not detect default configuration classes for test class [fps.mbr.MbrApplicationTests]: MbrApplicationTests does not declare any static, non-private, non-final, nested classes annotated with @Configuration.
2026-06-12 16:29:47.045 [INFO ] [Test worker] [o.s.b.t.c.SpringBootTestContextBootstrapper] [TranId: ] [BizTranId: ] [TraceId: ] [SpanId: ] [DynLevel: ] - Found @SpringBootConfiguration fps.mbr.MbrApplication for test class fps.mbr.MbrApplicationTests
2026-06-12 16:29:47.178 [INFO ] [Test worker] [fps.mbr.MbrApplicationTests] [TranId: ] [BizTranId: ] [TraceId: ] [SpanId: ] [DynLevel: ] - Starting MbrApplicationTests using Java 21.0.7 with PID 33312 (started by 11096 in D:\WORK_FPS\202412_01_FPS\mbr)
2026-06-12 16:29:47.179 [INFO ] [Test worker] [fps.mbr.MbrApplicationTests] [TranId: ] [BizTranId: ] [TraceId: ] [SpanId: ] [DynLevel: ] - No active profile set, falling back to 1 default profile: "default"
2026-06-12 16:29:48.135 [INFO ] [Test worker] [f.c.msg.service.MessageCacheService] [TranId: ] [BizTranId: ] [TraceId: ] [SpanId: ] [DynLevel: ] - Message cache preload skipped
2026-06-12 16:29:48.207 [INFO ] [Test worker] [f.cmn.cde.service.CodeCacheService] [TranId: ] [BizTranId: ] [TraceId: ] [SpanId: ] [DynLevel: ] - Code cache preload skipped
2026-06-12 16:29:48.224 [INFO ] [Test worker] [f.cmn.cfg.service.ConfigCacheService] [TranId: ] [BizTranId: ] [TraceId: ] [SpanId: ] [DynLevel: ] - Config cache preload skipped
2026-06-12 16:29:48.237 [INFO ] [Test worker] [f.c.r.s.CacheRefreshEventListener] [TranId: ] [BizTranId: ] [TraceId: ] [SpanId: ] [DynLevel: ] - CMN cache refresh event polling disabled
2026-06-12 16:29:49.507 [INFO ] [Test worker] [fps.mbr.MbrApplicationTests] [TranId: ] [BizTranId: ] [TraceId: ] [SpanId: ] [DynLevel: ] - Started MbrApplicationTests in 2.454 seconds (process running for 12.281)
2026-06-12 16:30:47.784 [INFO ] [background-preinit] [o.h.validator.internal.util.Version] [TranId: ] [BizTranId: ] [TraceId: ] [SpanId: ] [DynLevel: ] - HV000001: Hibernate Validator 8.0.3.Final
2026-06-12 16:30:47.848 [INFO ] [Test worker] [f.m.b.c.MbrControllerValidationTest] [TranId: ] [BizTranId: ] [TraceId: ] [SpanId: ] [DynLevel: ] - Starting MbrControllerValidationTest using Java 21.0.7 with PID 30284 (started by 11096 in D:\WORK_FPS\202412_01_FPS\mbr)
2026-06-12 16:30:47.850 [INFO ] [Test worker] [f.m.b.c.MbrControllerValidationTest] [TranId: ] [BizTranId: ] [TraceId: ] [SpanId: ] [DynLevel: ] - No active profile set, falling back to 1 default profile: "default"
2026-06-12 16:30:50.362 [INFO ] [Test worker] [f.c.msg.service.MessageCacheService] [TranId: ] [BizTranId: ] [TraceId: ] [SpanId: ] [DynLevel: ] - Message cache preload skipped
2026-06-12 16:30:50.655 [INFO ] [Test worker] [f.cmn.cde.service.CodeCacheService] [TranId: ] [BizTranId: ] [TraceId: ] [SpanId: ] [DynLevel: ] - Code cache preload skipped
2026-06-12 16:30:50.679 [INFO ] [Test worker] [f.cmn.cfg.service.ConfigCacheService] [TranId: ] [BizTranId: ] [TraceId: ] [SpanId: ] [DynLevel: ] - Config cache preload skipped
2026-06-12 16:30:50.697 [INFO ] [Test worker] [f.c.r.s.CacheRefreshEventListener] [TranId: ] [BizTranId: ] [TraceId: ] [SpanId: ] [DynLevel: ] - CMN cache refresh event polling disabled
2026-06-12 16:30:52.208 [INFO ] [Test worker] [o.s.b.t.m.w.SpringBootMockServletContext] [TranId: ] [BizTranId: ] [TraceId: ] [SpanId: ] [DynLevel: ] - Initializing Spring TestDispatcherServlet ''
2026-06-12 16:30:52.209 [INFO ] [Test worker] [o.s.t.w.s.TestDispatcherServlet] [TranId: ] [BizTranId: ] [TraceId: ] [SpanId: ] [DynLevel: ] - Initializing Servlet ''
2026-06-12 16:30:52.211 [INFO ] [Test worker] [o.s.t.w.s.TestDispatcherServlet] [TranId: ] [BizTranId: ] [TraceId: ] [SpanId: ] [DynLevel: ] - Completed initialization in 1 ms
2026-06-12 16:30:52.422 [INFO ] [Test worker] [o.s.s.config.TaskSchedulerRouter] [TranId: ] [BizTranId: ] [TraceId: ] [SpanId: ] [DynLevel: ] - No TaskScheduler/ScheduledExecutorService bean found for scheduled processing
2026-06-12 16:30:52.451 [INFO ] [Test worker] [f.m.b.c.MbrControllerValidationTest] [TranId: ] [BizTranId: ] [TraceId: ] [SpanId: ] [DynLevel: ] - Started MbrControllerValidationTest in 5.098 seconds (process running for 6.345)
2026-06-12 16:30:52.766 [INFO ] [Test worker] [f.pfw.common.logging.LoggingAspect] [TranId: 20260611141234567MBRmbrAP010000001] [BizTranId: MBR01BSE0002] [TraceId: TRACE-TEST-001] [SpanId: SPN-9a9b6342-10c6-42fe-99c1-3df6b08ad14a] [DynLevel: ] - Transaction started. transactionId=20260611141234567MBRmbrAP010000001, businessTransactionId=MBR01BSE0002, businessTransactionName=회원기본상세조회, traceId=TRACE-TEST-001, spanId=SPN-9a9b6342-10c6-42fe-99c1-3df6b08ad14a, moduleId=MBR, sequenceNo=1, workflowInstanceId=None, workflowStepId=None, method=GET, uri=/mbr/detail, controller=MbrController.getDetail(..), executionClass=fps.mbr.bse.controller.MbrController, executionMethod=getDetail, clientIp=10.10.10.10, parameters=memberId=[0], requestBody=[0]
2026-06-12 16:30:52.992 [INFO ] [Test worker] [com.zaxxer.hikari.HikariDataSource] [TranId: 20260611141234567MBRmbrAP010000001] [BizTranId: MBR01BSE0002] [TraceId: TRACE-TEST-001] [SpanId: SPN-9a9b6342-10c6-42fe-99c1-3df6b08ad14a] [DynLevel: ] - HikariPool-1 - Starting...
2026-06-12 16:30:54.366 [INFO ] [Test worker] [o.s.t.c.s.AnnotationConfigContextLoaderUtils] [TranId: ] [BizTranId: ] [TraceId: ] [SpanId: ] [DynLevel: ] - Could not detect default configuration classes for test class [fps.mbr.MbrApplicationTests]: MbrApplicationTests does not declare any static, non-private, non-final, nested classes annotated with @Configuration.
2026-06-12 16:30:54.394 [INFO ] [Test worker] [o.s.b.t.c.SpringBootTestContextBootstrapper] [TranId: ] [BizTranId: ] [TraceId: ] [SpanId: ] [DynLevel: ] - Found @SpringBootConfiguration fps.mbr.MbrApplication for test class fps.mbr.MbrApplicationTests
2026-06-12 16:30:54.473 [INFO ] [Test worker] [fps.mbr.MbrApplicationTests] [TranId: ] [BizTranId: ] [TraceId: ] [SpanId: ] [DynLevel: ] - Starting MbrApplicationTests using Java 21.0.7 with PID 30284 (started by 11096 in D:\WORK_FPS\202412_01_FPS\mbr)
2026-06-12 16:30:54.473 [INFO ] [Test worker] [fps.mbr.MbrApplicationTests] [TranId: ] [BizTranId: ] [TraceId: ] [SpanId: ] [DynLevel: ] - No active profile set, falling back to 1 default profile: "default"
2026-06-12 16:30:55.568 [INFO ] [Test worker] [f.c.msg.service.MessageCacheService] [TranId: ] [BizTranId: ] [TraceId: ] [SpanId: ] [DynLevel: ] - Message cache preload skipped
2026-06-12 16:30:55.705 [INFO ] [Test worker] [f.cmn.cde.service.CodeCacheService] [TranId: ] [BizTranId: ] [TraceId: ] [SpanId: ] [DynLevel: ] - Code cache preload skipped
2026-06-12 16:30:55.717 [INFO ] [Test worker] [f.cmn.cfg.service.ConfigCacheService] [TranId: ] [BizTranId: ] [TraceId: ] [SpanId: ] [DynLevel: ] - Config cache preload skipped
2026-06-12 16:30:55.726 [INFO ] [Test worker] [f.c.r.s.CacheRefreshEventListener] [TranId: ] [BizTranId: ] [TraceId: ] [SpanId: ] [DynLevel: ] - CMN cache refresh event polling disabled
2026-06-12 16:30:56.870 [INFO ] [Test worker] [fps.mbr.MbrApplicationTests] [TranId: ] [BizTranId: ] [TraceId: ] [SpanId: ] [DynLevel: ] - Started MbrApplicationTests in 2.47 seconds (process running for 10.764)
