2026-07-08 09:43:20.610 [INFO ] [background-preinit] [o.h.validator.internal.util.Version] [TranId: ] [BizTranId: ] [TraceId: ] [SpanId: ] [DynLevel: ] - HV000001: Hibernate Validator 8.0.3.Final
2026-07-08 09:43:20.668 [INFO ] [Test worker] [cpf.mbr.MbrApplicationTests] [TranId: ] [BizTranId: ] [TraceId: ] [SpanId: ] [DynLevel: ] - Starting MbrApplicationTests using Java 21.0.7 with PID 25104 (started by 11096 in D:\WORK_CPF\202412_01_CPF\mbr)
2026-07-08 09:43:20.670 [INFO ] [Test worker] [cpf.mbr.MbrApplicationTests] [TranId: ] [BizTranId: ] [TraceId: ] [SpanId: ] [DynLevel: ] - No active profile set, falling back to 1 default profile: "default"
2026-07-08 09:43:23.854 [INFO ] [Test worker] [c.c.msg.service.MessageCacheService] [TranId: ] [BizTranId: ] [TraceId: ] [SpanId: ] [DynLevel: ] - Message cache preload skipped
2026-07-08 09:43:23.922 [INFO ] [Test worker] [c.c.m.s.ResponseCodeCacheService] [TranId: ] [BizTranId: ] [TraceId: ] [SpanId: ] [DynLevel: ] - Response code cache preload skipped
2026-07-08 09:43:24.289 [INFO ] [Test worker] [c.cmn.cde.service.CodeCacheService] [TranId: ] [BizTranId: ] [TraceId: ] [SpanId: ] [DynLevel: ] - Code cache preload skipped
2026-07-08 09:43:24.308 [INFO ] [Test worker] [c.cmn.cfg.service.ConfigCacheService] [TranId: ] [BizTranId: ] [TraceId: ] [SpanId: ] [DynLevel: ] - Config cache preload skipped
2026-07-08 09:43:24.398 [INFO ] [Test worker] [c.c.r.s.CacheRefreshEventListener] [TranId: ] [BizTranId: ] [TraceId: ] [SpanId: ] [DynLevel: ] - CMN cache refresh event polling disabled
2026-07-08 09:43:28.327 [INFO ] [Test worker] [cpf.mbr.MbrApplicationTests] [TranId: ] [BizTranId: ] [TraceId: ] [SpanId: ] [DynLevel: ] - Started MbrApplicationTests in 8.444 seconds (process running for 11.94)
2026-07-08 09:43:28.462 [INFO ] [Test worker] [o.s.t.c.s.AnnotationConfigContextLoaderUtils] [TranId: ] [BizTranId: ] [TraceId: ] [SpanId: ] [DynLevel: ] - Could not detect default configuration classes for test class [cpf.mbr.bse.controller.MbrControllerValidationTest]: MbrControllerValidationTest does not declare any static, non-private, non-final, nested classes annotated with @Configuration.
2026-07-08 09:43:28.567 [INFO ] [Test worker] [o.s.b.t.c.SpringBootTestContextBootstrapper] [TranId: ] [BizTranId: ] [TraceId: ] [SpanId: ] [DynLevel: ] - Found @SpringBootConfiguration cpf.mbr.MbrApplication for test class cpf.mbr.bse.controller.MbrControllerValidationTest
2026-07-08 09:43:28.675 [INFO ] [Test worker] [c.m.b.c.MbrControllerValidationTest] [TranId: ] [BizTranId: ] [TraceId: ] [SpanId: ] [DynLevel: ] - Starting MbrControllerValidationTest using Java 21.0.7 with PID 25104 (started by 11096 in D:\WORK_CPF\202412_01_CPF\mbr)
2026-07-08 09:43:28.676 [INFO ] [Test worker] [c.m.b.c.MbrControllerValidationTest] [TranId: ] [BizTranId: ] [TraceId: ] [SpanId: ] [DynLevel: ] - No active profile set, falling back to 1 default profile: "default"
2026-07-08 09:43:29.192 [INFO ] [Test worker] [c.c.msg.service.MessageCacheService] [TranId: ] [BizTranId: ] [TraceId: ] [SpanId: ] [DynLevel: ] - Message cache preload skipped
2026-07-08 09:43:29.224 [INFO ] [Test worker] [c.c.m.s.ResponseCodeCacheService] [TranId: ] [BizTranId: ] [TraceId: ] [SpanId: ] [DynLevel: ] - Response code cache preload skipped
2026-07-08 09:43:29.331 [INFO ] [Test worker] [c.cmn.cde.service.CodeCacheService] [TranId: ] [BizTranId: ] [TraceId: ] [SpanId: ] [DynLevel: ] - Code cache preload skipped
2026-07-08 09:43:29.347 [INFO ] [Test worker] [c.cmn.cfg.service.ConfigCacheService] [TranId: ] [BizTranId: ] [TraceId: ] [SpanId: ] [DynLevel: ] - Config cache preload skipped
2026-07-08 09:43:29.368 [INFO ] [Test worker] [c.c.r.s.CacheRefreshEventListener] [TranId: ] [BizTranId: ] [TraceId: ] [SpanId: ] [DynLevel: ] - CMN cache refresh event polling disabled
2026-07-08 09:43:29.718 [INFO ] [Test worker] [o.s.b.t.m.w.SpringBootMockServletContext] [TranId: ] [BizTranId: ] [TraceId: ] [SpanId: ] [DynLevel: ] - Initializing Spring TestDispatcherServlet ''
2026-07-08 09:43:29.719 [INFO ] [Test worker] [o.s.t.w.s.TestDispatcherServlet] [TranId: ] [BizTranId: ] [TraceId: ] [SpanId: ] [DynLevel: ] - Initializing Servlet ''
2026-07-08 09:43:29.721 [INFO ] [Test worker] [o.s.t.w.s.TestDispatcherServlet] [TranId: ] [BizTranId: ] [TraceId: ] [SpanId: ] [DynLevel: ] - Completed initialization in 2 ms
2026-07-08 09:43:29.896 [INFO ] [Test worker] [o.s.s.config.TaskSchedulerRouter] [TranId: ] [BizTranId: ] [TraceId: ] [SpanId: ] [DynLevel: ] - No TaskScheduler/ScheduledExecutorService bean found for scheduled processing
2026-07-08 09:43:29.900 [INFO ] [Test worker] [c.m.b.c.MbrControllerValidationTest] [TranId: ] [BizTranId: ] [TraceId: ] [SpanId: ] [DynLevel: ] - Started MbrControllerValidationTest in 1.326 seconds (process running for 13.514)
2026-07-08 09:43:30.155 [INFO ] [Test worker] [com.zaxxer.hikari.HikariDataSource] [TranId: 20260611141234567MBRmbrAP010000001] [BizTranId: ] [TraceId: TRACE-TEST-001] [SpanId: SPN-b09c3701-1737-4759-8319-1624dabd9fca] [DynLevel: ] - HikariPool-1 - Starting...
2026-07-08 09:43:31.313 [INFO ] [Test worker] [com.zaxxer.hikari.HikariDataSource] [TranId: 20260611141234567MBRmbrAP010000001] [BizTranId: ] [TraceId: TRACE-TEST-001] [SpanId: SPN-b09c3701-1737-4759-8319-1624dabd9fca] [DynLevel: ] - HikariPool-1 - Starting...
2026-07-08 09:43:32.329 [INFO ] [Test worker] [c.pfw.common.logging.LoggingAspect] [TranId: 20260611141234567MBRmbrAP010000001] [BizTranId: MBR01BSE0002] [TraceId: TRACE-TEST-001] [SpanId: SPN-b09c3701-1737-4759-8319-1624dabd9fca] [DynLevel: ] - Transaction started. transactionId=20260611141234567MBRmbrAP010000001, businessTransactionId=MBR01BSE0002, businessTransactionName=MBRMemberDetail, traceId=TRACE-TEST-001, spanId=SPN-b09c3701-1737-4759-8319-1624dabd9fca, moduleId=MBR, sequenceNo=1, workflowInstanceId=None, workflowStepId=None, method=GET, uri=/mbr/detail, controller=MbrController.getDetail(..), executionClass=cpf.mbr.bse.controller.MbrController, executionMethod=getDetail, clientIp=127.0.0.1, parameters=memberId=[0], requestBody=null
2026-07-08 09:43:32.376 [INFO ] [Test worker] [c.pfw.common.logging.LoggingAspect] [TranId: 20260611141234567MBRmbrAP010000001] [BizTranId: MBR01BSE0002] [TraceId: TRACE-TEST-001] [SpanId: SPN-b09c3701-1737-4759-8319-1624dabd9fca] [DynLevel: ] - Transaction failed. transactionId=20260611141234567MBRmbrAP010000001, traceId=TRACE-TEST-001, spanId=SPN-b09c3701-1737-4759-8319-1624dabd9fca, moduleId=MBR, sequenceNo=1, workflowStatus=NONE, compensationYn=N, durationMs=2258, error=getDetail.memberId: memberId must be positive
jakarta.validation.ConstraintViolationException: getDetail.memberId: memberId must be positive
	at org.springframework.validation.beanvalidation.MethodValidationInterceptor.invoke(MethodValidationInterceptor.java:168)
	at org.springframework.aop.framework.ReflectiveMethodInvocation.proceed(ReflectiveMethodInvocation.java:184)
	at org.springframework.aop.aspectj.MethodInvocationProceedingJoinPoint.proceed(MethodInvocationProceedingJoinPoint.java:89)
	at cpf.pfw.common.logging.LoggingAspect.logTransaction(LoggingAspect.java:168)
	at java.base/jdk.internal.reflect.DirectMethodHandleAccessor.invoke(DirectMethodHandleAccessor.java:103)
	at java.base/java.lang.reflect.Method.invoke(Method.java:580)
	at org.springframework.aop.aspectj.AbstractAspectJAdvice.invokeAdviceMethodWithGivenArgs(AbstractAspectJAdvice.java:649)
	at org.springframework.aop.aspectj.AbstractAspectJAdvice.invokeAdviceMethod(AbstractAspectJAdvice.java:631)
	at org.springframework.aop.aspectj.AspectJAroundAdvice.invoke(AspectJAroundAdvice.java:71)
	at org.springframework.aop.framework.ReflectiveMethodInvocation.proceed(ReflectiveMethodInvocation.java:184)
	at org.springframework.aop.interceptor.ExposeInvocationInterceptor.invoke(ExposeInvocationInterceptor.java:97)
	at org.springframework.aop.framework.ReflectiveMethodInvocation.proceed(ReflectiveMethodInvocation.java:184)
	at org.springframework.aop.framework.CglibAopProxy$DynamicAdvisedInterceptor.intercept(CglibAopProxy.java:728)
	at cpf.mbr.bse.controller.MbrController$$SpringCGLIB$$0.getDetail(<generated>)
	at java.base/jdk.internal.reflect.DirectMethodHandleAccessor.invoke(DirectMethodHandleAccessor.java:103)
	at java.base/java.lang.reflect.Method.invoke(Method.java:580)
	at org.springframework.web.method.support.InvocableHandlerMethod.doInvoke(InvocableHandlerMethod.java:258)
	at org.springframework.web.method.support.InvocableHandlerMethod.invokeForRequest(InvocableHandlerMethod.java:191)
	at org.springframework.web.servlet.mvc.method.annotation.ServletInvocableHandlerMethod.invokeAndHandle(ServletInvocableHandlerMethod.java:118)
	at org.springframework.web.servlet.mvc.method.annotation.RequestMappingHandlerAdapter.invokeHandlerMethod(RequestMappingHandlerAdapter.java:991)
	at org.springframework.web.servlet.mvc.method.annotation.RequestMappingHandlerAdapter.handleInternal(RequestMappingHandlerAdapter.java:896)
	at org.springframework.web.servlet.mvc.method.AbstractHandlerMethodAdapter.handle(AbstractHandlerMethodAdapter.java:87)
	at org.springframework.web.servlet.DispatcherServlet.doDispatch(DispatcherServlet.java:1089)
	at org.springframework.web.servlet.DispatcherServlet.doService(DispatcherServlet.java:979)
	at org.springframework.web.servlet.FrameworkServlet.processRequest(FrameworkServlet.java:1014)
	at org.springframework.web.servlet.FrameworkServlet.doGet(FrameworkServlet.java:903)
	at jakarta.servlet.http.HttpServlet.service(HttpServlet.java:564)
	at org.springframework.web.servlet.FrameworkServlet.service(FrameworkServlet.java:885)
	at org.springframework.test.web.servlet.TestDispatcherServlet.service(TestDispatcherServlet.java:72)
	at jakarta.servlet.http.HttpServlet.service(HttpServlet.java:658)
	at org.springframework.mock.web.MockFilterChain$ServletFilterProxy.doFilter(MockFilterChain.java:165)
	at org.springframework.mock.web.MockFilterChain.doFilter(MockFilterChain.java:132)
	at cpf.mbr.common.filter.SecurityHeaderFilter.doFilterInternal(SecurityHeaderFilter.java:27)
	at org.springframework.web.filter.OncePerRequestFilter.doFilter(OncePerRequestFilter.java:116)
	at org.springframework.test.web.servlet.setup.MockMvcFilterDecorator.doFilter(MockMvcFilterDecorator.java:162)
	at org.springframework.mock.web.MockFilterChain.doFilter(MockFilterChain.java:132)
	at org.springframework.web.filter.RequestContextFilter.doFilterInternal(RequestContextFilter.java:100)
	at org.springframework.web.filter.OncePerRequestFilter.doFilter(OncePerRequestFilter.java:116)
	at org.springframework.test.web.servlet.setup.MockMvcFilterDecorator.doFilter(MockMvcFilterDecorator.java:162)
	at org.springframework.mock.web.MockFilterChain.doFilter(MockFilterChain.java:132)
	at org.springframework.web.filter.FormContentFilter.doFilterInternal(FormContentFilter.java:93)
	at org.springframework.web.filter.OncePerRequestFilter.doFilter(OncePerRequestFilter.java:116)
	at org.springframework.test.web.servlet.setup.MockMvcFilterDecorator.doFilter(MockMvcFilterDecorator.java:162)
	at org.springframework.mock.web.MockFilterChain.doFilter(MockFilterChain.java:132)
	at org.springframework.web.filter.CharacterEncodingFilter.doFilterInternal(CharacterEncodingFilter.java:201)
	at org.springframework.web.filter.OncePerRequestFilter.doFilter(OncePerRequestFilter.java:116)
	at org.springframework.test.web.servlet.setup.MockMvcFilterDecorator.doFilter(MockMvcFilterDecorator.java:162)
	at org.springframework.mock.web.MockFilterChain.doFilter(MockFilterChain.java:132)
	at cpf.pfw.common.filter.TransactionContextFilter.doFilterInternal(TransactionContextFilter.java:53)
	at org.springframework.web.filter.OncePerRequestFilter.doFilter(OncePerRequestFilter.java:116)
	at org.springframework.test.web.servlet.setup.MockMvcFilterDecorator.doFilter(MockMvcFilterDecorator.java:162)
	at org.springframework.mock.web.MockFilterChain.doFilter(MockFilterChain.java:132)
	at cpf.pfw.config.PfwOpenApiAutoConfiguration.lambda$cpfSwaggerUiHtmlRedirectFilter$0(PfwOpenApiAutoConfiguration.java:117)
	at org.springframework.test.web.servlet.setup.MockMvcFilterDecorator.doFilter(MockMvcFilterDecorator.java:162)
	at org.springframework.mock.web.MockFilterChain.doFilter(MockFilterChain.java:132)
	at org.springframework.test.web.servlet.MockMvc.perform(MockMvc.java:201)
	at cpf.mbr.bse.controller.MbrControllerValidationTest.detailRejectsInvalidMemberIdQueryParameter(MbrControllerValidationTest.java:67)
	at java.base/jdk.internal.reflect.DirectMethodHandleAccessor.invoke(DirectMethodHandleAccessor.java:103)
	at java.base/java.lang.reflect.Method.invoke(Method.java:580)
	at org.junit.platform.commons.util.ReflectionUtils.invokeMethod(ReflectionUtils.java:767)
	at org.junit.jupiter.engine.execution.MethodInvocation.proceed(MethodInvocation.java:60)
	at org.junit.jupiter.engine.execution.InvocationInterceptorChain$ValidatingInvocation.proceed(InvocationInterceptorChain.java:131)
	at org.junit.jupiter.engine.extension.TimeoutExtension.intercept(TimeoutExtension.java:156)
	at org.junit.jupiter.engine.extension.TimeoutExtension.interceptTestableMethod(TimeoutExtension.java:147)
	at org.junit.jupiter.engine.extension.TimeoutExtension.interceptTestMethod(TimeoutExtension.java:86)
	at org.junit.jupiter.engine.execution.InterceptingExecutableInvoker$ReflectiveInterceptorCall.lambda$ofVoidMethod$0(InterceptingExecutableInvoker.java:103)
	at org.junit.jupiter.engine.execution.InterceptingExecutableInvoker.lambda$invoke$0(InterceptingExecutableInvoker.java:93)
	at org.junit.jupiter.engine.execution.InvocationInterceptorChain$InterceptedInvocation.proceed(InvocationInterceptorChain.java:106)
	at org.junit.jupiter.engine.execution.InvocationInterceptorChain.proceed(InvocationInterceptorChain.java:64)
	at org.junit.jupiter.engine.execution.InvocationInterceptorChain.chainAndInvoke(InvocationInterceptorChain.java:45)
	at org.junit.jupiter.engine.execution.InvocationInterceptorChain.invoke(InvocationInterceptorChain.java:37)
	at org.junit.jupiter.engine.execution.InterceptingExecutableInvoker.invoke(InterceptingExecutableInvoker.java:92)
	at org.junit.jupiter.engine.execution.InterceptingExecutableInvoker.invoke(InterceptingExecutableInvoker.java:86)
	at org.junit.jupiter.engine.descriptor.TestMethodTestDescriptor.lambda$invokeTestMethod$8(TestMethodTestDescriptor.java:217)
	at org.junit.platform.engine.support.hierarchical.ThrowableCollector.execute(ThrowableCollector.java:73)
	at org.junit.jupiter.engine.descriptor.TestMethodTestDescriptor.invokeTestMethod(TestMethodTestDescriptor.java:213)
	at org.junit.jupiter.engine.descriptor.TestMethodTestDescriptor.execute(TestMethodTestDescriptor.java:138)
	at org.junit.jupiter.engine.descriptor.TestMethodTestDescriptor.execute(TestMethodTestDescriptor.java:68)
	at org.junit.platform.engine.support.hierarchical.NodeTestTask.lambda$executeRecursively$6(NodeTestTask.java:156)
	at org.junit.platform.engine.support.hierarchical.ThrowableCollector.execute(ThrowableCollector.java:73)
	at org.junit.platform.engine.support.hierarchical.NodeTestTask.lambda$executeRecursively$8(NodeTestTask.java:146)
	at org.junit.platform.engine.support.hierarchical.Node.around(Node.java:137)
	at org.junit.platform.engine.support.hierarchical.NodeTestTask.lambda$executeRecursively$9(NodeTestTask.java:144)
	at org.junit.platform.engine.support.hierarchical.ThrowableCollector.execute(ThrowableCollector.java:73)
	at org.junit.platform.engine.support.hierarchical.NodeTestTask.executeRecursively(NodeTestTask.java:143)
	at org.junit.platform.engine.support.hierarchical.NodeTestTask.execute(NodeTestTask.java:100)
	at java.base/java.util.ArrayList.forEach(ArrayList.java:1596)
	at org.junit.platform.engine.support.hierarchical.SameThreadHierarchicalTestExecutorService.invokeAll(SameThreadHierarchicalTestExecutorService.java:41)
	at org.junit.platform.engine.support.hierarchical.NodeTestTask.lambda$executeRecursively$6(NodeTestTask.java:160)
	at org.junit.platform.engine.support.hierarchical.ThrowableCollector.execute(ThrowableCollector.java:73)
	at org.junit.platform.engine.support.hierarchical.NodeTestTask.lambda$executeRecursively$8(NodeTestTask.java:146)
	at org.junit.platform.engine.support.hierarchical.Node.around(Node.java:137)
	at org.junit.platform.engine.support.hierarchical.NodeTestTask.lambda$executeRecursively$9(NodeTestTask.java:144)
	at org.junit.platform.engine.support.hierarchical.ThrowableCollector.execute(ThrowableCollector.java:73)
	at org.junit.platform.engine.support.hierarchical.NodeTestTask.executeRecursively(NodeTestTask.java:143)
	at org.junit.platform.engine.support.hierarchical.NodeTestTask.execute(NodeTestTask.java:100)
	at java.base/java.util.ArrayList.forEach(ArrayList.java:1596)
	at org.junit.platform.engine.support.hierarchical.SameThreadHierarchicalTestExecutorService.invokeAll(SameThreadHierarchicalTestExecutorService.java:41)
	at org.junit.platform.engine.support.hierarchical.NodeTestTask.lambda$executeRecursively$6(NodeTestTask.java:160)
	at org.junit.platform.engine.support.hierarchical.ThrowableCollector.execute(ThrowableCollector.java:73)
	at org.junit.platform.engine.support.hierarchical.NodeTestTask.lambda$executeRecursively$8(NodeTestTask.java:146)
	at org.junit.platform.engine.support.hierarchical.Node.around(Node.java:137)
	at org.junit.platform.engine.support.hierarchical.NodeTestTask.lambda$executeRecursively$9(NodeTestTask.java:144)
	at org.junit.platform.engine.support.hierarchical.ThrowableCollector.execute(ThrowableCollector.java:73)
	at org.junit.platform.engine.support.hierarchical.NodeTestTask.executeRecursively(NodeTestTask.java:143)
	at org.junit.platform.engine.support.hierarchical.NodeTestTask.execute(NodeTestTask.java:100)
	at org.junit.platform.engine.support.hierarchical.SameThreadHierarchicalTestExecutorService.submit(SameThreadHierarchicalTestExecutorService.java:35)
	at org.junit.platform.engine.support.hierarchical.HierarchicalTestExecutor.execute(HierarchicalTestExecutor.java:57)
	at org.junit.platform.engine.support.hierarchical.HierarchicalTestEngine.execute(HierarchicalTestEngine.java:54)
	at org.junit.platform.launcher.core.EngineExecutionOrchestrator.execute(EngineExecutionOrchestrator.java:198)
	at org.junit.platform.launcher.core.EngineExecutionOrchestrator.execute(EngineExecutionOrchestrator.java:169)
	at org.junit.platform.launcher.core.EngineExecutionOrchestrator.execute(EngineExecutionOrchestrator.java:93)
	at org.junit.platform.launcher.core.EngineExecutionOrchestrator.lambda$execute$0(EngineExecutionOrchestrator.java:58)
	at org.junit.platform.launcher.core.EngineExecutionOrchestrator.withInterceptedStreams(EngineExecutionOrchestrator.java:141)
	at org.junit.platform.launcher.core.EngineExecutionOrchestrator.execute(EngineExecutionOrchestrator.java:57)
	at org.junit.platform.launcher.core.DefaultLauncher.execute(DefaultLauncher.java:103)
	at org.junit.platform.launcher.core.DefaultLauncher.execute(DefaultLauncher.java:85)
	at org.junit.platform.launcher.core.DelegatingLauncher.execute(DelegatingLauncher.java:47)
	at org.gradle.api.internal.tasks.testing.junitplatform.JUnitPlatformTestClassProcessor$CollectAllTestClassesExecutor.processAllTestClasses(JUnitPlatformTestClassProcessor.java:124)
	at org.gradle.api.internal.tasks.testing.junitplatform.JUnitPlatformTestClassProcessor$CollectAllTestClassesExecutor.access$000(JUnitPlatformTestClassProcessor.java:99)
	at org.gradle.api.internal.tasks.testing.junitplatform.JUnitPlatformTestClassProcessor.stop(JUnitPlatformTestClassProcessor.java:94)
	at org.gradle.api.internal.tasks.testing.SuiteTestClassProcessor.stop(SuiteTestClassProcessor.java:63)
	at java.base/jdk.internal.reflect.DirectMethodHandleAccessor.invoke(DirectMethodHandleAccessor.java:103)
	at java.base/java.lang.reflect.Method.invoke(Method.java:580)
	at org.gradle.internal.dispatch.ReflectionDispatch.dispatch(ReflectionDispatch.java:36)
	at org.gradle.internal.dispatch.ReflectionDispatch.dispatch(ReflectionDispatch.java:24)
	at org.gradle.internal.dispatch.ContextClassLoaderDispatch.dispatch(ContextClassLoaderDispatch.java:33)
	at org.gradle.internal.dispatch.ProxyDispatchAdapter$DispatchingInvocationHandler.invoke(ProxyDispatchAdapter.java:92)
	at jdk.proxy1/jdk.proxy1.$Proxy4.stop(Unknown Source)
	at org.gradle.api.internal.tasks.testing.worker.TestWorker$3.run(TestWorker.java:200)
	at org.gradle.api.internal.tasks.testing.worker.TestWorker.executeAndMaintainThreadName(TestWorker.java:132)
	at org.gradle.api.internal.tasks.testing.worker.TestWorker.execute(TestWorker.java:103)
	at org.gradle.api.internal.tasks.testing.worker.TestWorker.execute(TestWorker.java:63)
	at org.gradle.process.internal.worker.child.ActionExecutionWorker.execute(ActionExecutionWorker.java:56)
	at org.gradle.process.internal.worker.child.SystemApplicationClassLoaderWorker.call(SystemApplicationClassLoaderWorker.java:121)
	at org.gradle.process.internal.worker.child.SystemApplicationClassLoaderWorker.call(SystemApplicationClassLoaderWorker.java:71)
	at worker.org.gradle.process.internal.worker.GradleWorkerMain.run(GradleWorkerMain.java:69)
	at worker.org.gradle.process.internal.worker.GradleWorkerMain.main(GradleWorkerMain.java:74)
2026-07-08 09:43:32.438 [INFO ] [Test worker] [com.zaxxer.hikari.HikariDataSource] [TranId: 20260611141234567MBRmbrAP010000001] [BizTranId: MBR01BSE0002] [TraceId: TRACE-TEST-001] [SpanId: SPN-b09c3701-1737-4759-8319-1624dabd9fca] [DynLevel: ] - HikariPool-1 - Starting...
2026-07-08 09:43:33.585 [INFO ] [Test worker] [com.zaxxer.hikari.HikariDataSource] [TranId: 20260708094333554MBRlocal010000001] [BizTranId: ] [TraceId: b8c6b5ee-4a41-477e-ad29-1d51a44e8f2d] [SpanId: SPN-1348373f-af27-4cae-a4a5-c2ca97d13510] [DynLevel: ] - HikariPool-2 - Starting...
2026-07-08 10:56:00.018 [INFO ] [background-preinit] [o.h.validator.internal.util.Version] [TranId: ] [BizTranId: ] [TraceId: ] [SpanId: ] [DynLevel: ] - HV000001: Hibernate Validator 8.0.3.Final
2026-07-08 10:56:00.092 [INFO ] [Test worker] [cpf.mbr.MbrApplicationTests] [TranId: ] [BizTranId: ] [TraceId: ] [SpanId: ] [DynLevel: ] - Starting MbrApplicationTests using Java 21.0.7 with PID 19508 (started by 11096 in D:\WORK_CPF\202412_01_CPF\mbr)
2026-07-08 10:56:00.096 [INFO ] [Test worker] [cpf.mbr.MbrApplicationTests] [TranId: ] [BizTranId: ] [TraceId: ] [SpanId: ] [DynLevel: ] - No active profile set, falling back to 1 default profile: "default"
2026-07-08 10:56:04.702 [INFO ] [Test worker] [c.c.msg.service.MessageCacheService] [TranId: ] [BizTranId: ] [TraceId: ] [SpanId: ] [DynLevel: ] - Message cache preload skipped
2026-07-08 10:56:04.800 [INFO ] [Test worker] [c.c.m.s.ResponseCodeCacheService] [TranId: ] [BizTranId: ] [TraceId: ] [SpanId: ] [DynLevel: ] - Response code cache preload skipped
2026-07-08 10:56:05.705 [INFO ] [Test worker] [c.cmn.cde.service.CodeCacheService] [TranId: ] [BizTranId: ] [TraceId: ] [SpanId: ] [DynLevel: ] - Code cache preload skipped
2026-07-08 10:56:05.739 [INFO ] [Test worker] [c.cmn.cfg.service.ConfigCacheService] [TranId: ] [BizTranId: ] [TraceId: ] [SpanId: ] [DynLevel: ] - Config cache preload skipped
2026-07-08 10:56:05.944 [INFO ] [Test worker] [c.c.r.s.CacheRefreshEventListener] [TranId: ] [BizTranId: ] [TraceId: ] [SpanId: ] [DynLevel: ] - CMN cache refresh event polling disabled
2026-07-08 10:56:13.072 [INFO ] [Test worker] [cpf.mbr.MbrApplicationTests] [TranId: ] [BizTranId: ] [TraceId: ] [SpanId: ] [DynLevel: ] - Started MbrApplicationTests in 13.722 seconds (process running for 16.375)
2026-07-08 10:56:13.239 [INFO ] [Test worker] [o.s.t.c.s.AnnotationConfigContextLoaderUtils] [TranId: ] [BizTranId: ] [TraceId: ] [SpanId: ] [DynLevel: ] - Could not detect default configuration classes for test class [cpf.mbr.bse.controller.MbrControllerValidationTest]: MbrControllerValidationTest does not declare any static, non-private, non-final, nested classes annotated with @Configuration.
2026-07-08 10:56:13.405 [INFO ] [Test worker] [o.s.b.t.c.SpringBootTestContextBootstrapper] [TranId: ] [BizTranId: ] [TraceId: ] [SpanId: ] [DynLevel: ] - Found @SpringBootConfiguration cpf.mbr.MbrApplication for test class cpf.mbr.bse.controller.MbrControllerValidationTest
2026-07-08 10:56:13.647 [INFO ] [Test worker] [c.m.b.c.MbrControllerValidationTest] [TranId: ] [BizTranId: ] [TraceId: ] [SpanId: ] [DynLevel: ] - Starting MbrControllerValidationTest using Java 21.0.7 with PID 19508 (started by 11096 in D:\WORK_CPF\202412_01_CPF\mbr)
2026-07-08 10:56:13.650 [INFO ] [Test worker] [c.m.b.c.MbrControllerValidationTest] [TranId: ] [BizTranId: ] [TraceId: ] [SpanId: ] [DynLevel: ] - No active profile set, falling back to 1 default profile: "default"
2026-07-08 10:56:14.722 [INFO ] [Test worker] [c.c.msg.service.MessageCacheService] [TranId: ] [BizTranId: ] [TraceId: ] [SpanId: ] [DynLevel: ] - Message cache preload skipped
2026-07-08 10:56:14.774 [INFO ] [Test worker] [c.c.m.s.ResponseCodeCacheService] [TranId: ] [BizTranId: ] [TraceId: ] [SpanId: ] [DynLevel: ] - Response code cache preload skipped
2026-07-08 10:56:15.045 [INFO ] [Test worker] [c.cmn.cde.service.CodeCacheService] [TranId: ] [BizTranId: ] [TraceId: ] [SpanId: ] [DynLevel: ] - Code cache preload skipped
2026-07-08 10:56:15.074 [INFO ] [Test worker] [c.cmn.cfg.service.ConfigCacheService] [TranId: ] [BizTranId: ] [TraceId: ] [SpanId: ] [DynLevel: ] - Config cache preload skipped
2026-07-08 10:56:15.113 [INFO ] [Test worker] [c.c.r.s.CacheRefreshEventListener] [TranId: ] [BizTranId: ] [TraceId: ] [SpanId: ] [DynLevel: ] - CMN cache refresh event polling disabled
2026-07-08 10:56:15.666 [INFO ] [Test worker] [o.s.b.t.m.w.SpringBootMockServletContext] [TranId: ] [BizTranId: ] [TraceId: ] [SpanId: ] [DynLevel: ] - Initializing Spring TestDispatcherServlet ''
2026-07-08 10:56:15.667 [INFO ] [Test worker] [o.s.t.w.s.TestDispatcherServlet] [TranId: ] [BizTranId: ] [TraceId: ] [SpanId: ] [DynLevel: ] - Initializing Servlet ''
2026-07-08 10:56:15.669 [INFO ] [Test worker] [o.s.t.w.s.TestDispatcherServlet] [TranId: ] [BizTranId: ] [TraceId: ] [SpanId: ] [DynLevel: ] - Completed initialization in 1 ms
2026-07-08 10:56:15.760 [INFO ] [Test worker] [o.s.s.config.TaskSchedulerRouter] [TranId: ] [BizTranId: ] [TraceId: ] [SpanId: ] [DynLevel: ] - No TaskScheduler/ScheduledExecutorService bean found for scheduled processing
2026-07-08 10:56:15.764 [INFO ] [Test worker] [c.m.b.c.MbrControllerValidationTest] [TranId: ] [BizTranId: ] [TraceId: ] [SpanId: ] [DynLevel: ] - Started MbrControllerValidationTest in 2.349 seconds (process running for 19.066)
2026-07-08 10:56:15.915 [INFO ] [Test worker] [com.zaxxer.hikari.HikariDataSource] [TranId: 20260611141234567MBRmbrAP010000001] [BizTranId: ] [TraceId: TRACE-TEST-001] [SpanId: SPN-63d29cc9-3f3e-427d-80ce-769e7850c8bf] [DynLevel: ] - HikariPool-1 - Starting...
2026-07-08 10:56:17.038 [INFO ] [Test worker] [com.zaxxer.hikari.HikariDataSource] [TranId: 20260611141234567MBRmbrAP010000001] [BizTranId: ] [TraceId: TRACE-TEST-001] [SpanId: SPN-63d29cc9-3f3e-427d-80ce-769e7850c8bf] [DynLevel: ] - HikariPool-1 - Starting...
2026-07-08 10:56:18.069 [INFO ] [Test worker] [c.pfw.common.logging.LoggingAspect] [TranId: 20260611141234567MBRmbrAP010000001] [BizTranId: MBR01BSE0002] [TraceId: TRACE-TEST-001] [SpanId: SPN-63d29cc9-3f3e-427d-80ce-769e7850c8bf] [DynLevel: ] - Transaction started. transactionId=20260611141234567MBRmbrAP010000001, businessTransactionId=MBR01BSE0002, businessTransactionName=MBRMemberDetail, traceId=TRACE-TEST-001, spanId=SPN-63d29cc9-3f3e-427d-80ce-769e7850c8bf, moduleId=MBR, sequenceNo=1, workflowInstanceId=None, workflowStepId=None, method=GET, uri=/mbr/detail, controller=MbrController.getDetail(..), executionClass=cpf.mbr.bse.controller.MbrController, executionMethod=getDetail, clientIp=127.0.0.1, parameters=memberId=[0], requestBody=null
2026-07-08 10:56:18.187 [INFO ] [Test worker] [c.pfw.common.logging.LoggingAspect] [TranId: 20260611141234567MBRmbrAP010000001] [BizTranId: MBR01BSE0002] [TraceId: TRACE-TEST-001] [SpanId: SPN-63d29cc9-3f3e-427d-80ce-769e7850c8bf] [DynLevel: ] - Transaction failed. transactionId=20260611141234567MBRmbrAP010000001, traceId=TRACE-TEST-001, spanId=SPN-63d29cc9-3f3e-427d-80ce-769e7850c8bf, moduleId=MBR, sequenceNo=1, workflowStatus=NONE, compensationYn=N, durationMs=2298, error=getDetail.memberId: memberId must be positive
jakarta.validation.ConstraintViolationException: getDetail.memberId: memberId must be positive
	at org.springframework.validation.beanvalidation.MethodValidationInterceptor.invoke(MethodValidationInterceptor.java:168)
	at org.springframework.aop.framework.ReflectiveMethodInvocation.proceed(ReflectiveMethodInvocation.java:184)
	at org.springframework.aop.aspectj.MethodInvocationProceedingJoinPoint.proceed(MethodInvocationProceedingJoinPoint.java:89)
	at cpf.pfw.common.logging.LoggingAspect.logTransaction(LoggingAspect.java:168)
	at java.base/jdk.internal.reflect.DirectMethodHandleAccessor.invoke(DirectMethodHandleAccessor.java:103)
	at java.base/java.lang.reflect.Method.invoke(Method.java:580)
	at org.springframework.aop.aspectj.AbstractAspectJAdvice.invokeAdviceMethodWithGivenArgs(AbstractAspectJAdvice.java:649)
	at org.springframework.aop.aspectj.AbstractAspectJAdvice.invokeAdviceMethod(AbstractAspectJAdvice.java:631)
	at org.springframework.aop.aspectj.AspectJAroundAdvice.invoke(AspectJAroundAdvice.java:71)
	at org.springframework.aop.framework.ReflectiveMethodInvocation.proceed(ReflectiveMethodInvocation.java:184)
	at org.springframework.aop.interceptor.ExposeInvocationInterceptor.invoke(ExposeInvocationInterceptor.java:97)
	at org.springframework.aop.framework.ReflectiveMethodInvocation.proceed(ReflectiveMethodInvocation.java:184)
	at org.springframework.aop.framework.CglibAopProxy$DynamicAdvisedInterceptor.intercept(CglibAopProxy.java:728)
	at cpf.mbr.bse.controller.MbrController$$SpringCGLIB$$0.getDetail(<generated>)
	at java.base/jdk.internal.reflect.DirectMethodHandleAccessor.invoke(DirectMethodHandleAccessor.java:103)
	at java.base/java.lang.reflect.Method.invoke(Method.java:580)
	at org.springframework.web.method.support.InvocableHandlerMethod.doInvoke(InvocableHandlerMethod.java:258)
	at org.springframework.web.method.support.InvocableHandlerMethod.invokeForRequest(InvocableHandlerMethod.java:191)
	at org.springframework.web.servlet.mvc.method.annotation.ServletInvocableHandlerMethod.invokeAndHandle(ServletInvocableHandlerMethod.java:118)
	at org.springframework.web.servlet.mvc.method.annotation.RequestMappingHandlerAdapter.invokeHandlerMethod(RequestMappingHandlerAdapter.java:991)
	at org.springframework.web.servlet.mvc.method.annotation.RequestMappingHandlerAdapter.handleInternal(RequestMappingHandlerAdapter.java:896)
	at org.springframework.web.servlet.mvc.method.AbstractHandlerMethodAdapter.handle(AbstractHandlerMethodAdapter.java:87)
	at org.springframework.web.servlet.DispatcherServlet.doDispatch(DispatcherServlet.java:1089)
	at org.springframework.web.servlet.DispatcherServlet.doService(DispatcherServlet.java:979)
	at org.springframework.web.servlet.FrameworkServlet.processRequest(FrameworkServlet.java:1014)
	at org.springframework.web.servlet.FrameworkServlet.doGet(FrameworkServlet.java:903)
	at jakarta.servlet.http.HttpServlet.service(HttpServlet.java:564)
	at org.springframework.web.servlet.FrameworkServlet.service(FrameworkServlet.java:885)
	at org.springframework.test.web.servlet.TestDispatcherServlet.service(TestDispatcherServlet.java:72)
	at jakarta.servlet.http.HttpServlet.service(HttpServlet.java:658)
	at org.springframework.mock.web.MockFilterChain$ServletFilterProxy.doFilter(MockFilterChain.java:165)
	at org.springframework.mock.web.MockFilterChain.doFilter(MockFilterChain.java:132)
	at cpf.mbr.common.filter.SecurityHeaderFilter.doFilterInternal(SecurityHeaderFilter.java:27)
	at org.springframework.web.filter.OncePerRequestFilter.doFilter(OncePerRequestFilter.java:116)
	at org.springframework.test.web.servlet.setup.MockMvcFilterDecorator.doFilter(MockMvcFilterDecorator.java:162)
	at org.springframework.mock.web.MockFilterChain.doFilter(MockFilterChain.java:132)
	at org.springframework.web.filter.RequestContextFilter.doFilterInternal(RequestContextFilter.java:100)
	at org.springframework.web.filter.OncePerRequestFilter.doFilter(OncePerRequestFilter.java:116)
	at org.springframework.test.web.servlet.setup.MockMvcFilterDecorator.doFilter(MockMvcFilterDecorator.java:162)
	at org.springframework.mock.web.MockFilterChain.doFilter(MockFilterChain.java:132)
	at org.springframework.web.filter.FormContentFilter.doFilterInternal(FormContentFilter.java:93)
	at org.springframework.web.filter.OncePerRequestFilter.doFilter(OncePerRequestFilter.java:116)
	at org.springframework.test.web.servlet.setup.MockMvcFilterDecorator.doFilter(MockMvcFilterDecorator.java:162)
	at org.springframework.mock.web.MockFilterChain.doFilter(MockFilterChain.java:132)
	at org.springframework.web.filter.CharacterEncodingFilter.doFilterInternal(CharacterEncodingFilter.java:201)
	at org.springframework.web.filter.OncePerRequestFilter.doFilter(OncePerRequestFilter.java:116)
	at org.springframework.test.web.servlet.setup.MockMvcFilterDecorator.doFilter(MockMvcFilterDecorator.java:162)
	at org.springframework.mock.web.MockFilterChain.doFilter(MockFilterChain.java:132)
	at cpf.pfw.common.filter.TransactionContextFilter.doFilterInternal(TransactionContextFilter.java:53)
	at org.springframework.web.filter.OncePerRequestFilter.doFilter(OncePerRequestFilter.java:116)
	at org.springframework.test.web.servlet.setup.MockMvcFilterDecorator.doFilter(MockMvcFilterDecorator.java:162)
	at org.springframework.mock.web.MockFilterChain.doFilter(MockFilterChain.java:132)
	at cpf.pfw.config.PfwOpenApiAutoConfiguration.lambda$cpfSwaggerUiHtmlRedirectFilter$0(PfwOpenApiAutoConfiguration.java:117)
	at org.springframework.test.web.servlet.setup.MockMvcFilterDecorator.doFilter(MockMvcFilterDecorator.java:162)
	at org.springframework.mock.web.MockFilterChain.doFilter(MockFilterChain.java:132)
	at org.springframework.test.web.servlet.MockMvc.perform(MockMvc.java:201)
	at cpf.mbr.bse.controller.MbrControllerValidationTest.detailRejectsInvalidMemberIdQueryParameter(MbrControllerValidationTest.java:67)
	at java.base/jdk.internal.reflect.DirectMethodHandleAccessor.invoke(DirectMethodHandleAccessor.java:103)
	at java.base/java.lang.reflect.Method.invoke(Method.java:580)
	at org.junit.platform.commons.util.ReflectionUtils.invokeMethod(ReflectionUtils.java:767)
	at org.junit.jupiter.engine.execution.MethodInvocation.proceed(MethodInvocation.java:60)
	at org.junit.jupiter.engine.execution.InvocationInterceptorChain$ValidatingInvocation.proceed(InvocationInterceptorChain.java:131)
	at org.junit.jupiter.engine.extension.TimeoutExtension.intercept(TimeoutExtension.java:156)
	at org.junit.jupiter.engine.extension.TimeoutExtension.interceptTestableMethod(TimeoutExtension.java:147)
	at org.junit.jupiter.engine.extension.TimeoutExtension.interceptTestMethod(TimeoutExtension.java:86)
	at org.junit.jupiter.engine.execution.InterceptingExecutableInvoker$ReflectiveInterceptorCall.lambda$ofVoidMethod$0(InterceptingExecutableInvoker.java:103)
	at org.junit.jupiter.engine.execution.InterceptingExecutableInvoker.lambda$invoke$0(InterceptingExecutableInvoker.java:93)
	at org.junit.jupiter.engine.execution.InvocationInterceptorChain$InterceptedInvocation.proceed(InvocationInterceptorChain.java:106)
	at org.junit.jupiter.engine.execution.InvocationInterceptorChain.proceed(InvocationInterceptorChain.java:64)
	at org.junit.jupiter.engine.execution.InvocationInterceptorChain.chainAndInvoke(InvocationInterceptorChain.java:45)
	at org.junit.jupiter.engine.execution.InvocationInterceptorChain.invoke(InvocationInterceptorChain.java:37)
	at org.junit.jupiter.engine.execution.InterceptingExecutableInvoker.invoke(InterceptingExecutableInvoker.java:92)
	at org.junit.jupiter.engine.execution.InterceptingExecutableInvoker.invoke(InterceptingExecutableInvoker.java:86)
	at org.junit.jupiter.engine.descriptor.TestMethodTestDescriptor.lambda$invokeTestMethod$8(TestMethodTestDescriptor.java:217)
	at org.junit.platform.engine.support.hierarchical.ThrowableCollector.execute(ThrowableCollector.java:73)
	at org.junit.jupiter.engine.descriptor.TestMethodTestDescriptor.invokeTestMethod(TestMethodTestDescriptor.java:213)
	at org.junit.jupiter.engine.descriptor.TestMethodTestDescriptor.execute(TestMethodTestDescriptor.java:138)
	at org.junit.jupiter.engine.descriptor.TestMethodTestDescriptor.execute(TestMethodTestDescriptor.java:68)
	at org.junit.platform.engine.support.hierarchical.NodeTestTask.lambda$executeRecursively$6(NodeTestTask.java:156)
	at org.junit.platform.engine.support.hierarchical.ThrowableCollector.execute(ThrowableCollector.java:73)
	at org.junit.platform.engine.support.hierarchical.NodeTestTask.lambda$executeRecursively$8(NodeTestTask.java:146)
	at org.junit.platform.engine.support.hierarchical.Node.around(Node.java:137)
	at org.junit.platform.engine.support.hierarchical.NodeTestTask.lambda$executeRecursively$9(NodeTestTask.java:144)
	at org.junit.platform.engine.support.hierarchical.ThrowableCollector.execute(ThrowableCollector.java:73)
	at org.junit.platform.engine.support.hierarchical.NodeTestTask.executeRecursively(NodeTestTask.java:143)
	at org.junit.platform.engine.support.hierarchical.NodeTestTask.execute(NodeTestTask.java:100)
	at java.base/java.util.ArrayList.forEach(ArrayList.java:1596)
	at org.junit.platform.engine.support.hierarchical.SameThreadHierarchicalTestExecutorService.invokeAll(SameThreadHierarchicalTestExecutorService.java:41)
	at org.junit.platform.engine.support.hierarchical.NodeTestTask.lambda$executeRecursively$6(NodeTestTask.java:160)
	at org.junit.platform.engine.support.hierarchical.ThrowableCollector.execute(ThrowableCollector.java:73)
	at org.junit.platform.engine.support.hierarchical.NodeTestTask.lambda$executeRecursively$8(NodeTestTask.java:146)
	at org.junit.platform.engine.support.hierarchical.Node.around(Node.java:137)
	at org.junit.platform.engine.support.hierarchical.NodeTestTask.lambda$executeRecursively$9(NodeTestTask.java:144)
	at org.junit.platform.engine.support.hierarchical.ThrowableCollector.execute(ThrowableCollector.java:73)
	at org.junit.platform.engine.support.hierarchical.NodeTestTask.executeRecursively(NodeTestTask.java:143)
	at org.junit.platform.engine.support.hierarchical.NodeTestTask.execute(NodeTestTask.java:100)
	at java.base/java.util.ArrayList.forEach(ArrayList.java:1596)
	at org.junit.platform.engine.support.hierarchical.SameThreadHierarchicalTestExecutorService.invokeAll(SameThreadHierarchicalTestExecutorService.java:41)
	at org.junit.platform.engine.support.hierarchical.NodeTestTask.lambda$executeRecursively$6(NodeTestTask.java:160)
	at org.junit.platform.engine.support.hierarchical.ThrowableCollector.execute(ThrowableCollector.java:73)
	at org.junit.platform.engine.support.hierarchical.NodeTestTask.lambda$executeRecursively$8(NodeTestTask.java:146)
	at org.junit.platform.engine.support.hierarchical.Node.around(Node.java:137)
	at org.junit.platform.engine.support.hierarchical.NodeTestTask.lambda$executeRecursively$9(NodeTestTask.java:144)
	at org.junit.platform.engine.support.hierarchical.ThrowableCollector.execute(ThrowableCollector.java:73)
	at org.junit.platform.engine.support.hierarchical.NodeTestTask.executeRecursively(NodeTestTask.java:143)
	at org.junit.platform.engine.support.hierarchical.NodeTestTask.execute(NodeTestTask.java:100)
	at org.junit.platform.engine.support.hierarchical.SameThreadHierarchicalTestExecutorService.submit(SameThreadHierarchicalTestExecutorService.java:35)
	at org.junit.platform.engine.support.hierarchical.HierarchicalTestExecutor.execute(HierarchicalTestExecutor.java:57)
	at org.junit.platform.engine.support.hierarchical.HierarchicalTestEngine.execute(HierarchicalTestEngine.java:54)
	at org.junit.platform.launcher.core.EngineExecutionOrchestrator.execute(EngineExecutionOrchestrator.java:198)
	at org.junit.platform.launcher.core.EngineExecutionOrchestrator.execute(EngineExecutionOrchestrator.java:169)
	at org.junit.platform.launcher.core.EngineExecutionOrchestrator.execute(EngineExecutionOrchestrator.java:93)
	at org.junit.platform.launcher.core.EngineExecutionOrchestrator.lambda$execute$0(EngineExecutionOrchestrator.java:58)
	at org.junit.platform.launcher.core.EngineExecutionOrchestrator.withInterceptedStreams(EngineExecutionOrchestrator.java:141)
	at org.junit.platform.launcher.core.EngineExecutionOrchestrator.execute(EngineExecutionOrchestrator.java:57)
	at org.junit.platform.launcher.core.DefaultLauncher.execute(DefaultLauncher.java:103)
	at org.junit.platform.launcher.core.DefaultLauncher.execute(DefaultLauncher.java:85)
	at org.junit.platform.launcher.core.DelegatingLauncher.execute(DelegatingLauncher.java:47)
	at org.gradle.api.internal.tasks.testing.junitplatform.JUnitPlatformTestClassProcessor$CollectAllTestClassesExecutor.processAllTestClasses(JUnitPlatformTestClassProcessor.java:124)
	at org.gradle.api.internal.tasks.testing.junitplatform.JUnitPlatformTestClassProcessor$CollectAllTestClassesExecutor.access$000(JUnitPlatformTestClassProcessor.java:99)
	at org.gradle.api.internal.tasks.testing.junitplatform.JUnitPlatformTestClassProcessor.stop(JUnitPlatformTestClassProcessor.java:94)
	at org.gradle.api.internal.tasks.testing.SuiteTestClassProcessor.stop(SuiteTestClassProcessor.java:63)
	at java.base/jdk.internal.reflect.DirectMethodHandleAccessor.invoke(DirectMethodHandleAccessor.java:103)
	at java.base/java.lang.reflect.Method.invoke(Method.java:580)
	at org.gradle.internal.dispatch.ReflectionDispatch.dispatch(ReflectionDispatch.java:36)
	at org.gradle.internal.dispatch.ReflectionDispatch.dispatch(ReflectionDispatch.java:24)
	at org.gradle.internal.dispatch.ContextClassLoaderDispatch.dispatch(ContextClassLoaderDispatch.java:33)
	at org.gradle.internal.dispatch.ProxyDispatchAdapter$DispatchingInvocationHandler.invoke(ProxyDispatchAdapter.java:92)
	at jdk.proxy1/jdk.proxy1.$Proxy4.stop(Unknown Source)
	at org.gradle.api.internal.tasks.testing.worker.TestWorker$3.run(TestWorker.java:200)
	at org.gradle.api.internal.tasks.testing.worker.TestWorker.executeAndMaintainThreadName(TestWorker.java:132)
	at org.gradle.api.internal.tasks.testing.worker.TestWorker.execute(TestWorker.java:103)
	at org.gradle.api.internal.tasks.testing.worker.TestWorker.execute(TestWorker.java:63)
	at org.gradle.process.internal.worker.child.ActionExecutionWorker.execute(ActionExecutionWorker.java:56)
	at org.gradle.process.internal.worker.child.SystemApplicationClassLoaderWorker.call(SystemApplicationClassLoaderWorker.java:121)
	at org.gradle.process.internal.worker.child.SystemApplicationClassLoaderWorker.call(SystemApplicationClassLoaderWorker.java:71)
	at worker.org.gradle.process.internal.worker.GradleWorkerMain.run(GradleWorkerMain.java:69)
	at worker.org.gradle.process.internal.worker.GradleWorkerMain.main(GradleWorkerMain.java:74)
2026-07-08 10:56:18.294 [INFO ] [Test worker] [com.zaxxer.hikari.HikariDataSource] [TranId: 20260611141234567MBRmbrAP010000001] [BizTranId: MBR01BSE0002] [TraceId: TRACE-TEST-001] [SpanId: SPN-63d29cc9-3f3e-427d-80ce-769e7850c8bf] [DynLevel: ] - HikariPool-1 - Starting...
2026-07-08 10:56:19.592 [INFO ] [Test worker] [com.zaxxer.hikari.HikariDataSource] [TranId: 20260708105619563MBRlocal010000001] [BizTranId: ] [TraceId: 0b07a890-da8f-4a1a-8edc-0ecbacdbc0f7] [SpanId: SPN-25491a47-6f1d-42fa-acbe-d31c0d777d3e] [DynLevel: ] - HikariPool-2 - Starting...
2026-07-08 11:56:45.537 [INFO ] [background-preinit] [o.h.validator.internal.util.Version] [TranId: ] [BizTranId: ] [TraceId: ] [SpanId: ] [DynLevel: ] - HV000001: Hibernate Validator 8.0.3.Final
2026-07-08 11:56:45.635 [INFO ] [Test worker] [cpf.mbr.MbrApplicationTests] [TranId: ] [BizTranId: ] [TraceId: ] [SpanId: ] [DynLevel: ] - Starting MbrApplicationTests using Java 21.0.7 with PID 28888 (started by 11096 in D:\WORK_CPF\202412_01_CPF\mbr)
2026-07-08 11:56:45.639 [INFO ] [Test worker] [cpf.mbr.MbrApplicationTests] [TranId: ] [BizTranId: ] [TraceId: ] [SpanId: ] [DynLevel: ] - No active profile set, falling back to 1 default profile: "default"
2026-07-08 11:56:50.962 [INFO ] [Test worker] [c.c.msg.service.MessageCacheService] [TranId: ] [BizTranId: ] [TraceId: ] [SpanId: ] [DynLevel: ] - Message cache preload skipped
2026-07-08 11:56:51.064 [INFO ] [Test worker] [c.c.m.s.ResponseCodeCacheService] [TranId: ] [BizTranId: ] [TraceId: ] [SpanId: ] [DynLevel: ] - Response code cache preload skipped
2026-07-08 11:56:51.873 [INFO ] [Test worker] [c.cmn.cde.service.CodeCacheService] [TranId: ] [BizTranId: ] [TraceId: ] [SpanId: ] [DynLevel: ] - Code cache preload skipped
2026-07-08 11:56:52.013 [INFO ] [Test worker] [c.cmn.cfg.service.ConfigCacheService] [TranId: ] [BizTranId: ] [TraceId: ] [SpanId: ] [DynLevel: ] - Config cache preload skipped
2026-07-08 11:56:52.305 [INFO ] [Test worker] [c.c.r.s.CacheRefreshEventListener] [TranId: ] [BizTranId: ] [TraceId: ] [SpanId: ] [DynLevel: ] - CMN cache refresh event polling disabled
2026-07-08 11:56:58.911 [INFO ] [Test worker] [cpf.mbr.MbrApplicationTests] [TranId: ] [BizTranId: ] [TraceId: ] [SpanId: ] [DynLevel: ] - Started MbrApplicationTests in 14.554 seconds (process running for 20.845)
2026-07-08 11:56:59.060 [INFO ] [Test worker] [o.s.t.c.s.AnnotationConfigContextLoaderUtils] [TranId: ] [BizTranId: ] [TraceId: ] [SpanId: ] [DynLevel: ] - Could not detect default configuration classes for test class [cpf.mbr.bse.controller.MbrControllerValidationTest]: MbrControllerValidationTest does not declare any static, non-private, non-final, nested classes annotated with @Configuration.
2026-07-08 11:56:59.193 [INFO ] [Test worker] [o.s.b.t.c.SpringBootTestContextBootstrapper] [TranId: ] [BizTranId: ] [TraceId: ] [SpanId: ] [DynLevel: ] - Found @SpringBootConfiguration cpf.mbr.MbrApplication for test class cpf.mbr.bse.controller.MbrControllerValidationTest
2026-07-08 11:56:59.399 [INFO ] [Test worker] [c.m.b.c.MbrControllerValidationTest] [TranId: ] [BizTranId: ] [TraceId: ] [SpanId: ] [DynLevel: ] - Starting MbrControllerValidationTest using Java 21.0.7 with PID 28888 (started by 11096 in D:\WORK_CPF\202412_01_CPF\mbr)
2026-07-08 11:56:59.400 [INFO ] [Test worker] [c.m.b.c.MbrControllerValidationTest] [TranId: ] [BizTranId: ] [TraceId: ] [SpanId: ] [DynLevel: ] - No active profile set, falling back to 1 default profile: "default"
2026-07-08 11:57:00.301 [INFO ] [Test worker] [c.c.msg.service.MessageCacheService] [TranId: ] [BizTranId: ] [TraceId: ] [SpanId: ] [DynLevel: ] - Message cache preload skipped
2026-07-08 11:57:00.328 [INFO ] [Test worker] [c.c.m.s.ResponseCodeCacheService] [TranId: ] [BizTranId: ] [TraceId: ] [SpanId: ] [DynLevel: ] - Response code cache preload skipped
2026-07-08 11:57:00.590 [INFO ] [Test worker] [c.cmn.cde.service.CodeCacheService] [TranId: ] [BizTranId: ] [TraceId: ] [SpanId: ] [DynLevel: ] - Code cache preload skipped
2026-07-08 11:57:00.611 [INFO ] [Test worker] [c.cmn.cfg.service.ConfigCacheService] [TranId: ] [BizTranId: ] [TraceId: ] [SpanId: ] [DynLevel: ] - Config cache preload skipped
2026-07-08 11:57:00.649 [INFO ] [Test worker] [c.c.r.s.CacheRefreshEventListener] [TranId: ] [BizTranId: ] [TraceId: ] [SpanId: ] [DynLevel: ] - CMN cache refresh event polling disabled
2026-07-08 11:57:01.031 [INFO ] [Test worker] [o.s.b.t.m.w.SpringBootMockServletContext] [TranId: ] [BizTranId: ] [TraceId: ] [SpanId: ] [DynLevel: ] - Initializing Spring TestDispatcherServlet ''
2026-07-08 11:57:01.031 [INFO ] [Test worker] [o.s.t.w.s.TestDispatcherServlet] [TranId: ] [BizTranId: ] [TraceId: ] [SpanId: ] [DynLevel: ] - Initializing Servlet ''
2026-07-08 11:57:01.033 [INFO ] [Test worker] [o.s.t.w.s.TestDispatcherServlet] [TranId: ] [BizTranId: ] [TraceId: ] [SpanId: ] [DynLevel: ] - Completed initialization in 2 ms
2026-07-08 11:57:01.176 [INFO ] [Test worker] [o.s.s.config.TaskSchedulerRouter] [TranId: ] [BizTranId: ] [TraceId: ] [SpanId: ] [DynLevel: ] - No TaskScheduler/ScheduledExecutorService bean found for scheduled processing
2026-07-08 11:57:01.179 [INFO ] [Test worker] [c.m.b.c.MbrControllerValidationTest] [TranId: ] [BizTranId: ] [TraceId: ] [SpanId: ] [DynLevel: ] - Started MbrControllerValidationTest in 1.977 seconds (process running for 23.113)
2026-07-08 11:57:01.373 [INFO ] [Test worker] [com.zaxxer.hikari.HikariDataSource] [TranId: 20260611141234567MBRmbrAP010000001] [BizTranId: ] [TraceId: TRACE-TEST-001] [SpanId: SPN-9ad77f84-698a-48f0-b155-32dfb854d4c6] [DynLevel: ] - HikariPool-1 - Starting...
2026-07-08 11:57:01.574 [INFO ] [Test worker] [com.zaxxer.hikari.pool.HikariPool] [TranId: 20260611141234567MBRmbrAP010000001] [BizTranId: ] [TraceId: TRACE-TEST-001] [SpanId: SPN-9ad77f84-698a-48f0-b155-32dfb854d4c6] [DynLevel: ] - HikariPool-1 - Added connection org.mariadb.jdbc.Connection@5f84a1a6
2026-07-08 11:57:01.578 [INFO ] [Test worker] [com.zaxxer.hikari.HikariDataSource] [TranId: 20260611141234567MBRmbrAP010000001] [BizTranId: ] [TraceId: TRACE-TEST-001] [SpanId: SPN-9ad77f84-698a-48f0-b155-32dfb854d4c6] [DynLevel: ] - HikariPool-1 - Start completed.
2026-07-08 11:57:01.639 [INFO ] [Test worker] [c.pfw.common.logging.LoggingAspect] [TranId: 20260611141234567MBRmbrAP010000001] [BizTranId: MBR01BSE0002] [TraceId: TRACE-TEST-001] [SpanId: SPN-9ad77f84-698a-48f0-b155-32dfb854d4c6] [DynLevel: ] - Transaction started. transactionId=20260611141234567MBRmbrAP010000001, businessTransactionId=MBR01BSE0002, businessTransactionName=MBRMemberDetail, traceId=TRACE-TEST-001, spanId=SPN-9ad77f84-698a-48f0-b155-32dfb854d4c6, moduleId=MBR, sequenceNo=1, workflowInstanceId=None, workflowStepId=None, method=GET, uri=/mbr/detail, controller=MbrController.getDetail(..), executionClass=cpf.mbr.bse.controller.MbrController, executionMethod=getDetail, clientIp=127.0.0.1, parameters=memberId=[0], requestBody=null
2026-07-08 11:57:01.737 [INFO ] [Test worker] [c.pfw.common.logging.LoggingAspect] [TranId: 20260611141234567MBRmbrAP010000001] [BizTranId: MBR01BSE0002] [TraceId: TRACE-TEST-001] [SpanId: SPN-9ad77f84-698a-48f0-b155-32dfb854d4c6] [DynLevel: ] - Transaction failed. transactionId=20260611141234567MBRmbrAP010000001, traceId=TRACE-TEST-001, spanId=SPN-9ad77f84-698a-48f0-b155-32dfb854d4c6, moduleId=MBR, sequenceNo=1, workflowStatus=NONE, compensationYn=N, durationMs=403, error=getDetail.memberId: memberId must be positive
jakarta.validation.ConstraintViolationException: getDetail.memberId: memberId must be positive
	at org.springframework.validation.beanvalidation.MethodValidationInterceptor.invoke(MethodValidationInterceptor.java:168)
	at org.springframework.aop.framework.ReflectiveMethodInvocation.proceed(ReflectiveMethodInvocation.java:184)
	at org.springframework.aop.aspectj.MethodInvocationProceedingJoinPoint.proceed(MethodInvocationProceedingJoinPoint.java:89)
	at cpf.pfw.common.logging.LoggingAspect.logTransaction(LoggingAspect.java:168)
	at java.base/jdk.internal.reflect.DirectMethodHandleAccessor.invoke(DirectMethodHandleAccessor.java:103)
	at java.base/java.lang.reflect.Method.invoke(Method.java:580)
	at org.springframework.aop.aspectj.AbstractAspectJAdvice.invokeAdviceMethodWithGivenArgs(AbstractAspectJAdvice.java:649)
	at org.springframework.aop.aspectj.AbstractAspectJAdvice.invokeAdviceMethod(AbstractAspectJAdvice.java:631)
	at org.springframework.aop.aspectj.AspectJAroundAdvice.invoke(AspectJAroundAdvice.java:71)
	at org.springframework.aop.framework.ReflectiveMethodInvocation.proceed(ReflectiveMethodInvocation.java:184)
	at org.springframework.aop.interceptor.ExposeInvocationInterceptor.invoke(ExposeInvocationInterceptor.java:97)
	at org.springframework.aop.framework.ReflectiveMethodInvocation.proceed(ReflectiveMethodInvocation.java:184)
	at org.springframework.aop.framework.CglibAopProxy$DynamicAdvisedInterceptor.intercept(CglibAopProxy.java:728)
	at cpf.mbr.bse.controller.MbrController$$SpringCGLIB$$0.getDetail(<generated>)
	at java.base/jdk.internal.reflect.DirectMethodHandleAccessor.invoke(DirectMethodHandleAccessor.java:103)
	at java.base/java.lang.reflect.Method.invoke(Method.java:580)
	at org.springframework.web.method.support.InvocableHandlerMethod.doInvoke(InvocableHandlerMethod.java:258)
	at org.springframework.web.method.support.InvocableHandlerMethod.invokeForRequest(InvocableHandlerMethod.java:191)
	at org.springframework.web.servlet.mvc.method.annotation.ServletInvocableHandlerMethod.invokeAndHandle(ServletInvocableHandlerMethod.java:118)
	at org.springframework.web.servlet.mvc.method.annotation.RequestMappingHandlerAdapter.invokeHandlerMethod(RequestMappingHandlerAdapter.java:991)
	at org.springframework.web.servlet.mvc.method.annotation.RequestMappingHandlerAdapter.handleInternal(RequestMappingHandlerAdapter.java:896)
	at org.springframework.web.servlet.mvc.method.AbstractHandlerMethodAdapter.handle(AbstractHandlerMethodAdapter.java:87)
	at org.springframework.web.servlet.DispatcherServlet.doDispatch(DispatcherServlet.java:1089)
	at org.springframework.web.servlet.DispatcherServlet.doService(DispatcherServlet.java:979)
	at org.springframework.web.servlet.FrameworkServlet.processRequest(FrameworkServlet.java:1014)
	at org.springframework.web.servlet.FrameworkServlet.doGet(FrameworkServlet.java:903)
	at jakarta.servlet.http.HttpServlet.service(HttpServlet.java:564)
	at org.springframework.web.servlet.FrameworkServlet.service(FrameworkServlet.java:885)
	at org.springframework.test.web.servlet.TestDispatcherServlet.service(TestDispatcherServlet.java:72)
	at jakarta.servlet.http.HttpServlet.service(HttpServlet.java:658)
	at org.springframework.mock.web.MockFilterChain$ServletFilterProxy.doFilter(MockFilterChain.java:165)
	at org.springframework.mock.web.MockFilterChain.doFilter(MockFilterChain.java:132)
	at cpf.mbr.common.filter.SecurityHeaderFilter.doFilterInternal(SecurityHeaderFilter.java:27)
	at org.springframework.web.filter.OncePerRequestFilter.doFilter(OncePerRequestFilter.java:116)
	at org.springframework.test.web.servlet.setup.MockMvcFilterDecorator.doFilter(MockMvcFilterDecorator.java:162)
	at org.springframework.mock.web.MockFilterChain.doFilter(MockFilterChain.java:132)
	at org.springframework.web.filter.RequestContextFilter.doFilterInternal(RequestContextFilter.java:100)
	at org.springframework.web.filter.OncePerRequestFilter.doFilter(OncePerRequestFilter.java:116)
	at org.springframework.test.web.servlet.setup.MockMvcFilterDecorator.doFilter(MockMvcFilterDecorator.java:162)
	at org.springframework.mock.web.MockFilterChain.doFilter(MockFilterChain.java:132)
	at org.springframework.web.filter.FormContentFilter.doFilterInternal(FormContentFilter.java:93)
	at org.springframework.web.filter.OncePerRequestFilter.doFilter(OncePerRequestFilter.java:116)
	at org.springframework.test.web.servlet.setup.MockMvcFilterDecorator.doFilter(MockMvcFilterDecorator.java:162)
	at org.springframework.mock.web.MockFilterChain.doFilter(MockFilterChain.java:132)
	at org.springframework.web.filter.CharacterEncodingFilter.doFilterInternal(CharacterEncodingFilter.java:201)
	at org.springframework.web.filter.OncePerRequestFilter.doFilter(OncePerRequestFilter.java:116)
	at org.springframework.test.web.servlet.setup.MockMvcFilterDecorator.doFilter(MockMvcFilterDecorator.java:162)
	at org.springframework.mock.web.MockFilterChain.doFilter(MockFilterChain.java:132)
	at cpf.pfw.common.filter.TransactionContextFilter.doFilterInternal(TransactionContextFilter.java:53)
	at org.springframework.web.filter.OncePerRequestFilter.doFilter(OncePerRequestFilter.java:116)
	at org.springframework.test.web.servlet.setup.MockMvcFilterDecorator.doFilter(MockMvcFilterDecorator.java:162)
	at org.springframework.mock.web.MockFilterChain.doFilter(MockFilterChain.java:132)
	at cpf.pfw.config.PfwOpenApiAutoConfiguration.lambda$cpfSwaggerUiHtmlRedirectFilter$0(PfwOpenApiAutoConfiguration.java:117)
	at org.springframework.test.web.servlet.setup.MockMvcFilterDecorator.doFilter(MockMvcFilterDecorator.java:162)
	at org.springframework.mock.web.MockFilterChain.doFilter(MockFilterChain.java:132)
	at org.springframework.test.web.servlet.MockMvc.perform(MockMvc.java:201)
	at cpf.mbr.bse.controller.MbrControllerValidationTest.detailRejectsInvalidMemberIdQueryParameter(MbrControllerValidationTest.java:67)
	at java.base/jdk.internal.reflect.DirectMethodHandleAccessor.invoke(DirectMethodHandleAccessor.java:103)
	at java.base/java.lang.reflect.Method.invoke(Method.java:580)
	at org.junit.platform.commons.util.ReflectionUtils.invokeMethod(ReflectionUtils.java:767)
	at org.junit.jupiter.engine.execution.MethodInvocation.proceed(MethodInvocation.java:60)
	at org.junit.jupiter.engine.execution.InvocationInterceptorChain$ValidatingInvocation.proceed(InvocationInterceptorChain.java:131)
	at org.junit.jupiter.engine.extension.TimeoutExtension.intercept(TimeoutExtension.java:156)
	at org.junit.jupiter.engine.extension.TimeoutExtension.interceptTestableMethod(TimeoutExtension.java:147)
	at org.junit.jupiter.engine.extension.TimeoutExtension.interceptTestMethod(TimeoutExtension.java:86)
	at org.junit.jupiter.engine.execution.InterceptingExecutableInvoker$ReflectiveInterceptorCall.lambda$ofVoidMethod$0(InterceptingExecutableInvoker.java:103)
	at org.junit.jupiter.engine.execution.InterceptingExecutableInvoker.lambda$invoke$0(InterceptingExecutableInvoker.java:93)
	at org.junit.jupiter.engine.execution.InvocationInterceptorChain$InterceptedInvocation.proceed(InvocationInterceptorChain.java:106)
	at org.junit.jupiter.engine.execution.InvocationInterceptorChain.proceed(InvocationInterceptorChain.java:64)
	at org.junit.jupiter.engine.execution.InvocationInterceptorChain.chainAndInvoke(InvocationInterceptorChain.java:45)
	at org.junit.jupiter.engine.execution.InvocationInterceptorChain.invoke(InvocationInterceptorChain.java:37)
	at org.junit.jupiter.engine.execution.InterceptingExecutableInvoker.invoke(InterceptingExecutableInvoker.java:92)
	at org.junit.jupiter.engine.execution.InterceptingExecutableInvoker.invoke(InterceptingExecutableInvoker.java:86)
	at org.junit.jupiter.engine.descriptor.TestMethodTestDescriptor.lambda$invokeTestMethod$8(TestMethodTestDescriptor.java:217)
	at org.junit.platform.engine.support.hierarchical.ThrowableCollector.execute(ThrowableCollector.java:73)
	at org.junit.jupiter.engine.descriptor.TestMethodTestDescriptor.invokeTestMethod(TestMethodTestDescriptor.java:213)
	at org.junit.jupiter.engine.descriptor.TestMethodTestDescriptor.execute(TestMethodTestDescriptor.java:138)
	at org.junit.jupiter.engine.descriptor.TestMethodTestDescriptor.execute(TestMethodTestDescriptor.java:68)
	at org.junit.platform.engine.support.hierarchical.NodeTestTask.lambda$executeRecursively$6(NodeTestTask.java:156)
	at org.junit.platform.engine.support.hierarchical.ThrowableCollector.execute(ThrowableCollector.java:73)
	at org.junit.platform.engine.support.hierarchical.NodeTestTask.lambda$executeRecursively$8(NodeTestTask.java:146)
	at org.junit.platform.engine.support.hierarchical.Node.around(Node.java:137)
	at org.junit.platform.engine.support.hierarchical.NodeTestTask.lambda$executeRecursively$9(NodeTestTask.java:144)
	at org.junit.platform.engine.support.hierarchical.ThrowableCollector.execute(ThrowableCollector.java:73)
	at org.junit.platform.engine.support.hierarchical.NodeTestTask.executeRecursively(NodeTestTask.java:143)
	at org.junit.platform.engine.support.hierarchical.NodeTestTask.execute(NodeTestTask.java:100)
	at java.base/java.util.ArrayList.forEach(ArrayList.java:1596)
	at org.junit.platform.engine.support.hierarchical.SameThreadHierarchicalTestExecutorService.invokeAll(SameThreadHierarchicalTestExecutorService.java:41)
	at org.junit.platform.engine.support.hierarchical.NodeTestTask.lambda$executeRecursively$6(NodeTestTask.java:160)
	at org.junit.platform.engine.support.hierarchical.ThrowableCollector.execute(ThrowableCollector.java:73)
	at org.junit.platform.engine.support.hierarchical.NodeTestTask.lambda$executeRecursively$8(NodeTestTask.java:146)
	at org.junit.platform.engine.support.hierarchical.Node.around(Node.java:137)
	at org.junit.platform.engine.support.hierarchical.NodeTestTask.lambda$executeRecursively$9(NodeTestTask.java:144)
	at org.junit.platform.engine.support.hierarchical.ThrowableCollector.execute(ThrowableCollector.java:73)
	at org.junit.platform.engine.support.hierarchical.NodeTestTask.executeRecursively(NodeTestTask.java:143)
	at org.junit.platform.engine.support.hierarchical.NodeTestTask.execute(NodeTestTask.java:100)
	at java.base/java.util.ArrayList.forEach(ArrayList.java:1596)
	at org.junit.platform.engine.support.hierarchical.SameThreadHierarchicalTestExecutorService.invokeAll(SameThreadHierarchicalTestExecutorService.java:41)
	at org.junit.platform.engine.support.hierarchical.NodeTestTask.lambda$executeRecursively$6(NodeTestTask.java:160)
	at org.junit.platform.engine.support.hierarchical.ThrowableCollector.execute(ThrowableCollector.java:73)
	at org.junit.platform.engine.support.hierarchical.NodeTestTask.lambda$executeRecursively$8(NodeTestTask.java:146)
	at org.junit.platform.engine.support.hierarchical.Node.around(Node.java:137)
	at org.junit.platform.engine.support.hierarchical.NodeTestTask.lambda$executeRecursively$9(NodeTestTask.java:144)
	at org.junit.platform.engine.support.hierarchical.ThrowableCollector.execute(ThrowableCollector.java:73)
	at org.junit.platform.engine.support.hierarchical.NodeTestTask.executeRecursively(NodeTestTask.java:143)
	at org.junit.platform.engine.support.hierarchical.NodeTestTask.execute(NodeTestTask.java:100)
	at org.junit.platform.engine.support.hierarchical.SameThreadHierarchicalTestExecutorService.submit(SameThreadHierarchicalTestExecutorService.java:35)
	at org.junit.platform.engine.support.hierarchical.HierarchicalTestExecutor.execute(HierarchicalTestExecutor.java:57)
	at org.junit.platform.engine.support.hierarchical.HierarchicalTestEngine.execute(HierarchicalTestEngine.java:54)
	at org.junit.platform.launcher.core.EngineExecutionOrchestrator.execute(EngineExecutionOrchestrator.java:198)
	at org.junit.platform.launcher.core.EngineExecutionOrchestrator.execute(EngineExecutionOrchestrator.java:169)
	at org.junit.platform.launcher.core.EngineExecutionOrchestrator.execute(EngineExecutionOrchestrator.java:93)
	at org.junit.platform.launcher.core.EngineExecutionOrchestrator.lambda$execute$0(EngineExecutionOrchestrator.java:58)
	at org.junit.platform.launcher.core.EngineExecutionOrchestrator.withInterceptedStreams(EngineExecutionOrchestrator.java:141)
	at org.junit.platform.launcher.core.EngineExecutionOrchestrator.execute(EngineExecutionOrchestrator.java:57)
	at org.junit.platform.launcher.core.DefaultLauncher.execute(DefaultLauncher.java:103)
	at org.junit.platform.launcher.core.DefaultLauncher.execute(DefaultLauncher.java:85)
	at org.junit.platform.launcher.core.DelegatingLauncher.execute(DelegatingLauncher.java:47)
	at org.gradle.api.internal.tasks.testing.junitplatform.JUnitPlatformTestClassProcessor$CollectAllTestClassesExecutor.processAllTestClasses(JUnitPlatformTestClassProcessor.java:124)
	at org.gradle.api.internal.tasks.testing.junitplatform.JUnitPlatformTestClassProcessor$CollectAllTestClassesExecutor.access$000(JUnitPlatformTestClassProcessor.java:99)
	at org.gradle.api.internal.tasks.testing.junitplatform.JUnitPlatformTestClassProcessor.stop(JUnitPlatformTestClassProcessor.java:94)
	at org.gradle.api.internal.tasks.testing.SuiteTestClassProcessor.stop(SuiteTestClassProcessor.java:63)
	at java.base/jdk.internal.reflect.DirectMethodHandleAccessor.invoke(DirectMethodHandleAccessor.java:103)
	at java.base/java.lang.reflect.Method.invoke(Method.java:580)
	at org.gradle.internal.dispatch.ReflectionDispatch.dispatch(ReflectionDispatch.java:36)
	at org.gradle.internal.dispatch.ReflectionDispatch.dispatch(ReflectionDispatch.java:24)
	at org.gradle.internal.dispatch.ContextClassLoaderDispatch.dispatch(ContextClassLoaderDispatch.java:33)
	at org.gradle.internal.dispatch.ProxyDispatchAdapter$DispatchingInvocationHandler.invoke(ProxyDispatchAdapter.java:92)
	at jdk.proxy1/jdk.proxy1.$Proxy4.stop(Unknown Source)
	at org.gradle.api.internal.tasks.testing.worker.TestWorker$3.run(TestWorker.java:200)
	at org.gradle.api.internal.tasks.testing.worker.TestWorker.executeAndMaintainThreadName(TestWorker.java:132)
	at org.gradle.api.internal.tasks.testing.worker.TestWorker.execute(TestWorker.java:103)
	at org.gradle.api.internal.tasks.testing.worker.TestWorker.execute(TestWorker.java:63)
	at org.gradle.process.internal.worker.child.ActionExecutionWorker.execute(ActionExecutionWorker.java:56)
	at org.gradle.process.internal.worker.child.SystemApplicationClassLoaderWorker.call(SystemApplicationClassLoaderWorker.java:121)
	at org.gradle.process.internal.worker.child.SystemApplicationClassLoaderWorker.call(SystemApplicationClassLoaderWorker.java:71)
	at worker.org.gradle.process.internal.worker.GradleWorkerMain.run(GradleWorkerMain.java:69)
	at worker.org.gradle.process.internal.worker.GradleWorkerMain.main(GradleWorkerMain.java:74)
2026-07-08 11:57:02.314 [INFO ] [Test worker] [com.zaxxer.hikari.HikariDataSource] [TranId: 20260708115702284MBRlocal010000001] [BizTranId: ] [TraceId: 92919975-aabd-4987-89a7-290431947f6d] [SpanId: SPN-b55b5a7d-9922-43a3-b4d4-55698088359e] [DynLevel: ] - HikariPool-2 - Starting...
2026-07-08 11:57:04.585 [INFO ] [SpringApplicationShutdownHook] [com.zaxxer.hikari.HikariDataSource] [TranId: ] [BizTranId: ] [TraceId: ] [SpanId: ] [DynLevel: ] - HikariPool-1 - Shutdown initiated...
2026-07-08 11:57:07.066 [INFO ] [SpringApplicationShutdownHook] [com.zaxxer.hikari.HikariDataSource] [TranId: ] [BizTranId: ] [TraceId: ] [SpanId: ] [DynLevel: ] - HikariPool-1 - Shutdown completed.
2026-07-08 17:58:33.221 [INFO ] [background-preinit] [o.h.validator.internal.util.Version] [TranId: ] [BizTranId: ] [TraceId: ] [SpanId: ] [DynLevel: ] - HV000001: Hibernate Validator 8.0.3.Final
2026-07-08 17:58:33.261 [INFO ] [Test worker] [cpf.mbr.MbrApplicationTests] [TranId: ] [BizTranId: ] [TraceId: ] [SpanId: ] [DynLevel: ] - Starting MbrApplicationTests using Java 21.0.7 with PID 35004 (started by 11096 in D:\WORK_CPF\202412_01_CPF\mbr)
2026-07-08 17:58:33.263 [INFO ] [Test worker] [cpf.mbr.MbrApplicationTests] [TranId: ] [BizTranId: ] [TraceId: ] [SpanId: ] [DynLevel: ] - No active profile set, falling back to 1 default profile: "default"
2026-07-08 17:58:35.695 [INFO ] [Test worker] [c.c.msg.service.MessageCacheService] [TranId: ] [BizTranId: ] [TraceId: ] [SpanId: ] [DynLevel: ] - Message cache preload skipped
2026-07-08 17:58:35.766 [INFO ] [Test worker] [c.c.m.s.ResponseCodeCacheService] [TranId: ] [BizTranId: ] [TraceId: ] [SpanId: ] [DynLevel: ] - Response code cache preload skipped
2026-07-08 17:58:36.104 [INFO ] [Test worker] [c.cmn.cde.service.CodeCacheService] [TranId: ] [BizTranId: ] [TraceId: ] [SpanId: ] [DynLevel: ] - Code cache preload skipped
2026-07-08 17:58:36.126 [INFO ] [Test worker] [c.cmn.cfg.service.ConfigCacheService] [TranId: ] [BizTranId: ] [TraceId: ] [SpanId: ] [DynLevel: ] - Config cache preload skipped
2026-07-08 17:58:36.194 [INFO ] [Test worker] [c.c.r.s.CacheRefreshEventListener] [TranId: ] [BizTranId: ] [TraceId: ] [SpanId: ] [DynLevel: ] - CMN cache refresh event polling disabled
2026-07-08 17:58:39.708 [INFO ] [Test worker] [cpf.mbr.MbrApplicationTests] [TranId: ] [BizTranId: ] [TraceId: ] [SpanId: ] [DynLevel: ] - Started MbrApplicationTests in 7.036 seconds (process running for 10.436)
2026-07-08 17:58:39.816 [INFO ] [Test worker] [o.s.t.c.s.AnnotationConfigContextLoaderUtils] [TranId: ] [BizTranId: ] [TraceId: ] [SpanId: ] [DynLevel: ] - Could not detect default configuration classes for test class [cpf.mbr.bse.controller.MbrControllerValidationTest]: MbrControllerValidationTest does not declare any static, non-private, non-final, nested classes annotated with @Configuration.
2026-07-08 17:58:39.896 [INFO ] [Test worker] [o.s.b.t.c.SpringBootTestContextBootstrapper] [TranId: ] [BizTranId: ] [TraceId: ] [SpanId: ] [DynLevel: ] - Found @SpringBootConfiguration cpf.mbr.MbrApplication for test class cpf.mbr.bse.controller.MbrControllerValidationTest
2026-07-08 17:58:39.970 [INFO ] [Test worker] [c.m.b.c.MbrControllerValidationTest] [TranId: ] [BizTranId: ] [TraceId: ] [SpanId: ] [DynLevel: ] - Starting MbrControllerValidationTest using Java 21.0.7 with PID 35004 (started by 11096 in D:\WORK_CPF\202412_01_CPF\mbr)
2026-07-08 17:58:39.971 [INFO ] [Test worker] [c.m.b.c.MbrControllerValidationTest] [TranId: ] [BizTranId: ] [TraceId: ] [SpanId: ] [DynLevel: ] - No active profile set, falling back to 1 default profile: "default"
2026-07-08 17:58:40.375 [INFO ] [Test worker] [c.c.msg.service.MessageCacheService] [TranId: ] [BizTranId: ] [TraceId: ] [SpanId: ] [DynLevel: ] - Message cache preload skipped
2026-07-08 17:58:40.397 [INFO ] [Test worker] [c.c.m.s.ResponseCodeCacheService] [TranId: ] [BizTranId: ] [TraceId: ] [SpanId: ] [DynLevel: ] - Response code cache preload skipped
2026-07-08 17:58:40.516 [INFO ] [Test worker] [c.cmn.cde.service.CodeCacheService] [TranId: ] [BizTranId: ] [TraceId: ] [SpanId: ] [DynLevel: ] - Code cache preload skipped
2026-07-08 17:58:40.526 [INFO ] [Test worker] [c.cmn.cfg.service.ConfigCacheService] [TranId: ] [BizTranId: ] [TraceId: ] [SpanId: ] [DynLevel: ] - Config cache preload skipped
2026-07-08 17:58:40.549 [INFO ] [Test worker] [c.c.r.s.CacheRefreshEventListener] [TranId: ] [BizTranId: ] [TraceId: ] [SpanId: ] [DynLevel: ] - CMN cache refresh event polling disabled
2026-07-08 17:58:40.880 [INFO ] [Test worker] [o.s.b.t.m.w.SpringBootMockServletContext] [TranId: ] [BizTranId: ] [TraceId: ] [SpanId: ] [DynLevel: ] - Initializing Spring TestDispatcherServlet ''
2026-07-08 17:58:40.880 [INFO ] [Test worker] [o.s.t.w.s.TestDispatcherServlet] [TranId: ] [BizTranId: ] [TraceId: ] [SpanId: ] [DynLevel: ] - Initializing Servlet ''
2026-07-08 17:58:40.883 [INFO ] [Test worker] [o.s.t.w.s.TestDispatcherServlet] [TranId: ] [BizTranId: ] [TraceId: ] [SpanId: ] [DynLevel: ] - Completed initialization in 2 ms
2026-07-08 17:58:41.035 [INFO ] [Test worker] [o.s.s.config.TaskSchedulerRouter] [TranId: ] [BizTranId: ] [TraceId: ] [SpanId: ] [DynLevel: ] - No TaskScheduler/ScheduledExecutorService bean found for scheduled processing
2026-07-08 17:58:41.038 [INFO ] [Test worker] [c.m.b.c.MbrControllerValidationTest] [TranId: ] [BizTranId: ] [TraceId: ] [SpanId: ] [DynLevel: ] - Started MbrControllerValidationTest in 1.139 seconds (process running for 11.766)
2026-07-08 17:58:41.186 [INFO ] [Test worker] [com.zaxxer.hikari.HikariDataSource] [TranId: 20260611141234567MBRmbrAP010000001] [BizTranId: ] [TraceId: TRACE-TEST-001] [SpanId: SPN-ec222fa3-6162-410f-8a5c-95d0c1a3c4c8] [DynLevel: ] - HikariPool-1 - Starting...
2026-07-08 17:58:42.285 [INFO ] [Test worker] [com.zaxxer.hikari.HikariDataSource] [TranId: 20260611141234567MBRmbrAP010000001] [BizTranId: ] [TraceId: TRACE-TEST-001] [SpanId: SPN-ec222fa3-6162-410f-8a5c-95d0c1a3c4c8] [DynLevel: ] - HikariPool-1 - Starting...
2026-07-08 17:58:43.298 [INFO ] [Test worker] [c.pfw.common.logging.LoggingAspect] [TranId: 20260611141234567MBRmbrAP010000001] [BizTranId: MBR01BSE0002] [TraceId: TRACE-TEST-001] [SpanId: SPN-ec222fa3-6162-410f-8a5c-95d0c1a3c4c8] [DynLevel: ] - Transaction started. transactionId=20260611141234567MBRmbrAP010000001, businessTransactionId=MBR01BSE0002, businessTransactionName=MBRMemberDetail, traceId=TRACE-TEST-001, spanId=SPN-ec222fa3-6162-410f-8a5c-95d0c1a3c4c8, moduleId=MBR, sequenceNo=1, workflowInstanceId=None, workflowStepId=None, method=GET, uri=/mbr/detail, controller=MbrController.getDetail(..), executionClass=cpf.mbr.bse.controller.MbrController, executionMethod=getDetail, clientIp=127.0.0.1, parameters=memberId=[0], requestBody=null
2026-07-08 17:58:43.330 [INFO ] [Test worker] [c.pfw.common.logging.LoggingAspect] [TranId: 20260611141234567MBRmbrAP010000001] [BizTranId: MBR01BSE0002] [TraceId: TRACE-TEST-001] [SpanId: SPN-ec222fa3-6162-410f-8a5c-95d0c1a3c4c8] [DynLevel: ] - Transaction failed. transactionId=20260611141234567MBRmbrAP010000001, traceId=TRACE-TEST-001, spanId=SPN-ec222fa3-6162-410f-8a5c-95d0c1a3c4c8, moduleId=MBR, sequenceNo=1, workflowStatus=NONE, compensationYn=N, durationMs=2168, error=getDetail.memberId: memberId must be positive
jakarta.validation.ConstraintViolationException: getDetail.memberId: memberId must be positive
	at org.springframework.validation.beanvalidation.MethodValidationInterceptor.invoke(MethodValidationInterceptor.java:168)
	at org.springframework.aop.framework.ReflectiveMethodInvocation.proceed(ReflectiveMethodInvocation.java:184)
	at org.springframework.aop.aspectj.MethodInvocationProceedingJoinPoint.proceed(MethodInvocationProceedingJoinPoint.java:89)
	at cpf.pfw.common.logging.LoggingAspect.logTransaction(LoggingAspect.java:168)
	at java.base/jdk.internal.reflect.DirectMethodHandleAccessor.invoke(DirectMethodHandleAccessor.java:103)
	at java.base/java.lang.reflect.Method.invoke(Method.java:580)
	at org.springframework.aop.aspectj.AbstractAspectJAdvice.invokeAdviceMethodWithGivenArgs(AbstractAspectJAdvice.java:649)
	at org.springframework.aop.aspectj.AbstractAspectJAdvice.invokeAdviceMethod(AbstractAspectJAdvice.java:631)
	at org.springframework.aop.aspectj.AspectJAroundAdvice.invoke(AspectJAroundAdvice.java:71)
	at org.springframework.aop.framework.ReflectiveMethodInvocation.proceed(ReflectiveMethodInvocation.java:184)
	at org.springframework.aop.interceptor.ExposeInvocationInterceptor.invoke(ExposeInvocationInterceptor.java:97)
	at org.springframework.aop.framework.ReflectiveMethodInvocation.proceed(ReflectiveMethodInvocation.java:184)
	at org.springframework.aop.framework.CglibAopProxy$DynamicAdvisedInterceptor.intercept(CglibAopProxy.java:728)
	at cpf.mbr.bse.controller.MbrController$$SpringCGLIB$$0.getDetail(<generated>)
	at java.base/jdk.internal.reflect.DirectMethodHandleAccessor.invoke(DirectMethodHandleAccessor.java:103)
	at java.base/java.lang.reflect.Method.invoke(Method.java:580)
	at org.springframework.web.method.support.InvocableHandlerMethod.doInvoke(InvocableHandlerMethod.java:258)
	at org.springframework.web.method.support.InvocableHandlerMethod.invokeForRequest(InvocableHandlerMethod.java:191)
	at org.springframework.web.servlet.mvc.method.annotation.ServletInvocableHandlerMethod.invokeAndHandle(ServletInvocableHandlerMethod.java:118)
	at org.springframework.web.servlet.mvc.method.annotation.RequestMappingHandlerAdapter.invokeHandlerMethod(RequestMappingHandlerAdapter.java:991)
	at org.springframework.web.servlet.mvc.method.annotation.RequestMappingHandlerAdapter.handleInternal(RequestMappingHandlerAdapter.java:896)
	at org.springframework.web.servlet.mvc.method.AbstractHandlerMethodAdapter.handle(AbstractHandlerMethodAdapter.java:87)
	at org.springframework.web.servlet.DispatcherServlet.doDispatch(DispatcherServlet.java:1089)
	at org.springframework.web.servlet.DispatcherServlet.doService(DispatcherServlet.java:979)
	at org.springframework.web.servlet.FrameworkServlet.processRequest(FrameworkServlet.java:1014)
	at org.springframework.web.servlet.FrameworkServlet.doGet(FrameworkServlet.java:903)
	at jakarta.servlet.http.HttpServlet.service(HttpServlet.java:564)
	at org.springframework.web.servlet.FrameworkServlet.service(FrameworkServlet.java:885)
	at org.springframework.test.web.servlet.TestDispatcherServlet.service(TestDispatcherServlet.java:72)
	at jakarta.servlet.http.HttpServlet.service(HttpServlet.java:658)
	at org.springframework.mock.web.MockFilterChain$ServletFilterProxy.doFilter(MockFilterChain.java:165)
	at org.springframework.mock.web.MockFilterChain.doFilter(MockFilterChain.java:132)
	at cpf.mbr.common.filter.SecurityHeaderFilter.doFilterInternal(SecurityHeaderFilter.java:27)
	at org.springframework.web.filter.OncePerRequestFilter.doFilter(OncePerRequestFilter.java:116)
	at org.springframework.test.web.servlet.setup.MockMvcFilterDecorator.doFilter(MockMvcFilterDecorator.java:162)
	at org.springframework.mock.web.MockFilterChain.doFilter(MockFilterChain.java:132)
	at org.springframework.web.filter.RequestContextFilter.doFilterInternal(RequestContextFilter.java:100)
	at org.springframework.web.filter.OncePerRequestFilter.doFilter(OncePerRequestFilter.java:116)
	at org.springframework.test.web.servlet.setup.MockMvcFilterDecorator.doFilter(MockMvcFilterDecorator.java:162)
	at org.springframework.mock.web.MockFilterChain.doFilter(MockFilterChain.java:132)
	at org.springframework.web.filter.FormContentFilter.doFilterInternal(FormContentFilter.java:93)
	at org.springframework.web.filter.OncePerRequestFilter.doFilter(OncePerRequestFilter.java:116)
	at org.springframework.test.web.servlet.setup.MockMvcFilterDecorator.doFilter(MockMvcFilterDecorator.java:162)
	at org.springframework.mock.web.MockFilterChain.doFilter(MockFilterChain.java:132)
	at org.springframework.web.filter.CharacterEncodingFilter.doFilterInternal(CharacterEncodingFilter.java:201)
	at org.springframework.web.filter.OncePerRequestFilter.doFilter(OncePerRequestFilter.java:116)
	at org.springframework.test.web.servlet.setup.MockMvcFilterDecorator.doFilter(MockMvcFilterDecorator.java:162)
	at org.springframework.mock.web.MockFilterChain.doFilter(MockFilterChain.java:132)
	at cpf.pfw.common.filter.TransactionContextFilter.doFilterInternal(TransactionContextFilter.java:53)
	at org.springframework.web.filter.OncePerRequestFilter.doFilter(OncePerRequestFilter.java:116)
	at org.springframework.test.web.servlet.setup.MockMvcFilterDecorator.doFilter(MockMvcFilterDecorator.java:162)
	at org.springframework.mock.web.MockFilterChain.doFilter(MockFilterChain.java:132)
	at cpf.pfw.config.PfwOpenApiAutoConfiguration.lambda$cpfSwaggerUiHtmlRedirectFilter$0(PfwOpenApiAutoConfiguration.java:117)
	at org.springframework.test.web.servlet.setup.MockMvcFilterDecorator.doFilter(MockMvcFilterDecorator.java:162)
	at org.springframework.mock.web.MockFilterChain.doFilter(MockFilterChain.java:132)
	at org.springframework.test.web.servlet.MockMvc.perform(MockMvc.java:201)
	at cpf.mbr.bse.controller.MbrControllerValidationTest.detailRejectsInvalidMemberIdQueryParameter(MbrControllerValidationTest.java:67)
	at java.base/jdk.internal.reflect.DirectMethodHandleAccessor.invoke(DirectMethodHandleAccessor.java:103)
	at java.base/java.lang.reflect.Method.invoke(Method.java:580)
	at org.junit.platform.commons.util.ReflectionUtils.invokeMethod(ReflectionUtils.java:767)
	at org.junit.jupiter.engine.execution.MethodInvocation.proceed(MethodInvocation.java:60)
	at org.junit.jupiter.engine.execution.InvocationInterceptorChain$ValidatingInvocation.proceed(InvocationInterceptorChain.java:131)
	at org.junit.jupiter.engine.extension.TimeoutExtension.intercept(TimeoutExtension.java:156)
	at org.junit.jupiter.engine.extension.TimeoutExtension.interceptTestableMethod(TimeoutExtension.java:147)
	at org.junit.jupiter.engine.extension.TimeoutExtension.interceptTestMethod(TimeoutExtension.java:86)
	at org.junit.jupiter.engine.execution.InterceptingExecutableInvoker$ReflectiveInterceptorCall.lambda$ofVoidMethod$0(InterceptingExecutableInvoker.java:103)
	at org.junit.jupiter.engine.execution.InterceptingExecutableInvoker.lambda$invoke$0(InterceptingExecutableInvoker.java:93)
	at org.junit.jupiter.engine.execution.InvocationInterceptorChain$InterceptedInvocation.proceed(InvocationInterceptorChain.java:106)
	at org.junit.jupiter.engine.execution.InvocationInterceptorChain.proceed(InvocationInterceptorChain.java:64)
	at org.junit.jupiter.engine.execution.InvocationInterceptorChain.chainAndInvoke(InvocationInterceptorChain.java:45)
	at org.junit.jupiter.engine.execution.InvocationInterceptorChain.invoke(InvocationInterceptorChain.java:37)
	at org.junit.jupiter.engine.execution.InterceptingExecutableInvoker.invoke(InterceptingExecutableInvoker.java:92)
	at org.junit.jupiter.engine.execution.InterceptingExecutableInvoker.invoke(InterceptingExecutableInvoker.java:86)
	at org.junit.jupiter.engine.descriptor.TestMethodTestDescriptor.lambda$invokeTestMethod$8(TestMethodTestDescriptor.java:217)
	at org.junit.platform.engine.support.hierarchical.ThrowableCollector.execute(ThrowableCollector.java:73)
	at org.junit.jupiter.engine.descriptor.TestMethodTestDescriptor.invokeTestMethod(TestMethodTestDescriptor.java:213)
	at org.junit.jupiter.engine.descriptor.TestMethodTestDescriptor.execute(TestMethodTestDescriptor.java:138)
	at org.junit.jupiter.engine.descriptor.TestMethodTestDescriptor.execute(TestMethodTestDescriptor.java:68)
	at org.junit.platform.engine.support.hierarchical.NodeTestTask.lambda$executeRecursively$6(NodeTestTask.java:156)
	at org.junit.platform.engine.support.hierarchical.ThrowableCollector.execute(ThrowableCollector.java:73)
	at org.junit.platform.engine.support.hierarchical.NodeTestTask.lambda$executeRecursively$8(NodeTestTask.java:146)
	at org.junit.platform.engine.support.hierarchical.Node.around(Node.java:137)
	at org.junit.platform.engine.support.hierarchical.NodeTestTask.lambda$executeRecursively$9(NodeTestTask.java:144)
	at org.junit.platform.engine.support.hierarchical.ThrowableCollector.execute(ThrowableCollector.java:73)
	at org.junit.platform.engine.support.hierarchical.NodeTestTask.executeRecursively(NodeTestTask.java:143)
	at org.junit.platform.engine.support.hierarchical.NodeTestTask.execute(NodeTestTask.java:100)
	at java.base/java.util.ArrayList.forEach(ArrayList.java:1596)
	at org.junit.platform.engine.support.hierarchical.SameThreadHierarchicalTestExecutorService.invokeAll(SameThreadHierarchicalTestExecutorService.java:41)
	at org.junit.platform.engine.support.hierarchical.NodeTestTask.lambda$executeRecursively$6(NodeTestTask.java:160)
	at org.junit.platform.engine.support.hierarchical.ThrowableCollector.execute(ThrowableCollector.java:73)
	at org.junit.platform.engine.support.hierarchical.NodeTestTask.lambda$executeRecursively$8(NodeTestTask.java:146)
	at org.junit.platform.engine.support.hierarchical.Node.around(Node.java:137)
	at org.junit.platform.engine.support.hierarchical.NodeTestTask.lambda$executeRecursively$9(NodeTestTask.java:144)
	at org.junit.platform.engine.support.hierarchical.ThrowableCollector.execute(ThrowableCollector.java:73)
	at org.junit.platform.engine.support.hierarchical.NodeTestTask.executeRecursively(NodeTestTask.java:143)
	at org.junit.platform.engine.support.hierarchical.NodeTestTask.execute(NodeTestTask.java:100)
	at java.base/java.util.ArrayList.forEach(ArrayList.java:1596)
	at org.junit.platform.engine.support.hierarchical.SameThreadHierarchicalTestExecutorService.invokeAll(SameThreadHierarchicalTestExecutorService.java:41)
	at org.junit.platform.engine.support.hierarchical.NodeTestTask.lambda$executeRecursively$6(NodeTestTask.java:160)
	at org.junit.platform.engine.support.hierarchical.ThrowableCollector.execute(ThrowableCollector.java:73)
	at org.junit.platform.engine.support.hierarchical.NodeTestTask.lambda$executeRecursively$8(NodeTestTask.java:146)
	at org.junit.platform.engine.support.hierarchical.Node.around(Node.java:137)
	at org.junit.platform.engine.support.hierarchical.NodeTestTask.lambda$executeRecursively$9(NodeTestTask.java:144)
	at org.junit.platform.engine.support.hierarchical.ThrowableCollector.execute(ThrowableCollector.java:73)
	at org.junit.platform.engine.support.hierarchical.NodeTestTask.executeRecursively(NodeTestTask.java:143)
	at org.junit.platform.engine.support.hierarchical.NodeTestTask.execute(NodeTestTask.java:100)
	at org.junit.platform.engine.support.hierarchical.SameThreadHierarchicalTestExecutorService.submit(SameThreadHierarchicalTestExecutorService.java:35)
	at org.junit.platform.engine.support.hierarchical.HierarchicalTestExecutor.execute(HierarchicalTestExecutor.java:57)
	at org.junit.platform.engine.support.hierarchical.HierarchicalTestEngine.execute(HierarchicalTestEngine.java:54)
	at org.junit.platform.launcher.core.EngineExecutionOrchestrator.execute(EngineExecutionOrchestrator.java:198)
	at org.junit.platform.launcher.core.EngineExecutionOrchestrator.execute(EngineExecutionOrchestrator.java:169)
	at org.junit.platform.launcher.core.EngineExecutionOrchestrator.execute(EngineExecutionOrchestrator.java:93)
	at org.junit.platform.launcher.core.EngineExecutionOrchestrator.lambda$execute$0(EngineExecutionOrchestrator.java:58)
	at org.junit.platform.launcher.core.EngineExecutionOrchestrator.withInterceptedStreams(EngineExecutionOrchestrator.java:141)
	at org.junit.platform.launcher.core.EngineExecutionOrchestrator.execute(EngineExecutionOrchestrator.java:57)
	at org.junit.platform.launcher.core.DefaultLauncher.execute(DefaultLauncher.java:103)
	at org.junit.platform.launcher.core.DefaultLauncher.execute(DefaultLauncher.java:85)
	at org.junit.platform.launcher.core.DelegatingLauncher.execute(DelegatingLauncher.java:47)
	at org.gradle.api.internal.tasks.testing.junitplatform.JUnitPlatformTestClassProcessor$CollectAllTestClassesExecutor.processAllTestClasses(JUnitPlatformTestClassProcessor.java:124)
	at org.gradle.api.internal.tasks.testing.junitplatform.JUnitPlatformTestClassProcessor$CollectAllTestClassesExecutor.access$000(JUnitPlatformTestClassProcessor.java:99)
	at org.gradle.api.internal.tasks.testing.junitplatform.JUnitPlatformTestClassProcessor.stop(JUnitPlatformTestClassProcessor.java:94)
	at org.gradle.api.internal.tasks.testing.SuiteTestClassProcessor.stop(SuiteTestClassProcessor.java:63)
	at java.base/jdk.internal.reflect.DirectMethodHandleAccessor.invoke(DirectMethodHandleAccessor.java:103)
	at java.base/java.lang.reflect.Method.invoke(Method.java:580)
	at org.gradle.internal.dispatch.ReflectionDispatch.dispatch(ReflectionDispatch.java:36)
	at org.gradle.internal.dispatch.ReflectionDispatch.dispatch(ReflectionDispatch.java:24)
	at org.gradle.internal.dispatch.ContextClassLoaderDispatch.dispatch(ContextClassLoaderDispatch.java:33)
	at org.gradle.internal.dispatch.ProxyDispatchAdapter$DispatchingInvocationHandler.invoke(ProxyDispatchAdapter.java:92)
	at jdk.proxy1/jdk.proxy1.$Proxy4.stop(Unknown Source)
	at org.gradle.api.internal.tasks.testing.worker.TestWorker$3.run(TestWorker.java:200)
	at org.gradle.api.internal.tasks.testing.worker.TestWorker.executeAndMaintainThreadName(TestWorker.java:132)
	at org.gradle.api.internal.tasks.testing.worker.TestWorker.execute(TestWorker.java:103)
	at org.gradle.api.internal.tasks.testing.worker.TestWorker.execute(TestWorker.java:63)
	at org.gradle.process.internal.worker.child.ActionExecutionWorker.execute(ActionExecutionWorker.java:56)
	at org.gradle.process.internal.worker.child.SystemApplicationClassLoaderWorker.call(SystemApplicationClassLoaderWorker.java:121)
	at org.gradle.process.internal.worker.child.SystemApplicationClassLoaderWorker.call(SystemApplicationClassLoaderWorker.java:71)
	at worker.org.gradle.process.internal.worker.GradleWorkerMain.run(GradleWorkerMain.java:69)
	at worker.org.gradle.process.internal.worker.GradleWorkerMain.main(GradleWorkerMain.java:74)
2026-07-08 17:58:43.369 [INFO ] [Test worker] [com.zaxxer.hikari.HikariDataSource] [TranId: 20260611141234567MBRmbrAP010000001] [BizTranId: MBR01BSE0002] [TraceId: TRACE-TEST-001] [SpanId: SPN-ec222fa3-6162-410f-8a5c-95d0c1a3c4c8] [DynLevel: ] - HikariPool-1 - Starting...
2026-07-08 17:58:44.471 [INFO ] [Test worker] [com.zaxxer.hikari.HikariDataSource] [TranId: 20260708175844459MBRlocal010000001] [BizTranId: ] [TraceId: 8c927e6a-c54f-4f78-9f3a-19335b8564fe] [SpanId: SPN-2419aa72-8325-4275-b22d-eb9a780a9453] [DynLevel: ] - HikariPool-2 - Starting...
