2026-06-11 11:29:11.688 [INFO ] [background-preinit] [o.h.validator.internal.util.Version] [TraceId: ] - HV000001: Hibernate Validator 8.0.3.Final
2026-06-11 11:29:11.748 [INFO ] [Test worker] [fps.mbr.MbrApplicationTests] [TraceId: ] - Starting MbrApplicationTests using Java 21.0.7 with PID 11204 (started by 11096 in D:\WORK_FPS\202412_01_FPS\mbr)
2026-06-11 11:29:11.750 [INFO ] [Test worker] [fps.mbr.MbrApplicationTests] [TraceId: ] - No active profile set, falling back to 1 default profile: "default"
2026-06-11 11:29:13.079 [INFO ] [Test worker] [f.c.s.common.cache.CodeCacheService] [TraceId: ] - Initializing code cache at startup
2026-06-11 11:29:13.079 [INFO ] [Test worker] [f.c.s.common.cache.CodeCacheService] [TraceId: ] - Cache Miss: Fetching all codes from database
2026-06-11 11:29:13.114 [INFO ] [Test worker] [com.zaxxer.hikari.HikariDataSource] [TraceId: ] - HikariPool-1 - Starting...
2026-06-11 11:30:33.205 [INFO ] [background-preinit] [o.h.validator.internal.util.Version] [TraceId: ] - HV000001: Hibernate Validator 8.0.3.Final
2026-06-11 11:30:33.262 [INFO ] [Test worker] [fps.mbr.MbrApplicationTests] [TraceId: ] - Starting MbrApplicationTests using Java 21.0.7 with PID 13208 (started by 11096 in D:\WORK_FPS\202412_01_FPS\mbr)
2026-06-11 11:30:33.263 [INFO ] [Test worker] [fps.mbr.MbrApplicationTests] [TraceId: ] - No active profile set, falling back to 1 default profile: "default"
2026-06-11 11:30:34.494 [INFO ] [Test worker] [f.c.s.common.cache.CodeCacheService] [TraceId: ] - Code cache preload skipped
2026-06-11 11:30:34.534 [INFO ] [Test worker] [f.c.s.c.cache.MessageCacheService] [TraceId: ] - Message cache preload skipped
2026-06-11 11:31:16.763 [INFO ] [background-preinit] [o.h.validator.internal.util.Version] [TraceId: ] - HV000001: Hibernate Validator 8.0.3.Final
2026-06-11 11:31:16.812 [INFO ] [Test worker] [fps.mbr.MbrApplicationTests] [TraceId: ] - Starting MbrApplicationTests using Java 21.0.7 with PID 10144 (started by 11096 in D:\WORK_FPS\202412_01_FPS\mbr)
2026-06-11 11:31:16.813 [INFO ] [Test worker] [fps.mbr.MbrApplicationTests] [TraceId: ] - No active profile set, falling back to 1 default profile: "default"
2026-06-11 11:32:03.833 [INFO ] [background-preinit] [o.h.validator.internal.util.Version] [TraceId: ] - HV000001: Hibernate Validator 8.0.3.Final
2026-06-11 11:32:03.888 [INFO ] [Test worker] [fps.mbr.MbrApplicationTests] [TraceId: ] - Starting MbrApplicationTests using Java 21.0.7 with PID 8612 (started by 11096 in D:\WORK_FPS\202412_01_FPS\mbr)
2026-06-11 11:32:03.889 [INFO ] [Test worker] [fps.mbr.MbrApplicationTests] [TraceId: ] - No active profile set, falling back to 1 default profile: "default"
2026-06-11 11:32:40.084 [INFO ] [background-preinit] [o.h.validator.internal.util.Version] [TraceId: ] - HV000001: Hibernate Validator 8.0.3.Final
2026-06-11 11:32:40.128 [INFO ] [Test worker] [fps.mbr.MbrApplicationTests] [TraceId: ] - Starting MbrApplicationTests using Java 21.0.7 with PID 23280 (started by 11096 in D:\WORK_FPS\202412_01_FPS\mbr)
2026-06-11 11:32:40.129 [INFO ] [Test worker] [fps.mbr.MbrApplicationTests] [TraceId: ] - No active profile set, falling back to 1 default profile: "default"
2026-06-11 11:34:26.661 [INFO ] [background-preinit] [o.h.validator.internal.util.Version] [TraceId: ] - HV000001: Hibernate Validator 8.0.3.Final
2026-06-11 11:34:26.715 [INFO ] [Test worker] [fps.mbr.MbrApplicationTests] [TraceId: ] - Starting MbrApplicationTests using Java 21.0.7 with PID 6348 (started by 11096 in D:\WORK_FPS\202412_01_FPS\mbr)
2026-06-11 11:34:26.717 [INFO ] [Test worker] [fps.mbr.MbrApplicationTests] [TraceId: ] - No active profile set, falling back to 1 default profile: "default"
2026-06-11 11:35:09.688 [INFO ] [background-preinit] [o.h.validator.internal.util.Version] [TraceId: ] - HV000001: Hibernate Validator 8.0.3.Final
2026-06-11 11:35:09.731 [INFO ] [Test worker] [fps.mbr.MbrApplicationTests] [TraceId: ] - Starting MbrApplicationTests using Java 21.0.7 with PID 11860 (started by 11096 in D:\WORK_FPS\202412_01_FPS\mbr)
2026-06-11 11:35:09.732 [INFO ] [Test worker] [fps.mbr.MbrApplicationTests] [TraceId: ] - No active profile set, falling back to 1 default profile: "default"
2026-06-11 11:35:11.073 [INFO ] [Test worker] [f.c.s.common.cache.CodeCacheService] [TraceId: ] - Code cache preload skipped
2026-06-11 11:35:11.121 [INFO ] [Test worker] [f.c.s.c.cache.MessageCacheService] [TraceId: ] - Message cache preload skipped
2026-06-11 11:36:19.899 [INFO ] [background-preinit] [o.h.validator.internal.util.Version] [TraceId: ] - HV000001: Hibernate Validator 8.0.3.Final
2026-06-11 11:36:19.949 [INFO ] [Test worker] [fps.mbr.MbrApplicationTests] [TraceId: ] - Starting MbrApplicationTests using Java 21.0.7 with PID 24564 (started by 11096 in D:\WORK_FPS\202412_01_FPS\mbr)
2026-06-11 11:36:19.950 [INFO ] [Test worker] [fps.mbr.MbrApplicationTests] [TraceId: ] - No active profile set, falling back to 1 default profile: "default"
2026-06-11 11:36:21.230 [INFO ] [Test worker] [f.c.s.common.cache.CodeCacheService] [TraceId: ] - Code cache preload skipped
2026-06-11 11:36:21.294 [INFO ] [Test worker] [f.c.s.c.cache.MessageCacheService] [TraceId: ] - Message cache preload skipped
2026-06-11 11:37:00.554 [INFO ] [background-preinit] [o.h.validator.internal.util.Version] [TraceId: ] - HV000001: Hibernate Validator 8.0.3.Final
2026-06-11 11:37:00.603 [INFO ] [Test worker] [fps.mbr.MbrApplicationTests] [TraceId: ] - Starting MbrApplicationTests using Java 21.0.7 with PID 5224 (started by 11096 in D:\WORK_FPS\202412_01_FPS\mbr)
2026-06-11 11:37:00.605 [INFO ] [Test worker] [fps.mbr.MbrApplicationTests] [TraceId: ] - No active profile set, falling back to 1 default profile: "default"
2026-06-11 11:37:02.016 [INFO ] [Test worker] [f.c.s.common.cache.CodeCacheService] [TraceId: ] - Code cache preload skipped
2026-06-11 11:37:02.066 [INFO ] [Test worker] [f.c.s.c.cache.MessageCacheService] [TraceId: ] - Message cache preload skipped
2026-06-11 11:37:03.807 [INFO ] [Test worker] [fps.mbr.MbrApplicationTests] [TraceId: ] - Started MbrApplicationTests in 3.59 seconds (process running for 4.757)
2026-06-11 13:17:27.420 [INFO ] [background-preinit] [o.h.validator.internal.util.Version] [TraceId: ] - HV000001: Hibernate Validator 8.0.3.Final
2026-06-11 13:17:27.478 [INFO ] [Test worker] [fps.mbr.MbrApplicationTests] [TraceId: ] - Starting MbrApplicationTests using Java 21.0.7 with PID 13500 (started by 11096 in D:\WORK_FPS\202412_01_FPS\mbr)
2026-06-11 13:17:27.480 [INFO ] [Test worker] [fps.mbr.MbrApplicationTests] [TraceId: ] - No active profile set, falling back to 1 default profile: "default"
2026-06-11 13:17:29.090 [INFO ] [Test worker] [f.c.s.common.cache.CodeCacheService] [TraceId: ] - Code cache preload skipped
2026-06-11 13:17:29.149 [INFO ] [Test worker] [f.c.s.c.cache.MessageCacheService] [TraceId: ] - Message cache preload skipped
2026-06-11 13:17:31.912 [INFO ] [Test worker] [fps.mbr.MbrApplicationTests] [TraceId: ] - Started MbrApplicationTests in 4.885 seconds (process running for 6.43)
2026-06-11 13:17:33.281 [INFO ] [Test worker] [o.s.t.c.s.AnnotationConfigContextLoaderUtils] [TraceId: ] - Could not detect default configuration classes for test class [fps.mbr.controller.member.MbrControllerValidationTest]: MbrControllerValidationTest does not declare any static, non-private, non-final, nested classes annotated with @Configuration.
2026-06-11 13:17:33.348 [INFO ] [Test worker] [o.s.b.t.c.SpringBootTestContextBootstrapper] [TraceId: ] - Found @SpringBootConfiguration fps.mbr.MbrApplication for test class fps.mbr.controller.member.MbrControllerValidationTest
2026-06-11 13:17:33.425 [INFO ] [Test worker] [f.m.c.m.MbrControllerValidationTest] [TraceId: ] - Starting MbrControllerValidationTest using Java 21.0.7 with PID 13500 (started by 11096 in D:\WORK_FPS\202412_01_FPS\mbr)
2026-06-11 13:17:33.425 [INFO ] [Test worker] [f.m.c.m.MbrControllerValidationTest] [TraceId: ] - No active profile set, falling back to 1 default profile: "default"
2026-06-11 13:17:34.388 [INFO ] [Test worker] [f.c.s.common.cache.CodeCacheService] [TraceId: ] - Initializing code cache at startup
2026-06-11 13:17:34.388 [INFO ] [Test worker] [f.c.s.common.cache.CodeCacheService] [TraceId: ] - Cache Miss: Fetching all codes from database
2026-06-11 13:17:34.558 [INFO ] [Test worker] [com.zaxxer.hikari.HikariDataSource] [TraceId: ] - HikariPool-1 - Starting...
2026-06-11 13:18:17.853 [INFO ] [background-preinit] [o.h.validator.internal.util.Version] [TraceId: ] - HV000001: Hibernate Validator 8.0.3.Final
2026-06-11 13:18:17.914 [INFO ] [Test worker] [fps.mbr.MbrApplicationTests] [TraceId: ] - Starting MbrApplicationTests using Java 21.0.7 with PID 13512 (started by 11096 in D:\WORK_FPS\202412_01_FPS\mbr)
2026-06-11 13:18:17.916 [INFO ] [Test worker] [fps.mbr.MbrApplicationTests] [TraceId: ] - No active profile set, falling back to 1 default profile: "default"
2026-06-11 13:18:19.655 [INFO ] [Test worker] [f.c.s.common.cache.CodeCacheService] [TraceId: ] - Code cache preload skipped
2026-06-11 13:18:19.736 [INFO ] [Test worker] [f.c.s.c.cache.MessageCacheService] [TraceId: ] - Message cache preload skipped
2026-06-11 13:18:22.326 [INFO ] [Test worker] [fps.mbr.MbrApplicationTests] [TraceId: ] - Started MbrApplicationTests in 4.872 seconds (process running for 6.236)
2026-06-11 13:18:23.818 [INFO ] [Test worker] [o.s.t.c.s.AnnotationConfigContextLoaderUtils] [TraceId: ] - Could not detect default configuration classes for test class [fps.mbr.controller.member.MbrControllerValidationTest]: MbrControllerValidationTest does not declare any static, non-private, non-final, nested classes annotated with @Configuration.
2026-06-11 13:18:23.910 [INFO ] [Test worker] [o.s.b.t.c.SpringBootTestContextBootstrapper] [TraceId: ] - Found @SpringBootConfiguration fps.mbr.MbrApplication for test class fps.mbr.controller.member.MbrControllerValidationTest
2026-06-11 13:18:24.047 [INFO ] [Test worker] [f.m.c.m.MbrControllerValidationTest] [TraceId: ] - Starting MbrControllerValidationTest using Java 21.0.7 with PID 13512 (started by 11096 in D:\WORK_FPS\202412_01_FPS\mbr)
2026-06-11 13:18:24.048 [INFO ] [Test worker] [f.m.c.m.MbrControllerValidationTest] [TraceId: ] - No active profile set, falling back to 1 default profile: "default"
2026-06-11 13:18:25.212 [INFO ] [Test worker] [f.c.s.common.cache.CodeCacheService] [TraceId: ] - Code cache preload skipped
2026-06-11 13:18:25.230 [INFO ] [Test worker] [f.c.s.c.cache.MessageCacheService] [TraceId: ] - Message cache preload skipped
2026-06-11 13:18:26.821 [INFO ] [Test worker] [o.s.b.t.m.w.SpringBootMockServletContext] [TraceId: ] - Initializing Spring TestDispatcherServlet ''
2026-06-11 13:18:26.822 [INFO ] [Test worker] [o.s.t.w.s.TestDispatcherServlet] [TraceId: ] - Initializing Servlet ''
2026-06-11 13:18:26.824 [INFO ] [Test worker] [o.s.t.w.s.TestDispatcherServlet] [TraceId: ] - Completed initialization in 2 ms
2026-06-11 13:18:26.952 [INFO ] [Test worker] [f.m.c.m.MbrControllerValidationTest] [TraceId: ] - Started MbrControllerValidationTest in 3.033 seconds (process running for 10.862)
2026-06-11 13:18:27.463 [INFO ] [Test worker] [f.cmn.common.logging.LoggingAspect] [TraceId: ] - Transaction Started: ID=TRAN-5b1778ca-41cd-4a9b-8503-1697bce90542, Method=MbrController.getDetail(..), Args=[0]
2026-06-11 13:18:27.466 [INFO ] [Test worker] [fps.mbr.common.aop.LoggingAspect] [TraceId: ] - 
=========================== API REQUEST START ===========================
TraceId: 9e8fe2e4-e569-4b57-b615-b025bcd460a8
Method: GET /mbr/detail
Controller: MbrController.getDetail
ClientIp: 127.0.0.1
Parameters: [0]
===============================================================================
2026-06-11 13:18:27.857 [INFO ] [Test worker] [com.zaxxer.hikari.HikariDataSource] [TraceId: ] - HikariPool-1 - Starting...
2026-06-11 13:19:50.498 [INFO ] [background-preinit] [o.h.validator.internal.util.Version] [TraceId: ] - HV000001: Hibernate Validator 8.0.3.Final
2026-06-11 13:19:50.561 [INFO ] [Test worker] [fps.mbr.MbrApplicationTests] [TraceId: ] - Starting MbrApplicationTests using Java 21.0.7 with PID 16548 (started by 11096 in D:\WORK_FPS\202412_01_FPS\mbr)
2026-06-11 13:19:50.563 [INFO ] [Test worker] [fps.mbr.MbrApplicationTests] [TraceId: ] - No active profile set, falling back to 1 default profile: "default"
2026-06-11 13:19:52.802 [INFO ] [Test worker] [f.c.s.common.cache.CodeCacheService] [TraceId: ] - Code cache preload skipped
2026-06-11 13:19:53.040 [INFO ] [Test worker] [f.c.s.c.cache.MessageCacheService] [TraceId: ] - Message cache preload skipped
2026-06-11 13:19:58.903 [INFO ] [Test worker] [fps.mbr.MbrApplicationTests] [TraceId: ] - Started MbrApplicationTests in 8.768 seconds (process running for 10.063)
2026-06-11 13:20:00.491 [INFO ] [Test worker] [o.s.t.c.s.AnnotationConfigContextLoaderUtils] [TraceId: ] - Could not detect default configuration classes for test class [fps.mbr.controller.member.MbrControllerValidationTest]: MbrControllerValidationTest does not declare any static, non-private, non-final, nested classes annotated with @Configuration.
2026-06-11 13:20:00.680 [INFO ] [Test worker] [o.s.b.t.c.SpringBootTestContextBootstrapper] [TraceId: ] - Found @SpringBootConfiguration fps.mbr.MbrApplication for test class fps.mbr.controller.member.MbrControllerValidationTest
2026-06-11 13:20:00.902 [INFO ] [Test worker] [f.m.c.m.MbrControllerValidationTest] [TraceId: ] - Starting MbrControllerValidationTest using Java 21.0.7 with PID 16548 (started by 11096 in D:\WORK_FPS\202412_01_FPS\mbr)
2026-06-11 13:20:00.903 [INFO ] [Test worker] [f.m.c.m.MbrControllerValidationTest] [TraceId: ] - No active profile set, falling back to 1 default profile: "default"
2026-06-11 13:20:02.739 [INFO ] [Test worker] [f.c.s.common.cache.CodeCacheService] [TraceId: ] - Code cache preload skipped
2026-06-11 13:20:02.763 [INFO ] [Test worker] [f.c.s.c.cache.MessageCacheService] [TraceId: ] - Message cache preload skipped
2026-06-11 13:20:05.395 [INFO ] [Test worker] [o.s.b.t.m.w.SpringBootMockServletContext] [TraceId: ] - Initializing Spring TestDispatcherServlet ''
2026-06-11 13:20:05.396 [INFO ] [Test worker] [o.s.t.w.s.TestDispatcherServlet] [TraceId: ] - Initializing Servlet ''
2026-06-11 13:20:05.399 [INFO ] [Test worker] [o.s.t.w.s.TestDispatcherServlet] [TraceId: ] - Completed initialization in 2 ms
2026-06-11 13:20:05.676 [INFO ] [Test worker] [f.m.c.m.MbrControllerValidationTest] [TraceId: ] - Started MbrControllerValidationTest in 4.982 seconds (process running for 16.836)
2026-06-11 13:20:06.455 [INFO ] [Test worker] [f.cmn.common.logging.LoggingAspect] [TraceId: ] - Transaction Started: ID=TRAN-5f9899d9-9956-4983-8613-4456e0c234b1, Method=MbrController.getDetail(..), Args=[0]
2026-06-11 13:20:06.460 [INFO ] [Test worker] [fps.mbr.common.aop.LoggingAspect] [TraceId: ] - 
=========================== API REQUEST START ===========================
TraceId: abcade2f-b3cf-4235-abb2-3f8437f5e653
Method: GET /mbr/detail
Controller: MbrController.getDetail
ClientIp: 127.0.0.1
Parameters: [0]
===============================================================================
2026-06-11 13:20:07.190 [INFO ] [Test worker] [com.zaxxer.hikari.HikariDataSource] [TraceId: ] - HikariPool-1 - Starting...
2026-06-11 13:21:04.815 [INFO ] [background-preinit] [o.h.validator.internal.util.Version] [TraceId: ] - HV000001: Hibernate Validator 8.0.3.Final
2026-06-11 13:21:04.870 [INFO ] [Test worker] [fps.mbr.MbrApplicationTests] [TraceId: ] - Starting MbrApplicationTests using Java 21.0.7 with PID 2296 (started by 11096 in D:\WORK_FPS\202412_01_FPS\mbr)
2026-06-11 13:21:04.871 [INFO ] [Test worker] [fps.mbr.MbrApplicationTests] [TraceId: ] - No active profile set, falling back to 1 default profile: "default"
2026-06-11 13:21:06.637 [INFO ] [Test worker] [f.c.s.common.cache.CodeCacheService] [TraceId: ] - Code cache preload skipped
2026-06-11 13:21:06.740 [INFO ] [Test worker] [f.c.s.c.cache.MessageCacheService] [TraceId: ] - Message cache preload skipped
2026-06-11 13:21:12.188 [INFO ] [Test worker] [fps.mbr.MbrApplicationTests] [TraceId: ] - Started MbrApplicationTests in 7.695 seconds (process running for 8.901)
2026-06-11 13:21:13.993 [INFO ] [Test worker] [o.s.t.c.s.AnnotationConfigContextLoaderUtils] [TraceId: ] - Could not detect default configuration classes for test class [fps.mbr.controller.member.MbrControllerValidationTest]: MbrControllerValidationTest does not declare any static, non-private, non-final, nested classes annotated with @Configuration.
2026-06-11 13:21:14.095 [INFO ] [Test worker] [o.s.b.t.c.SpringBootTestContextBootstrapper] [TraceId: ] - Found @SpringBootConfiguration fps.mbr.MbrApplication for test class fps.mbr.controller.member.MbrControllerValidationTest
2026-06-11 13:21:14.260 [INFO ] [Test worker] [f.m.c.m.MbrControllerValidationTest] [TraceId: ] - Starting MbrControllerValidationTest using Java 21.0.7 with PID 2296 (started by 11096 in D:\WORK_FPS\202412_01_FPS\mbr)
2026-06-11 13:21:14.261 [INFO ] [Test worker] [f.m.c.m.MbrControllerValidationTest] [TraceId: ] - No active profile set, falling back to 1 default profile: "default"
2026-06-11 13:21:15.976 [INFO ] [Test worker] [f.c.s.common.cache.CodeCacheService] [TraceId: ] - Code cache preload skipped
2026-06-11 13:21:15.995 [INFO ] [Test worker] [f.c.s.c.cache.MessageCacheService] [TraceId: ] - Message cache preload skipped
2026-06-11 13:21:18.301 [INFO ] [Test worker] [o.s.b.t.m.w.SpringBootMockServletContext] [TraceId: ] - Initializing Spring TestDispatcherServlet ''
2026-06-11 13:21:18.301 [INFO ] [Test worker] [o.s.t.w.s.TestDispatcherServlet] [TraceId: ] - Initializing Servlet ''
2026-06-11 13:21:18.304 [INFO ] [Test worker] [o.s.t.w.s.TestDispatcherServlet] [TraceId: ] - Completed initialization in 2 ms
2026-06-11 13:21:18.518 [INFO ] [Test worker] [f.m.c.m.MbrControllerValidationTest] [TraceId: ] - Started MbrControllerValidationTest in 4.414 seconds (process running for 15.233)
2026-06-11 13:21:19.345 [INFO ] [Test worker] [f.cmn.common.logging.LoggingAspect] [TraceId: ] - Transaction Started: ID=TRAN-1e01e679-6d54-4dca-b38d-b3e6067009c2, Method=MbrController.getDetail(..), Args=[0]
2026-06-11 13:21:19.349 [INFO ] [Test worker] [fps.mbr.common.aop.LoggingAspect] [TraceId: ] - 
=========================== API REQUEST START ===========================
TraceId: ca9360c1-3f2b-4a3e-9d56-a800721a919f
Method: GET /mbr/detail
Controller: MbrController.getDetail
ClientIp: 127.0.0.1
Parameters: [0]
===============================================================================
2026-06-11 13:21:20.130 [INFO ] [Test worker] [com.zaxxer.hikari.HikariDataSource] [TraceId: ] - HikariPool-1 - Starting...
2026-06-11 14:08:57.897 [INFO ] [background-preinit] [o.h.validator.internal.util.Version] [TranId: ] [TraceId: ] [SpanId: ] - HV000001: Hibernate Validator 8.0.3.Final
2026-06-11 14:08:57.959 [INFO ] [Test worker] [fps.mbr.MbrApplicationTests] [TranId: ] [TraceId: ] [SpanId: ] - Starting MbrApplicationTests using Java 21.0.7 with PID 13768 (started by 11096 in D:\WORK_FPS\202412_01_FPS\mbr)
2026-06-11 14:08:57.960 [INFO ] [Test worker] [fps.mbr.MbrApplicationTests] [TranId: ] [TraceId: ] [SpanId: ] - No active profile set, falling back to 1 default profile: "default"
2026-06-11 14:08:59.557 [INFO ] [Test worker] [f.c.s.common.cache.CodeCacheService] [TranId: ] [TraceId: ] [SpanId: ] - Code cache preload skipped
2026-06-11 14:08:59.582 [INFO ] [Test worker] [f.c.s.c.cache.MessageCacheService] [TranId: ] [TraceId: ] [SpanId: ] - Message cache preload skipped
2026-06-11 14:09:01.397 [INFO ] [Test worker] [fps.mbr.MbrApplicationTests] [TranId: ] [TraceId: ] [SpanId: ] - Started MbrApplicationTests in 3.883 seconds (process running for 5.147)
2026-06-11 14:09:02.573 [INFO ] [Test worker] [o.s.t.c.s.AnnotationConfigContextLoaderUtils] [TranId: ] [TraceId: ] [SpanId: ] - Could not detect default configuration classes for test class [fps.mbr.controller.member.MbrControllerValidationTest]: MbrControllerValidationTest does not declare any static, non-private, non-final, nested classes annotated with @Configuration.
2026-06-11 14:09:02.649 [INFO ] [Test worker] [o.s.b.t.c.SpringBootTestContextBootstrapper] [TranId: ] [TraceId: ] [SpanId: ] - Found @SpringBootConfiguration fps.mbr.MbrApplication for test class fps.mbr.controller.member.MbrControllerValidationTest
2026-06-11 14:09:02.715 [INFO ] [Test worker] [f.m.c.m.MbrControllerValidationTest] [TranId: ] [TraceId: ] [SpanId: ] - Starting MbrControllerValidationTest using Java 21.0.7 with PID 13768 (started by 11096 in D:\WORK_FPS\202412_01_FPS\mbr)
2026-06-11 14:09:02.715 [INFO ] [Test worker] [f.m.c.m.MbrControllerValidationTest] [TranId: ] [TraceId: ] [SpanId: ] - No active profile set, falling back to 1 default profile: "default"
2026-06-11 14:09:03.394 [INFO ] [Test worker] [f.c.s.common.cache.CodeCacheService] [TranId: ] [TraceId: ] [SpanId: ] - Code cache preload skipped
2026-06-11 14:09:03.403 [INFO ] [Test worker] [f.c.s.c.cache.MessageCacheService] [TranId: ] [TraceId: ] [SpanId: ] - Message cache preload skipped
2026-06-11 14:09:04.067 [INFO ] [Test worker] [o.s.b.t.m.w.SpringBootMockServletContext] [TranId: ] [TraceId: ] [SpanId: ] - Initializing Spring TestDispatcherServlet ''
2026-06-11 14:09:04.067 [INFO ] [Test worker] [o.s.t.w.s.TestDispatcherServlet] [TranId: ] [TraceId: ] [SpanId: ] - Initializing Servlet ''
2026-06-11 14:09:04.069 [INFO ] [Test worker] [o.s.t.w.s.TestDispatcherServlet] [TranId: ] [TraceId: ] [SpanId: ] - Completed initialization in 1 ms
2026-06-11 14:09:04.132 [INFO ] [Test worker] [f.m.c.m.MbrControllerValidationTest] [TranId: ] [TraceId: ] [SpanId: ] - Started MbrControllerValidationTest in 1.478 seconds (process running for 7.883)
2026-06-11 14:09:04.487 [INFO ] [Test worker] [f.cmn.common.logging.LoggingAspect] [TranId: TRX-TEST-001] [TraceId: TRACE-TEST-001] [SpanId: SPN-1cb28187-8cc8-4233-a9eb-037cc40a89db] - Transaction started. transactionId=TRX-TEST-001, traceId=TRACE-TEST-001, spanId=SPN-1cb28187-8cc8-4233-a9eb-037cc40a89db, moduleId=MBR, sequenceNo=1, method=GET, uri=/mbr/detail, controller=MbrController.getDetail(..), clientIp=127.0.0.1, parameters=memberId=[0], requestBody=[0]
2026-06-11 14:09:04.794 [INFO ] [Test worker] [com.zaxxer.hikari.HikariDataSource] [TranId: TRX-TEST-001] [TraceId: TRACE-TEST-001] [SpanId: SPN-1cb28187-8cc8-4233-a9eb-037cc40a89db] - HikariPool-1 - Starting...
2026-06-11 14:10:47.017 [INFO ] [background-preinit] [o.h.validator.internal.util.Version] [TranId: ] [TraceId: ] [SpanId: ] - HV000001: Hibernate Validator 8.0.3.Final
2026-06-11 14:10:47.080 [INFO ] [Test worker] [fps.mbr.MbrApplicationTests] [TranId: ] [TraceId: ] [SpanId: ] - Starting MbrApplicationTests using Java 21.0.7 with PID 536 (started by 11096 in D:\WORK_FPS\202412_01_FPS\mbr)
2026-06-11 14:10:47.081 [INFO ] [Test worker] [fps.mbr.MbrApplicationTests] [TranId: ] [TraceId: ] [SpanId: ] - No active profile set, falling back to 1 default profile: "default"
2026-06-11 14:10:49.021 [INFO ] [Test worker] [f.c.s.common.cache.CodeCacheService] [TranId: ] [TraceId: ] [SpanId: ] - Code cache preload skipped
2026-06-11 14:10:49.053 [INFO ] [Test worker] [f.c.s.c.cache.MessageCacheService] [TranId: ] [TraceId: ] [SpanId: ] - Message cache preload skipped
2026-06-11 14:10:51.470 [INFO ] [Test worker] [fps.mbr.MbrApplicationTests] [TranId: ] [TraceId: ] [SpanId: ] - Started MbrApplicationTests in 4.854 seconds (process running for 6.229)
2026-06-11 14:10:52.904 [INFO ] [Test worker] [o.s.t.c.s.AnnotationConfigContextLoaderUtils] [TranId: ] [TraceId: ] [SpanId: ] - Could not detect default configuration classes for test class [fps.mbr.controller.member.MbrControllerValidationTest]: MbrControllerValidationTest does not declare any static, non-private, non-final, nested classes annotated with @Configuration.
2026-06-11 14:10:53.006 [INFO ] [Test worker] [o.s.b.t.c.SpringBootTestContextBootstrapper] [TranId: ] [TraceId: ] [SpanId: ] - Found @SpringBootConfiguration fps.mbr.MbrApplication for test class fps.mbr.controller.member.MbrControllerValidationTest
2026-06-11 14:10:53.098 [INFO ] [Test worker] [f.m.c.m.MbrControllerValidationTest] [TranId: ] [TraceId: ] [SpanId: ] - Starting MbrControllerValidationTest using Java 21.0.7 with PID 536 (started by 11096 in D:\WORK_FPS\202412_01_FPS\mbr)
2026-06-11 14:10:53.098 [INFO ] [Test worker] [f.m.c.m.MbrControllerValidationTest] [TranId: ] [TraceId: ] [SpanId: ] - No active profile set, falling back to 1 default profile: "default"
2026-06-11 14:10:53.815 [INFO ] [Test worker] [f.c.s.common.cache.CodeCacheService] [TranId: ] [TraceId: ] [SpanId: ] - Code cache preload skipped
2026-06-11 14:10:53.824 [INFO ] [Test worker] [f.c.s.c.cache.MessageCacheService] [TranId: ] [TraceId: ] [SpanId: ] - Message cache preload skipped
2026-06-11 14:10:54.697 [INFO ] [Test worker] [o.s.b.t.m.w.SpringBootMockServletContext] [TranId: ] [TraceId: ] [SpanId: ] - Initializing Spring TestDispatcherServlet ''
2026-06-11 14:10:54.698 [INFO ] [Test worker] [o.s.t.w.s.TestDispatcherServlet] [TranId: ] [TraceId: ] [SpanId: ] - Initializing Servlet ''
2026-06-11 14:10:54.700 [INFO ] [Test worker] [o.s.t.w.s.TestDispatcherServlet] [TranId: ] [TraceId: ] [SpanId: ] - Completed initialization in 2 ms
2026-06-11 14:10:54.818 [INFO ] [Test worker] [f.m.c.m.MbrControllerValidationTest] [TranId: ] [TraceId: ] [SpanId: ] - Started MbrControllerValidationTest in 1.804 seconds (process running for 9.578)
2026-06-11 14:10:55.306 [INFO ] [Test worker] [f.cmn.common.logging.LoggingAspect] [TranId: TRX-TEST-001] [TraceId: TRACE-TEST-001] [SpanId: SPN-1f31afbb-c0e7-4da8-8839-666ab6a0f680] - Transaction started. transactionId=TRX-TEST-001, traceId=TRACE-TEST-001, spanId=SPN-1f31afbb-c0e7-4da8-8839-666ab6a0f680, moduleId=MBR, sequenceNo=1, method=GET, uri=/mbr/detail, controller=MbrController.getDetail(..), clientIp=127.0.0.1, parameters=memberId=[0], requestBody=[0]
2026-06-11 14:10:55.870 [INFO ] [Test worker] [com.zaxxer.hikari.HikariDataSource] [TranId: TRX-TEST-001] [TraceId: TRACE-TEST-001] [SpanId: SPN-1f31afbb-c0e7-4da8-8839-666ab6a0f680] - HikariPool-1 - Starting...
2026-06-11 14:11:41.758 [INFO ] [background-preinit] [o.h.validator.internal.util.Version] [TranId: ] [TraceId: ] [SpanId: ] - HV000001: Hibernate Validator 8.0.3.Final
2026-06-11 14:11:41.828 [INFO ] [Test worker] [fps.mbr.MbrApplicationTests] [TranId: ] [TraceId: ] [SpanId: ] - Starting MbrApplicationTests using Java 21.0.7 with PID 19124 (started by 11096 in D:\WORK_FPS\202412_01_FPS\mbr)
2026-06-11 14:11:41.830 [INFO ] [Test worker] [fps.mbr.MbrApplicationTests] [TranId: ] [TraceId: ] [SpanId: ] - No active profile set, falling back to 1 default profile: "default"
2026-06-11 14:11:43.322 [INFO ] [Test worker] [f.c.s.common.cache.CodeCacheService] [TranId: ] [TraceId: ] [SpanId: ] - Code cache preload skipped
2026-06-11 14:11:43.342 [INFO ] [Test worker] [f.c.s.c.cache.MessageCacheService] [TranId: ] [TraceId: ] [SpanId: ] - Message cache preload skipped
2026-06-11 14:11:45.510 [INFO ] [Test worker] [fps.mbr.MbrApplicationTests] [TranId: ] [TraceId: ] [SpanId: ] - Started MbrApplicationTests in 4.146 seconds (process running for 5.536)
2026-06-11 14:11:47.012 [INFO ] [Test worker] [o.s.t.c.s.AnnotationConfigContextLoaderUtils] [TranId: ] [TraceId: ] [SpanId: ] - Could not detect default configuration classes for test class [fps.mbr.controller.member.MbrControllerValidationTest]: MbrControllerValidationTest does not declare any static, non-private, non-final, nested classes annotated with @Configuration.
2026-06-11 14:11:47.076 [INFO ] [Test worker] [o.s.b.t.c.SpringBootTestContextBootstrapper] [TranId: ] [TraceId: ] [SpanId: ] - Found @SpringBootConfiguration fps.mbr.MbrApplication for test class fps.mbr.controller.member.MbrControllerValidationTest
2026-06-11 14:11:47.154 [INFO ] [Test worker] [f.m.c.m.MbrControllerValidationTest] [TranId: ] [TraceId: ] [SpanId: ] - Starting MbrControllerValidationTest using Java 21.0.7 with PID 19124 (started by 11096 in D:\WORK_FPS\202412_01_FPS\mbr)
2026-06-11 14:11:47.154 [INFO ] [Test worker] [f.m.c.m.MbrControllerValidationTest] [TranId: ] [TraceId: ] [SpanId: ] - No active profile set, falling back to 1 default profile: "default"
2026-06-11 14:11:47.936 [INFO ] [Test worker] [f.c.s.common.cache.CodeCacheService] [TranId: ] [TraceId: ] [SpanId: ] - Code cache preload skipped
2026-06-11 14:11:47.950 [INFO ] [Test worker] [f.c.s.c.cache.MessageCacheService] [TranId: ] [TraceId: ] [SpanId: ] - Message cache preload skipped
2026-06-11 14:11:48.901 [INFO ] [Test worker] [o.s.b.t.m.w.SpringBootMockServletContext] [TranId: ] [TraceId: ] [SpanId: ] - Initializing Spring TestDispatcherServlet ''
2026-06-11 14:11:48.902 [INFO ] [Test worker] [o.s.t.w.s.TestDispatcherServlet] [TranId: ] [TraceId: ] [SpanId: ] - Initializing Servlet ''
2026-06-11 14:11:48.904 [INFO ] [Test worker] [o.s.t.w.s.TestDispatcherServlet] [TranId: ] [TraceId: ] [SpanId: ] - Completed initialization in 2 ms
2026-06-11 14:11:48.994 [INFO ] [Test worker] [f.m.c.m.MbrControllerValidationTest] [TranId: ] [TraceId: ] [SpanId: ] - Started MbrControllerValidationTest in 1.913 seconds (process running for 9.02)
2026-06-11 14:11:49.470 [INFO ] [Test worker] [f.cmn.common.logging.LoggingAspect] [TranId: TRX-TEST-001] [TraceId: TRACE-TEST-001] [SpanId: SPN-b2c7c7a6-9394-4607-af19-9bde4c919766] - Transaction started. transactionId=TRX-TEST-001, traceId=TRACE-TEST-001, spanId=SPN-b2c7c7a6-9394-4607-af19-9bde4c919766, moduleId=MBR, sequenceNo=1, method=GET, uri=/mbr/detail, controller=MbrController.getDetail(..), clientIp=127.0.0.1, parameters=memberId=[0], requestBody=[0]
2026-06-11 14:11:49.952 [INFO ] [Test worker] [com.zaxxer.hikari.HikariDataSource] [TranId: TRX-TEST-001] [TraceId: TRACE-TEST-001] [SpanId: SPN-b2c7c7a6-9394-4607-af19-9bde4c919766] - HikariPool-1 - Starting...
2026-06-11 14:32:08.157 [INFO ] [background-preinit] [o.h.validator.internal.util.Version] [TranId: ] [TraceId: ] [SpanId: ] - HV000001: Hibernate Validator 8.0.3.Final
2026-06-11 14:32:08.206 [INFO ] [Test worker] [fps.mbr.MbrApplicationTests] [TranId: ] [TraceId: ] [SpanId: ] - Starting MbrApplicationTests using Java 21.0.7 with PID 21412 (started by 11096 in D:\WORK_FPS\202412_01_FPS\mbr)
2026-06-11 14:32:08.208 [INFO ] [Test worker] [fps.mbr.MbrApplicationTests] [TranId: ] [TraceId: ] [SpanId: ] - No active profile set, falling back to 1 default profile: "default"
2026-06-11 14:32:09.457 [INFO ] [Test worker] [o.s.t.c.s.AnnotationConfigContextLoaderUtils] [TranId: ] [TraceId: ] [SpanId: ] - Could not detect default configuration classes for test class [fps.mbr.controller.member.MbrControllerValidationTest]: MbrControllerValidationTest does not declare any static, non-private, non-final, nested classes annotated with @Configuration.
2026-06-11 14:32:09.513 [INFO ] [Test worker] [o.s.b.t.c.SpringBootTestContextBootstrapper] [TranId: ] [TraceId: ] [SpanId: ] - Found @SpringBootConfiguration fps.mbr.MbrApplication for test class fps.mbr.controller.member.MbrControllerValidationTest
2026-06-11 14:32:09.585 [INFO ] [Test worker] [f.m.c.m.MbrControllerValidationTest] [TranId: ] [TraceId: ] [SpanId: ] - Starting MbrControllerValidationTest using Java 21.0.7 with PID 21412 (started by 11096 in D:\WORK_FPS\202412_01_FPS\mbr)
2026-06-11 14:32:09.585 [INFO ] [Test worker] [f.m.c.m.MbrControllerValidationTest] [TranId: ] [TraceId: ] [SpanId: ] - No active profile set, falling back to 1 default profile: "default"
2026-06-11 14:32:40.572 [INFO ] [background-preinit] [o.h.validator.internal.util.Version] [TranId: ] [TraceId: ] [SpanId: ] - HV000001: Hibernate Validator 8.0.3.Final
2026-06-11 14:32:40.619 [INFO ] [Test worker] [fps.mbr.MbrApplicationTests] [TranId: ] [TraceId: ] [SpanId: ] - Starting MbrApplicationTests using Java 21.0.7 with PID 11992 (started by 11096 in D:\WORK_FPS\202412_01_FPS\mbr)
2026-06-11 14:32:40.621 [INFO ] [Test worker] [fps.mbr.MbrApplicationTests] [TranId: ] [TraceId: ] [SpanId: ] - No active profile set, falling back to 1 default profile: "default"
2026-06-11 14:32:41.935 [INFO ] [Test worker] [f.c.s.common.cache.CodeCacheService] [TranId: ] [TraceId: ] [SpanId: ] - Code cache preload skipped
2026-06-11 14:32:41.954 [INFO ] [Test worker] [f.c.s.c.cache.MessageCacheService] [TranId: ] [TraceId: ] [SpanId: ] - Message cache preload skipped
2026-06-11 14:32:43.416 [INFO ] [Test worker] [fps.mbr.MbrApplicationTests] [TranId: ] [TraceId: ] [SpanId: ] - Started MbrApplicationTests in 3.195 seconds (process running for 4.389)
2026-06-11 14:32:44.377 [INFO ] [Test worker] [o.s.t.c.s.AnnotationConfigContextLoaderUtils] [TranId: ] [TraceId: ] [SpanId: ] - Could not detect default configuration classes for test class [fps.mbr.controller.member.MbrControllerValidationTest]: MbrControllerValidationTest does not declare any static, non-private, non-final, nested classes annotated with @Configuration.
2026-06-11 14:32:44.441 [INFO ] [Test worker] [o.s.b.t.c.SpringBootTestContextBootstrapper] [TranId: ] [TraceId: ] [SpanId: ] - Found @SpringBootConfiguration fps.mbr.MbrApplication for test class fps.mbr.controller.member.MbrControllerValidationTest
2026-06-11 14:32:44.500 [INFO ] [Test worker] [f.m.c.m.MbrControllerValidationTest] [TranId: ] [TraceId: ] [SpanId: ] - Starting MbrControllerValidationTest using Java 21.0.7 with PID 11992 (started by 11096 in D:\WORK_FPS\202412_01_FPS\mbr)
2026-06-11 14:32:44.500 [INFO ] [Test worker] [f.m.c.m.MbrControllerValidationTest] [TranId: ] [TraceId: ] [SpanId: ] - No active profile set, falling back to 1 default profile: "default"
2026-06-11 14:32:45.159 [INFO ] [Test worker] [f.c.s.common.cache.CodeCacheService] [TranId: ] [TraceId: ] [SpanId: ] - Code cache preload skipped
2026-06-11 14:32:45.166 [INFO ] [Test worker] [f.c.s.c.cache.MessageCacheService] [TranId: ] [TraceId: ] [SpanId: ] - Message cache preload skipped
2026-06-11 14:32:45.802 [INFO ] [Test worker] [o.s.b.t.m.w.SpringBootMockServletContext] [TranId: ] [TraceId: ] [SpanId: ] - Initializing Spring TestDispatcherServlet ''
2026-06-11 14:32:45.803 [INFO ] [Test worker] [o.s.t.w.s.TestDispatcherServlet] [TranId: ] [TraceId: ] [SpanId: ] - Initializing Servlet ''
2026-06-11 14:32:45.804 [INFO ] [Test worker] [o.s.t.w.s.TestDispatcherServlet] [TranId: ] [TraceId: ] [SpanId: ] - Completed initialization in 1 ms
2026-06-11 14:32:45.867 [INFO ] [Test worker] [f.m.c.m.MbrControllerValidationTest] [TranId: ] [TraceId: ] [SpanId: ] - Started MbrControllerValidationTest in 1.422 seconds (process running for 6.84)
2026-06-11 14:32:46.148 [INFO ] [Test worker] [f.cmn.common.logging.LoggingAspect] [TranId: 20260611141234567MBRmbrAP010000001] [TraceId: TRACE-TEST-001] [SpanId: SPN-8f92322a-dd2a-4855-a4f5-5702098c3d3a] - Transaction started. transactionId=20260611141234567MBRmbrAP010000001, traceId=TRACE-TEST-001, spanId=SPN-8f92322a-dd2a-4855-a4f5-5702098c3d3a, moduleId=MBR, sequenceNo=1, method=GET, uri=/mbr/detail, controller=MbrController.getDetail(..), clientIp=127.0.0.1, parameters=memberId=[0], requestBody=[0]
2026-06-11 14:32:46.403 [INFO ] [Test worker] [com.zaxxer.hikari.HikariDataSource] [TranId: 20260611141234567MBRmbrAP010000001] [TraceId: TRACE-TEST-001] [SpanId: SPN-8f92322a-dd2a-4855-a4f5-5702098c3d3a] - HikariPool-1 - Starting...
2026-06-11 14:33:33.211 [INFO ] [background-preinit] [o.h.validator.internal.util.Version] [TranId: ] [TraceId: ] [SpanId: ] - HV000001: Hibernate Validator 8.0.3.Final
2026-06-11 14:33:33.263 [INFO ] [Test worker] [f.m.c.m.MbrControllerValidationTest] [TranId: ] [TraceId: ] [SpanId: ] - Starting MbrControllerValidationTest using Java 21.0.7 with PID 4384 (started by 11096 in D:\WORK_FPS\202412_01_FPS\mbr)
2026-06-11 14:33:33.264 [INFO ] [Test worker] [f.m.c.m.MbrControllerValidationTest] [TranId: ] [TraceId: ] [SpanId: ] - No active profile set, falling back to 1 default profile: "default"
2026-06-11 14:33:35.686 [INFO ] [Test worker] [f.c.s.common.cache.CodeCacheService] [TranId: ] [TraceId: ] [SpanId: ] - Code cache preload skipped
2026-06-11 14:33:35.768 [INFO ] [Test worker] [f.c.s.c.cache.MessageCacheService] [TranId: ] [TraceId: ] [SpanId: ] - Message cache preload skipped
2026-06-11 14:33:37.154 [INFO ] [Test worker] [o.s.b.t.m.w.SpringBootMockServletContext] [TranId: ] [TraceId: ] [SpanId: ] - Initializing Spring TestDispatcherServlet ''
2026-06-11 14:33:37.154 [INFO ] [Test worker] [o.s.t.w.s.TestDispatcherServlet] [TranId: ] [TraceId: ] [SpanId: ] - Initializing Servlet ''
2026-06-11 14:33:37.156 [INFO ] [Test worker] [o.s.t.w.s.TestDispatcherServlet] [TranId: ] [TraceId: ] [SpanId: ] - Completed initialization in 2 ms
2026-06-11 14:33:37.281 [INFO ] [Test worker] [f.m.c.m.MbrControllerValidationTest] [TranId: ] [TraceId: ] [SpanId: ] - Started MbrControllerValidationTest in 4.608 seconds (process running for 5.832)
2026-06-11 14:33:37.560 [INFO ] [Test worker] [f.cmn.common.logging.LoggingAspect] [TranId: 20260611141234567MBRmbrAP010000001] [TraceId: TRACE-TEST-001] [SpanId: SPN-47f99489-2ca4-4c3f-a7ab-ef2970b7286a] - Transaction started. transactionId=20260611141234567MBRmbrAP010000001, traceId=TRACE-TEST-001, spanId=SPN-47f99489-2ca4-4c3f-a7ab-ef2970b7286a, moduleId=MBR, sequenceNo=1, method=GET, uri=/mbr/detail, controller=MbrController.getDetail(..), clientIp=127.0.0.1, parameters=memberId=[0], requestBody=[0]
2026-06-11 14:33:37.697 [INFO ] [Test worker] [com.zaxxer.hikari.HikariDataSource] [TranId: 20260611141234567MBRmbrAP010000001] [TraceId: TRACE-TEST-001] [SpanId: SPN-47f99489-2ca4-4c3f-a7ab-ef2970b7286a] - HikariPool-1 - Starting...
2026-06-11 14:33:39.117 [INFO ] [Test worker] [o.s.t.c.s.AnnotationConfigContextLoaderUtils] [TranId: ] [TraceId: ] [SpanId: ] - Could not detect default configuration classes for test class [fps.mbr.MbrApplicationTests]: MbrApplicationTests does not declare any static, non-private, non-final, nested classes annotated with @Configuration.
2026-06-11 14:33:39.154 [INFO ] [Test worker] [o.s.b.t.c.SpringBootTestContextBootstrapper] [TranId: ] [TraceId: ] [SpanId: ] - Found @SpringBootConfiguration fps.mbr.MbrApplication for test class fps.mbr.MbrApplicationTests
2026-06-11 14:33:39.220 [INFO ] [Test worker] [fps.mbr.MbrApplicationTests] [TranId: ] [TraceId: ] [SpanId: ] - Starting MbrApplicationTests using Java 21.0.7 with PID 4384 (started by 11096 in D:\WORK_FPS\202412_01_FPS\mbr)
2026-06-11 14:33:39.221 [INFO ] [Test worker] [fps.mbr.MbrApplicationTests] [TranId: ] [TraceId: ] [SpanId: ] - No active profile set, falling back to 1 default profile: "default"
2026-06-11 14:33:39.856 [INFO ] [Test worker] [f.c.s.common.cache.CodeCacheService] [TranId: ] [TraceId: ] [SpanId: ] - Code cache preload skipped
2026-06-11 14:33:39.858 [INFO ] [Test worker] [f.c.s.c.cache.MessageCacheService] [TranId: ] [TraceId: ] [SpanId: ] - Message cache preload skipped
2026-06-11 14:33:40.439 [INFO ] [Test worker] [fps.mbr.MbrApplicationTests] [TranId: ] [TraceId: ] [SpanId: ] - Started MbrApplicationTests in 1.279 seconds (process running for 8.99)
2026-06-11 14:49:05.520 [INFO ] [background-preinit] [o.h.validator.internal.util.Version] [TranId: ] [TraceId: ] [SpanId: ] - HV000001: Hibernate Validator 8.0.3.Final
2026-06-11 14:49:05.567 [INFO ] [Test worker] [fps.mbr.MbrApplicationTests] [TranId: ] [TraceId: ] [SpanId: ] - Starting MbrApplicationTests using Java 21.0.7 with PID 19344 (started by 11096 in D:\WORK_FPS\202412_01_FPS\mbr)
2026-06-11 14:49:05.568 [INFO ] [Test worker] [fps.mbr.MbrApplicationTests] [TranId: ] [TraceId: ] [SpanId: ] - No active profile set, falling back to 1 default profile: "default"
2026-06-11 14:49:06.782 [INFO ] [Test worker] [f.c.s.common.cache.CodeCacheService] [TranId: ] [TraceId: ] [SpanId: ] - Code cache preload skipped
2026-06-11 14:49:06.801 [INFO ] [Test worker] [f.c.s.c.cache.MessageCacheService] [TranId: ] [TraceId: ] [SpanId: ] - Message cache preload skipped
2026-06-11 14:49:12.709 [INFO ] [Test worker] [fps.mbr.MbrApplicationTests] [TranId: ] [TraceId: ] [SpanId: ] - Started MbrApplicationTests in 7.457 seconds (process running for 8.548)
2026-06-11 14:49:14.210 [INFO ] [Test worker] [o.s.t.c.s.AnnotationConfigContextLoaderUtils] [TranId: ] [TraceId: ] [SpanId: ] - Could not detect default configuration classes for test class [fps.mbr.controller.member.MbrControllerValidationTest]: MbrControllerValidationTest does not declare any static, non-private, non-final, nested classes annotated with @Configuration.
2026-06-11 14:49:14.320 [INFO ] [Test worker] [o.s.b.t.c.SpringBootTestContextBootstrapper] [TranId: ] [TraceId: ] [SpanId: ] - Found @SpringBootConfiguration fps.mbr.MbrApplication for test class fps.mbr.controller.member.MbrControllerValidationTest
2026-06-11 14:49:14.555 [INFO ] [Test worker] [f.m.c.m.MbrControllerValidationTest] [TranId: ] [TraceId: ] [SpanId: ] - Starting MbrControllerValidationTest using Java 21.0.7 with PID 19344 (started by 11096 in D:\WORK_FPS\202412_01_FPS\mbr)
2026-06-11 14:49:14.556 [INFO ] [Test worker] [f.m.c.m.MbrControllerValidationTest] [TranId: ] [TraceId: ] [SpanId: ] - No active profile set, falling back to 1 default profile: "default"
2026-06-11 14:49:16.520 [INFO ] [Test worker] [f.c.s.common.cache.CodeCacheService] [TranId: ] [TraceId: ] [SpanId: ] - Code cache preload skipped
2026-06-11 14:49:16.549 [INFO ] [Test worker] [f.c.s.c.cache.MessageCacheService] [TranId: ] [TraceId: ] [SpanId: ] - Message cache preload skipped
2026-06-11 14:49:18.500 [INFO ] [Test worker] [o.s.b.t.m.w.SpringBootMockServletContext] [TranId: ] [TraceId: ] [SpanId: ] - Initializing Spring TestDispatcherServlet ''
2026-06-11 14:49:18.505 [INFO ] [Test worker] [o.s.t.w.s.TestDispatcherServlet] [TranId: ] [TraceId: ] [SpanId: ] - Initializing Servlet ''
2026-06-11 14:49:18.510 [INFO ] [Test worker] [o.s.t.w.s.TestDispatcherServlet] [TranId: ] [TraceId: ] [SpanId: ] - Completed initialization in 3 ms
2026-06-11 14:49:18.693 [INFO ] [Test worker] [f.m.c.m.MbrControllerValidationTest] [TranId: ] [TraceId: ] [SpanId: ] - Started MbrControllerValidationTest in 4.361 seconds (process running for 14.532)
2026-06-11 14:49:19.396 [INFO ] [Test worker] [f.cmn.common.logging.LoggingAspect] [TranId: 20260611141234567MBRmbrAP010000001] [TraceId: TRACE-TEST-001] [SpanId: SPN-eaf0f85a-6043-44b8-b014-d207769e704d] - Transaction started. transactionId=20260611141234567MBRmbrAP010000001, businessTransactionId=MBR01002, businessTransactionName=회원상세조회, traceId=TRACE-TEST-001, spanId=SPN-eaf0f85a-6043-44b8-b014-d207769e704d, moduleId=MBR, sequenceNo=1, method=GET, uri=/mbr/detail, controller=MbrController.getDetail(..), clientIp=127.0.0.1, parameters=memberId=[0], requestBody=[0]
2026-06-11 14:49:20.206 [INFO ] [Test worker] [com.zaxxer.hikari.HikariDataSource] [TranId: 20260611141234567MBRmbrAP010000001] [TraceId: TRACE-TEST-001] [SpanId: SPN-eaf0f85a-6043-44b8-b014-d207769e704d] - HikariPool-1 - Starting...
2026-06-11 14:54:22.521 [INFO ] [background-preinit] [o.h.validator.internal.util.Version] [TranId: ] [TraceId: ] [SpanId: ] - HV000001: Hibernate Validator 8.0.3.Final
2026-06-11 14:54:22.565 [INFO ] [Test worker] [fps.mbr.MbrApplicationTests] [TranId: ] [TraceId: ] [SpanId: ] - Starting MbrApplicationTests using Java 21.0.7 with PID 18524 (started by 11096 in D:\WORK_FPS\202412_01_FPS\mbr)
2026-06-11 14:54:22.566 [INFO ] [Test worker] [fps.mbr.MbrApplicationTests] [TranId: ] [TraceId: ] [SpanId: ] - No active profile set, falling back to 1 default profile: "default"
2026-06-11 14:54:23.751 [INFO ] [Test worker] [f.c.s.common.cache.CodeCacheService] [TranId: ] [TraceId: ] [SpanId: ] - Code cache preload skipped
2026-06-11 14:54:23.773 [INFO ] [Test worker] [f.c.s.c.cache.MessageCacheService] [TranId: ] [TraceId: ] [SpanId: ] - Message cache preload skipped
2026-06-11 14:54:28.972 [INFO ] [Test worker] [fps.mbr.MbrApplicationTests] [TranId: ] [TraceId: ] [SpanId: ] - Started MbrApplicationTests in 6.725 seconds (process running for 7.762)
2026-06-11 14:54:30.641 [INFO ] [Test worker] [o.s.t.c.s.AnnotationConfigContextLoaderUtils] [TranId: ] [TraceId: ] [SpanId: ] - Could not detect default configuration classes for test class [fps.mbr.controller.member.MbrControllerValidationTest]: MbrControllerValidationTest does not declare any static, non-private, non-final, nested classes annotated with @Configuration.
2026-06-11 14:54:30.770 [INFO ] [Test worker] [o.s.b.t.c.SpringBootTestContextBootstrapper] [TranId: ] [TraceId: ] [SpanId: ] - Found @SpringBootConfiguration fps.mbr.MbrApplication for test class fps.mbr.controller.member.MbrControllerValidationTest
2026-06-11 14:54:30.973 [INFO ] [Test worker] [f.m.c.m.MbrControllerValidationTest] [TranId: ] [TraceId: ] [SpanId: ] - Starting MbrControllerValidationTest using Java 21.0.7 with PID 18524 (started by 11096 in D:\WORK_FPS\202412_01_FPS\mbr)
2026-06-11 14:54:30.974 [INFO ] [Test worker] [f.m.c.m.MbrControllerValidationTest] [TranId: ] [TraceId: ] [SpanId: ] - No active profile set, falling back to 1 default profile: "default"
2026-06-11 14:54:32.690 [INFO ] [Test worker] [f.c.s.common.cache.CodeCacheService] [TranId: ] [TraceId: ] [SpanId: ] - Code cache preload skipped
2026-06-11 14:54:32.711 [INFO ] [Test worker] [f.c.s.c.cache.MessageCacheService] [TranId: ] [TraceId: ] [SpanId: ] - Message cache preload skipped
2026-06-11 14:54:34.621 [INFO ] [Test worker] [o.s.b.t.m.w.SpringBootMockServletContext] [TranId: ] [TraceId: ] [SpanId: ] - Initializing Spring TestDispatcherServlet ''
2026-06-11 14:54:34.622 [INFO ] [Test worker] [o.s.t.w.s.TestDispatcherServlet] [TranId: ] [TraceId: ] [SpanId: ] - Initializing Servlet ''
2026-06-11 14:54:34.626 [INFO ] [Test worker] [o.s.t.w.s.TestDispatcherServlet] [TranId: ] [TraceId: ] [SpanId: ] - Completed initialization in 3 ms
2026-06-11 14:54:34.825 [INFO ] [Test worker] [f.m.c.m.MbrControllerValidationTest] [TranId: ] [TraceId: ] [SpanId: ] - Started MbrControllerValidationTest in 4.046 seconds (process running for 13.615)
2026-06-11 14:54:35.582 [INFO ] [Test worker] [f.cmn.common.logging.LoggingAspect] [TranId: 20260611141234567MBRmbrAP010000001] [TraceId: TRACE-TEST-001] [SpanId: SPN-4f97a3f4-374e-4172-8138-d8e5a6693659] - Transaction started. transactionId=20260611141234567MBRmbrAP010000001, businessTransactionId=MBR01002, businessTransactionName=회원상세조회, traceId=TRACE-TEST-001, spanId=SPN-4f97a3f4-374e-4172-8138-d8e5a6693659, moduleId=MBR, sequenceNo=1, method=GET, uri=/mbr/detail, controller=MbrController.getDetail(..), clientIp=10.10.10.10, parameters=memberId=[0], requestBody=[0]
2026-06-11 14:54:36.160 [INFO ] [Test worker] [com.zaxxer.hikari.HikariDataSource] [TranId: 20260611141234567MBRmbrAP010000001] [TraceId: TRACE-TEST-001] [SpanId: SPN-4f97a3f4-374e-4172-8138-d8e5a6693659] - HikariPool-1 - Starting...
2026-06-11 14:58:51.125 [INFO ] [background-preinit] [o.h.validator.internal.util.Version] [TranId: ] [TraceId: ] [SpanId: ] - HV000001: Hibernate Validator 8.0.3.Final
2026-06-11 14:58:51.162 [INFO ] [Test worker] [fps.mbr.MbrApplicationTests] [TranId: ] [TraceId: ] [SpanId: ] - Starting MbrApplicationTests using Java 21.0.7 with PID 7560 (started by 11096 in D:\WORK_FPS\202412_01_FPS\mbr)
2026-06-11 14:58:51.164 [INFO ] [Test worker] [fps.mbr.MbrApplicationTests] [TranId: ] [TraceId: ] [SpanId: ] - No active profile set, falling back to 1 default profile: "default"
2026-06-11 14:58:52.424 [INFO ] [Test worker] [f.c.s.common.cache.CodeCacheService] [TranId: ] [TraceId: ] [SpanId: ] - Code cache preload skipped
2026-06-11 14:58:52.441 [INFO ] [Test worker] [f.c.s.c.cache.MessageCacheService] [TranId: ] [TraceId: ] [SpanId: ] - Message cache preload skipped
2026-06-11 14:58:57.598 [INFO ] [Test worker] [fps.mbr.MbrApplicationTests] [TranId: ] [TraceId: ] [SpanId: ] - Started MbrApplicationTests in 6.737 seconds (process running for 7.894)
2026-06-11 14:58:59.205 [INFO ] [Test worker] [o.s.t.c.s.AnnotationConfigContextLoaderUtils] [TranId: ] [TraceId: ] [SpanId: ] - Could not detect default configuration classes for test class [fps.mbr.controller.member.MbrControllerValidationTest]: MbrControllerValidationTest does not declare any static, non-private, non-final, nested classes annotated with @Configuration.
2026-06-11 14:58:59.306 [INFO ] [Test worker] [o.s.b.t.c.SpringBootTestContextBootstrapper] [TranId: ] [TraceId: ] [SpanId: ] - Found @SpringBootConfiguration fps.mbr.MbrApplication for test class fps.mbr.controller.member.MbrControllerValidationTest
2026-06-11 14:58:59.517 [INFO ] [Test worker] [f.m.c.m.MbrControllerValidationTest] [TranId: ] [TraceId: ] [SpanId: ] - Starting MbrControllerValidationTest using Java 21.0.7 with PID 7560 (started by 11096 in D:\WORK_FPS\202412_01_FPS\mbr)
2026-06-11 14:58:59.517 [INFO ] [Test worker] [f.m.c.m.MbrControllerValidationTest] [TranId: ] [TraceId: ] [SpanId: ] - No active profile set, falling back to 1 default profile: "default"
2026-06-11 14:59:01.419 [INFO ] [Test worker] [f.c.s.common.cache.CodeCacheService] [TranId: ] [TraceId: ] [SpanId: ] - Code cache preload skipped
2026-06-11 14:59:01.445 [INFO ] [Test worker] [f.c.s.c.cache.MessageCacheService] [TranId: ] [TraceId: ] [SpanId: ] - Message cache preload skipped
2026-06-11 14:59:03.778 [INFO ] [Test worker] [o.s.b.t.m.w.SpringBootMockServletContext] [TranId: ] [TraceId: ] [SpanId: ] - Initializing Spring TestDispatcherServlet ''
2026-06-11 14:59:03.780 [INFO ] [Test worker] [o.s.t.w.s.TestDispatcherServlet] [TranId: ] [TraceId: ] [SpanId: ] - Initializing Servlet ''
2026-06-11 14:59:03.783 [INFO ] [Test worker] [o.s.t.w.s.TestDispatcherServlet] [TranId: ] [TraceId: ] [SpanId: ] - Completed initialization in 2 ms
2026-06-11 14:59:04.147 [INFO ] [Test worker] [f.m.c.m.MbrControllerValidationTest] [TranId: ] [TraceId: ] [SpanId: ] - Started MbrControllerValidationTest in 4.833 seconds (process running for 14.443)
2026-06-11 14:59:04.950 [INFO ] [Test worker] [f.cmn.common.logging.LoggingAspect] [TranId: 20260611141234567MBRmbrAP010000001] [TraceId: TRACE-TEST-001] [SpanId: SPN-5a1a7925-349b-407e-b8c0-aa0629d90fd6] - Transaction started. transactionId=20260611141234567MBRmbrAP010000001, businessTransactionId=MBR01002, businessTransactionName=회원상세조회, traceId=TRACE-TEST-001, spanId=SPN-5a1a7925-349b-407e-b8c0-aa0629d90fd6, moduleId=MBR, sequenceNo=1, method=GET, uri=/mbr/detail, controller=MbrController.getDetail(..), clientIp=10.10.10.10, parameters=memberId=[0], requestBody=[0]
2026-06-11 14:59:05.750 [INFO ] [Test worker] [com.zaxxer.hikari.HikariDataSource] [TranId: 20260611141234567MBRmbrAP010000001] [TraceId: TRACE-TEST-001] [SpanId: SPN-5a1a7925-349b-407e-b8c0-aa0629d90fd6] - HikariPool-1 - Starting...
2026-06-11 16:32:29.444 [INFO ] [background-preinit] [o.h.validator.internal.util.Version] [TranId: ] [TraceId: ] [SpanId: ] - HV000001: Hibernate Validator 8.0.3.Final
2026-06-11 16:32:29.504 [INFO ] [Test worker] [fps.mbr.MbrApplicationTests] [TranId: ] [TraceId: ] [SpanId: ] - Starting MbrApplicationTests using Java 21.0.7 with PID 23408 (started by 11096 in D:\WORK_FPS\202412_01_FPS\mbr)
2026-06-11 16:32:29.505 [INFO ] [Test worker] [fps.mbr.MbrApplicationTests] [TranId: ] [TraceId: ] [SpanId: ] - No active profile set, falling back to 1 default profile: "default"
2026-06-11 16:32:31.514 [INFO ] [Test worker] [f.c.s.common.cache.CodeCacheService] [TranId: ] [TraceId: ] [SpanId: ] - Code cache preload skipped
2026-06-11 16:32:31.549 [INFO ] [Test worker] [f.c.s.c.cache.MessageCacheService] [TranId: ] [TraceId: ] [SpanId: ] - Message cache preload skipped
2026-06-11 16:32:33.803 [INFO ] [Test worker] [fps.mbr.MbrApplicationTests] [TranId: ] [TraceId: ] [SpanId: ] - Started MbrApplicationTests in 4.803 seconds (process running for 6.177)
2026-06-11 16:32:35.249 [INFO ] [Test worker] [o.s.t.c.s.AnnotationConfigContextLoaderUtils] [TranId: ] [TraceId: ] [SpanId: ] - Could not detect default configuration classes for test class [fps.mbr.controller.member.MbrControllerValidationTest]: MbrControllerValidationTest does not declare any static, non-private, non-final, nested classes annotated with @Configuration.
2026-06-11 16:32:35.331 [INFO ] [Test worker] [o.s.b.t.c.SpringBootTestContextBootstrapper] [TranId: ] [TraceId: ] [SpanId: ] - Found @SpringBootConfiguration fps.mbr.MbrApplication for test class fps.mbr.controller.member.MbrControllerValidationTest
2026-06-11 16:32:35.417 [INFO ] [Test worker] [f.m.c.m.MbrControllerValidationTest] [TranId: ] [TraceId: ] [SpanId: ] - Starting MbrControllerValidationTest using Java 21.0.7 with PID 23408 (started by 11096 in D:\WORK_FPS\202412_01_FPS\mbr)
2026-06-11 16:32:35.418 [INFO ] [Test worker] [f.m.c.m.MbrControllerValidationTest] [TranId: ] [TraceId: ] [SpanId: ] - No active profile set, falling back to 1 default profile: "default"
2026-06-11 16:32:36.248 [INFO ] [Test worker] [f.c.s.common.cache.CodeCacheService] [TranId: ] [TraceId: ] [SpanId: ] - Code cache preload skipped
2026-06-11 16:32:36.257 [INFO ] [Test worker] [f.c.s.c.cache.MessageCacheService] [TranId: ] [TraceId: ] [SpanId: ] - Message cache preload skipped
2026-06-11 16:32:37.106 [INFO ] [Test worker] [o.s.b.t.m.w.SpringBootMockServletContext] [TranId: ] [TraceId: ] [SpanId: ] - Initializing Spring TestDispatcherServlet ''
2026-06-11 16:32:37.107 [INFO ] [Test worker] [o.s.t.w.s.TestDispatcherServlet] [TranId: ] [TraceId: ] [SpanId: ] - Initializing Servlet ''
2026-06-11 16:32:37.109 [INFO ] [Test worker] [o.s.t.w.s.TestDispatcherServlet] [TranId: ] [TraceId: ] [SpanId: ] - Completed initialization in 2 ms
2026-06-11 16:32:37.376 [INFO ] [Test worker] [f.m.c.m.MbrControllerValidationTest] [TranId: ] [TraceId: ] [SpanId: ] - Started MbrControllerValidationTest in 2.04 seconds (process running for 9.75)
2026-06-11 16:32:37.781 [INFO ] [Test worker] [f.cmn.common.logging.LoggingAspect] [TranId: 20260611141234567MBRmbrAP010000001] [TraceId: TRACE-TEST-001] [SpanId: SPN-ab050008-a080-4a94-8f84-19265429dd8a] - Transaction started. transactionId=20260611141234567MBRmbrAP010000001, businessTransactionId=MBR01002, businessTransactionName=회원상세조회, traceId=TRACE-TEST-001, spanId=SPN-ab050008-a080-4a94-8f84-19265429dd8a, moduleId=MBR, sequenceNo=1, method=GET, uri=/mbr/detail, controller=MbrController.getDetail(..), clientIp=10.10.10.10, parameters=memberId=[0], requestBody=[0]
2026-06-11 16:32:38.259 [INFO ] [Test worker] [com.zaxxer.hikari.HikariDataSource] [TranId: 20260611141234567MBRmbrAP010000001] [TraceId: TRACE-TEST-001] [SpanId: SPN-ab050008-a080-4a94-8f84-19265429dd8a] - HikariPool-1 - Starting...
2026-06-11 17:00:01.600 [INFO ] [background-preinit] [o.h.validator.internal.util.Version] [TranId: ] [TraceId: ] [SpanId: ] - HV000001: Hibernate Validator 8.0.3.Final
2026-06-11 17:00:01.653 [INFO ] [Test worker] [fps.mbr.MbrApplicationTests] [TranId: ] [TraceId: ] [SpanId: ] - Starting MbrApplicationTests using Java 21.0.7 with PID 11788 (started by 11096 in D:\WORK_FPS\202412_01_FPS\mbr)
2026-06-11 17:00:01.655 [INFO ] [Test worker] [fps.mbr.MbrApplicationTests] [TranId: ] [TraceId: ] [SpanId: ] - No active profile set, falling back to 1 default profile: "default"
2026-06-11 17:00:03.281 [INFO ] [Test worker] [f.c.s.common.cache.CodeCacheService] [TranId: ] [TraceId: ] [SpanId: ] - Code cache preload skipped
2026-06-11 17:00:03.301 [INFO ] [Test worker] [f.c.s.c.cache.MessageCacheService] [TranId: ] [TraceId: ] [SpanId: ] - Message cache preload skipped
2026-06-11 17:00:05.008 [INFO ] [Test worker] [fps.mbr.MbrApplicationTests] [TranId: ] [TraceId: ] [SpanId: ] - Started MbrApplicationTests in 3.768 seconds (process running for 5.133)
2026-06-11 17:00:06.136 [INFO ] [Test worker] [o.s.t.c.s.AnnotationConfigContextLoaderUtils] [TranId: ] [TraceId: ] [SpanId: ] - Could not detect default configuration classes for test class [fps.mbr.controller.member.MbrControllerValidationTest]: MbrControllerValidationTest does not declare any static, non-private, non-final, nested classes annotated with @Configuration.
2026-06-11 17:00:06.190 [INFO ] [Test worker] [o.s.b.t.c.SpringBootTestContextBootstrapper] [TranId: ] [TraceId: ] [SpanId: ] - Found @SpringBootConfiguration fps.mbr.MbrApplication for test class fps.mbr.controller.member.MbrControllerValidationTest
2026-06-11 17:00:06.246 [INFO ] [Test worker] [f.m.c.m.MbrControllerValidationTest] [TranId: ] [TraceId: ] [SpanId: ] - Starting MbrControllerValidationTest using Java 21.0.7 with PID 11788 (started by 11096 in D:\WORK_FPS\202412_01_FPS\mbr)
2026-06-11 17:00:06.247 [INFO ] [Test worker] [f.m.c.m.MbrControllerValidationTest] [TranId: ] [TraceId: ] [SpanId: ] - No active profile set, falling back to 1 default profile: "default"
2026-06-11 17:00:06.961 [INFO ] [Test worker] [f.c.s.common.cache.CodeCacheService] [TranId: ] [TraceId: ] [SpanId: ] - Code cache preload skipped
2026-06-11 17:00:06.969 [INFO ] [Test worker] [f.c.s.c.cache.MessageCacheService] [TranId: ] [TraceId: ] [SpanId: ] - Message cache preload skipped
2026-06-11 17:00:07.597 [INFO ] [Test worker] [o.s.b.t.m.w.SpringBootMockServletContext] [TranId: ] [TraceId: ] [SpanId: ] - Initializing Spring TestDispatcherServlet ''
2026-06-11 17:00:07.597 [INFO ] [Test worker] [o.s.t.w.s.TestDispatcherServlet] [TranId: ] [TraceId: ] [SpanId: ] - Initializing Servlet ''
2026-06-11 17:00:07.599 [INFO ] [Test worker] [o.s.t.w.s.TestDispatcherServlet] [TranId: ] [TraceId: ] [SpanId: ] - Completed initialization in 2 ms
2026-06-11 17:00:07.793 [INFO ] [Test worker] [f.m.c.m.MbrControllerValidationTest] [TranId: ] [TraceId: ] [SpanId: ] - Started MbrControllerValidationTest in 1.599 seconds (process running for 7.918)
2026-06-11 17:00:08.086 [INFO ] [Test worker] [f.pfw.common.logging.LoggingAspect] [TranId: 20260611141234567MBRmbrAP010000001] [TraceId: TRACE-TEST-001] [SpanId: SPN-bf573ba8-d41e-46a2-a5f4-4c07f9ef9e6b] - Transaction started. transactionId=20260611141234567MBRmbrAP010000001, businessTransactionId=MBR01002, businessTransactionName=회원상세조회, traceId=TRACE-TEST-001, spanId=SPN-bf573ba8-d41e-46a2-a5f4-4c07f9ef9e6b, moduleId=MBR, sequenceNo=1, method=GET, uri=/mbr/detail, controller=MbrController.getDetail(..), clientIp=10.10.10.10, parameters=memberId=[0], requestBody=[0]
2026-06-11 17:00:08.438 [INFO ] [Test worker] [com.zaxxer.hikari.HikariDataSource] [TranId: 20260611141234567MBRmbrAP010000001] [TraceId: TRACE-TEST-001] [SpanId: SPN-bf573ba8-d41e-46a2-a5f4-4c07f9ef9e6b] - HikariPool-1 - Starting...
2026-06-11 19:56:50.596 [INFO ] [background-preinit] [o.h.validator.internal.util.Version] [TranId: ] [TraceId: ] [SpanId: ] - HV000001: Hibernate Validator 8.0.3.Final
2026-06-11 19:56:50.642 [INFO ] [Test worker] [fps.mbr.MbrApplicationTests] [TranId: ] [TraceId: ] [SpanId: ] - Starting MbrApplicationTests using Java 21.0.7 with PID 14652 (started by 11096 in D:\WORK_FPS\202412_01_FPS\mbr)
2026-06-11 19:56:50.643 [INFO ] [Test worker] [fps.mbr.MbrApplicationTests] [TranId: ] [TraceId: ] [SpanId: ] - No active profile set, falling back to 1 default profile: "default"
2026-06-11 19:56:52.297 [INFO ] [Test worker] [f.cmn.cde.service.CodeCacheService] [TranId: ] [TraceId: ] [SpanId: ] - Code cache preload skipped
2026-06-11 19:56:52.324 [INFO ] [Test worker] [f.c.msg.service.MessageCacheService] [TranId: ] [TraceId: ] [SpanId: ] - Message cache preload skipped
2026-06-11 19:56:54.280 [INFO ] [Test worker] [fps.mbr.MbrApplicationTests] [TranId: ] [TraceId: ] [SpanId: ] - Started MbrApplicationTests in 4.102 seconds (process running for 5.617)
2026-06-11 19:56:55.503 [INFO ] [Test worker] [o.s.t.c.s.AnnotationConfigContextLoaderUtils] [TranId: ] [TraceId: ] [SpanId: ] - Could not detect default configuration classes for test class [fps.mbr.bse.controller.MbrControllerValidationTest]: MbrControllerValidationTest does not declare any static, non-private, non-final, nested classes annotated with @Configuration.
2026-06-11 19:56:55.576 [INFO ] [Test worker] [o.s.b.t.c.SpringBootTestContextBootstrapper] [TranId: ] [TraceId: ] [SpanId: ] - Found @SpringBootConfiguration fps.mbr.MbrApplication for test class fps.mbr.bse.controller.MbrControllerValidationTest
2026-06-11 19:56:55.645 [INFO ] [Test worker] [f.m.b.c.MbrControllerValidationTest] [TranId: ] [TraceId: ] [SpanId: ] - Starting MbrControllerValidationTest using Java 21.0.7 with PID 14652 (started by 11096 in D:\WORK_FPS\202412_01_FPS\mbr)
2026-06-11 19:56:55.645 [INFO ] [Test worker] [f.m.b.c.MbrControllerValidationTest] [TranId: ] [TraceId: ] [SpanId: ] - No active profile set, falling back to 1 default profile: "default"
2026-06-11 19:56:56.373 [INFO ] [Test worker] [f.cmn.cde.service.CodeCacheService] [TranId: ] [TraceId: ] [SpanId: ] - Code cache preload skipped
2026-06-11 19:56:56.386 [INFO ] [Test worker] [f.c.msg.service.MessageCacheService] [TranId: ] [TraceId: ] [SpanId: ] - Message cache preload skipped
2026-06-11 19:56:57.033 [INFO ] [Test worker] [o.s.b.t.m.w.SpringBootMockServletContext] [TranId: ] [TraceId: ] [SpanId: ] - Initializing Spring TestDispatcherServlet ''
2026-06-11 19:56:57.034 [INFO ] [Test worker] [o.s.t.w.s.TestDispatcherServlet] [TranId: ] [TraceId: ] [SpanId: ] - Initializing Servlet ''
2026-06-11 19:56:57.035 [INFO ] [Test worker] [o.s.t.w.s.TestDispatcherServlet] [TranId: ] [TraceId: ] [SpanId: ] - Completed initialization in 1 ms
2026-06-11 19:56:57.231 [INFO ] [Test worker] [f.m.b.c.MbrControllerValidationTest] [TranId: ] [TraceId: ] [SpanId: ] - Started MbrControllerValidationTest in 1.651 seconds (process running for 8.567)
2026-06-11 19:56:57.501 [INFO ] [Test worker] [f.pfw.common.logging.LoggingAspect] [TranId: 20260611141234567MBRmbrAP010000001] [TraceId: TRACE-TEST-001] [SpanId: SPN-62d0ff36-97df-4ff9-add6-68e53bc80117] - Transaction started. transactionId=20260611141234567MBRmbrAP010000001, businessTransactionId=MBR01BSE0002, businessTransactionName=회원기본상세조회, traceId=TRACE-TEST-001, spanId=SPN-62d0ff36-97df-4ff9-add6-68e53bc80117, moduleId=MBR, sequenceNo=1, method=GET, uri=/mbr/detail, controller=MbrController.getDetail(..), clientIp=10.10.10.10, parameters=memberId=[0], requestBody=[0]
2026-06-11 19:56:57.800 [INFO ] [Test worker] [com.zaxxer.hikari.HikariDataSource] [TranId: 20260611141234567MBRmbrAP010000001] [TraceId: TRACE-TEST-001] [SpanId: SPN-62d0ff36-97df-4ff9-add6-68e53bc80117] - HikariPool-1 - Starting...
2026-06-11 20:42:49.533 [INFO ] [background-preinit] [o.h.validator.internal.util.Version] [TranId: ] [TraceId: ] [SpanId: ] - HV000001: Hibernate Validator 8.0.3.Final
2026-06-11 20:42:49.574 [INFO ] [Test worker] [fps.mbr.MbrApplicationTests] [TranId: ] [TraceId: ] [SpanId: ] - Starting MbrApplicationTests using Java 21.0.7 with PID 25024 (started by 11096 in D:\WORK_FPS\202412_01_FPS\mbr)
2026-06-11 20:42:49.575 [INFO ] [Test worker] [fps.mbr.MbrApplicationTests] [TranId: ] [TraceId: ] [SpanId: ] - No active profile set, falling back to 1 default profile: "default"
2026-06-11 20:42:51.243 [INFO ] [Test worker] [f.cmn.cde.service.CodeCacheService] [TranId: ] [TraceId: ] [SpanId: ] - Code cache preload skipped
2026-06-11 20:42:51.282 [INFO ] [Test worker] [f.c.msg.service.MessageCacheService] [TranId: ] [TraceId: ] [SpanId: ] - Message cache preload skipped
2026-06-11 20:42:53.104 [INFO ] [Test worker] [fps.mbr.MbrApplicationTests] [TranId: ] [TraceId: ] [SpanId: ] - Started MbrApplicationTests in 3.925 seconds (process running for 5.218)
2026-06-11 20:42:54.153 [INFO ] [Test worker] [o.s.t.c.s.AnnotationConfigContextLoaderUtils] [TranId: ] [TraceId: ] [SpanId: ] - Could not detect default configuration classes for test class [fps.mbr.bse.controller.MbrControllerValidationTest]: MbrControllerValidationTest does not declare any static, non-private, non-final, nested classes annotated with @Configuration.
2026-06-11 20:42:54.223 [INFO ] [Test worker] [o.s.b.t.c.SpringBootTestContextBootstrapper] [TranId: ] [TraceId: ] [SpanId: ] - Found @SpringBootConfiguration fps.mbr.MbrApplication for test class fps.mbr.bse.controller.MbrControllerValidationTest
2026-06-11 20:42:54.286 [INFO ] [Test worker] [f.m.b.c.MbrControllerValidationTest] [TranId: ] [TraceId: ] [SpanId: ] - Starting MbrControllerValidationTest using Java 21.0.7 with PID 25024 (started by 11096 in D:\WORK_FPS\202412_01_FPS\mbr)
2026-06-11 20:42:54.286 [INFO ] [Test worker] [f.m.b.c.MbrControllerValidationTest] [TranId: ] [TraceId: ] [SpanId: ] - No active profile set, falling back to 1 default profile: "default"
2026-06-11 20:42:55.008 [INFO ] [Test worker] [f.cmn.cde.service.CodeCacheService] [TranId: ] [TraceId: ] [SpanId: ] - Code cache preload skipped
2026-06-11 20:42:55.020 [INFO ] [Test worker] [f.c.msg.service.MessageCacheService] [TranId: ] [TraceId: ] [SpanId: ] - Message cache preload skipped
2026-06-11 20:42:55.831 [INFO ] [Test worker] [o.s.b.t.m.w.SpringBootMockServletContext] [TranId: ] [TraceId: ] [SpanId: ] - Initializing Spring TestDispatcherServlet ''
2026-06-11 20:42:55.832 [INFO ] [Test worker] [o.s.t.w.s.TestDispatcherServlet] [TranId: ] [TraceId: ] [SpanId: ] - Initializing Servlet ''
2026-06-11 20:42:55.833 [INFO ] [Test worker] [o.s.t.w.s.TestDispatcherServlet] [TranId: ] [TraceId: ] [SpanId: ] - Completed initialization in 1 ms
2026-06-11 20:42:56.035 [INFO ] [Test worker] [f.m.b.c.MbrControllerValidationTest] [TranId: ] [TraceId: ] [SpanId: ] - Started MbrControllerValidationTest in 1.807 seconds (process running for 8.149)
2026-06-11 20:42:56.365 [INFO ] [Test worker] [f.pfw.common.logging.LoggingAspect] [TranId: 20260611141234567MBRmbrAP010000001] [TraceId: TRACE-TEST-001] [SpanId: SPN-70f706eb-ae57-4db5-8c39-cec62362c062] - Transaction started. transactionId=20260611141234567MBRmbrAP010000001, businessTransactionId=MBR01BSE0002, businessTransactionName=회원기본상세조회, traceId=TRACE-TEST-001, spanId=SPN-70f706eb-ae57-4db5-8c39-cec62362c062, moduleId=MBR, sequenceNo=1, workflowInstanceId=None, workflowStepId=None, method=GET, uri=/mbr/detail, controller=MbrController.getDetail(..), executionClass=fps.mbr.bse.controller.MbrController, executionMethod=getDetail, clientIp=10.10.10.10, parameters=memberId=[0], requestBody=[0]
2026-06-11 20:42:56.694 [INFO ] [Test worker] [com.zaxxer.hikari.HikariDataSource] [TranId: 20260611141234567MBRmbrAP010000001] [TraceId: TRACE-TEST-001] [SpanId: SPN-70f706eb-ae57-4db5-8c39-cec62362c062] - HikariPool-1 - Starting...
