2026-06-15 10:27:59.065 [INFO ] [background-preinit] [o.h.validator.internal.util.Version] [TranId: ] [BizTranId: ] [TraceId: ] [SpanId: ] [DynLevel: ] - HV000001: Hibernate Validator 8.0.3.Final
2026-06-15 10:27:59.118 [INFO ] [Test worker] [fps.mbr.MbrApplicationTests] [TranId: ] [BizTranId: ] [TraceId: ] [SpanId: ] [DynLevel: ] - Starting MbrApplicationTests using Java 21.0.7 with PID 11384 (started by 11096 in D:\WORK_FPS\202412_01_FPS\mbr)
2026-06-15 10:27:59.120 [INFO ] [Test worker] [fps.mbr.MbrApplicationTests] [TranId: ] [BizTranId: ] [TraceId: ] [SpanId: ] [DynLevel: ] - No active profile set, falling back to 1 default profile: "default"
2026-06-15 10:28:04.761 [INFO ] [Test worker] [f.c.msg.service.MessageCacheService] [TranId: ] [BizTranId: ] [TraceId: ] [SpanId: ] [DynLevel: ] - Message cache preload skipped
2026-06-15 10:28:05.475 [INFO ] [Test worker] [f.cmn.cde.service.CodeCacheService] [TranId: ] [BizTranId: ] [TraceId: ] [SpanId: ] [DynLevel: ] - Code cache preload skipped
2026-06-15 10:28:05.544 [INFO ] [Test worker] [f.cmn.cfg.service.ConfigCacheService] [TranId: ] [BizTranId: ] [TraceId: ] [SpanId: ] [DynLevel: ] - Config cache preload skipped
2026-06-15 10:28:05.685 [INFO ] [Test worker] [f.c.r.s.CacheRefreshEventListener] [TranId: ] [BizTranId: ] [TraceId: ] [SpanId: ] [DynLevel: ] - CMN cache refresh event polling disabled
2026-06-15 10:28:15.317 [INFO ] [Test worker] [fps.mbr.MbrApplicationTests] [TranId: ] [BizTranId: ] [TraceId: ] [SpanId: ] [DynLevel: ] - Started MbrApplicationTests in 16.634 seconds (process running for 17.857)
2026-06-15 10:28:16.887 [INFO ] [Test worker] [o.s.t.c.s.AnnotationConfigContextLoaderUtils] [TranId: ] [BizTranId: ] [TraceId: ] [SpanId: ] [DynLevel: ] - Could not detect default configuration classes for test class [fps.mbr.bse.controller.MbrControllerValidationTest]: MbrControllerValidationTest does not declare any static, non-private, non-final, nested classes annotated with @Configuration.
2026-06-15 10:28:16.994 [INFO ] [Test worker] [o.s.b.t.c.SpringBootTestContextBootstrapper] [TranId: ] [BizTranId: ] [TraceId: ] [SpanId: ] [DynLevel: ] - Found @SpringBootConfiguration fps.mbr.MbrApplication for test class fps.mbr.bse.controller.MbrControllerValidationTest
2026-06-15 10:28:17.178 [INFO ] [Test worker] [f.m.b.c.MbrControllerValidationTest] [TranId: ] [BizTranId: ] [TraceId: ] [SpanId: ] [DynLevel: ] - Starting MbrControllerValidationTest using Java 21.0.7 with PID 11384 (started by 11096 in D:\WORK_FPS\202412_01_FPS\mbr)
2026-06-15 10:28:17.184 [INFO ] [Test worker] [f.m.b.c.MbrControllerValidationTest] [TranId: ] [BizTranId: ] [TraceId: ] [SpanId: ] [DynLevel: ] - No active profile set, falling back to 1 default profile: "default"
2026-06-15 10:28:19.155 [INFO ] [Test worker] [f.c.msg.service.MessageCacheService] [TranId: ] [BizTranId: ] [TraceId: ] [SpanId: ] [DynLevel: ] - Message cache preload skipped
2026-06-15 10:28:20.304 [INFO ] [Test worker] [f.cmn.cde.service.CodeCacheService] [TranId: ] [BizTranId: ] [TraceId: ] [SpanId: ] [DynLevel: ] - Code cache preload skipped
2026-06-15 10:28:20.392 [INFO ] [Test worker] [f.cmn.cfg.service.ConfigCacheService] [TranId: ] [BizTranId: ] [TraceId: ] [SpanId: ] [DynLevel: ] - Config cache preload skipped
2026-06-15 10:28:20.543 [INFO ] [Test worker] [f.c.r.s.CacheRefreshEventListener] [TranId: ] [BizTranId: ] [TraceId: ] [SpanId: ] [DynLevel: ] - CMN cache refresh event polling disabled
2026-06-15 10:28:22.248 [INFO ] [Test worker] [o.s.b.t.m.w.SpringBootMockServletContext] [TranId: ] [BizTranId: ] [TraceId: ] [SpanId: ] [DynLevel: ] - Initializing Spring TestDispatcherServlet ''
2026-06-15 10:28:22.249 [INFO ] [Test worker] [o.s.t.w.s.TestDispatcherServlet] [TranId: ] [BizTranId: ] [TraceId: ] [SpanId: ] [DynLevel: ] - Initializing Servlet ''
2026-06-15 10:28:22.255 [INFO ] [Test worker] [o.s.t.w.s.TestDispatcherServlet] [TranId: ] [BizTranId: ] [TraceId: ] [SpanId: ] [DynLevel: ] - Completed initialization in 3 ms
2026-06-15 10:28:23.023 [INFO ] [Test worker] [o.s.s.config.TaskSchedulerRouter] [TranId: ] [BizTranId: ] [TraceId: ] [SpanId: ] [DynLevel: ] - No TaskScheduler/ScheduledExecutorService bean found for scheduled processing
2026-06-15 10:28:23.058 [INFO ] [Test worker] [f.m.b.c.MbrControllerValidationTest] [TranId: ] [BizTranId: ] [TraceId: ] [SpanId: ] [DynLevel: ] - Started MbrControllerValidationTest in 6.05 seconds (process running for 25.597)
2026-06-15 10:28:24.211 [INFO ] [Test worker] [f.pfw.common.logging.LoggingAspect] [TranId: 20260611141234567MBRmbrAP010000001] [BizTranId: MBR01BSE0002] [TraceId: TRACE-TEST-001] [SpanId: SPN-c34e01df-692a-46eb-9cb4-9bed01dfe7bc] [DynLevel: ] - Transaction started. transactionId=20260611141234567MBRmbrAP010000001, businessTransactionId=MBR01BSE0002, businessTransactionName=회원기본상세조회, traceId=TRACE-TEST-001, spanId=SPN-c34e01df-692a-46eb-9cb4-9bed01dfe7bc, moduleId=MBR, sequenceNo=1, workflowInstanceId=None, workflowStepId=None, method=GET, uri=/mbr/detail, controller=MbrController.getDetail(..), executionClass=fps.mbr.bse.controller.MbrController, executionMethod=getDetail, clientIp=10.10.10.10, parameters=memberId=[0], requestBody=[0]
2026-06-15 10:28:25.107 [INFO ] [Test worker] [com.zaxxer.hikari.HikariDataSource] [TranId: 20260611141234567MBRmbrAP010000001] [BizTranId: MBR01BSE0002] [TraceId: TRACE-TEST-001] [SpanId: SPN-c34e01df-692a-46eb-9cb4-9bed01dfe7bc] [DynLevel: ] - HikariPool-1 - Starting...
2026-06-15 10:31:03.906 [INFO ] [background-preinit] [o.h.validator.internal.util.Version] [TranId: ] [BizTranId: ] [TraceId: ] [SpanId: ] [DynLevel: ] - HV000001: Hibernate Validator 8.0.3.Final
2026-06-15 10:31:03.965 [INFO ] [Test worker] [fps.mbr.MbrApplicationTests] [TranId: ] [BizTranId: ] [TraceId: ] [SpanId: ] [DynLevel: ] - Starting MbrApplicationTests using Java 21.0.7 with PID 2332 (started by 11096 in D:\WORK_FPS\202412_01_FPS\mbr)
2026-06-15 10:31:03.966 [INFO ] [Test worker] [fps.mbr.MbrApplicationTests] [TranId: ] [BizTranId: ] [TraceId: ] [SpanId: ] [DynLevel: ] - No active profile set, falling back to 1 default profile: "default"
2026-06-15 10:31:06.456 [INFO ] [Test worker] [f.c.msg.service.MessageCacheService] [TranId: ] [BizTranId: ] [TraceId: ] [SpanId: ] [DynLevel: ] - Message cache preload skipped
2026-06-15 10:31:06.753 [INFO ] [Test worker] [f.cmn.cde.service.CodeCacheService] [TranId: ] [BizTranId: ] [TraceId: ] [SpanId: ] [DynLevel: ] - Code cache preload skipped
2026-06-15 10:31:06.774 [INFO ] [Test worker] [f.cmn.cfg.service.ConfigCacheService] [TranId: ] [BizTranId: ] [TraceId: ] [SpanId: ] [DynLevel: ] - Config cache preload skipped
2026-06-15 10:31:06.833 [INFO ] [Test worker] [f.c.r.s.CacheRefreshEventListener] [TranId: ] [BizTranId: ] [TraceId: ] [SpanId: ] [DynLevel: ] - CMN cache refresh event polling disabled
2026-06-15 10:31:12.219 [INFO ] [Test worker] [fps.mbr.MbrApplicationTests] [TranId: ] [BizTranId: ] [TraceId: ] [SpanId: ] [DynLevel: ] - Started MbrApplicationTests in 8.74 seconds (process running for 10.299)
2026-06-15 10:31:12.997 [INFO ] [Test worker] [o.s.t.c.s.AnnotationConfigContextLoaderUtils] [TranId: ] [BizTranId: ] [TraceId: ] [SpanId: ] [DynLevel: ] - Could not detect default configuration classes for test class [fps.mbr.bse.controller.MbrControllerValidationTest]: MbrControllerValidationTest does not declare any static, non-private, non-final, nested classes annotated with @Configuration.
2026-06-15 10:31:13.041 [INFO ] [Test worker] [o.s.b.t.c.SpringBootTestContextBootstrapper] [TranId: ] [BizTranId: ] [TraceId: ] [SpanId: ] [DynLevel: ] - Found @SpringBootConfiguration fps.mbr.MbrApplication for test class fps.mbr.bse.controller.MbrControllerValidationTest
2026-06-15 10:31:13.109 [INFO ] [Test worker] [f.m.b.c.MbrControllerValidationTest] [TranId: ] [BizTranId: ] [TraceId: ] [SpanId: ] [DynLevel: ] - Starting MbrControllerValidationTest using Java 21.0.7 with PID 2332 (started by 11096 in D:\WORK_FPS\202412_01_FPS\mbr)
2026-06-15 10:31:13.109 [INFO ] [Test worker] [f.m.b.c.MbrControllerValidationTest] [TranId: ] [BizTranId: ] [TraceId: ] [SpanId: ] [DynLevel: ] - No active profile set, falling back to 1 default profile: "default"
2026-06-15 10:31:13.886 [INFO ] [Test worker] [f.c.msg.service.MessageCacheService] [TranId: ] [BizTranId: ] [TraceId: ] [SpanId: ] [DynLevel: ] - Message cache preload skipped
2026-06-15 10:31:14.155 [INFO ] [Test worker] [f.cmn.cde.service.CodeCacheService] [TranId: ] [BizTranId: ] [TraceId: ] [SpanId: ] [DynLevel: ] - Code cache preload skipped
2026-06-15 10:31:14.176 [INFO ] [Test worker] [f.cmn.cfg.service.ConfigCacheService] [TranId: ] [BizTranId: ] [TraceId: ] [SpanId: ] [DynLevel: ] - Config cache preload skipped
2026-06-15 10:31:14.215 [INFO ] [Test worker] [f.c.r.s.CacheRefreshEventListener] [TranId: ] [BizTranId: ] [TraceId: ] [SpanId: ] [DynLevel: ] - CMN cache refresh event polling disabled
2026-06-15 10:31:15.219 [INFO ] [Test worker] [o.s.b.t.m.w.SpringBootMockServletContext] [TranId: ] [BizTranId: ] [TraceId: ] [SpanId: ] [DynLevel: ] - Initializing Spring TestDispatcherServlet ''
2026-06-15 10:31:15.220 [INFO ] [Test worker] [o.s.t.w.s.TestDispatcherServlet] [TranId: ] [BizTranId: ] [TraceId: ] [SpanId: ] [DynLevel: ] - Initializing Servlet ''
2026-06-15 10:31:15.223 [INFO ] [Test worker] [o.s.t.w.s.TestDispatcherServlet] [TranId: ] [BizTranId: ] [TraceId: ] [SpanId: ] [DynLevel: ] - Completed initialization in 2 ms
2026-06-15 10:31:19.390 [INFO ] [Test worker] [o.s.s.config.TaskSchedulerRouter] [TranId: ] [BizTranId: ] [TraceId: ] [SpanId: ] [DynLevel: ] - No TaskScheduler/ScheduledExecutorService bean found for scheduled processing
2026-06-15 10:31:19.403 [INFO ] [Test worker] [f.m.b.c.MbrControllerValidationTest] [TranId: ] [BizTranId: ] [TraceId: ] [SpanId: ] [DynLevel: ] - Started MbrControllerValidationTest in 6.355 seconds (process running for 17.482)
2026-06-15 10:31:20.467 [INFO ] [Test worker] [f.pfw.common.logging.LoggingAspect] [TranId: 20260611141234567MBRmbrAP010000001] [BizTranId: MBR01BSE0002] [TraceId: TRACE-TEST-001] [SpanId: SPN-60b976d8-148b-4402-8d29-a14be9d6608f] [DynLevel: ] - Transaction started. transactionId=20260611141234567MBRmbrAP010000001, businessTransactionId=MBR01BSE0002, businessTransactionName=회원기본상세조회, traceId=TRACE-TEST-001, spanId=SPN-60b976d8-148b-4402-8d29-a14be9d6608f, moduleId=MBR, sequenceNo=1, workflowInstanceId=None, workflowStepId=None, method=GET, uri=/mbr/detail, controller=MbrController.getDetail(..), executionClass=fps.mbr.bse.controller.MbrController, executionMethod=getDetail, clientIp=10.10.10.10, parameters=memberId=[0], requestBody=[0]
2026-06-15 10:31:21.240 [INFO ] [Test worker] [com.zaxxer.hikari.HikariDataSource] [TranId: 20260611141234567MBRmbrAP010000001] [BizTranId: MBR01BSE0002] [TraceId: TRACE-TEST-001] [SpanId: SPN-60b976d8-148b-4402-8d29-a14be9d6608f] [DynLevel: ] - HikariPool-1 - Starting...
2026-06-15 10:48:01.391 [INFO ] [background-preinit] [o.h.validator.internal.util.Version] [TranId: ] [BizTranId: ] [TraceId: ] [SpanId: ] [DynLevel: ] - HV000001: Hibernate Validator 8.0.3.Final
2026-06-15 10:48:01.434 [INFO ] [Test worker] [fps.mbr.MbrApplicationTests] [TranId: ] [BizTranId: ] [TraceId: ] [SpanId: ] [DynLevel: ] - Starting MbrApplicationTests using Java 21.0.7 with PID 16516 (started by 11096 in D:\WORK_FPS\202412_01_FPS\mbr)
2026-06-15 10:48:01.435 [INFO ] [Test worker] [fps.mbr.MbrApplicationTests] [TranId: ] [BizTranId: ] [TraceId: ] [SpanId: ] [DynLevel: ] - No active profile set, falling back to 1 default profile: "default"
2026-06-15 10:48:03.602 [INFO ] [Test worker] [f.c.msg.service.MessageCacheService] [TranId: ] [BizTranId: ] [TraceId: ] [SpanId: ] [DynLevel: ] - Message cache preload skipped
2026-06-15 10:48:03.907 [INFO ] [Test worker] [f.cmn.cde.service.CodeCacheService] [TranId: ] [BizTranId: ] [TraceId: ] [SpanId: ] [DynLevel: ] - Code cache preload skipped
2026-06-15 10:48:03.931 [INFO ] [Test worker] [f.cmn.cfg.service.ConfigCacheService] [TranId: ] [BizTranId: ] [TraceId: ] [SpanId: ] [DynLevel: ] - Config cache preload skipped
2026-06-15 10:48:04.041 [INFO ] [Test worker] [f.c.r.s.CacheRefreshEventListener] [TranId: ] [BizTranId: ] [TraceId: ] [SpanId: ] [DynLevel: ] - CMN cache refresh event polling disabled
2026-06-15 10:48:08.027 [INFO ] [Test worker] [fps.mbr.MbrApplicationTests] [TranId: ] [BizTranId: ] [TraceId: ] [SpanId: ] [DynLevel: ] - Started MbrApplicationTests in 7.016 seconds (process running for 8.282)
2026-06-15 10:48:08.951 [INFO ] [Test worker] [o.s.t.c.s.AnnotationConfigContextLoaderUtils] [TranId: ] [BizTranId: ] [TraceId: ] [SpanId: ] [DynLevel: ] - Could not detect default configuration classes for test class [fps.mbr.bse.controller.MbrControllerValidationTest]: MbrControllerValidationTest does not declare any static, non-private, non-final, nested classes annotated with @Configuration.
2026-06-15 10:48:09.006 [INFO ] [Test worker] [o.s.b.t.c.SpringBootTestContextBootstrapper] [TranId: ] [BizTranId: ] [TraceId: ] [SpanId: ] [DynLevel: ] - Found @SpringBootConfiguration fps.mbr.MbrApplication for test class fps.mbr.bse.controller.MbrControllerValidationTest
2026-06-15 10:48:09.095 [INFO ] [Test worker] [f.m.b.c.MbrControllerValidationTest] [TranId: ] [BizTranId: ] [TraceId: ] [SpanId: ] [DynLevel: ] - Starting MbrControllerValidationTest using Java 21.0.7 with PID 16516 (started by 11096 in D:\WORK_FPS\202412_01_FPS\mbr)
2026-06-15 10:48:09.096 [INFO ] [Test worker] [f.m.b.c.MbrControllerValidationTest] [TranId: ] [BizTranId: ] [TraceId: ] [SpanId: ] [DynLevel: ] - No active profile set, falling back to 1 default profile: "default"
2026-06-15 10:48:09.937 [INFO ] [Test worker] [f.c.msg.service.MessageCacheService] [TranId: ] [BizTranId: ] [TraceId: ] [SpanId: ] [DynLevel: ] - Message cache preload skipped
2026-06-15 10:48:10.268 [INFO ] [Test worker] [f.cmn.cde.service.CodeCacheService] [TranId: ] [BizTranId: ] [TraceId: ] [SpanId: ] [DynLevel: ] - Code cache preload skipped
2026-06-15 10:48:10.294 [INFO ] [Test worker] [f.cmn.cfg.service.ConfigCacheService] [TranId: ] [BizTranId: ] [TraceId: ] [SpanId: ] [DynLevel: ] - Config cache preload skipped
2026-06-15 10:48:10.361 [INFO ] [Test worker] [f.c.r.s.CacheRefreshEventListener] [TranId: ] [BizTranId: ] [TraceId: ] [SpanId: ] [DynLevel: ] - CMN cache refresh event polling disabled
2026-06-15 10:48:11.017 [INFO ] [Test worker] [o.s.b.t.m.w.SpringBootMockServletContext] [TranId: ] [BizTranId: ] [TraceId: ] [SpanId: ] [DynLevel: ] - Initializing Spring TestDispatcherServlet ''
2026-06-15 10:48:11.020 [INFO ] [Test worker] [o.s.t.w.s.TestDispatcherServlet] [TranId: ] [BizTranId: ] [TraceId: ] [SpanId: ] [DynLevel: ] - Initializing Servlet ''
2026-06-15 10:48:11.023 [INFO ] [Test worker] [o.s.t.w.s.TestDispatcherServlet] [TranId: ] [BizTranId: ] [TraceId: ] [SpanId: ] [DynLevel: ] - Completed initialization in 3 ms
2026-06-15 10:48:11.285 [INFO ] [Test worker] [o.s.s.config.TaskSchedulerRouter] [TranId: ] [BizTranId: ] [TraceId: ] [SpanId: ] [DynLevel: ] - No TaskScheduler/ScheduledExecutorService bean found for scheduled processing
2026-06-15 10:48:11.290 [INFO ] [Test worker] [f.m.b.c.MbrControllerValidationTest] [TranId: ] [BizTranId: ] [TraceId: ] [SpanId: ] [DynLevel: ] - Started MbrControllerValidationTest in 2.278 seconds (process running for 11.546)
2026-06-15 10:48:11.669 [INFO ] [Test worker] [f.pfw.common.logging.LoggingAspect] [TranId: 20260611141234567MBRmbrAP010000001] [BizTranId: MBR01BSE0002] [TraceId: TRACE-TEST-001] [SpanId: SPN-8f283810-0975-4d4b-bac2-73a4e0c0fa1e] [DynLevel: ] - Transaction started. transactionId=20260611141234567MBRmbrAP010000001, businessTransactionId=MBR01BSE0002, businessTransactionName=회원기본상세조회, traceId=TRACE-TEST-001, spanId=SPN-8f283810-0975-4d4b-bac2-73a4e0c0fa1e, moduleId=MBR, sequenceNo=1, workflowInstanceId=None, workflowStepId=None, method=GET, uri=/mbr/detail, controller=MbrController.getDetail(..), executionClass=fps.mbr.bse.controller.MbrController, executionMethod=getDetail, clientIp=10.10.10.10, parameters=memberId=[0], requestBody=[0]
2026-06-15 10:48:12.073 [INFO ] [Test worker] [com.zaxxer.hikari.HikariDataSource] [TranId: 20260611141234567MBRmbrAP010000001] [BizTranId: MBR01BSE0002] [TraceId: TRACE-TEST-001] [SpanId: SPN-8f283810-0975-4d4b-bac2-73a4e0c0fa1e] [DynLevel: ] - HikariPool-1 - Starting...
2026-06-15 11:06:30.954 [INFO ] [background-preinit] [o.h.validator.internal.util.Version] [TranId: ] [BizTranId: ] [TraceId: ] [SpanId: ] [DynLevel: ] - HV000001: Hibernate Validator 8.0.3.Final
2026-06-15 11:06:30.999 [INFO ] [Test worker] [fps.mbr.MbrApplicationTests] [TranId: ] [BizTranId: ] [TraceId: ] [SpanId: ] [DynLevel: ] - Starting MbrApplicationTests using Java 21.0.7 with PID 12712 (started by 11096 in D:\WORK_FPS\202412_01_FPS\mbr)
2026-06-15 11:06:31.001 [INFO ] [Test worker] [fps.mbr.MbrApplicationTests] [TranId: ] [BizTranId: ] [TraceId: ] [SpanId: ] [DynLevel: ] - No active profile set, falling back to 1 default profile: "default"
2026-06-15 11:06:32.989 [INFO ] [Test worker] [f.c.msg.service.MessageCacheService] [TranId: ] [BizTranId: ] [TraceId: ] [SpanId: ] [DynLevel: ] - Message cache preload skipped
2026-06-15 11:06:33.232 [INFO ] [Test worker] [f.cmn.cde.service.CodeCacheService] [TranId: ] [BizTranId: ] [TraceId: ] [SpanId: ] [DynLevel: ] - Code cache preload skipped
2026-06-15 11:06:33.248 [INFO ] [Test worker] [f.cmn.cfg.service.ConfigCacheService] [TranId: ] [BizTranId: ] [TraceId: ] [SpanId: ] [DynLevel: ] - Config cache preload skipped
2026-06-15 11:06:33.316 [INFO ] [Test worker] [f.c.r.s.CacheRefreshEventListener] [TranId: ] [BizTranId: ] [TraceId: ] [SpanId: ] [DynLevel: ] - CMN cache refresh event polling disabled
2026-06-15 11:06:36.721 [INFO ] [Test worker] [fps.mbr.MbrApplicationTests] [TranId: ] [BizTranId: ] [TraceId: ] [SpanId: ] [DynLevel: ] - Started MbrApplicationTests in 6.111 seconds (process running for 7.446)
2026-06-15 11:06:37.604 [INFO ] [Test worker] [o.s.t.c.s.AnnotationConfigContextLoaderUtils] [TranId: ] [BizTranId: ] [TraceId: ] [SpanId: ] [DynLevel: ] - Could not detect default configuration classes for test class [fps.mbr.bse.controller.MbrControllerValidationTest]: MbrControllerValidationTest does not declare any static, non-private, non-final, nested classes annotated with @Configuration.
2026-06-15 11:06:37.661 [INFO ] [Test worker] [o.s.b.t.c.SpringBootTestContextBootstrapper] [TranId: ] [BizTranId: ] [TraceId: ] [SpanId: ] [DynLevel: ] - Found @SpringBootConfiguration fps.mbr.MbrApplication for test class fps.mbr.bse.controller.MbrControllerValidationTest
2026-06-15 11:06:37.732 [INFO ] [Test worker] [f.m.b.c.MbrControllerValidationTest] [TranId: ] [BizTranId: ] [TraceId: ] [SpanId: ] [DynLevel: ] - Starting MbrControllerValidationTest using Java 21.0.7 with PID 12712 (started by 11096 in D:\WORK_FPS\202412_01_FPS\mbr)
2026-06-15 11:06:37.732 [INFO ] [Test worker] [f.m.b.c.MbrControllerValidationTest] [TranId: ] [BizTranId: ] [TraceId: ] [SpanId: ] [DynLevel: ] - No active profile set, falling back to 1 default profile: "default"
2026-06-15 11:06:38.676 [INFO ] [Test worker] [f.c.msg.service.MessageCacheService] [TranId: ] [BizTranId: ] [TraceId: ] [SpanId: ] [DynLevel: ] - Message cache preload skipped
2026-06-15 11:06:38.997 [INFO ] [Test worker] [f.cmn.cde.service.CodeCacheService] [TranId: ] [BizTranId: ] [TraceId: ] [SpanId: ] [DynLevel: ] - Code cache preload skipped
2026-06-15 11:06:39.028 [INFO ] [Test worker] [f.cmn.cfg.service.ConfigCacheService] [TranId: ] [BizTranId: ] [TraceId: ] [SpanId: ] [DynLevel: ] - Config cache preload skipped
2026-06-15 11:06:39.084 [INFO ] [Test worker] [f.c.r.s.CacheRefreshEventListener] [TranId: ] [BizTranId: ] [TraceId: ] [SpanId: ] [DynLevel: ] - CMN cache refresh event polling disabled
2026-06-15 11:06:39.677 [INFO ] [Test worker] [o.s.b.t.m.w.SpringBootMockServletContext] [TranId: ] [BizTranId: ] [TraceId: ] [SpanId: ] [DynLevel: ] - Initializing Spring TestDispatcherServlet ''
2026-06-15 11:06:39.677 [INFO ] [Test worker] [o.s.t.w.s.TestDispatcherServlet] [TranId: ] [BizTranId: ] [TraceId: ] [SpanId: ] [DynLevel: ] - Initializing Servlet ''
2026-06-15 11:06:39.679 [INFO ] [Test worker] [o.s.t.w.s.TestDispatcherServlet] [TranId: ] [BizTranId: ] [TraceId: ] [SpanId: ] [DynLevel: ] - Completed initialization in 1 ms
2026-06-15 11:06:39.927 [INFO ] [Test worker] [o.s.s.config.TaskSchedulerRouter] [TranId: ] [BizTranId: ] [TraceId: ] [SpanId: ] [DynLevel: ] - No TaskScheduler/ScheduledExecutorService bean found for scheduled processing
2026-06-15 11:06:39.936 [INFO ] [Test worker] [f.m.b.c.MbrControllerValidationTest] [TranId: ] [BizTranId: ] [TraceId: ] [SpanId: ] [DynLevel: ] - Started MbrControllerValidationTest in 2.267 seconds (process running for 10.66)
2026-06-15 11:06:40.307 [INFO ] [Test worker] [f.pfw.common.logging.LoggingAspect] [TranId: 20260611141234567MBRmbrAP010000001] [BizTranId: MBR01BSE0002] [TraceId: TRACE-TEST-001] [SpanId: SPN-922eb598-723a-410d-90d2-ee9ecc77878b] [DynLevel: ] - Transaction started. transactionId=20260611141234567MBRmbrAP010000001, businessTransactionId=MBR01BSE0002, businessTransactionName=회원기본상세조회, traceId=TRACE-TEST-001, spanId=SPN-922eb598-723a-410d-90d2-ee9ecc77878b, moduleId=MBR, sequenceNo=1, workflowInstanceId=None, workflowStepId=None, method=GET, uri=/mbr/detail, controller=MbrController.getDetail(..), executionClass=fps.mbr.bse.controller.MbrController, executionMethod=getDetail, clientIp=10.10.10.10, parameters=memberId=[0], requestBody=[0]
2026-06-15 11:06:40.665 [INFO ] [Test worker] [com.zaxxer.hikari.HikariDataSource] [TranId: 20260611141234567MBRmbrAP010000001] [BizTranId: MBR01BSE0002] [TraceId: TRACE-TEST-001] [SpanId: SPN-922eb598-723a-410d-90d2-ee9ecc77878b] [DynLevel: ] - HikariPool-1 - Starting...
2026-06-15 11:14:16.516 [INFO ] [background-preinit] [o.h.validator.internal.util.Version] [TranId: ] [BizTranId: ] [TraceId: ] [SpanId: ] [DynLevel: ] - HV000001: Hibernate Validator 8.0.3.Final
2026-06-15 11:14:16.556 [INFO ] [Test worker] [fps.mbr.MbrApplicationTests] [TranId: ] [BizTranId: ] [TraceId: ] [SpanId: ] [DynLevel: ] - Starting MbrApplicationTests using Java 21.0.7 with PID 11560 (started by 11096 in D:\WORK_FPS\202412_01_FPS\mbr)
2026-06-15 11:14:16.557 [INFO ] [Test worker] [fps.mbr.MbrApplicationTests] [TranId: ] [BizTranId: ] [TraceId: ] [SpanId: ] [DynLevel: ] - No active profile set, falling back to 1 default profile: "default"
2026-06-15 11:14:18.940 [INFO ] [Test worker] [f.c.msg.service.MessageCacheService] [TranId: ] [BizTranId: ] [TraceId: ] [SpanId: ] [DynLevel: ] - Message cache preload skipped
2026-06-15 11:14:19.607 [INFO ] [Test worker] [f.cmn.cde.service.CodeCacheService] [TranId: ] [BizTranId: ] [TraceId: ] [SpanId: ] [DynLevel: ] - Code cache preload skipped
2026-06-15 11:14:19.657 [INFO ] [Test worker] [f.cmn.cfg.service.ConfigCacheService] [TranId: ] [BizTranId: ] [TraceId: ] [SpanId: ] [DynLevel: ] - Config cache preload skipped
2026-06-15 11:14:19.808 [INFO ] [Test worker] [f.c.r.s.CacheRefreshEventListener] [TranId: ] [BizTranId: ] [TraceId: ] [SpanId: ] [DynLevel: ] - CMN cache refresh event polling disabled
2026-06-15 11:14:27.703 [INFO ] [Test worker] [fps.mbr.MbrApplicationTests] [TranId: ] [BizTranId: ] [TraceId: ] [SpanId: ] [DynLevel: ] - Started MbrApplicationTests in 11.538 seconds (process running for 12.679)
2026-06-15 11:14:29.057 [INFO ] [Test worker] [o.s.t.c.s.AnnotationConfigContextLoaderUtils] [TranId: ] [BizTranId: ] [TraceId: ] [SpanId: ] [DynLevel: ] - Could not detect default configuration classes for test class [fps.mbr.bse.controller.MbrControllerValidationTest]: MbrControllerValidationTest does not declare any static, non-private, non-final, nested classes annotated with @Configuration.
2026-06-15 11:14:29.163 [INFO ] [Test worker] [o.s.b.t.c.SpringBootTestContextBootstrapper] [TranId: ] [BizTranId: ] [TraceId: ] [SpanId: ] [DynLevel: ] - Found @SpringBootConfiguration fps.mbr.MbrApplication for test class fps.mbr.bse.controller.MbrControllerValidationTest
2026-06-15 11:14:29.331 [INFO ] [Test worker] [f.m.b.c.MbrControllerValidationTest] [TranId: ] [BizTranId: ] [TraceId: ] [SpanId: ] [DynLevel: ] - Starting MbrControllerValidationTest using Java 21.0.7 with PID 11560 (started by 11096 in D:\WORK_FPS\202412_01_FPS\mbr)
2026-06-15 11:14:29.332 [INFO ] [Test worker] [f.m.b.c.MbrControllerValidationTest] [TranId: ] [BizTranId: ] [TraceId: ] [SpanId: ] [DynLevel: ] - No active profile set, falling back to 1 default profile: "default"
2026-06-15 11:14:31.159 [INFO ] [Test worker] [f.c.msg.service.MessageCacheService] [TranId: ] [BizTranId: ] [TraceId: ] [SpanId: ] [DynLevel: ] - Message cache preload skipped
2026-06-15 11:14:31.981 [INFO ] [Test worker] [f.cmn.cde.service.CodeCacheService] [TranId: ] [BizTranId: ] [TraceId: ] [SpanId: ] [DynLevel: ] - Code cache preload skipped
2026-06-15 11:14:32.042 [INFO ] [Test worker] [f.cmn.cfg.service.ConfigCacheService] [TranId: ] [BizTranId: ] [TraceId: ] [SpanId: ] [DynLevel: ] - Config cache preload skipped
2026-06-15 11:14:32.181 [INFO ] [Test worker] [f.c.r.s.CacheRefreshEventListener] [TranId: ] [BizTranId: ] [TraceId: ] [SpanId: ] [DynLevel: ] - CMN cache refresh event polling disabled
2026-06-15 11:14:34.066 [INFO ] [Test worker] [o.s.b.t.m.w.SpringBootMockServletContext] [TranId: ] [BizTranId: ] [TraceId: ] [SpanId: ] [DynLevel: ] - Initializing Spring TestDispatcherServlet ''
2026-06-15 11:14:34.072 [INFO ] [Test worker] [o.s.t.w.s.TestDispatcherServlet] [TranId: ] [BizTranId: ] [TraceId: ] [SpanId: ] [DynLevel: ] - Initializing Servlet ''
2026-06-15 11:14:34.080 [INFO ] [Test worker] [o.s.t.w.s.TestDispatcherServlet] [TranId: ] [BizTranId: ] [TraceId: ] [SpanId: ] [DynLevel: ] - Completed initialization in 5 ms
2026-06-15 11:14:34.629 [INFO ] [Test worker] [o.s.s.config.TaskSchedulerRouter] [TranId: ] [BizTranId: ] [TraceId: ] [SpanId: ] [DynLevel: ] - No TaskScheduler/ScheduledExecutorService bean found for scheduled processing
2026-06-15 11:14:34.643 [INFO ] [Test worker] [f.m.b.c.MbrControllerValidationTest] [TranId: ] [BizTranId: ] [TraceId: ] [SpanId: ] [DynLevel: ] - Started MbrControllerValidationTest in 5.465 seconds (process running for 19.62)
2026-06-15 11:14:35.462 [INFO ] [Test worker] [f.pfw.common.logging.LoggingAspect] [TranId: 20260611141234567MBRmbrAP010000001] [BizTranId: MBR01BSE0002] [TraceId: TRACE-TEST-001] [SpanId: SPN-b8c20e02-96ab-4de3-ae4e-9b6274b711ea] [DynLevel: ] - Transaction started. transactionId=20260611141234567MBRmbrAP010000001, businessTransactionId=MBR01BSE0002, businessTransactionName=회원기본상세조회, traceId=TRACE-TEST-001, spanId=SPN-b8c20e02-96ab-4de3-ae4e-9b6274b711ea, moduleId=MBR, sequenceNo=1, workflowInstanceId=None, workflowStepId=None, method=GET, uri=/mbr/detail, controller=MbrController.getDetail(..), executionClass=fps.mbr.bse.controller.MbrController, executionMethod=getDetail, clientIp=10.10.10.10, parameters=memberId=[0], requestBody=[0]
2026-06-15 11:14:36.349 [INFO ] [Test worker] [com.zaxxer.hikari.HikariDataSource] [TranId: 20260611141234567MBRmbrAP010000001] [BizTranId: MBR01BSE0002] [TraceId: TRACE-TEST-001] [SpanId: SPN-b8c20e02-96ab-4de3-ae4e-9b6274b711ea] [DynLevel: ] - HikariPool-1 - Starting...
2026-06-15 11:31:20.891 [INFO ] [background-preinit] [o.h.validator.internal.util.Version] [TranId: ] [BizTranId: ] [TraceId: ] [SpanId: ] [DynLevel: ] - HV000001: Hibernate Validator 8.0.3.Final
2026-06-15 11:31:20.933 [INFO ] [Test worker] [fps.mbr.MbrApplicationTests] [TranId: ] [BizTranId: ] [TraceId: ] [SpanId: ] [DynLevel: ] - Starting MbrApplicationTests using Java 21.0.7 with PID 12780 (started by 11096 in D:\WORK_FPS\202412_01_FPS\mbr)
2026-06-15 11:31:20.934 [INFO ] [Test worker] [fps.mbr.MbrApplicationTests] [TranId: ] [BizTranId: ] [TraceId: ] [SpanId: ] [DynLevel: ] - No active profile set, falling back to 1 default profile: "default"
2026-06-15 11:31:22.771 [INFO ] [Test worker] [f.c.msg.service.MessageCacheService] [TranId: ] [BizTranId: ] [TraceId: ] [SpanId: ] [DynLevel: ] - Message cache preload skipped
2026-06-15 11:31:23.037 [INFO ] [Test worker] [f.cmn.cde.service.CodeCacheService] [TranId: ] [BizTranId: ] [TraceId: ] [SpanId: ] [DynLevel: ] - Code cache preload skipped
2026-06-15 11:31:23.052 [INFO ] [Test worker] [f.cmn.cfg.service.ConfigCacheService] [TranId: ] [BizTranId: ] [TraceId: ] [SpanId: ] [DynLevel: ] - Config cache preload skipped
2026-06-15 11:31:23.120 [INFO ] [Test worker] [f.c.r.s.CacheRefreshEventListener] [TranId: ] [BizTranId: ] [TraceId: ] [SpanId: ] [DynLevel: ] - CMN cache refresh event polling disabled
2026-06-15 11:31:26.586 [INFO ] [Test worker] [fps.mbr.MbrApplicationTests] [TranId: ] [BizTranId: ] [TraceId: ] [SpanId: ] [DynLevel: ] - Started MbrApplicationTests in 6.066 seconds (process running for 7.293)
2026-06-15 11:31:27.256 [INFO ] [Test worker] [o.s.t.c.s.AnnotationConfigContextLoaderUtils] [TranId: ] [BizTranId: ] [TraceId: ] [SpanId: ] [DynLevel: ] - Could not detect default configuration classes for test class [fps.mbr.bse.controller.MbrControllerValidationTest]: MbrControllerValidationTest does not declare any static, non-private, non-final, nested classes annotated with @Configuration.
2026-06-15 11:31:27.313 [INFO ] [Test worker] [o.s.b.t.c.SpringBootTestContextBootstrapper] [TranId: ] [BizTranId: ] [TraceId: ] [SpanId: ] [DynLevel: ] - Found @SpringBootConfiguration fps.mbr.MbrApplication for test class fps.mbr.bse.controller.MbrControllerValidationTest
2026-06-15 11:31:27.360 [INFO ] [Test worker] [f.m.b.c.MbrControllerValidationTest] [TranId: ] [BizTranId: ] [TraceId: ] [SpanId: ] [DynLevel: ] - Starting MbrControllerValidationTest using Java 21.0.7 with PID 12780 (started by 11096 in D:\WORK_FPS\202412_01_FPS\mbr)
2026-06-15 11:31:27.361 [INFO ] [Test worker] [f.m.b.c.MbrControllerValidationTest] [TranId: ] [BizTranId: ] [TraceId: ] [SpanId: ] [DynLevel: ] - No active profile set, falling back to 1 default profile: "default"
2026-06-15 11:31:27.985 [INFO ] [Test worker] [f.c.msg.service.MessageCacheService] [TranId: ] [BizTranId: ] [TraceId: ] [SpanId: ] [DynLevel: ] - Message cache preload skipped
2026-06-15 11:31:28.193 [INFO ] [Test worker] [f.cmn.cde.service.CodeCacheService] [TranId: ] [BizTranId: ] [TraceId: ] [SpanId: ] [DynLevel: ] - Code cache preload skipped
2026-06-15 11:31:28.212 [INFO ] [Test worker] [f.cmn.cfg.service.ConfigCacheService] [TranId: ] [BizTranId: ] [TraceId: ] [SpanId: ] [DynLevel: ] - Config cache preload skipped
2026-06-15 11:31:28.250 [INFO ] [Test worker] [f.c.r.s.CacheRefreshEventListener] [TranId: ] [BizTranId: ] [TraceId: ] [SpanId: ] [DynLevel: ] - CMN cache refresh event polling disabled
2026-06-15 11:31:28.758 [INFO ] [Test worker] [o.s.b.t.m.w.SpringBootMockServletContext] [TranId: ] [BizTranId: ] [TraceId: ] [SpanId: ] [DynLevel: ] - Initializing Spring TestDispatcherServlet ''
2026-06-15 11:31:28.758 [INFO ] [Test worker] [o.s.t.w.s.TestDispatcherServlet] [TranId: ] [BizTranId: ] [TraceId: ] [SpanId: ] [DynLevel: ] - Initializing Servlet ''
2026-06-15 11:31:28.760 [INFO ] [Test worker] [o.s.t.w.s.TestDispatcherServlet] [TranId: ] [BizTranId: ] [TraceId: ] [SpanId: ] [DynLevel: ] - Completed initialization in 1 ms
2026-06-15 11:31:28.967 [INFO ] [Test worker] [o.s.s.config.TaskSchedulerRouter] [TranId: ] [BizTranId: ] [TraceId: ] [SpanId: ] [DynLevel: ] - No TaskScheduler/ScheduledExecutorService bean found for scheduled processing
2026-06-15 11:31:28.973 [INFO ] [Test worker] [f.m.b.c.MbrControllerValidationTest] [TranId: ] [BizTranId: ] [TraceId: ] [SpanId: ] [DynLevel: ] - Started MbrControllerValidationTest in 1.657 seconds (process running for 9.68)
2026-06-15 11:31:29.257 [INFO ] [Test worker] [f.pfw.common.logging.LoggingAspect] [TranId: 20260611141234567MBRmbrAP010000001] [BizTranId: MBR01BSE0002] [TraceId: TRACE-TEST-001] [SpanId: SPN-e8c58dec-8166-4102-96ab-0ad1b72dccbf] [DynLevel: ] - Transaction started. transactionId=20260611141234567MBRmbrAP010000001, businessTransactionId=MBR01BSE0002, businessTransactionName=회원기본상세조회, traceId=TRACE-TEST-001, spanId=SPN-e8c58dec-8166-4102-96ab-0ad1b72dccbf, moduleId=MBR, sequenceNo=1, workflowInstanceId=None, workflowStepId=None, method=GET, uri=/mbr/detail, controller=MbrController.getDetail(..), executionClass=fps.mbr.bse.controller.MbrController, executionMethod=getDetail, clientIp=10.10.10.10, parameters=memberId=[0], requestBody=[0]
2026-06-15 11:31:29.534 [INFO ] [Test worker] [com.zaxxer.hikari.HikariDataSource] [TranId: 20260611141234567MBRmbrAP010000001] [BizTranId: MBR01BSE0002] [TraceId: TRACE-TEST-001] [SpanId: SPN-e8c58dec-8166-4102-96ab-0ad1b72dccbf] [DynLevel: ] - HikariPool-1 - Starting...
2026-06-15 17:43:01.811 [INFO ] [background-preinit] [o.h.validator.internal.util.Version] [TranId: ] [BizTranId: ] [TraceId: ] [SpanId: ] [DynLevel: ] - HV000001: Hibernate Validator 8.0.3.Final
2026-06-15 17:43:01.863 [INFO ] [Test worker] [f.m.b.c.MbrControllerValidationTest] [TranId: ] [BizTranId: ] [TraceId: ] [SpanId: ] [DynLevel: ] - Starting MbrControllerValidationTest using Java 21.0.7 with PID 1980 (started by 11096 in D:\WORK_FPS\202412_01_FPS\mbr)
2026-06-15 17:43:01.864 [INFO ] [Test worker] [f.m.b.c.MbrControllerValidationTest] [TranId: ] [BizTranId: ] [TraceId: ] [SpanId: ] [DynLevel: ] - No active profile set, falling back to 1 default profile: "default"
2026-06-15 17:43:06.313 [INFO ] [Test worker] [f.c.msg.service.MessageCacheService] [TranId: ] [BizTranId: ] [TraceId: ] [SpanId: ] [DynLevel: ] - Message cache preload skipped
2026-06-15 17:43:07.159 [INFO ] [Test worker] [f.cmn.cde.service.CodeCacheService] [TranId: ] [BizTranId: ] [TraceId: ] [SpanId: ] [DynLevel: ] - Code cache preload skipped
2026-06-15 17:43:07.215 [INFO ] [Test worker] [f.cmn.cfg.service.ConfigCacheService] [TranId: ] [BizTranId: ] [TraceId: ] [SpanId: ] [DynLevel: ] - Config cache preload skipped
2026-06-15 17:43:07.414 [INFO ] [Test worker] [f.c.r.s.CacheRefreshEventListener] [TranId: ] [BizTranId: ] [TraceId: ] [SpanId: ] [DynLevel: ] - CMN cache refresh event polling disabled
2026-06-15 17:43:12.095 [INFO ] [Test worker] [o.s.b.t.m.w.SpringBootMockServletContext] [TranId: ] [BizTranId: ] [TraceId: ] [SpanId: ] [DynLevel: ] - Initializing Spring TestDispatcherServlet ''
2026-06-15 17:43:12.096 [INFO ] [Test worker] [o.s.t.w.s.TestDispatcherServlet] [TranId: ] [BizTranId: ] [TraceId: ] [SpanId: ] [DynLevel: ] - Initializing Servlet ''
2026-06-15 17:43:12.104 [INFO ] [Test worker] [o.s.t.w.s.TestDispatcherServlet] [TranId: ] [BizTranId: ] [TraceId: ] [SpanId: ] [DynLevel: ] - Completed initialization in 5 ms
2026-06-15 17:43:12.787 [INFO ] [Test worker] [o.s.s.config.TaskSchedulerRouter] [TranId: ] [BizTranId: ] [TraceId: ] [SpanId: ] [DynLevel: ] - No TaskScheduler/ScheduledExecutorService bean found for scheduled processing
2026-06-15 17:43:12.872 [INFO ] [Test worker] [f.m.b.c.MbrControllerValidationTest] [TranId: ] [BizTranId: ] [TraceId: ] [SpanId: ] [DynLevel: ] - Started MbrControllerValidationTest in 11.419 seconds (process running for 12.787)
2026-06-15 17:43:13.763 [INFO ] [Test worker] [f.pfw.common.logging.LoggingAspect] [TranId: 20260611141234567MBRmbrAP010000001] [BizTranId: MBR01BSE0002] [TraceId: TRACE-TEST-001] [SpanId: SPN-8c624773-aaca-4570-a991-c3c582da8520] [DynLevel: ] - Transaction started. transactionId=20260611141234567MBRmbrAP010000001, businessTransactionId=MBR01BSE0002, businessTransactionName=회원기본상세조회, traceId=TRACE-TEST-001, spanId=SPN-8c624773-aaca-4570-a991-c3c582da8520, moduleId=MBR, sequenceNo=1, workflowInstanceId=None, workflowStepId=None, method=GET, uri=/mbr/detail, controller=MbrController.getDetail(..), executionClass=fps.mbr.bse.controller.MbrController, executionMethod=getDetail, clientIp=10.10.10.10, parameters=memberId=[0], requestBody=[0]
2026-06-15 17:43:14.113 [INFO ] [Test worker] [com.zaxxer.hikari.HikariDataSource] [TranId: 20260611141234567MBRmbrAP010000001] [BizTranId: MBR01BSE0002] [TraceId: TRACE-TEST-001] [SpanId: SPN-8c624773-aaca-4570-a991-c3c582da8520] [DynLevel: ] - HikariPool-1 - Starting...
2026-06-15 18:23:06.999 [INFO ] [background-preinit] [o.h.validator.internal.util.Version] [TranId: ] [BizTranId: ] [TraceId: ] [SpanId: ] [DynLevel: ] - HV000001: Hibernate Validator 8.0.3.Final
2026-06-15 18:23:07.059 [INFO ] [Test worker] [f.m.b.c.MbrControllerValidationTest] [TranId: ] [BizTranId: ] [TraceId: ] [SpanId: ] [DynLevel: ] - Starting MbrControllerValidationTest using Java 21.0.7 with PID 19292 (started by 11096 in D:\WORK_FPS\202412_01_FPS\mbr)
2026-06-15 18:23:07.060 [INFO ] [Test worker] [f.m.b.c.MbrControllerValidationTest] [TranId: ] [BizTranId: ] [TraceId: ] [SpanId: ] [DynLevel: ] - No active profile set, falling back to 1 default profile: "default"
2026-06-15 18:23:09.549 [INFO ] [Test worker] [f.c.msg.service.MessageCacheService] [TranId: ] [BizTranId: ] [TraceId: ] [SpanId: ] [DynLevel: ] - Message cache preload skipped
2026-06-15 18:23:09.622 [INFO ] [Test worker] [f.c.m.s.ResponseCodeCacheService] [TranId: ] [BizTranId: ] [TraceId: ] [SpanId: ] [DynLevel: ] - Response code cache preload skipped
2026-06-15 18:23:09.852 [INFO ] [Test worker] [f.cmn.cde.service.CodeCacheService] [TranId: ] [BizTranId: ] [TraceId: ] [SpanId: ] [DynLevel: ] - Code cache preload skipped
2026-06-15 18:23:09.868 [INFO ] [Test worker] [f.cmn.cfg.service.ConfigCacheService] [TranId: ] [BizTranId: ] [TraceId: ] [SpanId: ] [DynLevel: ] - Config cache preload skipped
2026-06-15 18:23:09.954 [INFO ] [Test worker] [f.c.r.s.CacheRefreshEventListener] [TranId: ] [BizTranId: ] [TraceId: ] [SpanId: ] [DynLevel: ] - CMN cache refresh event polling disabled
2026-06-15 18:23:11.294 [INFO ] [Test worker] [o.s.b.t.m.w.SpringBootMockServletContext] [TranId: ] [BizTranId: ] [TraceId: ] [SpanId: ] [DynLevel: ] - Initializing Spring TestDispatcherServlet ''
2026-06-15 18:23:11.295 [INFO ] [Test worker] [o.s.t.w.s.TestDispatcherServlet] [TranId: ] [BizTranId: ] [TraceId: ] [SpanId: ] [DynLevel: ] - Initializing Servlet ''
2026-06-15 18:23:11.298 [INFO ] [Test worker] [o.s.t.w.s.TestDispatcherServlet] [TranId: ] [BizTranId: ] [TraceId: ] [SpanId: ] [DynLevel: ] - Completed initialization in 2 ms
2026-06-15 18:23:11.496 [INFO ] [Test worker] [o.s.s.config.TaskSchedulerRouter] [TranId: ] [BizTranId: ] [TraceId: ] [SpanId: ] [DynLevel: ] - No TaskScheduler/ScheduledExecutorService bean found for scheduled processing
2026-06-15 18:23:11.524 [INFO ] [Test worker] [f.m.b.c.MbrControllerValidationTest] [TranId: ] [BizTranId: ] [TraceId: ] [SpanId: ] [DynLevel: ] - Started MbrControllerValidationTest in 4.926 seconds (process running for 6.226)
2026-06-15 18:23:11.850 [INFO ] [Test worker] [f.pfw.common.logging.LoggingAspect] [TranId: 20260611141234567MBRmbrAP010000001] [BizTranId: MBR01BSE0002] [TraceId: TRACE-TEST-001] [SpanId: SPN-d046a305-2889-4c79-ac1a-c4f5e1a434af] [DynLevel: ] - Transaction started. transactionId=20260611141234567MBRmbrAP010000001, businessTransactionId=MBR01BSE0002, businessTransactionName=회원기본상세조회, traceId=TRACE-TEST-001, spanId=SPN-d046a305-2889-4c79-ac1a-c4f5e1a434af, moduleId=MBR, sequenceNo=1, workflowInstanceId=None, workflowStepId=None, method=GET, uri=/mbr/detail, controller=MbrController.getDetail(..), executionClass=fps.mbr.bse.controller.MbrController, executionMethod=getDetail, clientIp=10.10.10.10, parameters=memberId=[0], requestBody=[0]
2026-06-15 18:23:12.096 [INFO ] [Test worker] [com.zaxxer.hikari.HikariDataSource] [TranId: 20260611141234567MBRmbrAP010000001] [BizTranId: MBR01BSE0002] [TraceId: TRACE-TEST-001] [SpanId: SPN-d046a305-2889-4c79-ac1a-c4f5e1a434af] [DynLevel: ] - HikariPool-1 - Starting...
2026-06-15 18:23:54.403 [INFO ] [background-preinit] [o.h.validator.internal.util.Version] [TranId: ] [BizTranId: ] [TraceId: ] [SpanId: ] [DynLevel: ] - HV000001: Hibernate Validator 8.0.3.Final
2026-06-15 18:23:54.453 [INFO ] [Test worker] [f.m.b.c.MbrControllerValidationTest] [TranId: ] [BizTranId: ] [TraceId: ] [SpanId: ] [DynLevel: ] - Starting MbrControllerValidationTest using Java 21.0.7 with PID 20252 (started by 11096 in D:\WORK_FPS\202412_01_FPS\mbr)
2026-06-15 18:23:54.455 [INFO ] [Test worker] [f.m.b.c.MbrControllerValidationTest] [TranId: ] [BizTranId: ] [TraceId: ] [SpanId: ] [DynLevel: ] - No active profile set, falling back to 1 default profile: "default"
2026-06-15 18:23:57.372 [INFO ] [Test worker] [f.c.msg.service.MessageCacheService] [TranId: ] [BizTranId: ] [TraceId: ] [SpanId: ] [DynLevel: ] - Message cache preload skipped
2026-06-15 18:23:57.457 [INFO ] [Test worker] [f.c.m.s.ResponseCodeCacheService] [TranId: ] [BizTranId: ] [TraceId: ] [SpanId: ] [DynLevel: ] - Response code cache preload skipped
2026-06-15 18:23:57.810 [INFO ] [Test worker] [f.cmn.cde.service.CodeCacheService] [TranId: ] [BizTranId: ] [TraceId: ] [SpanId: ] [DynLevel: ] - Code cache preload skipped
2026-06-15 18:23:57.836 [INFO ] [Test worker] [f.cmn.cfg.service.ConfigCacheService] [TranId: ] [BizTranId: ] [TraceId: ] [SpanId: ] [DynLevel: ] - Config cache preload skipped
2026-06-15 18:23:57.965 [INFO ] [Test worker] [f.c.r.s.CacheRefreshEventListener] [TranId: ] [BizTranId: ] [TraceId: ] [SpanId: ] [DynLevel: ] - CMN cache refresh event polling disabled
2026-06-15 18:23:59.995 [INFO ] [Test worker] [o.s.b.t.m.w.SpringBootMockServletContext] [TranId: ] [BizTranId: ] [TraceId: ] [SpanId: ] [DynLevel: ] - Initializing Spring TestDispatcherServlet ''
2026-06-15 18:23:59.996 [INFO ] [Test worker] [o.s.t.w.s.TestDispatcherServlet] [TranId: ] [BizTranId: ] [TraceId: ] [SpanId: ] [DynLevel: ] - Initializing Servlet ''
2026-06-15 18:23:59.999 [INFO ] [Test worker] [o.s.t.w.s.TestDispatcherServlet] [TranId: ] [BizTranId: ] [TraceId: ] [SpanId: ] [DynLevel: ] - Completed initialization in 3 ms
2026-06-15 18:24:00.256 [INFO ] [Test worker] [o.s.s.config.TaskSchedulerRouter] [TranId: ] [BizTranId: ] [TraceId: ] [SpanId: ] [DynLevel: ] - No TaskScheduler/ScheduledExecutorService bean found for scheduled processing
2026-06-15 18:24:00.297 [INFO ] [Test worker] [f.m.b.c.MbrControllerValidationTest] [TranId: ] [BizTranId: ] [TraceId: ] [SpanId: ] [DynLevel: ] - Started MbrControllerValidationTest in 6.293 seconds (process running for 7.648)
2026-06-15 18:24:00.760 [INFO ] [Test worker] [f.pfw.common.logging.LoggingAspect] [TranId: 20260611141234567MBRmbrAP010000001] [BizTranId: MBR01BSE0002] [TraceId: TRACE-TEST-001] [SpanId: SPN-14fe09b8-f7d1-4365-b0b5-be0b53aa09d1] [DynLevel: ] - Transaction started. transactionId=20260611141234567MBRmbrAP010000001, businessTransactionId=MBR01BSE0002, businessTransactionName=회원기본상세조회, traceId=TRACE-TEST-001, spanId=SPN-14fe09b8-f7d1-4365-b0b5-be0b53aa09d1, moduleId=MBR, sequenceNo=1, workflowInstanceId=None, workflowStepId=None, method=GET, uri=/mbr/detail, controller=MbrController.getDetail(..), executionClass=fps.mbr.bse.controller.MbrController, executionMethod=getDetail, clientIp=10.10.10.10, parameters=memberId=[0], requestBody=[0]
2026-06-15 18:24:01.093 [INFO ] [Test worker] [com.zaxxer.hikari.HikariDataSource] [TranId: 20260611141234567MBRmbrAP010000001] [BizTranId: MBR01BSE0002] [TraceId: TRACE-TEST-001] [SpanId: SPN-14fe09b8-f7d1-4365-b0b5-be0b53aa09d1] [DynLevel: ] - HikariPool-1 - Starting...
2026-06-15 18:24:02.375 [INFO ] [Test worker] [com.zaxxer.hikari.HikariDataSource] [TranId: 20260615182402344MBRlocal010000001] [BizTranId: ] [TraceId: 2f107ea0-821e-4d99-ab5d-8b6fb33cd359] [SpanId: SPN-4e00ebc3-93f4-4fcf-8ddf-57975314c77e] [DynLevel: ] - HikariPool-2 - Starting...
2026-06-15 18:25:05.793 [INFO ] [background-preinit] [o.h.validator.internal.util.Version] [TranId: ] [BizTranId: ] [TraceId: ] [SpanId: ] [DynLevel: ] - HV000001: Hibernate Validator 8.0.3.Final
2026-06-15 18:25:05.848 [INFO ] [Test worker] [f.m.b.c.MbrControllerValidationTest] [TranId: ] [BizTranId: ] [TraceId: ] [SpanId: ] [DynLevel: ] - Starting MbrControllerValidationTest using Java 21.0.7 with PID 20964 (started by 11096 in D:\WORK_FPS\202412_01_FPS\mbr)
2026-06-15 18:25:05.850 [INFO ] [Test worker] [f.m.b.c.MbrControllerValidationTest] [TranId: ] [BizTranId: ] [TraceId: ] [SpanId: ] [DynLevel: ] - No active profile set, falling back to 1 default profile: "default"
2026-06-15 18:25:08.954 [INFO ] [Test worker] [f.c.msg.service.MessageCacheService] [TranId: ] [BizTranId: ] [TraceId: ] [SpanId: ] [DynLevel: ] - Message cache preload skipped
2026-06-15 18:25:09.090 [INFO ] [Test worker] [f.c.m.s.ResponseCodeCacheService] [TranId: ] [BizTranId: ] [TraceId: ] [SpanId: ] [DynLevel: ] - Response code cache preload skipped
2026-06-15 18:25:09.400 [INFO ] [Test worker] [f.cmn.cde.service.CodeCacheService] [TranId: ] [BizTranId: ] [TraceId: ] [SpanId: ] [DynLevel: ] - Code cache preload skipped
2026-06-15 18:25:09.424 [INFO ] [Test worker] [f.cmn.cfg.service.ConfigCacheService] [TranId: ] [BizTranId: ] [TraceId: ] [SpanId: ] [DynLevel: ] - Config cache preload skipped
2026-06-15 18:25:09.547 [INFO ] [Test worker] [f.c.r.s.CacheRefreshEventListener] [TranId: ] [BizTranId: ] [TraceId: ] [SpanId: ] [DynLevel: ] - CMN cache refresh event polling disabled
2026-06-15 18:25:11.325 [INFO ] [Test worker] [o.s.b.t.m.w.SpringBootMockServletContext] [TranId: ] [BizTranId: ] [TraceId: ] [SpanId: ] [DynLevel: ] - Initializing Spring TestDispatcherServlet ''
2026-06-15 18:25:11.326 [INFO ] [Test worker] [o.s.t.w.s.TestDispatcherServlet] [TranId: ] [BizTranId: ] [TraceId: ] [SpanId: ] [DynLevel: ] - Initializing Servlet ''
2026-06-15 18:25:11.329 [INFO ] [Test worker] [o.s.t.w.s.TestDispatcherServlet] [TranId: ] [BizTranId: ] [TraceId: ] [SpanId: ] [DynLevel: ] - Completed initialization in 3 ms
2026-06-15 18:25:11.597 [INFO ] [Test worker] [o.s.s.config.TaskSchedulerRouter] [TranId: ] [BizTranId: ] [TraceId: ] [SpanId: ] [DynLevel: ] - No TaskScheduler/ScheduledExecutorService bean found for scheduled processing
2026-06-15 18:25:11.635 [INFO ] [Test worker] [f.m.b.c.MbrControllerValidationTest] [TranId: ] [BizTranId: ] [TraceId: ] [SpanId: ] [DynLevel: ] - Started MbrControllerValidationTest in 6.355 seconds (process running for 7.7)
2026-06-15 18:25:12.050 [INFO ] [Test worker] [f.pfw.common.logging.LoggingAspect] [TranId: 20260611141234567MBRmbrAP010000001] [BizTranId: MBR01BSE0002] [TraceId: TRACE-TEST-001] [SpanId: SPN-ff362bd3-0147-43fc-9601-c9cd3d323ec7] [DynLevel: ] - Transaction started. transactionId=20260611141234567MBRmbrAP010000001, businessTransactionId=MBR01BSE0002, businessTransactionName=회원기본상세조회, traceId=TRACE-TEST-001, spanId=SPN-ff362bd3-0147-43fc-9601-c9cd3d323ec7, moduleId=MBR, sequenceNo=1, workflowInstanceId=None, workflowStepId=None, method=GET, uri=/mbr/detail, controller=MbrController.getDetail(..), executionClass=fps.mbr.bse.controller.MbrController, executionMethod=getDetail, clientIp=10.10.10.10, parameters=memberId=[0], requestBody=[0]
2026-06-15 18:25:12.251 [INFO ] [Test worker] [com.zaxxer.hikari.HikariDataSource] [TranId: 20260611141234567MBRmbrAP010000001] [BizTranId: MBR01BSE0002] [TraceId: TRACE-TEST-001] [SpanId: SPN-ff362bd3-0147-43fc-9601-c9cd3d323ec7] [DynLevel: ] - HikariPool-1 - Starting...
2026-06-15 18:25:13.591 [INFO ] [Test worker] [com.zaxxer.hikari.HikariDataSource] [TranId: 20260615182513560MBRlocal010000001] [BizTranId: ] [TraceId: 5fc3895c-aa5e-4bf9-bf7d-71016bb17f16] [SpanId: SPN-95f49d25-fbbe-4278-a251-3cac48484465] [DynLevel: ] - HikariPool-2 - Starting...
2026-06-15 18:32:24.004 [INFO ] [background-preinit] [o.h.validator.internal.util.Version] [TranId: ] [BizTranId: ] [TraceId: ] [SpanId: ] [DynLevel: ] - HV000001: Hibernate Validator 8.0.3.Final
2026-06-15 18:32:24.065 [INFO ] [Test worker] [f.m.b.c.MbrControllerValidationTest] [TranId: ] [BizTranId: ] [TraceId: ] [SpanId: ] [DynLevel: ] - Starting MbrControllerValidationTest using Java 21.0.7 with PID 13048 (started by 11096 in D:\WORK_FPS\202412_01_FPS\mbr)
2026-06-15 18:32:24.066 [INFO ] [Test worker] [f.m.b.c.MbrControllerValidationTest] [TranId: ] [BizTranId: ] [TraceId: ] [SpanId: ] [DynLevel: ] - No active profile set, falling back to 1 default profile: "default"
2026-06-15 18:32:26.625 [INFO ] [Test worker] [f.c.msg.service.MessageCacheService] [TranId: ] [BizTranId: ] [TraceId: ] [SpanId: ] [DynLevel: ] - Message cache preload skipped
2026-06-15 18:32:26.690 [INFO ] [Test worker] [f.c.m.s.ResponseCodeCacheService] [TranId: ] [BizTranId: ] [TraceId: ] [SpanId: ] [DynLevel: ] - Response code cache preload skipped
2026-06-15 18:32:26.908 [INFO ] [Test worker] [f.cmn.cde.service.CodeCacheService] [TranId: ] [BizTranId: ] [TraceId: ] [SpanId: ] [DynLevel: ] - Code cache preload skipped
2026-06-15 18:32:26.931 [INFO ] [Test worker] [f.cmn.cfg.service.ConfigCacheService] [TranId: ] [BizTranId: ] [TraceId: ] [SpanId: ] [DynLevel: ] - Config cache preload skipped
2026-06-15 18:32:27.015 [INFO ] [Test worker] [f.c.r.s.CacheRefreshEventListener] [TranId: ] [BizTranId: ] [TraceId: ] [SpanId: ] [DynLevel: ] - CMN cache refresh event polling disabled
2026-06-15 18:32:28.490 [INFO ] [Test worker] [o.s.b.t.m.w.SpringBootMockServletContext] [TranId: ] [BizTranId: ] [TraceId: ] [SpanId: ] [DynLevel: ] - Initializing Spring TestDispatcherServlet ''
2026-06-15 18:32:28.490 [INFO ] [Test worker] [o.s.t.w.s.TestDispatcherServlet] [TranId: ] [BizTranId: ] [TraceId: ] [SpanId: ] [DynLevel: ] - Initializing Servlet ''
2026-06-15 18:32:28.493 [INFO ] [Test worker] [o.s.t.w.s.TestDispatcherServlet] [TranId: ] [BizTranId: ] [TraceId: ] [SpanId: ] [DynLevel: ] - Completed initialization in 1 ms
2026-06-15 18:32:28.693 [INFO ] [Test worker] [o.s.s.config.TaskSchedulerRouter] [TranId: ] [BizTranId: ] [TraceId: ] [SpanId: ] [DynLevel: ] - No TaskScheduler/ScheduledExecutorService bean found for scheduled processing
2026-06-15 18:32:28.725 [INFO ] [Test worker] [f.m.b.c.MbrControllerValidationTest] [TranId: ] [BizTranId: ] [TraceId: ] [SpanId: ] [DynLevel: ] - Started MbrControllerValidationTest in 5.169 seconds (process running for 6.43)
2026-06-15 18:32:29.059 [INFO ] [Test worker] [f.pfw.common.logging.LoggingAspect] [TranId: 20260611141234567MBRmbrAP010000001] [BizTranId: MBR01BSE0002] [TraceId: TRACE-TEST-001] [SpanId: SPN-4ac7b297-ac6d-43a5-8ac2-87a07336e22d] [DynLevel: ] - Transaction started. transactionId=20260611141234567MBRmbrAP010000001, businessTransactionId=MBR01BSE0002, businessTransactionName=회원기본상세조회, traceId=TRACE-TEST-001, spanId=SPN-4ac7b297-ac6d-43a5-8ac2-87a07336e22d, moduleId=MBR, sequenceNo=1, workflowInstanceId=None, workflowStepId=None, method=GET, uri=/mbr/detail, controller=MbrController.getDetail(..), executionClass=fps.mbr.bse.controller.MbrController, executionMethod=getDetail, clientIp=10.10.10.10, parameters=memberId=[0], requestBody=[0]
2026-06-15 18:32:29.300 [INFO ] [Test worker] [com.zaxxer.hikari.HikariDataSource] [TranId: 20260611141234567MBRmbrAP010000001] [BizTranId: MBR01BSE0002] [TraceId: TRACE-TEST-001] [SpanId: SPN-4ac7b297-ac6d-43a5-8ac2-87a07336e22d] [DynLevel: ] - HikariPool-1 - Starting...
2026-06-15 18:32:30.553 [INFO ] [Test worker] [com.zaxxer.hikari.HikariDataSource] [TranId: 20260615183230526MBRlocal010000001] [BizTranId: ] [TraceId: 132df586-8ab7-4669-bb89-0b665fc5d64b] [SpanId: SPN-a5ec1e3a-cf17-4c4f-a2c5-064086444156] [DynLevel: ] - HikariPool-2 - Starting...
2026-06-15 18:45:38.157 [INFO ] [background-preinit] [o.h.validator.internal.util.Version] [TranId: ] [BizTranId: ] [TraceId: ] [SpanId: ] [DynLevel: ] - HV000001: Hibernate Validator 8.0.3.Final
2026-06-15 18:45:38.208 [INFO ] [Test worker] [f.m.b.c.MbrControllerValidationTest] [TranId: ] [BizTranId: ] [TraceId: ] [SpanId: ] [DynLevel: ] - Starting MbrControllerValidationTest using Java 21.0.7 with PID 23420 (started by 11096 in D:\WORK_FPS\202412_01_FPS\mbr)
2026-06-15 18:45:38.212 [INFO ] [Test worker] [f.m.b.c.MbrControllerValidationTest] [TranId: ] [BizTranId: ] [TraceId: ] [SpanId: ] [DynLevel: ] - No active profile set, falling back to 1 default profile: "default"
2026-06-15 18:45:39.911 [INFO ] [Test worker] [f.c.msg.service.MessageCacheService] [TranId: ] [BizTranId: ] [TraceId: ] [SpanId: ] [DynLevel: ] - Message cache preload skipped
2026-06-15 18:45:39.952 [INFO ] [Test worker] [f.c.m.s.ResponseCodeCacheService] [TranId: ] [BizTranId: ] [TraceId: ] [SpanId: ] [DynLevel: ] - Response code cache preload skipped
2026-06-15 18:45:40.129 [INFO ] [Test worker] [f.cmn.cde.service.CodeCacheService] [TranId: ] [BizTranId: ] [TraceId: ] [SpanId: ] [DynLevel: ] - Code cache preload skipped
2026-06-15 18:45:40.146 [INFO ] [Test worker] [f.cmn.cfg.service.ConfigCacheService] [TranId: ] [BizTranId: ] [TraceId: ] [SpanId: ] [DynLevel: ] - Config cache preload skipped
2026-06-15 18:45:40.225 [INFO ] [Test worker] [f.c.r.s.CacheRefreshEventListener] [TranId: ] [BizTranId: ] [TraceId: ] [SpanId: ] [DynLevel: ] - CMN cache refresh event polling disabled
2026-06-15 18:45:41.764 [INFO ] [Test worker] [o.s.b.t.m.w.SpringBootMockServletContext] [TranId: ] [BizTranId: ] [TraceId: ] [SpanId: ] [DynLevel: ] - Initializing Spring TestDispatcherServlet ''
2026-06-15 18:45:41.765 [INFO ] [Test worker] [o.s.t.w.s.TestDispatcherServlet] [TranId: ] [BizTranId: ] [TraceId: ] [SpanId: ] [DynLevel: ] - Initializing Servlet ''
2026-06-15 18:45:41.768 [INFO ] [Test worker] [o.s.t.w.s.TestDispatcherServlet] [TranId: ] [BizTranId: ] [TraceId: ] [SpanId: ] [DynLevel: ] - Completed initialization in 3 ms
2026-06-15 18:45:41.944 [INFO ] [Test worker] [o.s.s.config.TaskSchedulerRouter] [TranId: ] [BizTranId: ] [TraceId: ] [SpanId: ] [DynLevel: ] - No TaskScheduler/ScheduledExecutorService bean found for scheduled processing
2026-06-15 18:45:41.975 [INFO ] [Test worker] [f.m.b.c.MbrControllerValidationTest] [TranId: ] [BizTranId: ] [TraceId: ] [SpanId: ] [DynLevel: ] - Started MbrControllerValidationTest in 4.318 seconds (process running for 6.929)
2026-06-15 18:45:42.151 [INFO ] [Test worker] [f.pfw.common.logging.LoggingAspect] [TranId: 20260611141234567MBRmbrAP010000001] [BizTranId: MBR01BSE0002] [TraceId: TRACE-TEST-001] [SpanId: SPN-be269001-c0b2-41bf-b889-4e4b9c13e0de] [DynLevel: ] - Transaction started. transactionId=20260611141234567MBRmbrAP010000001, businessTransactionId=MBR01BSE0002, businessTransactionName=회원기본상세조회, traceId=TRACE-TEST-001, spanId=SPN-be269001-c0b2-41bf-b889-4e4b9c13e0de, moduleId=MBR, sequenceNo=1, workflowInstanceId=None, workflowStepId=None, method=GET, uri=/mbr/detail, controller=MbrController.getDetail(..), executionClass=fps.mbr.bse.controller.MbrController, executionMethod=getDetail, clientIp=10.10.10.10, parameters=memberId=[0], requestBody=[0]
2026-06-15 18:45:42.276 [INFO ] [Test worker] [com.zaxxer.hikari.HikariDataSource] [TranId: 20260611141234567MBRmbrAP010000001] [BizTranId: MBR01BSE0002] [TraceId: TRACE-TEST-001] [SpanId: SPN-be269001-c0b2-41bf-b889-4e4b9c13e0de] [DynLevel: ] - HikariPool-1 - Starting...
2026-06-15 18:45:43.522 [INFO ] [Test worker] [com.zaxxer.hikari.HikariDataSource] [TranId: 20260615184543495MBRlocal010000001] [BizTranId: ] [TraceId: 84f171f1-3257-4671-be6f-021c7e9fb8db] [SpanId: SPN-e405973c-d08f-4591-a2fd-649ede90e4f3] [DynLevel: ] - HikariPool-2 - Starting...
2026-06-15 18:46:47.749 [INFO ] [background-preinit] [o.h.validator.internal.util.Version] [TranId: ] [BizTranId: ] [TraceId: ] [SpanId: ] [DynLevel: ] - HV000001: Hibernate Validator 8.0.3.Final
2026-06-15 18:46:47.793 [INFO ] [Test worker] [f.m.b.c.MbrControllerValidationTest] [TranId: ] [BizTranId: ] [TraceId: ] [SpanId: ] [DynLevel: ] - Starting MbrControllerValidationTest using Java 21.0.7 with PID 15304 (started by 11096 in D:\WORK_FPS\202412_01_FPS\mbr)
2026-06-15 18:46:47.794 [INFO ] [Test worker] [f.m.b.c.MbrControllerValidationTest] [TranId: ] [BizTranId: ] [TraceId: ] [SpanId: ] [DynLevel: ] - No active profile set, falling back to 1 default profile: "default"
2026-06-15 18:46:49.236 [INFO ] [Test worker] [f.c.msg.service.MessageCacheService] [TranId: ] [BizTranId: ] [TraceId: ] [SpanId: ] [DynLevel: ] - Message cache preload skipped
2026-06-15 18:46:49.287 [INFO ] [Test worker] [f.c.m.s.ResponseCodeCacheService] [TranId: ] [BizTranId: ] [TraceId: ] [SpanId: ] [DynLevel: ] - Response code cache preload skipped
2026-06-15 18:46:49.543 [INFO ] [Test worker] [f.cmn.cde.service.CodeCacheService] [TranId: ] [BizTranId: ] [TraceId: ] [SpanId: ] [DynLevel: ] - Code cache preload skipped
2026-06-15 18:46:49.563 [INFO ] [Test worker] [f.cmn.cfg.service.ConfigCacheService] [TranId: ] [BizTranId: ] [TraceId: ] [SpanId: ] [DynLevel: ] - Config cache preload skipped
2026-06-15 18:46:49.679 [INFO ] [Test worker] [f.c.r.s.CacheRefreshEventListener] [TranId: ] [BizTranId: ] [TraceId: ] [SpanId: ] [DynLevel: ] - CMN cache refresh event polling disabled
2026-06-15 18:46:51.013 [INFO ] [Test worker] [o.s.b.t.m.w.SpringBootMockServletContext] [TranId: ] [BizTranId: ] [TraceId: ] [SpanId: ] [DynLevel: ] - Initializing Spring TestDispatcherServlet ''
2026-06-15 18:46:51.014 [INFO ] [Test worker] [o.s.t.w.s.TestDispatcherServlet] [TranId: ] [BizTranId: ] [TraceId: ] [SpanId: ] [DynLevel: ] - Initializing Servlet ''
2026-06-15 18:46:51.017 [INFO ] [Test worker] [o.s.t.w.s.TestDispatcherServlet] [TranId: ] [BizTranId: ] [TraceId: ] [SpanId: ] [DynLevel: ] - Completed initialization in 3 ms
2026-06-15 18:46:51.211 [INFO ] [Test worker] [o.s.s.config.TaskSchedulerRouter] [TranId: ] [BizTranId: ] [TraceId: ] [SpanId: ] [DynLevel: ] - No TaskScheduler/ScheduledExecutorService bean found for scheduled processing
2026-06-15 18:46:51.242 [INFO ] [Test worker] [f.m.b.c.MbrControllerValidationTest] [TranId: ] [BizTranId: ] [TraceId: ] [SpanId: ] [DynLevel: ] - Started MbrControllerValidationTest in 3.906 seconds (process running for 6.317)
2026-06-15 18:46:51.473 [INFO ] [Test worker] [f.pfw.common.logging.LoggingAspect] [TranId: 20260611141234567MBRmbrAP010000001] [BizTranId: MBR01BSE0002] [TraceId: TRACE-TEST-001] [SpanId: SPN-b914b84d-23bc-4b5c-86d8-586592e113aa] [DynLevel: ] - Transaction started. transactionId=20260611141234567MBRmbrAP010000001, businessTransactionId=MBR01BSE0002, businessTransactionName=회원기본상세조회, traceId=TRACE-TEST-001, spanId=SPN-b914b84d-23bc-4b5c-86d8-586592e113aa, moduleId=MBR, sequenceNo=1, workflowInstanceId=None, workflowStepId=None, method=GET, uri=/mbr/detail, controller=MbrController.getDetail(..), executionClass=fps.mbr.bse.controller.MbrController, executionMethod=getDetail, clientIp=10.10.10.10, parameters=memberId=[0], requestBody=[0]
2026-06-15 18:46:51.591 [INFO ] [Test worker] [com.zaxxer.hikari.HikariDataSource] [TranId: 20260611141234567MBRmbrAP010000001] [BizTranId: MBR01BSE0002] [TraceId: TRACE-TEST-001] [SpanId: SPN-b914b84d-23bc-4b5c-86d8-586592e113aa] [DynLevel: ] - HikariPool-1 - Starting...
2026-06-15 18:46:52.851 [INFO ] [Test worker] [com.zaxxer.hikari.HikariDataSource] [TranId: 20260615184652823MBRlocal010000001] [BizTranId: ] [TraceId: 378f44d5-5d98-4ffb-8bbc-9934d5e29e6c] [SpanId: SPN-fd73ffc1-8a4f-469e-95d8-6d70aa8952e1] [DynLevel: ] - HikariPool-2 - Starting...
