CPF_EVIDENCE_VERSION=1
EVIDENCE_ID=CPF-EDU-SAMPLE-FINAL-20260714
STATUS=완료
EXECUTED_AT=2026-07-14T11:34:48.1270223+09:00
START_COMMIT=fb6b17850aa915c8ff0db034833e2fe1343fc322
BRANCH=master
COMMAND=.\gradlew.bat :xyz:cleanTest :xyz:test --tests '*EducationSampleTest' :bat:cleanTest :bat:test --tests '*EducationSampleTest' --no-daemon
EXIT_CODE=0
JAVA_VERSION=java 21.0.7 2025-04-15 LTS
GRADLE_VERSION=8.11.1
PROFILE=local
SANITIZED=Y
SECRET_SCAN=PASS
TESTS=53
FAILURES=0
ERRORS=0
SKIPPED=0
REASON=
REPRODUCE_COMMAND=
LOG_SHA256=48c0b3d06d49189a3861aa6a92efaf75cc178200fbda76baae2cb6603ccd1c35
--- SANITIZED_OUTPUT ---

<WORKSPACE>>if "Windows_NT" == "Windows_NT" setlocal

<WORKSPACE>>set DIRNAME=<WORKSPACE>\ 

<WORKSPACE>>if "<WORKSPACE>\" == "" set DIRNAME=. 

<WORKSPACE>>set APP_BASE_NAME=gradlew 

<WORKSPACE>>set APP_HOME=<WORKSPACE>\ 

<WORKSPACE>>for %i in ("<WORKSPACE>\") do set APP_HOME=%~fi 

<WORKSPACE>>set APP_HOME=<WORKSPACE>\ 

<WORKSPACE>>set DEFAULT_JVM_OPTS="-Xmx64m" "-Xms64m" 

<WORKSPACE>>if defined JAVA_HOME goto findJavaFromJavaHome 

<WORKSPACE>>set JAVA_HOME=D:\Java\jdk-21 

<WORKSPACE>>set JAVA_EXE=D:\Java\jdk-21/bin/java.exe 

<WORKSPACE>>if exist "D:\Java\jdk-21/bin/java.exe" goto execute 

<WORKSPACE>>set CLASSPATH=<WORKSPACE>\\gradle\wrapper\gradle-wrapper.jar 

<WORKSPACE>>"D:\Java\jdk-21/bin/java.exe" "-Xmx64m" "-Xms64m"   "-Dorg.gradle.appname=gradlew" -classpath "<WORKSPACE>\\gradle\wrapper\gradle-wrapper.jar" org.gradle.wrapper.GradleWrapperMain :xyz:cleanTest :xyz:test --tests *EducationSampleTest :bat:cleanTest :bat:test --tests *EducationSampleTest --no-daemon 
To honour the JVM settings for this build a single-use Daemon process will be forked. For more on this, please refer to https://docs.gradle.org/8.11.1/userguide/gradle_daemon.html#sec:disabling_the_daemon in the Gradle documentation.
Daemon will be stopped at the end of the build 
> Task :xyz:cleanTest
> Task :pfw:compileJava UP-TO-DATE
> Task :cmn:compileJava UP-TO-DATE
> Task :cmn:processResources UP-TO-DATE
> Task :cmn:classes UP-TO-DATE
> Task :cmn:jar UP-TO-DATE
> Task :pfw:processResources UP-TO-DATE
> Task :pfw:classes UP-TO-DATE
> Task :pfw:jar
> Task :xyz:compileJava UP-TO-DATE
> Task :xyz:processResources UP-TO-DATE
> Task :xyz:classes UP-TO-DATE
> Task :xyz:compileTestJava UP-TO-DATE
> Task :xyz:processTestResources UP-TO-DATE
> Task :xyz:testClasses UP-TO-DATE
.\gradlew.bat : Java HotSpot(TM) 64-Bit Server VM warning: Sharing is only supported for boot loader classes because bo
otstrap classpath has been appended
At line:1 char:1
+ .\gradlew.bat :xyz:cleanTest :xyz:test --tests '*EducationSampleTest' ...
+ ~~~~~~~~~~~~~~~~~~~~~~~~~~~~~~~~~~~~~~~~~~~~~~~~~~~~~~~~~~~~~~~~~~~~~
    + CategoryInfo          : NotSpecified: (Java HotSpot(TM...s been appended:String) [], RemoteException
    + FullyQualifiedErrorId : NativeCommandError
 
> Task :xyz:test
> Task :bat:cleanTest
> Task :bat:compileJava
> Task :bat:processResources UP-TO-DATE
> Task :bat:classes
> Task :bat:compileTestJava
> Task :bat:processTestResources NO-SOURCE
> Task :bat:testClasses
Java HotSpot(TM) 64-Bit Server VM warning: Sharing is only supported for boot loader classes because bootstrap classpat
h has been appended
> Task :bat:test

BUILD SUCCESSFUL in 54s
17 actionable tasks: 7 executed, 10 up-to-date

<WORKSPACE>>if 0 EQU 0 goto mainEnd 

<WORKSPACE>>if "Windows_NT" == "Windows_NT" endlocal
