CPF_EVIDENCE_VERSION=1
EVIDENCE_ID=CPF-JAVA25-GRADLE910-BYTEBUDDY-COMPAT-FAILURE-20260714
STATUS=실패
EXECUTED_AT=2026-07-14T13:08:26.9201119+09:00
START_COMMIT=fb6b17850aa915c8ff0db034833e2fe1343fc322
BRANCH=master
COMMAND=gradlew.bat :pfw:cleanTest :pfw:test --no-daemon
EXIT_CODE=1
JAVA_VERSION=openjdk 25.0.3 2026-04-21 LTS
GRADLE_VERSION=9.1.0
PROFILE=local
SANITIZED=Y
SECRET_SCAN=PASS
TESTS=126
FAILURES=43
ERRORS=0
SKIPPED=1
REASON=기존 Byte Buddy가 Java 25 class version 69 mock instrumentation을 지원하지 않아 Mockito 테스트가 실패했습니다.
REPRODUCE_COMMAND=
LOG_SHA256=792594e7707371f40201a74be89f5177ad4eb6a3e96c911fa45684ce06ea5024
--- SANITIZED_OUTPUT ---

<WORKSPACE>>if "Windows_NT" == "Windows_NT" setlocal

<WORKSPACE>>set DIRNAME=<WORKSPACE>\ 

<WORKSPACE>>if "<WORKSPACE>\" == "" set DIRNAME=. 

<WORKSPACE>>set APP_BASE_NAME=gradlew 

<WORKSPACE>>set APP_HOME=<WORKSPACE>\ 

<WORKSPACE>>for %i in ("<WORKSPACE>\") do set APP_HOME=%~fi 

<WORKSPACE>>set APP_HOME=<WORKSPACE>\ 

<WORKSPACE>>set DEFAULT_JVM_OPTS="-Xmx64m" "-Xms64m" 

<WORKSPACE>>if defined JAVA_HOME goto findJavaFromJavaHome 

<WORKSPACE>>set JAVA_HOME=D:\Java\jdk-25.0.3.9-hotspot 

<WORKSPACE>>set JAVA_EXE=D:\Java\jdk-25.0.3.9-hotspot/bin/java.exe 

<WORKSPACE>>if exist "D:\Java\jdk-25.0.3.9-hotspot/bin/java.exe" goto execute 

<WORKSPACE>>set CLASSPATH=<WORKSPACE>\\gradle\wrapper\gradle-wrapper.jar 

<WORKSPACE>>"D:\Java\jdk-25.0.3.9-hotspot/bin/java.exe" "-Xmx64m" "-Xms64m"   "-Dorg.gradle.appname=gradlew" -classpath "<WORKSPACE>\\gradle\wrapper\gradle-wrapper.jar" org.gradle.wrapper.GradleWrapperMain :pfw:cleanTest :pfw:test --no-daemon 
WARNING: A restricted method in java.lang.System has been called
WARNING: java.lang.System::load has been called by net.rubygrapefruit.platform.internal.NativeLibraryLoader in an unnamed module (file:/C:/Users/11096/.gradle/wrapper/dists/gradle-9.1.0-bin/9agqghryom9wkf8r80qlhnts3/gradle-9.1.0/lib/native-platform-0.22-milestone-28.jar)
WARNING: Use --enable-native-access=ALL-UNNAMED to avoid a warning for callers in this module
WARNING: Restricted methods will be blocked in a future release unless native access is enabled

To honour the JVM settings for this build a single-use Daemon process will be forked. For more on this, please refer to https://docs.gradle.org/9.1.0/userguide/gradle_daemon.html#sec:disabling_the_daemon in the Gradle documentation.
Daemon will be stopped at the end of the build 
> Task :pfw:cleanTest UP-TO-DATE
> Task :pfw:compileJava
> Task :pfw:processResources
> Task :pfw:classes
> Task :pfw:compileTestJava
> Task :pfw:processTestResources NO-SOURCE
> Task :pfw:testClasses
OpenJDK 64-Bit Server VM warning: Sharing is only supported for boot loader classes because bootstrap classpath has been appended

> Task :pfw:test

CpfBatchFileLogWriterTest > preservesEventInFragmentWhenAnotherServerOwnsLease() FAILED
    org.mockito.exceptions.base.MockitoException at CpfBatchFileLogWriterTest.java:136
        Caused by: org.mockito.exceptions.base.MockitoException at CpfBatchFileLogWriterTest.java:136
            Caused by: java.lang.IllegalStateException at CpfBatchFileLogWriterTest.java:136
                Caused by: java.lang.IllegalArgumentException at CpfBatchFileLogWriterTest.java:136

CpfBatchFileLogWriterTest > writesLogicalFileOnlyWhileDatabaseLeaseIsOwned() FAILED
    org.mockito.exceptions.base.MockitoException at CpfBatchFileLogWriterTest.java:121
        Caused by: org.mockito.exceptions.base.MockitoException at CpfBatchFileLogWriterTest.java:121
            Caused by: java.lang.IllegalStateException at CpfBatchFileLogWriterTest.java:121
                Caused by: java.lang.IllegalArgumentException at CpfBatchFileLogWriterTest.java:121

CpfBatchLockManagerTest > rejectsConcurrentOwnerWhenUniqueLeaseAlreadyExists() FAILED
    org.mockito.exceptions.base.MockitoException at CpfBatchLockManagerTest.java:34
        Caused by: org.mockito.exceptions.base.MockitoException at CpfBatchLockManagerTest.java:34
            Caused by: java.lang.IllegalStateException at CpfBatchLockManagerTest.java:34
                Caused by: java.lang.IllegalArgumentException at CpfBatchLockManagerTest.java:34

CpfBatchLockManagerTest > removesExpiredLeaseBeforeNewOwnerAcquiresLock() FAILED
    org.mockito.exceptions.base.MockitoException at CpfBatchLockManagerTest.java:22
        Caused by: org.mockito.exceptions.base.MockitoException at CpfBatchLockManagerTest.java:22
            Caused by: java.lang.IllegalStateException at CpfBatchLockManagerTest.java:22
                Caused by: java.lang.IllegalArgumentException at CpfBatchLockManagerTest.java:22

CpfBatchRuntimeListenerPolicyTest > listenerWritesBatchFileLogForJobAndStepLifecycle() FAILED
    org.mockito.exceptions.base.MockitoException at CpfBatchRuntimeListenerPolicyTest.java:48
        Caused by: org.mockito.exceptions.base.MockitoException at CpfBatchRuntimeListenerPolicyTest.java:48
            Caused by: java.lang.IllegalStateException at CpfBatchRuntimeListenerPolicyTest.java:48
                Caused by: java.lang.IllegalArgumentException at CpfBatchRuntimeListenerPolicyTest.java:48

CpfBatchRuntimeListenerPolicyTest > listenerStoresJobAndStepPolicyInExecutionContext() FAILED
    org.mockito.exceptions.base.MockitoException at CpfBatchRuntimeListenerPolicyTest.java:25
        Caused by: org.mockito.exceptions.base.MockitoException at CpfBatchRuntimeListenerPolicyTest.java:25
            Caused by: java.lang.IllegalStateException at CpfBatchRuntimeListenerPolicyTest.java:25
                Caused by: java.lang.IllegalArgumentException at CpfBatchRuntimeListenerPolicyTest.java:25

JdbcCpfBrokerReliabilityRepositoryTest > saveOutboxWritesEnvelopeAsPersistentRecord() FAILED
    org.mockito.exceptions.base.MockitoException at JdbcCpfBrokerReliabilityRepositoryTest.java:27
        Caused by: org.mockito.exceptions.base.MockitoException at JdbcCpfBrokerReliabilityRepositoryTest.java:27
            Caused by: java.lang.IllegalStateException at JdbcCpfBrokerReliabilityRepositoryTest.java:27
                Caused by: java.lang.IllegalArgumentException at JdbcCpfBrokerReliabilityRepositoryTest.java:27

JdbcCpfBrokerReliabilityRepositoryTest > inboxDuplicateReturnsFalse() FAILED
    org.mockito.exceptions.base.MockitoException at JdbcCpfBrokerReliabilityRepositoryTest.java:55
        Caused by: org.mockito.exceptions.base.MockitoException at JdbcCpfBrokerReliabilityRepositoryTest.java:55
            Caused by: java.lang.IllegalStateException at JdbcCpfBrokerReliabilityRepositoryTest.java:55
                Caused by: java.lang.IllegalArgumentException at JdbcCpfBrokerReliabilityRepositoryTest.java:55

JdbcCpfBrokerReliabilityRepositoryTest > replayMarksDlqAsRequested() FAILED
    org.mockito.exceptions.base.MockitoException at JdbcCpfBrokerReliabilityRepositoryTest.java:65
        Caused by: org.mockito.exceptions.base.MockitoException at JdbcCpfBrokerReliabilityRepositoryTest.java:65
            Caused by: java.lang.IllegalStateException at JdbcCpfBrokerReliabilityRepositoryTest.java:65
                Caused by: java.lang.IllegalArgumentException at JdbcCpfBrokerReliabilityRepositoryTest.java:65

JdbcCpfBrokerReliabilityRepositoryTest > claimPendingMapsRowsAndClaimsWorker() FAILED
    org.mockito.exceptions.base.MockitoException at JdbcCpfBrokerReliabilityRepositoryTest.java:39
        Caused by: org.mockito.exceptions.base.MockitoException at JdbcCpfBrokerReliabilityRepositoryTest.java:39
            Caused by: java.lang.IllegalStateException at JdbcCpfBrokerReliabilityRepositoryTest.java:39
                Caused by: java.lang.IllegalArgumentException at JdbcCpfBrokerReliabilityRepositoryTest.java:39

JdbcCpfFileTransferRepositoryTest > alreadyProcessedChecksEndpointDuplicateKeyAndChecksum() FAILED
    org.mockito.exceptions.base.MockitoException at JdbcCpfFileTransferRepositoryTest.java:25
        Caused by: org.mockito.exceptions.base.MockitoException at JdbcCpfFileTransferRepositoryTest.java:25
            Caused by: java.lang.IllegalStateException at JdbcCpfFileTransferRepositoryTest.java:25
                Caused by: java.lang.IllegalArgumentException at JdbcCpfFileTransferRepositoryTest.java:25

JdbcCpfFileTransferRepositoryTest > recordUpdatesExistingTransferWhenDuplicateTransferIdExists() FAILED
    org.mockito.exceptions.base.MockitoException at JdbcCpfFileTransferRepositoryTest.java:35
        Caused by: org.mockito.exceptions.base.MockitoException at JdbcCpfFileTransferRepositoryTest.java:35
            Caused by: java.lang.IllegalStateException at JdbcCpfFileTransferRepositoryTest.java:35
                Caused by: java.lang.IllegalArgumentException at JdbcCpfFileTransferRepositoryTest.java:35

JdbcCpfFileTransferRepositoryTest > findHistoryMapsResultRows() FAILED
    org.mockito.exceptions.base.MockitoException at JdbcCpfFileTransferRepositoryTest.java:49
        Caused by: org.mockito.exceptions.base.MockitoException at JdbcCpfFileTransferRepositoryTest.java:49
            Caused by: java.lang.IllegalStateException at JdbcCpfFileTransferRepositoryTest.java:49
                Caused by: java.lang.IllegalArgumentException at JdbcCpfFileTransferRepositoryTest.java:49

CpfRestClientInterceptorTest > restClientInterceptorWritesOutboundIntegrationEvents() FAILED
    org.mockito.exceptions.base.MockitoException at CpfRestClientInterceptorTest.java:71
        Caused by: org.mockito.exceptions.base.MockitoException at CpfRestClientInterceptorTest.java:71
            Caused by: java.lang.IllegalStateException at CpfRestClientInterceptorTest.java:71
                Caused by: java.lang.IllegalArgumentException at CpfRestClientInterceptorTest.java:71

JdbcCpfIdempotencyRepositoryTest > expireBeforeLimitsCleanupBatch() FAILED
    org.mockito.exceptions.base.MockitoException at JdbcCpfIdempotencyRepositoryTest.java:97
        Caused by: org.mockito.exceptions.base.MockitoException at JdbcCpfIdempotencyRepositoryTest.java:97
            Caused by: java.lang.IllegalStateException at JdbcCpfIdempotencyRepositoryTest.java:97
                Caused by: java.lang.IllegalArgumentException at JdbcCpfIdempotencyRepositoryTest.java:97

JdbcCpfIdempotencyRepositoryTest > completeStoresResponseAndStatus() FAILED
    org.mockito.exceptions.base.MockitoException at JdbcCpfIdempotencyRepositoryTest.java:69
        Caused by: org.mockito.exceptions.base.MockitoException at JdbcCpfIdempotencyRepositoryTest.java:69
            Caused by: java.lang.IllegalStateException at JdbcCpfIdempotencyRepositoryTest.java:69
                Caused by: java.lang.IllegalArgumentException at JdbcCpfIdempotencyRepositoryTest.java:69

JdbcCpfIdempotencyRepositoryTest > reserveReturnsFalseWhenUniqueKeyAlreadyExists() FAILED
    org.mockito.exceptions.base.MockitoException at JdbcCpfIdempotencyRepositoryTest.java:24
        Caused by: org.mockito.exceptions.base.MockitoException at JdbcCpfIdempotencyRepositoryTest.java:24
            Caused by: java.lang.IllegalStateException at JdbcCpfIdempotencyRepositoryTest.java:24
                Caused by: java.lang.IllegalArgumentException at JdbcCpfIdempotencyRepositoryTest.java:24

JdbcCpfIdempotencyRepositoryTest > restartUsesConditionalAtomicUpdate() FAILED
    org.mockito.exceptions.base.MockitoException at JdbcCpfIdempotencyRepositoryTest.java:79
        Caused by: org.mockito.exceptions.base.MockitoException at JdbcCpfIdempotencyRepositoryTest.java:79
            Caused by: java.lang.IllegalStateException at JdbcCpfIdempotencyRepositoryTest.java:79
                Caused by: java.lang.IllegalArgumentException at JdbcCpfIdempotencyRepositoryTest.java:79

JdbcCpfIdempotencyRepositoryTest > findMapsStoredResponseAndRetryPolicy() FAILED
    org.mockito.exceptions.base.MockitoException at JdbcCpfIdempotencyRepositoryTest.java:46
        Caused by: org.mockito.exceptions.base.MockitoException at JdbcCpfIdempotencyRepositoryTest.java:46
            Caused by: java.lang.IllegalStateException at JdbcCpfIdempotencyRepositoryTest.java:46
                Caused by: java.lang.IllegalArgumentException at JdbcCpfIdempotencyRepositoryTest.java:46

TransactionLogFallbackStoreTest > approvedPoisonReturnsToPendingQueue() FAILED
    org.mockito.exceptions.base.MockitoException at TransactionLogFallbackStoreTest.java:162
        Caused by: org.mockito.exceptions.base.MockitoException at TransactionLogFallbackStoreTest.java:162
            Caused by: java.lang.IllegalStateException at TransactionLogFallbackStoreTest.java:162
                Caused by: java.lang.IllegalArgumentException at TransactionLogFallbackStoreTest.java:162

TransactionLogFallbackStoreTest > recoveryWorkerPersistsAndCleansJournal() FAILED
    org.mockito.exceptions.base.MockitoException at TransactionLogFallbackStoreTest.java:64
        Caused by: org.mockito.exceptions.base.MockitoException at TransactionLogFallbackStoreTest.java:64
            Caused by: java.lang.IllegalStateException at TransactionLogFallbackStoreTest.java:64
                Caused by: java.lang.IllegalArgumentException at TransactionLogFallbackStoreTest.java:64

TransactionLogFallbackStoreTest > recoveryWorkerMovesExceededRetryToPoison() FAILED
    org.mockito.exceptions.base.MockitoException at TransactionLogFallbackStoreTest.java:84
        Caused by: org.mockito.exceptions.base.MockitoException at TransactionLogFallbackStoreTest.java:84
            Caused by: java.lang.IllegalStateException at TransactionLogFallbackStoreTest.java:84
                Caused by: java.lang.IllegalArgumentException at TransactionLogFallbackStoreTest.java:84

TransactionLogFallbackStoreTest > notReadyJournalDoesNotConsumeRecoveryBatchQuota() FAILED
    org.mockito.exceptions.base.MockitoException at TransactionLogFallbackStoreTest.java:112
        Caused by: org.mockito.exceptions.base.MockitoException at TransactionLogFallbackStoreTest.java:112
            Caused by: java.lang.IllegalStateException at TransactionLogFallbackStoreTest.java:112
                Caused by: java.lang.IllegalArgumentException at TransactionLogFallbackStoreTest.java:112

TransactionSegmentFallbackStoreTest > recoversStartBeforeEndAndCleansJournal() FAILED
    org.mockito.exceptions.base.MockitoException at TransactionSegmentFallbackStoreTest.java:56
        Caused by: org.mockito.exceptions.base.MockitoException at TransactionSegmentFallbackStoreTest.java:56
            Caused by: java.lang.IllegalStateException at TransactionSegmentFallbackStoreTest.java:56
                Caused by: java.lang.IllegalArgumentException at TransactionSegmentFallbackStoreTest.java:56

JdbcCpfReconciliationRepositoryTest > findMapsUnknownResultRows() FAILED
    org.mockito.exceptions.base.MockitoException at JdbcCpfReconciliationRepositoryTest.java:46
        Caused by: org.mockito.exceptions.base.MockitoException at JdbcCpfReconciliationRepositoryTest.java:46
            Caused by: java.lang.IllegalStateException at JdbcCpfReconciliationRepositoryTest.java:46
                Caused by: java.lang.IllegalArgumentException at JdbcCpfReconciliationRepositoryTest.java:46

JdbcCpfReconciliationRepositoryTest > resolveRequiresAuditReason() FAILED
    org.mockito.exceptions.base.MockitoException at JdbcCpfReconciliationRepositoryTest.java:69
        Caused by: org.mockito.exceptions.base.MockitoException at JdbcCpfReconciliationRepositoryTest.java:69
            Caused by: java.lang.IllegalStateException at JdbcCpfReconciliationRepositoryTest.java:69
                Caused by: java.lang.IllegalArgumentException at JdbcCpfReconciliationRepositoryTest.java:69

JdbcCpfReconciliationRepositoryTest > registerGeneratesUnknownIdAndPersistsRecord() FAILED
    org.mockito.exceptions.base.MockitoException at JdbcCpfReconciliationRepositoryTest.java:24
        Caused by: org.mockito.exceptions.base.MockitoException at JdbcCpfReconciliationRepositoryTest.java:24
            Caused by: java.lang.IllegalStateException at JdbcCpfReconciliationRepositoryTest.java:24
                Caused by: java.lang.IllegalArgumentException at JdbcCpfReconciliationRepositoryTest.java:24

CpfReliabilityOperationsFacadeTest > replayRejectsAlreadyRequestedDlq() FAILED
    org.mockito.exceptions.base.MockitoException at CpfReliabilityOperationsFacadeTest.java:42
        Caused by: org.mockito.exceptions.base.MockitoException at CpfReliabilityOperationsFacadeTest.java:42
            Caused by: java.lang.IllegalStateException at CpfReliabilityOperationsFacadeTest.java:42
                Caused by: java.lang.IllegalArgumentException at CpfReliabilityOperationsFacadeTest.java:42

CpfReliabilityOperationsFacadeTest > unknownResolutionReturnsBeforeAndAfter() FAILED
    org.mockito.exceptions.base.MockitoException at CpfReliabilityOperationsFacadeTest.java:57
        Caused by: org.mockito.exceptions.base.MockitoException at CpfReliabilityOperationsFacadeTest.java:57
            Caused by: java.lang.IllegalStateException at CpfReliabilityOperationsFacadeTest.java:57
                Caused by: java.lang.IllegalArgumentException at CpfReliabilityOperationsFacadeTest.java:57

CpfReliabilityOperationsFacadeTest > outboxSearchUsesBoundParametersAndSafeLimit() FAILED
    org.mockito.exceptions.base.MockitoException at CpfReliabilityOperationsFacadeTest.java:27
        Caused by: org.mockito.exceptions.base.MockitoException at CpfReliabilityOperationsFacadeTest.java:27
            Caused by: java.lang.IllegalStateException at CpfReliabilityOperationsFacadeTest.java:27
                Caused by: java.lang.IllegalArgumentException at CpfReliabilityOperationsFacadeTest.java:27

CpfServiceCallEngineTest > recordsAttemptSegmentAndRegistersUnknownResultOnTimeout() FAILED
    org.mockito.exceptions.base.MockitoException at CpfServiceCallEngineTest.java:137
        Caused by: org.mockito.exceptions.base.MockitoException at CpfServiceCallEngineTest.java:137
            Caused by: java.lang.IllegalStateException at CpfServiceCallEngineTest.java:137
                Caused by: java.lang.IllegalArgumentException at CpfServiceCallEngineTest.java:137

CpfServiceCallEngineTest > remoteFacadeProxySupportDelegatesToServiceCallEngine() FAILED
    org.mockito.exceptions.base.MockitoException at CpfServiceCallEngineTest.java:234
        Caused by: org.mockito.exceptions.base.MockitoException at CpfServiceCallEngineTest.java:234
            Caused by: java.lang.IllegalStateException at CpfServiceCallEngineTest.java:234
                Caused by: java.lang.IllegalArgumentException at CpfServiceCallEngineTest.java:234

CpfServiceCallEngineTest > resolveSelectsHealthyActiveInstance() FAILED
    org.mockito.exceptions.base.MockitoException at CpfServiceCallEngineTest.java:29
        Caused by: org.mockito.exceptions.base.MockitoException at CpfServiceCallEngineTest.java:29
            Caused by: java.lang.IllegalStateException at CpfServiceCallEngineTest.java:29
                Caused by: java.lang.IllegalArgumentException at CpfServiceCallEngineTest.java:29

CpfServiceCallEngineTest > invokeWritesSuccessHistory() FAILED
    org.mockito.exceptions.base.MockitoException at CpfServiceCallEngineTest.java:64
        Caused by: org.mockito.exceptions.base.MockitoException at CpfServiceCallEngineTest.java:64
            Caused by: java.lang.IllegalStateException at CpfServiceCallEngineTest.java:64
                Caused by: java.lang.IllegalArgumentException at CpfServiceCallEngineTest.java:64

CpfServiceCallEngineTest > invokeRetriesAndFailoversToNextInstance() FAILED
    org.mockito.exceptions.base.MockitoException at CpfServiceCallEngineTest.java:85
        Caused by: org.mockito.exceptions.base.MockitoException at CpfServiceCallEngineTest.java:85
            Caused by: java.lang.IllegalStateException at CpfServiceCallEngineTest.java:85
                Caused by: java.lang.IllegalArgumentException at CpfServiceCallEngineTest.java:85

CpfServiceCallEngineTest > recordsRetryAndFailoverOnSecondAttemptSegment() FAILED
    org.mockito.exceptions.base.MockitoException at CpfServiceCallEngineTest.java:185
        Caused by: org.mockito.exceptions.base.MockitoException at CpfServiceCallEngineTest.java:185
            Caused by: java.lang.IllegalStateException at CpfServiceCallEngineTest.java:185
                Caused by: java.lang.IllegalArgumentException at CpfServiceCallEngineTest.java:185

CpfServiceCallEngineTest > invokeBlocksRemoteCallWhenCircuitIsOpen() FAILED
    org.mockito.exceptions.base.MockitoException at CpfServiceCallEngineTest.java:116
        Caused by: org.mockito.exceptions.base.MockitoException at CpfServiceCallEngineTest.java:116
            Caused by: java.lang.IllegalStateException at CpfServiceCallEngineTest.java:116
                Caused by: java.lang.IllegalArgumentException at CpfServiceCallEngineTest.java:116

CpfServiceCallLogWriterTest > isCircuitOpenMovesExpiredOpenStateToHalfOpen() FAILED
    org.mockito.exceptions.base.MockitoException at CpfServiceCallLogWriterTest.java:19
        Caused by: org.mockito.exceptions.base.MockitoException at CpfServiceCallLogWriterTest.java:19
            Caused by: java.lang.IllegalStateException at CpfServiceCallLogWriterTest.java:19
                Caused by: java.lang.IllegalArgumentException at CpfServiceCallLogWriterTest.java:19

TransactionHeaderValidationInterceptorTest > rejectsDeclaredBusinessTransactionWhenRequiredHeadersAreMissing() FAILED
    org.mockito.exceptions.base.MockitoException at TransactionHeaderValidationInterceptorTest.java:71
        Caused by: org.mockito.exceptions.base.MockitoException at TransactionHeaderValidationInterceptorTest.java:71
            Caused by: java.lang.IllegalStateException at TransactionHeaderValidationInterceptorTest.java:71
                Caused by: java.lang.IllegalArgumentException at TransactionHeaderValidationInterceptorTest.java:71

TransactionHeaderValidationInterceptorTest > allowsOperationApiWithoutBusinessTransactionHeaders() FAILED
    org.mockito.exceptions.base.MockitoException at TransactionHeaderValidationInterceptorTest.java:71
        Caused by: org.mockito.exceptions.base.MockitoException at TransactionHeaderValidationInterceptorTest.java:71
            Caused by: java.lang.IllegalStateException at TransactionHeaderValidationInterceptorTest.java:71
                Caused by: java.lang.IllegalArgumentException at TransactionHeaderValidationInterceptorTest.java:71

TransactionHeaderValidationInterceptorTest > rejectsSensitiveExtensionHeaderEvenForOperationApi() FAILED
    org.mockito.exceptions.base.MockitoException at TransactionHeaderValidationInterceptorTest.java:71
        Caused by: org.mockito.exceptions.base.MockitoException at TransactionHeaderValidationInterceptorTest.java:71
            Caused by: java.lang.IllegalStateException at TransactionHeaderValidationInterceptorTest.java:71
                Caused by: java.lang.IllegalArgumentException at TransactionHeaderValidationInterceptorTest.java:71

TransactionLogServicePolicyTest > bodySavePolicyRemovesDisabledPayloadsBeforeInsert() FAILED
    org.mockito.exceptions.base.MockitoException at TransactionLogServicePolicyTest.java:47
        Caused by: org.mockito.exceptions.base.MockitoException at TransactionLogServicePolicyTest.java:47
            Caused by: java.lang.IllegalStateException at TransactionLogServicePolicyTest.java:47
                Caused by: java.lang.IllegalArgumentException at TransactionLogServicePolicyTest.java:47

TransactionLogServicePolicyTest > dbLogDisabledSkipsSummaryAndDetailInsert() FAILED
    org.mockito.exceptions.base.MockitoException at TransactionLogServicePolicyTest.java:23
        Caused by: org.mockito.exceptions.base.MockitoException at TransactionLogServicePolicyTest.java:23
            Caused by: java.lang.IllegalStateException at TransactionLogServicePolicyTest.java:23
                Caused by: java.lang.IllegalArgumentException at TransactionLogServicePolicyTest.java:23

126 tests completed, 43 failed, 1 skipped

> Task :pfw:test FAILED

FAILURE: Build failed with an exception.

* What went wrong:
Execution failed for task ':pfw:test'.
> There were failing tests. See the report at: file:///D:/WORK_CPF/202412_01_CPF/pfw/build/reports/tests/test/index.html

* Try:
> Run with --scan to generate a Build Scan (Powered by Develocity).

BUILD FAILED in 2m 14s
5 actionable tasks: 4 executed, 1 up-to-date

<WORKSPACE>>if 1 EQU 0 goto mainEnd 

<WORKSPACE>>rem Set variable GRADLE_EXIT_CONSOLE if you need the _script_ return code instead of 

<WORKSPACE>>rem the _cmd.exe /c_ return code! 

<WORKSPACE>>set EXIT_CODE=1 

<WORKSPACE>>if 1 EQU 0 set EXIT_CODE=1 

<WORKSPACE>>if not "" == "" exit 1 

<WORKSPACE>>exit /b 1 
