CPF_EVIDENCE_VERSION=1
EVIDENCE_ID=MARIADB_FULL_INSTALL_20260714_01
STATUS=미검증
EXECUTED_AT=2026-07-14T11:07:37.8784520+09:00
START_COMMIT=fb6b17850aa915c8ff0db034833e2fe1343fc322
BRANCH=master
COMMAND=mariadb full install, smoke, Flyway, recovery validation
EXIT_CODE=0
JAVA_VERSION=java 21.0.7 2025-04-15 LTS
GRADLE_VERSION=8.11.1
PROFILE=local
SANITIZED=Y
SECRET_SCAN=PASS
TESTS=0
FAILURES=0
ERRORS=0
SKIPPED=0
REASON=검증용 MariaDB 사용자와 비밀번호 환경변수가 없어 비파괴 연결 이후 실행을 중단했습니다.
REPRODUCE_COMMAND=CPF_MARIADB_USER와 CPF_MARIADB_PASSWORD를 설정한 뒤 specs/sql/00_all_install_and_smoke.sql 및 Flyway 검증 스크립트를 실행합니다.
LOG_SHA256=fb00b8297494162b6ca30433f9aa28fb136e271e6fc764a9da46e3a2f33637bd
