CPF_EVIDENCE_VERSION=1
EVIDENCE_ID=MARIADB_PREFLIGHT_20260714_01
STATUS=완료
EXECUTED_AT=2026-07-14T11:07:37.0213919+09:00
START_COMMIT=fb6b17850aa915c8ff0db034833e2fe1343fc322
BRANCH=master
COMMAND=MariaDB service/client/port/credential-presence preflight
EXIT_CODE=0
JAVA_VERSION=java 21.0.7 2025-04-15 LTS
GRADLE_VERSION=8.11.1
PROFILE=local
SANITIZED=Y
SECRET_SCAN=PASS
TESTS=7
FAILURES=0
ERRORS=0
SKIPPED=0
REASON=
REPRODUCE_COMMAND=
LOG_SHA256=bbe58c8a6e930a16134aa192befd15ae6e556f34fcde472a88c0f8b4e7b38e0f
--- SANITIZED_OUTPUT ---
servicePresent=True
serviceStatus=Running
clientPresent=True
clientVersion=C:\Program Files\MariaDB 12.3\bin\mariadb.exe from 12.3.2-MariaDB, client 15.2 for Win64 (AMD64), source revision 9f98f82b14a9b939834281672b6d0cf965db69a3
port3306Listening=True
credentialUserPresent=False
credentialPasswordPresent=False
