CPF_EVIDENCE_VERSION=1
EVIDENCE_ID=CPF-QUALITY-GATE-GRADLE910-JAVA21-20260714
STATUS=미검증
EXECUTED_AT=2026-07-14T12:41:06.9700336+09:00
START_COMMIT=fb6b17850aa915c8ff0db034833e2fe1343fc322
BRANCH=master
COMMAND=gradlew.bat cleanTest qualityGate --no-daemon
EXIT_CODE=0
JAVA_VERSION=java 21.0.7 2025-04-15 LTS
GRADLE_VERSION=9.1.0
PROFILE=local
SANITIZED=Y
SECRET_SCAN=PASS
TESTS=275
FAILURES=0
ERRORS=0
SKIPPED=4
REASON=Java 21/Gradle 9.1.0 qualityGate는 성공했으나 외부 DB 조건 테스트 4건이 건너뛰어 전체 완료로 선언하지 않습니다.
REPRODUCE_COMMAND=JAVA_HOME=D:\Java\jdk-21 gradlew.bat cleanTest qualityGate --no-daemon
LOG_SHA256=63dbb33e27b2dab83a88f245df8a90267824e67a33539218fc5d45fbb4dc82c9
--- SANITIZED_OUTPUT ---

<WORKSPACE>>if "Windows_NT" == "Windows_NT" setlocal

<WORKSPACE>>set DIRNAME=<WORKSPACE>\ 

<WORKSPACE>>if "<WORKSPACE>\" == "" set DIRNAME=. 

<WORKSPACE>>set APP_BASE_NAME=gradlew 

<WORKSPACE>>set APP_HOME=<WORKSPACE>\ 

<WORKSPACE>>for %i in ("<WORKSPACE>\") do set APP_HOME=%~fi 

<WORKSPACE>>set APP_HOME=<WORKSPACE>\ 

<WORKSPACE>>set DEFAULT_JVM_OPTS="-Xmx64m" "-Xms64m" 

<WORKSPACE>>if defined JAVA_HOME goto findJavaFromJavaHome 

<WORKSPACE>>set JAVA_HOME=D:\Java\jdk-21 

<WORKSPACE>>set JAVA_EXE=D:\Java\jdk-21/bin/java.exe 

<WORKSPACE>>if exist "D:\Java\jdk-21/bin/java.exe" goto execute 

<WORKSPACE>>set CLASSPATH=<WORKSPACE>\\gradle\wrapper\gradle-wrapper.jar 

<WORKSPACE>>"D:\Java\jdk-21/bin/java.exe" "-Xmx64m" "-Xms64m"   "-Dorg.gradle.appname=gradlew" -classpath "<WORKSPACE>\\gradle\wrapper\gradle-wrapper.jar" org.gradle.wrapper.GradleWrapperMain cleanTest qualityGate --no-daemon 
To honour the JVM settings for this build a single-use Daemon process will be forked. For more on this, please refer to https://docs.gradle.org/9.1.0/userguide/gradle_daemon.html#sec:disabling_the_daemon in the Gradle documentation.
Daemon will be stopped at the end of the build 
> Task :cleanTest UP-TO-DATE
> Task :acc:cleanTest
> Task :adm:cleanTest
> Task :bat:cleanTest
> Task :bizadm:cleanTest
> Task :cmn:cleanTest
> Task :exs:cleanTest
> Task :mbr:cleanTest
> Task :pfw:cleanTest
> Task :xyz:cleanTest

> Task :checkArchitectureOwnership
Architecture ownership scan statusCode=NEEDS_REVIEW failures=0 warnings=2 evidence=<WORKSPACE>\specs\evidence\20260714_01\architecture-ownership-scan.sanitized.json
REVIEW [CMN_PFW_PORT_MIGRATION_CANDIDATE] cmn/src/main/java/cpf/cmn/fle/service/CmnFileExchangeService.java
REVIEW [CMN_PFW_PORT_MIGRATION_CANDIDATE] cmn/src/main/java/cpf/cmn/mqe/service/CmnMessageBridgeService.java

> Task :checkCpfRequestProtection
CPF request protection check passed.

> Task :checkDeployEnv
> Task :checkDeployInventory

> Task :checkRuntimeConfigStandard
runtime config standard check passed: <WORKSPACE>\specs\evidence\20260714_01

> Task :checkSampleCoverage
Sample coverage status=DONE samples=47 matrix=47 evidence=<WORKSPACE>\specs\evidence\20260714_01\sample-coverage-result.sanitized.json

> Task :pfw:compileJava UP-TO-DATE
WARNING: A terminally deprecated method in sun.misc.Unsafe has been called
WARNING: sun.misc.Unsafe::objectFieldOffset has been called by lombok.permit.Permit
WARNING: Please consider reporting this to the maintainers of class lombok.permit.Permit
WARNING: sun.misc.Unsafe::objectFieldOffset will be removed in a future release
> Task :cmn:compileJava
> Task :acc:compileJava
> Task :acc:processResources
> Task :acc:classes
> Task :acc:resolveMainClassName
> Task :cmn:processResources
> Task :cmn:classes
> Task :cmn:jar
> Task :pfw:processResources UP-TO-DATE
> Task :pfw:classes UP-TO-DATE
> Task :pfw:jar
> Task :acc:bootJar
> Task :checkPackagedDependencies
> Task :remoteDeployDryRun

> Task :checkEvidencePathExistence
evidence path existence check passed: <WORKSPACE>\specs\evidence\20260714_01

> Task :checkFeatureEvidence
Feature evidence check passed.

> Task :checkHtmlDocs
HTML docs check passed.

> Task :checkJavaFormat
Java format check passed.

> Task :checkLegacyName
Legacy name marker check passed.

> Task :checkLogManagementStandard
Log management standard check passed.

> Task :checkMojibake
UTF-8 check passed.

> Task :checkOpenApiSourceCoverage
OpenAPI explicit operationId status=DONE mappings=297 explicit=319 modified=0 evidence=<WORKSPACE>\specs\evidence\20260714_01\openapi-source-coverage.sanitized.json

> Task :checkProfileLoading
Profile loading check status=DONE failures=0 evidence=<WORKSPACE>\specs\evidence\20260714_01\profile-loading-result.sanitized.json

> Task :checkReportMatrixEvidenceConsistency
Report, feature matrix, and evidence index consistency check passed.

> Task :checkSampleStandard
Sample and hardcoding standard check passed.

> Task :checkSecuritySeedStandard
Security seed standard check passed.

> Task :checkServiceCallBoundary
Service call boundary scan passed.

> Task :checkSpringEventUsage
Spring Event usage scan statusCode=DONE allowed=5 review=0 forbidden=0 evidence=<WORKSPACE>\specs\evidence\20260714_01\spring-event-usage-scan.sanitized.json

> Task :checkSqlStandard
SQL standard check passed.

> Task :checkTransactionIdStandard
Transaction ID standard check passed.

> Task :checkUtf8
UTF-8 check passed.
Run with -CheckMojibake to also fail on common mojibake markers.

> Task :acc:compileTestJava
> Task :acc:processTestResources NO-SOURCE
> Task :acc:testClasses
WARNING: A terminally deprecated method in sun.misc.Unsafe has been called
WARNING: sun.misc.Unsafe::allocateMemory has been called by io.netty.util.internal.PlatformDependent0$2 (file:/C:/Users/11096/.gradle/caches/modules-2/files-2.1/io.netty/netty-common/4.1.130.Final/d4a1809fd03b560c82f7e35228e524fed96926f3/netty-common-4.1.130.Final.jar)
WARNING: Please consider reporting this to the maintainers of class io.netty.util.internal.PlatformDependent0$2
WARNING: sun.misc.Unsafe::allocateMemory will be removed in a future release
OpenJDK 64-Bit Server VM warning: Sharing is only supported for boot loader classes because bootstrap classpath has been appended
> Task :acc:test

2026-07-14T12:36:59.430+09:00 level=DEBUG environment=local runtimeModule=ACC instance=acc-local-01 thread=SpringApplicationShutdownHook transactionId= transactionGlobalId= traceId= segmentId= logger=o.s.w.c.s.GenericWebApplicationContext message=Closing org.springframework.web.context.support.GenericWebApplicationContext@396639b, started on Tue Jul 14 12:36:28 KST 2026 exception=
2026-07-14T12:37:00.022+09:00 level=WARN  environment=local runtimeModule=ACC instance=acc-local-01 thread=scheduling-1 transactionId= transactionGlobalId= traceId= segmentId= logger=c.c.r.service.CacheRefreshEventListener message=CMN cache refresh event polling skipped. reason=\n### Error querying database.  Cause: org.springframework.jdbc.CannotGetJdbcConnectionException: Failed to obtain JDBC Connection\n### The error may exist in class path resource [mybatis/mapper/cmn/ref/CacheRefreshEventMapper.xml]\n### The error may involve cpf.cmn.ref.mapper.CacheRefreshEventMapper.findEventsAfter\n### The error occurred while executing a query\n### Cause: org.springframework.jdbc.CannotGetJdbcConnectionException: Failed to obtain JDBC Connection exception=
2026-07-14T12:37:02.146+09:00 level=DEBUG environment=local runtimeModule=ACC instance=acc-local-01 thread=SpringApplicationShutdownHook transactionId= transactionGlobalId= traceId= segmentId= logger=o.s.w.c.s.GenericWebApplicationContext message=Closing org.springframework.web.context.support.GenericWebApplicationContext@4d099a37, started on Tue Jul 14 12:36:40 KST 2026 exception=

> Task :adm:compileJava
> Task :adm:processResources
> Task :adm:classes
> Task :adm:compileTestJava
> Task :adm:processTestResources NO-SOURCE
> Task :adm:testClasses
OpenJDK 64-Bit Server VM warning: Sharing is only supported for boot loader classes because bootstrap classpath has been appended
WARNING: A terminally deprecated method in sun.misc.Unsafe has been called
WARNING: sun.misc.Unsafe::objectFieldOffset has been called by net.bytebuddy.dynamic.loading.ClassInjector$UsingUnsafe$Dispatcher$CreationAction (file:/C:/Users/11096/.gradle/caches/modules-2/files-2.1/net.bytebuddy/byte-buddy/1.18.7/8d80cadfcb9dfe1c9a04cc5c3064b4625bba9fa/byte-buddy-1.18.7.jar)
WARNING: Please consider reporting this to the maintainers of class net.bytebuddy.dynamic.loading.ClassInjector$UsingUnsafe$Dispatcher$CreationAction
WARNING: sun.misc.Unsafe::objectFieldOffset will be removed in a future release
> Task :adm:test
> Task :bat:compileJava
> Task :bat:processResources
> Task :bat:classes
> Task :bat:compileTestJava
> Task :bat:processTestResources NO-SOURCE
> Task :bat:testClasses
OpenJDK 64-Bit Server VM warning: Sharing is only supported for boot loader classes because bootstrap classpath has been appended
WARNING: A terminally deprecated method in sun.misc.Unsafe has been called
WARNING: sun.misc.Unsafe::objectFieldOffset has been called by net.bytebuddy.dynamic.loading.ClassInjector$UsingUnsafe$Dispatcher$CreationAction (file:/C:/Users/11096/.gradle/caches/modules-2/files-2.1/net.bytebuddy/byte-buddy/1.18.7/8d80cadfcb9dfe1c9a04cc5c3064b4625bba9fa/byte-buddy-1.18.7.jar)
WARNING: Please consider reporting this to the maintainers of class net.bytebuddy.dynamic.loading.ClassInjector$UsingUnsafe$Dispatcher$CreationAction
WARNING: sun.misc.Unsafe::objectFieldOffset will be removed in a future release
> Task :bat:test
> Task :bizadm:compileJava
> Task :bizadm:processResources
> Task :bizadm:classes
> Task :bizadm:compileTestJava
> Task :bizadm:processTestResources NO-SOURCE
> Task :bizadm:testClasses
OpenJDK 64-Bit Server VM warning: Sharing is only supported for boot loader classes because bootstrap classpath has been appended
WARNING: A terminally deprecated method in sun.misc.Unsafe has been called
WARNING: sun.misc.Unsafe::objectFieldOffset has been called by net.bytebuddy.dynamic.loading.ClassInjector$UsingUnsafe$Dispatcher$CreationAction (file:/C:/Users/11096/.gradle/caches/modules-2/files-2.1/net.bytebuddy/byte-buddy/1.18.7/8d80cadfcb9dfe1c9a04cc5c3064b4625bba9fa/byte-buddy-1.18.7.jar)
WARNING: Please consider reporting this to the maintainers of class net.bytebuddy.dynamic.loading.ClassInjector$UsingUnsafe$Dispatcher$CreationAction
WARNING: sun.misc.Unsafe::objectFieldOffset will be removed in a future release
> Task :bizadm:test
> Task :cmn:compileTestJava
> Task :cmn:processTestResources NO-SOURCE
> Task :cmn:testClasses
> Task :cmn:test
> Task :exs:compileJava
> Task :exs:processResources
> Task :exs:classes
> Task :exs:compileTestJava
> Task :exs:processTestResources NO-SOURCE
> Task :exs:testClasses
OpenJDK 64-Bit Server VM warning: Sharing is only supported for boot loader classes because bootstrap classpath has been appended
WARNING: A terminally deprecated method in sun.misc.Unsafe has been called
WARNING: sun.misc.Unsafe::objectFieldOffset has been called by net.bytebuddy.dynamic.loading.ClassInjector$UsingUnsafe$Dispatcher$CreationAction (file:/C:/Users/11096/.gradle/caches/modules-2/files-2.1/net.bytebuddy/byte-buddy/1.18.7/8d80cadfcb9dfe1c9a04cc5c3064b4625bba9fa/byte-buddy-1.18.7.jar)
WARNING: Please consider reporting this to the maintainers of class net.bytebuddy.dynamic.loading.ClassInjector$UsingUnsafe$Dispatcher$CreationAction
WARNING: sun.misc.Unsafe::objectFieldOffset will be removed in a future release
> Task :exs:test
> Task :mbr:compileJava
> Task :mbr:processResources
> Task :mbr:classes
> Task :mbr:compileTestJava
> Task :mbr:processTestResources NO-SOURCE
> Task :mbr:testClasses
OpenJDK 64-Bit Server VM warning: Sharing is only supported for boot loader classes because bootstrap classpath has been appended
WARNING: A terminally deprecated method in sun.misc.Unsafe has been called
WARNING: sun.misc.Unsafe::objectFieldOffset has been called by net.bytebuddy.dynamic.loading.ClassInjector$UsingUnsafe$Dispatcher$CreationAction (file:/C:/Users/11096/.gradle/caches/modules-2/files-2.1/net.bytebuddy/byte-buddy/1.18.7/8d80cadfcb9dfe1c9a04cc5c3064b4625bba9fa/byte-buddy-1.18.7.jar)
WARNING: Please consider reporting this to the maintainers of class net.bytebuddy.dynamic.loading.ClassInjector$UsingUnsafe$Dispatcher$CreationAction
WARNING: sun.misc.Unsafe::objectFieldOffset will be removed in a future release
2026-07-14T12:39:53.101+09:00 level=DEBUG environment=local runtimeModule=MBR instance=mbr-local-01 thread=SpringApplicationShutdownHook transactionId= transactionGlobalId= traceId= segmentId= logger=o.s.w.c.s.GenericWebApplicationContext message=Closing org.springframework.web.context.support.GenericWebApplicationContext@581c9bb7, started on Tue Jul 14 12:39:27 KST 2026 exception=
2026-07-14T12:39:53.153+09:00 level=DEBUG environment=local runtimeModule=MBR instance=mbr-local-01 thread=SpringApplicationShutdownHook transactionId= transactionGlobalId= traceId= segmentId= logger=o.s.w.c.s.GenericWebApplicationContext message=Closing org.springframework.web.context.support.GenericWebApplicationContext@2adb532c, started on Tue Jul 14 12:39:43 KST 2026 exception=
> Task :mbr:test
> Task :pfw:compileTestJava UP-TO-DATE
> Task :pfw:processTestResources NO-SOURCE
> Task :pfw:testClasses UP-TO-DATE
OpenJDK 64-Bit Server VM warning: Sharing is only supported for boot loader classes because bootstrap classpath has been appended
WARNING: A terminally deprecated method in sun.misc.Unsafe has been called
WARNING: sun.misc.Unsafe::objectFieldOffset has been called by net.bytebuddy.dynamic.loading.ClassInjector$UsingUnsafe$Dispatcher$CreationAction (file:/C:/Users/11096/.gradle/caches/modules-2/files-2.1/net.bytebuddy/byte-buddy/1.18.7/8d80cadfcb9dfe1c9a04cc5c3064b4625bba9fa/byte-buddy-1.18.7.jar)
WARNING: Please consider reporting this to the maintainers of class net.bytebuddy.dynamic.loading.ClassInjector$UsingUnsafe$Dispatcher$CreationAction
WARNING: sun.misc.Unsafe::objectFieldOffset will be removed in a future release
> Task :pfw:test
> Task :xyz:compileJava
> Task :xyz:processResources
> Task :xyz:classes
> Task :xyz:compileTestJava
> Task :xyz:processTestResources
> Task :xyz:testClasses
OpenJDK 64-Bit Server VM warning: Sharing is only supported for boot loader classes because bootstrap classpath has been appended
WARNING: A terminally deprecated method in sun.misc.Unsafe has been called
WARNING: sun.misc.Unsafe::objectFieldOffset has been called by net.bytebuddy.dynamic.loading.ClassInjector$UsingUnsafe$Dispatcher$CreationAction (file:/C:/Users/11096/.gradle/caches/modules-2/files-2.1/net.bytebuddy/byte-buddy/1.18.7/8d80cadfcb9dfe1c9a04cc5c3064b4625bba9fa/byte-buddy-1.18.7.jar)
WARNING: Please consider reporting this to the maintainers of class net.bytebuddy.dynamic.loading.ClassInjector$UsingUnsafe$Dispatcher$CreationAction
WARNING: sun.misc.Unsafe::objectFieldOffset will be removed in a future release
> Task :xyz:test
> Task :qualityGate

[Incubating] Problems report is available at: file:///D:/WORK_CPF/202412_01_CPF/build/reports/problems/problems-report.html

Deprecated Gradle features were used in this build, making it incompatible with Gradle 10.

You can use '--warning-mode all' to show the individual deprecation warnings and determine if they come from your own scripts or plugins.

For more on this, please refer to https://docs.gradle.org/9.1.0/userguide/command_line_interface.html#sec:command_line_warnings in the Gradle documentation.

BUILD SUCCESSFUL in 6m 33s
76 actionable tasks: 72 executed, 4 up-to-date

<WORKSPACE>>if 0 EQU 0 goto mainEnd 

<WORKSPACE>>if "Windows_NT" == "Windows_NT" endlocal
