CPF_EVIDENCE_VERSION=1
EVIDENCE_ID=CPF-SEVEN-BOOTJAR-GRADLE910-JAVA25-20260714
STATUS=완료
EXECUTED_AT=2026-07-14T12:46:13.4426834+09:00
START_COMMIT=fb6b17850aa915c8ff0db034833e2fe1343fc322
BRANCH=master
COMMAND=gradlew.bat :acc:bootJar :adm:bootJar :bat:bootJar :bizadm:bootJar :exs:bootJar :mbr:bootJar :xyz:bootJar --no-daemon
EXIT_CODE=0
JAVA_VERSION=openjdk 25.0.3 2026-04-21 LTS
GRADLE_VERSION=9.1.0
PROFILE=local
SANITIZED=Y
SECRET_SCAN=PASS
TESTS=0
FAILURES=0
ERRORS=0
SKIPPED=0
REASON=
REPRODUCE_COMMAND=
LOG_SHA256=527787494a860e40503b3229950763de7f601e75bf3459ebb75df9cacd2a3746
--- SANITIZED_OUTPUT ---

<WORKSPACE>>if "Windows_NT" == "Windows_NT" setlocal

<WORKSPACE>>set DIRNAME=<WORKSPACE>\ 

<WORKSPACE>>if "<WORKSPACE>\" == "" set DIRNAME=. 

<WORKSPACE>>set APP_BASE_NAME=gradlew 

<WORKSPACE>>set APP_HOME=<WORKSPACE>\ 

<WORKSPACE>>for %i in ("<WORKSPACE>\") do set APP_HOME=%~fi 

<WORKSPACE>>set APP_HOME=<WORKSPACE>\ 

<WORKSPACE>>set DEFAULT_JVM_OPTS="-Xmx64m" "-Xms64m" 

<WORKSPACE>>if defined JAVA_HOME goto findJavaFromJavaHome 

<WORKSPACE>>set JAVA_HOME=D:\Java\jdk-25.0.3.9-hotspot 

<WORKSPACE>>set JAVA_EXE=D:\Java\jdk-25.0.3.9-hotspot/bin/java.exe 

<WORKSPACE>>if exist "D:\Java\jdk-25.0.3.9-hotspot/bin/java.exe" goto execute 

<WORKSPACE>>set CLASSPATH=<WORKSPACE>\\gradle\wrapper\gradle-wrapper.jar 

<WORKSPACE>>"D:\Java\jdk-25.0.3.9-hotspot/bin/java.exe" "-Xmx64m" "-Xms64m"   "-Dorg.gradle.appname=gradlew" -classpath "<WORKSPACE>\\gradle\wrapper\gradle-wrapper.jar" org.gradle.wrapper.GradleWrapperMain :acc:bootJar :adm:bootJar :bat:bootJar :bizadm:bootJar :exs:bootJar :mbr:bootJar :xyz:bootJar --no-daemon 
WARNING: A restricted method in java.lang.System has been called
WARNING: java.lang.System::load has been called by net.rubygrapefruit.platform.internal.NativeLibraryLoader in an unnamed module (file:/C:/Users/11096/.gradle/wrapper/dists/gradle-9.1.0-bin/9agqghryom9wkf8r80qlhnts3/gradle-9.1.0/lib/native-platform-0.22-milestone-28.jar)
WARNING: Use --enable-native-access=ALL-UNNAMED to avoid a warning for callers in this module
WARNING: Restricted methods will be blocked in a future release unless native access is enabled

To honour the JVM settings for this build a single-use Daemon process will be forked. For more on this, please refer to https://docs.gradle.org/9.1.0/userguide/gradle_daemon.html#sec:disabling_the_daemon in the Gradle documentation.
Daemon will be stopped at the end of the build 
> Task :pfw:compileJava UP-TO-DATE
> Task :cmn:compileJava UP-TO-DATE
> Task :acc:compileJava UP-TO-DATE
> Task :acc:processResources UP-TO-DATE
> Task :acc:classes UP-TO-DATE
> Task :acc:resolveMainClassName UP-TO-DATE
> Task :cmn:processResources UP-TO-DATE
> Task :cmn:classes UP-TO-DATE
> Task :cmn:jar UP-TO-DATE
> Task :pfw:processResources UP-TO-DATE
> Task :pfw:classes UP-TO-DATE
> Task :pfw:jar UP-TO-DATE
> Task :acc:bootJar UP-TO-DATE
> Task :adm:compileJava UP-TO-DATE
> Task :adm:processResources UP-TO-DATE
> Task :adm:classes UP-TO-DATE
> Task :adm:resolveMainClassName
> Task :adm:bootJar
> Task :bat:compileJava UP-TO-DATE
> Task :bat:processResources UP-TO-DATE
> Task :bat:classes UP-TO-DATE
> Task :bat:resolveMainClassName
> Task :bat:bootJar
> Task :bizadm:compileJava UP-TO-DATE
> Task :bizadm:processResources UP-TO-DATE
> Task :bizadm:classes UP-TO-DATE
> Task :bizadm:resolveMainClassName
> Task :bizadm:bootJar
> Task :exs:compileJava UP-TO-DATE
> Task :exs:processResources UP-TO-DATE
> Task :exs:classes UP-TO-DATE
> Task :exs:resolveMainClassName
> Task :exs:bootJar
> Task :mbr:compileJava UP-TO-DATE
> Task :mbr:processResources UP-TO-DATE
> Task :mbr:classes UP-TO-DATE
> Task :mbr:resolveMainClassName
> Task :mbr:bootJar
> Task :xyz:compileJava UP-TO-DATE
> Task :xyz:processResources UP-TO-DATE
> Task :xyz:classes UP-TO-DATE
> Task :xyz:resolveMainClassName
> Task :xyz:bootJar

BUILD SUCCESSFUL in 49s
34 actionable tasks: 12 executed, 22 up-to-date
Consider enabling configuration cache to speed up this build: https://docs.gradle.org/9.1.0/userguide/configuration_cache_enabling.html

<WORKSPACE>>if 0 EQU 0 goto mainEnd 

<WORKSPACE>>if "Windows_NT" == "Windows_NT" endlocal
