CPF_EVIDENCE_VERSION=1
EVIDENCE_ID=CPF-STATIC-GATES-20260714
STATUS=완료
EXECUTED_AT=2026-07-14T11:51:49.2952977+09:00
START_COMMIT=fb6b17850aa915c8ff0db034833e2fe1343fc322
BRANCH=master
COMMAND=.\gradlew.bat checkUtf8 checkMojibake checkLegacyName checkSqlStandard checkJavaFormat checkTransactionIdStandard checkSecuritySeedStandard checkSampleStandard checkCpfRequestProtection checkServiceCallBoundary checkArchitectureOwnership checkSpringEventUsage checkProfileLoading checkRuntimeConfigStandard checkLogManagementStandard checkOpenApiSourceCoverage checkSampleCoverage --no-daemon
EXIT_CODE=0
JAVA_VERSION=java 21.0.7 2025-04-15 LTS
GRADLE_VERSION=8.11.1
PROFILE=local
SANITIZED=Y
SECRET_SCAN=PASS
TESTS=0
FAILURES=0
ERRORS=0
SKIPPED=0
REASON=
REPRODUCE_COMMAND=
LOG_SHA256=b1eed4727d0b4682e03b16efec15cf221bbe786b9aa9f2eaa2b67a600c6b312c
--- SANITIZED_OUTPUT ---

<WORKSPACE>>if "Windows_NT" == "Windows_NT" setlocal

<WORKSPACE>>set DIRNAME=<WORKSPACE>\ 

<WORKSPACE>>if "<WORKSPACE>\" == "" set DIRNAME=. 

<WORKSPACE>>set APP_BASE_NAME=gradlew 

<WORKSPACE>>set APP_HOME=<WORKSPACE>\ 

<WORKSPACE>>for %i in ("<WORKSPACE>\") do set APP_HOME=%~fi 

<WORKSPACE>>set APP_HOME=<WORKSPACE>\ 

<WORKSPACE>>set DEFAULT_JVM_OPTS="-Xmx64m" "-Xms64m" 

<WORKSPACE>>if defined JAVA_HOME goto findJavaFromJavaHome 

<WORKSPACE>>set JAVA_HOME=D:\Java\jdk-21 

<WORKSPACE>>set JAVA_EXE=D:\Java\jdk-21/bin/java.exe 

<WORKSPACE>>if exist "D:\Java\jdk-21/bin/java.exe" goto execute 

<WORKSPACE>>set CLASSPATH=<WORKSPACE>\\gradle\wrapper\gradle-wrapper.jar 

<WORKSPACE>>"D:\Java\jdk-21/bin/java.exe" "-Xmx64m" "-Xms64m"   "-Dorg.gradle.appname=gradlew" -classpath "<WORKSPACE>\\gradle\wrapper\gradle-wrapper.jar" org.gradle.wrapper.GradleWrapperMain checkUtf8 checkMojibake checkLegacyName checkSqlStandard checkJavaFormat checkTransactionIdStandard checkSecuritySeedStandard checkSampleStandard checkCpfRequestProtection checkServiceCallBoundary checkArchitectureOwnership checkSpringEventUsage checkProfileLoading checkRuntimeConfigStandard checkLogManagementStandard checkOpenApiSourceCoverage checkSampleCoverage --no-daemon 
To honour the JVM settings for this build a single-use Daemon process will be forked. For more on this, please refer to https://docs.gradle.org/8.11.1/userguide/gradle_daemon.html#sec:disabling_the_daemon in the Gradle documentation.
Daemon will be stopped at the end of the build 

> Task :checkUtf8
UTF-8 check passed.
Run with -CheckMojibake to also fail on common mojibake markers.

> Task :checkMojibake
UTF-8 check passed.

> Task :checkLegacyName
Legacy name marker check passed.

> Task :checkSqlStandard
SQL standard check passed.

> Task :checkJavaFormat
Java format check passed.

> Task :checkTransactionIdStandard
Transaction ID standard check passed.

> Task :checkSecuritySeedStandard
Security seed standard check passed.

> Task :checkSampleStandard
Sample and hardcoding standard check passed.

> Task :checkCpfRequestProtection
CPF request protection check passed.

> Task :checkServiceCallBoundary
Service call boundary scan passed.

> Task :checkArchitectureOwnership
Architecture ownership scan statusCode=NEEDS_REVIEW failures=0 warnings=2 evidence=<WORKSPACE>\specs\evidence\20260714_01\architecture-ownership-scan.sanitized.json
REVIEW [CMN_PFW_PORT_MIGRATION_CANDIDATE] cmn/src/main/java/cpf/cmn/fle/service/CmnFileExchangeService.java
REVIEW [CMN_PFW_PORT_MIGRATION_CANDIDATE] cmn/src/main/java/cpf/cmn/mqe/service/CmnMessageBridgeService.java

> Task :checkSpringEventUsage
Spring Event usage scan statusCode=DONE allowed=5 review=0 forbidden=0 evidence=<WORKSPACE>\specs\evidence\20260714_01\spring-event-usage-scan.sanitized.json

> Task :checkProfileLoading
Profile loading check status=DONE failures=0 evidence=<WORKSPACE>\specs\evidence\20260714_01\profile-loading-result.sanitized.json

> Task :checkRuntimeConfigStandard
runtime config standard check passed: <WORKSPACE>\specs\evidence\20260714_01

> Task :checkLogManagementStandard
Log management standard check passed.

> Task :checkOpenApiSourceCoverage
OpenAPI explicit operationId status=DONE mappings=297 explicit=319 modified=0 evidence=<WORKSPACE>\specs\evidence\20260714_01\openapi-source-coverage.sanitized.json

> Task :checkSampleCoverage
Sample coverage status=DONE samples=47 matrix=47 evidence=<WORKSPACE>\specs\evidence\20260714_01\sample-coverage-result.sanitized.json

BUILD SUCCESSFUL in 46s
17 actionable tasks: 17 executed

<WORKSPACE>>if 0 EQU 0 goto mainEnd 

<WORKSPACE>>if "Windows_NT" == "Windows_NT" endlocal
