2026-07-08 00:08:42.607 [INFO ] [scheduling-1] [c.c.msg.service.MessageCacheService] [TranId: ] [BizTranId: ] [TraceId: ] [SpanId: ] [DynLevel: ] - Scheduled cache reload triggered
2026-07-08 00:08:42.618 [INFO ] [scheduling-1] [c.c.msg.service.MessageCacheService] [TranId: ] [BizTranId: ] [TraceId: ] [SpanId: ] [DynLevel: ] - Cache Refresh: Clearing message cache and fetching updated messages from database
2026-07-08 00:08:42.624 [INFO ] [scheduling-1] [c.c.m.s.ResponseCodeCacheService] [TranId: ] [BizTranId: ] [TraceId: ] [SpanId: ] [DynLevel: ] - Cache Refresh: Clearing response code cache and fetching updated values
2026-07-08 00:08:42.628 [INFO ] [scheduling-1] [c.cmn.cde.service.CodeCacheService] [TranId: ] [BizTranId: ] [TraceId: ] [SpanId: ] [DynLevel: ] - Scheduled cache reload triggered
2026-07-08 00:08:42.629 [INFO ] [scheduling-1] [c.cmn.cde.service.CodeCacheService] [TranId: ] [BizTranId: ] [TraceId: ] [SpanId: ] [DynLevel: ] - Cache Refresh: Clearing code cache and fetching updated codes from database
2026-07-08 00:08:42.635 [INFO ] [scheduling-1] [c.cmn.cfg.service.ConfigCacheService] [TranId: ] [BizTranId: ] [TraceId: ] [SpanId: ] [DynLevel: ] - Scheduled config cache reload triggered
2026-07-08 00:08:42.636 [INFO ] [scheduling-1] [c.cmn.cfg.service.ConfigCacheService] [TranId: ] [BizTranId: ] [TraceId: ] [SpanId: ] [DynLevel: ] - Cache Refresh: Clearing config cache and fetching updated configs from database
2026-07-08 00:38:42.607 [INFO ] [scheduling-1] [c.c.msg.service.MessageCacheService] [TranId: ] [BizTranId: ] [TraceId: ] [SpanId: ] [DynLevel: ] - Scheduled cache reload triggered
2026-07-08 00:38:42.609 [INFO ] [scheduling-1] [c.c.msg.service.MessageCacheService] [TranId: ] [BizTranId: ] [TraceId: ] [SpanId: ] [DynLevel: ] - Cache Refresh: Clearing message cache and fetching updated messages from database
2026-07-08 00:38:42.620 [INFO ] [scheduling-1] [c.c.m.s.ResponseCodeCacheService] [TranId: ] [BizTranId: ] [TraceId: ] [SpanId: ] [DynLevel: ] - Cache Refresh: Clearing response code cache and fetching updated values
2026-07-08 00:38:42.627 [INFO ] [scheduling-1] [c.cmn.cde.service.CodeCacheService] [TranId: ] [BizTranId: ] [TraceId: ] [SpanId: ] [DynLevel: ] - Scheduled cache reload triggered
2026-07-08 00:38:42.628 [INFO ] [scheduling-1] [c.cmn.cde.service.CodeCacheService] [TranId: ] [BizTranId: ] [TraceId: ] [SpanId: ] [DynLevel: ] - Cache Refresh: Clearing code cache and fetching updated codes from database
2026-07-08 00:38:42.636 [INFO ] [scheduling-1] [c.cmn.cfg.service.ConfigCacheService] [TranId: ] [BizTranId: ] [TraceId: ] [SpanId: ] [DynLevel: ] - Scheduled config cache reload triggered
2026-07-08 00:38:42.637 [INFO ] [scheduling-1] [c.cmn.cfg.service.ConfigCacheService] [TranId: ] [BizTranId: ] [TraceId: ] [SpanId: ] [DynLevel: ] - Cache Refresh: Clearing config cache and fetching updated configs from database
2026-07-08 01:08:42.597 [INFO ] [scheduling-1] [c.c.msg.service.MessageCacheService] [TranId: ] [BizTranId: ] [TraceId: ] [SpanId: ] [DynLevel: ] - Scheduled cache reload triggered
2026-07-08 01:08:42.606 [INFO ] [scheduling-1] [c.c.msg.service.MessageCacheService] [TranId: ] [BizTranId: ] [TraceId: ] [SpanId: ] [DynLevel: ] - Cache Refresh: Clearing message cache and fetching updated messages from database
2026-07-08 01:08:42.615 [INFO ] [scheduling-1] [c.c.m.s.ResponseCodeCacheService] [TranId: ] [BizTranId: ] [TraceId: ] [SpanId: ] [DynLevel: ] - Cache Refresh: Clearing response code cache and fetching updated values
2026-07-08 01:08:42.619 [INFO ] [scheduling-1] [c.cmn.cde.service.CodeCacheService] [TranId: ] [BizTranId: ] [TraceId: ] [SpanId: ] [DynLevel: ] - Scheduled cache reload triggered
2026-07-08 01:08:42.620 [INFO ] [scheduling-1] [c.cmn.cde.service.CodeCacheService] [TranId: ] [BizTranId: ] [TraceId: ] [SpanId: ] [DynLevel: ] - Cache Refresh: Clearing code cache and fetching updated codes from database
2026-07-08 01:08:42.625 [INFO ] [scheduling-1] [c.cmn.cfg.service.ConfigCacheService] [TranId: ] [BizTranId: ] [TraceId: ] [SpanId: ] [DynLevel: ] - Scheduled config cache reload triggered
2026-07-08 01:08:42.626 [INFO ] [scheduling-1] [c.cmn.cfg.service.ConfigCacheService] [TranId: ] [BizTranId: ] [TraceId: ] [SpanId: ] [DynLevel: ] - Cache Refresh: Clearing config cache and fetching updated configs from database
2026-07-08 01:38:42.605 [INFO ] [scheduling-1] [c.c.msg.service.MessageCacheService] [TranId: ] [BizTranId: ] [TraceId: ] [SpanId: ] [DynLevel: ] - Scheduled cache reload triggered
2026-07-08 01:38:42.613 [INFO ] [scheduling-1] [c.c.msg.service.MessageCacheService] [TranId: ] [BizTranId: ] [TraceId: ] [SpanId: ] [DynLevel: ] - Cache Refresh: Clearing message cache and fetching updated messages from database
2026-07-08 01:38:42.624 [INFO ] [scheduling-1] [c.c.m.s.ResponseCodeCacheService] [TranId: ] [BizTranId: ] [TraceId: ] [SpanId: ] [DynLevel: ] - Cache Refresh: Clearing response code cache and fetching updated values
2026-07-08 01:38:42.636 [INFO ] [scheduling-1] [c.cmn.cde.service.CodeCacheService] [TranId: ] [BizTranId: ] [TraceId: ] [SpanId: ] [DynLevel: ] - Scheduled cache reload triggered
2026-07-08 01:38:42.636 [INFO ] [scheduling-1] [c.cmn.cde.service.CodeCacheService] [TranId: ] [BizTranId: ] [TraceId: ] [SpanId: ] [DynLevel: ] - Cache Refresh: Clearing code cache and fetching updated codes from database
2026-07-08 01:38:42.641 [INFO ] [scheduling-1] [c.cmn.cfg.service.ConfigCacheService] [TranId: ] [BizTranId: ] [TraceId: ] [SpanId: ] [DynLevel: ] - Scheduled config cache reload triggered
2026-07-08 01:38:42.641 [INFO ] [scheduling-1] [c.cmn.cfg.service.ConfigCacheService] [TranId: ] [BizTranId: ] [TraceId: ] [SpanId: ] [DynLevel: ] - Cache Refresh: Clearing config cache and fetching updated configs from database
2026-07-08 02:08:42.594 [INFO ] [scheduling-1] [c.c.msg.service.MessageCacheService] [TranId: ] [BizTranId: ] [TraceId: ] [SpanId: ] [DynLevel: ] - Scheduled cache reload triggered
2026-07-08 02:08:42.605 [INFO ] [scheduling-1] [c.c.msg.service.MessageCacheService] [TranId: ] [BizTranId: ] [TraceId: ] [SpanId: ] [DynLevel: ] - Cache Refresh: Clearing message cache and fetching updated messages from database
2026-07-08 02:08:42.610 [INFO ] [scheduling-1] [c.c.m.s.ResponseCodeCacheService] [TranId: ] [BizTranId: ] [TraceId: ] [SpanId: ] [DynLevel: ] - Cache Refresh: Clearing response code cache and fetching updated values
2026-07-08 02:08:42.615 [INFO ] [scheduling-1] [c.cmn.cde.service.CodeCacheService] [TranId: ] [BizTranId: ] [TraceId: ] [SpanId: ] [DynLevel: ] - Scheduled cache reload triggered
2026-07-08 02:08:42.616 [INFO ] [scheduling-1] [c.cmn.cde.service.CodeCacheService] [TranId: ] [BizTranId: ] [TraceId: ] [SpanId: ] [DynLevel: ] - Cache Refresh: Clearing code cache and fetching updated codes from database
2026-07-08 02:08:42.621 [INFO ] [scheduling-1] [c.cmn.cfg.service.ConfigCacheService] [TranId: ] [BizTranId: ] [TraceId: ] [SpanId: ] [DynLevel: ] - Scheduled config cache reload triggered
2026-07-08 02:08:42.621 [INFO ] [scheduling-1] [c.cmn.cfg.service.ConfigCacheService] [TranId: ] [BizTranId: ] [TraceId: ] [SpanId: ] [DynLevel: ] - Cache Refresh: Clearing config cache and fetching updated configs from database
2026-07-08 02:38:42.598 [INFO ] [scheduling-1] [c.c.msg.service.MessageCacheService] [TranId: ] [BizTranId: ] [TraceId: ] [SpanId: ] [DynLevel: ] - Scheduled cache reload triggered
2026-07-08 02:38:42.599 [INFO ] [scheduling-1] [c.c.msg.service.MessageCacheService] [TranId: ] [BizTranId: ] [TraceId: ] [SpanId: ] [DynLevel: ] - Cache Refresh: Clearing message cache and fetching updated messages from database
2026-07-08 02:38:42.603 [INFO ] [scheduling-1] [c.c.m.s.ResponseCodeCacheService] [TranId: ] [BizTranId: ] [TraceId: ] [SpanId: ] [DynLevel: ] - Cache Refresh: Clearing response code cache and fetching updated values
2026-07-08 02:38:42.607 [INFO ] [scheduling-1] [c.cmn.cde.service.CodeCacheService] [TranId: ] [BizTranId: ] [TraceId: ] [SpanId: ] [DynLevel: ] - Scheduled cache reload triggered
2026-07-08 02:38:42.608 [INFO ] [scheduling-1] [c.cmn.cde.service.CodeCacheService] [TranId: ] [BizTranId: ] [TraceId: ] [SpanId: ] [DynLevel: ] - Cache Refresh: Clearing code cache and fetching updated codes from database
2026-07-08 02:38:42.614 [INFO ] [scheduling-1] [c.cmn.cfg.service.ConfigCacheService] [TranId: ] [BizTranId: ] [TraceId: ] [SpanId: ] [DynLevel: ] - Scheduled config cache reload triggered
2026-07-08 02:38:42.614 [INFO ] [scheduling-1] [c.cmn.cfg.service.ConfigCacheService] [TranId: ] [BizTranId: ] [TraceId: ] [SpanId: ] [DynLevel: ] - Cache Refresh: Clearing config cache and fetching updated configs from database
2026-07-08 03:08:42.596 [INFO ] [scheduling-1] [c.c.msg.service.MessageCacheService] [TranId: ] [BizTranId: ] [TraceId: ] [SpanId: ] [DynLevel: ] - Scheduled cache reload triggered
2026-07-08 03:08:42.605 [INFO ] [scheduling-1] [c.c.msg.service.MessageCacheService] [TranId: ] [BizTranId: ] [TraceId: ] [SpanId: ] [DynLevel: ] - Cache Refresh: Clearing message cache and fetching updated messages from database
2026-07-08 03:08:42.610 [INFO ] [scheduling-1] [c.c.m.s.ResponseCodeCacheService] [TranId: ] [BizTranId: ] [TraceId: ] [SpanId: ] [DynLevel: ] - Cache Refresh: Clearing response code cache and fetching updated values
2026-07-08 03:08:42.613 [INFO ] [scheduling-1] [c.cmn.cde.service.CodeCacheService] [TranId: ] [BizTranId: ] [TraceId: ] [SpanId: ] [DynLevel: ] - Scheduled cache reload triggered
2026-07-08 03:08:42.614 [INFO ] [scheduling-1] [c.cmn.cde.service.CodeCacheService] [TranId: ] [BizTranId: ] [TraceId: ] [SpanId: ] [DynLevel: ] - Cache Refresh: Clearing code cache and fetching updated codes from database
2026-07-08 03:08:42.617 [INFO ] [scheduling-1] [c.cmn.cfg.service.ConfigCacheService] [TranId: ] [BizTranId: ] [TraceId: ] [SpanId: ] [DynLevel: ] - Scheduled config cache reload triggered
2026-07-08 03:08:42.617 [INFO ] [scheduling-1] [c.cmn.cfg.service.ConfigCacheService] [TranId: ] [BizTranId: ] [TraceId: ] [SpanId: ] [DynLevel: ] - Cache Refresh: Clearing config cache and fetching updated configs from database
2026-07-08 03:38:42.603 [INFO ] [scheduling-1] [c.c.msg.service.MessageCacheService] [TranId: ] [BizTranId: ] [TraceId: ] [SpanId: ] [DynLevel: ] - Scheduled cache reload triggered
2026-07-08 03:38:42.604 [INFO ] [scheduling-1] [c.c.msg.service.MessageCacheService] [TranId: ] [BizTranId: ] [TraceId: ] [SpanId: ] [DynLevel: ] - Cache Refresh: Clearing message cache and fetching updated messages from database
2026-07-08 03:38:42.608 [INFO ] [scheduling-1] [c.c.m.s.ResponseCodeCacheService] [TranId: ] [BizTranId: ] [TraceId: ] [SpanId: ] [DynLevel: ] - Cache Refresh: Clearing response code cache and fetching updated values
2026-07-08 03:38:42.615 [INFO ] [scheduling-1] [c.cmn.cde.service.CodeCacheService] [TranId: ] [BizTranId: ] [TraceId: ] [SpanId: ] [DynLevel: ] - Scheduled cache reload triggered
2026-07-08 03:38:42.615 [INFO ] [scheduling-1] [c.cmn.cde.service.CodeCacheService] [TranId: ] [BizTranId: ] [TraceId: ] [SpanId: ] [DynLevel: ] - Cache Refresh: Clearing code cache and fetching updated codes from database
2026-07-08 03:38:42.621 [INFO ] [scheduling-1] [c.cmn.cfg.service.ConfigCacheService] [TranId: ] [BizTranId: ] [TraceId: ] [SpanId: ] [DynLevel: ] - Scheduled config cache reload triggered
2026-07-08 03:38:42.621 [INFO ] [scheduling-1] [c.cmn.cfg.service.ConfigCacheService] [TranId: ] [BizTranId: ] [TraceId: ] [SpanId: ] [DynLevel: ] - Cache Refresh: Clearing config cache and fetching updated configs from database
2026-07-08 04:08:42.728 [INFO ] [scheduling-1] [c.c.msg.service.MessageCacheService] [TranId: ] [BizTranId: ] [TraceId: ] [SpanId: ] [DynLevel: ] - Scheduled cache reload triggered
2026-07-08 04:08:42.735 [INFO ] [scheduling-1] [c.c.msg.service.MessageCacheService] [TranId: ] [BizTranId: ] [TraceId: ] [SpanId: ] [DynLevel: ] - Cache Refresh: Clearing message cache and fetching updated messages from database
2026-07-08 04:08:42.742 [INFO ] [scheduling-1] [c.c.m.s.ResponseCodeCacheService] [TranId: ] [BizTranId: ] [TraceId: ] [SpanId: ] [DynLevel: ] - Cache Refresh: Clearing response code cache and fetching updated values
2026-07-08 04:08:42.745 [INFO ] [scheduling-1] [c.cmn.cde.service.CodeCacheService] [TranId: ] [BizTranId: ] [TraceId: ] [SpanId: ] [DynLevel: ] - Scheduled cache reload triggered
2026-07-08 04:08:42.745 [INFO ] [scheduling-1] [c.cmn.cde.service.CodeCacheService] [TranId: ] [BizTranId: ] [TraceId: ] [SpanId: ] [DynLevel: ] - Cache Refresh: Clearing code cache and fetching updated codes from database
2026-07-08 04:08:42.751 [INFO ] [scheduling-1] [c.cmn.cfg.service.ConfigCacheService] [TranId: ] [BizTranId: ] [TraceId: ] [SpanId: ] [DynLevel: ] - Scheduled config cache reload triggered
2026-07-08 04:08:42.751 [INFO ] [scheduling-1] [c.cmn.cfg.service.ConfigCacheService] [TranId: ] [BizTranId: ] [TraceId: ] [SpanId: ] [DynLevel: ] - Cache Refresh: Clearing config cache and fetching updated configs from database
2026-07-08 04:38:42.814 [INFO ] [scheduling-1] [c.c.msg.service.MessageCacheService] [TranId: ] [BizTranId: ] [TraceId: ] [SpanId: ] [DynLevel: ] - Scheduled cache reload triggered
2026-07-08 04:38:42.822 [INFO ] [scheduling-1] [c.c.msg.service.MessageCacheService] [TranId: ] [BizTranId: ] [TraceId: ] [SpanId: ] [DynLevel: ] - Cache Refresh: Clearing message cache and fetching updated messages from database
2026-07-08 04:38:42.825 [INFO ] [scheduling-1] [c.c.m.s.ResponseCodeCacheService] [TranId: ] [BizTranId: ] [TraceId: ] [SpanId: ] [DynLevel: ] - Cache Refresh: Clearing response code cache and fetching updated values
2026-07-08 04:38:42.828 [INFO ] [scheduling-1] [c.cmn.cde.service.CodeCacheService] [TranId: ] [BizTranId: ] [TraceId: ] [SpanId: ] [DynLevel: ] - Scheduled cache reload triggered
2026-07-08 04:38:42.829 [INFO ] [scheduling-1] [c.cmn.cde.service.CodeCacheService] [TranId: ] [BizTranId: ] [TraceId: ] [SpanId: ] [DynLevel: ] - Cache Refresh: Clearing code cache and fetching updated codes from database
2026-07-08 04:38:42.832 [INFO ] [scheduling-1] [c.cmn.cfg.service.ConfigCacheService] [TranId: ] [BizTranId: ] [TraceId: ] [SpanId: ] [DynLevel: ] - Scheduled config cache reload triggered
2026-07-08 04:38:42.833 [INFO ] [scheduling-1] [c.cmn.cfg.service.ConfigCacheService] [TranId: ] [BizTranId: ] [TraceId: ] [SpanId: ] [DynLevel: ] - Cache Refresh: Clearing config cache and fetching updated configs from database
2026-07-08 05:08:42.862 [INFO ] [scheduling-1] [c.c.msg.service.MessageCacheService] [TranId: ] [BizTranId: ] [TraceId: ] [SpanId: ] [DynLevel: ] - Scheduled cache reload triggered
2026-07-08 05:08:42.870 [INFO ] [scheduling-1] [c.c.msg.service.MessageCacheService] [TranId: ] [BizTranId: ] [TraceId: ] [SpanId: ] [DynLevel: ] - Cache Refresh: Clearing message cache and fetching updated messages from database
2026-07-08 05:08:42.877 [INFO ] [scheduling-1] [c.c.m.s.ResponseCodeCacheService] [TranId: ] [BizTranId: ] [TraceId: ] [SpanId: ] [DynLevel: ] - Cache Refresh: Clearing response code cache and fetching updated values
2026-07-08 05:08:42.880 [INFO ] [scheduling-1] [c.cmn.cde.service.CodeCacheService] [TranId: ] [BizTranId: ] [TraceId: ] [SpanId: ] [DynLevel: ] - Scheduled cache reload triggered
2026-07-08 05:08:42.881 [INFO ] [scheduling-1] [c.cmn.cde.service.CodeCacheService] [TranId: ] [BizTranId: ] [TraceId: ] [SpanId: ] [DynLevel: ] - Cache Refresh: Clearing code cache and fetching updated codes from database
2026-07-08 05:08:42.885 [INFO ] [scheduling-1] [c.cmn.cfg.service.ConfigCacheService] [TranId: ] [BizTranId: ] [TraceId: ] [SpanId: ] [DynLevel: ] - Scheduled config cache reload triggered
2026-07-08 05:08:42.886 [INFO ] [scheduling-1] [c.cmn.cfg.service.ConfigCacheService] [TranId: ] [BizTranId: ] [TraceId: ] [SpanId: ] [DynLevel: ] - Cache Refresh: Clearing config cache and fetching updated configs from database
2026-07-08 05:38:42.889 [INFO ] [scheduling-1] [c.c.msg.service.MessageCacheService] [TranId: ] [BizTranId: ] [TraceId: ] [SpanId: ] [DynLevel: ] - Scheduled cache reload triggered
2026-07-08 05:38:42.900 [INFO ] [scheduling-1] [c.c.msg.service.MessageCacheService] [TranId: ] [BizTranId: ] [TraceId: ] [SpanId: ] [DynLevel: ] - Cache Refresh: Clearing message cache and fetching updated messages from database
2026-07-08 05:38:42.904 [INFO ] [scheduling-1] [c.c.m.s.ResponseCodeCacheService] [TranId: ] [BizTranId: ] [TraceId: ] [SpanId: ] [DynLevel: ] - Cache Refresh: Clearing response code cache and fetching updated values
2026-07-08 05:38:42.908 [INFO ] [scheduling-1] [c.cmn.cde.service.CodeCacheService] [TranId: ] [BizTranId: ] [TraceId: ] [SpanId: ] [DynLevel: ] - Scheduled cache reload triggered
2026-07-08 05:38:42.911 [INFO ] [scheduling-1] [c.cmn.cde.service.CodeCacheService] [TranId: ] [BizTranId: ] [TraceId: ] [SpanId: ] [DynLevel: ] - Cache Refresh: Clearing code cache and fetching updated codes from database
2026-07-08 05:38:42.916 [INFO ] [scheduling-1] [c.cmn.cfg.service.ConfigCacheService] [TranId: ] [BizTranId: ] [TraceId: ] [SpanId: ] [DynLevel: ] - Scheduled config cache reload triggered
2026-07-08 05:38:42.917 [INFO ] [scheduling-1] [c.cmn.cfg.service.ConfigCacheService] [TranId: ] [BizTranId: ] [TraceId: ] [SpanId: ] [DynLevel: ] - Cache Refresh: Clearing config cache and fetching updated configs from database
2026-07-08 06:08:42.897 [INFO ] [scheduling-1] [c.c.msg.service.MessageCacheService] [TranId: ] [BizTranId: ] [TraceId: ] [SpanId: ] [DynLevel: ] - Scheduled cache reload triggered
2026-07-08 06:08:42.907 [INFO ] [scheduling-1] [c.c.msg.service.MessageCacheService] [TranId: ] [BizTranId: ] [TraceId: ] [SpanId: ] [DynLevel: ] - Cache Refresh: Clearing message cache and fetching updated messages from database
2026-07-08 06:08:42.914 [INFO ] [scheduling-1] [c.c.m.s.ResponseCodeCacheService] [TranId: ] [BizTranId: ] [TraceId: ] [SpanId: ] [DynLevel: ] - Cache Refresh: Clearing response code cache and fetching updated values
2026-07-08 06:08:42.919 [INFO ] [scheduling-1] [c.cmn.cde.service.CodeCacheService] [TranId: ] [BizTranId: ] [TraceId: ] [SpanId: ] [DynLevel: ] - Scheduled cache reload triggered
2026-07-08 06:08:42.919 [INFO ] [scheduling-1] [c.cmn.cde.service.CodeCacheService] [TranId: ] [BizTranId: ] [TraceId: ] [SpanId: ] [DynLevel: ] - Cache Refresh: Clearing code cache and fetching updated codes from database
2026-07-08 06:08:42.924 [INFO ] [scheduling-1] [c.cmn.cfg.service.ConfigCacheService] [TranId: ] [BizTranId: ] [TraceId: ] [SpanId: ] [DynLevel: ] - Scheduled config cache reload triggered
2026-07-08 06:08:42.924 [INFO ] [scheduling-1] [c.cmn.cfg.service.ConfigCacheService] [TranId: ] [BizTranId: ] [TraceId: ] [SpanId: ] [DynLevel: ] - Cache Refresh: Clearing config cache and fetching updated configs from database
2026-07-08 06:38:42.913 [INFO ] [scheduling-1] [c.c.msg.service.MessageCacheService] [TranId: ] [BizTranId: ] [TraceId: ] [SpanId: ] [DynLevel: ] - Scheduled cache reload triggered
2026-07-08 06:38:42.923 [INFO ] [scheduling-1] [c.c.msg.service.MessageCacheService] [TranId: ] [BizTranId: ] [TraceId: ] [SpanId: ] [DynLevel: ] - Cache Refresh: Clearing message cache and fetching updated messages from database
2026-07-08 06:38:42.932 [INFO ] [scheduling-1] [c.c.m.s.ResponseCodeCacheService] [TranId: ] [BizTranId: ] [TraceId: ] [SpanId: ] [DynLevel: ] - Cache Refresh: Clearing response code cache and fetching updated values
2026-07-08 06:38:42.938 [INFO ] [scheduling-1] [c.cmn.cde.service.CodeCacheService] [TranId: ] [BizTranId: ] [TraceId: ] [SpanId: ] [DynLevel: ] - Scheduled cache reload triggered
2026-07-08 06:38:42.939 [INFO ] [scheduling-1] [c.cmn.cde.service.CodeCacheService] [TranId: ] [BizTranId: ] [TraceId: ] [SpanId: ] [DynLevel: ] - Cache Refresh: Clearing code cache and fetching updated codes from database
2026-07-08 06:38:42.943 [INFO ] [scheduling-1] [c.cmn.cfg.service.ConfigCacheService] [TranId: ] [BizTranId: ] [TraceId: ] [SpanId: ] [DynLevel: ] - Scheduled config cache reload triggered
2026-07-08 06:38:42.944 [INFO ] [scheduling-1] [c.cmn.cfg.service.ConfigCacheService] [TranId: ] [BizTranId: ] [TraceId: ] [SpanId: ] [DynLevel: ] - Cache Refresh: Clearing config cache and fetching updated configs from database
2026-07-08 07:08:42.918 [INFO ] [scheduling-1] [c.c.msg.service.MessageCacheService] [TranId: ] [BizTranId: ] [TraceId: ] [SpanId: ] [DynLevel: ] - Scheduled cache reload triggered
2026-07-08 07:08:42.930 [INFO ] [scheduling-1] [c.c.msg.service.MessageCacheService] [TranId: ] [BizTranId: ] [TraceId: ] [SpanId: ] [DynLevel: ] - Cache Refresh: Clearing message cache and fetching updated messages from database
2026-07-08 07:08:42.935 [INFO ] [scheduling-1] [c.c.m.s.ResponseCodeCacheService] [TranId: ] [BizTranId: ] [TraceId: ] [SpanId: ] [DynLevel: ] - Cache Refresh: Clearing response code cache and fetching updated values
2026-07-08 07:08:42.938 [INFO ] [scheduling-1] [c.cmn.cde.service.CodeCacheService] [TranId: ] [BizTranId: ] [TraceId: ] [SpanId: ] [DynLevel: ] - Scheduled cache reload triggered
2026-07-08 07:08:42.939 [INFO ] [scheduling-1] [c.cmn.cde.service.CodeCacheService] [TranId: ] [BizTranId: ] [TraceId: ] [SpanId: ] [DynLevel: ] - Cache Refresh: Clearing code cache and fetching updated codes from database
2026-07-08 07:08:42.943 [INFO ] [scheduling-1] [c.cmn.cfg.service.ConfigCacheService] [TranId: ] [BizTranId: ] [TraceId: ] [SpanId: ] [DynLevel: ] - Scheduled config cache reload triggered
2026-07-08 07:08:42.944 [INFO ] [scheduling-1] [c.cmn.cfg.service.ConfigCacheService] [TranId: ] [BizTranId: ] [TraceId: ] [SpanId: ] [DynLevel: ] - Cache Refresh: Clearing config cache and fetching updated configs from database
2026-07-08 07:38:42.913 [INFO ] [scheduling-1] [c.c.msg.service.MessageCacheService] [TranId: ] [BizTranId: ] [TraceId: ] [SpanId: ] [DynLevel: ] - Scheduled cache reload triggered
2026-07-08 07:38:42.923 [INFO ] [scheduling-1] [c.c.msg.service.MessageCacheService] [TranId: ] [BizTranId: ] [TraceId: ] [SpanId: ] [DynLevel: ] - Cache Refresh: Clearing message cache and fetching updated messages from database
2026-07-08 07:38:42.929 [INFO ] [scheduling-1] [c.c.m.s.ResponseCodeCacheService] [TranId: ] [BizTranId: ] [TraceId: ] [SpanId: ] [DynLevel: ] - Cache Refresh: Clearing response code cache and fetching updated values
2026-07-08 07:38:42.935 [INFO ] [scheduling-1] [c.cmn.cde.service.CodeCacheService] [TranId: ] [BizTranId: ] [TraceId: ] [SpanId: ] [DynLevel: ] - Scheduled cache reload triggered
2026-07-08 07:38:42.936 [INFO ] [scheduling-1] [c.cmn.cde.service.CodeCacheService] [TranId: ] [BizTranId: ] [TraceId: ] [SpanId: ] [DynLevel: ] - Cache Refresh: Clearing code cache and fetching updated codes from database
2026-07-08 07:38:42.943 [INFO ] [scheduling-1] [c.cmn.cfg.service.ConfigCacheService] [TranId: ] [BizTranId: ] [TraceId: ] [SpanId: ] [DynLevel: ] - Scheduled config cache reload triggered
2026-07-08 07:38:42.944 [INFO ] [scheduling-1] [c.cmn.cfg.service.ConfigCacheService] [TranId: ] [BizTranId: ] [TraceId: ] [SpanId: ] [DynLevel: ] - Cache Refresh: Clearing config cache and fetching updated configs from database
2026-07-08 08:08:42.927 [INFO ] [scheduling-1] [c.c.msg.service.MessageCacheService] [TranId: ] [BizTranId: ] [TraceId: ] [SpanId: ] [DynLevel: ] - Scheduled cache reload triggered
2026-07-08 08:08:42.936 [INFO ] [scheduling-1] [c.c.msg.service.MessageCacheService] [TranId: ] [BizTranId: ] [TraceId: ] [SpanId: ] [DynLevel: ] - Cache Refresh: Clearing message cache and fetching updated messages from database
2026-07-08 08:08:42.939 [INFO ] [scheduling-1] [c.c.m.s.ResponseCodeCacheService] [TranId: ] [BizTranId: ] [TraceId: ] [SpanId: ] [DynLevel: ] - Cache Refresh: Clearing response code cache and fetching updated values
2026-07-08 08:08:42.942 [INFO ] [scheduling-1] [c.cmn.cde.service.CodeCacheService] [TranId: ] [BizTranId: ] [TraceId: ] [SpanId: ] [DynLevel: ] - Scheduled cache reload triggered
2026-07-08 08:08:42.942 [INFO ] [scheduling-1] [c.cmn.cde.service.CodeCacheService] [TranId: ] [BizTranId: ] [TraceId: ] [SpanId: ] [DynLevel: ] - Cache Refresh: Clearing code cache and fetching updated codes from database
2026-07-08 08:08:42.944 [INFO ] [scheduling-1] [c.cmn.cfg.service.ConfigCacheService] [TranId: ] [BizTranId: ] [TraceId: ] [SpanId: ] [DynLevel: ] - Scheduled config cache reload triggered
2026-07-08 08:08:42.944 [INFO ] [scheduling-1] [c.cmn.cfg.service.ConfigCacheService] [TranId: ] [BizTranId: ] [TraceId: ] [SpanId: ] [DynLevel: ] - Cache Refresh: Clearing config cache and fetching updated configs from database
2026-07-08 08:38:42.914 [INFO ] [scheduling-1] [c.c.msg.service.MessageCacheService] [TranId: ] [BizTranId: ] [TraceId: ] [SpanId: ] [DynLevel: ] - Scheduled cache reload triggered
2026-07-08 08:38:42.925 [INFO ] [scheduling-1] [c.c.msg.service.MessageCacheService] [TranId: ] [BizTranId: ] [TraceId: ] [SpanId: ] [DynLevel: ] - Cache Refresh: Clearing message cache and fetching updated messages from database
2026-07-08 08:38:42.929 [INFO ] [scheduling-1] [c.c.m.s.ResponseCodeCacheService] [TranId: ] [BizTranId: ] [TraceId: ] [SpanId: ] [DynLevel: ] - Cache Refresh: Clearing response code cache and fetching updated values
2026-07-08 08:38:42.932 [INFO ] [scheduling-1] [c.cmn.cde.service.CodeCacheService] [TranId: ] [BizTranId: ] [TraceId: ] [SpanId: ] [DynLevel: ] - Scheduled cache reload triggered
2026-07-08 08:38:42.933 [INFO ] [scheduling-1] [c.cmn.cde.service.CodeCacheService] [TranId: ] [BizTranId: ] [TraceId: ] [SpanId: ] [DynLevel: ] - Cache Refresh: Clearing code cache and fetching updated codes from database
2026-07-08 08:38:42.937 [INFO ] [scheduling-1] [c.cmn.cfg.service.ConfigCacheService] [TranId: ] [BizTranId: ] [TraceId: ] [SpanId: ] [DynLevel: ] - Scheduled config cache reload triggered
2026-07-08 08:38:42.937 [INFO ] [scheduling-1] [c.cmn.cfg.service.ConfigCacheService] [TranId: ] [BizTranId: ] [TraceId: ] [SpanId: ] [DynLevel: ] - Cache Refresh: Clearing config cache and fetching updated configs from database
2026-07-08 09:08:42.927 [INFO ] [scheduling-1] [c.c.msg.service.MessageCacheService] [TranId: ] [BizTranId: ] [TraceId: ] [SpanId: ] [DynLevel: ] - Scheduled cache reload triggered
2026-07-08 09:08:42.928 [INFO ] [scheduling-1] [c.c.msg.service.MessageCacheService] [TranId: ] [BizTranId: ] [TraceId: ] [SpanId: ] [DynLevel: ] - Cache Refresh: Clearing message cache and fetching updated messages from database
2026-07-08 09:08:42.933 [INFO ] [scheduling-1] [c.c.m.s.ResponseCodeCacheService] [TranId: ] [BizTranId: ] [TraceId: ] [SpanId: ] [DynLevel: ] - Cache Refresh: Clearing response code cache and fetching updated values
2026-07-08 09:08:42.936 [INFO ] [scheduling-1] [c.cmn.cde.service.CodeCacheService] [TranId: ] [BizTranId: ] [TraceId: ] [SpanId: ] [DynLevel: ] - Scheduled cache reload triggered
2026-07-08 09:08:42.937 [INFO ] [scheduling-1] [c.cmn.cde.service.CodeCacheService] [TranId: ] [BizTranId: ] [TraceId: ] [SpanId: ] [DynLevel: ] - Cache Refresh: Clearing code cache and fetching updated codes from database
2026-07-08 09:08:42.939 [INFO ] [scheduling-1] [c.cmn.cfg.service.ConfigCacheService] [TranId: ] [BizTranId: ] [TraceId: ] [SpanId: ] [DynLevel: ] - Scheduled config cache reload triggered
2026-07-08 09:08:42.939 [INFO ] [scheduling-1] [c.cmn.cfg.service.ConfigCacheService] [TranId: ] [BizTranId: ] [TraceId: ] [SpanId: ] [DynLevel: ] - Cache Refresh: Clearing config cache and fetching updated configs from database
2026-07-08 09:38:42.926 [INFO ] [scheduling-1] [c.c.msg.service.MessageCacheService] [TranId: ] [BizTranId: ] [TraceId: ] [SpanId: ] [DynLevel: ] - Scheduled cache reload triggered
2026-07-08 09:38:42.935 [INFO ] [scheduling-1] [c.c.msg.service.MessageCacheService] [TranId: ] [BizTranId: ] [TraceId: ] [SpanId: ] [DynLevel: ] - Cache Refresh: Clearing message cache and fetching updated messages from database
2026-07-08 09:38:42.939 [INFO ] [scheduling-1] [c.c.m.s.ResponseCodeCacheService] [TranId: ] [BizTranId: ] [TraceId: ] [SpanId: ] [DynLevel: ] - Cache Refresh: Clearing response code cache and fetching updated values
2026-07-08 09:38:42.941 [INFO ] [scheduling-1] [c.cmn.cde.service.CodeCacheService] [TranId: ] [BizTranId: ] [TraceId: ] [SpanId: ] [DynLevel: ] - Scheduled cache reload triggered
2026-07-08 09:38:42.941 [INFO ] [scheduling-1] [c.cmn.cde.service.CodeCacheService] [TranId: ] [BizTranId: ] [TraceId: ] [SpanId: ] [DynLevel: ] - Cache Refresh: Clearing code cache and fetching updated codes from database
2026-07-08 09:38:42.942 [INFO ] [scheduling-1] [c.cmn.cfg.service.ConfigCacheService] [TranId: ] [BizTranId: ] [TraceId: ] [SpanId: ] [DynLevel: ] - Scheduled config cache reload triggered
2026-07-08 09:38:42.942 [INFO ] [scheduling-1] [c.cmn.cfg.service.ConfigCacheService] [TranId: ] [BizTranId: ] [TraceId: ] [SpanId: ] [DynLevel: ] - Cache Refresh: Clearing config cache and fetching updated configs from database
2026-07-08 10:08:42.924 [INFO ] [scheduling-1] [c.c.msg.service.MessageCacheService] [TranId: ] [BizTranId: ] [TraceId: ] [SpanId: ] [DynLevel: ] - Scheduled cache reload triggered
2026-07-08 10:08:42.932 [INFO ] [scheduling-1] [c.c.msg.service.MessageCacheService] [TranId: ] [BizTranId: ] [TraceId: ] [SpanId: ] [DynLevel: ] - Cache Refresh: Clearing message cache and fetching updated messages from database
2026-07-08 10:08:42.938 [INFO ] [scheduling-1] [c.c.m.s.ResponseCodeCacheService] [TranId: ] [BizTranId: ] [TraceId: ] [SpanId: ] [DynLevel: ] - Cache Refresh: Clearing response code cache and fetching updated values
2026-07-08 10:08:42.942 [INFO ] [scheduling-1] [c.cmn.cde.service.CodeCacheService] [TranId: ] [BizTranId: ] [TraceId: ] [SpanId: ] [DynLevel: ] - Scheduled cache reload triggered
2026-07-08 10:08:42.942 [INFO ] [scheduling-1] [c.cmn.cde.service.CodeCacheService] [TranId: ] [BizTranId: ] [TraceId: ] [SpanId: ] [DynLevel: ] - Cache Refresh: Clearing code cache and fetching updated codes from database
2026-07-08 10:08:42.946 [INFO ] [scheduling-1] [c.cmn.cfg.service.ConfigCacheService] [TranId: ] [BizTranId: ] [TraceId: ] [SpanId: ] [DynLevel: ] - Scheduled config cache reload triggered
2026-07-08 10:08:42.947 [INFO ] [scheduling-1] [c.cmn.cfg.service.ConfigCacheService] [TranId: ] [BizTranId: ] [TraceId: ] [SpanId: ] [DynLevel: ] - Cache Refresh: Clearing config cache and fetching updated configs from database
2026-07-08 10:38:42.929 [INFO ] [scheduling-1] [c.c.msg.service.MessageCacheService] [TranId: ] [BizTranId: ] [TraceId: ] [SpanId: ] [DynLevel: ] - Scheduled cache reload triggered
2026-07-08 10:38:42.938 [INFO ] [scheduling-1] [c.c.msg.service.MessageCacheService] [TranId: ] [BizTranId: ] [TraceId: ] [SpanId: ] [DynLevel: ] - Cache Refresh: Clearing message cache and fetching updated messages from database
2026-07-08 10:38:42.942 [INFO ] [scheduling-1] [c.c.m.s.ResponseCodeCacheService] [TranId: ] [BizTranId: ] [TraceId: ] [SpanId: ] [DynLevel: ] - Cache Refresh: Clearing response code cache and fetching updated values
2026-07-08 10:38:42.945 [INFO ] [scheduling-1] [c.cmn.cde.service.CodeCacheService] [TranId: ] [BizTranId: ] [TraceId: ] [SpanId: ] [DynLevel: ] - Scheduled cache reload triggered
2026-07-08 10:38:42.946 [INFO ] [scheduling-1] [c.cmn.cde.service.CodeCacheService] [TranId: ] [BizTranId: ] [TraceId: ] [SpanId: ] [DynLevel: ] - Cache Refresh: Clearing code cache and fetching updated codes from database
2026-07-08 10:38:42.948 [INFO ] [scheduling-1] [c.cmn.cfg.service.ConfigCacheService] [TranId: ] [BizTranId: ] [TraceId: ] [SpanId: ] [DynLevel: ] - Scheduled config cache reload triggered
2026-07-08 10:38:42.949 [INFO ] [scheduling-1] [c.cmn.cfg.service.ConfigCacheService] [TranId: ] [BizTranId: ] [TraceId: ] [SpanId: ] [DynLevel: ] - Cache Refresh: Clearing config cache and fetching updated configs from database
2026-07-08 11:08:42.926 [INFO ] [scheduling-1] [c.c.msg.service.MessageCacheService] [TranId: ] [BizTranId: ] [TraceId: ] [SpanId: ] [DynLevel: ] - Scheduled cache reload triggered
2026-07-08 11:08:42.935 [INFO ] [scheduling-1] [c.c.msg.service.MessageCacheService] [TranId: ] [BizTranId: ] [TraceId: ] [SpanId: ] [DynLevel: ] - Cache Refresh: Clearing message cache and fetching updated messages from database
2026-07-08 11:08:42.941 [INFO ] [scheduling-1] [c.c.m.s.ResponseCodeCacheService] [TranId: ] [BizTranId: ] [TraceId: ] [SpanId: ] [DynLevel: ] - Cache Refresh: Clearing response code cache and fetching updated values
2026-07-08 11:08:42.945 [INFO ] [scheduling-1] [c.cmn.cde.service.CodeCacheService] [TranId: ] [BizTranId: ] [TraceId: ] [SpanId: ] [DynLevel: ] - Scheduled cache reload triggered
2026-07-08 11:08:42.945 [INFO ] [scheduling-1] [c.cmn.cde.service.CodeCacheService] [TranId: ] [BizTranId: ] [TraceId: ] [SpanId: ] [DynLevel: ] - Cache Refresh: Clearing code cache and fetching updated codes from database
2026-07-08 11:08:42.951 [INFO ] [scheduling-1] [c.cmn.cfg.service.ConfigCacheService] [TranId: ] [BizTranId: ] [TraceId: ] [SpanId: ] [DynLevel: ] - Scheduled config cache reload triggered
2026-07-08 11:08:42.951 [INFO ] [scheduling-1] [c.cmn.cfg.service.ConfigCacheService] [TranId: ] [BizTranId: ] [TraceId: ] [SpanId: ] [DynLevel: ] - Cache Refresh: Clearing config cache and fetching updated configs from database
2026-07-08 11:38:42.918 [INFO ] [scheduling-1] [c.c.msg.service.MessageCacheService] [TranId: ] [BizTranId: ] [TraceId: ] [SpanId: ] [DynLevel: ] - Scheduled cache reload triggered
2026-07-08 11:38:42.930 [INFO ] [scheduling-1] [c.c.msg.service.MessageCacheService] [TranId: ] [BizTranId: ] [TraceId: ] [SpanId: ] [DynLevel: ] - Cache Refresh: Clearing message cache and fetching updated messages from database
2026-07-08 11:38:42.938 [INFO ] [scheduling-1] [c.c.m.s.ResponseCodeCacheService] [TranId: ] [BizTranId: ] [TraceId: ] [SpanId: ] [DynLevel: ] - Cache Refresh: Clearing response code cache and fetching updated values
2026-07-08 11:38:42.945 [INFO ] [scheduling-1] [c.cmn.cde.service.CodeCacheService] [TranId: ] [BizTranId: ] [TraceId: ] [SpanId: ] [DynLevel: ] - Scheduled cache reload triggered
2026-07-08 11:38:42.945 [INFO ] [scheduling-1] [c.cmn.cde.service.CodeCacheService] [TranId: ] [BizTranId: ] [TraceId: ] [SpanId: ] [DynLevel: ] - Cache Refresh: Clearing code cache and fetching updated codes from database
2026-07-08 11:38:42.951 [INFO ] [scheduling-1] [c.cmn.cfg.service.ConfigCacheService] [TranId: ] [BizTranId: ] [TraceId: ] [SpanId: ] [DynLevel: ] - Scheduled config cache reload triggered
2026-07-08 11:38:42.952 [INFO ] [scheduling-1] [c.cmn.cfg.service.ConfigCacheService] [TranId: ] [BizTranId: ] [TraceId: ] [SpanId: ] [DynLevel: ] - Cache Refresh: Clearing config cache and fetching updated configs from database
2026-07-08 12:08:42.928 [INFO ] [scheduling-1] [c.c.msg.service.MessageCacheService] [TranId: ] [BizTranId: ] [TraceId: ] [SpanId: ] [DynLevel: ] - Scheduled cache reload triggered
2026-07-08 12:08:42.935 [INFO ] [scheduling-1] [c.c.msg.service.MessageCacheService] [TranId: ] [BizTranId: ] [TraceId: ] [SpanId: ] [DynLevel: ] - Cache Refresh: Clearing message cache and fetching updated messages from database
2026-07-08 12:08:42.941 [INFO ] [scheduling-1] [c.c.m.s.ResponseCodeCacheService] [TranId: ] [BizTranId: ] [TraceId: ] [SpanId: ] [DynLevel: ] - Cache Refresh: Clearing response code cache and fetching updated values
2026-07-08 12:08:42.946 [INFO ] [scheduling-1] [c.cmn.cde.service.CodeCacheService] [TranId: ] [BizTranId: ] [TraceId: ] [SpanId: ] [DynLevel: ] - Scheduled cache reload triggered
2026-07-08 12:08:42.946 [INFO ] [scheduling-1] [c.cmn.cde.service.CodeCacheService] [TranId: ] [BizTranId: ] [TraceId: ] [SpanId: ] [DynLevel: ] - Cache Refresh: Clearing code cache and fetching updated codes from database
2026-07-08 12:08:42.951 [INFO ] [scheduling-1] [c.cmn.cfg.service.ConfigCacheService] [TranId: ] [BizTranId: ] [TraceId: ] [SpanId: ] [DynLevel: ] - Scheduled config cache reload triggered
2026-07-08 12:08:42.951 [INFO ] [scheduling-1] [c.cmn.cfg.service.ConfigCacheService] [TranId: ] [BizTranId: ] [TraceId: ] [SpanId: ] [DynLevel: ] - Cache Refresh: Clearing config cache and fetching updated configs from database
2026-07-08 12:38:42.926 [INFO ] [scheduling-1] [c.c.msg.service.MessageCacheService] [TranId: ] [BizTranId: ] [TraceId: ] [SpanId: ] [DynLevel: ] - Scheduled cache reload triggered
2026-07-08 12:38:42.933 [INFO ] [scheduling-1] [c.c.msg.service.MessageCacheService] [TranId: ] [BizTranId: ] [TraceId: ] [SpanId: ] [DynLevel: ] - Cache Refresh: Clearing message cache and fetching updated messages from database
2026-07-08 12:38:42.939 [INFO ] [scheduling-1] [c.c.m.s.ResponseCodeCacheService] [TranId: ] [BizTranId: ] [TraceId: ] [SpanId: ] [DynLevel: ] - Cache Refresh: Clearing response code cache and fetching updated values
2026-07-08 12:38:42.943 [INFO ] [scheduling-1] [c.cmn.cde.service.CodeCacheService] [TranId: ] [BizTranId: ] [TraceId: ] [SpanId: ] [DynLevel: ] - Scheduled cache reload triggered
2026-07-08 12:38:42.943 [INFO ] [scheduling-1] [c.cmn.cde.service.CodeCacheService] [TranId: ] [BizTranId: ] [TraceId: ] [SpanId: ] [DynLevel: ] - Cache Refresh: Clearing code cache and fetching updated codes from database
2026-07-08 12:38:42.948 [INFO ] [scheduling-1] [c.cmn.cfg.service.ConfigCacheService] [TranId: ] [BizTranId: ] [TraceId: ] [SpanId: ] [DynLevel: ] - Scheduled config cache reload triggered
2026-07-08 12:38:42.949 [INFO ] [scheduling-1] [c.cmn.cfg.service.ConfigCacheService] [TranId: ] [BizTranId: ] [TraceId: ] [SpanId: ] [DynLevel: ] - Cache Refresh: Clearing config cache and fetching updated configs from database
2026-07-08 13:08:42.918 [INFO ] [scheduling-1] [c.c.msg.service.MessageCacheService] [TranId: ] [BizTranId: ] [TraceId: ] [SpanId: ] [DynLevel: ] - Scheduled cache reload triggered
2026-07-08 13:08:42.926 [INFO ] [scheduling-1] [c.c.msg.service.MessageCacheService] [TranId: ] [BizTranId: ] [TraceId: ] [SpanId: ] [DynLevel: ] - Cache Refresh: Clearing message cache and fetching updated messages from database
2026-07-08 13:08:42.929 [INFO ] [scheduling-1] [c.c.m.s.ResponseCodeCacheService] [TranId: ] [BizTranId: ] [TraceId: ] [SpanId: ] [DynLevel: ] - Cache Refresh: Clearing response code cache and fetching updated values
2026-07-08 13:08:42.933 [INFO ] [scheduling-1] [c.cmn.cde.service.CodeCacheService] [TranId: ] [BizTranId: ] [TraceId: ] [SpanId: ] [DynLevel: ] - Scheduled cache reload triggered
2026-07-08 13:08:42.933 [INFO ] [scheduling-1] [c.cmn.cde.service.CodeCacheService] [TranId: ] [BizTranId: ] [TraceId: ] [SpanId: ] [DynLevel: ] - Cache Refresh: Clearing code cache and fetching updated codes from database
2026-07-08 13:08:42.935 [INFO ] [scheduling-1] [c.cmn.cfg.service.ConfigCacheService] [TranId: ] [BizTranId: ] [TraceId: ] [SpanId: ] [DynLevel: ] - Scheduled config cache reload triggered
2026-07-08 13:08:42.935 [INFO ] [scheduling-1] [c.cmn.cfg.service.ConfigCacheService] [TranId: ] [BizTranId: ] [TraceId: ] [SpanId: ] [DynLevel: ] - Cache Refresh: Clearing config cache and fetching updated configs from database
2026-07-08 13:38:42.908 [INFO ] [scheduling-1] [c.c.msg.service.MessageCacheService] [TranId: ] [BizTranId: ] [TraceId: ] [SpanId: ] [DynLevel: ] - Scheduled cache reload triggered
2026-07-08 13:38:42.916 [INFO ] [scheduling-1] [c.c.msg.service.MessageCacheService] [TranId: ] [BizTranId: ] [TraceId: ] [SpanId: ] [DynLevel: ] - Cache Refresh: Clearing message cache and fetching updated messages from database
2026-07-08 13:38:42.919 [INFO ] [scheduling-1] [c.c.m.s.ResponseCodeCacheService] [TranId: ] [BizTranId: ] [TraceId: ] [SpanId: ] [DynLevel: ] - Cache Refresh: Clearing response code cache and fetching updated values
2026-07-08 13:38:42.920 [INFO ] [scheduling-1] [c.cmn.cde.service.CodeCacheService] [TranId: ] [BizTranId: ] [TraceId: ] [SpanId: ] [DynLevel: ] - Scheduled cache reload triggered
2026-07-08 13:38:42.921 [INFO ] [scheduling-1] [c.cmn.cde.service.CodeCacheService] [TranId: ] [BizTranId: ] [TraceId: ] [SpanId: ] [DynLevel: ] - Cache Refresh: Clearing code cache and fetching updated codes from database
2026-07-08 13:38:42.922 [INFO ] [scheduling-1] [c.cmn.cfg.service.ConfigCacheService] [TranId: ] [BizTranId: ] [TraceId: ] [SpanId: ] [DynLevel: ] - Scheduled config cache reload triggered
2026-07-08 13:38:42.922 [INFO ] [scheduling-1] [c.cmn.cfg.service.ConfigCacheService] [TranId: ] [BizTranId: ] [TraceId: ] [SpanId: ] [DynLevel: ] - Cache Refresh: Clearing config cache and fetching updated configs from database
2026-07-08 14:08:42.915 [INFO ] [scheduling-1] [c.c.msg.service.MessageCacheService] [TranId: ] [BizTranId: ] [TraceId: ] [SpanId: ] [DynLevel: ] - Scheduled cache reload triggered
2026-07-08 14:08:42.925 [INFO ] [scheduling-1] [c.c.msg.service.MessageCacheService] [TranId: ] [BizTranId: ] [TraceId: ] [SpanId: ] [DynLevel: ] - Cache Refresh: Clearing message cache and fetching updated messages from database
2026-07-08 14:08:42.928 [INFO ] [scheduling-1] [c.c.m.s.ResponseCodeCacheService] [TranId: ] [BizTranId: ] [TraceId: ] [SpanId: ] [DynLevel: ] - Cache Refresh: Clearing response code cache and fetching updated values
2026-07-08 14:08:42.930 [INFO ] [scheduling-1] [c.cmn.cde.service.CodeCacheService] [TranId: ] [BizTranId: ] [TraceId: ] [SpanId: ] [DynLevel: ] - Scheduled cache reload triggered
2026-07-08 14:08:42.930 [INFO ] [scheduling-1] [c.cmn.cde.service.CodeCacheService] [TranId: ] [BizTranId: ] [TraceId: ] [SpanId: ] [DynLevel: ] - Cache Refresh: Clearing code cache and fetching updated codes from database
2026-07-08 14:08:42.932 [INFO ] [scheduling-1] [c.cmn.cfg.service.ConfigCacheService] [TranId: ] [BizTranId: ] [TraceId: ] [SpanId: ] [DynLevel: ] - Scheduled config cache reload triggered
2026-07-08 14:08:42.932 [INFO ] [scheduling-1] [c.cmn.cfg.service.ConfigCacheService] [TranId: ] [BizTranId: ] [TraceId: ] [SpanId: ] [DynLevel: ] - Cache Refresh: Clearing config cache and fetching updated configs from database
2026-07-08 14:38:42.914 [INFO ] [scheduling-1] [c.c.msg.service.MessageCacheService] [TranId: ] [BizTranId: ] [TraceId: ] [SpanId: ] [DynLevel: ] - Scheduled cache reload triggered
2026-07-08 14:38:42.922 [INFO ] [scheduling-1] [c.c.msg.service.MessageCacheService] [TranId: ] [BizTranId: ] [TraceId: ] [SpanId: ] [DynLevel: ] - Cache Refresh: Clearing message cache and fetching updated messages from database
2026-07-08 14:38:42.927 [INFO ] [scheduling-1] [c.c.m.s.ResponseCodeCacheService] [TranId: ] [BizTranId: ] [TraceId: ] [SpanId: ] [DynLevel: ] - Cache Refresh: Clearing response code cache and fetching updated values
2026-07-08 14:38:42.930 [INFO ] [scheduling-1] [c.cmn.cde.service.CodeCacheService] [TranId: ] [BizTranId: ] [TraceId: ] [SpanId: ] [DynLevel: ] - Scheduled cache reload triggered
2026-07-08 14:38:42.930 [INFO ] [scheduling-1] [c.cmn.cde.service.CodeCacheService] [TranId: ] [BizTranId: ] [TraceId: ] [SpanId: ] [DynLevel: ] - Cache Refresh: Clearing code cache and fetching updated codes from database
2026-07-08 14:38:42.932 [INFO ] [scheduling-1] [c.cmn.cfg.service.ConfigCacheService] [TranId: ] [BizTranId: ] [TraceId: ] [SpanId: ] [DynLevel: ] - Scheduled config cache reload triggered
2026-07-08 14:38:42.932 [INFO ] [scheduling-1] [c.cmn.cfg.service.ConfigCacheService] [TranId: ] [BizTranId: ] [TraceId: ] [SpanId: ] [DynLevel: ] - Cache Refresh: Clearing config cache and fetching updated configs from database
2026-07-08 15:08:42.909 [INFO ] [scheduling-1] [c.c.msg.service.MessageCacheService] [TranId: ] [BizTranId: ] [TraceId: ] [SpanId: ] [DynLevel: ] - Scheduled cache reload triggered
2026-07-08 15:08:42.917 [INFO ] [scheduling-1] [c.c.msg.service.MessageCacheService] [TranId: ] [BizTranId: ] [TraceId: ] [SpanId: ] [DynLevel: ] - Cache Refresh: Clearing message cache and fetching updated messages from database
2026-07-08 15:08:42.922 [INFO ] [scheduling-1] [c.c.m.s.ResponseCodeCacheService] [TranId: ] [BizTranId: ] [TraceId: ] [SpanId: ] [DynLevel: ] - Cache Refresh: Clearing response code cache and fetching updated values
2026-07-08 15:08:42.924 [INFO ] [scheduling-1] [c.cmn.cde.service.CodeCacheService] [TranId: ] [BizTranId: ] [TraceId: ] [SpanId: ] [DynLevel: ] - Scheduled cache reload triggered
2026-07-08 15:08:42.924 [INFO ] [scheduling-1] [c.cmn.cde.service.CodeCacheService] [TranId: ] [BizTranId: ] [TraceId: ] [SpanId: ] [DynLevel: ] - Cache Refresh: Clearing code cache and fetching updated codes from database
2026-07-08 15:08:42.926 [INFO ] [scheduling-1] [c.cmn.cfg.service.ConfigCacheService] [TranId: ] [BizTranId: ] [TraceId: ] [SpanId: ] [DynLevel: ] - Scheduled config cache reload triggered
2026-07-08 15:08:42.926 [INFO ] [scheduling-1] [c.cmn.cfg.service.ConfigCacheService] [TranId: ] [BizTranId: ] [TraceId: ] [SpanId: ] [DynLevel: ] - Cache Refresh: Clearing config cache and fetching updated configs from database
2026-07-08 15:38:42.904 [INFO ] [scheduling-1] [c.c.msg.service.MessageCacheService] [TranId: ] [BizTranId: ] [TraceId: ] [SpanId: ] [DynLevel: ] - Scheduled cache reload triggered
2026-07-08 15:38:42.915 [INFO ] [scheduling-1] [c.c.msg.service.MessageCacheService] [TranId: ] [BizTranId: ] [TraceId: ] [SpanId: ] [DynLevel: ] - Cache Refresh: Clearing message cache and fetching updated messages from database
2026-07-08 15:38:42.921 [INFO ] [scheduling-1] [c.c.m.s.ResponseCodeCacheService] [TranId: ] [BizTranId: ] [TraceId: ] [SpanId: ] [DynLevel: ] - Cache Refresh: Clearing response code cache and fetching updated values
2026-07-08 15:38:42.924 [INFO ] [scheduling-1] [c.cmn.cde.service.CodeCacheService] [TranId: ] [BizTranId: ] [TraceId: ] [SpanId: ] [DynLevel: ] - Scheduled cache reload triggered
2026-07-08 15:38:42.924 [INFO ] [scheduling-1] [c.cmn.cde.service.CodeCacheService] [TranId: ] [BizTranId: ] [TraceId: ] [SpanId: ] [DynLevel: ] - Cache Refresh: Clearing code cache and fetching updated codes from database
2026-07-08 15:38:42.927 [INFO ] [scheduling-1] [c.cmn.cfg.service.ConfigCacheService] [TranId: ] [BizTranId: ] [TraceId: ] [SpanId: ] [DynLevel: ] - Scheduled config cache reload triggered
2026-07-08 15:38:42.927 [INFO ] [scheduling-1] [c.cmn.cfg.service.ConfigCacheService] [TranId: ] [BizTranId: ] [TraceId: ] [SpanId: ] [DynLevel: ] - Cache Refresh: Clearing config cache and fetching updated configs from database
2026-07-08 16:08:42.911 [INFO ] [scheduling-1] [c.c.msg.service.MessageCacheService] [TranId: ] [BizTranId: ] [TraceId: ] [SpanId: ] [DynLevel: ] - Scheduled cache reload triggered
2026-07-08 16:08:42.920 [INFO ] [scheduling-1] [c.c.msg.service.MessageCacheService] [TranId: ] [BizTranId: ] [TraceId: ] [SpanId: ] [DynLevel: ] - Cache Refresh: Clearing message cache and fetching updated messages from database
2026-07-08 16:08:42.927 [INFO ] [scheduling-1] [c.c.m.s.ResponseCodeCacheService] [TranId: ] [BizTranId: ] [TraceId: ] [SpanId: ] [DynLevel: ] - Cache Refresh: Clearing response code cache and fetching updated values
2026-07-08 16:08:42.932 [INFO ] [scheduling-1] [c.cmn.cde.service.CodeCacheService] [TranId: ] [BizTranId: ] [TraceId: ] [SpanId: ] [DynLevel: ] - Scheduled cache reload triggered
2026-07-08 16:08:42.933 [INFO ] [scheduling-1] [c.cmn.cde.service.CodeCacheService] [TranId: ] [BizTranId: ] [TraceId: ] [SpanId: ] [DynLevel: ] - Cache Refresh: Clearing code cache and fetching updated codes from database
2026-07-08 16:08:42.939 [INFO ] [scheduling-1] [c.cmn.cfg.service.ConfigCacheService] [TranId: ] [BizTranId: ] [TraceId: ] [SpanId: ] [DynLevel: ] - Scheduled config cache reload triggered
2026-07-08 16:08:42.939 [INFO ] [scheduling-1] [c.cmn.cfg.service.ConfigCacheService] [TranId: ] [BizTranId: ] [TraceId: ] [SpanId: ] [DynLevel: ] - Cache Refresh: Clearing config cache and fetching updated configs from database
2026-07-08 16:38:42.905 [INFO ] [scheduling-1] [c.c.msg.service.MessageCacheService] [TranId: ] [BizTranId: ] [TraceId: ] [SpanId: ] [DynLevel: ] - Scheduled cache reload triggered
2026-07-08 16:38:42.914 [INFO ] [scheduling-1] [c.c.msg.service.MessageCacheService] [TranId: ] [BizTranId: ] [TraceId: ] [SpanId: ] [DynLevel: ] - Cache Refresh: Clearing message cache and fetching updated messages from database
2026-07-08 16:38:42.919 [INFO ] [scheduling-1] [c.c.m.s.ResponseCodeCacheService] [TranId: ] [BizTranId: ] [TraceId: ] [SpanId: ] [DynLevel: ] - Cache Refresh: Clearing response code cache and fetching updated values
2026-07-08 16:38:42.923 [INFO ] [scheduling-1] [c.cmn.cde.service.CodeCacheService] [TranId: ] [BizTranId: ] [TraceId: ] [SpanId: ] [DynLevel: ] - Scheduled cache reload triggered
2026-07-08 16:38:42.924 [INFO ] [scheduling-1] [c.cmn.cde.service.CodeCacheService] [TranId: ] [BizTranId: ] [TraceId: ] [SpanId: ] [DynLevel: ] - Cache Refresh: Clearing code cache and fetching updated codes from database
2026-07-08 16:38:42.929 [INFO ] [scheduling-1] [c.cmn.cfg.service.ConfigCacheService] [TranId: ] [BizTranId: ] [TraceId: ] [SpanId: ] [DynLevel: ] - Scheduled config cache reload triggered
2026-07-08 16:38:42.930 [INFO ] [scheduling-1] [c.cmn.cfg.service.ConfigCacheService] [TranId: ] [BizTranId: ] [TraceId: ] [SpanId: ] [DynLevel: ] - Cache Refresh: Clearing config cache and fetching updated configs from database
2026-07-08 17:08:42.917 [INFO ] [scheduling-1] [c.c.msg.service.MessageCacheService] [TranId: ] [BizTranId: ] [TraceId: ] [SpanId: ] [DynLevel: ] - Scheduled cache reload triggered
2026-07-08 17:08:42.919 [INFO ] [scheduling-1] [c.c.msg.service.MessageCacheService] [TranId: ] [BizTranId: ] [TraceId: ] [SpanId: ] [DynLevel: ] - Cache Refresh: Clearing message cache and fetching updated messages from database
2026-07-08 17:08:42.922 [INFO ] [scheduling-1] [c.c.m.s.ResponseCodeCacheService] [TranId: ] [BizTranId: ] [TraceId: ] [SpanId: ] [DynLevel: ] - Cache Refresh: Clearing response code cache and fetching updated values
2026-07-08 17:08:42.923 [INFO ] [scheduling-1] [c.cmn.cde.service.CodeCacheService] [TranId: ] [BizTranId: ] [TraceId: ] [SpanId: ] [DynLevel: ] - Scheduled cache reload triggered
2026-07-08 17:08:42.924 [INFO ] [scheduling-1] [c.cmn.cde.service.CodeCacheService] [TranId: ] [BizTranId: ] [TraceId: ] [SpanId: ] [DynLevel: ] - Cache Refresh: Clearing code cache and fetching updated codes from database
2026-07-08 17:08:42.925 [INFO ] [scheduling-1] [c.cmn.cfg.service.ConfigCacheService] [TranId: ] [BizTranId: ] [TraceId: ] [SpanId: ] [DynLevel: ] - Scheduled config cache reload triggered
2026-07-08 17:08:42.925 [INFO ] [scheduling-1] [c.cmn.cfg.service.ConfigCacheService] [TranId: ] [BizTranId: ] [TraceId: ] [SpanId: ] [DynLevel: ] - Cache Refresh: Clearing config cache and fetching updated configs from database
2026-07-08 17:38:42.903 [INFO ] [scheduling-1] [c.c.msg.service.MessageCacheService] [TranId: ] [BizTranId: ] [TraceId: ] [SpanId: ] [DynLevel: ] - Scheduled cache reload triggered
2026-07-08 17:38:42.913 [INFO ] [scheduling-1] [c.c.msg.service.MessageCacheService] [TranId: ] [BizTranId: ] [TraceId: ] [SpanId: ] [DynLevel: ] - Cache Refresh: Clearing message cache and fetching updated messages from database
2026-07-08 17:38:42.920 [INFO ] [scheduling-1] [c.c.m.s.ResponseCodeCacheService] [TranId: ] [BizTranId: ] [TraceId: ] [SpanId: ] [DynLevel: ] - Cache Refresh: Clearing response code cache and fetching updated values
2026-07-08 17:38:42.925 [INFO ] [scheduling-1] [c.cmn.cde.service.CodeCacheService] [TranId: ] [BizTranId: ] [TraceId: ] [SpanId: ] [DynLevel: ] - Scheduled cache reload triggered
2026-07-08 17:38:42.926 [INFO ] [scheduling-1] [c.cmn.cde.service.CodeCacheService] [TranId: ] [BizTranId: ] [TraceId: ] [SpanId: ] [DynLevel: ] - Cache Refresh: Clearing code cache and fetching updated codes from database
2026-07-08 17:38:42.931 [INFO ] [scheduling-1] [c.cmn.cfg.service.ConfigCacheService] [TranId: ] [BizTranId: ] [TraceId: ] [SpanId: ] [DynLevel: ] - Scheduled config cache reload triggered
2026-07-08 17:38:42.931 [INFO ] [scheduling-1] [c.cmn.cfg.service.ConfigCacheService] [TranId: ] [BizTranId: ] [TraceId: ] [SpanId: ] [DynLevel: ] - Cache Refresh: Clearing config cache and fetching updated configs from database
2026-07-08 18:08:42.909 [INFO ] [scheduling-1] [c.c.msg.service.MessageCacheService] [TranId: ] [BizTranId: ] [TraceId: ] [SpanId: ] [DynLevel: ] - Scheduled cache reload triggered
2026-07-08 18:08:42.919 [INFO ] [scheduling-1] [c.c.msg.service.MessageCacheService] [TranId: ] [BizTranId: ] [TraceId: ] [SpanId: ] [DynLevel: ] - Cache Refresh: Clearing message cache and fetching updated messages from database
2026-07-08 18:08:42.925 [INFO ] [scheduling-1] [c.c.m.s.ResponseCodeCacheService] [TranId: ] [BizTranId: ] [TraceId: ] [SpanId: ] [DynLevel: ] - Cache Refresh: Clearing response code cache and fetching updated values
2026-07-08 18:08:42.929 [INFO ] [scheduling-1] [c.cmn.cde.service.CodeCacheService] [TranId: ] [BizTranId: ] [TraceId: ] [SpanId: ] [DynLevel: ] - Scheduled cache reload triggered
2026-07-08 18:08:42.929 [INFO ] [scheduling-1] [c.cmn.cde.service.CodeCacheService] [TranId: ] [BizTranId: ] [TraceId: ] [SpanId: ] [DynLevel: ] - Cache Refresh: Clearing code cache and fetching updated codes from database
2026-07-08 18:08:42.936 [INFO ] [scheduling-1] [c.cmn.cfg.service.ConfigCacheService] [TranId: ] [BizTranId: ] [TraceId: ] [SpanId: ] [DynLevel: ] - Scheduled config cache reload triggered
2026-07-08 18:08:42.937 [INFO ] [scheduling-1] [c.cmn.cfg.service.ConfigCacheService] [TranId: ] [BizTranId: ] [TraceId: ] [SpanId: ] [DynLevel: ] - Cache Refresh: Clearing config cache and fetching updated configs from database
2026-07-08 18:38:42.918 [INFO ] [scheduling-1] [c.c.msg.service.MessageCacheService] [TranId: ] [BizTranId: ] [TraceId: ] [SpanId: ] [DynLevel: ] - Scheduled cache reload triggered
2026-07-08 18:38:42.927 [INFO ] [scheduling-1] [c.c.msg.service.MessageCacheService] [TranId: ] [BizTranId: ] [TraceId: ] [SpanId: ] [DynLevel: ] - Cache Refresh: Clearing message cache and fetching updated messages from database
2026-07-08 18:38:42.932 [INFO ] [scheduling-1] [c.c.m.s.ResponseCodeCacheService] [TranId: ] [BizTranId: ] [TraceId: ] [SpanId: ] [DynLevel: ] - Cache Refresh: Clearing response code cache and fetching updated values
2026-07-08 18:38:42.946 [INFO ] [scheduling-1] [c.cmn.cde.service.CodeCacheService] [TranId: ] [BizTranId: ] [TraceId: ] [SpanId: ] [DynLevel: ] - Scheduled cache reload triggered
2026-07-08 18:38:42.947 [INFO ] [scheduling-1] [c.cmn.cde.service.CodeCacheService] [TranId: ] [BizTranId: ] [TraceId: ] [SpanId: ] [DynLevel: ] - Cache Refresh: Clearing code cache and fetching updated codes from database
2026-07-08 18:38:42.957 [INFO ] [scheduling-1] [c.cmn.cfg.service.ConfigCacheService] [TranId: ] [BizTranId: ] [TraceId: ] [SpanId: ] [DynLevel: ] - Scheduled config cache reload triggered
2026-07-08 18:38:42.958 [INFO ] [scheduling-1] [c.cmn.cfg.service.ConfigCacheService] [TranId: ] [BizTranId: ] [TraceId: ] [SpanId: ] [DynLevel: ] - Cache Refresh: Clearing config cache and fetching updated configs from database
2026-07-08 19:08:42.913 [INFO ] [scheduling-1] [c.c.msg.service.MessageCacheService] [TranId: ] [BizTranId: ] [TraceId: ] [SpanId: ] [DynLevel: ] - Scheduled cache reload triggered
2026-07-08 19:08:42.922 [INFO ] [scheduling-1] [c.c.msg.service.MessageCacheService] [TranId: ] [BizTranId: ] [TraceId: ] [SpanId: ] [DynLevel: ] - Cache Refresh: Clearing message cache and fetching updated messages from database
2026-07-08 19:08:42.928 [INFO ] [scheduling-1] [c.c.m.s.ResponseCodeCacheService] [TranId: ] [BizTranId: ] [TraceId: ] [SpanId: ] [DynLevel: ] - Cache Refresh: Clearing response code cache and fetching updated values
2026-07-08 19:08:42.935 [INFO ] [scheduling-1] [c.cmn.cde.service.CodeCacheService] [TranId: ] [BizTranId: ] [TraceId: ] [SpanId: ] [DynLevel: ] - Scheduled cache reload triggered
2026-07-08 19:08:42.936 [INFO ] [scheduling-1] [c.cmn.cde.service.CodeCacheService] [TranId: ] [BizTranId: ] [TraceId: ] [SpanId: ] [DynLevel: ] - Cache Refresh: Clearing code cache and fetching updated codes from database
2026-07-08 19:08:42.940 [INFO ] [scheduling-1] [c.cmn.cfg.service.ConfigCacheService] [TranId: ] [BizTranId: ] [TraceId: ] [SpanId: ] [DynLevel: ] - Scheduled config cache reload triggered
2026-07-08 19:08:42.941 [INFO ] [scheduling-1] [c.cmn.cfg.service.ConfigCacheService] [TranId: ] [BizTranId: ] [TraceId: ] [SpanId: ] [DynLevel: ] - Cache Refresh: Clearing config cache and fetching updated configs from database
2026-07-08 19:38:42.906 [INFO ] [scheduling-1] [c.c.msg.service.MessageCacheService] [TranId: ] [BizTranId: ] [TraceId: ] [SpanId: ] [DynLevel: ] - Scheduled cache reload triggered
2026-07-08 19:38:42.908 [INFO ] [scheduling-1] [c.c.msg.service.MessageCacheService] [TranId: ] [BizTranId: ] [TraceId: ] [SpanId: ] [DynLevel: ] - Cache Refresh: Clearing message cache and fetching updated messages from database
2026-07-08 19:38:42.914 [INFO ] [scheduling-1] [c.c.m.s.ResponseCodeCacheService] [TranId: ] [BizTranId: ] [TraceId: ] [SpanId: ] [DynLevel: ] - Cache Refresh: Clearing response code cache and fetching updated values
2026-07-08 19:38:42.920 [INFO ] [scheduling-1] [c.cmn.cde.service.CodeCacheService] [TranId: ] [BizTranId: ] [TraceId: ] [SpanId: ] [DynLevel: ] - Scheduled cache reload triggered
2026-07-08 19:38:42.921 [INFO ] [scheduling-1] [c.cmn.cde.service.CodeCacheService] [TranId: ] [BizTranId: ] [TraceId: ] [SpanId: ] [DynLevel: ] - Cache Refresh: Clearing code cache and fetching updated codes from database
2026-07-08 19:38:42.924 [INFO ] [scheduling-1] [c.cmn.cfg.service.ConfigCacheService] [TranId: ] [BizTranId: ] [TraceId: ] [SpanId: ] [DynLevel: ] - Scheduled config cache reload triggered
2026-07-08 19:38:42.924 [INFO ] [scheduling-1] [c.cmn.cfg.service.ConfigCacheService] [TranId: ] [BizTranId: ] [TraceId: ] [SpanId: ] [DynLevel: ] - Cache Refresh: Clearing config cache and fetching updated configs from database
2026-07-08 20:08:42.903 [INFO ] [scheduling-1] [c.c.msg.service.MessageCacheService] [TranId: ] [BizTranId: ] [TraceId: ] [SpanId: ] [DynLevel: ] - Scheduled cache reload triggered
2026-07-08 20:08:42.913 [INFO ] [scheduling-1] [c.c.msg.service.MessageCacheService] [TranId: ] [BizTranId: ] [TraceId: ] [SpanId: ] [DynLevel: ] - Cache Refresh: Clearing message cache and fetching updated messages from database
2026-07-08 20:08:42.917 [INFO ] [scheduling-1] [c.c.m.s.ResponseCodeCacheService] [TranId: ] [BizTranId: ] [TraceId: ] [SpanId: ] [DynLevel: ] - Cache Refresh: Clearing response code cache and fetching updated values
2026-07-08 20:08:42.921 [INFO ] [scheduling-1] [c.cmn.cde.service.CodeCacheService] [TranId: ] [BizTranId: ] [TraceId: ] [SpanId: ] [DynLevel: ] - Scheduled cache reload triggered
2026-07-08 20:08:42.921 [INFO ] [scheduling-1] [c.cmn.cde.service.CodeCacheService] [TranId: ] [BizTranId: ] [TraceId: ] [SpanId: ] [DynLevel: ] - Cache Refresh: Clearing code cache and fetching updated codes from database
2026-07-08 20:08:42.930 [INFO ] [scheduling-1] [c.cmn.cfg.service.ConfigCacheService] [TranId: ] [BizTranId: ] [TraceId: ] [SpanId: ] [DynLevel: ] - Scheduled config cache reload triggered
2026-07-08 20:08:42.930 [INFO ] [scheduling-1] [c.cmn.cfg.service.ConfigCacheService] [TranId: ] [BizTranId: ] [TraceId: ] [SpanId: ] [DynLevel: ] - Cache Refresh: Clearing config cache and fetching updated configs from database
2026-07-08 20:38:42.918 [INFO ] [scheduling-1] [c.c.msg.service.MessageCacheService] [TranId: ] [BizTranId: ] [TraceId: ] [SpanId: ] [DynLevel: ] - Scheduled cache reload triggered
2026-07-08 20:38:42.928 [INFO ] [scheduling-1] [c.c.msg.service.MessageCacheService] [TranId: ] [BizTranId: ] [TraceId: ] [SpanId: ] [DynLevel: ] - Cache Refresh: Clearing message cache and fetching updated messages from database
2026-07-08 20:38:42.934 [INFO ] [scheduling-1] [c.c.m.s.ResponseCodeCacheService] [TranId: ] [BizTranId: ] [TraceId: ] [SpanId: ] [DynLevel: ] - Cache Refresh: Clearing response code cache and fetching updated values
2026-07-08 20:38:42.938 [INFO ] [scheduling-1] [c.cmn.cde.service.CodeCacheService] [TranId: ] [BizTranId: ] [TraceId: ] [SpanId: ] [DynLevel: ] - Scheduled cache reload triggered
2026-07-08 20:38:42.939 [INFO ] [scheduling-1] [c.cmn.cde.service.CodeCacheService] [TranId: ] [BizTranId: ] [TraceId: ] [SpanId: ] [DynLevel: ] - Cache Refresh: Clearing code cache and fetching updated codes from database
2026-07-08 20:38:42.943 [INFO ] [scheduling-1] [c.cmn.cfg.service.ConfigCacheService] [TranId: ] [BizTranId: ] [TraceId: ] [SpanId: ] [DynLevel: ] - Scheduled config cache reload triggered
2026-07-08 20:38:42.944 [INFO ] [scheduling-1] [c.cmn.cfg.service.ConfigCacheService] [TranId: ] [BizTranId: ] [TraceId: ] [SpanId: ] [DynLevel: ] - Cache Refresh: Clearing config cache and fetching updated configs from database
2026-07-08 21:08:42.912 [INFO ] [scheduling-1] [c.c.msg.service.MessageCacheService] [TranId: ] [BizTranId: ] [TraceId: ] [SpanId: ] [DynLevel: ] - Scheduled cache reload triggered
2026-07-08 21:08:42.922 [INFO ] [scheduling-1] [c.c.msg.service.MessageCacheService] [TranId: ] [BizTranId: ] [TraceId: ] [SpanId: ] [DynLevel: ] - Cache Refresh: Clearing message cache and fetching updated messages from database
2026-07-08 21:08:42.928 [INFO ] [scheduling-1] [c.c.m.s.ResponseCodeCacheService] [TranId: ] [BizTranId: ] [TraceId: ] [SpanId: ] [DynLevel: ] - Cache Refresh: Clearing response code cache and fetching updated values
2026-07-08 21:08:42.932 [INFO ] [scheduling-1] [c.cmn.cde.service.CodeCacheService] [TranId: ] [BizTranId: ] [TraceId: ] [SpanId: ] [DynLevel: ] - Scheduled cache reload triggered
2026-07-08 21:08:42.933 [INFO ] [scheduling-1] [c.cmn.cde.service.CodeCacheService] [TranId: ] [BizTranId: ] [TraceId: ] [SpanId: ] [DynLevel: ] - Cache Refresh: Clearing code cache and fetching updated codes from database
2026-07-08 21:08:42.937 [INFO ] [scheduling-1] [c.cmn.cfg.service.ConfigCacheService] [TranId: ] [BizTranId: ] [TraceId: ] [SpanId: ] [DynLevel: ] - Scheduled config cache reload triggered
2026-07-08 21:08:42.937 [INFO ] [scheduling-1] [c.cmn.cfg.service.ConfigCacheService] [TranId: ] [BizTranId: ] [TraceId: ] [SpanId: ] [DynLevel: ] - Cache Refresh: Clearing config cache and fetching updated configs from database
2026-07-08 21:38:42.959 [INFO ] [scheduling-1] [c.c.msg.service.MessageCacheService] [TranId: ] [BizTranId: ] [TraceId: ] [SpanId: ] [DynLevel: ] - Scheduled cache reload triggered
2026-07-08 21:38:42.969 [INFO ] [scheduling-1] [c.c.msg.service.MessageCacheService] [TranId: ] [BizTranId: ] [TraceId: ] [SpanId: ] [DynLevel: ] - Cache Refresh: Clearing message cache and fetching updated messages from database
2026-07-08 21:38:42.974 [INFO ] [scheduling-1] [c.c.m.s.ResponseCodeCacheService] [TranId: ] [BizTranId: ] [TraceId: ] [SpanId: ] [DynLevel: ] - Cache Refresh: Clearing response code cache and fetching updated values
2026-07-08 21:38:42.979 [INFO ] [scheduling-1] [c.cmn.cde.service.CodeCacheService] [TranId: ] [BizTranId: ] [TraceId: ] [SpanId: ] [DynLevel: ] - Scheduled cache reload triggered
2026-07-08 21:38:42.979 [INFO ] [scheduling-1] [c.cmn.cde.service.CodeCacheService] [TranId: ] [BizTranId: ] [TraceId: ] [SpanId: ] [DynLevel: ] - Cache Refresh: Clearing code cache and fetching updated codes from database
2026-07-08 21:38:42.984 [INFO ] [scheduling-1] [c.cmn.cfg.service.ConfigCacheService] [TranId: ] [BizTranId: ] [TraceId: ] [SpanId: ] [DynLevel: ] - Scheduled config cache reload triggered
2026-07-08 21:38:42.985 [INFO ] [scheduling-1] [c.cmn.cfg.service.ConfigCacheService] [TranId: ] [BizTranId: ] [TraceId: ] [SpanId: ] [DynLevel: ] - Cache Refresh: Clearing config cache and fetching updated configs from database
2026-07-08 22:08:43.013 [INFO ] [scheduling-1] [c.c.msg.service.MessageCacheService] [TranId: ] [BizTranId: ] [TraceId: ] [SpanId: ] [DynLevel: ] - Scheduled cache reload triggered
2026-07-08 22:08:43.022 [INFO ] [scheduling-1] [c.c.msg.service.MessageCacheService] [TranId: ] [BizTranId: ] [TraceId: ] [SpanId: ] [DynLevel: ] - Cache Refresh: Clearing message cache and fetching updated messages from database
2026-07-08 22:08:43.026 [INFO ] [scheduling-1] [c.c.m.s.ResponseCodeCacheService] [TranId: ] [BizTranId: ] [TraceId: ] [SpanId: ] [DynLevel: ] - Cache Refresh: Clearing response code cache and fetching updated values
2026-07-08 22:08:43.028 [INFO ] [scheduling-1] [c.cmn.cde.service.CodeCacheService] [TranId: ] [BizTranId: ] [TraceId: ] [SpanId: ] [DynLevel: ] - Scheduled cache reload triggered
2026-07-08 22:08:43.028 [INFO ] [scheduling-1] [c.cmn.cde.service.CodeCacheService] [TranId: ] [BizTranId: ] [TraceId: ] [SpanId: ] [DynLevel: ] - Cache Refresh: Clearing code cache and fetching updated codes from database
2026-07-08 22:08:43.031 [INFO ] [scheduling-1] [c.cmn.cfg.service.ConfigCacheService] [TranId: ] [BizTranId: ] [TraceId: ] [SpanId: ] [DynLevel: ] - Scheduled config cache reload triggered
2026-07-08 22:08:43.032 [INFO ] [scheduling-1] [c.cmn.cfg.service.ConfigCacheService] [TranId: ] [BizTranId: ] [TraceId: ] [SpanId: ] [DynLevel: ] - Cache Refresh: Clearing config cache and fetching updated configs from database
2026-07-08 22:38:43.041 [INFO ] [scheduling-1] [c.c.msg.service.MessageCacheService] [TranId: ] [BizTranId: ] [TraceId: ] [SpanId: ] [DynLevel: ] - Scheduled cache reload triggered
2026-07-08 22:38:43.055 [INFO ] [scheduling-1] [c.c.msg.service.MessageCacheService] [TranId: ] [BizTranId: ] [TraceId: ] [SpanId: ] [DynLevel: ] - Cache Refresh: Clearing message cache and fetching updated messages from database
2026-07-08 22:38:43.062 [INFO ] [scheduling-1] [c.c.m.s.ResponseCodeCacheService] [TranId: ] [BizTranId: ] [TraceId: ] [SpanId: ] [DynLevel: ] - Cache Refresh: Clearing response code cache and fetching updated values
2026-07-08 22:38:43.067 [INFO ] [scheduling-1] [c.cmn.cde.service.CodeCacheService] [TranId: ] [BizTranId: ] [TraceId: ] [SpanId: ] [DynLevel: ] - Scheduled cache reload triggered
2026-07-08 22:38:43.067 [INFO ] [scheduling-1] [c.cmn.cde.service.CodeCacheService] [TranId: ] [BizTranId: ] [TraceId: ] [SpanId: ] [DynLevel: ] - Cache Refresh: Clearing code cache and fetching updated codes from database
2026-07-08 22:38:43.070 [INFO ] [scheduling-1] [c.cmn.cfg.service.ConfigCacheService] [TranId: ] [BizTranId: ] [TraceId: ] [SpanId: ] [DynLevel: ] - Scheduled config cache reload triggered
2026-07-08 22:38:43.071 [INFO ] [scheduling-1] [c.cmn.cfg.service.ConfigCacheService] [TranId: ] [BizTranId: ] [TraceId: ] [SpanId: ] [DynLevel: ] - Cache Refresh: Clearing config cache and fetching updated configs from database
2026-07-08 23:08:43.060 [INFO ] [scheduling-1] [c.c.msg.service.MessageCacheService] [TranId: ] [BizTranId: ] [TraceId: ] [SpanId: ] [DynLevel: ] - Scheduled cache reload triggered
2026-07-08 23:08:43.073 [INFO ] [scheduling-1] [c.c.msg.service.MessageCacheService] [TranId: ] [BizTranId: ] [TraceId: ] [SpanId: ] [DynLevel: ] - Cache Refresh: Clearing message cache and fetching updated messages from database
2026-07-08 23:08:43.077 [INFO ] [scheduling-1] [c.c.m.s.ResponseCodeCacheService] [TranId: ] [BizTranId: ] [TraceId: ] [SpanId: ] [DynLevel: ] - Cache Refresh: Clearing response code cache and fetching updated values
2026-07-08 23:08:43.080 [INFO ] [scheduling-1] [c.cmn.cde.service.CodeCacheService] [TranId: ] [BizTranId: ] [TraceId: ] [SpanId: ] [DynLevel: ] - Scheduled cache reload triggered
2026-07-08 23:08:43.081 [INFO ] [scheduling-1] [c.cmn.cde.service.CodeCacheService] [TranId: ] [BizTranId: ] [TraceId: ] [SpanId: ] [DynLevel: ] - Cache Refresh: Clearing code cache and fetching updated codes from database
2026-07-08 23:08:43.085 [INFO ] [scheduling-1] [c.cmn.cfg.service.ConfigCacheService] [TranId: ] [BizTranId: ] [TraceId: ] [SpanId: ] [DynLevel: ] - Scheduled config cache reload triggered
2026-07-08 23:08:43.087 [INFO ] [scheduling-1] [c.cmn.cfg.service.ConfigCacheService] [TranId: ] [BizTranId: ] [TraceId: ] [SpanId: ] [DynLevel: ] - Cache Refresh: Clearing config cache and fetching updated configs from database
2026-07-08 23:38:43.071 [INFO ] [scheduling-1] [c.c.msg.service.MessageCacheService] [TranId: ] [BizTranId: ] [TraceId: ] [SpanId: ] [DynLevel: ] - Scheduled cache reload triggered
2026-07-08 23:38:43.082 [INFO ] [scheduling-1] [c.c.msg.service.MessageCacheService] [TranId: ] [BizTranId: ] [TraceId: ] [SpanId: ] [DynLevel: ] - Cache Refresh: Clearing message cache and fetching updated messages from database
2026-07-08 23:38:43.088 [INFO ] [scheduling-1] [c.c.m.s.ResponseCodeCacheService] [TranId: ] [BizTranId: ] [TraceId: ] [SpanId: ] [DynLevel: ] - Cache Refresh: Clearing response code cache and fetching updated values
2026-07-08 23:38:43.092 [INFO ] [scheduling-1] [c.cmn.cde.service.CodeCacheService] [TranId: ] [BizTranId: ] [TraceId: ] [SpanId: ] [DynLevel: ] - Scheduled cache reload triggered
2026-07-08 23:38:43.092 [INFO ] [scheduling-1] [c.cmn.cde.service.CodeCacheService] [TranId: ] [BizTranId: ] [TraceId: ] [SpanId: ] [DynLevel: ] - Cache Refresh: Clearing code cache and fetching updated codes from database
2026-07-08 23:38:43.096 [INFO ] [scheduling-1] [c.cmn.cfg.service.ConfigCacheService] [TranId: ] [BizTranId: ] [TraceId: ] [SpanId: ] [DynLevel: ] - Scheduled config cache reload triggered
2026-07-08 23:38:43.096 [INFO ] [scheduling-1] [c.cmn.cfg.service.ConfigCacheService] [TranId: ] [BizTranId: ] [TraceId: ] [SpanId: ] [DynLevel: ] - Cache Refresh: Clearing config cache and fetching updated configs from database
