2026-07-09 00:08:43.089 [INFO ] [scheduling-1] [c.c.msg.service.MessageCacheService] [TranId: ] [BizTranId: ] [TraceId: ] [SpanId: ] [DynLevel: ] - Scheduled cache reload triggered
2026-07-09 00:08:43.090 [INFO ] [scheduling-1] [c.c.msg.service.MessageCacheService] [TranId: ] [BizTranId: ] [TraceId: ] [SpanId: ] [DynLevel: ] - Cache Refresh: Clearing message cache and fetching updated messages from database
2026-07-09 00:08:43.098 [INFO ] [scheduling-1] [c.c.m.s.ResponseCodeCacheService] [TranId: ] [BizTranId: ] [TraceId: ] [SpanId: ] [DynLevel: ] - Cache Refresh: Clearing response code cache and fetching updated values
2026-07-09 00:08:43.102 [INFO ] [scheduling-1] [c.cmn.cde.service.CodeCacheService] [TranId: ] [BizTranId: ] [TraceId: ] [SpanId: ] [DynLevel: ] - Scheduled cache reload triggered
2026-07-09 00:08:43.103 [INFO ] [scheduling-1] [c.cmn.cde.service.CodeCacheService] [TranId: ] [BizTranId: ] [TraceId: ] [SpanId: ] [DynLevel: ] - Cache Refresh: Clearing code cache and fetching updated codes from database
2026-07-09 00:08:43.107 [INFO ] [scheduling-1] [c.cmn.cfg.service.ConfigCacheService] [TranId: ] [BizTranId: ] [TraceId: ] [SpanId: ] [DynLevel: ] - Scheduled config cache reload triggered
2026-07-09 00:08:43.109 [INFO ] [scheduling-1] [c.cmn.cfg.service.ConfigCacheService] [TranId: ] [BizTranId: ] [TraceId: ] [SpanId: ] [DynLevel: ] - Cache Refresh: Clearing config cache and fetching updated configs from database
2026-07-09 00:38:43.083 [INFO ] [scheduling-1] [c.c.msg.service.MessageCacheService] [TranId: ] [BizTranId: ] [TraceId: ] [SpanId: ] [DynLevel: ] - Scheduled cache reload triggered
2026-07-09 00:38:43.097 [INFO ] [scheduling-1] [c.c.msg.service.MessageCacheService] [TranId: ] [BizTranId: ] [TraceId: ] [SpanId: ] [DynLevel: ] - Cache Refresh: Clearing message cache and fetching updated messages from database
2026-07-09 00:38:43.103 [INFO ] [scheduling-1] [c.c.m.s.ResponseCodeCacheService] [TranId: ] [BizTranId: ] [TraceId: ] [SpanId: ] [DynLevel: ] - Cache Refresh: Clearing response code cache and fetching updated values
2026-07-09 00:38:43.108 [INFO ] [scheduling-1] [c.cmn.cde.service.CodeCacheService] [TranId: ] [BizTranId: ] [TraceId: ] [SpanId: ] [DynLevel: ] - Scheduled cache reload triggered
2026-07-09 00:38:43.109 [INFO ] [scheduling-1] [c.cmn.cde.service.CodeCacheService] [TranId: ] [BizTranId: ] [TraceId: ] [SpanId: ] [DynLevel: ] - Cache Refresh: Clearing code cache and fetching updated codes from database
2026-07-09 00:38:43.113 [INFO ] [scheduling-1] [c.cmn.cfg.service.ConfigCacheService] [TranId: ] [BizTranId: ] [TraceId: ] [SpanId: ] [DynLevel: ] - Scheduled config cache reload triggered
2026-07-09 00:38:43.114 [INFO ] [scheduling-1] [c.cmn.cfg.service.ConfigCacheService] [TranId: ] [BizTranId: ] [TraceId: ] [SpanId: ] [DynLevel: ] - Cache Refresh: Clearing config cache and fetching updated configs from database
2026-07-09 01:08:43.093 [INFO ] [scheduling-1] [c.c.msg.service.MessageCacheService] [TranId: ] [BizTranId: ] [TraceId: ] [SpanId: ] [DynLevel: ] - Scheduled cache reload triggered
2026-07-09 01:08:43.103 [INFO ] [scheduling-1] [c.c.msg.service.MessageCacheService] [TranId: ] [BizTranId: ] [TraceId: ] [SpanId: ] [DynLevel: ] - Cache Refresh: Clearing message cache and fetching updated messages from database
2026-07-09 01:08:43.108 [INFO ] [scheduling-1] [c.c.m.s.ResponseCodeCacheService] [TranId: ] [BizTranId: ] [TraceId: ] [SpanId: ] [DynLevel: ] - Cache Refresh: Clearing response code cache and fetching updated values
2026-07-09 01:08:43.112 [INFO ] [scheduling-1] [c.cmn.cde.service.CodeCacheService] [TranId: ] [BizTranId: ] [TraceId: ] [SpanId: ] [DynLevel: ] - Scheduled cache reload triggered
2026-07-09 01:08:43.112 [INFO ] [scheduling-1] [c.cmn.cde.service.CodeCacheService] [TranId: ] [BizTranId: ] [TraceId: ] [SpanId: ] [DynLevel: ] - Cache Refresh: Clearing code cache and fetching updated codes from database
2026-07-09 01:08:43.116 [INFO ] [scheduling-1] [c.cmn.cfg.service.ConfigCacheService] [TranId: ] [BizTranId: ] [TraceId: ] [SpanId: ] [DynLevel: ] - Scheduled config cache reload triggered
2026-07-09 01:08:43.116 [INFO ] [scheduling-1] [c.cmn.cfg.service.ConfigCacheService] [TranId: ] [BizTranId: ] [TraceId: ] [SpanId: ] [DynLevel: ] - Cache Refresh: Clearing config cache and fetching updated configs from database
2026-07-09 01:38:43.096 [INFO ] [scheduling-1] [c.c.msg.service.MessageCacheService] [TranId: ] [BizTranId: ] [TraceId: ] [SpanId: ] [DynLevel: ] - Scheduled cache reload triggered
2026-07-09 01:38:43.098 [INFO ] [scheduling-1] [c.c.msg.service.MessageCacheService] [TranId: ] [BizTranId: ] [TraceId: ] [SpanId: ] [DynLevel: ] - Cache Refresh: Clearing message cache and fetching updated messages from database
2026-07-09 01:38:43.103 [INFO ] [scheduling-1] [c.c.m.s.ResponseCodeCacheService] [TranId: ] [BizTranId: ] [TraceId: ] [SpanId: ] [DynLevel: ] - Cache Refresh: Clearing response code cache and fetching updated values
2026-07-09 01:38:43.110 [INFO ] [scheduling-1] [c.cmn.cde.service.CodeCacheService] [TranId: ] [BizTranId: ] [TraceId: ] [SpanId: ] [DynLevel: ] - Scheduled cache reload triggered
2026-07-09 01:38:43.110 [INFO ] [scheduling-1] [c.cmn.cde.service.CodeCacheService] [TranId: ] [BizTranId: ] [TraceId: ] [SpanId: ] [DynLevel: ] - Cache Refresh: Clearing code cache and fetching updated codes from database
2026-07-09 01:38:43.114 [INFO ] [scheduling-1] [c.cmn.cfg.service.ConfigCacheService] [TranId: ] [BizTranId: ] [TraceId: ] [SpanId: ] [DynLevel: ] - Scheduled config cache reload triggered
2026-07-09 01:38:43.114 [INFO ] [scheduling-1] [c.cmn.cfg.service.ConfigCacheService] [TranId: ] [BizTranId: ] [TraceId: ] [SpanId: ] [DynLevel: ] - Cache Refresh: Clearing config cache and fetching updated configs from database
2026-07-09 02:08:43.099 [INFO ] [scheduling-1] [c.c.msg.service.MessageCacheService] [TranId: ] [BizTranId: ] [TraceId: ] [SpanId: ] [DynLevel: ] - Scheduled cache reload triggered
2026-07-09 02:08:43.108 [INFO ] [scheduling-1] [c.c.msg.service.MessageCacheService] [TranId: ] [BizTranId: ] [TraceId: ] [SpanId: ] [DynLevel: ] - Cache Refresh: Clearing message cache and fetching updated messages from database
2026-07-09 02:08:43.115 [INFO ] [scheduling-1] [c.c.m.s.ResponseCodeCacheService] [TranId: ] [BizTranId: ] [TraceId: ] [SpanId: ] [DynLevel: ] - Cache Refresh: Clearing response code cache and fetching updated values
2026-07-09 02:08:43.119 [INFO ] [scheduling-1] [c.cmn.cde.service.CodeCacheService] [TranId: ] [BizTranId: ] [TraceId: ] [SpanId: ] [DynLevel: ] - Scheduled cache reload triggered
2026-07-09 02:08:43.120 [INFO ] [scheduling-1] [c.cmn.cde.service.CodeCacheService] [TranId: ] [BizTranId: ] [TraceId: ] [SpanId: ] [DynLevel: ] - Cache Refresh: Clearing code cache and fetching updated codes from database
2026-07-09 02:08:43.123 [INFO ] [scheduling-1] [c.cmn.cfg.service.ConfigCacheService] [TranId: ] [BizTranId: ] [TraceId: ] [SpanId: ] [DynLevel: ] - Scheduled config cache reload triggered
2026-07-09 02:08:43.124 [INFO ] [scheduling-1] [c.cmn.cfg.service.ConfigCacheService] [TranId: ] [BizTranId: ] [TraceId: ] [SpanId: ] [DynLevel: ] - Cache Refresh: Clearing config cache and fetching updated configs from database
2026-07-09 02:38:43.115 [INFO ] [scheduling-1] [c.c.msg.service.MessageCacheService] [TranId: ] [BizTranId: ] [TraceId: ] [SpanId: ] [DynLevel: ] - Scheduled cache reload triggered
2026-07-09 02:38:43.126 [INFO ] [scheduling-1] [c.c.msg.service.MessageCacheService] [TranId: ] [BizTranId: ] [TraceId: ] [SpanId: ] [DynLevel: ] - Cache Refresh: Clearing message cache and fetching updated messages from database
2026-07-09 02:38:43.132 [INFO ] [scheduling-1] [c.c.m.s.ResponseCodeCacheService] [TranId: ] [BizTranId: ] [TraceId: ] [SpanId: ] [DynLevel: ] - Cache Refresh: Clearing response code cache and fetching updated values
2026-07-09 02:38:43.136 [INFO ] [scheduling-1] [c.cmn.cde.service.CodeCacheService] [TranId: ] [BizTranId: ] [TraceId: ] [SpanId: ] [DynLevel: ] - Scheduled cache reload triggered
2026-07-09 02:38:43.137 [INFO ] [scheduling-1] [c.cmn.cde.service.CodeCacheService] [TranId: ] [BizTranId: ] [TraceId: ] [SpanId: ] [DynLevel: ] - Cache Refresh: Clearing code cache and fetching updated codes from database
2026-07-09 02:38:43.140 [INFO ] [scheduling-1] [c.cmn.cfg.service.ConfigCacheService] [TranId: ] [BizTranId: ] [TraceId: ] [SpanId: ] [DynLevel: ] - Scheduled config cache reload triggered
2026-07-09 02:38:43.141 [INFO ] [scheduling-1] [c.cmn.cfg.service.ConfigCacheService] [TranId: ] [BizTranId: ] [TraceId: ] [SpanId: ] [DynLevel: ] - Cache Refresh: Clearing config cache and fetching updated configs from database
2026-07-09 03:08:43.107 [INFO ] [scheduling-1] [c.c.msg.service.MessageCacheService] [TranId: ] [BizTranId: ] [TraceId: ] [SpanId: ] [DynLevel: ] - Scheduled cache reload triggered
2026-07-09 03:08:43.117 [INFO ] [scheduling-1] [c.c.msg.service.MessageCacheService] [TranId: ] [BizTranId: ] [TraceId: ] [SpanId: ] [DynLevel: ] - Cache Refresh: Clearing message cache and fetching updated messages from database
2026-07-09 03:08:43.125 [INFO ] [scheduling-1] [c.c.m.s.ResponseCodeCacheService] [TranId: ] [BizTranId: ] [TraceId: ] [SpanId: ] [DynLevel: ] - Cache Refresh: Clearing response code cache and fetching updated values
2026-07-09 03:08:43.129 [INFO ] [scheduling-1] [c.cmn.cde.service.CodeCacheService] [TranId: ] [BizTranId: ] [TraceId: ] [SpanId: ] [DynLevel: ] - Scheduled cache reload triggered
2026-07-09 03:08:43.130 [INFO ] [scheduling-1] [c.cmn.cde.service.CodeCacheService] [TranId: ] [BizTranId: ] [TraceId: ] [SpanId: ] [DynLevel: ] - Cache Refresh: Clearing code cache and fetching updated codes from database
2026-07-09 03:08:43.134 [INFO ] [scheduling-1] [c.cmn.cfg.service.ConfigCacheService] [TranId: ] [BizTranId: ] [TraceId: ] [SpanId: ] [DynLevel: ] - Scheduled config cache reload triggered
2026-07-09 03:08:43.135 [INFO ] [scheduling-1] [c.cmn.cfg.service.ConfigCacheService] [TranId: ] [BizTranId: ] [TraceId: ] [SpanId: ] [DynLevel: ] - Cache Refresh: Clearing config cache and fetching updated configs from database
2026-07-09 03:38:43.112 [INFO ] [scheduling-1] [c.c.msg.service.MessageCacheService] [TranId: ] [BizTranId: ] [TraceId: ] [SpanId: ] [DynLevel: ] - Scheduled cache reload triggered
2026-07-09 03:38:43.122 [INFO ] [scheduling-1] [c.c.msg.service.MessageCacheService] [TranId: ] [BizTranId: ] [TraceId: ] [SpanId: ] [DynLevel: ] - Cache Refresh: Clearing message cache and fetching updated messages from database
2026-07-09 03:38:43.126 [INFO ] [scheduling-1] [c.c.m.s.ResponseCodeCacheService] [TranId: ] [BizTranId: ] [TraceId: ] [SpanId: ] [DynLevel: ] - Cache Refresh: Clearing response code cache and fetching updated values
2026-07-09 03:38:43.130 [INFO ] [scheduling-1] [c.cmn.cde.service.CodeCacheService] [TranId: ] [BizTranId: ] [TraceId: ] [SpanId: ] [DynLevel: ] - Scheduled cache reload triggered
2026-07-09 03:38:43.130 [INFO ] [scheduling-1] [c.cmn.cde.service.CodeCacheService] [TranId: ] [BizTranId: ] [TraceId: ] [SpanId: ] [DynLevel: ] - Cache Refresh: Clearing code cache and fetching updated codes from database
2026-07-09 03:38:43.134 [INFO ] [scheduling-1] [c.cmn.cfg.service.ConfigCacheService] [TranId: ] [BizTranId: ] [TraceId: ] [SpanId: ] [DynLevel: ] - Scheduled config cache reload triggered
2026-07-09 03:38:43.134 [INFO ] [scheduling-1] [c.cmn.cfg.service.ConfigCacheService] [TranId: ] [BizTranId: ] [TraceId: ] [SpanId: ] [DynLevel: ] - Cache Refresh: Clearing config cache and fetching updated configs from database
2026-07-09 04:08:43.123 [INFO ] [scheduling-1] [c.c.msg.service.MessageCacheService] [TranId: ] [BizTranId: ] [TraceId: ] [SpanId: ] [DynLevel: ] - Scheduled cache reload triggered
2026-07-09 04:08:43.134 [INFO ] [scheduling-1] [c.c.msg.service.MessageCacheService] [TranId: ] [BizTranId: ] [TraceId: ] [SpanId: ] [DynLevel: ] - Cache Refresh: Clearing message cache and fetching updated messages from database
2026-07-09 04:08:43.141 [INFO ] [scheduling-1] [c.c.m.s.ResponseCodeCacheService] [TranId: ] [BizTranId: ] [TraceId: ] [SpanId: ] [DynLevel: ] - Cache Refresh: Clearing response code cache and fetching updated values
2026-07-09 04:08:43.147 [INFO ] [scheduling-1] [c.cmn.cde.service.CodeCacheService] [TranId: ] [BizTranId: ] [TraceId: ] [SpanId: ] [DynLevel: ] - Scheduled cache reload triggered
2026-07-09 04:08:43.148 [INFO ] [scheduling-1] [c.cmn.cde.service.CodeCacheService] [TranId: ] [BizTranId: ] [TraceId: ] [SpanId: ] [DynLevel: ] - Cache Refresh: Clearing code cache and fetching updated codes from database
2026-07-09 04:08:43.154 [INFO ] [scheduling-1] [c.cmn.cfg.service.ConfigCacheService] [TranId: ] [BizTranId: ] [TraceId: ] [SpanId: ] [DynLevel: ] - Scheduled config cache reload triggered
2026-07-09 04:08:43.154 [INFO ] [scheduling-1] [c.cmn.cfg.service.ConfigCacheService] [TranId: ] [BizTranId: ] [TraceId: ] [SpanId: ] [DynLevel: ] - Cache Refresh: Clearing config cache and fetching updated configs from database
2026-07-09 04:38:43.121 [INFO ] [scheduling-1] [c.c.msg.service.MessageCacheService] [TranId: ] [BizTranId: ] [TraceId: ] [SpanId: ] [DynLevel: ] - Scheduled cache reload triggered
2026-07-09 04:38:43.131 [INFO ] [scheduling-1] [c.c.msg.service.MessageCacheService] [TranId: ] [BizTranId: ] [TraceId: ] [SpanId: ] [DynLevel: ] - Cache Refresh: Clearing message cache and fetching updated messages from database
2026-07-09 04:38:43.141 [INFO ] [scheduling-1] [c.c.m.s.ResponseCodeCacheService] [TranId: ] [BizTranId: ] [TraceId: ] [SpanId: ] [DynLevel: ] - Cache Refresh: Clearing response code cache and fetching updated values
2026-07-09 04:38:43.146 [INFO ] [scheduling-1] [c.cmn.cde.service.CodeCacheService] [TranId: ] [BizTranId: ] [TraceId: ] [SpanId: ] [DynLevel: ] - Scheduled cache reload triggered
2026-07-09 04:38:43.147 [INFO ] [scheduling-1] [c.cmn.cde.service.CodeCacheService] [TranId: ] [BizTranId: ] [TraceId: ] [SpanId: ] [DynLevel: ] - Cache Refresh: Clearing code cache and fetching updated codes from database
2026-07-09 04:38:43.152 [INFO ] [scheduling-1] [c.cmn.cfg.service.ConfigCacheService] [TranId: ] [BizTranId: ] [TraceId: ] [SpanId: ] [DynLevel: ] - Scheduled config cache reload triggered
2026-07-09 04:38:43.152 [INFO ] [scheduling-1] [c.cmn.cfg.service.ConfigCacheService] [TranId: ] [BizTranId: ] [TraceId: ] [SpanId: ] [DynLevel: ] - Cache Refresh: Clearing config cache and fetching updated configs from database
2026-07-09 05:08:43.128 [INFO ] [scheduling-1] [c.c.msg.service.MessageCacheService] [TranId: ] [BizTranId: ] [TraceId: ] [SpanId: ] [DynLevel: ] - Scheduled cache reload triggered
2026-07-09 05:08:43.137 [INFO ] [scheduling-1] [c.c.msg.service.MessageCacheService] [TranId: ] [BizTranId: ] [TraceId: ] [SpanId: ] [DynLevel: ] - Cache Refresh: Clearing message cache and fetching updated messages from database
2026-07-09 05:08:43.142 [INFO ] [scheduling-1] [c.c.m.s.ResponseCodeCacheService] [TranId: ] [BizTranId: ] [TraceId: ] [SpanId: ] [DynLevel: ] - Cache Refresh: Clearing response code cache and fetching updated values
2026-07-09 05:08:43.147 [INFO ] [scheduling-1] [c.cmn.cde.service.CodeCacheService] [TranId: ] [BizTranId: ] [TraceId: ] [SpanId: ] [DynLevel: ] - Scheduled cache reload triggered
2026-07-09 05:08:43.147 [INFO ] [scheduling-1] [c.cmn.cde.service.CodeCacheService] [TranId: ] [BizTranId: ] [TraceId: ] [SpanId: ] [DynLevel: ] - Cache Refresh: Clearing code cache and fetching updated codes from database
2026-07-09 05:08:43.152 [INFO ] [scheduling-1] [c.cmn.cfg.service.ConfigCacheService] [TranId: ] [BizTranId: ] [TraceId: ] [SpanId: ] [DynLevel: ] - Scheduled config cache reload triggered
2026-07-09 05:08:43.153 [INFO ] [scheduling-1] [c.cmn.cfg.service.ConfigCacheService] [TranId: ] [BizTranId: ] [TraceId: ] [SpanId: ] [DynLevel: ] - Cache Refresh: Clearing config cache and fetching updated configs from database
2026-07-09 05:38:43.129 [INFO ] [scheduling-1] [c.c.msg.service.MessageCacheService] [TranId: ] [BizTranId: ] [TraceId: ] [SpanId: ] [DynLevel: ] - Scheduled cache reload triggered
2026-07-09 05:38:43.137 [INFO ] [scheduling-1] [c.c.msg.service.MessageCacheService] [TranId: ] [BizTranId: ] [TraceId: ] [SpanId: ] [DynLevel: ] - Cache Refresh: Clearing message cache and fetching updated messages from database
2026-07-09 05:38:43.140 [INFO ] [scheduling-1] [c.c.m.s.ResponseCodeCacheService] [TranId: ] [BizTranId: ] [TraceId: ] [SpanId: ] [DynLevel: ] - Cache Refresh: Clearing response code cache and fetching updated values
2026-07-09 05:38:43.141 [INFO ] [scheduling-1] [c.cmn.cde.service.CodeCacheService] [TranId: ] [BizTranId: ] [TraceId: ] [SpanId: ] [DynLevel: ] - Scheduled cache reload triggered
2026-07-09 05:38:43.141 [INFO ] [scheduling-1] [c.cmn.cde.service.CodeCacheService] [TranId: ] [BizTranId: ] [TraceId: ] [SpanId: ] [DynLevel: ] - Cache Refresh: Clearing code cache and fetching updated codes from database
2026-07-09 05:38:43.141 [INFO ] [scheduling-1] [c.cmn.cfg.service.ConfigCacheService] [TranId: ] [BizTranId: ] [TraceId: ] [SpanId: ] [DynLevel: ] - Scheduled config cache reload triggered
2026-07-09 05:38:43.141 [INFO ] [scheduling-1] [c.cmn.cfg.service.ConfigCacheService] [TranId: ] [BizTranId: ] [TraceId: ] [SpanId: ] [DynLevel: ] - Cache Refresh: Clearing config cache and fetching updated configs from database
2026-07-09 06:08:43.136 [INFO ] [scheduling-1] [c.c.msg.service.MessageCacheService] [TranId: ] [BizTranId: ] [TraceId: ] [SpanId: ] [DynLevel: ] - Scheduled cache reload triggered
2026-07-09 06:08:43.146 [INFO ] [scheduling-1] [c.c.msg.service.MessageCacheService] [TranId: ] [BizTranId: ] [TraceId: ] [SpanId: ] [DynLevel: ] - Cache Refresh: Clearing message cache and fetching updated messages from database
2026-07-09 06:08:43.152 [INFO ] [scheduling-1] [c.c.m.s.ResponseCodeCacheService] [TranId: ] [BizTranId: ] [TraceId: ] [SpanId: ] [DynLevel: ] - Cache Refresh: Clearing response code cache and fetching updated values
2026-07-09 06:08:43.155 [INFO ] [scheduling-1] [c.cmn.cde.service.CodeCacheService] [TranId: ] [BizTranId: ] [TraceId: ] [SpanId: ] [DynLevel: ] - Scheduled cache reload triggered
2026-07-09 06:08:43.156 [INFO ] [scheduling-1] [c.cmn.cde.service.CodeCacheService] [TranId: ] [BizTranId: ] [TraceId: ] [SpanId: ] [DynLevel: ] - Cache Refresh: Clearing code cache and fetching updated codes from database
2026-07-09 06:08:43.161 [INFO ] [scheduling-1] [c.cmn.cfg.service.ConfigCacheService] [TranId: ] [BizTranId: ] [TraceId: ] [SpanId: ] [DynLevel: ] - Scheduled config cache reload triggered
2026-07-09 06:08:43.162 [INFO ] [scheduling-1] [c.cmn.cfg.service.ConfigCacheService] [TranId: ] [BizTranId: ] [TraceId: ] [SpanId: ] [DynLevel: ] - Cache Refresh: Clearing config cache and fetching updated configs from database
2026-07-09 06:38:42.019 [INFO ] [scheduling-1] [c.c.msg.service.MessageCacheService] [TranId: ] [BizTranId: ] [TraceId: ] [SpanId: ] [DynLevel: ] - Scheduled cache reload triggered
2026-07-09 06:38:42.030 [INFO ] [scheduling-1] [c.c.msg.service.MessageCacheService] [TranId: ] [BizTranId: ] [TraceId: ] [SpanId: ] [DynLevel: ] - Cache Refresh: Clearing message cache and fetching updated messages from database
2026-07-09 06:38:42.036 [INFO ] [scheduling-1] [c.c.m.s.ResponseCodeCacheService] [TranId: ] [BizTranId: ] [TraceId: ] [SpanId: ] [DynLevel: ] - Cache Refresh: Clearing response code cache and fetching updated values
2026-07-09 06:38:42.041 [INFO ] [scheduling-1] [c.cmn.cde.service.CodeCacheService] [TranId: ] [BizTranId: ] [TraceId: ] [SpanId: ] [DynLevel: ] - Scheduled cache reload triggered
2026-07-09 06:38:42.042 [INFO ] [scheduling-1] [c.cmn.cde.service.CodeCacheService] [TranId: ] [BizTranId: ] [TraceId: ] [SpanId: ] [DynLevel: ] - Cache Refresh: Clearing code cache and fetching updated codes from database
2026-07-09 06:38:42.045 [INFO ] [scheduling-1] [c.cmn.cfg.service.ConfigCacheService] [TranId: ] [BizTranId: ] [TraceId: ] [SpanId: ] [DynLevel: ] - Scheduled config cache reload triggered
2026-07-09 06:38:42.046 [INFO ] [scheduling-1] [c.cmn.cfg.service.ConfigCacheService] [TranId: ] [BizTranId: ] [TraceId: ] [SpanId: ] [DynLevel: ] - Cache Refresh: Clearing config cache and fetching updated configs from database
2026-07-09 07:08:42.017 [INFO ] [scheduling-1] [c.c.msg.service.MessageCacheService] [TranId: ] [BizTranId: ] [TraceId: ] [SpanId: ] [DynLevel: ] - Scheduled cache reload triggered
2026-07-09 07:08:42.026 [INFO ] [scheduling-1] [c.c.msg.service.MessageCacheService] [TranId: ] [BizTranId: ] [TraceId: ] [SpanId: ] [DynLevel: ] - Cache Refresh: Clearing message cache and fetching updated messages from database
2026-07-09 07:08:42.032 [INFO ] [scheduling-1] [c.c.m.s.ResponseCodeCacheService] [TranId: ] [BizTranId: ] [TraceId: ] [SpanId: ] [DynLevel: ] - Cache Refresh: Clearing response code cache and fetching updated values
2026-07-09 07:08:42.035 [INFO ] [scheduling-1] [c.cmn.cde.service.CodeCacheService] [TranId: ] [BizTranId: ] [TraceId: ] [SpanId: ] [DynLevel: ] - Scheduled cache reload triggered
2026-07-09 07:08:42.036 [INFO ] [scheduling-1] [c.cmn.cde.service.CodeCacheService] [TranId: ] [BizTranId: ] [TraceId: ] [SpanId: ] [DynLevel: ] - Cache Refresh: Clearing code cache and fetching updated codes from database
2026-07-09 07:08:42.040 [INFO ] [scheduling-1] [c.cmn.cfg.service.ConfigCacheService] [TranId: ] [BizTranId: ] [TraceId: ] [SpanId: ] [DynLevel: ] - Scheduled config cache reload triggered
2026-07-09 07:08:42.041 [INFO ] [scheduling-1] [c.cmn.cfg.service.ConfigCacheService] [TranId: ] [BizTranId: ] [TraceId: ] [SpanId: ] [DynLevel: ] - Cache Refresh: Clearing config cache and fetching updated configs from database
2026-07-09 07:38:42.022 [INFO ] [scheduling-1] [c.c.msg.service.MessageCacheService] [TranId: ] [BizTranId: ] [TraceId: ] [SpanId: ] [DynLevel: ] - Scheduled cache reload triggered
2026-07-09 07:38:42.024 [INFO ] [scheduling-1] [c.c.msg.service.MessageCacheService] [TranId: ] [BizTranId: ] [TraceId: ] [SpanId: ] [DynLevel: ] - Cache Refresh: Clearing message cache and fetching updated messages from database
2026-07-09 07:38:42.028 [INFO ] [scheduling-1] [c.c.m.s.ResponseCodeCacheService] [TranId: ] [BizTranId: ] [TraceId: ] [SpanId: ] [DynLevel: ] - Cache Refresh: Clearing response code cache and fetching updated values
2026-07-09 07:38:42.033 [INFO ] [scheduling-1] [c.cmn.cde.service.CodeCacheService] [TranId: ] [BizTranId: ] [TraceId: ] [SpanId: ] [DynLevel: ] - Scheduled cache reload triggered
2026-07-09 07:38:42.033 [INFO ] [scheduling-1] [c.cmn.cde.service.CodeCacheService] [TranId: ] [BizTranId: ] [TraceId: ] [SpanId: ] [DynLevel: ] - Cache Refresh: Clearing code cache and fetching updated codes from database
2026-07-09 07:38:42.038 [INFO ] [scheduling-1] [c.cmn.cfg.service.ConfigCacheService] [TranId: ] [BizTranId: ] [TraceId: ] [SpanId: ] [DynLevel: ] - Scheduled config cache reload triggered
2026-07-09 07:38:42.039 [INFO ] [scheduling-1] [c.cmn.cfg.service.ConfigCacheService] [TranId: ] [BizTranId: ] [TraceId: ] [SpanId: ] [DynLevel: ] - Cache Refresh: Clearing config cache and fetching updated configs from database
2026-07-09 08:08:42.008 [INFO ] [scheduling-1] [c.c.msg.service.MessageCacheService] [TranId: ] [BizTranId: ] [TraceId: ] [SpanId: ] [DynLevel: ] - Scheduled cache reload triggered
2026-07-09 08:08:42.017 [INFO ] [scheduling-1] [c.c.msg.service.MessageCacheService] [TranId: ] [BizTranId: ] [TraceId: ] [SpanId: ] [DynLevel: ] - Cache Refresh: Clearing message cache and fetching updated messages from database
2026-07-09 08:08:42.020 [INFO ] [scheduling-1] [c.c.m.s.ResponseCodeCacheService] [TranId: ] [BizTranId: ] [TraceId: ] [SpanId: ] [DynLevel: ] - Cache Refresh: Clearing response code cache and fetching updated values
2026-07-09 08:08:42.023 [INFO ] [scheduling-1] [c.cmn.cde.service.CodeCacheService] [TranId: ] [BizTranId: ] [TraceId: ] [SpanId: ] [DynLevel: ] - Scheduled cache reload triggered
2026-07-09 08:08:42.024 [INFO ] [scheduling-1] [c.cmn.cde.service.CodeCacheService] [TranId: ] [BizTranId: ] [TraceId: ] [SpanId: ] [DynLevel: ] - Cache Refresh: Clearing code cache and fetching updated codes from database
2026-07-09 08:08:42.027 [INFO ] [scheduling-1] [c.cmn.cfg.service.ConfigCacheService] [TranId: ] [BizTranId: ] [TraceId: ] [SpanId: ] [DynLevel: ] - Scheduled config cache reload triggered
2026-07-09 08:08:42.028 [INFO ] [scheduling-1] [c.cmn.cfg.service.ConfigCacheService] [TranId: ] [BizTranId: ] [TraceId: ] [SpanId: ] [DynLevel: ] - Cache Refresh: Clearing config cache and fetching updated configs from database
2026-07-09 08:38:42.023 [INFO ] [scheduling-1] [c.c.msg.service.MessageCacheService] [TranId: ] [BizTranId: ] [TraceId: ] [SpanId: ] [DynLevel: ] - Scheduled cache reload triggered
2026-07-09 08:38:42.032 [INFO ] [scheduling-1] [c.c.msg.service.MessageCacheService] [TranId: ] [BizTranId: ] [TraceId: ] [SpanId: ] [DynLevel: ] - Cache Refresh: Clearing message cache and fetching updated messages from database
2026-07-09 08:38:42.039 [INFO ] [scheduling-1] [c.c.m.s.ResponseCodeCacheService] [TranId: ] [BizTranId: ] [TraceId: ] [SpanId: ] [DynLevel: ] - Cache Refresh: Clearing response code cache and fetching updated values
2026-07-09 08:38:42.045 [INFO ] [scheduling-1] [c.cmn.cde.service.CodeCacheService] [TranId: ] [BizTranId: ] [TraceId: ] [SpanId: ] [DynLevel: ] - Scheduled cache reload triggered
2026-07-09 08:38:42.046 [INFO ] [scheduling-1] [c.cmn.cde.service.CodeCacheService] [TranId: ] [BizTranId: ] [TraceId: ] [SpanId: ] [DynLevel: ] - Cache Refresh: Clearing code cache and fetching updated codes from database
2026-07-09 08:38:42.051 [INFO ] [scheduling-1] [c.cmn.cfg.service.ConfigCacheService] [TranId: ] [BizTranId: ] [TraceId: ] [SpanId: ] [DynLevel: ] - Scheduled config cache reload triggered
2026-07-09 08:38:42.052 [INFO ] [scheduling-1] [c.cmn.cfg.service.ConfigCacheService] [TranId: ] [BizTranId: ] [TraceId: ] [SpanId: ] [DynLevel: ] - Cache Refresh: Clearing config cache and fetching updated configs from database
2026-07-09 09:08:42.010 [INFO ] [scheduling-1] [c.c.msg.service.MessageCacheService] [TranId: ] [BizTranId: ] [TraceId: ] [SpanId: ] [DynLevel: ] - Scheduled cache reload triggered
2026-07-09 09:08:42.018 [INFO ] [scheduling-1] [c.c.msg.service.MessageCacheService] [TranId: ] [BizTranId: ] [TraceId: ] [SpanId: ] [DynLevel: ] - Cache Refresh: Clearing message cache and fetching updated messages from database
2026-07-09 09:08:42.021 [INFO ] [scheduling-1] [c.c.m.s.ResponseCodeCacheService] [TranId: ] [BizTranId: ] [TraceId: ] [SpanId: ] [DynLevel: ] - Cache Refresh: Clearing response code cache and fetching updated values
2026-07-09 09:08:42.023 [INFO ] [scheduling-1] [c.cmn.cde.service.CodeCacheService] [TranId: ] [BizTranId: ] [TraceId: ] [SpanId: ] [DynLevel: ] - Scheduled cache reload triggered
2026-07-09 09:08:42.023 [INFO ] [scheduling-1] [c.cmn.cde.service.CodeCacheService] [TranId: ] [BizTranId: ] [TraceId: ] [SpanId: ] [DynLevel: ] - Cache Refresh: Clearing code cache and fetching updated codes from database
2026-07-09 09:08:42.025 [INFO ] [scheduling-1] [c.cmn.cfg.service.ConfigCacheService] [TranId: ] [BizTranId: ] [TraceId: ] [SpanId: ] [DynLevel: ] - Scheduled config cache reload triggered
2026-07-09 09:08:42.026 [INFO ] [scheduling-1] [c.cmn.cfg.service.ConfigCacheService] [TranId: ] [BizTranId: ] [TraceId: ] [SpanId: ] [DynLevel: ] - Cache Refresh: Clearing config cache and fetching updated configs from database
2026-07-09 09:38:42.019 [INFO ] [scheduling-1] [c.c.msg.service.MessageCacheService] [TranId: ] [BizTranId: ] [TraceId: ] [SpanId: ] [DynLevel: ] - Scheduled cache reload triggered
2026-07-09 09:38:42.028 [INFO ] [scheduling-1] [c.c.msg.service.MessageCacheService] [TranId: ] [BizTranId: ] [TraceId: ] [SpanId: ] [DynLevel: ] - Cache Refresh: Clearing message cache and fetching updated messages from database
2026-07-09 09:38:42.034 [INFO ] [scheduling-1] [c.c.m.s.ResponseCodeCacheService] [TranId: ] [BizTranId: ] [TraceId: ] [SpanId: ] [DynLevel: ] - Cache Refresh: Clearing response code cache and fetching updated values
2026-07-09 09:38:42.036 [INFO ] [scheduling-1] [c.cmn.cde.service.CodeCacheService] [TranId: ] [BizTranId: ] [TraceId: ] [SpanId: ] [DynLevel: ] - Scheduled cache reload triggered
2026-07-09 09:38:42.036 [INFO ] [scheduling-1] [c.cmn.cde.service.CodeCacheService] [TranId: ] [BizTranId: ] [TraceId: ] [SpanId: ] [DynLevel: ] - Cache Refresh: Clearing code cache and fetching updated codes from database
2026-07-09 09:38:42.037 [INFO ] [scheduling-1] [c.cmn.cfg.service.ConfigCacheService] [TranId: ] [BizTranId: ] [TraceId: ] [SpanId: ] [DynLevel: ] - Scheduled config cache reload triggered
2026-07-09 09:38:42.038 [INFO ] [scheduling-1] [c.cmn.cfg.service.ConfigCacheService] [TranId: ] [BizTranId: ] [TraceId: ] [SpanId: ] [DynLevel: ] - Cache Refresh: Clearing config cache and fetching updated configs from database
2026-07-09 10:08:42.009 [INFO ] [scheduling-1] [c.c.msg.service.MessageCacheService] [TranId: ] [BizTranId: ] [TraceId: ] [SpanId: ] [DynLevel: ] - Scheduled cache reload triggered
2026-07-09 10:08:42.012 [INFO ] [scheduling-1] [c.c.msg.service.MessageCacheService] [TranId: ] [BizTranId: ] [TraceId: ] [SpanId: ] [DynLevel: ] - Cache Refresh: Clearing message cache and fetching updated messages from database
2026-07-09 10:08:42.018 [INFO ] [scheduling-1] [c.c.m.s.ResponseCodeCacheService] [TranId: ] [BizTranId: ] [TraceId: ] [SpanId: ] [DynLevel: ] - Cache Refresh: Clearing response code cache and fetching updated values
2026-07-09 10:08:42.023 [INFO ] [scheduling-1] [c.cmn.cde.service.CodeCacheService] [TranId: ] [BizTranId: ] [TraceId: ] [SpanId: ] [DynLevel: ] - Scheduled cache reload triggered
2026-07-09 10:08:42.024 [INFO ] [scheduling-1] [c.cmn.cde.service.CodeCacheService] [TranId: ] [BizTranId: ] [TraceId: ] [SpanId: ] [DynLevel: ] - Cache Refresh: Clearing code cache and fetching updated codes from database
2026-07-09 10:08:42.028 [INFO ] [scheduling-1] [c.cmn.cfg.service.ConfigCacheService] [TranId: ] [BizTranId: ] [TraceId: ] [SpanId: ] [DynLevel: ] - Scheduled config cache reload triggered
2026-07-09 10:08:42.028 [INFO ] [scheduling-1] [c.cmn.cfg.service.ConfigCacheService] [TranId: ] [BizTranId: ] [TraceId: ] [SpanId: ] [DynLevel: ] - Cache Refresh: Clearing config cache and fetching updated configs from database
2026-07-09 10:38:42.021 [INFO ] [scheduling-1] [c.c.msg.service.MessageCacheService] [TranId: ] [BizTranId: ] [TraceId: ] [SpanId: ] [DynLevel: ] - Scheduled cache reload triggered
2026-07-09 10:38:42.031 [INFO ] [scheduling-1] [c.c.msg.service.MessageCacheService] [TranId: ] [BizTranId: ] [TraceId: ] [SpanId: ] [DynLevel: ] - Cache Refresh: Clearing message cache and fetching updated messages from database
2026-07-09 10:38:42.036 [INFO ] [scheduling-1] [c.c.m.s.ResponseCodeCacheService] [TranId: ] [BizTranId: ] [TraceId: ] [SpanId: ] [DynLevel: ] - Cache Refresh: Clearing response code cache and fetching updated values
2026-07-09 10:38:42.039 [INFO ] [scheduling-1] [c.cmn.cde.service.CodeCacheService] [TranId: ] [BizTranId: ] [TraceId: ] [SpanId: ] [DynLevel: ] - Scheduled cache reload triggered
2026-07-09 10:38:42.040 [INFO ] [scheduling-1] [c.cmn.cde.service.CodeCacheService] [TranId: ] [BizTranId: ] [TraceId: ] [SpanId: ] [DynLevel: ] - Cache Refresh: Clearing code cache and fetching updated codes from database
2026-07-09 10:38:42.045 [INFO ] [scheduling-1] [c.cmn.cfg.service.ConfigCacheService] [TranId: ] [BizTranId: ] [TraceId: ] [SpanId: ] [DynLevel: ] - Scheduled config cache reload triggered
2026-07-09 10:38:42.046 [INFO ] [scheduling-1] [c.cmn.cfg.service.ConfigCacheService] [TranId: ] [BizTranId: ] [TraceId: ] [SpanId: ] [DynLevel: ] - Cache Refresh: Clearing config cache and fetching updated configs from database
2026-07-09 11:08:42.018 [INFO ] [scheduling-1] [c.c.msg.service.MessageCacheService] [TranId: ] [BizTranId: ] [TraceId: ] [SpanId: ] [DynLevel: ] - Scheduled cache reload triggered
2026-07-09 11:08:42.027 [INFO ] [scheduling-1] [c.c.msg.service.MessageCacheService] [TranId: ] [BizTranId: ] [TraceId: ] [SpanId: ] [DynLevel: ] - Cache Refresh: Clearing message cache and fetching updated messages from database
2026-07-09 11:08:42.032 [INFO ] [scheduling-1] [c.c.m.s.ResponseCodeCacheService] [TranId: ] [BizTranId: ] [TraceId: ] [SpanId: ] [DynLevel: ] - Cache Refresh: Clearing response code cache and fetching updated values
2026-07-09 11:08:42.035 [INFO ] [scheduling-1] [c.cmn.cde.service.CodeCacheService] [TranId: ] [BizTranId: ] [TraceId: ] [SpanId: ] [DynLevel: ] - Scheduled cache reload triggered
2026-07-09 11:08:42.035 [INFO ] [scheduling-1] [c.cmn.cde.service.CodeCacheService] [TranId: ] [BizTranId: ] [TraceId: ] [SpanId: ] [DynLevel: ] - Cache Refresh: Clearing code cache and fetching updated codes from database
2026-07-09 11:08:42.039 [INFO ] [scheduling-1] [c.cmn.cfg.service.ConfigCacheService] [TranId: ] [BizTranId: ] [TraceId: ] [SpanId: ] [DynLevel: ] - Scheduled config cache reload triggered
2026-07-09 11:08:42.039 [INFO ] [scheduling-1] [c.cmn.cfg.service.ConfigCacheService] [TranId: ] [BizTranId: ] [TraceId: ] [SpanId: ] [DynLevel: ] - Cache Refresh: Clearing config cache and fetching updated configs from database
2026-07-09 11:38:42.020 [INFO ] [scheduling-1] [c.c.msg.service.MessageCacheService] [TranId: ] [BizTranId: ] [TraceId: ] [SpanId: ] [DynLevel: ] - Scheduled cache reload triggered
2026-07-09 11:38:42.030 [INFO ] [scheduling-1] [c.c.msg.service.MessageCacheService] [TranId: ] [BizTranId: ] [TraceId: ] [SpanId: ] [DynLevel: ] - Cache Refresh: Clearing message cache and fetching updated messages from database
2026-07-09 11:38:42.034 [INFO ] [scheduling-1] [c.c.m.s.ResponseCodeCacheService] [TranId: ] [BizTranId: ] [TraceId: ] [SpanId: ] [DynLevel: ] - Cache Refresh: Clearing response code cache and fetching updated values
2026-07-09 11:38:42.037 [INFO ] [scheduling-1] [c.cmn.cde.service.CodeCacheService] [TranId: ] [BizTranId: ] [TraceId: ] [SpanId: ] [DynLevel: ] - Scheduled cache reload triggered
2026-07-09 11:38:42.037 [INFO ] [scheduling-1] [c.cmn.cde.service.CodeCacheService] [TranId: ] [BizTranId: ] [TraceId: ] [SpanId: ] [DynLevel: ] - Cache Refresh: Clearing code cache and fetching updated codes from database
2026-07-09 11:38:42.040 [INFO ] [scheduling-1] [c.cmn.cfg.service.ConfigCacheService] [TranId: ] [BizTranId: ] [TraceId: ] [SpanId: ] [DynLevel: ] - Scheduled config cache reload triggered
2026-07-09 11:38:42.041 [INFO ] [scheduling-1] [c.cmn.cfg.service.ConfigCacheService] [TranId: ] [BizTranId: ] [TraceId: ] [SpanId: ] [DynLevel: ] - Cache Refresh: Clearing config cache and fetching updated configs from database
2026-07-09 12:08:42.023 [INFO ] [scheduling-1] [c.c.msg.service.MessageCacheService] [TranId: ] [BizTranId: ] [TraceId: ] [SpanId: ] [DynLevel: ] - Scheduled cache reload triggered
2026-07-09 12:08:42.032 [INFO ] [scheduling-1] [c.c.msg.service.MessageCacheService] [TranId: ] [BizTranId: ] [TraceId: ] [SpanId: ] [DynLevel: ] - Cache Refresh: Clearing message cache and fetching updated messages from database
2026-07-09 12:08:42.036 [INFO ] [scheduling-1] [c.c.m.s.ResponseCodeCacheService] [TranId: ] [BizTranId: ] [TraceId: ] [SpanId: ] [DynLevel: ] - Cache Refresh: Clearing response code cache and fetching updated values
2026-07-09 12:08:42.038 [INFO ] [scheduling-1] [c.cmn.cde.service.CodeCacheService] [TranId: ] [BizTranId: ] [TraceId: ] [SpanId: ] [DynLevel: ] - Scheduled cache reload triggered
2026-07-09 12:08:42.038 [INFO ] [scheduling-1] [c.cmn.cde.service.CodeCacheService] [TranId: ] [BizTranId: ] [TraceId: ] [SpanId: ] [DynLevel: ] - Cache Refresh: Clearing code cache and fetching updated codes from database
2026-07-09 12:08:42.041 [INFO ] [scheduling-1] [c.cmn.cfg.service.ConfigCacheService] [TranId: ] [BizTranId: ] [TraceId: ] [SpanId: ] [DynLevel: ] - Scheduled config cache reload triggered
2026-07-09 12:08:42.041 [INFO ] [scheduling-1] [c.cmn.cfg.service.ConfigCacheService] [TranId: ] [BizTranId: ] [TraceId: ] [SpanId: ] [DynLevel: ] - Cache Refresh: Clearing config cache and fetching updated configs from database
2026-07-09 12:38:42.009 [INFO ] [scheduling-1] [c.c.msg.service.MessageCacheService] [TranId: ] [BizTranId: ] [TraceId: ] [SpanId: ] [DynLevel: ] - Scheduled cache reload triggered
2026-07-09 12:38:42.018 [INFO ] [scheduling-1] [c.c.msg.service.MessageCacheService] [TranId: ] [BizTranId: ] [TraceId: ] [SpanId: ] [DynLevel: ] - Cache Refresh: Clearing message cache and fetching updated messages from database
2026-07-09 12:38:42.021 [INFO ] [scheduling-1] [c.c.m.s.ResponseCodeCacheService] [TranId: ] [BizTranId: ] [TraceId: ] [SpanId: ] [DynLevel: ] - Cache Refresh: Clearing response code cache and fetching updated values
2026-07-09 12:38:42.023 [INFO ] [scheduling-1] [c.cmn.cde.service.CodeCacheService] [TranId: ] [BizTranId: ] [TraceId: ] [SpanId: ] [DynLevel: ] - Scheduled cache reload triggered
2026-07-09 12:38:42.023 [INFO ] [scheduling-1] [c.cmn.cde.service.CodeCacheService] [TranId: ] [BizTranId: ] [TraceId: ] [SpanId: ] [DynLevel: ] - Cache Refresh: Clearing code cache and fetching updated codes from database
2026-07-09 12:38:42.025 [INFO ] [scheduling-1] [c.cmn.cfg.service.ConfigCacheService] [TranId: ] [BizTranId: ] [TraceId: ] [SpanId: ] [DynLevel: ] - Scheduled config cache reload triggered
2026-07-09 12:38:42.026 [INFO ] [scheduling-1] [c.cmn.cfg.service.ConfigCacheService] [TranId: ] [BizTranId: ] [TraceId: ] [SpanId: ] [DynLevel: ] - Cache Refresh: Clearing config cache and fetching updated configs from database
2026-07-09 13:08:41.991 [INFO ] [scheduling-1] [c.c.msg.service.MessageCacheService] [TranId: ] [BizTranId: ] [TraceId: ] [SpanId: ] [DynLevel: ] - Scheduled cache reload triggered
2026-07-09 13:08:42.001 [INFO ] [scheduling-1] [c.c.msg.service.MessageCacheService] [TranId: ] [BizTranId: ] [TraceId: ] [SpanId: ] [DynLevel: ] - Cache Refresh: Clearing message cache and fetching updated messages from database
2026-07-09 13:08:42.004 [INFO ] [scheduling-1] [c.c.m.s.ResponseCodeCacheService] [TranId: ] [BizTranId: ] [TraceId: ] [SpanId: ] [DynLevel: ] - Cache Refresh: Clearing response code cache and fetching updated values
2026-07-09 13:08:42.007 [INFO ] [scheduling-1] [c.cmn.cde.service.CodeCacheService] [TranId: ] [BizTranId: ] [TraceId: ] [SpanId: ] [DynLevel: ] - Scheduled cache reload triggered
2026-07-09 13:08:42.007 [INFO ] [scheduling-1] [c.cmn.cde.service.CodeCacheService] [TranId: ] [BizTranId: ] [TraceId: ] [SpanId: ] [DynLevel: ] - Cache Refresh: Clearing code cache and fetching updated codes from database
2026-07-09 13:08:42.011 [INFO ] [scheduling-1] [c.cmn.cfg.service.ConfigCacheService] [TranId: ] [BizTranId: ] [TraceId: ] [SpanId: ] [DynLevel: ] - Scheduled config cache reload triggered
2026-07-09 13:08:42.011 [INFO ] [scheduling-1] [c.cmn.cfg.service.ConfigCacheService] [TranId: ] [BizTranId: ] [TraceId: ] [SpanId: ] [DynLevel: ] - Cache Refresh: Clearing config cache and fetching updated configs from database
2026-07-09 13:38:41.989 [INFO ] [scheduling-1] [c.c.msg.service.MessageCacheService] [TranId: ] [BizTranId: ] [TraceId: ] [SpanId: ] [DynLevel: ] - Scheduled cache reload triggered
2026-07-09 13:38:41.999 [INFO ] [scheduling-1] [c.c.msg.service.MessageCacheService] [TranId: ] [BizTranId: ] [TraceId: ] [SpanId: ] [DynLevel: ] - Cache Refresh: Clearing message cache and fetching updated messages from database
2026-07-09 13:38:42.006 [INFO ] [scheduling-1] [c.c.m.s.ResponseCodeCacheService] [TranId: ] [BizTranId: ] [TraceId: ] [SpanId: ] [DynLevel: ] - Cache Refresh: Clearing response code cache and fetching updated values
2026-07-09 13:38:42.009 [INFO ] [scheduling-1] [c.cmn.cde.service.CodeCacheService] [TranId: ] [BizTranId: ] [TraceId: ] [SpanId: ] [DynLevel: ] - Scheduled cache reload triggered
2026-07-09 13:38:42.009 [INFO ] [scheduling-1] [c.cmn.cde.service.CodeCacheService] [TranId: ] [BizTranId: ] [TraceId: ] [SpanId: ] [DynLevel: ] - Cache Refresh: Clearing code cache and fetching updated codes from database
2026-07-09 13:38:42.013 [INFO ] [scheduling-1] [c.cmn.cfg.service.ConfigCacheService] [TranId: ] [BizTranId: ] [TraceId: ] [SpanId: ] [DynLevel: ] - Scheduled config cache reload triggered
2026-07-09 13:38:42.013 [INFO ] [scheduling-1] [c.cmn.cfg.service.ConfigCacheService] [TranId: ] [BizTranId: ] [TraceId: ] [SpanId: ] [DynLevel: ] - Cache Refresh: Clearing config cache and fetching updated configs from database
2026-07-09 14:08:41.994 [INFO ] [scheduling-1] [c.c.msg.service.MessageCacheService] [TranId: ] [BizTranId: ] [TraceId: ] [SpanId: ] [DynLevel: ] - Scheduled cache reload triggered
2026-07-09 14:08:42.004 [INFO ] [scheduling-1] [c.c.msg.service.MessageCacheService] [TranId: ] [BizTranId: ] [TraceId: ] [SpanId: ] [DynLevel: ] - Cache Refresh: Clearing message cache and fetching updated messages from database
2026-07-09 14:08:42.009 [INFO ] [scheduling-1] [c.c.m.s.ResponseCodeCacheService] [TranId: ] [BizTranId: ] [TraceId: ] [SpanId: ] [DynLevel: ] - Cache Refresh: Clearing response code cache and fetching updated values
2026-07-09 14:08:42.012 [INFO ] [scheduling-1] [c.cmn.cde.service.CodeCacheService] [TranId: ] [BizTranId: ] [TraceId: ] [SpanId: ] [DynLevel: ] - Scheduled cache reload triggered
2026-07-09 14:08:42.013 [INFO ] [scheduling-1] [c.cmn.cde.service.CodeCacheService] [TranId: ] [BizTranId: ] [TraceId: ] [SpanId: ] [DynLevel: ] - Cache Refresh: Clearing code cache and fetching updated codes from database
2026-07-09 14:08:42.015 [INFO ] [scheduling-1] [c.cmn.cfg.service.ConfigCacheService] [TranId: ] [BizTranId: ] [TraceId: ] [SpanId: ] [DynLevel: ] - Scheduled config cache reload triggered
2026-07-09 14:08:42.015 [INFO ] [scheduling-1] [c.cmn.cfg.service.ConfigCacheService] [TranId: ] [BizTranId: ] [TraceId: ] [SpanId: ] [DynLevel: ] - Cache Refresh: Clearing config cache and fetching updated configs from database
2026-07-09 14:38:41.981 [INFO ] [scheduling-1] [c.c.msg.service.MessageCacheService] [TranId: ] [BizTranId: ] [TraceId: ] [SpanId: ] [DynLevel: ] - Scheduled cache reload triggered
2026-07-09 14:38:41.993 [INFO ] [scheduling-1] [c.c.msg.service.MessageCacheService] [TranId: ] [BizTranId: ] [TraceId: ] [SpanId: ] [DynLevel: ] - Cache Refresh: Clearing message cache and fetching updated messages from database
2026-07-09 14:38:41.995 [INFO ] [scheduling-1] [c.c.m.s.ResponseCodeCacheService] [TranId: ] [BizTranId: ] [TraceId: ] [SpanId: ] [DynLevel: ] - Cache Refresh: Clearing response code cache and fetching updated values
2026-07-09 14:38:41.997 [INFO ] [scheduling-1] [c.cmn.cde.service.CodeCacheService] [TranId: ] [BizTranId: ] [TraceId: ] [SpanId: ] [DynLevel: ] - Scheduled cache reload triggered
2026-07-09 14:38:41.997 [INFO ] [scheduling-1] [c.cmn.cde.service.CodeCacheService] [TranId: ] [BizTranId: ] [TraceId: ] [SpanId: ] [DynLevel: ] - Cache Refresh: Clearing code cache and fetching updated codes from database
2026-07-09 14:38:41.999 [INFO ] [scheduling-1] [c.cmn.cfg.service.ConfigCacheService] [TranId: ] [BizTranId: ] [TraceId: ] [SpanId: ] [DynLevel: ] - Scheduled config cache reload triggered
2026-07-09 14:38:41.999 [INFO ] [scheduling-1] [c.cmn.cfg.service.ConfigCacheService] [TranId: ] [BizTranId: ] [TraceId: ] [SpanId: ] [DynLevel: ] - Cache Refresh: Clearing config cache and fetching updated configs from database
2026-07-09 15:08:41.985 [INFO ] [scheduling-1] [c.c.msg.service.MessageCacheService] [TranId: ] [BizTranId: ] [TraceId: ] [SpanId: ] [DynLevel: ] - Scheduled cache reload triggered
2026-07-09 15:08:41.995 [INFO ] [scheduling-1] [c.c.msg.service.MessageCacheService] [TranId: ] [BizTranId: ] [TraceId: ] [SpanId: ] [DynLevel: ] - Cache Refresh: Clearing message cache and fetching updated messages from database
2026-07-09 15:08:41.999 [INFO ] [scheduling-1] [c.c.m.s.ResponseCodeCacheService] [TranId: ] [BizTranId: ] [TraceId: ] [SpanId: ] [DynLevel: ] - Cache Refresh: Clearing response code cache and fetching updated values
2026-07-09 15:08:42.002 [INFO ] [scheduling-1] [c.cmn.cde.service.CodeCacheService] [TranId: ] [BizTranId: ] [TraceId: ] [SpanId: ] [DynLevel: ] - Scheduled cache reload triggered
2026-07-09 15:08:42.002 [INFO ] [scheduling-1] [c.cmn.cde.service.CodeCacheService] [TranId: ] [BizTranId: ] [TraceId: ] [SpanId: ] [DynLevel: ] - Cache Refresh: Clearing code cache and fetching updated codes from database
2026-07-09 15:08:42.004 [INFO ] [scheduling-1] [c.cmn.cfg.service.ConfigCacheService] [TranId: ] [BizTranId: ] [TraceId: ] [SpanId: ] [DynLevel: ] - Scheduled config cache reload triggered
2026-07-09 15:08:42.004 [INFO ] [scheduling-1] [c.cmn.cfg.service.ConfigCacheService] [TranId: ] [BizTranId: ] [TraceId: ] [SpanId: ] [DynLevel: ] - Cache Refresh: Clearing config cache and fetching updated configs from database
2026-07-09 15:38:41.986 [INFO ] [scheduling-1] [c.c.msg.service.MessageCacheService] [TranId: ] [BizTranId: ] [TraceId: ] [SpanId: ] [DynLevel: ] - Scheduled cache reload triggered
2026-07-09 15:38:41.995 [INFO ] [scheduling-1] [c.c.msg.service.MessageCacheService] [TranId: ] [BizTranId: ] [TraceId: ] [SpanId: ] [DynLevel: ] - Cache Refresh: Clearing message cache and fetching updated messages from database
2026-07-09 15:38:41.996 [INFO ] [scheduling-1] [c.c.m.s.ResponseCodeCacheService] [TranId: ] [BizTranId: ] [TraceId: ] [SpanId: ] [DynLevel: ] - Cache Refresh: Clearing response code cache and fetching updated values
2026-07-09 15:38:41.997 [INFO ] [scheduling-1] [c.cmn.cde.service.CodeCacheService] [TranId: ] [BizTranId: ] [TraceId: ] [SpanId: ] [DynLevel: ] - Scheduled cache reload triggered
2026-07-09 15:38:41.997 [INFO ] [scheduling-1] [c.cmn.cde.service.CodeCacheService] [TranId: ] [BizTranId: ] [TraceId: ] [SpanId: ] [DynLevel: ] - Cache Refresh: Clearing code cache and fetching updated codes from database
2026-07-09 15:38:41.999 [INFO ] [scheduling-1] [c.cmn.cfg.service.ConfigCacheService] [TranId: ] [BizTranId: ] [TraceId: ] [SpanId: ] [DynLevel: ] - Scheduled config cache reload triggered
2026-07-09 15:38:41.999 [INFO ] [scheduling-1] [c.cmn.cfg.service.ConfigCacheService] [TranId: ] [BizTranId: ] [TraceId: ] [SpanId: ] [DynLevel: ] - Cache Refresh: Clearing config cache and fetching updated configs from database
2026-07-09 16:08:41.986 [INFO ] [scheduling-1] [c.c.msg.service.MessageCacheService] [TranId: ] [BizTranId: ] [TraceId: ] [SpanId: ] [DynLevel: ] - Scheduled cache reload triggered
2026-07-09 16:08:41.996 [INFO ] [scheduling-1] [c.c.msg.service.MessageCacheService] [TranId: ] [BizTranId: ] [TraceId: ] [SpanId: ] [DynLevel: ] - Cache Refresh: Clearing message cache and fetching updated messages from database
2026-07-09 16:08:42.000 [INFO ] [scheduling-1] [c.c.m.s.ResponseCodeCacheService] [TranId: ] [BizTranId: ] [TraceId: ] [SpanId: ] [DynLevel: ] - Cache Refresh: Clearing response code cache and fetching updated values
2026-07-09 16:08:42.003 [INFO ] [scheduling-1] [c.cmn.cde.service.CodeCacheService] [TranId: ] [BizTranId: ] [TraceId: ] [SpanId: ] [DynLevel: ] - Scheduled cache reload triggered
2026-07-09 16:08:42.003 [INFO ] [scheduling-1] [c.cmn.cde.service.CodeCacheService] [TranId: ] [BizTranId: ] [TraceId: ] [SpanId: ] [DynLevel: ] - Cache Refresh: Clearing code cache and fetching updated codes from database
2026-07-09 16:08:42.005 [INFO ] [scheduling-1] [c.cmn.cfg.service.ConfigCacheService] [TranId: ] [BizTranId: ] [TraceId: ] [SpanId: ] [DynLevel: ] - Scheduled config cache reload triggered
2026-07-09 16:08:42.005 [INFO ] [scheduling-1] [c.cmn.cfg.service.ConfigCacheService] [TranId: ] [BizTranId: ] [TraceId: ] [SpanId: ] [DynLevel: ] - Cache Refresh: Clearing config cache and fetching updated configs from database
2026-07-09 16:38:41.991 [INFO ] [scheduling-1] [c.c.msg.service.MessageCacheService] [TranId: ] [BizTranId: ] [TraceId: ] [SpanId: ] [DynLevel: ] - Scheduled cache reload triggered
2026-07-09 16:38:42.001 [INFO ] [scheduling-1] [c.c.msg.service.MessageCacheService] [TranId: ] [BizTranId: ] [TraceId: ] [SpanId: ] [DynLevel: ] - Cache Refresh: Clearing message cache and fetching updated messages from database
2026-07-09 16:38:42.003 [INFO ] [scheduling-1] [c.c.m.s.ResponseCodeCacheService] [TranId: ] [BizTranId: ] [TraceId: ] [SpanId: ] [DynLevel: ] - Cache Refresh: Clearing response code cache and fetching updated values
2026-07-09 16:38:42.004 [INFO ] [scheduling-1] [c.cmn.cde.service.CodeCacheService] [TranId: ] [BizTranId: ] [TraceId: ] [SpanId: ] [DynLevel: ] - Scheduled cache reload triggered
2026-07-09 16:38:42.004 [INFO ] [scheduling-1] [c.cmn.cde.service.CodeCacheService] [TranId: ] [BizTranId: ] [TraceId: ] [SpanId: ] [DynLevel: ] - Cache Refresh: Clearing code cache and fetching updated codes from database
2026-07-09 16:38:42.005 [INFO ] [scheduling-1] [c.cmn.cfg.service.ConfigCacheService] [TranId: ] [BizTranId: ] [TraceId: ] [SpanId: ] [DynLevel: ] - Scheduled config cache reload triggered
2026-07-09 16:38:42.005 [INFO ] [scheduling-1] [c.cmn.cfg.service.ConfigCacheService] [TranId: ] [BizTranId: ] [TraceId: ] [SpanId: ] [DynLevel: ] - Cache Refresh: Clearing config cache and fetching updated configs from database
2026-07-09 17:08:41.977 [INFO ] [scheduling-1] [c.c.msg.service.MessageCacheService] [TranId: ] [BizTranId: ] [TraceId: ] [SpanId: ] [DynLevel: ] - Scheduled cache reload triggered
2026-07-09 17:08:41.986 [INFO ] [scheduling-1] [c.c.msg.service.MessageCacheService] [TranId: ] [BizTranId: ] [TraceId: ] [SpanId: ] [DynLevel: ] - Cache Refresh: Clearing message cache and fetching updated messages from database
2026-07-09 17:08:41.991 [INFO ] [scheduling-1] [c.c.m.s.ResponseCodeCacheService] [TranId: ] [BizTranId: ] [TraceId: ] [SpanId: ] [DynLevel: ] - Cache Refresh: Clearing response code cache and fetching updated values
2026-07-09 17:08:41.994 [INFO ] [scheduling-1] [c.cmn.cde.service.CodeCacheService] [TranId: ] [BizTranId: ] [TraceId: ] [SpanId: ] [DynLevel: ] - Scheduled cache reload triggered
2026-07-09 17:08:41.994 [INFO ] [scheduling-1] [c.cmn.cde.service.CodeCacheService] [TranId: ] [BizTranId: ] [TraceId: ] [SpanId: ] [DynLevel: ] - Cache Refresh: Clearing code cache and fetching updated codes from database
2026-07-09 17:08:41.996 [INFO ] [scheduling-1] [c.cmn.cfg.service.ConfigCacheService] [TranId: ] [BizTranId: ] [TraceId: ] [SpanId: ] [DynLevel: ] - Scheduled config cache reload triggered
2026-07-09 17:08:41.996 [INFO ] [scheduling-1] [c.cmn.cfg.service.ConfigCacheService] [TranId: ] [BizTranId: ] [TraceId: ] [SpanId: ] [DynLevel: ] - Cache Refresh: Clearing config cache and fetching updated configs from database
2026-07-09 17:38:41.985 [INFO ] [scheduling-1] [c.c.msg.service.MessageCacheService] [TranId: ] [BizTranId: ] [TraceId: ] [SpanId: ] [DynLevel: ] - Scheduled cache reload triggered
2026-07-09 17:38:41.993 [INFO ] [scheduling-1] [c.c.msg.service.MessageCacheService] [TranId: ] [BizTranId: ] [TraceId: ] [SpanId: ] [DynLevel: ] - Cache Refresh: Clearing message cache and fetching updated messages from database
2026-07-09 17:38:41.995 [INFO ] [scheduling-1] [c.c.m.s.ResponseCodeCacheService] [TranId: ] [BizTranId: ] [TraceId: ] [SpanId: ] [DynLevel: ] - Cache Refresh: Clearing response code cache and fetching updated values
2026-07-09 17:38:41.996 [INFO ] [scheduling-1] [c.cmn.cde.service.CodeCacheService] [TranId: ] [BizTranId: ] [TraceId: ] [SpanId: ] [DynLevel: ] - Scheduled cache reload triggered
2026-07-09 17:38:41.996 [INFO ] [scheduling-1] [c.cmn.cde.service.CodeCacheService] [TranId: ] [BizTranId: ] [TraceId: ] [SpanId: ] [DynLevel: ] - Cache Refresh: Clearing code cache and fetching updated codes from database
2026-07-09 17:38:41.998 [INFO ] [scheduling-1] [c.cmn.cfg.service.ConfigCacheService] [TranId: ] [BizTranId: ] [TraceId: ] [SpanId: ] [DynLevel: ] - Scheduled config cache reload triggered
2026-07-09 17:38:41.998 [INFO ] [scheduling-1] [c.cmn.cfg.service.ConfigCacheService] [TranId: ] [BizTranId: ] [TraceId: ] [SpanId: ] [DynLevel: ] - Cache Refresh: Clearing config cache and fetching updated configs from database
2026-07-09 18:08:41.987 [INFO ] [scheduling-1] [c.c.msg.service.MessageCacheService] [TranId: ] [BizTranId: ] [TraceId: ] [SpanId: ] [DynLevel: ] - Scheduled cache reload triggered
2026-07-09 18:08:41.994 [INFO ] [scheduling-1] [c.c.msg.service.MessageCacheService] [TranId: ] [BizTranId: ] [TraceId: ] [SpanId: ] [DynLevel: ] - Cache Refresh: Clearing message cache and fetching updated messages from database
2026-07-09 18:08:41.996 [INFO ] [scheduling-1] [c.c.m.s.ResponseCodeCacheService] [TranId: ] [BizTranId: ] [TraceId: ] [SpanId: ] [DynLevel: ] - Cache Refresh: Clearing response code cache and fetching updated values
2026-07-09 18:08:41.998 [INFO ] [scheduling-1] [c.cmn.cde.service.CodeCacheService] [TranId: ] [BizTranId: ] [TraceId: ] [SpanId: ] [DynLevel: ] - Scheduled cache reload triggered
2026-07-09 18:08:41.998 [INFO ] [scheduling-1] [c.cmn.cde.service.CodeCacheService] [TranId: ] [BizTranId: ] [TraceId: ] [SpanId: ] [DynLevel: ] - Cache Refresh: Clearing code cache and fetching updated codes from database
2026-07-09 18:08:41.999 [INFO ] [scheduling-1] [c.cmn.cfg.service.ConfigCacheService] [TranId: ] [BizTranId: ] [TraceId: ] [SpanId: ] [DynLevel: ] - Scheduled config cache reload triggered
2026-07-09 18:08:41.999 [INFO ] [scheduling-1] [c.cmn.cfg.service.ConfigCacheService] [TranId: ] [BizTranId: ] [TraceId: ] [SpanId: ] [DynLevel: ] - Cache Refresh: Clearing config cache and fetching updated configs from database
2026-07-09 18:38:41.979 [INFO ] [scheduling-1] [c.c.msg.service.MessageCacheService] [TranId: ] [BizTranId: ] [TraceId: ] [SpanId: ] [DynLevel: ] - Scheduled cache reload triggered
2026-07-09 18:38:41.987 [INFO ] [scheduling-1] [c.c.msg.service.MessageCacheService] [TranId: ] [BizTranId: ] [TraceId: ] [SpanId: ] [DynLevel: ] - Cache Refresh: Clearing message cache and fetching updated messages from database
2026-07-09 18:38:41.991 [INFO ] [scheduling-1] [c.c.m.s.ResponseCodeCacheService] [TranId: ] [BizTranId: ] [TraceId: ] [SpanId: ] [DynLevel: ] - Cache Refresh: Clearing response code cache and fetching updated values
2026-07-09 18:38:41.994 [INFO ] [scheduling-1] [c.cmn.cde.service.CodeCacheService] [TranId: ] [BizTranId: ] [TraceId: ] [SpanId: ] [DynLevel: ] - Scheduled cache reload triggered
2026-07-09 18:38:41.994 [INFO ] [scheduling-1] [c.cmn.cde.service.CodeCacheService] [TranId: ] [BizTranId: ] [TraceId: ] [SpanId: ] [DynLevel: ] - Cache Refresh: Clearing code cache and fetching updated codes from database
2026-07-09 18:38:41.996 [INFO ] [scheduling-1] [c.cmn.cfg.service.ConfigCacheService] [TranId: ] [BizTranId: ] [TraceId: ] [SpanId: ] [DynLevel: ] - Scheduled config cache reload triggered
2026-07-09 18:38:41.996 [INFO ] [scheduling-1] [c.cmn.cfg.service.ConfigCacheService] [TranId: ] [BizTranId: ] [TraceId: ] [SpanId: ] [DynLevel: ] - Cache Refresh: Clearing config cache and fetching updated configs from database
2026-07-09 19:08:41.982 [INFO ] [scheduling-1] [c.c.msg.service.MessageCacheService] [TranId: ] [BizTranId: ] [TraceId: ] [SpanId: ] [DynLevel: ] - Scheduled cache reload triggered
2026-07-09 19:08:41.993 [INFO ] [scheduling-1] [c.c.msg.service.MessageCacheService] [TranId: ] [BizTranId: ] [TraceId: ] [SpanId: ] [DynLevel: ] - Cache Refresh: Clearing message cache and fetching updated messages from database
2026-07-09 19:08:41.999 [INFO ] [scheduling-1] [c.c.m.s.ResponseCodeCacheService] [TranId: ] [BizTranId: ] [TraceId: ] [SpanId: ] [DynLevel: ] - Cache Refresh: Clearing response code cache and fetching updated values
2026-07-09 19:08:42.002 [INFO ] [scheduling-1] [c.cmn.cde.service.CodeCacheService] [TranId: ] [BizTranId: ] [TraceId: ] [SpanId: ] [DynLevel: ] - Scheduled cache reload triggered
2026-07-09 19:08:42.002 [INFO ] [scheduling-1] [c.cmn.cde.service.CodeCacheService] [TranId: ] [BizTranId: ] [TraceId: ] [SpanId: ] [DynLevel: ] - Cache Refresh: Clearing code cache and fetching updated codes from database
2026-07-09 19:08:42.004 [INFO ] [scheduling-1] [c.cmn.cfg.service.ConfigCacheService] [TranId: ] [BizTranId: ] [TraceId: ] [SpanId: ] [DynLevel: ] - Scheduled config cache reload triggered
2026-07-09 19:08:42.004 [INFO ] [scheduling-1] [c.cmn.cfg.service.ConfigCacheService] [TranId: ] [BizTranId: ] [TraceId: ] [SpanId: ] [DynLevel: ] - Cache Refresh: Clearing config cache and fetching updated configs from database
2026-07-09 19:38:41.983 [INFO ] [scheduling-1] [c.c.msg.service.MessageCacheService] [TranId: ] [BizTranId: ] [TraceId: ] [SpanId: ] [DynLevel: ] - Scheduled cache reload triggered
2026-07-09 19:38:41.994 [INFO ] [scheduling-1] [c.c.msg.service.MessageCacheService] [TranId: ] [BizTranId: ] [TraceId: ] [SpanId: ] [DynLevel: ] - Cache Refresh: Clearing message cache and fetching updated messages from database
2026-07-09 19:38:41.998 [INFO ] [scheduling-1] [c.c.m.s.ResponseCodeCacheService] [TranId: ] [BizTranId: ] [TraceId: ] [SpanId: ] [DynLevel: ] - Cache Refresh: Clearing response code cache and fetching updated values
2026-07-09 19:38:42.000 [INFO ] [scheduling-1] [c.cmn.cde.service.CodeCacheService] [TranId: ] [BizTranId: ] [TraceId: ] [SpanId: ] [DynLevel: ] - Scheduled cache reload triggered
2026-07-09 19:38:42.000 [INFO ] [scheduling-1] [c.cmn.cde.service.CodeCacheService] [TranId: ] [BizTranId: ] [TraceId: ] [SpanId: ] [DynLevel: ] - Cache Refresh: Clearing code cache and fetching updated codes from database
2026-07-09 19:38:42.002 [INFO ] [scheduling-1] [c.cmn.cfg.service.ConfigCacheService] [TranId: ] [BizTranId: ] [TraceId: ] [SpanId: ] [DynLevel: ] - Scheduled config cache reload triggered
2026-07-09 19:38:42.002 [INFO ] [scheduling-1] [c.cmn.cfg.service.ConfigCacheService] [TranId: ] [BizTranId: ] [TraceId: ] [SpanId: ] [DynLevel: ] - Cache Refresh: Clearing config cache and fetching updated configs from database
2026-07-09 20:08:41.978 [INFO ] [scheduling-1] [c.c.msg.service.MessageCacheService] [TranId: ] [BizTranId: ] [TraceId: ] [SpanId: ] [DynLevel: ] - Scheduled cache reload triggered
2026-07-09 20:08:41.988 [INFO ] [scheduling-1] [c.c.msg.service.MessageCacheService] [TranId: ] [BizTranId: ] [TraceId: ] [SpanId: ] [DynLevel: ] - Cache Refresh: Clearing message cache and fetching updated messages from database
2026-07-09 20:08:41.992 [INFO ] [scheduling-1] [c.c.m.s.ResponseCodeCacheService] [TranId: ] [BizTranId: ] [TraceId: ] [SpanId: ] [DynLevel: ] - Cache Refresh: Clearing response code cache and fetching updated values
2026-07-09 20:08:41.994 [INFO ] [scheduling-1] [c.cmn.cde.service.CodeCacheService] [TranId: ] [BizTranId: ] [TraceId: ] [SpanId: ] [DynLevel: ] - Scheduled cache reload triggered
2026-07-09 20:08:41.995 [INFO ] [scheduling-1] [c.cmn.cde.service.CodeCacheService] [TranId: ] [BizTranId: ] [TraceId: ] [SpanId: ] [DynLevel: ] - Cache Refresh: Clearing code cache and fetching updated codes from database
2026-07-09 20:08:41.996 [INFO ] [scheduling-1] [c.cmn.cfg.service.ConfigCacheService] [TranId: ] [BizTranId: ] [TraceId: ] [SpanId: ] [DynLevel: ] - Scheduled config cache reload triggered
2026-07-09 20:08:41.996 [INFO ] [scheduling-1] [c.cmn.cfg.service.ConfigCacheService] [TranId: ] [BizTranId: ] [TraceId: ] [SpanId: ] [DynLevel: ] - Cache Refresh: Clearing config cache and fetching updated configs from database
2026-07-09 20:38:41.982 [INFO ] [scheduling-1] [c.c.msg.service.MessageCacheService] [TranId: ] [BizTranId: ] [TraceId: ] [SpanId: ] [DynLevel: ] - Scheduled cache reload triggered
2026-07-09 20:38:41.992 [INFO ] [scheduling-1] [c.c.msg.service.MessageCacheService] [TranId: ] [BizTranId: ] [TraceId: ] [SpanId: ] [DynLevel: ] - Cache Refresh: Clearing message cache and fetching updated messages from database
2026-07-09 20:38:41.996 [INFO ] [scheduling-1] [c.c.m.s.ResponseCodeCacheService] [TranId: ] [BizTranId: ] [TraceId: ] [SpanId: ] [DynLevel: ] - Cache Refresh: Clearing response code cache and fetching updated values
2026-07-09 20:38:41.999 [INFO ] [scheduling-1] [c.cmn.cde.service.CodeCacheService] [TranId: ] [BizTranId: ] [TraceId: ] [SpanId: ] [DynLevel: ] - Scheduled cache reload triggered
2026-07-09 20:38:41.999 [INFO ] [scheduling-1] [c.cmn.cde.service.CodeCacheService] [TranId: ] [BizTranId: ] [TraceId: ] [SpanId: ] [DynLevel: ] - Cache Refresh: Clearing code cache and fetching updated codes from database
2026-07-09 20:38:42.001 [INFO ] [scheduling-1] [c.cmn.cfg.service.ConfigCacheService] [TranId: ] [BizTranId: ] [TraceId: ] [SpanId: ] [DynLevel: ] - Scheduled config cache reload triggered
2026-07-09 20:38:42.001 [INFO ] [scheduling-1] [c.cmn.cfg.service.ConfigCacheService] [TranId: ] [BizTranId: ] [TraceId: ] [SpanId: ] [DynLevel: ] - Cache Refresh: Clearing config cache and fetching updated configs from database
2026-07-09 21:08:41.982 [INFO ] [scheduling-1] [c.c.msg.service.MessageCacheService] [TranId: ] [BizTranId: ] [TraceId: ] [SpanId: ] [DynLevel: ] - Scheduled cache reload triggered
2026-07-09 21:08:41.991 [INFO ] [scheduling-1] [c.c.msg.service.MessageCacheService] [TranId: ] [BizTranId: ] [TraceId: ] [SpanId: ] [DynLevel: ] - Cache Refresh: Clearing message cache and fetching updated messages from database
2026-07-09 21:08:41.996 [INFO ] [scheduling-1] [c.c.m.s.ResponseCodeCacheService] [TranId: ] [BizTranId: ] [TraceId: ] [SpanId: ] [DynLevel: ] - Cache Refresh: Clearing response code cache and fetching updated values
2026-07-09 21:08:41.998 [INFO ] [scheduling-1] [c.cmn.cde.service.CodeCacheService] [TranId: ] [BizTranId: ] [TraceId: ] [SpanId: ] [DynLevel: ] - Scheduled cache reload triggered
2026-07-09 21:08:41.998 [INFO ] [scheduling-1] [c.cmn.cde.service.CodeCacheService] [TranId: ] [BizTranId: ] [TraceId: ] [SpanId: ] [DynLevel: ] - Cache Refresh: Clearing code cache and fetching updated codes from database
2026-07-09 21:08:41.999 [INFO ] [scheduling-1] [c.cmn.cfg.service.ConfigCacheService] [TranId: ] [BizTranId: ] [TraceId: ] [SpanId: ] [DynLevel: ] - Scheduled config cache reload triggered
2026-07-09 21:08:41.999 [INFO ] [scheduling-1] [c.cmn.cfg.service.ConfigCacheService] [TranId: ] [BizTranId: ] [TraceId: ] [SpanId: ] [DynLevel: ] - Cache Refresh: Clearing config cache and fetching updated configs from database
2026-07-09 21:38:42.045 [INFO ] [scheduling-1] [c.c.msg.service.MessageCacheService] [TranId: ] [BizTranId: ] [TraceId: ] [SpanId: ] [DynLevel: ] - Scheduled cache reload triggered
2026-07-09 21:38:42.047 [INFO ] [scheduling-1] [c.c.msg.service.MessageCacheService] [TranId: ] [BizTranId: ] [TraceId: ] [SpanId: ] [DynLevel: ] - Cache Refresh: Clearing message cache and fetching updated messages from database
2026-07-09 21:38:42.051 [INFO ] [scheduling-1] [c.c.m.s.ResponseCodeCacheService] [TranId: ] [BizTranId: ] [TraceId: ] [SpanId: ] [DynLevel: ] - Cache Refresh: Clearing response code cache and fetching updated values
2026-07-09 21:38:42.053 [INFO ] [scheduling-1] [c.cmn.cde.service.CodeCacheService] [TranId: ] [BizTranId: ] [TraceId: ] [SpanId: ] [DynLevel: ] - Scheduled cache reload triggered
2026-07-09 21:38:42.054 [INFO ] [scheduling-1] [c.cmn.cde.service.CodeCacheService] [TranId: ] [BizTranId: ] [TraceId: ] [SpanId: ] [DynLevel: ] - Cache Refresh: Clearing code cache and fetching updated codes from database
2026-07-09 21:38:42.055 [INFO ] [scheduling-1] [c.cmn.cfg.service.ConfigCacheService] [TranId: ] [BizTranId: ] [TraceId: ] [SpanId: ] [DynLevel: ] - Scheduled config cache reload triggered
2026-07-09 21:38:42.055 [INFO ] [scheduling-1] [c.cmn.cfg.service.ConfigCacheService] [TranId: ] [BizTranId: ] [TraceId: ] [SpanId: ] [DynLevel: ] - Cache Refresh: Clearing config cache and fetching updated configs from database
2026-07-09 22:08:42.096 [INFO ] [scheduling-1] [c.c.msg.service.MessageCacheService] [TranId: ] [BizTranId: ] [TraceId: ] [SpanId: ] [DynLevel: ] - Scheduled cache reload triggered
2026-07-09 22:08:42.106 [INFO ] [scheduling-1] [c.c.msg.service.MessageCacheService] [TranId: ] [BizTranId: ] [TraceId: ] [SpanId: ] [DynLevel: ] - Cache Refresh: Clearing message cache and fetching updated messages from database
2026-07-09 22:08:42.112 [INFO ] [scheduling-1] [c.c.m.s.ResponseCodeCacheService] [TranId: ] [BizTranId: ] [TraceId: ] [SpanId: ] [DynLevel: ] - Cache Refresh: Clearing response code cache and fetching updated values
2026-07-09 22:08:42.114 [INFO ] [scheduling-1] [c.cmn.cde.service.CodeCacheService] [TranId: ] [BizTranId: ] [TraceId: ] [SpanId: ] [DynLevel: ] - Scheduled cache reload triggered
2026-07-09 22:08:42.115 [INFO ] [scheduling-1] [c.cmn.cde.service.CodeCacheService] [TranId: ] [BizTranId: ] [TraceId: ] [SpanId: ] [DynLevel: ] - Cache Refresh: Clearing code cache and fetching updated codes from database
2026-07-09 22:08:42.116 [INFO ] [scheduling-1] [c.cmn.cfg.service.ConfigCacheService] [TranId: ] [BizTranId: ] [TraceId: ] [SpanId: ] [DynLevel: ] - Scheduled config cache reload triggered
2026-07-09 22:08:42.116 [INFO ] [scheduling-1] [c.cmn.cfg.service.ConfigCacheService] [TranId: ] [BizTranId: ] [TraceId: ] [SpanId: ] [DynLevel: ] - Cache Refresh: Clearing config cache and fetching updated configs from database
2026-07-09 22:38:42.118 [INFO ] [scheduling-1] [c.c.msg.service.MessageCacheService] [TranId: ] [BizTranId: ] [TraceId: ] [SpanId: ] [DynLevel: ] - Scheduled cache reload triggered
2026-07-09 22:38:42.128 [INFO ] [scheduling-1] [c.c.msg.service.MessageCacheService] [TranId: ] [BizTranId: ] [TraceId: ] [SpanId: ] [DynLevel: ] - Cache Refresh: Clearing message cache and fetching updated messages from database
2026-07-09 22:38:42.133 [INFO ] [scheduling-1] [c.c.m.s.ResponseCodeCacheService] [TranId: ] [BizTranId: ] [TraceId: ] [SpanId: ] [DynLevel: ] - Cache Refresh: Clearing response code cache and fetching updated values
2026-07-09 22:38:42.135 [INFO ] [scheduling-1] [c.cmn.cde.service.CodeCacheService] [TranId: ] [BizTranId: ] [TraceId: ] [SpanId: ] [DynLevel: ] - Scheduled cache reload triggered
2026-07-09 22:38:42.136 [INFO ] [scheduling-1] [c.cmn.cde.service.CodeCacheService] [TranId: ] [BizTranId: ] [TraceId: ] [SpanId: ] [DynLevel: ] - Cache Refresh: Clearing code cache and fetching updated codes from database
2026-07-09 22:38:42.143 [INFO ] [scheduling-1] [c.cmn.cfg.service.ConfigCacheService] [TranId: ] [BizTranId: ] [TraceId: ] [SpanId: ] [DynLevel: ] - Scheduled config cache reload triggered
2026-07-09 22:38:42.143 [INFO ] [scheduling-1] [c.cmn.cfg.service.ConfigCacheService] [TranId: ] [BizTranId: ] [TraceId: ] [SpanId: ] [DynLevel: ] - Cache Refresh: Clearing config cache and fetching updated configs from database
2026-07-09 23:08:42.138 [INFO ] [scheduling-1] [c.c.msg.service.MessageCacheService] [TranId: ] [BizTranId: ] [TraceId: ] [SpanId: ] [DynLevel: ] - Scheduled cache reload triggered
2026-07-09 23:08:42.148 [INFO ] [scheduling-1] [c.c.msg.service.MessageCacheService] [TranId: ] [BizTranId: ] [TraceId: ] [SpanId: ] [DynLevel: ] - Cache Refresh: Clearing message cache and fetching updated messages from database
2026-07-09 23:08:42.152 [INFO ] [scheduling-1] [c.c.m.s.ResponseCodeCacheService] [TranId: ] [BizTranId: ] [TraceId: ] [SpanId: ] [DynLevel: ] - Cache Refresh: Clearing response code cache and fetching updated values
2026-07-09 23:08:42.155 [INFO ] [scheduling-1] [c.cmn.cde.service.CodeCacheService] [TranId: ] [BizTranId: ] [TraceId: ] [SpanId: ] [DynLevel: ] - Scheduled cache reload triggered
2026-07-09 23:08:42.155 [INFO ] [scheduling-1] [c.cmn.cde.service.CodeCacheService] [TranId: ] [BizTranId: ] [TraceId: ] [SpanId: ] [DynLevel: ] - Cache Refresh: Clearing code cache and fetching updated codes from database
2026-07-09 23:08:42.157 [INFO ] [scheduling-1] [c.cmn.cfg.service.ConfigCacheService] [TranId: ] [BizTranId: ] [TraceId: ] [SpanId: ] [DynLevel: ] - Scheduled config cache reload triggered
2026-07-09 23:08:42.157 [INFO ] [scheduling-1] [c.cmn.cfg.service.ConfigCacheService] [TranId: ] [BizTranId: ] [TraceId: ] [SpanId: ] [DynLevel: ] - Cache Refresh: Clearing config cache and fetching updated configs from database
2026-07-09 23:38:42.147 [INFO ] [scheduling-1] [c.c.msg.service.MessageCacheService] [TranId: ] [BizTranId: ] [TraceId: ] [SpanId: ] [DynLevel: ] - Scheduled cache reload triggered
2026-07-09 23:38:42.158 [INFO ] [scheduling-1] [c.c.msg.service.MessageCacheService] [TranId: ] [BizTranId: ] [TraceId: ] [SpanId: ] [DynLevel: ] - Cache Refresh: Clearing message cache and fetching updated messages from database
2026-07-09 23:38:42.160 [INFO ] [scheduling-1] [c.c.m.s.ResponseCodeCacheService] [TranId: ] [BizTranId: ] [TraceId: ] [SpanId: ] [DynLevel: ] - Cache Refresh: Clearing response code cache and fetching updated values
2026-07-09 23:38:42.161 [INFO ] [scheduling-1] [c.cmn.cde.service.CodeCacheService] [TranId: ] [BizTranId: ] [TraceId: ] [SpanId: ] [DynLevel: ] - Scheduled cache reload triggered
2026-07-09 23:38:42.161 [INFO ] [scheduling-1] [c.cmn.cde.service.CodeCacheService] [TranId: ] [BizTranId: ] [TraceId: ] [SpanId: ] [DynLevel: ] - Cache Refresh: Clearing code cache and fetching updated codes from database
2026-07-09 23:38:42.162 [INFO ] [scheduling-1] [c.cmn.cfg.service.ConfigCacheService] [TranId: ] [BizTranId: ] [TraceId: ] [SpanId: ] [DynLevel: ] - Scheduled config cache reload triggered
2026-07-09 23:38:42.162 [INFO ] [scheduling-1] [c.cmn.cfg.service.ConfigCacheService] [TranId: ] [BizTranId: ] [TraceId: ] [SpanId: ] [DynLevel: ] - Cache Refresh: Clearing config cache and fetching updated configs from database
