2026-07-11 00:08:41.656 [INFO ] [scheduling-1] [c.c.msg.service.MessageCacheService] [TranId: ] [BizTranId: ] [TraceId: ] [SpanId: ] [DynLevel: ] - Scheduled cache reload triggered
2026-07-11 00:08:41.664 [INFO ] [scheduling-1] [c.c.msg.service.MessageCacheService] [TranId: ] [BizTranId: ] [TraceId: ] [SpanId: ] [DynLevel: ] - Cache Refresh: Clearing message cache and fetching updated messages from database
2026-07-11 00:08:41.668 [INFO ] [scheduling-1] [c.c.m.s.ResponseCodeCacheService] [TranId: ] [BizTranId: ] [TraceId: ] [SpanId: ] [DynLevel: ] - Cache Refresh: Clearing response code cache and fetching updated values
2026-07-11 00:08:41.670 [INFO ] [scheduling-1] [c.cmn.cde.service.CodeCacheService] [TranId: ] [BizTranId: ] [TraceId: ] [SpanId: ] [DynLevel: ] - Scheduled cache reload triggered
2026-07-11 00:08:41.670 [INFO ] [scheduling-1] [c.cmn.cde.service.CodeCacheService] [TranId: ] [BizTranId: ] [TraceId: ] [SpanId: ] [DynLevel: ] - Cache Refresh: Clearing code cache and fetching updated codes from database
2026-07-11 00:08:41.674 [INFO ] [scheduling-1] [c.cmn.cfg.service.ConfigCacheService] [TranId: ] [BizTranId: ] [TraceId: ] [SpanId: ] [DynLevel: ] - Scheduled config cache reload triggered
2026-07-11 00:08:41.675 [INFO ] [scheduling-1] [c.cmn.cfg.service.ConfigCacheService] [TranId: ] [BizTranId: ] [TraceId: ] [SpanId: ] [DynLevel: ] - Cache Refresh: Clearing config cache and fetching updated configs from database
2026-07-11 00:38:41.728 [INFO ] [scheduling-1] [c.c.msg.service.MessageCacheService] [TranId: ] [BizTranId: ] [TraceId: ] [SpanId: ] [DynLevel: ] - Scheduled cache reload triggered
2026-07-11 00:38:41.738 [INFO ] [scheduling-1] [c.c.msg.service.MessageCacheService] [TranId: ] [BizTranId: ] [TraceId: ] [SpanId: ] [DynLevel: ] - Cache Refresh: Clearing message cache and fetching updated messages from database
2026-07-11 00:38:41.744 [INFO ] [scheduling-1] [c.c.m.s.ResponseCodeCacheService] [TranId: ] [BizTranId: ] [TraceId: ] [SpanId: ] [DynLevel: ] - Cache Refresh: Clearing response code cache and fetching updated values
2026-07-11 00:38:41.747 [INFO ] [scheduling-1] [c.cmn.cde.service.CodeCacheService] [TranId: ] [BizTranId: ] [TraceId: ] [SpanId: ] [DynLevel: ] - Scheduled cache reload triggered
2026-07-11 00:38:41.748 [INFO ] [scheduling-1] [c.cmn.cde.service.CodeCacheService] [TranId: ] [BizTranId: ] [TraceId: ] [SpanId: ] [DynLevel: ] - Cache Refresh: Clearing code cache and fetching updated codes from database
2026-07-11 00:38:41.750 [INFO ] [scheduling-1] [c.cmn.cfg.service.ConfigCacheService] [TranId: ] [BizTranId: ] [TraceId: ] [SpanId: ] [DynLevel: ] - Scheduled config cache reload triggered
2026-07-11 00:38:41.750 [INFO ] [scheduling-1] [c.cmn.cfg.service.ConfigCacheService] [TranId: ] [BizTranId: ] [TraceId: ] [SpanId: ] [DynLevel: ] - Cache Refresh: Clearing config cache and fetching updated configs from database
2026-07-11 01:08:41.772 [INFO ] [scheduling-1] [c.c.msg.service.MessageCacheService] [TranId: ] [BizTranId: ] [TraceId: ] [SpanId: ] [DynLevel: ] - Scheduled cache reload triggered
2026-07-11 01:08:41.782 [INFO ] [scheduling-1] [c.c.msg.service.MessageCacheService] [TranId: ] [BizTranId: ] [TraceId: ] [SpanId: ] [DynLevel: ] - Cache Refresh: Clearing message cache and fetching updated messages from database
2026-07-11 01:08:41.784 [INFO ] [scheduling-1] [c.c.m.s.ResponseCodeCacheService] [TranId: ] [BizTranId: ] [TraceId: ] [SpanId: ] [DynLevel: ] - Cache Refresh: Clearing response code cache and fetching updated values
2026-07-11 01:08:41.785 [INFO ] [scheduling-1] [c.cmn.cde.service.CodeCacheService] [TranId: ] [BizTranId: ] [TraceId: ] [SpanId: ] [DynLevel: ] - Scheduled cache reload triggered
2026-07-11 01:08:41.786 [INFO ] [scheduling-1] [c.cmn.cde.service.CodeCacheService] [TranId: ] [BizTranId: ] [TraceId: ] [SpanId: ] [DynLevel: ] - Cache Refresh: Clearing code cache and fetching updated codes from database
2026-07-11 01:08:41.786 [INFO ] [scheduling-1] [c.cmn.cfg.service.ConfigCacheService] [TranId: ] [BizTranId: ] [TraceId: ] [SpanId: ] [DynLevel: ] - Scheduled config cache reload triggered
2026-07-11 01:08:41.787 [INFO ] [scheduling-1] [c.cmn.cfg.service.ConfigCacheService] [TranId: ] [BizTranId: ] [TraceId: ] [SpanId: ] [DynLevel: ] - Cache Refresh: Clearing config cache and fetching updated configs from database
2026-07-11 01:38:41.790 [INFO ] [scheduling-1] [c.c.msg.service.MessageCacheService] [TranId: ] [BizTranId: ] [TraceId: ] [SpanId: ] [DynLevel: ] - Scheduled cache reload triggered
2026-07-11 01:38:41.800 [INFO ] [scheduling-1] [c.c.msg.service.MessageCacheService] [TranId: ] [BizTranId: ] [TraceId: ] [SpanId: ] [DynLevel: ] - Cache Refresh: Clearing message cache and fetching updated messages from database
2026-07-11 01:38:41.803 [INFO ] [scheduling-1] [c.c.m.s.ResponseCodeCacheService] [TranId: ] [BizTranId: ] [TraceId: ] [SpanId: ] [DynLevel: ] - Cache Refresh: Clearing response code cache and fetching updated values
2026-07-11 01:38:41.806 [INFO ] [scheduling-1] [c.cmn.cde.service.CodeCacheService] [TranId: ] [BizTranId: ] [TraceId: ] [SpanId: ] [DynLevel: ] - Scheduled cache reload triggered
2026-07-11 01:38:41.806 [INFO ] [scheduling-1] [c.cmn.cde.service.CodeCacheService] [TranId: ] [BizTranId: ] [TraceId: ] [SpanId: ] [DynLevel: ] - Cache Refresh: Clearing code cache and fetching updated codes from database
2026-07-11 01:38:41.809 [INFO ] [scheduling-1] [c.cmn.cfg.service.ConfigCacheService] [TranId: ] [BizTranId: ] [TraceId: ] [SpanId: ] [DynLevel: ] - Scheduled config cache reload triggered
2026-07-11 01:38:41.809 [INFO ] [scheduling-1] [c.cmn.cfg.service.ConfigCacheService] [TranId: ] [BizTranId: ] [TraceId: ] [SpanId: ] [DynLevel: ] - Cache Refresh: Clearing config cache and fetching updated configs from database
2026-07-11 02:08:41.816 [INFO ] [scheduling-1] [c.c.msg.service.MessageCacheService] [TranId: ] [BizTranId: ] [TraceId: ] [SpanId: ] [DynLevel: ] - Scheduled cache reload triggered
2026-07-11 02:08:41.826 [INFO ] [scheduling-1] [c.c.msg.service.MessageCacheService] [TranId: ] [BizTranId: ] [TraceId: ] [SpanId: ] [DynLevel: ] - Cache Refresh: Clearing message cache and fetching updated messages from database
2026-07-11 02:08:41.830 [INFO ] [scheduling-1] [c.c.m.s.ResponseCodeCacheService] [TranId: ] [BizTranId: ] [TraceId: ] [SpanId: ] [DynLevel: ] - Cache Refresh: Clearing response code cache and fetching updated values
2026-07-11 02:08:41.833 [INFO ] [scheduling-1] [c.cmn.cde.service.CodeCacheService] [TranId: ] [BizTranId: ] [TraceId: ] [SpanId: ] [DynLevel: ] - Scheduled cache reload triggered
2026-07-11 02:08:41.833 [INFO ] [scheduling-1] [c.cmn.cde.service.CodeCacheService] [TranId: ] [BizTranId: ] [TraceId: ] [SpanId: ] [DynLevel: ] - Cache Refresh: Clearing code cache and fetching updated codes from database
2026-07-11 02:08:41.835 [INFO ] [scheduling-1] [c.cmn.cfg.service.ConfigCacheService] [TranId: ] [BizTranId: ] [TraceId: ] [SpanId: ] [DynLevel: ] - Scheduled config cache reload triggered
2026-07-11 02:08:41.835 [INFO ] [scheduling-1] [c.cmn.cfg.service.ConfigCacheService] [TranId: ] [BizTranId: ] [TraceId: ] [SpanId: ] [DynLevel: ] - Cache Refresh: Clearing config cache and fetching updated configs from database
2026-07-11 02:38:41.826 [INFO ] [scheduling-1] [c.c.msg.service.MessageCacheService] [TranId: ] [BizTranId: ] [TraceId: ] [SpanId: ] [DynLevel: ] - Scheduled cache reload triggered
2026-07-11 02:38:41.835 [INFO ] [scheduling-1] [c.c.msg.service.MessageCacheService] [TranId: ] [BizTranId: ] [TraceId: ] [SpanId: ] [DynLevel: ] - Cache Refresh: Clearing message cache and fetching updated messages from database
2026-07-11 02:38:41.837 [INFO ] [scheduling-1] [c.c.m.s.ResponseCodeCacheService] [TranId: ] [BizTranId: ] [TraceId: ] [SpanId: ] [DynLevel: ] - Cache Refresh: Clearing response code cache and fetching updated values
2026-07-11 02:38:41.837 [INFO ] [scheduling-1] [c.cmn.cde.service.CodeCacheService] [TranId: ] [BizTranId: ] [TraceId: ] [SpanId: ] [DynLevel: ] - Scheduled cache reload triggered
2026-07-11 02:38:41.838 [INFO ] [scheduling-1] [c.cmn.cde.service.CodeCacheService] [TranId: ] [BizTranId: ] [TraceId: ] [SpanId: ] [DynLevel: ] - Cache Refresh: Clearing code cache and fetching updated codes from database
2026-07-11 02:38:41.839 [INFO ] [scheduling-1] [c.cmn.cfg.service.ConfigCacheService] [TranId: ] [BizTranId: ] [TraceId: ] [SpanId: ] [DynLevel: ] - Scheduled config cache reload triggered
2026-07-11 02:38:41.839 [INFO ] [scheduling-1] [c.cmn.cfg.service.ConfigCacheService] [TranId: ] [BizTranId: ] [TraceId: ] [SpanId: ] [DynLevel: ] - Cache Refresh: Clearing config cache and fetching updated configs from database
2026-07-11 03:08:41.835 [INFO ] [scheduling-1] [c.c.msg.service.MessageCacheService] [TranId: ] [BizTranId: ] [TraceId: ] [SpanId: ] [DynLevel: ] - Scheduled cache reload triggered
2026-07-11 03:08:41.845 [INFO ] [scheduling-1] [c.c.msg.service.MessageCacheService] [TranId: ] [BizTranId: ] [TraceId: ] [SpanId: ] [DynLevel: ] - Cache Refresh: Clearing message cache and fetching updated messages from database
2026-07-11 03:08:41.849 [INFO ] [scheduling-1] [c.c.m.s.ResponseCodeCacheService] [TranId: ] [BizTranId: ] [TraceId: ] [SpanId: ] [DynLevel: ] - Cache Refresh: Clearing response code cache and fetching updated values
2026-07-11 03:08:41.851 [INFO ] [scheduling-1] [c.cmn.cde.service.CodeCacheService] [TranId: ] [BizTranId: ] [TraceId: ] [SpanId: ] [DynLevel: ] - Scheduled cache reload triggered
2026-07-11 03:08:41.851 [INFO ] [scheduling-1] [c.cmn.cde.service.CodeCacheService] [TranId: ] [BizTranId: ] [TraceId: ] [SpanId: ] [DynLevel: ] - Cache Refresh: Clearing code cache and fetching updated codes from database
2026-07-11 03:08:41.852 [INFO ] [scheduling-1] [c.cmn.cfg.service.ConfigCacheService] [TranId: ] [BizTranId: ] [TraceId: ] [SpanId: ] [DynLevel: ] - Scheduled config cache reload triggered
2026-07-11 03:08:41.852 [INFO ] [scheduling-1] [c.cmn.cfg.service.ConfigCacheService] [TranId: ] [BizTranId: ] [TraceId: ] [SpanId: ] [DynLevel: ] - Cache Refresh: Clearing config cache and fetching updated configs from database
2026-07-11 03:38:41.847 [INFO ] [scheduling-1] [c.c.msg.service.MessageCacheService] [TranId: ] [BizTranId: ] [TraceId: ] [SpanId: ] [DynLevel: ] - Scheduled cache reload triggered
2026-07-11 03:38:41.856 [INFO ] [scheduling-1] [c.c.msg.service.MessageCacheService] [TranId: ] [BizTranId: ] [TraceId: ] [SpanId: ] [DynLevel: ] - Cache Refresh: Clearing message cache and fetching updated messages from database
2026-07-11 03:38:41.858 [INFO ] [scheduling-1] [c.c.m.s.ResponseCodeCacheService] [TranId: ] [BizTranId: ] [TraceId: ] [SpanId: ] [DynLevel: ] - Cache Refresh: Clearing response code cache and fetching updated values
2026-07-11 03:38:41.859 [INFO ] [scheduling-1] [c.cmn.cde.service.CodeCacheService] [TranId: ] [BizTranId: ] [TraceId: ] [SpanId: ] [DynLevel: ] - Scheduled cache reload triggered
2026-07-11 03:38:41.859 [INFO ] [scheduling-1] [c.cmn.cde.service.CodeCacheService] [TranId: ] [BizTranId: ] [TraceId: ] [SpanId: ] [DynLevel: ] - Cache Refresh: Clearing code cache and fetching updated codes from database
2026-07-11 03:38:41.861 [INFO ] [scheduling-1] [c.cmn.cfg.service.ConfigCacheService] [TranId: ] [BizTranId: ] [TraceId: ] [SpanId: ] [DynLevel: ] - Scheduled config cache reload triggered
2026-07-11 03:38:41.861 [INFO ] [scheduling-1] [c.cmn.cfg.service.ConfigCacheService] [TranId: ] [BizTranId: ] [TraceId: ] [SpanId: ] [DynLevel: ] - Cache Refresh: Clearing config cache and fetching updated configs from database
2026-07-11 04:08:41.848 [INFO ] [scheduling-1] [c.c.msg.service.MessageCacheService] [TranId: ] [BizTranId: ] [TraceId: ] [SpanId: ] [DynLevel: ] - Scheduled cache reload triggered
2026-07-11 04:08:41.856 [INFO ] [scheduling-1] [c.c.msg.service.MessageCacheService] [TranId: ] [BizTranId: ] [TraceId: ] [SpanId: ] [DynLevel: ] - Cache Refresh: Clearing message cache and fetching updated messages from database
2026-07-11 04:08:41.858 [INFO ] [scheduling-1] [c.c.m.s.ResponseCodeCacheService] [TranId: ] [BizTranId: ] [TraceId: ] [SpanId: ] [DynLevel: ] - Cache Refresh: Clearing response code cache and fetching updated values
2026-07-11 04:08:41.860 [INFO ] [scheduling-1] [c.cmn.cde.service.CodeCacheService] [TranId: ] [BizTranId: ] [TraceId: ] [SpanId: ] [DynLevel: ] - Scheduled cache reload triggered
2026-07-11 04:08:41.860 [INFO ] [scheduling-1] [c.cmn.cde.service.CodeCacheService] [TranId: ] [BizTranId: ] [TraceId: ] [SpanId: ] [DynLevel: ] - Cache Refresh: Clearing code cache and fetching updated codes from database
2026-07-11 04:08:41.861 [INFO ] [scheduling-1] [c.cmn.cfg.service.ConfigCacheService] [TranId: ] [BizTranId: ] [TraceId: ] [SpanId: ] [DynLevel: ] - Scheduled config cache reload triggered
2026-07-11 04:08:41.861 [INFO ] [scheduling-1] [c.cmn.cfg.service.ConfigCacheService] [TranId: ] [BizTranId: ] [TraceId: ] [SpanId: ] [DynLevel: ] - Cache Refresh: Clearing config cache and fetching updated configs from database
2026-07-11 04:38:41.852 [INFO ] [scheduling-1] [c.c.msg.service.MessageCacheService] [TranId: ] [BizTranId: ] [TraceId: ] [SpanId: ] [DynLevel: ] - Scheduled cache reload triggered
2026-07-11 04:38:41.862 [INFO ] [scheduling-1] [c.c.msg.service.MessageCacheService] [TranId: ] [BizTranId: ] [TraceId: ] [SpanId: ] [DynLevel: ] - Cache Refresh: Clearing message cache and fetching updated messages from database
2026-07-11 04:38:41.865 [INFO ] [scheduling-1] [c.c.m.s.ResponseCodeCacheService] [TranId: ] [BizTranId: ] [TraceId: ] [SpanId: ] [DynLevel: ] - Cache Refresh: Clearing response code cache and fetching updated values
2026-07-11 04:38:41.867 [INFO ] [scheduling-1] [c.cmn.cde.service.CodeCacheService] [TranId: ] [BizTranId: ] [TraceId: ] [SpanId: ] [DynLevel: ] - Scheduled cache reload triggered
2026-07-11 04:38:41.867 [INFO ] [scheduling-1] [c.cmn.cde.service.CodeCacheService] [TranId: ] [BizTranId: ] [TraceId: ] [SpanId: ] [DynLevel: ] - Cache Refresh: Clearing code cache and fetching updated codes from database
2026-07-11 04:38:41.868 [INFO ] [scheduling-1] [c.cmn.cfg.service.ConfigCacheService] [TranId: ] [BizTranId: ] [TraceId: ] [SpanId: ] [DynLevel: ] - Scheduled config cache reload triggered
2026-07-11 04:38:41.868 [INFO ] [scheduling-1] [c.cmn.cfg.service.ConfigCacheService] [TranId: ] [BizTranId: ] [TraceId: ] [SpanId: ] [DynLevel: ] - Cache Refresh: Clearing config cache and fetching updated configs from database
2026-07-11 05:08:41.853 [INFO ] [scheduling-1] [c.c.msg.service.MessageCacheService] [TranId: ] [BizTranId: ] [TraceId: ] [SpanId: ] [DynLevel: ] - Scheduled cache reload triggered
2026-07-11 05:08:41.863 [INFO ] [scheduling-1] [c.c.msg.service.MessageCacheService] [TranId: ] [BizTranId: ] [TraceId: ] [SpanId: ] [DynLevel: ] - Cache Refresh: Clearing message cache and fetching updated messages from database
2026-07-11 05:08:41.865 [INFO ] [scheduling-1] [c.c.m.s.ResponseCodeCacheService] [TranId: ] [BizTranId: ] [TraceId: ] [SpanId: ] [DynLevel: ] - Cache Refresh: Clearing response code cache and fetching updated values
2026-07-11 05:08:41.866 [INFO ] [scheduling-1] [c.cmn.cde.service.CodeCacheService] [TranId: ] [BizTranId: ] [TraceId: ] [SpanId: ] [DynLevel: ] - Scheduled cache reload triggered
2026-07-11 05:08:41.866 [INFO ] [scheduling-1] [c.cmn.cde.service.CodeCacheService] [TranId: ] [BizTranId: ] [TraceId: ] [SpanId: ] [DynLevel: ] - Cache Refresh: Clearing code cache and fetching updated codes from database
2026-07-11 05:08:41.868 [INFO ] [scheduling-1] [c.cmn.cfg.service.ConfigCacheService] [TranId: ] [BizTranId: ] [TraceId: ] [SpanId: ] [DynLevel: ] - Scheduled config cache reload triggered
2026-07-11 05:08:41.868 [INFO ] [scheduling-1] [c.cmn.cfg.service.ConfigCacheService] [TranId: ] [BizTranId: ] [TraceId: ] [SpanId: ] [DynLevel: ] - Cache Refresh: Clearing config cache and fetching updated configs from database
2026-07-11 05:38:41.855 [INFO ] [scheduling-1] [c.c.msg.service.MessageCacheService] [TranId: ] [BizTranId: ] [TraceId: ] [SpanId: ] [DynLevel: ] - Scheduled cache reload triggered
2026-07-11 05:38:41.865 [INFO ] [scheduling-1] [c.c.msg.service.MessageCacheService] [TranId: ] [BizTranId: ] [TraceId: ] [SpanId: ] [DynLevel: ] - Cache Refresh: Clearing message cache and fetching updated messages from database
2026-07-11 05:38:41.869 [INFO ] [scheduling-1] [c.c.m.s.ResponseCodeCacheService] [TranId: ] [BizTranId: ] [TraceId: ] [SpanId: ] [DynLevel: ] - Cache Refresh: Clearing response code cache and fetching updated values
2026-07-11 05:38:41.871 [INFO ] [scheduling-1] [c.cmn.cde.service.CodeCacheService] [TranId: ] [BizTranId: ] [TraceId: ] [SpanId: ] [DynLevel: ] - Scheduled cache reload triggered
2026-07-11 05:38:41.871 [INFO ] [scheduling-1] [c.cmn.cde.service.CodeCacheService] [TranId: ] [BizTranId: ] [TraceId: ] [SpanId: ] [DynLevel: ] - Cache Refresh: Clearing code cache and fetching updated codes from database
2026-07-11 05:38:41.873 [INFO ] [scheduling-1] [c.cmn.cfg.service.ConfigCacheService] [TranId: ] [BizTranId: ] [TraceId: ] [SpanId: ] [DynLevel: ] - Scheduled config cache reload triggered
2026-07-11 05:38:41.873 [INFO ] [scheduling-1] [c.cmn.cfg.service.ConfigCacheService] [TranId: ] [BizTranId: ] [TraceId: ] [SpanId: ] [DynLevel: ] - Cache Refresh: Clearing config cache and fetching updated configs from database
2026-07-11 06:08:41.865 [INFO ] [scheduling-1] [c.c.msg.service.MessageCacheService] [TranId: ] [BizTranId: ] [TraceId: ] [SpanId: ] [DynLevel: ] - Scheduled cache reload triggered
2026-07-11 06:08:41.876 [INFO ] [scheduling-1] [c.c.msg.service.MessageCacheService] [TranId: ] [BizTranId: ] [TraceId: ] [SpanId: ] [DynLevel: ] - Cache Refresh: Clearing message cache and fetching updated messages from database
2026-07-11 06:08:41.882 [INFO ] [scheduling-1] [c.c.m.s.ResponseCodeCacheService] [TranId: ] [BizTranId: ] [TraceId: ] [SpanId: ] [DynLevel: ] - Cache Refresh: Clearing response code cache and fetching updated values
2026-07-11 06:08:41.883 [INFO ] [scheduling-1] [c.cmn.cde.service.CodeCacheService] [TranId: ] [BizTranId: ] [TraceId: ] [SpanId: ] [DynLevel: ] - Scheduled cache reload triggered
2026-07-11 06:08:41.883 [INFO ] [scheduling-1] [c.cmn.cde.service.CodeCacheService] [TranId: ] [BizTranId: ] [TraceId: ] [SpanId: ] [DynLevel: ] - Cache Refresh: Clearing code cache and fetching updated codes from database
2026-07-11 06:08:41.885 [INFO ] [scheduling-1] [c.cmn.cfg.service.ConfigCacheService] [TranId: ] [BizTranId: ] [TraceId: ] [SpanId: ] [DynLevel: ] - Scheduled config cache reload triggered
2026-07-11 06:08:41.885 [INFO ] [scheduling-1] [c.cmn.cfg.service.ConfigCacheService] [TranId: ] [BizTranId: ] [TraceId: ] [SpanId: ] [DynLevel: ] - Cache Refresh: Clearing config cache and fetching updated configs from database
2026-07-11 06:38:41.873 [INFO ] [scheduling-1] [c.c.msg.service.MessageCacheService] [TranId: ] [BizTranId: ] [TraceId: ] [SpanId: ] [DynLevel: ] - Scheduled cache reload triggered
2026-07-11 06:38:41.883 [INFO ] [scheduling-1] [c.c.msg.service.MessageCacheService] [TranId: ] [BizTranId: ] [TraceId: ] [SpanId: ] [DynLevel: ] - Cache Refresh: Clearing message cache and fetching updated messages from database
2026-07-11 06:38:41.886 [INFO ] [scheduling-1] [c.c.m.s.ResponseCodeCacheService] [TranId: ] [BizTranId: ] [TraceId: ] [SpanId: ] [DynLevel: ] - Cache Refresh: Clearing response code cache and fetching updated values
2026-07-11 06:38:41.888 [INFO ] [scheduling-1] [c.cmn.cde.service.CodeCacheService] [TranId: ] [BizTranId: ] [TraceId: ] [SpanId: ] [DynLevel: ] - Scheduled cache reload triggered
2026-07-11 06:38:41.888 [INFO ] [scheduling-1] [c.cmn.cde.service.CodeCacheService] [TranId: ] [BizTranId: ] [TraceId: ] [SpanId: ] [DynLevel: ] - Cache Refresh: Clearing code cache and fetching updated codes from database
2026-07-11 06:38:41.891 [INFO ] [scheduling-1] [c.cmn.cfg.service.ConfigCacheService] [TranId: ] [BizTranId: ] [TraceId: ] [SpanId: ] [DynLevel: ] - Scheduled config cache reload triggered
2026-07-11 06:38:41.891 [INFO ] [scheduling-1] [c.cmn.cfg.service.ConfigCacheService] [TranId: ] [BizTranId: ] [TraceId: ] [SpanId: ] [DynLevel: ] - Cache Refresh: Clearing config cache and fetching updated configs from database
2026-07-11 07:08:41.878 [INFO ] [scheduling-1] [c.c.msg.service.MessageCacheService] [TranId: ] [BizTranId: ] [TraceId: ] [SpanId: ] [DynLevel: ] - Scheduled cache reload triggered
2026-07-11 07:08:41.887 [INFO ] [scheduling-1] [c.c.msg.service.MessageCacheService] [TranId: ] [BizTranId: ] [TraceId: ] [SpanId: ] [DynLevel: ] - Cache Refresh: Clearing message cache and fetching updated messages from database
2026-07-11 07:08:41.892 [INFO ] [scheduling-1] [c.c.m.s.ResponseCodeCacheService] [TranId: ] [BizTranId: ] [TraceId: ] [SpanId: ] [DynLevel: ] - Cache Refresh: Clearing response code cache and fetching updated values
2026-07-11 07:08:41.894 [INFO ] [scheduling-1] [c.cmn.cde.service.CodeCacheService] [TranId: ] [BizTranId: ] [TraceId: ] [SpanId: ] [DynLevel: ] - Scheduled cache reload triggered
2026-07-11 07:08:41.894 [INFO ] [scheduling-1] [c.cmn.cde.service.CodeCacheService] [TranId: ] [BizTranId: ] [TraceId: ] [SpanId: ] [DynLevel: ] - Cache Refresh: Clearing code cache and fetching updated codes from database
2026-07-11 07:08:41.895 [INFO ] [scheduling-1] [c.cmn.cfg.service.ConfigCacheService] [TranId: ] [BizTranId: ] [TraceId: ] [SpanId: ] [DynLevel: ] - Scheduled config cache reload triggered
2026-07-11 07:08:41.895 [INFO ] [scheduling-1] [c.cmn.cfg.service.ConfigCacheService] [TranId: ] [BizTranId: ] [TraceId: ] [SpanId: ] [DynLevel: ] - Cache Refresh: Clearing config cache and fetching updated configs from database
2026-07-11 07:38:41.882 [INFO ] [scheduling-1] [c.c.msg.service.MessageCacheService] [TranId: ] [BizTranId: ] [TraceId: ] [SpanId: ] [DynLevel: ] - Scheduled cache reload triggered
2026-07-11 07:38:41.891 [INFO ] [scheduling-1] [c.c.msg.service.MessageCacheService] [TranId: ] [BizTranId: ] [TraceId: ] [SpanId: ] [DynLevel: ] - Cache Refresh: Clearing message cache and fetching updated messages from database
2026-07-11 07:38:41.896 [INFO ] [scheduling-1] [c.c.m.s.ResponseCodeCacheService] [TranId: ] [BizTranId: ] [TraceId: ] [SpanId: ] [DynLevel: ] - Cache Refresh: Clearing response code cache and fetching updated values
2026-07-11 07:38:41.898 [INFO ] [scheduling-1] [c.cmn.cde.service.CodeCacheService] [TranId: ] [BizTranId: ] [TraceId: ] [SpanId: ] [DynLevel: ] - Scheduled cache reload triggered
2026-07-11 07:38:41.898 [INFO ] [scheduling-1] [c.cmn.cde.service.CodeCacheService] [TranId: ] [BizTranId: ] [TraceId: ] [SpanId: ] [DynLevel: ] - Cache Refresh: Clearing code cache and fetching updated codes from database
2026-07-11 07:38:41.899 [INFO ] [scheduling-1] [c.cmn.cfg.service.ConfigCacheService] [TranId: ] [BizTranId: ] [TraceId: ] [SpanId: ] [DynLevel: ] - Scheduled config cache reload triggered
2026-07-11 07:38:41.899 [INFO ] [scheduling-1] [c.cmn.cfg.service.ConfigCacheService] [TranId: ] [BizTranId: ] [TraceId: ] [SpanId: ] [DynLevel: ] - Cache Refresh: Clearing config cache and fetching updated configs from database
2026-07-11 08:08:41.880 [INFO ] [scheduling-1] [c.c.msg.service.MessageCacheService] [TranId: ] [BizTranId: ] [TraceId: ] [SpanId: ] [DynLevel: ] - Scheduled cache reload triggered
2026-07-11 08:08:41.888 [INFO ] [scheduling-1] [c.c.msg.service.MessageCacheService] [TranId: ] [BizTranId: ] [TraceId: ] [SpanId: ] [DynLevel: ] - Cache Refresh: Clearing message cache and fetching updated messages from database
2026-07-11 08:08:41.891 [INFO ] [scheduling-1] [c.c.m.s.ResponseCodeCacheService] [TranId: ] [BizTranId: ] [TraceId: ] [SpanId: ] [DynLevel: ] - Cache Refresh: Clearing response code cache and fetching updated values
2026-07-11 08:08:41.892 [INFO ] [scheduling-1] [c.cmn.cde.service.CodeCacheService] [TranId: ] [BizTranId: ] [TraceId: ] [SpanId: ] [DynLevel: ] - Scheduled cache reload triggered
2026-07-11 08:08:41.892 [INFO ] [scheduling-1] [c.cmn.cde.service.CodeCacheService] [TranId: ] [BizTranId: ] [TraceId: ] [SpanId: ] [DynLevel: ] - Cache Refresh: Clearing code cache and fetching updated codes from database
2026-07-11 08:08:41.893 [INFO ] [scheduling-1] [c.cmn.cfg.service.ConfigCacheService] [TranId: ] [BizTranId: ] [TraceId: ] [SpanId: ] [DynLevel: ] - Scheduled config cache reload triggered
2026-07-11 08:08:41.893 [INFO ] [scheduling-1] [c.cmn.cfg.service.ConfigCacheService] [TranId: ] [BizTranId: ] [TraceId: ] [SpanId: ] [DynLevel: ] - Cache Refresh: Clearing config cache and fetching updated configs from database
2026-07-11 08:38:41.879 [INFO ] [scheduling-1] [c.c.msg.service.MessageCacheService] [TranId: ] [BizTranId: ] [TraceId: ] [SpanId: ] [DynLevel: ] - Scheduled cache reload triggered
2026-07-11 08:38:41.880 [INFO ] [scheduling-1] [c.c.msg.service.MessageCacheService] [TranId: ] [BizTranId: ] [TraceId: ] [SpanId: ] [DynLevel: ] - Cache Refresh: Clearing message cache and fetching updated messages from database
2026-07-11 08:38:41.882 [INFO ] [scheduling-1] [c.c.m.s.ResponseCodeCacheService] [TranId: ] [BizTranId: ] [TraceId: ] [SpanId: ] [DynLevel: ] - Cache Refresh: Clearing response code cache and fetching updated values
2026-07-11 08:38:41.883 [INFO ] [scheduling-1] [c.cmn.cde.service.CodeCacheService] [TranId: ] [BizTranId: ] [TraceId: ] [SpanId: ] [DynLevel: ] - Scheduled cache reload triggered
2026-07-11 08:38:41.883 [INFO ] [scheduling-1] [c.cmn.cde.service.CodeCacheService] [TranId: ] [BizTranId: ] [TraceId: ] [SpanId: ] [DynLevel: ] - Cache Refresh: Clearing code cache and fetching updated codes from database
2026-07-11 08:38:41.884 [INFO ] [scheduling-1] [c.cmn.cfg.service.ConfigCacheService] [TranId: ] [BizTranId: ] [TraceId: ] [SpanId: ] [DynLevel: ] - Scheduled config cache reload triggered
2026-07-11 08:38:41.884 [INFO ] [scheduling-1] [c.cmn.cfg.service.ConfigCacheService] [TranId: ] [BizTranId: ] [TraceId: ] [SpanId: ] [DynLevel: ] - Cache Refresh: Clearing config cache and fetching updated configs from database
2026-07-11 09:08:41.881 [INFO ] [scheduling-1] [c.c.msg.service.MessageCacheService] [TranId: ] [BizTranId: ] [TraceId: ] [SpanId: ] [DynLevel: ] - Scheduled cache reload triggered
2026-07-11 09:08:41.891 [INFO ] [scheduling-1] [c.c.msg.service.MessageCacheService] [TranId: ] [BizTranId: ] [TraceId: ] [SpanId: ] [DynLevel: ] - Cache Refresh: Clearing message cache and fetching updated messages from database
2026-07-11 09:08:41.893 [INFO ] [scheduling-1] [c.c.m.s.ResponseCodeCacheService] [TranId: ] [BizTranId: ] [TraceId: ] [SpanId: ] [DynLevel: ] - Cache Refresh: Clearing response code cache and fetching updated values
2026-07-11 09:08:41.894 [INFO ] [scheduling-1] [c.cmn.cde.service.CodeCacheService] [TranId: ] [BizTranId: ] [TraceId: ] [SpanId: ] [DynLevel: ] - Scheduled cache reload triggered
2026-07-11 09:08:41.894 [INFO ] [scheduling-1] [c.cmn.cde.service.CodeCacheService] [TranId: ] [BizTranId: ] [TraceId: ] [SpanId: ] [DynLevel: ] - Cache Refresh: Clearing code cache and fetching updated codes from database
2026-07-11 09:08:41.895 [INFO ] [scheduling-1] [c.cmn.cfg.service.ConfigCacheService] [TranId: ] [BizTranId: ] [TraceId: ] [SpanId: ] [DynLevel: ] - Scheduled config cache reload triggered
2026-07-11 09:08:41.895 [INFO ] [scheduling-1] [c.cmn.cfg.service.ConfigCacheService] [TranId: ] [BizTranId: ] [TraceId: ] [SpanId: ] [DynLevel: ] - Cache Refresh: Clearing config cache and fetching updated configs from database
2026-07-11 09:38:41.711 [INFO ] [scheduling-1] [c.c.msg.service.MessageCacheService] [TranId: ] [BizTranId: ] [TraceId: ] [SpanId: ] [DynLevel: ] - Scheduled cache reload triggered
2026-07-11 09:38:41.721 [INFO ] [scheduling-1] [c.c.msg.service.MessageCacheService] [TranId: ] [BizTranId: ] [TraceId: ] [SpanId: ] [DynLevel: ] - Cache Refresh: Clearing message cache and fetching updated messages from database
2026-07-11 09:38:41.723 [INFO ] [scheduling-1] [c.c.m.s.ResponseCodeCacheService] [TranId: ] [BizTranId: ] [TraceId: ] [SpanId: ] [DynLevel: ] - Cache Refresh: Clearing response code cache and fetching updated values
2026-07-11 09:38:41.723 [INFO ] [scheduling-1] [c.cmn.cde.service.CodeCacheService] [TranId: ] [BizTranId: ] [TraceId: ] [SpanId: ] [DynLevel: ] - Scheduled cache reload triggered
2026-07-11 09:38:41.723 [INFO ] [scheduling-1] [c.cmn.cde.service.CodeCacheService] [TranId: ] [BizTranId: ] [TraceId: ] [SpanId: ] [DynLevel: ] - Cache Refresh: Clearing code cache and fetching updated codes from database
2026-07-11 09:38:41.724 [INFO ] [scheduling-1] [c.cmn.cfg.service.ConfigCacheService] [TranId: ] [BizTranId: ] [TraceId: ] [SpanId: ] [DynLevel: ] - Scheduled config cache reload triggered
2026-07-11 09:38:41.724 [INFO ] [scheduling-1] [c.cmn.cfg.service.ConfigCacheService] [TranId: ] [BizTranId: ] [TraceId: ] [SpanId: ] [DynLevel: ] - Cache Refresh: Clearing config cache and fetching updated configs from database
2026-07-11 10:08:41.550 [INFO ] [scheduling-1] [c.c.msg.service.MessageCacheService] [TranId: ] [BizTranId: ] [TraceId: ] [SpanId: ] [DynLevel: ] - Scheduled cache reload triggered
2026-07-11 10:08:41.561 [INFO ] [scheduling-1] [c.c.msg.service.MessageCacheService] [TranId: ] [BizTranId: ] [TraceId: ] [SpanId: ] [DynLevel: ] - Cache Refresh: Clearing message cache and fetching updated messages from database
2026-07-11 10:08:41.566 [INFO ] [scheduling-1] [c.c.m.s.ResponseCodeCacheService] [TranId: ] [BizTranId: ] [TraceId: ] [SpanId: ] [DynLevel: ] - Cache Refresh: Clearing response code cache and fetching updated values
2026-07-11 10:08:41.569 [INFO ] [scheduling-1] [c.cmn.cde.service.CodeCacheService] [TranId: ] [BizTranId: ] [TraceId: ] [SpanId: ] [DynLevel: ] - Scheduled cache reload triggered
2026-07-11 10:08:41.569 [INFO ] [scheduling-1] [c.cmn.cde.service.CodeCacheService] [TranId: ] [BizTranId: ] [TraceId: ] [SpanId: ] [DynLevel: ] - Cache Refresh: Clearing code cache and fetching updated codes from database
2026-07-11 10:08:41.571 [INFO ] [scheduling-1] [c.cmn.cfg.service.ConfigCacheService] [TranId: ] [BizTranId: ] [TraceId: ] [SpanId: ] [DynLevel: ] - Scheduled config cache reload triggered
2026-07-11 10:08:41.571 [INFO ] [scheduling-1] [c.cmn.cfg.service.ConfigCacheService] [TranId: ] [BizTranId: ] [TraceId: ] [SpanId: ] [DynLevel: ] - Cache Refresh: Clearing config cache and fetching updated configs from database
2026-07-11 10:38:41.452 [INFO ] [scheduling-1] [c.c.msg.service.MessageCacheService] [TranId: ] [BizTranId: ] [TraceId: ] [SpanId: ] [DynLevel: ] - Scheduled cache reload triggered
2026-07-11 10:38:41.461 [INFO ] [scheduling-1] [c.c.msg.service.MessageCacheService] [TranId: ] [BizTranId: ] [TraceId: ] [SpanId: ] [DynLevel: ] - Cache Refresh: Clearing message cache and fetching updated messages from database
2026-07-11 10:38:41.465 [INFO ] [scheduling-1] [c.c.m.s.ResponseCodeCacheService] [TranId: ] [BizTranId: ] [TraceId: ] [SpanId: ] [DynLevel: ] - Cache Refresh: Clearing response code cache and fetching updated values
2026-07-11 10:38:41.467 [INFO ] [scheduling-1] [c.cmn.cde.service.CodeCacheService] [TranId: ] [BizTranId: ] [TraceId: ] [SpanId: ] [DynLevel: ] - Scheduled cache reload triggered
2026-07-11 10:38:41.467 [INFO ] [scheduling-1] [c.cmn.cde.service.CodeCacheService] [TranId: ] [BizTranId: ] [TraceId: ] [SpanId: ] [DynLevel: ] - Cache Refresh: Clearing code cache and fetching updated codes from database
2026-07-11 10:38:41.469 [INFO ] [scheduling-1] [c.cmn.cfg.service.ConfigCacheService] [TranId: ] [BizTranId: ] [TraceId: ] [SpanId: ] [DynLevel: ] - Scheduled config cache reload triggered
2026-07-11 10:38:41.469 [INFO ] [scheduling-1] [c.cmn.cfg.service.ConfigCacheService] [TranId: ] [BizTranId: ] [TraceId: ] [SpanId: ] [DynLevel: ] - Cache Refresh: Clearing config cache and fetching updated configs from database
2026-07-11 11:08:41.380 [INFO ] [scheduling-1] [c.c.msg.service.MessageCacheService] [TranId: ] [BizTranId: ] [TraceId: ] [SpanId: ] [DynLevel: ] - Scheduled cache reload triggered
2026-07-11 11:08:41.381 [INFO ] [scheduling-1] [c.c.msg.service.MessageCacheService] [TranId: ] [BizTranId: ] [TraceId: ] [SpanId: ] [DynLevel: ] - Cache Refresh: Clearing message cache and fetching updated messages from database
2026-07-11 11:08:41.383 [INFO ] [scheduling-1] [c.c.m.s.ResponseCodeCacheService] [TranId: ] [BizTranId: ] [TraceId: ] [SpanId: ] [DynLevel: ] - Cache Refresh: Clearing response code cache and fetching updated values
2026-07-11 11:08:41.384 [INFO ] [scheduling-1] [c.cmn.cde.service.CodeCacheService] [TranId: ] [BizTranId: ] [TraceId: ] [SpanId: ] [DynLevel: ] - Scheduled cache reload triggered
2026-07-11 11:08:41.384 [INFO ] [scheduling-1] [c.cmn.cde.service.CodeCacheService] [TranId: ] [BizTranId: ] [TraceId: ] [SpanId: ] [DynLevel: ] - Cache Refresh: Clearing code cache and fetching updated codes from database
2026-07-11 11:08:41.386 [INFO ] [scheduling-1] [c.cmn.cfg.service.ConfigCacheService] [TranId: ] [BizTranId: ] [TraceId: ] [SpanId: ] [DynLevel: ] - Scheduled config cache reload triggered
2026-07-11 11:08:41.386 [INFO ] [scheduling-1] [c.cmn.cfg.service.ConfigCacheService] [TranId: ] [BizTranId: ] [TraceId: ] [SpanId: ] [DynLevel: ] - Cache Refresh: Clearing config cache and fetching updated configs from database
2026-07-11 11:38:41.350 [INFO ] [scheduling-1] [c.c.msg.service.MessageCacheService] [TranId: ] [BizTranId: ] [TraceId: ] [SpanId: ] [DynLevel: ] - Scheduled cache reload triggered
2026-07-11 11:38:41.362 [INFO ] [scheduling-1] [c.c.msg.service.MessageCacheService] [TranId: ] [BizTranId: ] [TraceId: ] [SpanId: ] [DynLevel: ] - Cache Refresh: Clearing message cache and fetching updated messages from database
2026-07-11 11:38:41.366 [INFO ] [scheduling-1] [c.c.m.s.ResponseCodeCacheService] [TranId: ] [BizTranId: ] [TraceId: ] [SpanId: ] [DynLevel: ] - Cache Refresh: Clearing response code cache and fetching updated values
2026-07-11 11:38:41.367 [INFO ] [scheduling-1] [c.cmn.cde.service.CodeCacheService] [TranId: ] [BizTranId: ] [TraceId: ] [SpanId: ] [DynLevel: ] - Scheduled cache reload triggered
2026-07-11 11:38:41.367 [INFO ] [scheduling-1] [c.cmn.cde.service.CodeCacheService] [TranId: ] [BizTranId: ] [TraceId: ] [SpanId: ] [DynLevel: ] - Cache Refresh: Clearing code cache and fetching updated codes from database
2026-07-11 11:38:41.368 [INFO ] [scheduling-1] [c.cmn.cfg.service.ConfigCacheService] [TranId: ] [BizTranId: ] [TraceId: ] [SpanId: ] [DynLevel: ] - Scheduled config cache reload triggered
2026-07-11 11:38:41.369 [INFO ] [scheduling-1] [c.cmn.cfg.service.ConfigCacheService] [TranId: ] [BizTranId: ] [TraceId: ] [SpanId: ] [DynLevel: ] - Cache Refresh: Clearing config cache and fetching updated configs from database
2026-07-11 12:08:41.317 [INFO ] [scheduling-1] [c.c.msg.service.MessageCacheService] [TranId: ] [BizTranId: ] [TraceId: ] [SpanId: ] [DynLevel: ] - Scheduled cache reload triggered
2026-07-11 12:08:41.326 [INFO ] [scheduling-1] [c.c.msg.service.MessageCacheService] [TranId: ] [BizTranId: ] [TraceId: ] [SpanId: ] [DynLevel: ] - Cache Refresh: Clearing message cache and fetching updated messages from database
2026-07-11 12:08:41.328 [INFO ] [scheduling-1] [c.c.m.s.ResponseCodeCacheService] [TranId: ] [BizTranId: ] [TraceId: ] [SpanId: ] [DynLevel: ] - Cache Refresh: Clearing response code cache and fetching updated values
2026-07-11 12:08:41.330 [INFO ] [scheduling-1] [c.cmn.cde.service.CodeCacheService] [TranId: ] [BizTranId: ] [TraceId: ] [SpanId: ] [DynLevel: ] - Scheduled cache reload triggered
2026-07-11 12:08:41.330 [INFO ] [scheduling-1] [c.cmn.cde.service.CodeCacheService] [TranId: ] [BizTranId: ] [TraceId: ] [SpanId: ] [DynLevel: ] - Cache Refresh: Clearing code cache and fetching updated codes from database
2026-07-11 12:08:41.332 [INFO ] [scheduling-1] [c.cmn.cfg.service.ConfigCacheService] [TranId: ] [BizTranId: ] [TraceId: ] [SpanId: ] [DynLevel: ] - Scheduled config cache reload triggered
2026-07-11 12:08:41.332 [INFO ] [scheduling-1] [c.cmn.cfg.service.ConfigCacheService] [TranId: ] [BizTranId: ] [TraceId: ] [SpanId: ] [DynLevel: ] - Cache Refresh: Clearing config cache and fetching updated configs from database
2026-07-11 12:38:41.298 [INFO ] [scheduling-1] [c.c.msg.service.MessageCacheService] [TranId: ] [BizTranId: ] [TraceId: ] [SpanId: ] [DynLevel: ] - Scheduled cache reload triggered
2026-07-11 12:38:41.307 [INFO ] [scheduling-1] [c.c.msg.service.MessageCacheService] [TranId: ] [BizTranId: ] [TraceId: ] [SpanId: ] [DynLevel: ] - Cache Refresh: Clearing message cache and fetching updated messages from database
2026-07-11 12:38:41.309 [INFO ] [scheduling-1] [c.c.m.s.ResponseCodeCacheService] [TranId: ] [BizTranId: ] [TraceId: ] [SpanId: ] [DynLevel: ] - Cache Refresh: Clearing response code cache and fetching updated values
2026-07-11 12:38:41.312 [INFO ] [scheduling-1] [c.cmn.cde.service.CodeCacheService] [TranId: ] [BizTranId: ] [TraceId: ] [SpanId: ] [DynLevel: ] - Scheduled cache reload triggered
2026-07-11 12:38:41.312 [INFO ] [scheduling-1] [c.cmn.cde.service.CodeCacheService] [TranId: ] [BizTranId: ] [TraceId: ] [SpanId: ] [DynLevel: ] - Cache Refresh: Clearing code cache and fetching updated codes from database
2026-07-11 12:38:41.314 [INFO ] [scheduling-1] [c.cmn.cfg.service.ConfigCacheService] [TranId: ] [BizTranId: ] [TraceId: ] [SpanId: ] [DynLevel: ] - Scheduled config cache reload triggered
2026-07-11 12:38:41.314 [INFO ] [scheduling-1] [c.cmn.cfg.service.ConfigCacheService] [TranId: ] [BizTranId: ] [TraceId: ] [SpanId: ] [DynLevel: ] - Cache Refresh: Clearing config cache and fetching updated configs from database
2026-07-11 13:08:41.284 [INFO ] [scheduling-1] [c.c.msg.service.MessageCacheService] [TranId: ] [BizTranId: ] [TraceId: ] [SpanId: ] [DynLevel: ] - Scheduled cache reload triggered
2026-07-11 13:08:41.285 [INFO ] [scheduling-1] [c.c.msg.service.MessageCacheService] [TranId: ] [BizTranId: ] [TraceId: ] [SpanId: ] [DynLevel: ] - Cache Refresh: Clearing message cache and fetching updated messages from database
2026-07-11 13:08:41.287 [INFO ] [scheduling-1] [c.c.m.s.ResponseCodeCacheService] [TranId: ] [BizTranId: ] [TraceId: ] [SpanId: ] [DynLevel: ] - Cache Refresh: Clearing response code cache and fetching updated values
2026-07-11 13:08:41.288 [INFO ] [scheduling-1] [c.cmn.cde.service.CodeCacheService] [TranId: ] [BizTranId: ] [TraceId: ] [SpanId: ] [DynLevel: ] - Scheduled cache reload triggered
2026-07-11 13:08:41.288 [INFO ] [scheduling-1] [c.cmn.cde.service.CodeCacheService] [TranId: ] [BizTranId: ] [TraceId: ] [SpanId: ] [DynLevel: ] - Cache Refresh: Clearing code cache and fetching updated codes from database
2026-07-11 13:08:41.290 [INFO ] [scheduling-1] [c.cmn.cfg.service.ConfigCacheService] [TranId: ] [BizTranId: ] [TraceId: ] [SpanId: ] [DynLevel: ] - Scheduled config cache reload triggered
2026-07-11 13:08:41.290 [INFO ] [scheduling-1] [c.cmn.cfg.service.ConfigCacheService] [TranId: ] [BizTranId: ] [TraceId: ] [SpanId: ] [DynLevel: ] - Cache Refresh: Clearing config cache and fetching updated configs from database
2026-07-11 13:38:41.269 [INFO ] [scheduling-1] [c.c.msg.service.MessageCacheService] [TranId: ] [BizTranId: ] [TraceId: ] [SpanId: ] [DynLevel: ] - Scheduled cache reload triggered
2026-07-11 13:38:41.278 [INFO ] [scheduling-1] [c.c.msg.service.MessageCacheService] [TranId: ] [BizTranId: ] [TraceId: ] [SpanId: ] [DynLevel: ] - Cache Refresh: Clearing message cache and fetching updated messages from database
2026-07-11 13:38:41.283 [INFO ] [scheduling-1] [c.c.m.s.ResponseCodeCacheService] [TranId: ] [BizTranId: ] [TraceId: ] [SpanId: ] [DynLevel: ] - Cache Refresh: Clearing response code cache and fetching updated values
2026-07-11 13:38:41.285 [INFO ] [scheduling-1] [c.cmn.cde.service.CodeCacheService] [TranId: ] [BizTranId: ] [TraceId: ] [SpanId: ] [DynLevel: ] - Scheduled cache reload triggered
2026-07-11 13:38:41.285 [INFO ] [scheduling-1] [c.cmn.cde.service.CodeCacheService] [TranId: ] [BizTranId: ] [TraceId: ] [SpanId: ] [DynLevel: ] - Cache Refresh: Clearing code cache and fetching updated codes from database
2026-07-11 13:38:41.287 [INFO ] [scheduling-1] [c.cmn.cfg.service.ConfigCacheService] [TranId: ] [BizTranId: ] [TraceId: ] [SpanId: ] [DynLevel: ] - Scheduled config cache reload triggered
2026-07-11 13:38:41.287 [INFO ] [scheduling-1] [c.cmn.cfg.service.ConfigCacheService] [TranId: ] [BizTranId: ] [TraceId: ] [SpanId: ] [DynLevel: ] - Cache Refresh: Clearing config cache and fetching updated configs from database
2026-07-11 14:08:41.255 [INFO ] [scheduling-1] [c.c.msg.service.MessageCacheService] [TranId: ] [BizTranId: ] [TraceId: ] [SpanId: ] [DynLevel: ] - Scheduled cache reload triggered
2026-07-11 14:08:41.263 [INFO ] [scheduling-1] [c.c.msg.service.MessageCacheService] [TranId: ] [BizTranId: ] [TraceId: ] [SpanId: ] [DynLevel: ] - Cache Refresh: Clearing message cache and fetching updated messages from database
2026-07-11 14:08:41.265 [INFO ] [scheduling-1] [c.c.m.s.ResponseCodeCacheService] [TranId: ] [BizTranId: ] [TraceId: ] [SpanId: ] [DynLevel: ] - Cache Refresh: Clearing response code cache and fetching updated values
2026-07-11 14:08:41.268 [INFO ] [scheduling-1] [c.cmn.cde.service.CodeCacheService] [TranId: ] [BizTranId: ] [TraceId: ] [SpanId: ] [DynLevel: ] - Scheduled cache reload triggered
2026-07-11 14:08:41.268 [INFO ] [scheduling-1] [c.cmn.cde.service.CodeCacheService] [TranId: ] [BizTranId: ] [TraceId: ] [SpanId: ] [DynLevel: ] - Cache Refresh: Clearing code cache and fetching updated codes from database
2026-07-11 14:08:41.271 [INFO ] [scheduling-1] [c.cmn.cfg.service.ConfigCacheService] [TranId: ] [BizTranId: ] [TraceId: ] [SpanId: ] [DynLevel: ] - Scheduled config cache reload triggered
2026-07-11 14:08:41.271 [INFO ] [scheduling-1] [c.cmn.cfg.service.ConfigCacheService] [TranId: ] [BizTranId: ] [TraceId: ] [SpanId: ] [DynLevel: ] - Cache Refresh: Clearing config cache and fetching updated configs from database
2026-07-11 14:38:41.242 [INFO ] [scheduling-1] [c.c.msg.service.MessageCacheService] [TranId: ] [BizTranId: ] [TraceId: ] [SpanId: ] [DynLevel: ] - Scheduled cache reload triggered
2026-07-11 14:38:41.250 [INFO ] [scheduling-1] [c.c.msg.service.MessageCacheService] [TranId: ] [BizTranId: ] [TraceId: ] [SpanId: ] [DynLevel: ] - Cache Refresh: Clearing message cache and fetching updated messages from database
2026-07-11 14:38:41.252 [INFO ] [scheduling-1] [c.c.m.s.ResponseCodeCacheService] [TranId: ] [BizTranId: ] [TraceId: ] [SpanId: ] [DynLevel: ] - Cache Refresh: Clearing response code cache and fetching updated values
2026-07-11 14:38:41.254 [INFO ] [scheduling-1] [c.cmn.cde.service.CodeCacheService] [TranId: ] [BizTranId: ] [TraceId: ] [SpanId: ] [DynLevel: ] - Scheduled cache reload triggered
2026-07-11 14:38:41.254 [INFO ] [scheduling-1] [c.cmn.cde.service.CodeCacheService] [TranId: ] [BizTranId: ] [TraceId: ] [SpanId: ] [DynLevel: ] - Cache Refresh: Clearing code cache and fetching updated codes from database
2026-07-11 14:38:41.256 [INFO ] [scheduling-1] [c.cmn.cfg.service.ConfigCacheService] [TranId: ] [BizTranId: ] [TraceId: ] [SpanId: ] [DynLevel: ] - Scheduled config cache reload triggered
2026-07-11 14:38:41.256 [INFO ] [scheduling-1] [c.cmn.cfg.service.ConfigCacheService] [TranId: ] [BizTranId: ] [TraceId: ] [SpanId: ] [DynLevel: ] - Cache Refresh: Clearing config cache and fetching updated configs from database
2026-07-11 15:08:41.240 [INFO ] [scheduling-1] [c.c.msg.service.MessageCacheService] [TranId: ] [BizTranId: ] [TraceId: ] [SpanId: ] [DynLevel: ] - Scheduled cache reload triggered
2026-07-11 15:08:41.250 [INFO ] [scheduling-1] [c.c.msg.service.MessageCacheService] [TranId: ] [BizTranId: ] [TraceId: ] [SpanId: ] [DynLevel: ] - Cache Refresh: Clearing message cache and fetching updated messages from database
2026-07-11 15:08:41.255 [INFO ] [scheduling-1] [c.c.m.s.ResponseCodeCacheService] [TranId: ] [BizTranId: ] [TraceId: ] [SpanId: ] [DynLevel: ] - Cache Refresh: Clearing response code cache and fetching updated values
2026-07-11 15:08:41.256 [INFO ] [scheduling-1] [c.cmn.cde.service.CodeCacheService] [TranId: ] [BizTranId: ] [TraceId: ] [SpanId: ] [DynLevel: ] - Scheduled cache reload triggered
2026-07-11 15:08:41.256 [INFO ] [scheduling-1] [c.cmn.cde.service.CodeCacheService] [TranId: ] [BizTranId: ] [TraceId: ] [SpanId: ] [DynLevel: ] - Cache Refresh: Clearing code cache and fetching updated codes from database
2026-07-11 15:08:41.257 [INFO ] [scheduling-1] [c.cmn.cfg.service.ConfigCacheService] [TranId: ] [BizTranId: ] [TraceId: ] [SpanId: ] [DynLevel: ] - Scheduled config cache reload triggered
2026-07-11 15:08:41.257 [INFO ] [scheduling-1] [c.cmn.cfg.service.ConfigCacheService] [TranId: ] [BizTranId: ] [TraceId: ] [SpanId: ] [DynLevel: ] - Cache Refresh: Clearing config cache and fetching updated configs from database
2026-07-11 15:38:41.253 [INFO ] [scheduling-1] [c.c.msg.service.MessageCacheService] [TranId: ] [BizTranId: ] [TraceId: ] [SpanId: ] [DynLevel: ] - Scheduled cache reload triggered
2026-07-11 15:38:41.262 [INFO ] [scheduling-1] [c.c.msg.service.MessageCacheService] [TranId: ] [BizTranId: ] [TraceId: ] [SpanId: ] [DynLevel: ] - Cache Refresh: Clearing message cache and fetching updated messages from database
2026-07-11 15:38:41.267 [INFO ] [scheduling-1] [c.c.m.s.ResponseCodeCacheService] [TranId: ] [BizTranId: ] [TraceId: ] [SpanId: ] [DynLevel: ] - Cache Refresh: Clearing response code cache and fetching updated values
2026-07-11 15:38:41.270 [INFO ] [scheduling-1] [c.cmn.cde.service.CodeCacheService] [TranId: ] [BizTranId: ] [TraceId: ] [SpanId: ] [DynLevel: ] - Scheduled cache reload triggered
2026-07-11 15:38:41.270 [INFO ] [scheduling-1] [c.cmn.cde.service.CodeCacheService] [TranId: ] [BizTranId: ] [TraceId: ] [SpanId: ] [DynLevel: ] - Cache Refresh: Clearing code cache and fetching updated codes from database
2026-07-11 15:38:41.271 [INFO ] [scheduling-1] [c.cmn.cfg.service.ConfigCacheService] [TranId: ] [BizTranId: ] [TraceId: ] [SpanId: ] [DynLevel: ] - Scheduled config cache reload triggered
2026-07-11 15:38:41.272 [INFO ] [scheduling-1] [c.cmn.cfg.service.ConfigCacheService] [TranId: ] [BizTranId: ] [TraceId: ] [SpanId: ] [DynLevel: ] - Cache Refresh: Clearing config cache and fetching updated configs from database
2026-07-11 16:08:41.282 [INFO ] [scheduling-1] [c.c.msg.service.MessageCacheService] [TranId: ] [BizTranId: ] [TraceId: ] [SpanId: ] [DynLevel: ] - Scheduled cache reload triggered
2026-07-11 16:08:41.292 [INFO ] [scheduling-1] [c.c.msg.service.MessageCacheService] [TranId: ] [BizTranId: ] [TraceId: ] [SpanId: ] [DynLevel: ] - Cache Refresh: Clearing message cache and fetching updated messages from database
2026-07-11 16:08:41.295 [INFO ] [scheduling-1] [c.c.m.s.ResponseCodeCacheService] [TranId: ] [BizTranId: ] [TraceId: ] [SpanId: ] [DynLevel: ] - Cache Refresh: Clearing response code cache and fetching updated values
2026-07-11 16:08:41.296 [INFO ] [scheduling-1] [c.cmn.cde.service.CodeCacheService] [TranId: ] [BizTranId: ] [TraceId: ] [SpanId: ] [DynLevel: ] - Scheduled cache reload triggered
2026-07-11 16:08:41.296 [INFO ] [scheduling-1] [c.cmn.cde.service.CodeCacheService] [TranId: ] [BizTranId: ] [TraceId: ] [SpanId: ] [DynLevel: ] - Cache Refresh: Clearing code cache and fetching updated codes from database
2026-07-11 16:08:41.297 [INFO ] [scheduling-1] [c.cmn.cfg.service.ConfigCacheService] [TranId: ] [BizTranId: ] [TraceId: ] [SpanId: ] [DynLevel: ] - Scheduled config cache reload triggered
2026-07-11 16:08:41.297 [INFO ] [scheduling-1] [c.cmn.cfg.service.ConfigCacheService] [TranId: ] [BizTranId: ] [TraceId: ] [SpanId: ] [DynLevel: ] - Cache Refresh: Clearing config cache and fetching updated configs from database
2026-07-11 16:38:41.301 [INFO ] [scheduling-1] [c.c.msg.service.MessageCacheService] [TranId: ] [BizTranId: ] [TraceId: ] [SpanId: ] [DynLevel: ] - Scheduled cache reload triggered
2026-07-11 16:38:41.302 [INFO ] [scheduling-1] [c.c.msg.service.MessageCacheService] [TranId: ] [BizTranId: ] [TraceId: ] [SpanId: ] [DynLevel: ] - Cache Refresh: Clearing message cache and fetching updated messages from database
2026-07-11 16:38:41.305 [INFO ] [scheduling-1] [c.c.m.s.ResponseCodeCacheService] [TranId: ] [BizTranId: ] [TraceId: ] [SpanId: ] [DynLevel: ] - Cache Refresh: Clearing response code cache and fetching updated values
2026-07-11 16:38:41.306 [INFO ] [scheduling-1] [c.cmn.cde.service.CodeCacheService] [TranId: ] [BizTranId: ] [TraceId: ] [SpanId: ] [DynLevel: ] - Scheduled cache reload triggered
2026-07-11 16:38:41.306 [INFO ] [scheduling-1] [c.cmn.cde.service.CodeCacheService] [TranId: ] [BizTranId: ] [TraceId: ] [SpanId: ] [DynLevel: ] - Cache Refresh: Clearing code cache and fetching updated codes from database
2026-07-11 16:38:41.307 [INFO ] [scheduling-1] [c.cmn.cfg.service.ConfigCacheService] [TranId: ] [BizTranId: ] [TraceId: ] [SpanId: ] [DynLevel: ] - Scheduled config cache reload triggered
2026-07-11 16:38:41.307 [INFO ] [scheduling-1] [c.cmn.cfg.service.ConfigCacheService] [TranId: ] [BizTranId: ] [TraceId: ] [SpanId: ] [DynLevel: ] - Cache Refresh: Clearing config cache and fetching updated configs from database
2026-07-11 17:08:41.315 [INFO ] [scheduling-1] [c.c.msg.service.MessageCacheService] [TranId: ] [BizTranId: ] [TraceId: ] [SpanId: ] [DynLevel: ] - Scheduled cache reload triggered
2026-07-11 17:08:41.323 [INFO ] [scheduling-1] [c.c.msg.service.MessageCacheService] [TranId: ] [BizTranId: ] [TraceId: ] [SpanId: ] [DynLevel: ] - Cache Refresh: Clearing message cache and fetching updated messages from database
2026-07-11 17:08:41.326 [INFO ] [scheduling-1] [c.c.m.s.ResponseCodeCacheService] [TranId: ] [BizTranId: ] [TraceId: ] [SpanId: ] [DynLevel: ] - Cache Refresh: Clearing response code cache and fetching updated values
2026-07-11 17:08:41.327 [INFO ] [scheduling-1] [c.cmn.cde.service.CodeCacheService] [TranId: ] [BizTranId: ] [TraceId: ] [SpanId: ] [DynLevel: ] - Scheduled cache reload triggered
2026-07-11 17:08:41.327 [INFO ] [scheduling-1] [c.cmn.cde.service.CodeCacheService] [TranId: ] [BizTranId: ] [TraceId: ] [SpanId: ] [DynLevel: ] - Cache Refresh: Clearing code cache and fetching updated codes from database
2026-07-11 17:08:41.328 [INFO ] [scheduling-1] [c.cmn.cfg.service.ConfigCacheService] [TranId: ] [BizTranId: ] [TraceId: ] [SpanId: ] [DynLevel: ] - Scheduled config cache reload triggered
2026-07-11 17:08:41.328 [INFO ] [scheduling-1] [c.cmn.cfg.service.ConfigCacheService] [TranId: ] [BizTranId: ] [TraceId: ] [SpanId: ] [DynLevel: ] - Cache Refresh: Clearing config cache and fetching updated configs from database
2026-07-11 17:38:41.312 [INFO ] [scheduling-1] [c.c.msg.service.MessageCacheService] [TranId: ] [BizTranId: ] [TraceId: ] [SpanId: ] [DynLevel: ] - Scheduled cache reload triggered
2026-07-11 17:38:41.322 [INFO ] [scheduling-1] [c.c.msg.service.MessageCacheService] [TranId: ] [BizTranId: ] [TraceId: ] [SpanId: ] [DynLevel: ] - Cache Refresh: Clearing message cache and fetching updated messages from database
2026-07-11 17:38:41.327 [INFO ] [scheduling-1] [c.c.m.s.ResponseCodeCacheService] [TranId: ] [BizTranId: ] [TraceId: ] [SpanId: ] [DynLevel: ] - Cache Refresh: Clearing response code cache and fetching updated values
2026-07-11 17:38:41.331 [INFO ] [scheduling-1] [c.cmn.cde.service.CodeCacheService] [TranId: ] [BizTranId: ] [TraceId: ] [SpanId: ] [DynLevel: ] - Scheduled cache reload triggered
2026-07-11 17:38:41.331 [INFO ] [scheduling-1] [c.cmn.cde.service.CodeCacheService] [TranId: ] [BizTranId: ] [TraceId: ] [SpanId: ] [DynLevel: ] - Cache Refresh: Clearing code cache and fetching updated codes from database
2026-07-11 17:38:41.333 [INFO ] [scheduling-1] [c.cmn.cfg.service.ConfigCacheService] [TranId: ] [BizTranId: ] [TraceId: ] [SpanId: ] [DynLevel: ] - Scheduled config cache reload triggered
2026-07-11 17:38:41.333 [INFO ] [scheduling-1] [c.cmn.cfg.service.ConfigCacheService] [TranId: ] [BizTranId: ] [TraceId: ] [SpanId: ] [DynLevel: ] - Cache Refresh: Clearing config cache and fetching updated configs from database
2026-07-11 18:08:41.328 [INFO ] [scheduling-1] [c.c.msg.service.MessageCacheService] [TranId: ] [BizTranId: ] [TraceId: ] [SpanId: ] [DynLevel: ] - Scheduled cache reload triggered
2026-07-11 18:08:41.336 [INFO ] [scheduling-1] [c.c.msg.service.MessageCacheService] [TranId: ] [BizTranId: ] [TraceId: ] [SpanId: ] [DynLevel: ] - Cache Refresh: Clearing message cache and fetching updated messages from database
2026-07-11 18:08:41.340 [INFO ] [scheduling-1] [c.c.m.s.ResponseCodeCacheService] [TranId: ] [BizTranId: ] [TraceId: ] [SpanId: ] [DynLevel: ] - Cache Refresh: Clearing response code cache and fetching updated values
2026-07-11 18:08:41.343 [INFO ] [scheduling-1] [c.cmn.cde.service.CodeCacheService] [TranId: ] [BizTranId: ] [TraceId: ] [SpanId: ] [DynLevel: ] - Scheduled cache reload triggered
2026-07-11 18:08:41.343 [INFO ] [scheduling-1] [c.cmn.cde.service.CodeCacheService] [TranId: ] [BizTranId: ] [TraceId: ] [SpanId: ] [DynLevel: ] - Cache Refresh: Clearing code cache and fetching updated codes from database
2026-07-11 18:08:41.344 [INFO ] [scheduling-1] [c.cmn.cfg.service.ConfigCacheService] [TranId: ] [BizTranId: ] [TraceId: ] [SpanId: ] [DynLevel: ] - Scheduled config cache reload triggered
2026-07-11 18:08:41.344 [INFO ] [scheduling-1] [c.cmn.cfg.service.ConfigCacheService] [TranId: ] [BizTranId: ] [TraceId: ] [SpanId: ] [DynLevel: ] - Cache Refresh: Clearing config cache and fetching updated configs from database
2026-07-11 18:38:41.330 [INFO ] [scheduling-1] [c.c.msg.service.MessageCacheService] [TranId: ] [BizTranId: ] [TraceId: ] [SpanId: ] [DynLevel: ] - Scheduled cache reload triggered
2026-07-11 18:38:41.338 [INFO ] [scheduling-1] [c.c.msg.service.MessageCacheService] [TranId: ] [BizTranId: ] [TraceId: ] [SpanId: ] [DynLevel: ] - Cache Refresh: Clearing message cache and fetching updated messages from database
2026-07-11 18:38:41.341 [INFO ] [scheduling-1] [c.c.m.s.ResponseCodeCacheService] [TranId: ] [BizTranId: ] [TraceId: ] [SpanId: ] [DynLevel: ] - Cache Refresh: Clearing response code cache and fetching updated values
2026-07-11 18:38:41.343 [INFO ] [scheduling-1] [c.cmn.cde.service.CodeCacheService] [TranId: ] [BizTranId: ] [TraceId: ] [SpanId: ] [DynLevel: ] - Scheduled cache reload triggered
2026-07-11 18:38:41.343 [INFO ] [scheduling-1] [c.cmn.cde.service.CodeCacheService] [TranId: ] [BizTranId: ] [TraceId: ] [SpanId: ] [DynLevel: ] - Cache Refresh: Clearing code cache and fetching updated codes from database
2026-07-11 18:38:41.344 [INFO ] [scheduling-1] [c.cmn.cfg.service.ConfigCacheService] [TranId: ] [BizTranId: ] [TraceId: ] [SpanId: ] [DynLevel: ] - Scheduled config cache reload triggered
2026-07-11 18:38:41.344 [INFO ] [scheduling-1] [c.cmn.cfg.service.ConfigCacheService] [TranId: ] [BizTranId: ] [TraceId: ] [SpanId: ] [DynLevel: ] - Cache Refresh: Clearing config cache and fetching updated configs from database
2026-07-11 19:08:41.325 [INFO ] [scheduling-1] [c.c.msg.service.MessageCacheService] [TranId: ] [BizTranId: ] [TraceId: ] [SpanId: ] [DynLevel: ] - Scheduled cache reload triggered
2026-07-11 19:08:41.333 [INFO ] [scheduling-1] [c.c.msg.service.MessageCacheService] [TranId: ] [BizTranId: ] [TraceId: ] [SpanId: ] [DynLevel: ] - Cache Refresh: Clearing message cache and fetching updated messages from database
2026-07-11 19:08:41.336 [INFO ] [scheduling-1] [c.c.m.s.ResponseCodeCacheService] [TranId: ] [BizTranId: ] [TraceId: ] [SpanId: ] [DynLevel: ] - Cache Refresh: Clearing response code cache and fetching updated values
2026-07-11 19:08:41.337 [INFO ] [scheduling-1] [c.cmn.cde.service.CodeCacheService] [TranId: ] [BizTranId: ] [TraceId: ] [SpanId: ] [DynLevel: ] - Scheduled cache reload triggered
2026-07-11 19:08:41.337 [INFO ] [scheduling-1] [c.cmn.cde.service.CodeCacheService] [TranId: ] [BizTranId: ] [TraceId: ] [SpanId: ] [DynLevel: ] - Cache Refresh: Clearing code cache and fetching updated codes from database
2026-07-11 19:08:41.338 [INFO ] [scheduling-1] [c.cmn.cfg.service.ConfigCacheService] [TranId: ] [BizTranId: ] [TraceId: ] [SpanId: ] [DynLevel: ] - Scheduled config cache reload triggered
2026-07-11 19:08:41.339 [INFO ] [scheduling-1] [c.cmn.cfg.service.ConfigCacheService] [TranId: ] [BizTranId: ] [TraceId: ] [SpanId: ] [DynLevel: ] - Cache Refresh: Clearing config cache and fetching updated configs from database
2026-07-11 19:38:41.323 [INFO ] [scheduling-1] [c.c.msg.service.MessageCacheService] [TranId: ] [BizTranId: ] [TraceId: ] [SpanId: ] [DynLevel: ] - Scheduled cache reload triggered
2026-07-11 19:38:41.325 [INFO ] [scheduling-1] [c.c.msg.service.MessageCacheService] [TranId: ] [BizTranId: ] [TraceId: ] [SpanId: ] [DynLevel: ] - Cache Refresh: Clearing message cache and fetching updated messages from database
2026-07-11 19:38:41.328 [INFO ] [scheduling-1] [c.c.m.s.ResponseCodeCacheService] [TranId: ] [BizTranId: ] [TraceId: ] [SpanId: ] [DynLevel: ] - Cache Refresh: Clearing response code cache and fetching updated values
2026-07-11 19:38:41.330 [INFO ] [scheduling-1] [c.cmn.cde.service.CodeCacheService] [TranId: ] [BizTranId: ] [TraceId: ] [SpanId: ] [DynLevel: ] - Scheduled cache reload triggered
2026-07-11 19:38:41.330 [INFO ] [scheduling-1] [c.cmn.cde.service.CodeCacheService] [TranId: ] [BizTranId: ] [TraceId: ] [SpanId: ] [DynLevel: ] - Cache Refresh: Clearing code cache and fetching updated codes from database
2026-07-11 19:38:41.332 [INFO ] [scheduling-1] [c.cmn.cfg.service.ConfigCacheService] [TranId: ] [BizTranId: ] [TraceId: ] [SpanId: ] [DynLevel: ] - Scheduled config cache reload triggered
2026-07-11 19:38:41.332 [INFO ] [scheduling-1] [c.cmn.cfg.service.ConfigCacheService] [TranId: ] [BizTranId: ] [TraceId: ] [SpanId: ] [DynLevel: ] - Cache Refresh: Clearing config cache and fetching updated configs from database
2026-07-11 20:08:41.329 [INFO ] [scheduling-1] [c.c.msg.service.MessageCacheService] [TranId: ] [BizTranId: ] [TraceId: ] [SpanId: ] [DynLevel: ] - Scheduled cache reload triggered
2026-07-11 20:08:41.339 [INFO ] [scheduling-1] [c.c.msg.service.MessageCacheService] [TranId: ] [BizTranId: ] [TraceId: ] [SpanId: ] [DynLevel: ] - Cache Refresh: Clearing message cache and fetching updated messages from database
2026-07-11 20:08:41.342 [INFO ] [scheduling-1] [c.c.m.s.ResponseCodeCacheService] [TranId: ] [BizTranId: ] [TraceId: ] [SpanId: ] [DynLevel: ] - Cache Refresh: Clearing response code cache and fetching updated values
2026-07-11 20:08:41.343 [INFO ] [scheduling-1] [c.cmn.cde.service.CodeCacheService] [TranId: ] [BizTranId: ] [TraceId: ] [SpanId: ] [DynLevel: ] - Scheduled cache reload triggered
2026-07-11 20:08:41.344 [INFO ] [scheduling-1] [c.cmn.cde.service.CodeCacheService] [TranId: ] [BizTranId: ] [TraceId: ] [SpanId: ] [DynLevel: ] - Cache Refresh: Clearing code cache and fetching updated codes from database
2026-07-11 20:08:41.345 [INFO ] [scheduling-1] [c.cmn.cfg.service.ConfigCacheService] [TranId: ] [BizTranId: ] [TraceId: ] [SpanId: ] [DynLevel: ] - Scheduled config cache reload triggered
2026-07-11 20:08:41.345 [INFO ] [scheduling-1] [c.cmn.cfg.service.ConfigCacheService] [TranId: ] [BizTranId: ] [TraceId: ] [SpanId: ] [DynLevel: ] - Cache Refresh: Clearing config cache and fetching updated configs from database
2026-07-11 20:38:41.332 [INFO ] [scheduling-1] [c.c.msg.service.MessageCacheService] [TranId: ] [BizTranId: ] [TraceId: ] [SpanId: ] [DynLevel: ] - Scheduled cache reload triggered
2026-07-11 20:38:41.342 [INFO ] [scheduling-1] [c.c.msg.service.MessageCacheService] [TranId: ] [BizTranId: ] [TraceId: ] [SpanId: ] [DynLevel: ] - Cache Refresh: Clearing message cache and fetching updated messages from database
2026-07-11 20:38:41.348 [INFO ] [scheduling-1] [c.c.m.s.ResponseCodeCacheService] [TranId: ] [BizTranId: ] [TraceId: ] [SpanId: ] [DynLevel: ] - Cache Refresh: Clearing response code cache and fetching updated values
2026-07-11 20:38:41.349 [INFO ] [scheduling-1] [c.cmn.cde.service.CodeCacheService] [TranId: ] [BizTranId: ] [TraceId: ] [SpanId: ] [DynLevel: ] - Scheduled cache reload triggered
2026-07-11 20:38:41.349 [INFO ] [scheduling-1] [c.cmn.cde.service.CodeCacheService] [TranId: ] [BizTranId: ] [TraceId: ] [SpanId: ] [DynLevel: ] - Cache Refresh: Clearing code cache and fetching updated codes from database
2026-07-11 20:38:41.351 [INFO ] [scheduling-1] [c.cmn.cfg.service.ConfigCacheService] [TranId: ] [BizTranId: ] [TraceId: ] [SpanId: ] [DynLevel: ] - Scheduled config cache reload triggered
2026-07-11 20:38:41.351 [INFO ] [scheduling-1] [c.cmn.cfg.service.ConfigCacheService] [TranId: ] [BizTranId: ] [TraceId: ] [SpanId: ] [DynLevel: ] - Cache Refresh: Clearing config cache and fetching updated configs from database
2026-07-11 21:08:41.330 [INFO ] [scheduling-1] [c.c.msg.service.MessageCacheService] [TranId: ] [BizTranId: ] [TraceId: ] [SpanId: ] [DynLevel: ] - Scheduled cache reload triggered
2026-07-11 21:08:41.340 [INFO ] [scheduling-1] [c.c.msg.service.MessageCacheService] [TranId: ] [BizTranId: ] [TraceId: ] [SpanId: ] [DynLevel: ] - Cache Refresh: Clearing message cache and fetching updated messages from database
2026-07-11 21:08:41.343 [INFO ] [scheduling-1] [c.c.m.s.ResponseCodeCacheService] [TranId: ] [BizTranId: ] [TraceId: ] [SpanId: ] [DynLevel: ] - Cache Refresh: Clearing response code cache and fetching updated values
2026-07-11 21:08:41.344 [INFO ] [scheduling-1] [c.cmn.cde.service.CodeCacheService] [TranId: ] [BizTranId: ] [TraceId: ] [SpanId: ] [DynLevel: ] - Scheduled cache reload triggered
2026-07-11 21:08:41.344 [INFO ] [scheduling-1] [c.cmn.cde.service.CodeCacheService] [TranId: ] [BizTranId: ] [TraceId: ] [SpanId: ] [DynLevel: ] - Cache Refresh: Clearing code cache and fetching updated codes from database
2026-07-11 21:08:41.345 [INFO ] [scheduling-1] [c.cmn.cfg.service.ConfigCacheService] [TranId: ] [BizTranId: ] [TraceId: ] [SpanId: ] [DynLevel: ] - Scheduled config cache reload triggered
2026-07-11 21:08:41.345 [INFO ] [scheduling-1] [c.cmn.cfg.service.ConfigCacheService] [TranId: ] [BizTranId: ] [TraceId: ] [SpanId: ] [DynLevel: ] - Cache Refresh: Clearing config cache and fetching updated configs from database
2026-07-11 21:38:41.331 [INFO ] [scheduling-1] [c.c.msg.service.MessageCacheService] [TranId: ] [BizTranId: ] [TraceId: ] [SpanId: ] [DynLevel: ] - Scheduled cache reload triggered
2026-07-11 21:38:41.340 [INFO ] [scheduling-1] [c.c.msg.service.MessageCacheService] [TranId: ] [BizTranId: ] [TraceId: ] [SpanId: ] [DynLevel: ] - Cache Refresh: Clearing message cache and fetching updated messages from database
2026-07-11 21:38:41.343 [INFO ] [scheduling-1] [c.c.m.s.ResponseCodeCacheService] [TranId: ] [BizTranId: ] [TraceId: ] [SpanId: ] [DynLevel: ] - Cache Refresh: Clearing response code cache and fetching updated values
2026-07-11 21:38:41.345 [INFO ] [scheduling-1] [c.cmn.cde.service.CodeCacheService] [TranId: ] [BizTranId: ] [TraceId: ] [SpanId: ] [DynLevel: ] - Scheduled cache reload triggered
2026-07-11 21:38:41.345 [INFO ] [scheduling-1] [c.cmn.cde.service.CodeCacheService] [TranId: ] [BizTranId: ] [TraceId: ] [SpanId: ] [DynLevel: ] - Cache Refresh: Clearing code cache and fetching updated codes from database
2026-07-11 21:38:41.347 [INFO ] [scheduling-1] [c.cmn.cfg.service.ConfigCacheService] [TranId: ] [BizTranId: ] [TraceId: ] [SpanId: ] [DynLevel: ] - Scheduled config cache reload triggered
2026-07-11 21:38:41.347 [INFO ] [scheduling-1] [c.cmn.cfg.service.ConfigCacheService] [TranId: ] [BizTranId: ] [TraceId: ] [SpanId: ] [DynLevel: ] - Cache Refresh: Clearing config cache and fetching updated configs from database
2026-07-11 22:08:41.320 [INFO ] [scheduling-1] [c.c.msg.service.MessageCacheService] [TranId: ] [BizTranId: ] [TraceId: ] [SpanId: ] [DynLevel: ] - Scheduled cache reload triggered
2026-07-11 22:08:41.329 [INFO ] [scheduling-1] [c.c.msg.service.MessageCacheService] [TranId: ] [BizTranId: ] [TraceId: ] [SpanId: ] [DynLevel: ] - Cache Refresh: Clearing message cache and fetching updated messages from database
2026-07-11 22:08:41.332 [INFO ] [scheduling-1] [c.c.m.s.ResponseCodeCacheService] [TranId: ] [BizTranId: ] [TraceId: ] [SpanId: ] [DynLevel: ] - Cache Refresh: Clearing response code cache and fetching updated values
2026-07-11 22:08:41.333 [INFO ] [scheduling-1] [c.cmn.cde.service.CodeCacheService] [TranId: ] [BizTranId: ] [TraceId: ] [SpanId: ] [DynLevel: ] - Scheduled cache reload triggered
2026-07-11 22:08:41.333 [INFO ] [scheduling-1] [c.cmn.cde.service.CodeCacheService] [TranId: ] [BizTranId: ] [TraceId: ] [SpanId: ] [DynLevel: ] - Cache Refresh: Clearing code cache and fetching updated codes from database
2026-07-11 22:08:41.334 [INFO ] [scheduling-1] [c.cmn.cfg.service.ConfigCacheService] [TranId: ] [BizTranId: ] [TraceId: ] [SpanId: ] [DynLevel: ] - Scheduled config cache reload triggered
2026-07-11 22:08:41.334 [INFO ] [scheduling-1] [c.cmn.cfg.service.ConfigCacheService] [TranId: ] [BizTranId: ] [TraceId: ] [SpanId: ] [DynLevel: ] - Cache Refresh: Clearing config cache and fetching updated configs from database
2026-07-11 22:38:41.327 [INFO ] [scheduling-1] [c.c.msg.service.MessageCacheService] [TranId: ] [BizTranId: ] [TraceId: ] [SpanId: ] [DynLevel: ] - Scheduled cache reload triggered
2026-07-11 22:38:41.338 [INFO ] [scheduling-1] [c.c.msg.service.MessageCacheService] [TranId: ] [BizTranId: ] [TraceId: ] [SpanId: ] [DynLevel: ] - Cache Refresh: Clearing message cache and fetching updated messages from database
2026-07-11 22:38:41.343 [INFO ] [scheduling-1] [c.c.m.s.ResponseCodeCacheService] [TranId: ] [BizTranId: ] [TraceId: ] [SpanId: ] [DynLevel: ] - Cache Refresh: Clearing response code cache and fetching updated values
2026-07-11 22:38:41.345 [INFO ] [scheduling-1] [c.cmn.cde.service.CodeCacheService] [TranId: ] [BizTranId: ] [TraceId: ] [SpanId: ] [DynLevel: ] - Scheduled cache reload triggered
2026-07-11 22:38:41.345 [INFO ] [scheduling-1] [c.cmn.cde.service.CodeCacheService] [TranId: ] [BizTranId: ] [TraceId: ] [SpanId: ] [DynLevel: ] - Cache Refresh: Clearing code cache and fetching updated codes from database
2026-07-11 22:38:41.347 [INFO ] [scheduling-1] [c.cmn.cfg.service.ConfigCacheService] [TranId: ] [BizTranId: ] [TraceId: ] [SpanId: ] [DynLevel: ] - Scheduled config cache reload triggered
2026-07-11 22:38:41.347 [INFO ] [scheduling-1] [c.cmn.cfg.service.ConfigCacheService] [TranId: ] [BizTranId: ] [TraceId: ] [SpanId: ] [DynLevel: ] - Cache Refresh: Clearing config cache and fetching updated configs from database
2026-07-11 23:08:41.318 [INFO ] [scheduling-1] [c.c.msg.service.MessageCacheService] [TranId: ] [BizTranId: ] [TraceId: ] [SpanId: ] [DynLevel: ] - Scheduled cache reload triggered
2026-07-11 23:08:41.326 [INFO ] [scheduling-1] [c.c.msg.service.MessageCacheService] [TranId: ] [BizTranId: ] [TraceId: ] [SpanId: ] [DynLevel: ] - Cache Refresh: Clearing message cache and fetching updated messages from database
2026-07-11 23:08:41.329 [INFO ] [scheduling-1] [c.c.m.s.ResponseCodeCacheService] [TranId: ] [BizTranId: ] [TraceId: ] [SpanId: ] [DynLevel: ] - Cache Refresh: Clearing response code cache and fetching updated values
2026-07-11 23:08:41.330 [INFO ] [scheduling-1] [c.cmn.cde.service.CodeCacheService] [TranId: ] [BizTranId: ] [TraceId: ] [SpanId: ] [DynLevel: ] - Scheduled cache reload triggered
2026-07-11 23:08:41.330 [INFO ] [scheduling-1] [c.cmn.cde.service.CodeCacheService] [TranId: ] [BizTranId: ] [TraceId: ] [SpanId: ] [DynLevel: ] - Cache Refresh: Clearing code cache and fetching updated codes from database
2026-07-11 23:08:41.332 [INFO ] [scheduling-1] [c.cmn.cfg.service.ConfigCacheService] [TranId: ] [BizTranId: ] [TraceId: ] [SpanId: ] [DynLevel: ] - Scheduled config cache reload triggered
2026-07-11 23:08:41.332 [INFO ] [scheduling-1] [c.cmn.cfg.service.ConfigCacheService] [TranId: ] [BizTranId: ] [TraceId: ] [SpanId: ] [DynLevel: ] - Cache Refresh: Clearing config cache and fetching updated configs from database
2026-07-11 23:38:41.320 [INFO ] [scheduling-1] [c.c.msg.service.MessageCacheService] [TranId: ] [BizTranId: ] [TraceId: ] [SpanId: ] [DynLevel: ] - Scheduled cache reload triggered
2026-07-11 23:38:41.329 [INFO ] [scheduling-1] [c.c.msg.service.MessageCacheService] [TranId: ] [BizTranId: ] [TraceId: ] [SpanId: ] [DynLevel: ] - Cache Refresh: Clearing message cache and fetching updated messages from database
2026-07-11 23:38:41.333 [INFO ] [scheduling-1] [c.c.m.s.ResponseCodeCacheService] [TranId: ] [BizTranId: ] [TraceId: ] [SpanId: ] [DynLevel: ] - Cache Refresh: Clearing response code cache and fetching updated values
2026-07-11 23:38:41.334 [INFO ] [scheduling-1] [c.cmn.cde.service.CodeCacheService] [TranId: ] [BizTranId: ] [TraceId: ] [SpanId: ] [DynLevel: ] - Scheduled cache reload triggered
2026-07-11 23:38:41.334 [INFO ] [scheduling-1] [c.cmn.cde.service.CodeCacheService] [TranId: ] [BizTranId: ] [TraceId: ] [SpanId: ] [DynLevel: ] - Cache Refresh: Clearing code cache and fetching updated codes from database
2026-07-11 23:38:41.336 [INFO ] [scheduling-1] [c.cmn.cfg.service.ConfigCacheService] [TranId: ] [BizTranId: ] [TraceId: ] [SpanId: ] [DynLevel: ] - Scheduled config cache reload triggered
2026-07-11 23:38:41.336 [INFO ] [scheduling-1] [c.cmn.cfg.service.ConfigCacheService] [TranId: ] [BizTranId: ] [TraceId: ] [SpanId: ] [DynLevel: ] - Cache Refresh: Clearing config cache and fetching updated configs from database
