2026-07-06 15:47:31.072 [INFO ] [background-preinit] [o.h.validator.internal.util.Version] [TranId: ] [BizTranId: ] [TraceId: ] [SpanId: ] [DynLevel: ] - HV000001: Hibernate Validator 8.0.3.Final
2026-07-06 15:47:31.130 [INFO ] [main] [cpf.mbr.MbrApplication] [TranId: ] [BizTranId: ] [TraceId: ] [SpanId: ] [DynLevel: ] - Starting MbrApplication v1.0.0 using Java 21.0.7 with PID 17956 (D:\WORK_CPF\202412_01_CPF\mbr\build\libs\mbr-1.0.0.jar started by 11096 in D:\WORK_CPF\202412_01_CPF)
2026-07-06 15:47:31.133 [INFO ] [main] [cpf.mbr.MbrApplication] [TranId: ] [BizTranId: ] [TraceId: ] [SpanId: ] [DynLevel: ] - No active profile set, falling back to 1 default profile: "default"
2026-07-06 15:47:36.886 [INFO ] [main] [o.s.b.w.e.tomcat.TomcatWebServer] [TranId: ] [BizTranId: ] [TraceId: ] [SpanId: ] [DynLevel: ] - Tomcat initialized with port 8081 (http)
2026-07-06 15:47:36.920 [INFO ] [main] [o.a.coyote.http11.Http11NioProtocol] [TranId: ] [BizTranId: ] [TraceId: ] [SpanId: ] [DynLevel: ] - Initializing ProtocolHandler ["http-nio-8081"]
2026-07-06 15:47:36.926 [INFO ] [main] [o.a.catalina.core.StandardService] [TranId: ] [BizTranId: ] [TraceId: ] [SpanId: ] [DynLevel: ] - Starting service [Tomcat]
2026-07-06 15:47:36.928 [INFO ] [main] [o.a.catalina.core.StandardEngine] [TranId: ] [BizTranId: ] [TraceId: ] [SpanId: ] [DynLevel: ] - Starting Servlet engine: [Apache Tomcat/10.1.50]
2026-07-06 15:47:37.103 [INFO ] [main] [o.a.c.c.C.[Tomcat].[localhost].[/]] [TranId: ] [BizTranId: ] [TraceId: ] [SpanId: ] [DynLevel: ] - Initializing Spring embedded WebApplicationContext
2026-07-06 15:47:37.108 [INFO ] [main] [o.s.b.w.s.c.ServletWebServerApplicationContext] [TranId: ] [BizTranId: ] [TraceId: ] [SpanId: ] [DynLevel: ] - Root WebApplicationContext: initialization completed in 5929 ms
2026-07-06 15:47:39.474 [INFO ] [main] [c.c.msg.service.MessageCacheService] [TranId: ] [BizTranId: ] [TraceId: ] [SpanId: ] [DynLevel: ] - Initializing message cache at startup
2026-07-06 15:47:39.484 [INFO ] [main] [c.c.msg.service.MessageCacheService] [TranId: ] [BizTranId: ] [TraceId: ] [SpanId: ] [DynLevel: ] - Cache Miss: Fetching all messages from database
2026-07-06 15:47:39.581 [INFO ] [main] [com.zaxxer.hikari.HikariDataSource] [TranId: ] [BizTranId: ] [TraceId: ] [SpanId: ] [DynLevel: ] - HikariPool-1 - Starting...
2026-07-06 15:47:39.886 [INFO ] [main] [com.zaxxer.hikari.pool.HikariPool] [TranId: ] [BizTranId: ] [TraceId: ] [SpanId: ] [DynLevel: ] - HikariPool-1 - Added connection org.mariadb.jdbc.Connection@5e1d1524
2026-07-06 15:47:39.900 [INFO ] [main] [com.zaxxer.hikari.HikariDataSource] [TranId: ] [BizTranId: ] [TraceId: ] [SpanId: ] [DynLevel: ] - HikariPool-1 - Start completed.
2026-07-06 15:47:40.335 [INFO ] [main] [c.c.m.s.ResponseCodeCacheService] [TranId: ] [BizTranId: ] [TraceId: ] [SpanId: ] [DynLevel: ] - Cache Miss: Fetching all response codes from database
2026-07-06 15:47:40.975 [INFO ] [main] [c.cmn.cde.service.CodeCacheService] [TranId: ] [BizTranId: ] [TraceId: ] [SpanId: ] [DynLevel: ] - Initializing code cache at startup
2026-07-06 15:47:40.987 [INFO ] [main] [c.cmn.cde.service.CodeCacheService] [TranId: ] [BizTranId: ] [TraceId: ] [SpanId: ] [DynLevel: ] - Cache Miss: Fetching all codes from database
2026-07-06 15:47:41.067 [INFO ] [main] [c.cmn.cfg.service.ConfigCacheService] [TranId: ] [BizTranId: ] [TraceId: ] [SpanId: ] [DynLevel: ] - Initializing config cache at startup
2026-07-06 15:47:41.068 [INFO ] [main] [c.cmn.cfg.service.ConfigCacheService] [TranId: ] [BizTranId: ] [TraceId: ] [SpanId: ] [DynLevel: ] - Cache Miss: Fetching all configs from database
2026-07-06 15:47:41.216 [INFO ] [main] [c.c.r.s.CacheRefreshEventListener] [TranId: ] [BizTranId: ] [TraceId: ] [SpanId: ] [DynLevel: ] - CMN cache refresh event listener started. lastEventId=1
2026-07-06 15:47:48.617 [INFO ] [main] [o.a.coyote.http11.Http11NioProtocol] [TranId: ] [BizTranId: ] [TraceId: ] [SpanId: ] [DynLevel: ] - Starting ProtocolHandler ["http-nio-8081"]
2026-07-06 15:47:48.684 [INFO ] [main] [o.s.b.w.e.tomcat.TomcatWebServer] [TranId: ] [BizTranId: ] [TraceId: ] [SpanId: ] [DynLevel: ] - Tomcat started on port 8081 (http) with context path '/'
2026-07-06 15:47:48.764 [INFO ] [main] [cpf.mbr.MbrApplication] [TranId: ] [BizTranId: ] [TraceId: ] [SpanId: ] [DynLevel: ] - Started MbrApplication in 18.333 seconds (process running for 18.933)
2026-07-06 15:52:45.318 [INFO ] [background-preinit] [o.h.validator.internal.util.Version] [TranId: ] [BizTranId: ] [TraceId: ] [SpanId: ] [DynLevel: ] - HV000001: Hibernate Validator 8.0.3.Final
2026-07-06 15:52:45.369 [INFO ] [main] [cpf.mbr.MbrApplication] [TranId: ] [BizTranId: ] [TraceId: ] [SpanId: ] [DynLevel: ] - Starting MbrApplication v1.0.0 using Java 21.0.7 with PID 27488 (D:\WORK_CPF\202412_01_CPF\mbr\build\libs\mbr-1.0.0.jar started by 11096 in D:\WORK_CPF\202412_01_CPF)
2026-07-06 15:52:45.371 [INFO ] [main] [cpf.mbr.MbrApplication] [TranId: ] [BizTranId: ] [TraceId: ] [SpanId: ] [DynLevel: ] - No active profile set, falling back to 1 default profile: "default"
2026-07-06 15:52:50.478 [INFO ] [main] [o.s.b.w.e.tomcat.TomcatWebServer] [TranId: ] [BizTranId: ] [TraceId: ] [SpanId: ] [DynLevel: ] - Tomcat initialized with port 8081 (http)
2026-07-06 15:52:50.506 [INFO ] [main] [o.a.coyote.http11.Http11NioProtocol] [TranId: ] [BizTranId: ] [TraceId: ] [SpanId: ] [DynLevel: ] - Initializing ProtocolHandler ["http-nio-8081"]
2026-07-06 15:52:50.511 [INFO ] [main] [o.a.catalina.core.StandardService] [TranId: ] [BizTranId: ] [TraceId: ] [SpanId: ] [DynLevel: ] - Starting service [Tomcat]
2026-07-06 15:52:50.513 [INFO ] [main] [o.a.catalina.core.StandardEngine] [TranId: ] [BizTranId: ] [TraceId: ] [SpanId: ] [DynLevel: ] - Starting Servlet engine: [Apache Tomcat/10.1.50]
2026-07-06 15:52:50.618 [INFO ] [main] [o.a.c.c.C.[Tomcat].[localhost].[/]] [TranId: ] [BizTranId: ] [TraceId: ] [SpanId: ] [DynLevel: ] - Initializing Spring embedded WebApplicationContext
2026-07-06 15:52:50.622 [INFO ] [main] [o.s.b.w.s.c.ServletWebServerApplicationContext] [TranId: ] [BizTranId: ] [TraceId: ] [SpanId: ] [DynLevel: ] - Root WebApplicationContext: initialization completed in 5211 ms
2026-07-06 15:52:52.562 [INFO ] [main] [c.c.msg.service.MessageCacheService] [TranId: ] [BizTranId: ] [TraceId: ] [SpanId: ] [DynLevel: ] - Initializing message cache at startup
2026-07-06 15:52:52.573 [INFO ] [main] [c.c.msg.service.MessageCacheService] [TranId: ] [BizTranId: ] [TraceId: ] [SpanId: ] [DynLevel: ] - Cache Miss: Fetching all messages from database
2026-07-06 15:52:52.609 [INFO ] [main] [com.zaxxer.hikari.HikariDataSource] [TranId: ] [BizTranId: ] [TraceId: ] [SpanId: ] [DynLevel: ] - HikariPool-1 - Starting...
2026-07-06 15:52:52.856 [INFO ] [main] [com.zaxxer.hikari.pool.HikariPool] [TranId: ] [BizTranId: ] [TraceId: ] [SpanId: ] [DynLevel: ] - HikariPool-1 - Added connection org.mariadb.jdbc.Connection@44a14de0
2026-07-06 15:52:52.870 [INFO ] [main] [com.zaxxer.hikari.HikariDataSource] [TranId: ] [BizTranId: ] [TraceId: ] [SpanId: ] [DynLevel: ] - HikariPool-1 - Start completed.
2026-07-06 15:52:53.143 [INFO ] [main] [c.c.m.s.ResponseCodeCacheService] [TranId: ] [BizTranId: ] [TraceId: ] [SpanId: ] [DynLevel: ] - Cache Miss: Fetching all response codes from database
2026-07-06 15:52:53.821 [INFO ] [main] [c.cmn.cde.service.CodeCacheService] [TranId: ] [BizTranId: ] [TraceId: ] [SpanId: ] [DynLevel: ] - Initializing code cache at startup
2026-07-06 15:52:53.824 [INFO ] [main] [c.cmn.cde.service.CodeCacheService] [TranId: ] [BizTranId: ] [TraceId: ] [SpanId: ] [DynLevel: ] - Cache Miss: Fetching all codes from database
2026-07-06 15:52:53.931 [INFO ] [main] [c.cmn.cfg.service.ConfigCacheService] [TranId: ] [BizTranId: ] [TraceId: ] [SpanId: ] [DynLevel: ] - Initializing config cache at startup
2026-07-06 15:52:53.932 [INFO ] [main] [c.cmn.cfg.service.ConfigCacheService] [TranId: ] [BizTranId: ] [TraceId: ] [SpanId: ] [DynLevel: ] - Cache Miss: Fetching all configs from database
2026-07-06 15:52:54.131 [INFO ] [main] [c.c.r.s.CacheRefreshEventListener] [TranId: ] [BizTranId: ] [TraceId: ] [SpanId: ] [DynLevel: ] - CMN cache refresh event listener started. lastEventId=1
2026-07-06 15:53:00.888 [INFO ] [main] [o.a.coyote.http11.Http11NioProtocol] [TranId: ] [BizTranId: ] [TraceId: ] [SpanId: ] [DynLevel: ] - Starting ProtocolHandler ["http-nio-8081"]
2026-07-06 15:53:00.980 [INFO ] [main] [o.s.b.w.e.tomcat.TomcatWebServer] [TranId: ] [BizTranId: ] [TraceId: ] [SpanId: ] [DynLevel: ] - Tomcat started on port 8081 (http) with context path '/'
2026-07-06 15:53:01.056 [INFO ] [main] [cpf.mbr.MbrApplication] [TranId: ] [BizTranId: ] [TraceId: ] [SpanId: ] [DynLevel: ] - Started MbrApplication in 16.376 seconds (process running for 17.039)
2026-07-06 15:56:32.353 [INFO ] [background-preinit] [o.h.validator.internal.util.Version] [TranId: ] [BizTranId: ] [TraceId: ] [SpanId: ] [DynLevel: ] - HV000001: Hibernate Validator 8.0.3.Final
2026-07-06 15:56:32.403 [INFO ] [main] [cpf.mbr.MbrApplication] [TranId: ] [BizTranId: ] [TraceId: ] [SpanId: ] [DynLevel: ] - Starting MbrApplication v1.0.0 using Java 21.0.7 with PID 29584 (D:\WORK_CPF\202412_01_CPF\mbr\build\libs\mbr-1.0.0.jar started by 11096 in D:\WORK_CPF\202412_01_CPF)
2026-07-06 15:56:32.406 [INFO ] [main] [cpf.mbr.MbrApplication] [TranId: ] [BizTranId: ] [TraceId: ] [SpanId: ] [DynLevel: ] - No active profile set, falling back to 1 default profile: "default"
2026-07-06 15:56:37.517 [INFO ] [main] [o.s.b.w.e.tomcat.TomcatWebServer] [TranId: ] [BizTranId: ] [TraceId: ] [SpanId: ] [DynLevel: ] - Tomcat initialized with port 8081 (http)
2026-07-06 15:56:37.561 [INFO ] [main] [o.a.coyote.http11.Http11NioProtocol] [TranId: ] [BizTranId: ] [TraceId: ] [SpanId: ] [DynLevel: ] - Initializing ProtocolHandler ["http-nio-8081"]
2026-07-06 15:56:37.568 [INFO ] [main] [o.a.catalina.core.StandardService] [TranId: ] [BizTranId: ] [TraceId: ] [SpanId: ] [DynLevel: ] - Starting service [Tomcat]
2026-07-06 15:56:37.569 [INFO ] [main] [o.a.catalina.core.StandardEngine] [TranId: ] [BizTranId: ] [TraceId: ] [SpanId: ] [DynLevel: ] - Starting Servlet engine: [Apache Tomcat/10.1.50]
2026-07-06 15:56:37.708 [INFO ] [main] [o.a.c.c.C.[Tomcat].[localhost].[/]] [TranId: ] [BizTranId: ] [TraceId: ] [SpanId: ] [DynLevel: ] - Initializing Spring embedded WebApplicationContext
2026-07-06 15:56:37.711 [INFO ] [main] [o.s.b.w.s.c.ServletWebServerApplicationContext] [TranId: ] [BizTranId: ] [TraceId: ] [SpanId: ] [DynLevel: ] - Root WebApplicationContext: initialization completed in 5264 ms
2026-07-06 15:56:39.767 [INFO ] [main] [c.c.msg.service.MessageCacheService] [TranId: ] [BizTranId: ] [TraceId: ] [SpanId: ] [DynLevel: ] - Initializing message cache at startup
2026-07-06 15:56:39.776 [INFO ] [main] [c.c.msg.service.MessageCacheService] [TranId: ] [BizTranId: ] [TraceId: ] [SpanId: ] [DynLevel: ] - Cache Miss: Fetching all messages from database
2026-07-06 15:56:39.820 [INFO ] [main] [com.zaxxer.hikari.HikariDataSource] [TranId: ] [BizTranId: ] [TraceId: ] [SpanId: ] [DynLevel: ] - HikariPool-1 - Starting...
2026-07-06 15:56:40.071 [INFO ] [main] [com.zaxxer.hikari.pool.HikariPool] [TranId: ] [BizTranId: ] [TraceId: ] [SpanId: ] [DynLevel: ] - HikariPool-1 - Added connection org.mariadb.jdbc.Connection@44a14de0
2026-07-06 15:56:40.077 [INFO ] [main] [com.zaxxer.hikari.HikariDataSource] [TranId: ] [BizTranId: ] [TraceId: ] [SpanId: ] [DynLevel: ] - HikariPool-1 - Start completed.
2026-07-06 15:56:40.505 [INFO ] [main] [c.c.m.s.ResponseCodeCacheService] [TranId: ] [BizTranId: ] [TraceId: ] [SpanId: ] [DynLevel: ] - Cache Miss: Fetching all response codes from database
2026-07-06 15:56:40.972 [INFO ] [main] [c.cmn.cde.service.CodeCacheService] [TranId: ] [BizTranId: ] [TraceId: ] [SpanId: ] [DynLevel: ] - Initializing code cache at startup
2026-07-06 15:56:40.974 [INFO ] [main] [c.cmn.cde.service.CodeCacheService] [TranId: ] [BizTranId: ] [TraceId: ] [SpanId: ] [DynLevel: ] - Cache Miss: Fetching all codes from database
2026-07-06 15:56:41.013 [INFO ] [main] [c.cmn.cfg.service.ConfigCacheService] [TranId: ] [BizTranId: ] [TraceId: ] [SpanId: ] [DynLevel: ] - Initializing config cache at startup
2026-07-06 15:56:41.013 [INFO ] [main] [c.cmn.cfg.service.ConfigCacheService] [TranId: ] [BizTranId: ] [TraceId: ] [SpanId: ] [DynLevel: ] - Cache Miss: Fetching all configs from database
2026-07-06 15:56:41.164 [INFO ] [main] [c.c.r.s.CacheRefreshEventListener] [TranId: ] [BizTranId: ] [TraceId: ] [SpanId: ] [DynLevel: ] - CMN cache refresh event listener started. lastEventId=1
2026-07-06 15:56:48.986 [INFO ] [main] [o.a.coyote.http11.Http11NioProtocol] [TranId: ] [BizTranId: ] [TraceId: ] [SpanId: ] [DynLevel: ] - Starting ProtocolHandler ["http-nio-8081"]
2026-07-06 15:56:49.101 [INFO ] [main] [o.s.b.w.e.tomcat.TomcatWebServer] [TranId: ] [BizTranId: ] [TraceId: ] [SpanId: ] [DynLevel: ] - Tomcat started on port 8081 (http) with context path '/'
2026-07-06 15:56:49.189 [INFO ] [main] [cpf.mbr.MbrApplication] [TranId: ] [BizTranId: ] [TraceId: ] [SpanId: ] [DynLevel: ] - Started MbrApplication in 17.473 seconds (process running for 18.091)
2026-07-06 16:18:02.049 [INFO ] [background-preinit] [o.h.validator.internal.util.Version] [TranId: ] [BizTranId: ] [TraceId: ] [SpanId: ] [DynLevel: ] - HV000001: Hibernate Validator 8.0.3.Final
2026-07-06 16:18:02.141 [INFO ] [main] [cpf.mbr.MbrApplication] [TranId: ] [BizTranId: ] [TraceId: ] [SpanId: ] [DynLevel: ] - Starting MbrApplication v1.0.0 using Java 21.0.7 with PID 34760 (D:\WORK_CPF\202412_01_CPF\mbr\build\libs\mbr-1.0.0.jar started by 11096 in D:\WORK_CPF\202412_01_CPF)
2026-07-06 16:18:02.144 [INFO ] [main] [cpf.mbr.MbrApplication] [TranId: ] [BizTranId: ] [TraceId: ] [SpanId: ] [DynLevel: ] - No active profile set, falling back to 1 default profile: "default"
2026-07-06 16:18:10.406 [INFO ] [main] [o.s.b.w.e.tomcat.TomcatWebServer] [TranId: ] [BizTranId: ] [TraceId: ] [SpanId: ] [DynLevel: ] - Tomcat initialized with port 8081 (http)
2026-07-06 16:18:10.435 [INFO ] [main] [o.a.coyote.http11.Http11NioProtocol] [TranId: ] [BizTranId: ] [TraceId: ] [SpanId: ] [DynLevel: ] - Initializing ProtocolHandler ["http-nio-8081"]
2026-07-06 16:18:10.442 [INFO ] [main] [o.a.catalina.core.StandardService] [TranId: ] [BizTranId: ] [TraceId: ] [SpanId: ] [DynLevel: ] - Starting service [Tomcat]
2026-07-06 16:18:10.443 [INFO ] [main] [o.a.catalina.core.StandardEngine] [TranId: ] [BizTranId: ] [TraceId: ] [SpanId: ] [DynLevel: ] - Starting Servlet engine: [Apache Tomcat/10.1.50]
2026-07-06 16:18:10.552 [INFO ] [main] [o.a.c.c.C.[Tomcat].[localhost].[/]] [TranId: ] [BizTranId: ] [TraceId: ] [SpanId: ] [DynLevel: ] - Initializing Spring embedded WebApplicationContext
2026-07-06 16:18:10.556 [INFO ] [main] [o.s.b.w.s.c.ServletWebServerApplicationContext] [TranId: ] [BizTranId: ] [TraceId: ] [SpanId: ] [DynLevel: ] - Root WebApplicationContext: initialization completed in 8357 ms
2026-07-06 16:18:12.475 [INFO ] [main] [c.c.msg.service.MessageCacheService] [TranId: ] [BizTranId: ] [TraceId: ] [SpanId: ] [DynLevel: ] - Initializing message cache at startup
2026-07-06 16:18:12.485 [INFO ] [main] [c.c.msg.service.MessageCacheService] [TranId: ] [BizTranId: ] [TraceId: ] [SpanId: ] [DynLevel: ] - Cache Miss: Fetching all messages from database
2026-07-06 16:18:12.540 [INFO ] [main] [com.zaxxer.hikari.HikariDataSource] [TranId: ] [BizTranId: ] [TraceId: ] [SpanId: ] [DynLevel: ] - HikariPool-1 - Starting...
2026-07-06 16:18:12.780 [INFO ] [main] [com.zaxxer.hikari.pool.HikariPool] [TranId: ] [BizTranId: ] [TraceId: ] [SpanId: ] [DynLevel: ] - HikariPool-1 - Added connection org.mariadb.jdbc.Connection@44a14de0
2026-07-06 16:18:12.794 [INFO ] [main] [com.zaxxer.hikari.HikariDataSource] [TranId: ] [BizTranId: ] [TraceId: ] [SpanId: ] [DynLevel: ] - HikariPool-1 - Start completed.
2026-07-06 16:18:13.085 [INFO ] [main] [c.c.m.s.ResponseCodeCacheService] [TranId: ] [BizTranId: ] [TraceId: ] [SpanId: ] [DynLevel: ] - Cache Miss: Fetching all response codes from database
2026-07-06 16:18:13.795 [INFO ] [main] [c.cmn.cde.service.CodeCacheService] [TranId: ] [BizTranId: ] [TraceId: ] [SpanId: ] [DynLevel: ] - Initializing code cache at startup
2026-07-06 16:18:13.806 [INFO ] [main] [c.cmn.cde.service.CodeCacheService] [TranId: ] [BizTranId: ] [TraceId: ] [SpanId: ] [DynLevel: ] - Cache Miss: Fetching all codes from database
2026-07-06 16:18:13.885 [INFO ] [main] [c.cmn.cfg.service.ConfigCacheService] [TranId: ] [BizTranId: ] [TraceId: ] [SpanId: ] [DynLevel: ] - Initializing config cache at startup
2026-07-06 16:18:13.888 [INFO ] [main] [c.cmn.cfg.service.ConfigCacheService] [TranId: ] [BizTranId: ] [TraceId: ] [SpanId: ] [DynLevel: ] - Cache Miss: Fetching all configs from database
2026-07-06 16:18:14.209 [INFO ] [main] [c.c.r.s.CacheRefreshEventListener] [TranId: ] [BizTranId: ] [TraceId: ] [SpanId: ] [DynLevel: ] - CMN cache refresh event listener started. lastEventId=1
2026-07-06 16:18:20.979 [INFO ] [main] [o.a.coyote.http11.Http11NioProtocol] [TranId: ] [BizTranId: ] [TraceId: ] [SpanId: ] [DynLevel: ] - Starting ProtocolHandler ["http-nio-8081"]
2026-07-06 16:18:21.043 [INFO ] [main] [o.s.b.w.e.tomcat.TomcatWebServer] [TranId: ] [BizTranId: ] [TraceId: ] [SpanId: ] [DynLevel: ] - Tomcat started on port 8081 (http) with context path '/'
2026-07-06 16:18:21.109 [INFO ] [main] [cpf.mbr.MbrApplication] [TranId: ] [BizTranId: ] [TraceId: ] [SpanId: ] [DynLevel: ] - Started MbrApplication in 19.812 seconds (process running for 20.444)
2026-07-06 18:30:42.536 [INFO ] [background-preinit] [o.h.validator.internal.util.Version] [TranId: ] [BizTranId: ] [TraceId: ] [SpanId: ] [DynLevel: ] - HV000001: Hibernate Validator 8.0.3.Final
2026-07-06 18:30:42.615 [INFO ] [main] [cpf.mbr.MbrApplication] [TranId: ] [BizTranId: ] [TraceId: ] [SpanId: ] [DynLevel: ] - Starting MbrApplication v1.0.0 using Java 21.0.7 with PID 16884 (D:\WORK_CPF\202412_01_CPF\mbr\build\libs\mbr-1.0.0.jar started by 11096 in D:\WORK_CPF\202412_01_CPF)
2026-07-06 18:30:42.619 [INFO ] [main] [cpf.mbr.MbrApplication] [TranId: ] [BizTranId: ] [TraceId: ] [SpanId: ] [DynLevel: ] - No active profile set, falling back to 1 default profile: "default"
2026-07-06 18:30:47.138 [INFO ] [main] [o.s.b.w.e.tomcat.TomcatWebServer] [TranId: ] [BizTranId: ] [TraceId: ] [SpanId: ] [DynLevel: ] - Tomcat initialized with port 8081 (http)
2026-07-06 18:30:47.191 [INFO ] [main] [o.a.coyote.http11.Http11NioProtocol] [TranId: ] [BizTranId: ] [TraceId: ] [SpanId: ] [DynLevel: ] - Initializing ProtocolHandler ["http-nio-8081"]
2026-07-06 18:30:47.196 [INFO ] [main] [o.a.catalina.core.StandardService] [TranId: ] [BizTranId: ] [TraceId: ] [SpanId: ] [DynLevel: ] - Starting service [Tomcat]
2026-07-06 18:30:47.197 [INFO ] [main] [o.a.catalina.core.StandardEngine] [TranId: ] [BizTranId: ] [TraceId: ] [SpanId: ] [DynLevel: ] - Starting Servlet engine: [Apache Tomcat/10.1.50]
2026-07-06 18:30:47.353 [INFO ] [main] [o.a.c.c.C.[Tomcat].[localhost].[/]] [TranId: ] [BizTranId: ] [TraceId: ] [SpanId: ] [DynLevel: ] - Initializing Spring embedded WebApplicationContext
2026-07-06 18:30:47.358 [INFO ] [main] [o.s.b.w.s.c.ServletWebServerApplicationContext] [TranId: ] [BizTranId: ] [TraceId: ] [SpanId: ] [DynLevel: ] - Root WebApplicationContext: initialization completed in 4693 ms
2026-07-06 18:30:49.410 [INFO ] [main] [c.c.msg.service.MessageCacheService] [TranId: ] [BizTranId: ] [TraceId: ] [SpanId: ] [DynLevel: ] - Initializing message cache at startup
2026-07-06 18:30:49.420 [INFO ] [main] [c.c.msg.service.MessageCacheService] [TranId: ] [BizTranId: ] [TraceId: ] [SpanId: ] [DynLevel: ] - Cache Miss: Fetching all messages from database
2026-07-06 18:30:49.457 [INFO ] [main] [com.zaxxer.hikari.HikariDataSource] [TranId: ] [BizTranId: ] [TraceId: ] [SpanId: ] [DynLevel: ] - HikariPool-1 - Starting...
2026-07-06 18:30:49.677 [INFO ] [main] [com.zaxxer.hikari.pool.HikariPool] [TranId: ] [BizTranId: ] [TraceId: ] [SpanId: ] [DynLevel: ] - HikariPool-1 - Added connection org.mariadb.jdbc.Connection@59b98ad1
2026-07-06 18:30:49.690 [INFO ] [main] [com.zaxxer.hikari.HikariDataSource] [TranId: ] [BizTranId: ] [TraceId: ] [SpanId: ] [DynLevel: ] - HikariPool-1 - Start completed.
2026-07-06 18:30:49.992 [INFO ] [main] [c.c.m.s.ResponseCodeCacheService] [TranId: ] [BizTranId: ] [TraceId: ] [SpanId: ] [DynLevel: ] - Cache Miss: Fetching all response codes from database
2026-07-06 18:30:50.449 [INFO ] [main] [c.cmn.cde.service.CodeCacheService] [TranId: ] [BizTranId: ] [TraceId: ] [SpanId: ] [DynLevel: ] - Initializing code cache at startup
2026-07-06 18:30:50.451 [INFO ] [main] [c.cmn.cde.service.CodeCacheService] [TranId: ] [BizTranId: ] [TraceId: ] [SpanId: ] [DynLevel: ] - Cache Miss: Fetching all codes from database
2026-07-06 18:30:50.508 [INFO ] [main] [c.cmn.cfg.service.ConfigCacheService] [TranId: ] [BizTranId: ] [TraceId: ] [SpanId: ] [DynLevel: ] - Initializing config cache at startup
2026-07-06 18:30:50.508 [INFO ] [main] [c.cmn.cfg.service.ConfigCacheService] [TranId: ] [BizTranId: ] [TraceId: ] [SpanId: ] [DynLevel: ] - Cache Miss: Fetching all configs from database
2026-07-06 18:30:50.678 [INFO ] [main] [c.c.r.s.CacheRefreshEventListener] [TranId: ] [BizTranId: ] [TraceId: ] [SpanId: ] [DynLevel: ] - CMN cache refresh event listener started. lastEventId=1
2026-07-06 18:30:57.614 [INFO ] [main] [o.a.coyote.http11.Http11NioProtocol] [TranId: ] [BizTranId: ] [TraceId: ] [SpanId: ] [DynLevel: ] - Starting ProtocolHandler ["http-nio-8081"]
2026-07-06 18:30:57.683 [INFO ] [main] [o.s.b.w.e.tomcat.TomcatWebServer] [TranId: ] [BizTranId: ] [TraceId: ] [SpanId: ] [DynLevel: ] - Tomcat started on port 8081 (http) with context path '/'
2026-07-06 18:30:57.762 [INFO ] [main] [cpf.mbr.MbrApplication] [TranId: ] [BizTranId: ] [TraceId: ] [SpanId: ] [DynLevel: ] - Started MbrApplication in 15.921 seconds (process running for 16.61)
2026-07-06 18:30:58.144 [INFO ] [http-nio-8081-exec-1] [o.a.c.c.C.[Tomcat].[localhost].[/]] [TranId: ] [BizTranId: ] [TraceId: ] [SpanId: ] [DynLevel: ] - Initializing Spring DispatcherServlet 'dispatcherServlet'
2026-07-06 18:30:58.154 [INFO ] [http-nio-8081-exec-1] [o.s.web.servlet.DispatcherServlet] [TranId: ] [BizTranId: ] [TraceId: ] [SpanId: ] [DynLevel: ] - Initializing Servlet 'dispatcherServlet'
2026-07-06 18:30:58.163 [INFO ] [http-nio-8081-exec-1] [o.s.web.servlet.DispatcherServlet] [TranId: ] [BizTranId: ] [TraceId: ] [SpanId: ] [DynLevel: ] - Completed initialization in 8 ms
2026-07-06 18:30:59.340 [INFO ] [http-nio-8081-exec-1] [o.s.api.AbstractOpenApiResource] [TranId: 20260706183058171MBRlocal010000001] [BizTranId: ] [TraceId: 40810f50-6b54-4e3a-afae-ec842d55c7fb] [SpanId: SPN-e6ffc97d-976e-45e1-9e6a-e1b93e2b1631] [DynLevel: ] - Init duration for springdoc-openapi is: 1056 ms
2026-07-06 18:43:43.952 [INFO ] [background-preinit] [o.h.validator.internal.util.Version] [TranId: ] [BizTranId: ] [TraceId: ] [SpanId: ] [DynLevel: ] - HV000001: Hibernate Validator 8.0.3.Final
2026-07-06 18:43:44.023 [INFO ] [main] [cpf.mbr.MbrApplication] [TranId: ] [BizTranId: ] [TraceId: ] [SpanId: ] [DynLevel: ] - Starting MbrApplication v1.0.0 using Java 21.0.7 with PID 31652 (D:\WORK_CPF\202412_01_CPF\mbr\build\libs\mbr-1.0.0.jar started by 11096 in D:\WORK_CPF\202412_01_CPF)
2026-07-06 18:43:44.025 [INFO ] [main] [cpf.mbr.MbrApplication] [TranId: ] [BizTranId: ] [TraceId: ] [SpanId: ] [DynLevel: ] - No active profile set, falling back to 1 default profile: "default"
2026-07-06 18:43:47.021 [INFO ] [main] [o.s.b.w.e.tomcat.TomcatWebServer] [TranId: ] [BizTranId: ] [TraceId: ] [SpanId: ] [DynLevel: ] - Tomcat initialized with port 8081 (http)
2026-07-06 18:43:47.041 [INFO ] [main] [o.a.coyote.http11.Http11NioProtocol] [TranId: ] [BizTranId: ] [TraceId: ] [SpanId: ] [DynLevel: ] - Initializing ProtocolHandler ["http-nio-8081"]
2026-07-06 18:43:47.044 [INFO ] [main] [o.a.catalina.core.StandardService] [TranId: ] [BizTranId: ] [TraceId: ] [SpanId: ] [DynLevel: ] - Starting service [Tomcat]
2026-07-06 18:43:47.045 [INFO ] [main] [o.a.catalina.core.StandardEngine] [TranId: ] [BizTranId: ] [TraceId: ] [SpanId: ] [DynLevel: ] - Starting Servlet engine: [Apache Tomcat/10.1.50]
2026-07-06 18:43:47.117 [INFO ] [main] [o.a.c.c.C.[Tomcat].[localhost].[/]] [TranId: ] [BizTranId: ] [TraceId: ] [SpanId: ] [DynLevel: ] - Initializing Spring embedded WebApplicationContext
2026-07-06 18:43:47.119 [INFO ] [main] [o.s.b.w.s.c.ServletWebServerApplicationContext] [TranId: ] [BizTranId: ] [TraceId: ] [SpanId: ] [DynLevel: ] - Root WebApplicationContext: initialization completed in 3051 ms
2026-07-06 18:43:48.169 [INFO ] [main] [c.c.msg.service.MessageCacheService] [TranId: ] [BizTranId: ] [TraceId: ] [SpanId: ] [DynLevel: ] - Initializing message cache at startup
2026-07-06 18:43:48.179 [INFO ] [main] [c.c.msg.service.MessageCacheService] [TranId: ] [BizTranId: ] [TraceId: ] [SpanId: ] [DynLevel: ] - Cache Miss: Fetching all messages from database
2026-07-06 18:43:48.203 [INFO ] [main] [com.zaxxer.hikari.HikariDataSource] [TranId: ] [BizTranId: ] [TraceId: ] [SpanId: ] [DynLevel: ] - HikariPool-1 - Starting...
2026-07-06 18:43:48.328 [INFO ] [main] [com.zaxxer.hikari.pool.HikariPool] [TranId: ] [BizTranId: ] [TraceId: ] [SpanId: ] [DynLevel: ] - HikariPool-1 - Added connection org.mariadb.jdbc.Connection@26d8908e
2026-07-06 18:43:48.330 [INFO ] [main] [com.zaxxer.hikari.HikariDataSource] [TranId: ] [BizTranId: ] [TraceId: ] [SpanId: ] [DynLevel: ] - HikariPool-1 - Start completed.
2026-07-06 18:43:48.461 [INFO ] [main] [c.c.m.s.ResponseCodeCacheService] [TranId: ] [BizTranId: ] [TraceId: ] [SpanId: ] [DynLevel: ] - Cache Miss: Fetching all response codes from database
2026-07-06 18:43:48.736 [INFO ] [main] [c.cmn.cde.service.CodeCacheService] [TranId: ] [BizTranId: ] [TraceId: ] [SpanId: ] [DynLevel: ] - Initializing code cache at startup
2026-07-06 18:43:48.737 [INFO ] [main] [c.cmn.cde.service.CodeCacheService] [TranId: ] [BizTranId: ] [TraceId: ] [SpanId: ] [DynLevel: ] - Cache Miss: Fetching all codes from database
2026-07-06 18:43:48.761 [INFO ] [main] [c.cmn.cfg.service.ConfigCacheService] [TranId: ] [BizTranId: ] [TraceId: ] [SpanId: ] [DynLevel: ] - Initializing config cache at startup
2026-07-06 18:43:48.762 [INFO ] [main] [c.cmn.cfg.service.ConfigCacheService] [TranId: ] [BizTranId: ] [TraceId: ] [SpanId: ] [DynLevel: ] - Cache Miss: Fetching all configs from database
2026-07-06 18:43:48.855 [INFO ] [main] [c.c.r.s.CacheRefreshEventListener] [TranId: ] [BizTranId: ] [TraceId: ] [SpanId: ] [DynLevel: ] - CMN cache refresh event listener started. lastEventId=1
2026-07-06 18:43:52.120 [INFO ] [main] [o.a.coyote.http11.Http11NioProtocol] [TranId: ] [BizTranId: ] [TraceId: ] [SpanId: ] [DynLevel: ] - Starting ProtocolHandler ["http-nio-8081"]
2026-07-06 18:43:52.170 [INFO ] [main] [o.s.b.w.e.tomcat.TomcatWebServer] [TranId: ] [BizTranId: ] [TraceId: ] [SpanId: ] [DynLevel: ] - Tomcat started on port 8081 (http) with context path '/'
2026-07-06 18:43:52.214 [INFO ] [main] [cpf.mbr.MbrApplication] [TranId: ] [BizTranId: ] [TraceId: ] [SpanId: ] [DynLevel: ] - Started MbrApplication in 9.048 seconds (process running for 9.768)
2026-07-06 18:43:53.177 [INFO ] [http-nio-8081-exec-1] [o.a.c.c.C.[Tomcat].[localhost].[/]] [TranId: ] [BizTranId: ] [TraceId: ] [SpanId: ] [DynLevel: ] - Initializing Spring DispatcherServlet 'dispatcherServlet'
2026-07-06 18:43:53.188 [INFO ] [http-nio-8081-exec-1] [o.s.web.servlet.DispatcherServlet] [TranId: ] [BizTranId: ] [TraceId: ] [SpanId: ] [DynLevel: ] - Initializing Servlet 'dispatcherServlet'
2026-07-06 18:43:53.191 [INFO ] [http-nio-8081-exec-1] [o.s.web.servlet.DispatcherServlet] [TranId: ] [BizTranId: ] [TraceId: ] [SpanId: ] [DynLevel: ] - Completed initialization in 3 ms
2026-07-06 18:43:53.657 [INFO ] [http-nio-8081-exec-1] [o.s.api.AbstractOpenApiResource] [TranId: 20260706184353196MBRlocal010000001] [BizTranId: ] [TraceId: 91e4fbe6-8fe4-41c9-9e60-1e6467a69398] [SpanId: SPN-a9c010ca-142a-446c-b6ca-cc6c2efd6043] [DynLevel: ] - Init duration for springdoc-openapi is: 421 ms
2026-07-06 18:55:53.318 [INFO ] [background-preinit] [o.h.validator.internal.util.Version] [TranId: ] [BizTranId: ] [TraceId: ] [SpanId: ] [DynLevel: ] - HV000001: Hibernate Validator 8.0.3.Final
2026-07-06 18:55:53.376 [INFO ] [main] [cpf.mbr.MbrApplication] [TranId: ] [BizTranId: ] [TraceId: ] [SpanId: ] [DynLevel: ] - Starting MbrApplication v1.0.0 using Java 21.0.7 with PID 30332 (D:\WORK_CPF\202412_01_CPF\mbr\build\libs\mbr-1.0.0.jar started by 11096 in D:\WORK_CPF\202412_01_CPF)
2026-07-06 18:55:53.379 [INFO ] [main] [cpf.mbr.MbrApplication] [TranId: ] [BizTranId: ] [TraceId: ] [SpanId: ] [DynLevel: ] - No active profile set, falling back to 1 default profile: "default"
2026-07-06 18:55:57.561 [INFO ] [main] [o.s.b.w.e.tomcat.TomcatWebServer] [TranId: ] [BizTranId: ] [TraceId: ] [SpanId: ] [DynLevel: ] - Tomcat initialized with port 8081 (http)
2026-07-06 18:55:57.613 [INFO ] [main] [o.a.coyote.http11.Http11NioProtocol] [TranId: ] [BizTranId: ] [TraceId: ] [SpanId: ] [DynLevel: ] - Initializing ProtocolHandler ["http-nio-8081"]
2026-07-06 18:55:57.622 [INFO ] [main] [o.a.catalina.core.StandardService] [TranId: ] [BizTranId: ] [TraceId: ] [SpanId: ] [DynLevel: ] - Starting service [Tomcat]
2026-07-06 18:55:57.624 [INFO ] [main] [o.a.catalina.core.StandardEngine] [TranId: ] [BizTranId: ] [TraceId: ] [SpanId: ] [DynLevel: ] - Starting Servlet engine: [Apache Tomcat/10.1.50]
2026-07-06 18:55:57.787 [INFO ] [main] [o.a.c.c.C.[Tomcat].[localhost].[/]] [TranId: ] [BizTranId: ] [TraceId: ] [SpanId: ] [DynLevel: ] - Initializing Spring embedded WebApplicationContext
2026-07-06 18:55:57.792 [INFO ] [main] [o.s.b.w.s.c.ServletWebServerApplicationContext] [TranId: ] [BizTranId: ] [TraceId: ] [SpanId: ] [DynLevel: ] - Root WebApplicationContext: initialization completed in 4368 ms
2026-07-06 18:55:59.845 [INFO ] [main] [c.c.msg.service.MessageCacheService] [TranId: ] [BizTranId: ] [TraceId: ] [SpanId: ] [DynLevel: ] - Initializing message cache at startup
2026-07-06 18:55:59.854 [INFO ] [main] [c.c.msg.service.MessageCacheService] [TranId: ] [BizTranId: ] [TraceId: ] [SpanId: ] [DynLevel: ] - Cache Miss: Fetching all messages from database
2026-07-06 18:55:59.894 [INFO ] [main] [com.zaxxer.hikari.HikariDataSource] [TranId: ] [BizTranId: ] [TraceId: ] [SpanId: ] [DynLevel: ] - HikariPool-1 - Starting...
2026-07-06 18:56:00.168 [INFO ] [main] [com.zaxxer.hikari.pool.HikariPool] [TranId: ] [BizTranId: ] [TraceId: ] [SpanId: ] [DynLevel: ] - HikariPool-1 - Added connection org.mariadb.jdbc.Connection@591e5fd4
2026-07-06 18:56:00.178 [INFO ] [main] [com.zaxxer.hikari.HikariDataSource] [TranId: ] [BizTranId: ] [TraceId: ] [SpanId: ] [DynLevel: ] - HikariPool-1 - Start completed.
2026-07-06 18:56:00.471 [INFO ] [main] [c.c.m.s.ResponseCodeCacheService] [TranId: ] [BizTranId: ] [TraceId: ] [SpanId: ] [DynLevel: ] - Cache Miss: Fetching all response codes from database
2026-07-06 18:56:01.131 [INFO ] [main] [c.cmn.cde.service.CodeCacheService] [TranId: ] [BizTranId: ] [TraceId: ] [SpanId: ] [DynLevel: ] - Initializing code cache at startup
2026-07-06 18:56:01.143 [INFO ] [main] [c.cmn.cde.service.CodeCacheService] [TranId: ] [BizTranId: ] [TraceId: ] [SpanId: ] [DynLevel: ] - Cache Miss: Fetching all codes from database
2026-07-06 18:56:01.192 [INFO ] [main] [c.cmn.cfg.service.ConfigCacheService] [TranId: ] [BizTranId: ] [TraceId: ] [SpanId: ] [DynLevel: ] - Initializing config cache at startup
2026-07-06 18:56:01.194 [INFO ] [main] [c.cmn.cfg.service.ConfigCacheService] [TranId: ] [BizTranId: ] [TraceId: ] [SpanId: ] [DynLevel: ] - Cache Miss: Fetching all configs from database
2026-07-06 18:56:01.392 [INFO ] [main] [c.c.r.s.CacheRefreshEventListener] [TranId: ] [BizTranId: ] [TraceId: ] [SpanId: ] [DynLevel: ] - CMN cache refresh event listener started. lastEventId=1
2026-07-06 18:56:08.199 [INFO ] [main] [o.a.coyote.http11.Http11NioProtocol] [TranId: ] [BizTranId: ] [TraceId: ] [SpanId: ] [DynLevel: ] - Starting ProtocolHandler ["http-nio-8081"]
2026-07-06 18:56:08.276 [INFO ] [main] [o.s.b.w.e.tomcat.TomcatWebServer] [TranId: ] [BizTranId: ] [TraceId: ] [SpanId: ] [DynLevel: ] - Tomcat started on port 8081 (http) with context path '/'
2026-07-06 18:56:08.382 [INFO ] [main] [cpf.mbr.MbrApplication] [TranId: ] [BizTranId: ] [TraceId: ] [SpanId: ] [DynLevel: ] - Started MbrApplication in 15.684 seconds (process running for 16.288)
2026-07-06 18:56:08.464 [INFO ] [http-nio-8081-exec-1] [o.a.c.c.C.[Tomcat].[localhost].[/]] [TranId: ] [BizTranId: ] [TraceId: ] [SpanId: ] [DynLevel: ] - Initializing Spring DispatcherServlet 'dispatcherServlet'
2026-07-06 18:56:08.466 [INFO ] [http-nio-8081-exec-1] [o.s.web.servlet.DispatcherServlet] [TranId: ] [BizTranId: ] [TraceId: ] [SpanId: ] [DynLevel: ] - Initializing Servlet 'dispatcherServlet'
2026-07-06 18:56:08.472 [INFO ] [http-nio-8081-exec-1] [o.s.web.servlet.DispatcherServlet] [TranId: ] [BizTranId: ] [TraceId: ] [SpanId: ] [DynLevel: ] - Completed initialization in 6 ms
2026-07-06 18:56:09.643 [INFO ] [http-nio-8081-exec-1] [o.s.api.AbstractOpenApiResource] [TranId: 20260706185608477MBRlocal010000001] [BizTranId: ] [TraceId: 9a7769d4-0da0-4353-b3ca-d4ce176ec4a5] [SpanId: SPN-f3474c6c-4f15-4a59-ae27-c80c41d416ae] [DynLevel: ] - Init duration for springdoc-openapi is: 1034 ms
2026-07-06 18:59:15.816 [INFO ] [http-nio-8081-exec-8] [com.zaxxer.hikari.HikariDataSource] [TranId: 20260706185914680ACCflog0010000001] [BizTranId: ] [TraceId: 65e49895b69144909c532188c3dd6e06] [SpanId: SPN-142e3931-d304-40fa-9066-b53c9e4faa51] [DynLevel: ] - HikariPool-2 - Starting...
2026-07-06 18:59:15.829 [INFO ] [http-nio-8081-exec-8] [com.zaxxer.hikari.pool.HikariPool] [TranId: 20260706185914680ACCflog0010000001] [BizTranId: ] [TraceId: 65e49895b69144909c532188c3dd6e06] [SpanId: SPN-142e3931-d304-40fa-9066-b53c9e4faa51] [DynLevel: ] - HikariPool-2 - Added connection org.mariadb.jdbc.Connection@1a4b973d
2026-07-06 18:59:15.830 [INFO ] [http-nio-8081-exec-8] [com.zaxxer.hikari.HikariDataSource] [TranId: 20260706185914680ACCflog0010000001] [BizTranId: ] [TraceId: 65e49895b69144909c532188c3dd6e06] [SpanId: SPN-142e3931-d304-40fa-9066-b53c9e4faa51] [DynLevel: ] - HikariPool-2 - Start completed.
2026-07-06 18:59:15.863 [INFO ] [http-nio-8081-exec-8] [c.pfw.common.logging.LoggingAspect] [TranId: 20260706185914680ACCflog0010000001] [BizTranId: MBR09EDU0001] [TraceId: 65e49895b69144909c532188c3dd6e06] [SpanId: SPN-142e3931-d304-40fa-9066-b53c9e4faa51] [DynLevel: ] - Transaction started. transactionId=20260706185914680ACCflog0010000001, businessTransactionId=MBR09EDU0001, businessTransactionName=MBRCompositeMemberProfile, traceId=65e49895b69144909c532188c3dd6e06, spanId=SPN-142e3931-d304-40fa-9066-b53c9e4faa51, moduleId=MBR, sequenceNo=1, workflowInstanceId=None, workflowStepId=None, method=GET, uri=/mbr/edu/composite/member-profile?memberId=1, controller=MbrCompositeEducationController.memberProfile(..), executionClass=cpf.mbr.bse.controller.MbrCompositeEducationController, executionMethod=memberProfile, clientIp=127.0.0.1, parameters=memberId=1, requestBody=null
2026-07-06 18:59:15.991 [INFO ] [http-nio-8081-exec-8] [com.zaxxer.hikari.HikariDataSource] [TranId: 20260706185914680ACCflog0010000001] [BizTranId: MBR09EDU0001] [TraceId: 65e49895b69144909c532188c3dd6e06] [SpanId: SPN-142e3931-d304-40fa-9066-b53c9e4faa51] [DynLevel: ] - HikariPool-3 - Starting...
2026-07-06 18:59:16.000 [INFO ] [http-nio-8081-exec-8] [com.zaxxer.hikari.pool.HikariPool] [TranId: 20260706185914680ACCflog0010000001] [BizTranId: MBR09EDU0001] [TraceId: 65e49895b69144909c532188c3dd6e06] [SpanId: SPN-142e3931-d304-40fa-9066-b53c9e4faa51] [DynLevel: ] - HikariPool-3 - Added connection org.mariadb.jdbc.Connection@37954145
2026-07-06 18:59:16.002 [INFO ] [http-nio-8081-exec-8] [com.zaxxer.hikari.HikariDataSource] [TranId: 20260706185914680ACCflog0010000001] [BizTranId: MBR09EDU0001] [TraceId: 65e49895b69144909c532188c3dd6e06] [SpanId: SPN-142e3931-d304-40fa-9066-b53c9e4faa51] [DynLevel: ] - HikariPool-3 - Start completed.
2026-07-06 18:59:16.138 [INFO ] [http-nio-8081-exec-8] [c.pfw.common.logging.LoggingAspect] [TranId: 20260706185914680ACCflog0010000001] [BizTranId: MBR09EDU0001] [TraceId: 65e49895b69144909c532188c3dd6e06] [SpanId: SPN-142e3931-d304-40fa-9066-b53c9e4faa51] [DynLevel: ] - Transaction completed. transactionId=20260706185914680ACCflog0010000001, traceId=65e49895b69144909c532188c3dd6e06, spanId=SPN-142e3931-d304-40fa-9066-b53c9e4faa51, moduleId=MBR, sequenceNo=1, workflowStatus=NONE, compensationYn=N, httpStatus=200, responseCode=SMBR000000, messageCode=MMBR000000, durationMs=312
2026-07-06 19:00:01.924 [INFO ] [http-nio-8081-exec-10] [c.pfw.common.logging.LoggingAspect] [TranId: 20260706190001789ACCflog0010000001] [BizTranId: MBR09EDU0001] [TraceId: 4f82fcd5e1f043b18be1e200f94b86be] [SpanId: SPN-fe183d48-a81c-4025-af1d-48b9c7b112c4] [DynLevel: ] - Transaction started. transactionId=20260706190001789ACCflog0010000001, businessTransactionId=MBR09EDU0001, businessTransactionName=MBRCompositeMemberProfile, traceId=4f82fcd5e1f043b18be1e200f94b86be, spanId=SPN-fe183d48-a81c-4025-af1d-48b9c7b112c4, moduleId=MBR, sequenceNo=1, workflowInstanceId=None, workflowStepId=None, method=GET, uri=/mbr/edu/composite/member-profile?memberId=1, controller=MbrCompositeEducationController.memberProfile(..), executionClass=cpf.mbr.bse.controller.MbrCompositeEducationController, executionMethod=memberProfile, clientIp=127.0.0.1, parameters=memberId=1, requestBody=null
2026-07-06 19:00:01.945 [INFO ] [http-nio-8081-exec-10] [c.pfw.common.logging.LoggingAspect] [TranId: 20260706190001789ACCflog0010000001] [BizTranId: MBR09EDU0001] [TraceId: 4f82fcd5e1f043b18be1e200f94b86be] [SpanId: SPN-fe183d48-a81c-4025-af1d-48b9c7b112c4] [DynLevel: ] - Transaction completed. transactionId=20260706190001789ACCflog0010000001, traceId=4f82fcd5e1f043b18be1e200f94b86be, spanId=SPN-fe183d48-a81c-4025-af1d-48b9c7b112c4, moduleId=MBR, sequenceNo=1, workflowStatus=NONE, compensationYn=N, httpStatus=200, responseCode=SMBR000000, messageCode=MMBR000000, durationMs=21
2026-07-06 19:10:55.072 [INFO ] [background-preinit] [o.h.validator.internal.util.Version] [TranId: ] [BizTranId: ] [TraceId: ] [SpanId: ] [DynLevel: ] - HV000001: Hibernate Validator 8.0.3.Final
2026-07-06 19:10:55.126 [INFO ] [main] [cpf.mbr.MbrApplication] [TranId: ] [BizTranId: ] [TraceId: ] [SpanId: ] [DynLevel: ] - Starting MbrApplication v1.0.0 using Java 21.0.7 with PID 3044 (D:\WORK_CPF\202412_01_CPF\mbr\build\libs\mbr-1.0.0.jar started by 11096 in D:\WORK_CPF\202412_01_CPF)
2026-07-06 19:10:55.129 [INFO ] [main] [cpf.mbr.MbrApplication] [TranId: ] [BizTranId: ] [TraceId: ] [SpanId: ] [DynLevel: ] - No active profile set, falling back to 1 default profile: "default"
2026-07-06 19:11:00.252 [INFO ] [main] [o.s.b.w.e.tomcat.TomcatWebServer] [TranId: ] [BizTranId: ] [TraceId: ] [SpanId: ] [DynLevel: ] - Tomcat initialized with port 8081 (http)
2026-07-06 19:11:00.294 [INFO ] [main] [o.a.coyote.http11.Http11NioProtocol] [TranId: ] [BizTranId: ] [TraceId: ] [SpanId: ] [DynLevel: ] - Initializing ProtocolHandler ["http-nio-8081"]
2026-07-06 19:11:00.302 [INFO ] [main] [o.a.catalina.core.StandardService] [TranId: ] [BizTranId: ] [TraceId: ] [SpanId: ] [DynLevel: ] - Starting service [Tomcat]
2026-07-06 19:11:00.304 [INFO ] [main] [o.a.catalina.core.StandardEngine] [TranId: ] [BizTranId: ] [TraceId: ] [SpanId: ] [DynLevel: ] - Starting Servlet engine: [Apache Tomcat/10.1.50]
2026-07-06 19:11:00.491 [INFO ] [main] [o.a.c.c.C.[Tomcat].[localhost].[/]] [TranId: ] [BizTranId: ] [TraceId: ] [SpanId: ] [DynLevel: ] - Initializing Spring embedded WebApplicationContext
2026-07-06 19:11:00.493 [INFO ] [main] [o.s.b.w.s.c.ServletWebServerApplicationContext] [TranId: ] [BizTranId: ] [TraceId: ] [SpanId: ] [DynLevel: ] - Root WebApplicationContext: initialization completed in 5324 ms
2026-07-06 19:11:02.880 [INFO ] [main] [c.c.msg.service.MessageCacheService] [TranId: ] [BizTranId: ] [TraceId: ] [SpanId: ] [DynLevel: ] - Initializing message cache at startup
2026-07-06 19:11:02.891 [INFO ] [main] [c.c.msg.service.MessageCacheService] [TranId: ] [BizTranId: ] [TraceId: ] [SpanId: ] [DynLevel: ] - Cache Miss: Fetching all messages from database
2026-07-06 19:11:02.947 [INFO ] [main] [com.zaxxer.hikari.HikariDataSource] [TranId: ] [BizTranId: ] [TraceId: ] [SpanId: ] [DynLevel: ] - HikariPool-1 - Starting...
2026-07-06 19:11:03.201 [INFO ] [main] [com.zaxxer.hikari.pool.HikariPool] [TranId: ] [BizTranId: ] [TraceId: ] [SpanId: ] [DynLevel: ] - HikariPool-1 - Added connection org.mariadb.jdbc.Connection@59b98ad1
2026-07-06 19:11:03.209 [INFO ] [main] [com.zaxxer.hikari.HikariDataSource] [TranId: ] [BizTranId: ] [TraceId: ] [SpanId: ] [DynLevel: ] - HikariPool-1 - Start completed.
2026-07-06 19:11:03.581 [INFO ] [main] [c.c.m.s.ResponseCodeCacheService] [TranId: ] [BizTranId: ] [TraceId: ] [SpanId: ] [DynLevel: ] - Cache Miss: Fetching all response codes from database
2026-07-06 19:11:04.249 [INFO ] [main] [c.cmn.cde.service.CodeCacheService] [TranId: ] [BizTranId: ] [TraceId: ] [SpanId: ] [DynLevel: ] - Initializing code cache at startup
2026-07-06 19:11:04.252 [INFO ] [main] [c.cmn.cde.service.CodeCacheService] [TranId: ] [BizTranId: ] [TraceId: ] [SpanId: ] [DynLevel: ] - Cache Miss: Fetching all codes from database
2026-07-06 19:11:04.360 [INFO ] [main] [c.cmn.cfg.service.ConfigCacheService] [TranId: ] [BizTranId: ] [TraceId: ] [SpanId: ] [DynLevel: ] - Initializing config cache at startup
2026-07-06 19:11:04.362 [INFO ] [main] [c.cmn.cfg.service.ConfigCacheService] [TranId: ] [BizTranId: ] [TraceId: ] [SpanId: ] [DynLevel: ] - Cache Miss: Fetching all configs from database
2026-07-06 19:11:04.610 [INFO ] [main] [c.c.r.s.CacheRefreshEventListener] [TranId: ] [BizTranId: ] [TraceId: ] [SpanId: ] [DynLevel: ] - CMN cache refresh event listener started. lastEventId=1
2026-07-06 19:11:12.237 [INFO ] [main] [o.a.coyote.http11.Http11NioProtocol] [TranId: ] [BizTranId: ] [TraceId: ] [SpanId: ] [DynLevel: ] - Starting ProtocolHandler ["http-nio-8081"]
2026-07-06 19:11:12.359 [INFO ] [main] [o.s.b.w.e.tomcat.TomcatWebServer] [TranId: ] [BizTranId: ] [TraceId: ] [SpanId: ] [DynLevel: ] - Tomcat started on port 8081 (http) with context path '/'
2026-07-06 19:11:12.461 [INFO ] [main] [cpf.mbr.MbrApplication] [TranId: ] [BizTranId: ] [TraceId: ] [SpanId: ] [DynLevel: ] - Started MbrApplication in 18.016 seconds (process running for 18.644)
2026-07-06 19:11:12.749 [INFO ] [http-nio-8081-exec-2] [o.a.c.c.C.[Tomcat].[localhost].[/]] [TranId: ] [BizTranId: ] [TraceId: ] [SpanId: ] [DynLevel: ] - Initializing Spring DispatcherServlet 'dispatcherServlet'
2026-07-06 19:11:12.751 [INFO ] [http-nio-8081-exec-2] [o.s.web.servlet.DispatcherServlet] [TranId: ] [BizTranId: ] [TraceId: ] [SpanId: ] [DynLevel: ] - Initializing Servlet 'dispatcherServlet'
2026-07-06 19:11:12.762 [INFO ] [http-nio-8081-exec-2] [o.s.web.servlet.DispatcherServlet] [TranId: ] [BizTranId: ] [TraceId: ] [SpanId: ] [DynLevel: ] - Completed initialization in 9 ms
2026-07-06 19:11:14.070 [INFO ] [http-nio-8081-exec-2] [o.s.api.AbstractOpenApiResource] [TranId: 20260706191112771MBRlocal010000001] [BizTranId: ] [TraceId: 3e30f10e-7386-4d1c-9efe-8db86a6d70ad] [SpanId: SPN-d9e372cd-56d9-40bb-8659-5bca2c812590] [DynLevel: ] - Init duration for springdoc-openapi is: 1154 ms
2026-07-06 19:13:50.744 [INFO ] [http-nio-8081-exec-8] [com.zaxxer.hikari.HikariDataSource] [TranId: 20260706191349586ACCflog0010000001] [BizTranId: ] [TraceId: b14ed7f6610c484cbfe3967dbc424c70] [SpanId: SPN-73b92617-e12f-47b5-858a-c72338daac25] [DynLevel: ] - HikariPool-2 - Starting...
2026-07-06 19:13:50.755 [INFO ] [http-nio-8081-exec-8] [com.zaxxer.hikari.pool.HikariPool] [TranId: 20260706191349586ACCflog0010000001] [BizTranId: ] [TraceId: b14ed7f6610c484cbfe3967dbc424c70] [SpanId: SPN-73b92617-e12f-47b5-858a-c72338daac25] [DynLevel: ] - HikariPool-2 - Added connection org.mariadb.jdbc.Connection@31c3a0dc
2026-07-06 19:13:50.756 [INFO ] [http-nio-8081-exec-8] [com.zaxxer.hikari.HikariDataSource] [TranId: 20260706191349586ACCflog0010000001] [BizTranId: ] [TraceId: b14ed7f6610c484cbfe3967dbc424c70] [SpanId: SPN-73b92617-e12f-47b5-858a-c72338daac25] [DynLevel: ] - HikariPool-2 - Start completed.
2026-07-06 19:13:50.792 [INFO ] [http-nio-8081-exec-8] [c.pfw.common.logging.LoggingAspect] [TranId: 20260706191349586ACCflog0010000001] [BizTranId: MBR09EDU0001] [TraceId: b14ed7f6610c484cbfe3967dbc424c70] [SpanId: SPN-73b92617-e12f-47b5-858a-c72338daac25] [DynLevel: ] - Transaction started. transactionId=20260706191349586ACCflog0010000001, businessTransactionId=MBR09EDU0001, businessTransactionName=MBRCompositeMemberProfile, traceId=b14ed7f6610c484cbfe3967dbc424c70, spanId=SPN-73b92617-e12f-47b5-858a-c72338daac25, moduleId=MBR, sequenceNo=1, workflowInstanceId=None, workflowStepId=None, method=GET, uri=/mbr/edu/composite/member-profile?memberId=1, controller=MbrCompositeEducationController.memberProfile(..), executionClass=cpf.mbr.bse.controller.MbrCompositeEducationController, executionMethod=memberProfile, clientIp=127.0.0.1, parameters=memberId=1, requestBody=null
2026-07-06 19:13:50.970 [INFO ] [http-nio-8081-exec-8] [com.zaxxer.hikari.HikariDataSource] [TranId: 20260706191349586ACCflog0010000001] [BizTranId: MBR09EDU0001] [TraceId: b14ed7f6610c484cbfe3967dbc424c70] [SpanId: SPN-73b92617-e12f-47b5-858a-c72338daac25] [DynLevel: ] - HikariPool-3 - Starting...
2026-07-06 19:13:50.979 [INFO ] [http-nio-8081-exec-8] [com.zaxxer.hikari.pool.HikariPool] [TranId: 20260706191349586ACCflog0010000001] [BizTranId: MBR09EDU0001] [TraceId: b14ed7f6610c484cbfe3967dbc424c70] [SpanId: SPN-73b92617-e12f-47b5-858a-c72338daac25] [DynLevel: ] - HikariPool-3 - Added connection org.mariadb.jdbc.Connection@30838cf
2026-07-06 19:13:50.980 [INFO ] [http-nio-8081-exec-8] [com.zaxxer.hikari.HikariDataSource] [TranId: 20260706191349586ACCflog0010000001] [BizTranId: MBR09EDU0001] [TraceId: b14ed7f6610c484cbfe3967dbc424c70] [SpanId: SPN-73b92617-e12f-47b5-858a-c72338daac25] [DynLevel: ] - HikariPool-3 - Start completed.
2026-07-06 19:13:51.171 [INFO ] [http-nio-8081-exec-8] [c.pfw.common.logging.LoggingAspect] [TranId: 20260706191349586ACCflog0010000001] [BizTranId: MBR09EDU0001] [TraceId: b14ed7f6610c484cbfe3967dbc424c70] [SpanId: SPN-73b92617-e12f-47b5-858a-c72338daac25] [DynLevel: ] - Transaction completed. transactionId=20260706191349586ACCflog0010000001, traceId=b14ed7f6610c484cbfe3967dbc424c70, spanId=SPN-73b92617-e12f-47b5-858a-c72338daac25, moduleId=MBR, sequenceNo=1, workflowStatus=NONE, compensationYn=N, httpStatus=200, responseCode=SMBR000000, messageCode=MMBR000000, durationMs=403
2026-07-06 19:41:12.477 [INFO ] [scheduling-1] [c.c.msg.service.MessageCacheService] [TranId: ] [BizTranId: ] [TraceId: ] [SpanId: ] [DynLevel: ] - Scheduled cache reload triggered
2026-07-06 19:41:12.488 [INFO ] [scheduling-1] [c.c.msg.service.MessageCacheService] [TranId: ] [BizTranId: ] [TraceId: ] [SpanId: ] [DynLevel: ] - Cache Refresh: Clearing message cache and fetching updated messages from database
2026-07-06 19:41:12.510 [INFO ] [scheduling-1] [c.c.m.s.ResponseCodeCacheService] [TranId: ] [BizTranId: ] [TraceId: ] [SpanId: ] [DynLevel: ] - Cache Refresh: Clearing response code cache and fetching updated values
2026-07-06 19:41:12.556 [INFO ] [scheduling-1] [c.cmn.cde.service.CodeCacheService] [TranId: ] [BizTranId: ] [TraceId: ] [SpanId: ] [DynLevel: ] - Scheduled cache reload triggered
2026-07-06 19:41:12.557 [INFO ] [scheduling-1] [c.cmn.cde.service.CodeCacheService] [TranId: ] [BizTranId: ] [TraceId: ] [SpanId: ] [DynLevel: ] - Cache Refresh: Clearing code cache and fetching updated codes from database
2026-07-06 19:41:12.579 [INFO ] [scheduling-1] [c.cmn.cfg.service.ConfigCacheService] [TranId: ] [BizTranId: ] [TraceId: ] [SpanId: ] [DynLevel: ] - Scheduled config cache reload triggered
2026-07-06 19:41:12.581 [INFO ] [scheduling-1] [c.cmn.cfg.service.ConfigCacheService] [TranId: ] [BizTranId: ] [TraceId: ] [SpanId: ] [DynLevel: ] - Cache Refresh: Clearing config cache and fetching updated configs from database
2026-07-06 20:11:12.497 [INFO ] [scheduling-1] [c.c.msg.service.MessageCacheService] [TranId: ] [BizTranId: ] [TraceId: ] [SpanId: ] [DynLevel: ] - Scheduled cache reload triggered
2026-07-06 20:11:12.507 [INFO ] [scheduling-1] [c.c.msg.service.MessageCacheService] [TranId: ] [BizTranId: ] [TraceId: ] [SpanId: ] [DynLevel: ] - Cache Refresh: Clearing message cache and fetching updated messages from database
2026-07-06 20:11:12.518 [INFO ] [scheduling-1] [c.c.m.s.ResponseCodeCacheService] [TranId: ] [BizTranId: ] [TraceId: ] [SpanId: ] [DynLevel: ] - Cache Refresh: Clearing response code cache and fetching updated values
2026-07-06 20:11:12.527 [INFO ] [scheduling-1] [c.cmn.cde.service.CodeCacheService] [TranId: ] [BizTranId: ] [TraceId: ] [SpanId: ] [DynLevel: ] - Scheduled cache reload triggered
2026-07-06 20:11:12.529 [INFO ] [scheduling-1] [c.cmn.cde.service.CodeCacheService] [TranId: ] [BizTranId: ] [TraceId: ] [SpanId: ] [DynLevel: ] - Cache Refresh: Clearing code cache and fetching updated codes from database
2026-07-06 20:11:12.539 [INFO ] [scheduling-1] [c.cmn.cfg.service.ConfigCacheService] [TranId: ] [BizTranId: ] [TraceId: ] [SpanId: ] [DynLevel: ] - Scheduled config cache reload triggered
2026-07-06 20:11:12.540 [INFO ] [scheduling-1] [c.cmn.cfg.service.ConfigCacheService] [TranId: ] [BizTranId: ] [TraceId: ] [SpanId: ] [DynLevel: ] - Cache Refresh: Clearing config cache and fetching updated configs from database
2026-07-06 20:41:12.516 [INFO ] [scheduling-1] [c.c.msg.service.MessageCacheService] [TranId: ] [BizTranId: ] [TraceId: ] [SpanId: ] [DynLevel: ] - Scheduled cache reload triggered
2026-07-06 20:41:12.526 [INFO ] [scheduling-1] [c.c.msg.service.MessageCacheService] [TranId: ] [BizTranId: ] [TraceId: ] [SpanId: ] [DynLevel: ] - Cache Refresh: Clearing message cache and fetching updated messages from database
2026-07-06 20:41:12.533 [INFO ] [scheduling-1] [c.c.m.s.ResponseCodeCacheService] [TranId: ] [BizTranId: ] [TraceId: ] [SpanId: ] [DynLevel: ] - Cache Refresh: Clearing response code cache and fetching updated values
2026-07-06 20:41:12.538 [INFO ] [scheduling-1] [c.cmn.cde.service.CodeCacheService] [TranId: ] [BizTranId: ] [TraceId: ] [SpanId: ] [DynLevel: ] - Scheduled cache reload triggered
2026-07-06 20:41:12.538 [INFO ] [scheduling-1] [c.cmn.cde.service.CodeCacheService] [TranId: ] [BizTranId: ] [TraceId: ] [SpanId: ] [DynLevel: ] - Cache Refresh: Clearing code cache and fetching updated codes from database
2026-07-06 20:41:12.546 [INFO ] [scheduling-1] [c.cmn.cfg.service.ConfigCacheService] [TranId: ] [BizTranId: ] [TraceId: ] [SpanId: ] [DynLevel: ] - Scheduled config cache reload triggered
2026-07-06 20:41:12.546 [INFO ] [scheduling-1] [c.cmn.cfg.service.ConfigCacheService] [TranId: ] [BizTranId: ] [TraceId: ] [SpanId: ] [DynLevel: ] - Cache Refresh: Clearing config cache and fetching updated configs from database
2026-07-06 21:11:12.524 [INFO ] [scheduling-1] [c.c.msg.service.MessageCacheService] [TranId: ] [BizTranId: ] [TraceId: ] [SpanId: ] [DynLevel: ] - Scheduled cache reload triggered
2026-07-06 21:11:12.527 [INFO ] [scheduling-1] [c.c.msg.service.MessageCacheService] [TranId: ] [BizTranId: ] [TraceId: ] [SpanId: ] [DynLevel: ] - Cache Refresh: Clearing message cache and fetching updated messages from database
2026-07-06 21:11:12.538 [INFO ] [scheduling-1] [c.c.m.s.ResponseCodeCacheService] [TranId: ] [BizTranId: ] [TraceId: ] [SpanId: ] [DynLevel: ] - Cache Refresh: Clearing response code cache and fetching updated values
2026-07-06 21:11:12.549 [INFO ] [scheduling-1] [c.cmn.cde.service.CodeCacheService] [TranId: ] [BizTranId: ] [TraceId: ] [SpanId: ] [DynLevel: ] - Scheduled cache reload triggered
2026-07-06 21:11:12.550 [INFO ] [scheduling-1] [c.cmn.cde.service.CodeCacheService] [TranId: ] [BizTranId: ] [TraceId: ] [SpanId: ] [DynLevel: ] - Cache Refresh: Clearing code cache and fetching updated codes from database
2026-07-06 21:11:12.560 [INFO ] [scheduling-1] [c.cmn.cfg.service.ConfigCacheService] [TranId: ] [BizTranId: ] [TraceId: ] [SpanId: ] [DynLevel: ] - Scheduled config cache reload triggered
2026-07-06 21:11:12.561 [INFO ] [scheduling-1] [c.cmn.cfg.service.ConfigCacheService] [TranId: ] [BizTranId: ] [TraceId: ] [SpanId: ] [DynLevel: ] - Cache Refresh: Clearing config cache and fetching updated configs from database
2026-07-06 21:41:12.534 [INFO ] [scheduling-1] [c.c.msg.service.MessageCacheService] [TranId: ] [BizTranId: ] [TraceId: ] [SpanId: ] [DynLevel: ] - Scheduled cache reload triggered
2026-07-06 21:41:12.544 [INFO ] [scheduling-1] [c.c.msg.service.MessageCacheService] [TranId: ] [BizTranId: ] [TraceId: ] [SpanId: ] [DynLevel: ] - Cache Refresh: Clearing message cache and fetching updated messages from database
2026-07-06 21:41:12.553 [INFO ] [scheduling-1] [c.c.m.s.ResponseCodeCacheService] [TranId: ] [BizTranId: ] [TraceId: ] [SpanId: ] [DynLevel: ] - Cache Refresh: Clearing response code cache and fetching updated values
2026-07-06 21:41:12.563 [INFO ] [scheduling-1] [c.cmn.cde.service.CodeCacheService] [TranId: ] [BizTranId: ] [TraceId: ] [SpanId: ] [DynLevel: ] - Scheduled cache reload triggered
2026-07-06 21:41:12.563 [INFO ] [scheduling-1] [c.cmn.cde.service.CodeCacheService] [TranId: ] [BizTranId: ] [TraceId: ] [SpanId: ] [DynLevel: ] - Cache Refresh: Clearing code cache and fetching updated codes from database
2026-07-06 21:41:12.568 [INFO ] [scheduling-1] [c.cmn.cfg.service.ConfigCacheService] [TranId: ] [BizTranId: ] [TraceId: ] [SpanId: ] [DynLevel: ] - Scheduled config cache reload triggered
2026-07-06 21:41:12.568 [INFO ] [scheduling-1] [c.cmn.cfg.service.ConfigCacheService] [TranId: ] [BizTranId: ] [TraceId: ] [SpanId: ] [DynLevel: ] - Cache Refresh: Clearing config cache and fetching updated configs from database
2026-07-06 22:11:12.528 [INFO ] [scheduling-1] [c.c.msg.service.MessageCacheService] [TranId: ] [BizTranId: ] [TraceId: ] [SpanId: ] [DynLevel: ] - Scheduled cache reload triggered
2026-07-06 22:11:12.537 [INFO ] [scheduling-1] [c.c.msg.service.MessageCacheService] [TranId: ] [BizTranId: ] [TraceId: ] [SpanId: ] [DynLevel: ] - Cache Refresh: Clearing message cache and fetching updated messages from database
2026-07-06 22:11:12.545 [INFO ] [scheduling-1] [c.c.m.s.ResponseCodeCacheService] [TranId: ] [BizTranId: ] [TraceId: ] [SpanId: ] [DynLevel: ] - Cache Refresh: Clearing response code cache and fetching updated values
2026-07-06 22:11:12.551 [INFO ] [scheduling-1] [c.cmn.cde.service.CodeCacheService] [TranId: ] [BizTranId: ] [TraceId: ] [SpanId: ] [DynLevel: ] - Scheduled cache reload triggered
2026-07-06 22:11:12.552 [INFO ] [scheduling-1] [c.cmn.cde.service.CodeCacheService] [TranId: ] [BizTranId: ] [TraceId: ] [SpanId: ] [DynLevel: ] - Cache Refresh: Clearing code cache and fetching updated codes from database
2026-07-06 22:11:12.561 [INFO ] [scheduling-1] [c.cmn.cfg.service.ConfigCacheService] [TranId: ] [BizTranId: ] [TraceId: ] [SpanId: ] [DynLevel: ] - Scheduled config cache reload triggered
2026-07-06 22:11:12.562 [INFO ] [scheduling-1] [c.cmn.cfg.service.ConfigCacheService] [TranId: ] [BizTranId: ] [TraceId: ] [SpanId: ] [DynLevel: ] - Cache Refresh: Clearing config cache and fetching updated configs from database
2026-07-06 22:41:12.534 [INFO ] [scheduling-1] [c.c.msg.service.MessageCacheService] [TranId: ] [BizTranId: ] [TraceId: ] [SpanId: ] [DynLevel: ] - Scheduled cache reload triggered
2026-07-06 22:41:12.535 [INFO ] [scheduling-1] [c.c.msg.service.MessageCacheService] [TranId: ] [BizTranId: ] [TraceId: ] [SpanId: ] [DynLevel: ] - Cache Refresh: Clearing message cache and fetching updated messages from database
2026-07-06 22:41:12.542 [INFO ] [scheduling-1] [c.c.m.s.ResponseCodeCacheService] [TranId: ] [BizTranId: ] [TraceId: ] [SpanId: ] [DynLevel: ] - Cache Refresh: Clearing response code cache and fetching updated values
2026-07-06 22:41:12.548 [INFO ] [scheduling-1] [c.cmn.cde.service.CodeCacheService] [TranId: ] [BizTranId: ] [TraceId: ] [SpanId: ] [DynLevel: ] - Scheduled cache reload triggered
2026-07-06 22:41:12.549 [INFO ] [scheduling-1] [c.cmn.cde.service.CodeCacheService] [TranId: ] [BizTranId: ] [TraceId: ] [SpanId: ] [DynLevel: ] - Cache Refresh: Clearing code cache and fetching updated codes from database
2026-07-06 22:41:12.554 [INFO ] [scheduling-1] [c.cmn.cfg.service.ConfigCacheService] [TranId: ] [BizTranId: ] [TraceId: ] [SpanId: ] [DynLevel: ] - Scheduled config cache reload triggered
2026-07-06 22:41:12.555 [INFO ] [scheduling-1] [c.cmn.cfg.service.ConfigCacheService] [TranId: ] [BizTranId: ] [TraceId: ] [SpanId: ] [DynLevel: ] - Cache Refresh: Clearing config cache and fetching updated configs from database
2026-07-06 23:11:12.551 [INFO ] [scheduling-1] [c.c.msg.service.MessageCacheService] [TranId: ] [BizTranId: ] [TraceId: ] [SpanId: ] [DynLevel: ] - Scheduled cache reload triggered
2026-07-06 23:11:12.560 [INFO ] [scheduling-1] [c.c.msg.service.MessageCacheService] [TranId: ] [BizTranId: ] [TraceId: ] [SpanId: ] [DynLevel: ] - Cache Refresh: Clearing message cache and fetching updated messages from database
2026-07-06 23:11:12.568 [INFO ] [scheduling-1] [c.c.m.s.ResponseCodeCacheService] [TranId: ] [BizTranId: ] [TraceId: ] [SpanId: ] [DynLevel: ] - Cache Refresh: Clearing response code cache and fetching updated values
2026-07-06 23:11:12.577 [INFO ] [scheduling-1] [c.cmn.cde.service.CodeCacheService] [TranId: ] [BizTranId: ] [TraceId: ] [SpanId: ] [DynLevel: ] - Scheduled cache reload triggered
2026-07-06 23:11:12.578 [INFO ] [scheduling-1] [c.cmn.cde.service.CodeCacheService] [TranId: ] [BizTranId: ] [TraceId: ] [SpanId: ] [DynLevel: ] - Cache Refresh: Clearing code cache and fetching updated codes from database
2026-07-06 23:11:12.584 [INFO ] [scheduling-1] [c.cmn.cfg.service.ConfigCacheService] [TranId: ] [BizTranId: ] [TraceId: ] [SpanId: ] [DynLevel: ] - Scheduled config cache reload triggered
2026-07-06 23:11:12.584 [INFO ] [scheduling-1] [c.cmn.cfg.service.ConfigCacheService] [TranId: ] [BizTranId: ] [TraceId: ] [SpanId: ] [DynLevel: ] - Cache Refresh: Clearing config cache and fetching updated configs from database
2026-07-06 23:41:12.545 [INFO ] [scheduling-1] [c.c.msg.service.MessageCacheService] [TranId: ] [BizTranId: ] [TraceId: ] [SpanId: ] [DynLevel: ] - Scheduled cache reload triggered
2026-07-06 23:41:12.556 [INFO ] [scheduling-1] [c.c.msg.service.MessageCacheService] [TranId: ] [BizTranId: ] [TraceId: ] [SpanId: ] [DynLevel: ] - Cache Refresh: Clearing message cache and fetching updated messages from database
2026-07-06 23:41:12.561 [INFO ] [scheduling-1] [c.c.m.s.ResponseCodeCacheService] [TranId: ] [BizTranId: ] [TraceId: ] [SpanId: ] [DynLevel: ] - Cache Refresh: Clearing response code cache and fetching updated values
2026-07-06 23:41:12.564 [INFO ] [scheduling-1] [c.cmn.cde.service.CodeCacheService] [TranId: ] [BizTranId: ] [TraceId: ] [SpanId: ] [DynLevel: ] - Scheduled cache reload triggered
2026-07-06 23:41:12.565 [INFO ] [scheduling-1] [c.cmn.cde.service.CodeCacheService] [TranId: ] [BizTranId: ] [TraceId: ] [SpanId: ] [DynLevel: ] - Cache Refresh: Clearing code cache and fetching updated codes from database
2026-07-06 23:41:12.572 [INFO ] [scheduling-1] [c.cmn.cfg.service.ConfigCacheService] [TranId: ] [BizTranId: ] [TraceId: ] [SpanId: ] [DynLevel: ] - Scheduled config cache reload triggered
2026-07-06 23:41:12.573 [INFO ] [scheduling-1] [c.cmn.cfg.service.ConfigCacheService] [TranId: ] [BizTranId: ] [TraceId: ] [SpanId: ] [DynLevel: ] - Cache Refresh: Clearing config cache and fetching updated configs from database
