2026-07-07 00:11:12.549 [INFO ] [scheduling-1] [c.c.msg.service.MessageCacheService] [TranId: ] [BizTranId: ] [TraceId: ] [SpanId: ] [DynLevel: ] - Scheduled cache reload triggered
2026-07-07 00:11:12.564 [INFO ] [scheduling-1] [c.c.msg.service.MessageCacheService] [TranId: ] [BizTranId: ] [TraceId: ] [SpanId: ] [DynLevel: ] - Cache Refresh: Clearing message cache and fetching updated messages from database
2026-07-07 00:11:12.574 [INFO ] [scheduling-1] [c.c.m.s.ResponseCodeCacheService] [TranId: ] [BizTranId: ] [TraceId: ] [SpanId: ] [DynLevel: ] - Cache Refresh: Clearing response code cache and fetching updated values
2026-07-07 00:11:12.583 [INFO ] [scheduling-1] [c.cmn.cde.service.CodeCacheService] [TranId: ] [BizTranId: ] [TraceId: ] [SpanId: ] [DynLevel: ] - Scheduled cache reload triggered
2026-07-07 00:11:12.584 [INFO ] [scheduling-1] [c.cmn.cde.service.CodeCacheService] [TranId: ] [BizTranId: ] [TraceId: ] [SpanId: ] [DynLevel: ] - Cache Refresh: Clearing code cache and fetching updated codes from database
2026-07-07 00:11:12.594 [INFO ] [scheduling-1] [c.cmn.cfg.service.ConfigCacheService] [TranId: ] [BizTranId: ] [TraceId: ] [SpanId: ] [DynLevel: ] - Scheduled config cache reload triggered
2026-07-07 00:11:12.595 [INFO ] [scheduling-1] [c.cmn.cfg.service.ConfigCacheService] [TranId: ] [BizTranId: ] [TraceId: ] [SpanId: ] [DynLevel: ] - Cache Refresh: Clearing config cache and fetching updated configs from database
2026-07-07 00:41:12.556 [INFO ] [scheduling-1] [c.c.msg.service.MessageCacheService] [TranId: ] [BizTranId: ] [TraceId: ] [SpanId: ] [DynLevel: ] - Scheduled cache reload triggered
2026-07-07 00:41:12.567 [INFO ] [scheduling-1] [c.c.msg.service.MessageCacheService] [TranId: ] [BizTranId: ] [TraceId: ] [SpanId: ] [DynLevel: ] - Cache Refresh: Clearing message cache and fetching updated messages from database
2026-07-07 00:41:12.576 [INFO ] [scheduling-1] [c.c.m.s.ResponseCodeCacheService] [TranId: ] [BizTranId: ] [TraceId: ] [SpanId: ] [DynLevel: ] - Cache Refresh: Clearing response code cache and fetching updated values
2026-07-07 00:41:12.581 [INFO ] [scheduling-1] [c.cmn.cde.service.CodeCacheService] [TranId: ] [BizTranId: ] [TraceId: ] [SpanId: ] [DynLevel: ] - Scheduled cache reload triggered
2026-07-07 00:41:12.582 [INFO ] [scheduling-1] [c.cmn.cde.service.CodeCacheService] [TranId: ] [BizTranId: ] [TraceId: ] [SpanId: ] [DynLevel: ] - Cache Refresh: Clearing code cache and fetching updated codes from database
2026-07-07 00:41:12.589 [INFO ] [scheduling-1] [c.cmn.cfg.service.ConfigCacheService] [TranId: ] [BizTranId: ] [TraceId: ] [SpanId: ] [DynLevel: ] - Scheduled config cache reload triggered
2026-07-07 00:41:12.589 [INFO ] [scheduling-1] [c.cmn.cfg.service.ConfigCacheService] [TranId: ] [BizTranId: ] [TraceId: ] [SpanId: ] [DynLevel: ] - Cache Refresh: Clearing config cache and fetching updated configs from database
2026-07-07 01:11:12.565 [INFO ] [scheduling-1] [c.c.msg.service.MessageCacheService] [TranId: ] [BizTranId: ] [TraceId: ] [SpanId: ] [DynLevel: ] - Scheduled cache reload triggered
2026-07-07 01:11:12.574 [INFO ] [scheduling-1] [c.c.msg.service.MessageCacheService] [TranId: ] [BizTranId: ] [TraceId: ] [SpanId: ] [DynLevel: ] - Cache Refresh: Clearing message cache and fetching updated messages from database
2026-07-07 01:11:12.583 [INFO ] [scheduling-1] [c.c.m.s.ResponseCodeCacheService] [TranId: ] [BizTranId: ] [TraceId: ] [SpanId: ] [DynLevel: ] - Cache Refresh: Clearing response code cache and fetching updated values
2026-07-07 01:11:12.590 [INFO ] [scheduling-1] [c.cmn.cde.service.CodeCacheService] [TranId: ] [BizTranId: ] [TraceId: ] [SpanId: ] [DynLevel: ] - Scheduled cache reload triggered
2026-07-07 01:11:12.590 [INFO ] [scheduling-1] [c.cmn.cde.service.CodeCacheService] [TranId: ] [BizTranId: ] [TraceId: ] [SpanId: ] [DynLevel: ] - Cache Refresh: Clearing code cache and fetching updated codes from database
2026-07-07 01:11:12.597 [INFO ] [scheduling-1] [c.cmn.cfg.service.ConfigCacheService] [TranId: ] [BizTranId: ] [TraceId: ] [SpanId: ] [DynLevel: ] - Scheduled config cache reload triggered
2026-07-07 01:11:12.598 [INFO ] [scheduling-1] [c.cmn.cfg.service.ConfigCacheService] [TranId: ] [BizTranId: ] [TraceId: ] [SpanId: ] [DynLevel: ] - Cache Refresh: Clearing config cache and fetching updated configs from database
2026-07-07 01:41:12.574 [INFO ] [scheduling-1] [c.c.msg.service.MessageCacheService] [TranId: ] [BizTranId: ] [TraceId: ] [SpanId: ] [DynLevel: ] - Scheduled cache reload triggered
2026-07-07 01:41:12.583 [INFO ] [scheduling-1] [c.c.msg.service.MessageCacheService] [TranId: ] [BizTranId: ] [TraceId: ] [SpanId: ] [DynLevel: ] - Cache Refresh: Clearing message cache and fetching updated messages from database
2026-07-07 01:41:12.599 [INFO ] [scheduling-1] [c.c.m.s.ResponseCodeCacheService] [TranId: ] [BizTranId: ] [TraceId: ] [SpanId: ] [DynLevel: ] - Cache Refresh: Clearing response code cache and fetching updated values
2026-07-07 01:41:12.610 [INFO ] [scheduling-1] [c.cmn.cde.service.CodeCacheService] [TranId: ] [BizTranId: ] [TraceId: ] [SpanId: ] [DynLevel: ] - Scheduled cache reload triggered
2026-07-07 01:41:12.611 [INFO ] [scheduling-1] [c.cmn.cde.service.CodeCacheService] [TranId: ] [BizTranId: ] [TraceId: ] [SpanId: ] [DynLevel: ] - Cache Refresh: Clearing code cache and fetching updated codes from database
2026-07-07 01:41:12.618 [INFO ] [scheduling-1] [c.cmn.cfg.service.ConfigCacheService] [TranId: ] [BizTranId: ] [TraceId: ] [SpanId: ] [DynLevel: ] - Scheduled config cache reload triggered
2026-07-07 01:41:12.618 [INFO ] [scheduling-1] [c.cmn.cfg.service.ConfigCacheService] [TranId: ] [BizTranId: ] [TraceId: ] [SpanId: ] [DynLevel: ] - Cache Refresh: Clearing config cache and fetching updated configs from database
2026-07-07 02:11:12.573 [INFO ] [scheduling-1] [c.c.msg.service.MessageCacheService] [TranId: ] [BizTranId: ] [TraceId: ] [SpanId: ] [DynLevel: ] - Scheduled cache reload triggered
2026-07-07 02:11:12.584 [INFO ] [scheduling-1] [c.c.msg.service.MessageCacheService] [TranId: ] [BizTranId: ] [TraceId: ] [SpanId: ] [DynLevel: ] - Cache Refresh: Clearing message cache and fetching updated messages from database
2026-07-07 02:11:12.594 [INFO ] [scheduling-1] [c.c.m.s.ResponseCodeCacheService] [TranId: ] [BizTranId: ] [TraceId: ] [SpanId: ] [DynLevel: ] - Cache Refresh: Clearing response code cache and fetching updated values
2026-07-07 02:11:12.601 [INFO ] [scheduling-1] [c.cmn.cde.service.CodeCacheService] [TranId: ] [BizTranId: ] [TraceId: ] [SpanId: ] [DynLevel: ] - Scheduled cache reload triggered
2026-07-07 02:11:12.601 [INFO ] [scheduling-1] [c.cmn.cde.service.CodeCacheService] [TranId: ] [BizTranId: ] [TraceId: ] [SpanId: ] [DynLevel: ] - Cache Refresh: Clearing code cache and fetching updated codes from database
2026-07-07 02:11:12.607 [INFO ] [scheduling-1] [c.cmn.cfg.service.ConfigCacheService] [TranId: ] [BizTranId: ] [TraceId: ] [SpanId: ] [DynLevel: ] - Scheduled config cache reload triggered
2026-07-07 02:11:12.608 [INFO ] [scheduling-1] [c.cmn.cfg.service.ConfigCacheService] [TranId: ] [BizTranId: ] [TraceId: ] [SpanId: ] [DynLevel: ] - Cache Refresh: Clearing config cache and fetching updated configs from database
2026-07-07 02:41:12.579 [INFO ] [scheduling-1] [c.c.msg.service.MessageCacheService] [TranId: ] [BizTranId: ] [TraceId: ] [SpanId: ] [DynLevel: ] - Scheduled cache reload triggered
2026-07-07 02:41:12.588 [INFO ] [scheduling-1] [c.c.msg.service.MessageCacheService] [TranId: ] [BizTranId: ] [TraceId: ] [SpanId: ] [DynLevel: ] - Cache Refresh: Clearing message cache and fetching updated messages from database
2026-07-07 02:41:12.591 [INFO ] [scheduling-1] [c.c.m.s.ResponseCodeCacheService] [TranId: ] [BizTranId: ] [TraceId: ] [SpanId: ] [DynLevel: ] - Cache Refresh: Clearing response code cache and fetching updated values
2026-07-07 02:41:12.595 [INFO ] [scheduling-1] [c.cmn.cde.service.CodeCacheService] [TranId: ] [BizTranId: ] [TraceId: ] [SpanId: ] [DynLevel: ] - Scheduled cache reload triggered
2026-07-07 02:41:12.596 [INFO ] [scheduling-1] [c.cmn.cde.service.CodeCacheService] [TranId: ] [BizTranId: ] [TraceId: ] [SpanId: ] [DynLevel: ] - Cache Refresh: Clearing code cache and fetching updated codes from database
2026-07-07 02:41:12.599 [INFO ] [scheduling-1] [c.cmn.cfg.service.ConfigCacheService] [TranId: ] [BizTranId: ] [TraceId: ] [SpanId: ] [DynLevel: ] - Scheduled config cache reload triggered
2026-07-07 02:41:12.600 [INFO ] [scheduling-1] [c.cmn.cfg.service.ConfigCacheService] [TranId: ] [BizTranId: ] [TraceId: ] [SpanId: ] [DynLevel: ] - Cache Refresh: Clearing config cache and fetching updated configs from database
2026-07-07 03:11:12.582 [INFO ] [scheduling-1] [c.c.msg.service.MessageCacheService] [TranId: ] [BizTranId: ] [TraceId: ] [SpanId: ] [DynLevel: ] - Scheduled cache reload triggered
2026-07-07 03:11:12.593 [INFO ] [scheduling-1] [c.c.msg.service.MessageCacheService] [TranId: ] [BizTranId: ] [TraceId: ] [SpanId: ] [DynLevel: ] - Cache Refresh: Clearing message cache and fetching updated messages from database
2026-07-07 03:11:12.600 [INFO ] [scheduling-1] [c.c.m.s.ResponseCodeCacheService] [TranId: ] [BizTranId: ] [TraceId: ] [SpanId: ] [DynLevel: ] - Cache Refresh: Clearing response code cache and fetching updated values
2026-07-07 03:11:12.604 [INFO ] [scheduling-1] [c.cmn.cde.service.CodeCacheService] [TranId: ] [BizTranId: ] [TraceId: ] [SpanId: ] [DynLevel: ] - Scheduled cache reload triggered
2026-07-07 03:11:12.605 [INFO ] [scheduling-1] [c.cmn.cde.service.CodeCacheService] [TranId: ] [BizTranId: ] [TraceId: ] [SpanId: ] [DynLevel: ] - Cache Refresh: Clearing code cache and fetching updated codes from database
2026-07-07 03:11:12.610 [INFO ] [scheduling-1] [c.cmn.cfg.service.ConfigCacheService] [TranId: ] [BizTranId: ] [TraceId: ] [SpanId: ] [DynLevel: ] - Scheduled config cache reload triggered
2026-07-07 03:11:12.611 [INFO ] [scheduling-1] [c.cmn.cfg.service.ConfigCacheService] [TranId: ] [BizTranId: ] [TraceId: ] [SpanId: ] [DynLevel: ] - Cache Refresh: Clearing config cache and fetching updated configs from database
2026-07-07 03:41:12.446 [INFO ] [scheduling-1] [c.c.msg.service.MessageCacheService] [TranId: ] [BizTranId: ] [TraceId: ] [SpanId: ] [DynLevel: ] - Scheduled cache reload triggered
2026-07-07 03:41:12.456 [INFO ] [scheduling-1] [c.c.msg.service.MessageCacheService] [TranId: ] [BizTranId: ] [TraceId: ] [SpanId: ] [DynLevel: ] - Cache Refresh: Clearing message cache and fetching updated messages from database
2026-07-07 03:41:12.462 [INFO ] [scheduling-1] [c.c.m.s.ResponseCodeCacheService] [TranId: ] [BizTranId: ] [TraceId: ] [SpanId: ] [DynLevel: ] - Cache Refresh: Clearing response code cache and fetching updated values
2026-07-07 03:41:12.468 [INFO ] [scheduling-1] [c.cmn.cde.service.CodeCacheService] [TranId: ] [BizTranId: ] [TraceId: ] [SpanId: ] [DynLevel: ] - Scheduled cache reload triggered
2026-07-07 03:41:12.469 [INFO ] [scheduling-1] [c.cmn.cde.service.CodeCacheService] [TranId: ] [BizTranId: ] [TraceId: ] [SpanId: ] [DynLevel: ] - Cache Refresh: Clearing code cache and fetching updated codes from database
2026-07-07 03:41:12.475 [INFO ] [scheduling-1] [c.cmn.cfg.service.ConfigCacheService] [TranId: ] [BizTranId: ] [TraceId: ] [SpanId: ] [DynLevel: ] - Scheduled config cache reload triggered
2026-07-07 03:41:12.476 [INFO ] [scheduling-1] [c.cmn.cfg.service.ConfigCacheService] [TranId: ] [BizTranId: ] [TraceId: ] [SpanId: ] [DynLevel: ] - Cache Refresh: Clearing config cache and fetching updated configs from database
2026-07-07 04:11:12.269 [INFO ] [scheduling-1] [c.c.msg.service.MessageCacheService] [TranId: ] [BizTranId: ] [TraceId: ] [SpanId: ] [DynLevel: ] - Scheduled cache reload triggered
2026-07-07 04:11:12.284 [INFO ] [scheduling-1] [c.c.msg.service.MessageCacheService] [TranId: ] [BizTranId: ] [TraceId: ] [SpanId: ] [DynLevel: ] - Cache Refresh: Clearing message cache and fetching updated messages from database
2026-07-07 04:11:12.290 [INFO ] [scheduling-1] [c.c.m.s.ResponseCodeCacheService] [TranId: ] [BizTranId: ] [TraceId: ] [SpanId: ] [DynLevel: ] - Cache Refresh: Clearing response code cache and fetching updated values
2026-07-07 04:11:12.298 [INFO ] [scheduling-1] [c.cmn.cde.service.CodeCacheService] [TranId: ] [BizTranId: ] [TraceId: ] [SpanId: ] [DynLevel: ] - Scheduled cache reload triggered
2026-07-07 04:11:12.299 [INFO ] [scheduling-1] [c.cmn.cde.service.CodeCacheService] [TranId: ] [BizTranId: ] [TraceId: ] [SpanId: ] [DynLevel: ] - Cache Refresh: Clearing code cache and fetching updated codes from database
2026-07-07 04:11:12.305 [INFO ] [scheduling-1] [c.cmn.cfg.service.ConfigCacheService] [TranId: ] [BizTranId: ] [TraceId: ] [SpanId: ] [DynLevel: ] - Scheduled config cache reload triggered
2026-07-07 04:11:12.306 [INFO ] [scheduling-1] [c.cmn.cfg.service.ConfigCacheService] [TranId: ] [BizTranId: ] [TraceId: ] [SpanId: ] [DynLevel: ] - Cache Refresh: Clearing config cache and fetching updated configs from database
2026-07-07 04:41:12.152 [INFO ] [scheduling-1] [c.c.msg.service.MessageCacheService] [TranId: ] [BizTranId: ] [TraceId: ] [SpanId: ] [DynLevel: ] - Scheduled cache reload triggered
2026-07-07 04:41:12.154 [INFO ] [scheduling-1] [c.c.msg.service.MessageCacheService] [TranId: ] [BizTranId: ] [TraceId: ] [SpanId: ] [DynLevel: ] - Cache Refresh: Clearing message cache and fetching updated messages from database
2026-07-07 04:41:12.159 [INFO ] [scheduling-1] [c.c.m.s.ResponseCodeCacheService] [TranId: ] [BizTranId: ] [TraceId: ] [SpanId: ] [DynLevel: ] - Cache Refresh: Clearing response code cache and fetching updated values
2026-07-07 04:41:12.164 [INFO ] [scheduling-1] [c.cmn.cde.service.CodeCacheService] [TranId: ] [BizTranId: ] [TraceId: ] [SpanId: ] [DynLevel: ] - Scheduled cache reload triggered
2026-07-07 04:41:12.164 [INFO ] [scheduling-1] [c.cmn.cde.service.CodeCacheService] [TranId: ] [BizTranId: ] [TraceId: ] [SpanId: ] [DynLevel: ] - Cache Refresh: Clearing code cache and fetching updated codes from database
2026-07-07 04:41:12.169 [INFO ] [scheduling-1] [c.cmn.cfg.service.ConfigCacheService] [TranId: ] [BizTranId: ] [TraceId: ] [SpanId: ] [DynLevel: ] - Scheduled config cache reload triggered
2026-07-07 04:41:12.170 [INFO ] [scheduling-1] [c.cmn.cfg.service.ConfigCacheService] [TranId: ] [BizTranId: ] [TraceId: ] [SpanId: ] [DynLevel: ] - Cache Refresh: Clearing config cache and fetching updated configs from database
2026-07-07 05:11:12.086 [INFO ] [scheduling-1] [c.c.msg.service.MessageCacheService] [TranId: ] [BizTranId: ] [TraceId: ] [SpanId: ] [DynLevel: ] - Scheduled cache reload triggered
2026-07-07 05:11:12.096 [INFO ] [scheduling-1] [c.c.msg.service.MessageCacheService] [TranId: ] [BizTranId: ] [TraceId: ] [SpanId: ] [DynLevel: ] - Cache Refresh: Clearing message cache and fetching updated messages from database
2026-07-07 05:11:12.103 [INFO ] [scheduling-1] [c.c.m.s.ResponseCodeCacheService] [TranId: ] [BizTranId: ] [TraceId: ] [SpanId: ] [DynLevel: ] - Cache Refresh: Clearing response code cache and fetching updated values
2026-07-07 05:11:12.110 [INFO ] [scheduling-1] [c.cmn.cde.service.CodeCacheService] [TranId: ] [BizTranId: ] [TraceId: ] [SpanId: ] [DynLevel: ] - Scheduled cache reload triggered
2026-07-07 05:11:12.111 [INFO ] [scheduling-1] [c.cmn.cde.service.CodeCacheService] [TranId: ] [BizTranId: ] [TraceId: ] [SpanId: ] [DynLevel: ] - Cache Refresh: Clearing code cache and fetching updated codes from database
2026-07-07 05:11:12.117 [INFO ] [scheduling-1] [c.cmn.cfg.service.ConfigCacheService] [TranId: ] [BizTranId: ] [TraceId: ] [SpanId: ] [DynLevel: ] - Scheduled config cache reload triggered
2026-07-07 05:11:12.117 [INFO ] [scheduling-1] [c.cmn.cfg.service.ConfigCacheService] [TranId: ] [BizTranId: ] [TraceId: ] [SpanId: ] [DynLevel: ] - Cache Refresh: Clearing config cache and fetching updated configs from database
2026-07-07 05:41:12.051 [INFO ] [scheduling-1] [c.c.msg.service.MessageCacheService] [TranId: ] [BizTranId: ] [TraceId: ] [SpanId: ] [DynLevel: ] - Scheduled cache reload triggered
2026-07-07 05:41:12.062 [INFO ] [scheduling-1] [c.c.msg.service.MessageCacheService] [TranId: ] [BizTranId: ] [TraceId: ] [SpanId: ] [DynLevel: ] - Cache Refresh: Clearing message cache and fetching updated messages from database
2026-07-07 05:41:12.070 [INFO ] [scheduling-1] [c.c.m.s.ResponseCodeCacheService] [TranId: ] [BizTranId: ] [TraceId: ] [SpanId: ] [DynLevel: ] - Cache Refresh: Clearing response code cache and fetching updated values
2026-07-07 05:41:12.077 [INFO ] [scheduling-1] [c.cmn.cde.service.CodeCacheService] [TranId: ] [BizTranId: ] [TraceId: ] [SpanId: ] [DynLevel: ] - Scheduled cache reload triggered
2026-07-07 05:41:12.077 [INFO ] [scheduling-1] [c.cmn.cde.service.CodeCacheService] [TranId: ] [BizTranId: ] [TraceId: ] [SpanId: ] [DynLevel: ] - Cache Refresh: Clearing code cache and fetching updated codes from database
2026-07-07 05:41:12.083 [INFO ] [scheduling-1] [c.cmn.cfg.service.ConfigCacheService] [TranId: ] [BizTranId: ] [TraceId: ] [SpanId: ] [DynLevel: ] - Scheduled config cache reload triggered
2026-07-07 05:41:12.083 [INFO ] [scheduling-1] [c.cmn.cfg.service.ConfigCacheService] [TranId: ] [BizTranId: ] [TraceId: ] [SpanId: ] [DynLevel: ] - Cache Refresh: Clearing config cache and fetching updated configs from database
2026-07-07 06:11:12.034 [INFO ] [scheduling-1] [c.c.msg.service.MessageCacheService] [TranId: ] [BizTranId: ] [TraceId: ] [SpanId: ] [DynLevel: ] - Scheduled cache reload triggered
2026-07-07 06:11:12.043 [INFO ] [scheduling-1] [c.c.msg.service.MessageCacheService] [TranId: ] [BizTranId: ] [TraceId: ] [SpanId: ] [DynLevel: ] - Cache Refresh: Clearing message cache and fetching updated messages from database
2026-07-07 06:11:12.051 [INFO ] [scheduling-1] [c.c.m.s.ResponseCodeCacheService] [TranId: ] [BizTranId: ] [TraceId: ] [SpanId: ] [DynLevel: ] - Cache Refresh: Clearing response code cache and fetching updated values
2026-07-07 06:11:12.055 [INFO ] [scheduling-1] [c.cmn.cde.service.CodeCacheService] [TranId: ] [BizTranId: ] [TraceId: ] [SpanId: ] [DynLevel: ] - Scheduled cache reload triggered
2026-07-07 06:11:12.056 [INFO ] [scheduling-1] [c.cmn.cde.service.CodeCacheService] [TranId: ] [BizTranId: ] [TraceId: ] [SpanId: ] [DynLevel: ] - Cache Refresh: Clearing code cache and fetching updated codes from database
2026-07-07 06:11:12.062 [INFO ] [scheduling-1] [c.cmn.cfg.service.ConfigCacheService] [TranId: ] [BizTranId: ] [TraceId: ] [SpanId: ] [DynLevel: ] - Scheduled config cache reload triggered
2026-07-07 06:11:12.063 [INFO ] [scheduling-1] [c.cmn.cfg.service.ConfigCacheService] [TranId: ] [BizTranId: ] [TraceId: ] [SpanId: ] [DynLevel: ] - Cache Refresh: Clearing config cache and fetching updated configs from database
2026-07-07 06:41:12.014 [INFO ] [scheduling-1] [c.c.msg.service.MessageCacheService] [TranId: ] [BizTranId: ] [TraceId: ] [SpanId: ] [DynLevel: ] - Scheduled cache reload triggered
2026-07-07 06:41:12.031 [INFO ] [scheduling-1] [c.c.msg.service.MessageCacheService] [TranId: ] [BizTranId: ] [TraceId: ] [SpanId: ] [DynLevel: ] - Cache Refresh: Clearing message cache and fetching updated messages from database
2026-07-07 06:41:12.042 [INFO ] [scheduling-1] [c.c.m.s.ResponseCodeCacheService] [TranId: ] [BizTranId: ] [TraceId: ] [SpanId: ] [DynLevel: ] - Cache Refresh: Clearing response code cache and fetching updated values
2026-07-07 06:41:12.047 [INFO ] [scheduling-1] [c.cmn.cde.service.CodeCacheService] [TranId: ] [BizTranId: ] [TraceId: ] [SpanId: ] [DynLevel: ] - Scheduled cache reload triggered
2026-07-07 06:41:12.048 [INFO ] [scheduling-1] [c.cmn.cde.service.CodeCacheService] [TranId: ] [BizTranId: ] [TraceId: ] [SpanId: ] [DynLevel: ] - Cache Refresh: Clearing code cache and fetching updated codes from database
2026-07-07 06:41:12.053 [INFO ] [scheduling-1] [c.cmn.cfg.service.ConfigCacheService] [TranId: ] [BizTranId: ] [TraceId: ] [SpanId: ] [DynLevel: ] - Scheduled config cache reload triggered
2026-07-07 06:41:12.053 [INFO ] [scheduling-1] [c.cmn.cfg.service.ConfigCacheService] [TranId: ] [BizTranId: ] [TraceId: ] [SpanId: ] [DynLevel: ] - Cache Refresh: Clearing config cache and fetching updated configs from database
2026-07-07 07:11:11.998 [INFO ] [scheduling-1] [c.c.msg.service.MessageCacheService] [TranId: ] [BizTranId: ] [TraceId: ] [SpanId: ] [DynLevel: ] - Scheduled cache reload triggered
2026-07-07 07:11:11.999 [INFO ] [scheduling-1] [c.c.msg.service.MessageCacheService] [TranId: ] [BizTranId: ] [TraceId: ] [SpanId: ] [DynLevel: ] - Cache Refresh: Clearing message cache and fetching updated messages from database
2026-07-07 07:11:12.011 [INFO ] [scheduling-1] [c.c.m.s.ResponseCodeCacheService] [TranId: ] [BizTranId: ] [TraceId: ] [SpanId: ] [DynLevel: ] - Cache Refresh: Clearing response code cache and fetching updated values
2026-07-07 07:11:12.017 [INFO ] [scheduling-1] [c.cmn.cde.service.CodeCacheService] [TranId: ] [BizTranId: ] [TraceId: ] [SpanId: ] [DynLevel: ] - Scheduled cache reload triggered
2026-07-07 07:11:12.018 [INFO ] [scheduling-1] [c.cmn.cde.service.CodeCacheService] [TranId: ] [BizTranId: ] [TraceId: ] [SpanId: ] [DynLevel: ] - Cache Refresh: Clearing code cache and fetching updated codes from database
2026-07-07 07:11:12.021 [INFO ] [scheduling-1] [c.cmn.cfg.service.ConfigCacheService] [TranId: ] [BizTranId: ] [TraceId: ] [SpanId: ] [DynLevel: ] - Scheduled config cache reload triggered
2026-07-07 07:11:12.023 [INFO ] [scheduling-1] [c.cmn.cfg.service.ConfigCacheService] [TranId: ] [BizTranId: ] [TraceId: ] [SpanId: ] [DynLevel: ] - Cache Refresh: Clearing config cache and fetching updated configs from database
2026-07-07 07:41:11.989 [INFO ] [scheduling-1] [c.c.msg.service.MessageCacheService] [TranId: ] [BizTranId: ] [TraceId: ] [SpanId: ] [DynLevel: ] - Scheduled cache reload triggered
2026-07-07 07:41:11.998 [INFO ] [scheduling-1] [c.c.msg.service.MessageCacheService] [TranId: ] [BizTranId: ] [TraceId: ] [SpanId: ] [DynLevel: ] - Cache Refresh: Clearing message cache and fetching updated messages from database
2026-07-07 07:41:12.000 [INFO ] [scheduling-1] [c.c.m.s.ResponseCodeCacheService] [TranId: ] [BizTranId: ] [TraceId: ] [SpanId: ] [DynLevel: ] - Cache Refresh: Clearing response code cache and fetching updated values
2026-07-07 07:41:12.001 [INFO ] [scheduling-1] [c.cmn.cde.service.CodeCacheService] [TranId: ] [BizTranId: ] [TraceId: ] [SpanId: ] [DynLevel: ] - Scheduled cache reload triggered
2026-07-07 07:41:12.002 [INFO ] [scheduling-1] [c.cmn.cde.service.CodeCacheService] [TranId: ] [BizTranId: ] [TraceId: ] [SpanId: ] [DynLevel: ] - Cache Refresh: Clearing code cache and fetching updated codes from database
2026-07-07 07:41:12.003 [INFO ] [scheduling-1] [c.cmn.cfg.service.ConfigCacheService] [TranId: ] [BizTranId: ] [TraceId: ] [SpanId: ] [DynLevel: ] - Scheduled config cache reload triggered
2026-07-07 07:41:12.003 [INFO ] [scheduling-1] [c.cmn.cfg.service.ConfigCacheService] [TranId: ] [BizTranId: ] [TraceId: ] [SpanId: ] [DynLevel: ] - Cache Refresh: Clearing config cache and fetching updated configs from database
2026-07-07 08:11:11.968 [INFO ] [scheduling-1] [c.c.msg.service.MessageCacheService] [TranId: ] [BizTranId: ] [TraceId: ] [SpanId: ] [DynLevel: ] - Scheduled cache reload triggered
2026-07-07 08:11:11.979 [INFO ] [scheduling-1] [c.c.msg.service.MessageCacheService] [TranId: ] [BizTranId: ] [TraceId: ] [SpanId: ] [DynLevel: ] - Cache Refresh: Clearing message cache and fetching updated messages from database
2026-07-07 08:11:11.988 [INFO ] [scheduling-1] [c.c.m.s.ResponseCodeCacheService] [TranId: ] [BizTranId: ] [TraceId: ] [SpanId: ] [DynLevel: ] - Cache Refresh: Clearing response code cache and fetching updated values
2026-07-07 08:11:11.992 [INFO ] [scheduling-1] [c.cmn.cde.service.CodeCacheService] [TranId: ] [BizTranId: ] [TraceId: ] [SpanId: ] [DynLevel: ] - Scheduled cache reload triggered
2026-07-07 08:11:11.993 [INFO ] [scheduling-1] [c.cmn.cde.service.CodeCacheService] [TranId: ] [BizTranId: ] [TraceId: ] [SpanId: ] [DynLevel: ] - Cache Refresh: Clearing code cache and fetching updated codes from database
2026-07-07 08:11:12.002 [INFO ] [scheduling-1] [c.cmn.cfg.service.ConfigCacheService] [TranId: ] [BizTranId: ] [TraceId: ] [SpanId: ] [DynLevel: ] - Scheduled config cache reload triggered
2026-07-07 08:11:12.002 [INFO ] [scheduling-1] [c.cmn.cfg.service.ConfigCacheService] [TranId: ] [BizTranId: ] [TraceId: ] [SpanId: ] [DynLevel: ] - Cache Refresh: Clearing config cache and fetching updated configs from database
2026-07-07 08:41:11.956 [INFO ] [scheduling-1] [c.c.msg.service.MessageCacheService] [TranId: ] [BizTranId: ] [TraceId: ] [SpanId: ] [DynLevel: ] - Scheduled cache reload triggered
2026-07-07 08:41:11.964 [INFO ] [scheduling-1] [c.c.msg.service.MessageCacheService] [TranId: ] [BizTranId: ] [TraceId: ] [SpanId: ] [DynLevel: ] - Cache Refresh: Clearing message cache and fetching updated messages from database
2026-07-07 08:41:11.974 [INFO ] [scheduling-1] [c.c.m.s.ResponseCodeCacheService] [TranId: ] [BizTranId: ] [TraceId: ] [SpanId: ] [DynLevel: ] - Cache Refresh: Clearing response code cache and fetching updated values
2026-07-07 08:41:11.979 [INFO ] [scheduling-1] [c.cmn.cde.service.CodeCacheService] [TranId: ] [BizTranId: ] [TraceId: ] [SpanId: ] [DynLevel: ] - Scheduled cache reload triggered
2026-07-07 08:41:11.980 [INFO ] [scheduling-1] [c.cmn.cde.service.CodeCacheService] [TranId: ] [BizTranId: ] [TraceId: ] [SpanId: ] [DynLevel: ] - Cache Refresh: Clearing code cache and fetching updated codes from database
2026-07-07 08:41:11.986 [INFO ] [scheduling-1] [c.cmn.cfg.service.ConfigCacheService] [TranId: ] [BizTranId: ] [TraceId: ] [SpanId: ] [DynLevel: ] - Scheduled config cache reload triggered
2026-07-07 08:41:11.986 [INFO ] [scheduling-1] [c.cmn.cfg.service.ConfigCacheService] [TranId: ] [BizTranId: ] [TraceId: ] [SpanId: ] [DynLevel: ] - Cache Refresh: Clearing config cache and fetching updated configs from database
2026-07-07 09:11:11.943 [INFO ] [scheduling-1] [c.c.msg.service.MessageCacheService] [TranId: ] [BizTranId: ] [TraceId: ] [SpanId: ] [DynLevel: ] - Scheduled cache reload triggered
2026-07-07 09:11:11.953 [INFO ] [scheduling-1] [c.c.msg.service.MessageCacheService] [TranId: ] [BizTranId: ] [TraceId: ] [SpanId: ] [DynLevel: ] - Cache Refresh: Clearing message cache and fetching updated messages from database
2026-07-07 09:11:11.958 [INFO ] [scheduling-1] [c.c.m.s.ResponseCodeCacheService] [TranId: ] [BizTranId: ] [TraceId: ] [SpanId: ] [DynLevel: ] - Cache Refresh: Clearing response code cache and fetching updated values
2026-07-07 09:11:11.964 [INFO ] [scheduling-1] [c.cmn.cde.service.CodeCacheService] [TranId: ] [BizTranId: ] [TraceId: ] [SpanId: ] [DynLevel: ] - Scheduled cache reload triggered
2026-07-07 09:11:11.964 [INFO ] [scheduling-1] [c.cmn.cde.service.CodeCacheService] [TranId: ] [BizTranId: ] [TraceId: ] [SpanId: ] [DynLevel: ] - Cache Refresh: Clearing code cache and fetching updated codes from database
2026-07-07 09:11:11.970 [INFO ] [scheduling-1] [c.cmn.cfg.service.ConfigCacheService] [TranId: ] [BizTranId: ] [TraceId: ] [SpanId: ] [DynLevel: ] - Scheduled config cache reload triggered
2026-07-07 09:11:11.970 [INFO ] [scheduling-1] [c.cmn.cfg.service.ConfigCacheService] [TranId: ] [BizTranId: ] [TraceId: ] [SpanId: ] [DynLevel: ] - Cache Refresh: Clearing config cache and fetching updated configs from database
2026-07-07 09:41:11.967 [INFO ] [scheduling-1] [c.c.msg.service.MessageCacheService] [TranId: ] [BizTranId: ] [TraceId: ] [SpanId: ] [DynLevel: ] - Scheduled cache reload triggered
2026-07-07 09:41:11.975 [INFO ] [scheduling-1] [c.c.msg.service.MessageCacheService] [TranId: ] [BizTranId: ] [TraceId: ] [SpanId: ] [DynLevel: ] - Cache Refresh: Clearing message cache and fetching updated messages from database
2026-07-07 09:41:11.981 [INFO ] [scheduling-1] [c.c.m.s.ResponseCodeCacheService] [TranId: ] [BizTranId: ] [TraceId: ] [SpanId: ] [DynLevel: ] - Cache Refresh: Clearing response code cache and fetching updated values
2026-07-07 09:41:11.984 [INFO ] [scheduling-1] [c.cmn.cde.service.CodeCacheService] [TranId: ] [BizTranId: ] [TraceId: ] [SpanId: ] [DynLevel: ] - Scheduled cache reload triggered
2026-07-07 09:41:11.984 [INFO ] [scheduling-1] [c.cmn.cde.service.CodeCacheService] [TranId: ] [BizTranId: ] [TraceId: ] [SpanId: ] [DynLevel: ] - Cache Refresh: Clearing code cache and fetching updated codes from database
2026-07-07 09:41:11.987 [INFO ] [scheduling-1] [c.cmn.cfg.service.ConfigCacheService] [TranId: ] [BizTranId: ] [TraceId: ] [SpanId: ] [DynLevel: ] - Scheduled config cache reload triggered
2026-07-07 09:41:11.987 [INFO ] [scheduling-1] [c.cmn.cfg.service.ConfigCacheService] [TranId: ] [BizTranId: ] [TraceId: ] [SpanId: ] [DynLevel: ] - Cache Refresh: Clearing config cache and fetching updated configs from database
2026-07-07 10:11:11.991 [INFO ] [scheduling-1] [c.c.msg.service.MessageCacheService] [TranId: ] [BizTranId: ] [TraceId: ] [SpanId: ] [DynLevel: ] - Scheduled cache reload triggered
2026-07-07 10:11:12.002 [INFO ] [scheduling-1] [c.c.msg.service.MessageCacheService] [TranId: ] [BizTranId: ] [TraceId: ] [SpanId: ] [DynLevel: ] - Cache Refresh: Clearing message cache and fetching updated messages from database
2026-07-07 10:11:12.008 [INFO ] [scheduling-1] [c.c.m.s.ResponseCodeCacheService] [TranId: ] [BizTranId: ] [TraceId: ] [SpanId: ] [DynLevel: ] - Cache Refresh: Clearing response code cache and fetching updated values
2026-07-07 10:11:12.012 [INFO ] [scheduling-1] [c.cmn.cde.service.CodeCacheService] [TranId: ] [BizTranId: ] [TraceId: ] [SpanId: ] [DynLevel: ] - Scheduled cache reload triggered
2026-07-07 10:11:12.013 [INFO ] [scheduling-1] [c.cmn.cde.service.CodeCacheService] [TranId: ] [BizTranId: ] [TraceId: ] [SpanId: ] [DynLevel: ] - Cache Refresh: Clearing code cache and fetching updated codes from database
2026-07-07 10:11:12.018 [INFO ] [scheduling-1] [c.cmn.cfg.service.ConfigCacheService] [TranId: ] [BizTranId: ] [TraceId: ] [SpanId: ] [DynLevel: ] - Scheduled config cache reload triggered
2026-07-07 10:11:12.018 [INFO ] [scheduling-1] [c.cmn.cfg.service.ConfigCacheService] [TranId: ] [BizTranId: ] [TraceId: ] [SpanId: ] [DynLevel: ] - Cache Refresh: Clearing config cache and fetching updated configs from database
2026-07-07 11:08:28.150 [INFO ] [background-preinit] [o.h.validator.internal.util.Version] [TranId: ] [BizTranId: ] [TraceId: ] [SpanId: ] [DynLevel: ] - HV000001: Hibernate Validator 8.0.3.Final
2026-07-07 11:08:28.213 [INFO ] [main] [cpf.mbr.MbrApplication] [TranId: ] [BizTranId: ] [TraceId: ] [SpanId: ] [DynLevel: ] - Starting MbrApplication v1.0.0 using Java 21.0.7 with PID 33628 (D:\WORK_CPF\202412_01_CPF\mbr\build\libs\mbr-1.0.0.jar started by 11096 in D:\WORK_CPF\202412_01_CPF)
2026-07-07 11:08:28.216 [INFO ] [main] [cpf.mbr.MbrApplication] [TranId: ] [BizTranId: ] [TraceId: ] [SpanId: ] [DynLevel: ] - No active profile set, falling back to 1 default profile: "default"
2026-07-07 11:08:32.003 [INFO ] [main] [o.s.b.w.e.tomcat.TomcatWebServer] [TranId: ] [BizTranId: ] [TraceId: ] [SpanId: ] [DynLevel: ] - Tomcat initialized with port 8081 (http)
2026-07-07 11:08:32.038 [INFO ] [main] [o.a.coyote.http11.Http11NioProtocol] [TranId: ] [BizTranId: ] [TraceId: ] [SpanId: ] [DynLevel: ] - Initializing ProtocolHandler ["http-nio-8081"]
2026-07-07 11:08:32.045 [INFO ] [main] [o.a.catalina.core.StandardService] [TranId: ] [BizTranId: ] [TraceId: ] [SpanId: ] [DynLevel: ] - Starting service [Tomcat]
2026-07-07 11:08:32.046 [INFO ] [main] [o.a.catalina.core.StandardEngine] [TranId: ] [BizTranId: ] [TraceId: ] [SpanId: ] [DynLevel: ] - Starting Servlet engine: [Apache Tomcat/10.1.50]
2026-07-07 11:08:32.167 [INFO ] [main] [o.a.c.c.C.[Tomcat].[localhost].[/]] [TranId: ] [BizTranId: ] [TraceId: ] [SpanId: ] [DynLevel: ] - Initializing Spring embedded WebApplicationContext
2026-07-07 11:08:32.172 [INFO ] [main] [o.s.b.w.s.c.ServletWebServerApplicationContext] [TranId: ] [BizTranId: ] [TraceId: ] [SpanId: ] [DynLevel: ] - Root WebApplicationContext: initialization completed in 3908 ms
2026-07-07 11:08:34.384 [INFO ] [main] [c.c.msg.service.MessageCacheService] [TranId: ] [BizTranId: ] [TraceId: ] [SpanId: ] [DynLevel: ] - Initializing message cache at startup
2026-07-07 11:08:34.394 [INFO ] [main] [c.c.msg.service.MessageCacheService] [TranId: ] [BizTranId: ] [TraceId: ] [SpanId: ] [DynLevel: ] - Cache Miss: Fetching all messages from database
2026-07-07 11:08:34.430 [INFO ] [main] [com.zaxxer.hikari.HikariDataSource] [TranId: ] [BizTranId: ] [TraceId: ] [SpanId: ] [DynLevel: ] - HikariPool-1 - Starting...
2026-07-07 11:08:34.709 [INFO ] [main] [com.zaxxer.hikari.pool.HikariPool] [TranId: ] [BizTranId: ] [TraceId: ] [SpanId: ] [DynLevel: ] - HikariPool-1 - Added connection org.mariadb.jdbc.Connection@59b98ad1
2026-07-07 11:08:34.723 [INFO ] [main] [com.zaxxer.hikari.HikariDataSource] [TranId: ] [BizTranId: ] [TraceId: ] [SpanId: ] [DynLevel: ] - HikariPool-1 - Start completed.
2026-07-07 11:08:35.074 [INFO ] [main] [c.c.m.s.ResponseCodeCacheService] [TranId: ] [BizTranId: ] [TraceId: ] [SpanId: ] [DynLevel: ] - Cache Miss: Fetching all response codes from database
2026-07-07 11:08:35.682 [INFO ] [main] [c.cmn.cde.service.CodeCacheService] [TranId: ] [BizTranId: ] [TraceId: ] [SpanId: ] [DynLevel: ] - Initializing code cache at startup
2026-07-07 11:08:35.692 [INFO ] [main] [c.cmn.cde.service.CodeCacheService] [TranId: ] [BizTranId: ] [TraceId: ] [SpanId: ] [DynLevel: ] - Cache Miss: Fetching all codes from database
2026-07-07 11:08:35.772 [INFO ] [main] [c.cmn.cfg.service.ConfigCacheService] [TranId: ] [BizTranId: ] [TraceId: ] [SpanId: ] [DynLevel: ] - Initializing config cache at startup
2026-07-07 11:08:35.773 [INFO ] [main] [c.cmn.cfg.service.ConfigCacheService] [TranId: ] [BizTranId: ] [TraceId: ] [SpanId: ] [DynLevel: ] - Cache Miss: Fetching all configs from database
2026-07-07 11:08:35.902 [INFO ] [main] [c.c.r.s.CacheRefreshEventListener] [TranId: ] [BizTranId: ] [TraceId: ] [SpanId: ] [DynLevel: ] - CMN cache refresh event listener started. lastEventId=1
2026-07-07 11:08:42.429 [INFO ] [main] [o.a.coyote.http11.Http11NioProtocol] [TranId: ] [BizTranId: ] [TraceId: ] [SpanId: ] [DynLevel: ] - Starting ProtocolHandler ["http-nio-8081"]
2026-07-07 11:08:42.531 [INFO ] [main] [o.s.b.w.e.tomcat.TomcatWebServer] [TranId: ] [BizTranId: ] [TraceId: ] [SpanId: ] [DynLevel: ] - Tomcat started on port 8081 (http) with context path '/'
2026-07-07 11:08:42.627 [INFO ] [main] [cpf.mbr.MbrApplication] [TranId: ] [BizTranId: ] [TraceId: ] [SpanId: ] [DynLevel: ] - Started MbrApplication in 15.166 seconds (process running for 15.807)
2026-07-07 11:08:43.104 [INFO ] [http-nio-8081-exec-2] [o.a.c.c.C.[Tomcat].[localhost].[/]] [TranId: ] [BizTranId: ] [TraceId: ] [SpanId: ] [DynLevel: ] - Initializing Spring DispatcherServlet 'dispatcherServlet'
2026-07-07 11:08:43.115 [INFO ] [http-nio-8081-exec-2] [o.s.web.servlet.DispatcherServlet] [TranId: ] [BizTranId: ] [TraceId: ] [SpanId: ] [DynLevel: ] - Initializing Servlet 'dispatcherServlet'
2026-07-07 11:08:43.123 [INFO ] [http-nio-8081-exec-2] [o.s.web.servlet.DispatcherServlet] [TranId: ] [BizTranId: ] [TraceId: ] [SpanId: ] [DynLevel: ] - Completed initialization in 7 ms
2026-07-07 11:08:44.398 [INFO ] [http-nio-8081-exec-2] [o.s.api.AbstractOpenApiResource] [TranId: 20260707110843129MBRlocal010000001] [BizTranId: ] [TraceId: bce24e0b-e078-4ccc-9bb8-00aa021c5505] [SpanId: SPN-8498de32-6129-4b3e-a0ec-7d3847164ae8] [DynLevel: ] - Init duration for springdoc-openapi is: 1172 ms
2026-07-07 11:16:51.674 [INFO ] [http-nio-8081-exec-7] [com.zaxxer.hikari.HikariDataSource] [TranId: 20260707111651358ACCsmoke010000001] [BizTranId: ] [TraceId: 8279bf1d9a0a401581dd64a29642a1ba] [SpanId: SPN-17e6673b-6c72-49a7-99d4-3d4617b5e752] [DynLevel: ] - HikariPool-2 - Starting...
2026-07-07 11:16:51.686 [INFO ] [http-nio-8081-exec-7] [com.zaxxer.hikari.pool.HikariPool] [TranId: 20260707111651358ACCsmoke010000001] [BizTranId: ] [TraceId: 8279bf1d9a0a401581dd64a29642a1ba] [SpanId: SPN-17e6673b-6c72-49a7-99d4-3d4617b5e752] [DynLevel: ] - HikariPool-2 - Added connection org.mariadb.jdbc.Connection@3baafbc3
2026-07-07 11:16:51.687 [INFO ] [http-nio-8081-exec-7] [com.zaxxer.hikari.HikariDataSource] [TranId: 20260707111651358ACCsmoke010000001] [BizTranId: ] [TraceId: 8279bf1d9a0a401581dd64a29642a1ba] [SpanId: SPN-17e6673b-6c72-49a7-99d4-3d4617b5e752] [DynLevel: ] - HikariPool-2 - Start completed.
2026-07-07 11:16:51.727 [INFO ] [http-nio-8081-exec-7] [c.pfw.common.logging.LoggingAspect] [TranId: 20260707111651358ACCsmoke010000001] [BizTranId: MBR09EDU0001] [TraceId: 8279bf1d9a0a401581dd64a29642a1ba] [SpanId: SPN-17e6673b-6c72-49a7-99d4-3d4617b5e752] [DynLevel: ] - Transaction started. transactionId=20260707111651358ACCsmoke010000001, businessTransactionId=MBR09EDU0001, businessTransactionName=MBRCompositeMemberProfile, traceId=8279bf1d9a0a401581dd64a29642a1ba, spanId=SPN-17e6673b-6c72-49a7-99d4-3d4617b5e752, moduleId=MBR, sequenceNo=1, workflowInstanceId=None, workflowStepId=None, method=GET, uri=/mbr/edu/composite/member-profile?memberId=1, controller=MbrCompositeEducationController.memberProfile(..), executionClass=cpf.mbr.bse.controller.MbrCompositeEducationController, executionMethod=memberProfile, clientIp=127.0.0.1, parameters=memberId=1, requestBody=null
2026-07-07 11:16:51.839 [INFO ] [http-nio-8081-exec-7] [com.zaxxer.hikari.HikariDataSource] [TranId: 20260707111651358ACCsmoke010000001] [BizTranId: MBR09EDU0001] [TraceId: 8279bf1d9a0a401581dd64a29642a1ba] [SpanId: SPN-17e6673b-6c72-49a7-99d4-3d4617b5e752] [DynLevel: ] - HikariPool-3 - Starting...
2026-07-07 11:16:51.847 [INFO ] [http-nio-8081-exec-7] [com.zaxxer.hikari.pool.HikariPool] [TranId: 20260707111651358ACCsmoke010000001] [BizTranId: MBR09EDU0001] [TraceId: 8279bf1d9a0a401581dd64a29642a1ba] [SpanId: SPN-17e6673b-6c72-49a7-99d4-3d4617b5e752] [DynLevel: ] - HikariPool-3 - Added connection org.mariadb.jdbc.Connection@2201cb6e
2026-07-07 11:16:51.848 [INFO ] [http-nio-8081-exec-7] [com.zaxxer.hikari.HikariDataSource] [TranId: 20260707111651358ACCsmoke010000001] [BizTranId: MBR09EDU0001] [TraceId: 8279bf1d9a0a401581dd64a29642a1ba] [SpanId: SPN-17e6673b-6c72-49a7-99d4-3d4617b5e752] [DynLevel: ] - HikariPool-3 - Start completed.
2026-07-07 11:16:52.019 [INFO ] [http-nio-8081-exec-7] [c.pfw.common.logging.LoggingAspect] [TranId: 20260707111651358ACCsmoke010000001] [BizTranId: MBR09EDU0001] [TraceId: 8279bf1d9a0a401581dd64a29642a1ba] [SpanId: SPN-17e6673b-6c72-49a7-99d4-3d4617b5e752] [DynLevel: ] - Transaction completed. transactionId=20260707111651358ACCsmoke010000001, traceId=8279bf1d9a0a401581dd64a29642a1ba, spanId=SPN-17e6673b-6c72-49a7-99d4-3d4617b5e752, moduleId=MBR, sequenceNo=1, workflowStatus=NONE, compensationYn=N, httpStatus=200, responseCode=SMBR000000, messageCode=MMBR000000, durationMs=336
2026-07-07 11:16:59.592 [INFO ] [http-nio-8081-exec-8] [c.pfw.common.logging.LoggingAspect] [TranId: 20260707111659433ADMadmgrp10000001] [BizTranId: MBR09EDU0001] [TraceId: b9458b76be2440f3bd505765d696547d] [SpanId: SPN-ab8fc6e6-7b74-48c6-ab02-e0aee601142b] [DynLevel: ] - Transaction started. transactionId=20260707111659433ADMadmgrp10000001, businessTransactionId=MBR09EDU0001, businessTransactionName=MBRCompositeMemberProfile, traceId=b9458b76be2440f3bd505765d696547d, spanId=SPN-ab8fc6e6-7b74-48c6-ab02-e0aee601142b, moduleId=MBR, sequenceNo=1, workflowInstanceId=None, workflowStepId=None, method=GET, uri=/mbr/edu/composite/member-profile?memberId=1, controller=MbrCompositeEducationController.memberProfile(..), executionClass=cpf.mbr.bse.controller.MbrCompositeEducationController, executionMethod=memberProfile, clientIp=127.0.0.1, parameters=memberId=1, requestBody=null
2026-07-07 11:16:59.629 [INFO ] [http-nio-8081-exec-8] [c.pfw.common.logging.LoggingAspect] [TranId: 20260707111659433ADMadmgrp10000001] [BizTranId: MBR09EDU0001] [TraceId: b9458b76be2440f3bd505765d696547d] [SpanId: SPN-ab8fc6e6-7b74-48c6-ab02-e0aee601142b] [DynLevel: ] - Transaction completed. transactionId=20260707111659433ADMadmgrp10000001, traceId=b9458b76be2440f3bd505765d696547d, spanId=SPN-ab8fc6e6-7b74-48c6-ab02-e0aee601142b, moduleId=MBR, sequenceNo=1, workflowStatus=NONE, compensationYn=N, httpStatus=200, responseCode=SMBR000000, messageCode=MMBR000000, durationMs=28
2026-07-07 11:38:42.613 [INFO ] [scheduling-1] [c.c.msg.service.MessageCacheService] [TranId: ] [BizTranId: ] [TraceId: ] [SpanId: ] [DynLevel: ] - Scheduled cache reload triggered
2026-07-07 11:38:42.615 [INFO ] [scheduling-1] [c.c.msg.service.MessageCacheService] [TranId: ] [BizTranId: ] [TraceId: ] [SpanId: ] [DynLevel: ] - Cache Refresh: Clearing message cache and fetching updated messages from database
2026-07-07 11:38:42.633 [INFO ] [scheduling-1] [c.c.m.s.ResponseCodeCacheService] [TranId: ] [BizTranId: ] [TraceId: ] [SpanId: ] [DynLevel: ] - Cache Refresh: Clearing response code cache and fetching updated values
2026-07-07 11:38:42.649 [INFO ] [scheduling-1] [c.cmn.cde.service.CodeCacheService] [TranId: ] [BizTranId: ] [TraceId: ] [SpanId: ] [DynLevel: ] - Scheduled cache reload triggered
2026-07-07 11:38:42.650 [INFO ] [scheduling-1] [c.cmn.cde.service.CodeCacheService] [TranId: ] [BizTranId: ] [TraceId: ] [SpanId: ] [DynLevel: ] - Cache Refresh: Clearing code cache and fetching updated codes from database
2026-07-07 11:38:42.669 [INFO ] [scheduling-1] [c.cmn.cfg.service.ConfigCacheService] [TranId: ] [BizTranId: ] [TraceId: ] [SpanId: ] [DynLevel: ] - Scheduled config cache reload triggered
2026-07-07 11:38:42.670 [INFO ] [scheduling-1] [c.cmn.cfg.service.ConfigCacheService] [TranId: ] [BizTranId: ] [TraceId: ] [SpanId: ] [DynLevel: ] - Cache Refresh: Clearing config cache and fetching updated configs from database
2026-07-07 12:48:11.616 [INFO ] [scheduling-1] [c.c.msg.service.MessageCacheService] [TranId: ] [BizTranId: ] [TraceId: ] [SpanId: ] [DynLevel: ] - Scheduled cache reload triggered
2026-07-07 12:48:11.617 [INFO ] [scheduling-1] [c.c.msg.service.MessageCacheService] [TranId: ] [BizTranId: ] [TraceId: ] [SpanId: ] [DynLevel: ] - Cache Refresh: Clearing message cache and fetching updated messages from database
2026-07-07 12:48:11.624 [INFO ] [scheduling-1] [c.c.m.s.ResponseCodeCacheService] [TranId: ] [BizTranId: ] [TraceId: ] [SpanId: ] [DynLevel: ] - Cache Refresh: Clearing response code cache and fetching updated values
2026-07-07 12:48:11.630 [INFO ] [scheduling-1] [c.cmn.cde.service.CodeCacheService] [TranId: ] [BizTranId: ] [TraceId: ] [SpanId: ] [DynLevel: ] - Scheduled cache reload triggered
2026-07-07 12:48:11.630 [INFO ] [scheduling-1] [c.cmn.cde.service.CodeCacheService] [TranId: ] [BizTranId: ] [TraceId: ] [SpanId: ] [DynLevel: ] - Cache Refresh: Clearing code cache and fetching updated codes from database
2026-07-07 12:48:11.635 [INFO ] [scheduling-1] [c.cmn.cfg.service.ConfigCacheService] [TranId: ] [BizTranId: ] [TraceId: ] [SpanId: ] [DynLevel: ] - Scheduled config cache reload triggered
2026-07-07 12:48:11.636 [INFO ] [scheduling-1] [c.cmn.cfg.service.ConfigCacheService] [TranId: ] [BizTranId: ] [TraceId: ] [SpanId: ] [DynLevel: ] - Cache Refresh: Clearing config cache and fetching updated configs from database
2026-07-07 12:48:11.640 [INFO ] [scheduling-1] [c.c.msg.service.MessageCacheService] [TranId: ] [BizTranId: ] [TraceId: ] [SpanId: ] [DynLevel: ] - Scheduled cache reload triggered
2026-07-07 12:48:11.641 [INFO ] [scheduling-1] [c.c.msg.service.MessageCacheService] [TranId: ] [BizTranId: ] [TraceId: ] [SpanId: ] [DynLevel: ] - Cache Refresh: Clearing message cache and fetching updated messages from database
2026-07-07 12:48:11.647 [INFO ] [scheduling-1] [c.c.m.s.ResponseCodeCacheService] [TranId: ] [BizTranId: ] [TraceId: ] [SpanId: ] [DynLevel: ] - Cache Refresh: Clearing response code cache and fetching updated values
2026-07-07 12:48:11.651 [INFO ] [scheduling-1] [c.cmn.cde.service.CodeCacheService] [TranId: ] [BizTranId: ] [TraceId: ] [SpanId: ] [DynLevel: ] - Scheduled cache reload triggered
2026-07-07 12:48:11.652 [INFO ] [scheduling-1] [c.cmn.cde.service.CodeCacheService] [TranId: ] [BizTranId: ] [TraceId: ] [SpanId: ] [DynLevel: ] - Cache Refresh: Clearing code cache and fetching updated codes from database
2026-07-07 12:48:11.656 [INFO ] [scheduling-1] [c.cmn.cfg.service.ConfigCacheService] [TranId: ] [BizTranId: ] [TraceId: ] [SpanId: ] [DynLevel: ] - Scheduled config cache reload triggered
2026-07-07 12:48:11.657 [INFO ] [scheduling-1] [c.cmn.cfg.service.ConfigCacheService] [TranId: ] [BizTranId: ] [TraceId: ] [SpanId: ] [DynLevel: ] - Cache Refresh: Clearing config cache and fetching updated configs from database
2026-07-07 13:22:24.446 [INFO ] [scheduling-1] [c.c.msg.service.MessageCacheService] [TranId: ] [BizTranId: ] [TraceId: ] [SpanId: ] [DynLevel: ] - Scheduled cache reload triggered
2026-07-07 13:22:24.446 [INFO ] [scheduling-1] [c.c.msg.service.MessageCacheService] [TranId: ] [BizTranId: ] [TraceId: ] [SpanId: ] [DynLevel: ] - Cache Refresh: Clearing message cache and fetching updated messages from database
2026-07-07 13:22:24.453 [INFO ] [scheduling-1] [c.c.m.s.ResponseCodeCacheService] [TranId: ] [BizTranId: ] [TraceId: ] [SpanId: ] [DynLevel: ] - Cache Refresh: Clearing response code cache and fetching updated values
2026-07-07 13:22:24.459 [INFO ] [scheduling-1] [c.cmn.cde.service.CodeCacheService] [TranId: ] [BizTranId: ] [TraceId: ] [SpanId: ] [DynLevel: ] - Scheduled cache reload triggered
2026-07-07 13:22:24.460 [INFO ] [scheduling-1] [c.cmn.cde.service.CodeCacheService] [TranId: ] [BizTranId: ] [TraceId: ] [SpanId: ] [DynLevel: ] - Cache Refresh: Clearing code cache and fetching updated codes from database
2026-07-07 13:22:24.466 [INFO ] [scheduling-1] [c.cmn.cfg.service.ConfigCacheService] [TranId: ] [BizTranId: ] [TraceId: ] [SpanId: ] [DynLevel: ] - Scheduled config cache reload triggered
2026-07-07 13:22:24.467 [INFO ] [scheduling-1] [c.cmn.cfg.service.ConfigCacheService] [TranId: ] [BizTranId: ] [TraceId: ] [SpanId: ] [DynLevel: ] - Cache Refresh: Clearing config cache and fetching updated configs from database
2026-07-07 13:26:30.493 [INFO ] [http-nio-8081-exec-8] [c.pfw.common.logging.LoggingAspect] [TranId: 20260707132630330ACCflog0010000001] [BizTranId: MBR09EDU0001] [TraceId: e6bef00943f14b7590bdbe10dcc5e7a2] [SpanId: SPN-2bc10540-b4c4-4a47-a644-3cba7491aee3] [DynLevel: ] - Transaction started. transactionId=20260707132630330ACCflog0010000001, businessTransactionId=MBR09EDU0001, businessTransactionName=MBRCompositeMemberProfile, traceId=e6bef00943f14b7590bdbe10dcc5e7a2, spanId=SPN-2bc10540-b4c4-4a47-a644-3cba7491aee3, moduleId=MBR, sequenceNo=1, workflowInstanceId=None, workflowStepId=None, method=GET, uri=/mbr/edu/composite/member-profile?memberId=1, controller=MbrCompositeEducationController.memberProfile(..), executionClass=cpf.mbr.bse.controller.MbrCompositeEducationController, executionMethod=memberProfile, clientIp=127.0.0.1, parameters=memberId=1, requestBody=null
2026-07-07 13:26:30.531 [INFO ] [http-nio-8081-exec-8] [c.pfw.common.logging.LoggingAspect] [TranId: 20260707132630330ACCflog0010000001] [BizTranId: MBR09EDU0001] [TraceId: e6bef00943f14b7590bdbe10dcc5e7a2] [SpanId: SPN-2bc10540-b4c4-4a47-a644-3cba7491aee3] [DynLevel: ] - Transaction completed. transactionId=20260707132630330ACCflog0010000001, traceId=e6bef00943f14b7590bdbe10dcc5e7a2, spanId=SPN-2bc10540-b4c4-4a47-a644-3cba7491aee3, moduleId=MBR, sequenceNo=1, workflowStatus=NONE, compensationYn=N, httpStatus=200, responseCode=SMBR000000, messageCode=MMBR000000, durationMs=41
2026-07-07 14:06:06.555 [INFO ] [scheduling-1] [c.c.msg.service.MessageCacheService] [TranId: ] [BizTranId: ] [TraceId: ] [SpanId: ] [DynLevel: ] - Scheduled cache reload triggered
2026-07-07 14:06:06.555 [INFO ] [scheduling-1] [c.c.msg.service.MessageCacheService] [TranId: ] [BizTranId: ] [TraceId: ] [SpanId: ] [DynLevel: ] - Cache Refresh: Clearing message cache and fetching updated messages from database
2026-07-07 14:06:06.560 [INFO ] [scheduling-1] [c.c.m.s.ResponseCodeCacheService] [TranId: ] [BizTranId: ] [TraceId: ] [SpanId: ] [DynLevel: ] - Cache Refresh: Clearing response code cache and fetching updated values
2026-07-07 14:06:06.564 [INFO ] [scheduling-1] [c.cmn.cde.service.CodeCacheService] [TranId: ] [BizTranId: ] [TraceId: ] [SpanId: ] [DynLevel: ] - Scheduled cache reload triggered
2026-07-07 14:06:06.564 [INFO ] [scheduling-1] [c.cmn.cde.service.CodeCacheService] [TranId: ] [BizTranId: ] [TraceId: ] [SpanId: ] [DynLevel: ] - Cache Refresh: Clearing code cache and fetching updated codes from database
2026-07-07 14:06:06.568 [INFO ] [scheduling-1] [c.cmn.cfg.service.ConfigCacheService] [TranId: ] [BizTranId: ] [TraceId: ] [SpanId: ] [DynLevel: ] - Scheduled config cache reload triggered
2026-07-07 14:06:06.568 [INFO ] [scheduling-1] [c.cmn.cfg.service.ConfigCacheService] [TranId: ] [BizTranId: ] [TraceId: ] [SpanId: ] [DynLevel: ] - Cache Refresh: Clearing config cache and fetching updated configs from database
2026-07-07 14:08:11.622 [INFO ] [http-nio-8081-exec-4] [c.pfw.common.logging.LoggingAspect] [TranId: 20260707140811430ACCfailrun0000001] [BizTranId: MBR09EDU0001] [TraceId: 1301c1b32f4f41b28883397dd5a5fba7] [SpanId: SPN-2e89de0d-060e-4aa2-97ab-0f529f401a04] [DynLevel: ] - Transaction started. transactionId=20260707140811430ACCfailrun0000001, businessTransactionId=MBR09EDU0001, businessTransactionName=MBRCompositeMemberProfile, traceId=1301c1b32f4f41b28883397dd5a5fba7, spanId=SPN-2e89de0d-060e-4aa2-97ab-0f529f401a04, moduleId=MBR, sequenceNo=1, workflowInstanceId=None, workflowStepId=None, method=GET, uri=/mbr/edu/composite/member-profile?memberId=1, controller=MbrCompositeEducationController.memberProfile(..), executionClass=cpf.mbr.bse.controller.MbrCompositeEducationController, executionMethod=memberProfile, clientIp=127.0.0.1, parameters=memberId=1, requestBody=null
2026-07-07 14:08:11.654 [INFO ] [http-nio-8081-exec-4] [c.pfw.common.logging.LoggingAspect] [TranId: 20260707140811430ACCfailrun0000001] [BizTranId: MBR09EDU0001] [TraceId: 1301c1b32f4f41b28883397dd5a5fba7] [SpanId: SPN-2e89de0d-060e-4aa2-97ab-0f529f401a04] [DynLevel: ] - Transaction completed. transactionId=20260707140811430ACCfailrun0000001, traceId=1301c1b32f4f41b28883397dd5a5fba7, spanId=SPN-2e89de0d-060e-4aa2-97ab-0f529f401a04, moduleId=MBR, sequenceNo=1, workflowStatus=NONE, compensationYn=N, httpStatus=200, responseCode=SMBR000000, messageCode=MMBR000000, durationMs=39
2026-07-07 14:08:21.041 [INFO ] [http-nio-8081-exec-5] [c.pfw.common.logging.LoggingAspect] [TranId: 20260707140820898ADMfailgrp0000001] [BizTranId: MBR09EDU0001] [TraceId: c42b0a70211a4b68b373602ec5e8ec6e] [SpanId: SPN-ef07c853-c9d5-4056-a2d4-d75a42b2be33] [DynLevel: ] - Transaction started. transactionId=20260707140820898ADMfailgrp0000001, businessTransactionId=MBR09EDU0001, businessTransactionName=MBRCompositeMemberProfile, traceId=c42b0a70211a4b68b373602ec5e8ec6e, spanId=SPN-ef07c853-c9d5-4056-a2d4-d75a42b2be33, moduleId=MBR, sequenceNo=1, workflowInstanceId=None, workflowStepId=None, method=GET, uri=/mbr/edu/composite/member-profile?memberId=1, controller=MbrCompositeEducationController.memberProfile(..), executionClass=cpf.mbr.bse.controller.MbrCompositeEducationController, executionMethod=memberProfile, clientIp=127.0.0.1, parameters=memberId=1, requestBody=null
2026-07-07 14:08:21.079 [INFO ] [http-nio-8081-exec-5] [c.pfw.common.logging.LoggingAspect] [TranId: 20260707140820898ADMfailgrp0000001] [BizTranId: MBR09EDU0001] [TraceId: c42b0a70211a4b68b373602ec5e8ec6e] [SpanId: SPN-ef07c853-c9d5-4056-a2d4-d75a42b2be33] [DynLevel: ] - Transaction completed. transactionId=20260707140820898ADMfailgrp0000001, traceId=c42b0a70211a4b68b373602ec5e8ec6e, spanId=SPN-ef07c853-c9d5-4056-a2d4-d75a42b2be33, moduleId=MBR, sequenceNo=1, workflowStatus=NONE, compensationYn=N, httpStatus=200, responseCode=SMBR000000, messageCode=MMBR000000, durationMs=31
2026-07-07 14:08:42.598 [INFO ] [scheduling-1] [c.c.msg.service.MessageCacheService] [TranId: ] [BizTranId: ] [TraceId: ] [SpanId: ] [DynLevel: ] - Scheduled cache reload triggered
2026-07-07 14:08:42.608 [INFO ] [scheduling-1] [c.c.msg.service.MessageCacheService] [TranId: ] [BizTranId: ] [TraceId: ] [SpanId: ] [DynLevel: ] - Cache Refresh: Clearing message cache and fetching updated messages from database
2026-07-07 14:08:42.616 [INFO ] [scheduling-1] [c.c.m.s.ResponseCodeCacheService] [TranId: ] [BizTranId: ] [TraceId: ] [SpanId: ] [DynLevel: ] - Cache Refresh: Clearing response code cache and fetching updated values
2026-07-07 14:08:42.622 [INFO ] [scheduling-1] [c.cmn.cde.service.CodeCacheService] [TranId: ] [BizTranId: ] [TraceId: ] [SpanId: ] [DynLevel: ] - Scheduled cache reload triggered
2026-07-07 14:08:42.622 [INFO ] [scheduling-1] [c.cmn.cde.service.CodeCacheService] [TranId: ] [BizTranId: ] [TraceId: ] [SpanId: ] [DynLevel: ] - Cache Refresh: Clearing code cache and fetching updated codes from database
2026-07-07 14:08:42.628 [INFO ] [scheduling-1] [c.cmn.cfg.service.ConfigCacheService] [TranId: ] [BizTranId: ] [TraceId: ] [SpanId: ] [DynLevel: ] - Scheduled config cache reload triggered
2026-07-07 14:08:42.629 [INFO ] [scheduling-1] [c.cmn.cfg.service.ConfigCacheService] [TranId: ] [BizTranId: ] [TraceId: ] [SpanId: ] [DynLevel: ] - Cache Refresh: Clearing config cache and fetching updated configs from database
2026-07-07 14:43:38.343 [INFO ] [scheduling-1] [c.c.msg.service.MessageCacheService] [TranId: ] [BizTranId: ] [TraceId: ] [SpanId: ] [DynLevel: ] - Scheduled cache reload triggered
2026-07-07 14:43:38.344 [INFO ] [scheduling-1] [c.c.msg.service.MessageCacheService] [TranId: ] [BizTranId: ] [TraceId: ] [SpanId: ] [DynLevel: ] - Cache Refresh: Clearing message cache and fetching updated messages from database
2026-07-07 14:43:38.348 [INFO ] [scheduling-1] [c.c.m.s.ResponseCodeCacheService] [TranId: ] [BizTranId: ] [TraceId: ] [SpanId: ] [DynLevel: ] - Cache Refresh: Clearing response code cache and fetching updated values
2026-07-07 14:43:38.356 [INFO ] [scheduling-1] [c.cmn.cde.service.CodeCacheService] [TranId: ] [BizTranId: ] [TraceId: ] [SpanId: ] [DynLevel: ] - Scheduled cache reload triggered
2026-07-07 14:43:38.357 [INFO ] [scheduling-1] [c.cmn.cde.service.CodeCacheService] [TranId: ] [BizTranId: ] [TraceId: ] [SpanId: ] [DynLevel: ] - Cache Refresh: Clearing code cache and fetching updated codes from database
2026-07-07 14:43:38.361 [INFO ] [scheduling-1] [c.cmn.cfg.service.ConfigCacheService] [TranId: ] [BizTranId: ] [TraceId: ] [SpanId: ] [DynLevel: ] - Scheduled config cache reload triggered
2026-07-07 14:43:38.362 [INFO ] [scheduling-1] [c.cmn.cfg.service.ConfigCacheService] [TranId: ] [BizTranId: ] [TraceId: ] [SpanId: ] [DynLevel: ] - Cache Refresh: Clearing config cache and fetching updated configs from database
2026-07-07 15:08:42.599 [INFO ] [scheduling-1] [c.c.msg.service.MessageCacheService] [TranId: ] [BizTranId: ] [TraceId: ] [SpanId: ] [DynLevel: ] - Scheduled cache reload triggered
2026-07-07 15:08:42.610 [INFO ] [scheduling-1] [c.c.msg.service.MessageCacheService] [TranId: ] [BizTranId: ] [TraceId: ] [SpanId: ] [DynLevel: ] - Cache Refresh: Clearing message cache and fetching updated messages from database
2026-07-07 15:08:42.618 [INFO ] [scheduling-1] [c.c.m.s.ResponseCodeCacheService] [TranId: ] [BizTranId: ] [TraceId: ] [SpanId: ] [DynLevel: ] - Cache Refresh: Clearing response code cache and fetching updated values
2026-07-07 15:08:42.621 [INFO ] [scheduling-1] [c.cmn.cde.service.CodeCacheService] [TranId: ] [BizTranId: ] [TraceId: ] [SpanId: ] [DynLevel: ] - Scheduled cache reload triggered
2026-07-07 15:08:42.621 [INFO ] [scheduling-1] [c.cmn.cde.service.CodeCacheService] [TranId: ] [BizTranId: ] [TraceId: ] [SpanId: ] [DynLevel: ] - Cache Refresh: Clearing code cache and fetching updated codes from database
2026-07-07 15:08:42.625 [INFO ] [scheduling-1] [c.cmn.cfg.service.ConfigCacheService] [TranId: ] [BizTranId: ] [TraceId: ] [SpanId: ] [DynLevel: ] - Scheduled config cache reload triggered
2026-07-07 15:08:42.625 [INFO ] [scheduling-1] [c.cmn.cfg.service.ConfigCacheService] [TranId: ] [BizTranId: ] [TraceId: ] [SpanId: ] [DynLevel: ] - Cache Refresh: Clearing config cache and fetching updated configs from database
2026-07-07 15:38:42.600 [INFO ] [scheduling-1] [c.c.msg.service.MessageCacheService] [TranId: ] [BizTranId: ] [TraceId: ] [SpanId: ] [DynLevel: ] - Scheduled cache reload triggered
2026-07-07 15:38:42.609 [INFO ] [scheduling-1] [c.c.msg.service.MessageCacheService] [TranId: ] [BizTranId: ] [TraceId: ] [SpanId: ] [DynLevel: ] - Cache Refresh: Clearing message cache and fetching updated messages from database
2026-07-07 15:38:42.614 [INFO ] [scheduling-1] [c.c.m.s.ResponseCodeCacheService] [TranId: ] [BizTranId: ] [TraceId: ] [SpanId: ] [DynLevel: ] - Cache Refresh: Clearing response code cache and fetching updated values
2026-07-07 15:38:42.616 [INFO ] [scheduling-1] [c.cmn.cde.service.CodeCacheService] [TranId: ] [BizTranId: ] [TraceId: ] [SpanId: ] [DynLevel: ] - Scheduled cache reload triggered
2026-07-07 15:38:42.616 [INFO ] [scheduling-1] [c.cmn.cde.service.CodeCacheService] [TranId: ] [BizTranId: ] [TraceId: ] [SpanId: ] [DynLevel: ] - Cache Refresh: Clearing code cache and fetching updated codes from database
2026-07-07 15:38:42.618 [INFO ] [scheduling-1] [c.cmn.cfg.service.ConfigCacheService] [TranId: ] [BizTranId: ] [TraceId: ] [SpanId: ] [DynLevel: ] - Scheduled config cache reload triggered
2026-07-07 15:38:42.618 [INFO ] [scheduling-1] [c.cmn.cfg.service.ConfigCacheService] [TranId: ] [BizTranId: ] [TraceId: ] [SpanId: ] [DynLevel: ] - Cache Refresh: Clearing config cache and fetching updated configs from database
2026-07-07 16:08:42.612 [INFO ] [scheduling-1] [c.c.msg.service.MessageCacheService] [TranId: ] [BizTranId: ] [TraceId: ] [SpanId: ] [DynLevel: ] - Scheduled cache reload triggered
2026-07-07 16:08:42.622 [INFO ] [scheduling-1] [c.c.msg.service.MessageCacheService] [TranId: ] [BizTranId: ] [TraceId: ] [SpanId: ] [DynLevel: ] - Cache Refresh: Clearing message cache and fetching updated messages from database
2026-07-07 16:08:42.624 [INFO ] [scheduling-1] [c.c.m.s.ResponseCodeCacheService] [TranId: ] [BizTranId: ] [TraceId: ] [SpanId: ] [DynLevel: ] - Cache Refresh: Clearing response code cache and fetching updated values
2026-07-07 16:08:42.626 [INFO ] [scheduling-1] [c.cmn.cde.service.CodeCacheService] [TranId: ] [BizTranId: ] [TraceId: ] [SpanId: ] [DynLevel: ] - Scheduled cache reload triggered
2026-07-07 16:08:42.626 [INFO ] [scheduling-1] [c.cmn.cde.service.CodeCacheService] [TranId: ] [BizTranId: ] [TraceId: ] [SpanId: ] [DynLevel: ] - Cache Refresh: Clearing code cache and fetching updated codes from database
2026-07-07 16:08:42.627 [INFO ] [scheduling-1] [c.cmn.cfg.service.ConfigCacheService] [TranId: ] [BizTranId: ] [TraceId: ] [SpanId: ] [DynLevel: ] - Scheduled config cache reload triggered
2026-07-07 16:08:42.627 [INFO ] [scheduling-1] [c.cmn.cfg.service.ConfigCacheService] [TranId: ] [BizTranId: ] [TraceId: ] [SpanId: ] [DynLevel: ] - Cache Refresh: Clearing config cache and fetching updated configs from database
2026-07-07 16:38:42.611 [INFO ] [scheduling-1] [c.c.msg.service.MessageCacheService] [TranId: ] [BizTranId: ] [TraceId: ] [SpanId: ] [DynLevel: ] - Scheduled cache reload triggered
2026-07-07 16:38:42.620 [INFO ] [scheduling-1] [c.c.msg.service.MessageCacheService] [TranId: ] [BizTranId: ] [TraceId: ] [SpanId: ] [DynLevel: ] - Cache Refresh: Clearing message cache and fetching updated messages from database
2026-07-07 16:38:42.625 [INFO ] [scheduling-1] [c.c.m.s.ResponseCodeCacheService] [TranId: ] [BizTranId: ] [TraceId: ] [SpanId: ] [DynLevel: ] - Cache Refresh: Clearing response code cache and fetching updated values
2026-07-07 16:38:42.630 [INFO ] [scheduling-1] [c.cmn.cde.service.CodeCacheService] [TranId: ] [BizTranId: ] [TraceId: ] [SpanId: ] [DynLevel: ] - Scheduled cache reload triggered
2026-07-07 16:38:42.631 [INFO ] [scheduling-1] [c.cmn.cde.service.CodeCacheService] [TranId: ] [BizTranId: ] [TraceId: ] [SpanId: ] [DynLevel: ] - Cache Refresh: Clearing code cache and fetching updated codes from database
2026-07-07 16:38:42.637 [INFO ] [scheduling-1] [c.cmn.cfg.service.ConfigCacheService] [TranId: ] [BizTranId: ] [TraceId: ] [SpanId: ] [DynLevel: ] - Scheduled config cache reload triggered
2026-07-07 16:38:42.638 [INFO ] [scheduling-1] [c.cmn.cfg.service.ConfigCacheService] [TranId: ] [BizTranId: ] [TraceId: ] [SpanId: ] [DynLevel: ] - Cache Refresh: Clearing config cache and fetching updated configs from database
2026-07-07 17:16:29.268 [INFO ] [scheduling-1] [c.c.msg.service.MessageCacheService] [TranId: ] [BizTranId: ] [TraceId: ] [SpanId: ] [DynLevel: ] - Scheduled cache reload triggered
2026-07-07 17:16:29.269 [INFO ] [scheduling-1] [c.c.msg.service.MessageCacheService] [TranId: ] [BizTranId: ] [TraceId: ] [SpanId: ] [DynLevel: ] - Cache Refresh: Clearing message cache and fetching updated messages from database
2026-07-07 17:16:29.273 [INFO ] [scheduling-1] [c.c.m.s.ResponseCodeCacheService] [TranId: ] [BizTranId: ] [TraceId: ] [SpanId: ] [DynLevel: ] - Cache Refresh: Clearing response code cache and fetching updated values
2026-07-07 17:16:29.276 [INFO ] [scheduling-1] [c.cmn.cde.service.CodeCacheService] [TranId: ] [BizTranId: ] [TraceId: ] [SpanId: ] [DynLevel: ] - Scheduled cache reload triggered
2026-07-07 17:16:29.276 [INFO ] [scheduling-1] [c.cmn.cde.service.CodeCacheService] [TranId: ] [BizTranId: ] [TraceId: ] [SpanId: ] [DynLevel: ] - Cache Refresh: Clearing code cache and fetching updated codes from database
2026-07-07 17:16:29.280 [INFO ] [scheduling-1] [c.cmn.cfg.service.ConfigCacheService] [TranId: ] [BizTranId: ] [TraceId: ] [SpanId: ] [DynLevel: ] - Scheduled config cache reload triggered
2026-07-07 17:16:29.280 [INFO ] [scheduling-1] [c.cmn.cfg.service.ConfigCacheService] [TranId: ] [BizTranId: ] [TraceId: ] [SpanId: ] [DynLevel: ] - Cache Refresh: Clearing config cache and fetching updated configs from database
2026-07-07 18:11:27.309 [INFO ] [scheduling-1] [c.c.msg.service.MessageCacheService] [TranId: ] [BizTranId: ] [TraceId: ] [SpanId: ] [DynLevel: ] - Scheduled cache reload triggered
2026-07-07 18:11:27.309 [INFO ] [scheduling-1] [c.c.msg.service.MessageCacheService] [TranId: ] [BizTranId: ] [TraceId: ] [SpanId: ] [DynLevel: ] - Cache Refresh: Clearing message cache and fetching updated messages from database
2026-07-07 18:11:27.313 [INFO ] [scheduling-1] [c.c.m.s.ResponseCodeCacheService] [TranId: ] [BizTranId: ] [TraceId: ] [SpanId: ] [DynLevel: ] - Cache Refresh: Clearing response code cache and fetching updated values
2026-07-07 18:11:27.316 [INFO ] [scheduling-1] [c.cmn.cde.service.CodeCacheService] [TranId: ] [BizTranId: ] [TraceId: ] [SpanId: ] [DynLevel: ] - Scheduled cache reload triggered
2026-07-07 18:11:27.316 [INFO ] [scheduling-1] [c.cmn.cde.service.CodeCacheService] [TranId: ] [BizTranId: ] [TraceId: ] [SpanId: ] [DynLevel: ] - Cache Refresh: Clearing code cache and fetching updated codes from database
2026-07-07 18:11:27.320 [INFO ] [scheduling-1] [c.cmn.cfg.service.ConfigCacheService] [TranId: ] [BizTranId: ] [TraceId: ] [SpanId: ] [DynLevel: ] - Scheduled config cache reload triggered
2026-07-07 18:11:27.320 [INFO ] [scheduling-1] [c.cmn.cfg.service.ConfigCacheService] [TranId: ] [BizTranId: ] [TraceId: ] [SpanId: ] [DynLevel: ] - Cache Refresh: Clearing config cache and fetching updated configs from database
2026-07-07 18:11:27.323 [INFO ] [scheduling-1] [c.c.msg.service.MessageCacheService] [TranId: ] [BizTranId: ] [TraceId: ] [SpanId: ] [DynLevel: ] - Scheduled cache reload triggered
2026-07-07 18:11:27.323 [INFO ] [scheduling-1] [c.c.msg.service.MessageCacheService] [TranId: ] [BizTranId: ] [TraceId: ] [SpanId: ] [DynLevel: ] - Cache Refresh: Clearing message cache and fetching updated messages from database
2026-07-07 18:11:27.326 [INFO ] [scheduling-1] [c.c.m.s.ResponseCodeCacheService] [TranId: ] [BizTranId: ] [TraceId: ] [SpanId: ] [DynLevel: ] - Cache Refresh: Clearing response code cache and fetching updated values
2026-07-07 18:11:27.328 [INFO ] [scheduling-1] [c.cmn.cde.service.CodeCacheService] [TranId: ] [BizTranId: ] [TraceId: ] [SpanId: ] [DynLevel: ] - Scheduled cache reload triggered
2026-07-07 18:11:27.329 [INFO ] [scheduling-1] [c.cmn.cde.service.CodeCacheService] [TranId: ] [BizTranId: ] [TraceId: ] [SpanId: ] [DynLevel: ] - Cache Refresh: Clearing code cache and fetching updated codes from database
2026-07-07 18:11:27.331 [INFO ] [scheduling-1] [c.cmn.cfg.service.ConfigCacheService] [TranId: ] [BizTranId: ] [TraceId: ] [SpanId: ] [DynLevel: ] - Scheduled config cache reload triggered
2026-07-07 18:11:27.332 [INFO ] [scheduling-1] [c.cmn.cfg.service.ConfigCacheService] [TranId: ] [BizTranId: ] [TraceId: ] [SpanId: ] [DynLevel: ] - Cache Refresh: Clearing config cache and fetching updated configs from database
2026-07-07 18:38:42.605 [INFO ] [scheduling-1] [c.c.msg.service.MessageCacheService] [TranId: ] [BizTranId: ] [TraceId: ] [SpanId: ] [DynLevel: ] - Scheduled cache reload triggered
2026-07-07 18:38:42.614 [INFO ] [scheduling-1] [c.c.msg.service.MessageCacheService] [TranId: ] [BizTranId: ] [TraceId: ] [SpanId: ] [DynLevel: ] - Cache Refresh: Clearing message cache and fetching updated messages from database
2026-07-07 18:38:42.621 [INFO ] [scheduling-1] [c.c.m.s.ResponseCodeCacheService] [TranId: ] [BizTranId: ] [TraceId: ] [SpanId: ] [DynLevel: ] - Cache Refresh: Clearing response code cache and fetching updated values
2026-07-07 18:38:42.628 [INFO ] [scheduling-1] [c.cmn.cde.service.CodeCacheService] [TranId: ] [BizTranId: ] [TraceId: ] [SpanId: ] [DynLevel: ] - Scheduled cache reload triggered
2026-07-07 18:38:42.628 [INFO ] [scheduling-1] [c.cmn.cde.service.CodeCacheService] [TranId: ] [BizTranId: ] [TraceId: ] [SpanId: ] [DynLevel: ] - Cache Refresh: Clearing code cache and fetching updated codes from database
2026-07-07 18:38:42.634 [INFO ] [scheduling-1] [c.cmn.cfg.service.ConfigCacheService] [TranId: ] [BizTranId: ] [TraceId: ] [SpanId: ] [DynLevel: ] - Scheduled config cache reload triggered
2026-07-07 18:38:42.635 [INFO ] [scheduling-1] [c.cmn.cfg.service.ConfigCacheService] [TranId: ] [BizTranId: ] [TraceId: ] [SpanId: ] [DynLevel: ] - Cache Refresh: Clearing config cache and fetching updated configs from database
2026-07-07 19:08:42.601 [INFO ] [scheduling-1] [c.c.msg.service.MessageCacheService] [TranId: ] [BizTranId: ] [TraceId: ] [SpanId: ] [DynLevel: ] - Scheduled cache reload triggered
2026-07-07 19:08:42.610 [INFO ] [scheduling-1] [c.c.msg.service.MessageCacheService] [TranId: ] [BizTranId: ] [TraceId: ] [SpanId: ] [DynLevel: ] - Cache Refresh: Clearing message cache and fetching updated messages from database
2026-07-07 19:08:42.617 [INFO ] [scheduling-1] [c.c.m.s.ResponseCodeCacheService] [TranId: ] [BizTranId: ] [TraceId: ] [SpanId: ] [DynLevel: ] - Cache Refresh: Clearing response code cache and fetching updated values
2026-07-07 19:08:42.621 [INFO ] [scheduling-1] [c.cmn.cde.service.CodeCacheService] [TranId: ] [BizTranId: ] [TraceId: ] [SpanId: ] [DynLevel: ] - Scheduled cache reload triggered
2026-07-07 19:08:42.622 [INFO ] [scheduling-1] [c.cmn.cde.service.CodeCacheService] [TranId: ] [BizTranId: ] [TraceId: ] [SpanId: ] [DynLevel: ] - Cache Refresh: Clearing code cache and fetching updated codes from database
2026-07-07 19:08:42.627 [INFO ] [scheduling-1] [c.cmn.cfg.service.ConfigCacheService] [TranId: ] [BizTranId: ] [TraceId: ] [SpanId: ] [DynLevel: ] - Scheduled config cache reload triggered
2026-07-07 19:08:42.628 [INFO ] [scheduling-1] [c.cmn.cfg.service.ConfigCacheService] [TranId: ] [BizTranId: ] [TraceId: ] [SpanId: ] [DynLevel: ] - Cache Refresh: Clearing config cache and fetching updated configs from database
2026-07-07 19:38:42.597 [INFO ] [scheduling-1] [c.c.msg.service.MessageCacheService] [TranId: ] [BizTranId: ] [TraceId: ] [SpanId: ] [DynLevel: ] - Scheduled cache reload triggered
2026-07-07 19:38:42.606 [INFO ] [scheduling-1] [c.c.msg.service.MessageCacheService] [TranId: ] [BizTranId: ] [TraceId: ] [SpanId: ] [DynLevel: ] - Cache Refresh: Clearing message cache and fetching updated messages from database
2026-07-07 19:38:42.618 [INFO ] [scheduling-1] [c.c.m.s.ResponseCodeCacheService] [TranId: ] [BizTranId: ] [TraceId: ] [SpanId: ] [DynLevel: ] - Cache Refresh: Clearing response code cache and fetching updated values
2026-07-07 19:38:42.627 [INFO ] [scheduling-1] [c.cmn.cde.service.CodeCacheService] [TranId: ] [BizTranId: ] [TraceId: ] [SpanId: ] [DynLevel: ] - Scheduled cache reload triggered
2026-07-07 19:38:42.628 [INFO ] [scheduling-1] [c.cmn.cde.service.CodeCacheService] [TranId: ] [BizTranId: ] [TraceId: ] [SpanId: ] [DynLevel: ] - Cache Refresh: Clearing code cache and fetching updated codes from database
2026-07-07 19:38:42.635 [INFO ] [scheduling-1] [c.cmn.cfg.service.ConfigCacheService] [TranId: ] [BizTranId: ] [TraceId: ] [SpanId: ] [DynLevel: ] - Scheduled config cache reload triggered
2026-07-07 19:38:42.636 [INFO ] [scheduling-1] [c.cmn.cfg.service.ConfigCacheService] [TranId: ] [BizTranId: ] [TraceId: ] [SpanId: ] [DynLevel: ] - Cache Refresh: Clearing config cache and fetching updated configs from database
2026-07-07 20:08:42.596 [INFO ] [scheduling-1] [c.c.msg.service.MessageCacheService] [TranId: ] [BizTranId: ] [TraceId: ] [SpanId: ] [DynLevel: ] - Scheduled cache reload triggered
2026-07-07 20:08:42.605 [INFO ] [scheduling-1] [c.c.msg.service.MessageCacheService] [TranId: ] [BizTranId: ] [TraceId: ] [SpanId: ] [DynLevel: ] - Cache Refresh: Clearing message cache and fetching updated messages from database
2026-07-07 20:08:42.612 [INFO ] [scheduling-1] [c.c.m.s.ResponseCodeCacheService] [TranId: ] [BizTranId: ] [TraceId: ] [SpanId: ] [DynLevel: ] - Cache Refresh: Clearing response code cache and fetching updated values
2026-07-07 20:08:42.618 [INFO ] [scheduling-1] [c.cmn.cde.service.CodeCacheService] [TranId: ] [BizTranId: ] [TraceId: ] [SpanId: ] [DynLevel: ] - Scheduled cache reload triggered
2026-07-07 20:08:42.619 [INFO ] [scheduling-1] [c.cmn.cde.service.CodeCacheService] [TranId: ] [BizTranId: ] [TraceId: ] [SpanId: ] [DynLevel: ] - Cache Refresh: Clearing code cache and fetching updated codes from database
2026-07-07 20:08:42.625 [INFO ] [scheduling-1] [c.cmn.cfg.service.ConfigCacheService] [TranId: ] [BizTranId: ] [TraceId: ] [SpanId: ] [DynLevel: ] - Scheduled config cache reload triggered
2026-07-07 20:08:42.627 [INFO ] [scheduling-1] [c.cmn.cfg.service.ConfigCacheService] [TranId: ] [BizTranId: ] [TraceId: ] [SpanId: ] [DynLevel: ] - Cache Refresh: Clearing config cache and fetching updated configs from database
2026-07-07 20:38:42.608 [INFO ] [scheduling-1] [c.c.msg.service.MessageCacheService] [TranId: ] [BizTranId: ] [TraceId: ] [SpanId: ] [DynLevel: ] - Scheduled cache reload triggered
2026-07-07 20:38:42.611 [INFO ] [scheduling-1] [c.c.msg.service.MessageCacheService] [TranId: ] [BizTranId: ] [TraceId: ] [SpanId: ] [DynLevel: ] - Cache Refresh: Clearing message cache and fetching updated messages from database
2026-07-07 20:38:42.617 [INFO ] [scheduling-1] [c.c.m.s.ResponseCodeCacheService] [TranId: ] [BizTranId: ] [TraceId: ] [SpanId: ] [DynLevel: ] - Cache Refresh: Clearing response code cache and fetching updated values
2026-07-07 20:38:42.620 [INFO ] [scheduling-1] [c.cmn.cde.service.CodeCacheService] [TranId: ] [BizTranId: ] [TraceId: ] [SpanId: ] [DynLevel: ] - Scheduled cache reload triggered
2026-07-07 20:38:42.621 [INFO ] [scheduling-1] [c.cmn.cde.service.CodeCacheService] [TranId: ] [BizTranId: ] [TraceId: ] [SpanId: ] [DynLevel: ] - Cache Refresh: Clearing code cache and fetching updated codes from database
2026-07-07 20:38:42.624 [INFO ] [scheduling-1] [c.cmn.cfg.service.ConfigCacheService] [TranId: ] [BizTranId: ] [TraceId: ] [SpanId: ] [DynLevel: ] - Scheduled config cache reload triggered
2026-07-07 20:38:42.624 [INFO ] [scheduling-1] [c.cmn.cfg.service.ConfigCacheService] [TranId: ] [BizTranId: ] [TraceId: ] [SpanId: ] [DynLevel: ] - Cache Refresh: Clearing config cache and fetching updated configs from database
2026-07-07 21:08:42.600 [INFO ] [scheduling-1] [c.c.msg.service.MessageCacheService] [TranId: ] [BizTranId: ] [TraceId: ] [SpanId: ] [DynLevel: ] - Scheduled cache reload triggered
2026-07-07 21:08:42.611 [INFO ] [scheduling-1] [c.c.msg.service.MessageCacheService] [TranId: ] [BizTranId: ] [TraceId: ] [SpanId: ] [DynLevel: ] - Cache Refresh: Clearing message cache and fetching updated messages from database
2026-07-07 21:08:42.617 [INFO ] [scheduling-1] [c.c.m.s.ResponseCodeCacheService] [TranId: ] [BizTranId: ] [TraceId: ] [SpanId: ] [DynLevel: ] - Cache Refresh: Clearing response code cache and fetching updated values
2026-07-07 21:08:42.622 [INFO ] [scheduling-1] [c.cmn.cde.service.CodeCacheService] [TranId: ] [BizTranId: ] [TraceId: ] [SpanId: ] [DynLevel: ] - Scheduled cache reload triggered
2026-07-07 21:08:42.623 [INFO ] [scheduling-1] [c.cmn.cde.service.CodeCacheService] [TranId: ] [BizTranId: ] [TraceId: ] [SpanId: ] [DynLevel: ] - Cache Refresh: Clearing code cache and fetching updated codes from database
2026-07-07 21:08:42.630 [INFO ] [scheduling-1] [c.cmn.cfg.service.ConfigCacheService] [TranId: ] [BizTranId: ] [TraceId: ] [SpanId: ] [DynLevel: ] - Scheduled config cache reload triggered
2026-07-07 21:08:42.631 [INFO ] [scheduling-1] [c.cmn.cfg.service.ConfigCacheService] [TranId: ] [BizTranId: ] [TraceId: ] [SpanId: ] [DynLevel: ] - Cache Refresh: Clearing config cache and fetching updated configs from database
2026-07-07 21:38:42.596 [INFO ] [scheduling-1] [c.c.msg.service.MessageCacheService] [TranId: ] [BizTranId: ] [TraceId: ] [SpanId: ] [DynLevel: ] - Scheduled cache reload triggered
2026-07-07 21:38:42.605 [INFO ] [scheduling-1] [c.c.msg.service.MessageCacheService] [TranId: ] [BizTranId: ] [TraceId: ] [SpanId: ] [DynLevel: ] - Cache Refresh: Clearing message cache and fetching updated messages from database
2026-07-07 21:38:42.610 [INFO ] [scheduling-1] [c.c.m.s.ResponseCodeCacheService] [TranId: ] [BizTranId: ] [TraceId: ] [SpanId: ] [DynLevel: ] - Cache Refresh: Clearing response code cache and fetching updated values
2026-07-07 21:38:42.615 [INFO ] [scheduling-1] [c.cmn.cde.service.CodeCacheService] [TranId: ] [BizTranId: ] [TraceId: ] [SpanId: ] [DynLevel: ] - Scheduled cache reload triggered
2026-07-07 21:38:42.616 [INFO ] [scheduling-1] [c.cmn.cde.service.CodeCacheService] [TranId: ] [BizTranId: ] [TraceId: ] [SpanId: ] [DynLevel: ] - Cache Refresh: Clearing code cache and fetching updated codes from database
2026-07-07 21:38:42.621 [INFO ] [scheduling-1] [c.cmn.cfg.service.ConfigCacheService] [TranId: ] [BizTranId: ] [TraceId: ] [SpanId: ] [DynLevel: ] - Scheduled config cache reload triggered
2026-07-07 21:38:42.622 [INFO ] [scheduling-1] [c.cmn.cfg.service.ConfigCacheService] [TranId: ] [BizTranId: ] [TraceId: ] [SpanId: ] [DynLevel: ] - Cache Refresh: Clearing config cache and fetching updated configs from database
2026-07-07 22:08:42.603 [INFO ] [scheduling-1] [c.c.msg.service.MessageCacheService] [TranId: ] [BizTranId: ] [TraceId: ] [SpanId: ] [DynLevel: ] - Scheduled cache reload triggered
2026-07-07 22:08:42.615 [INFO ] [scheduling-1] [c.c.msg.service.MessageCacheService] [TranId: ] [BizTranId: ] [TraceId: ] [SpanId: ] [DynLevel: ] - Cache Refresh: Clearing message cache and fetching updated messages from database
2026-07-07 22:08:42.623 [INFO ] [scheduling-1] [c.c.m.s.ResponseCodeCacheService] [TranId: ] [BizTranId: ] [TraceId: ] [SpanId: ] [DynLevel: ] - Cache Refresh: Clearing response code cache and fetching updated values
2026-07-07 22:08:42.630 [INFO ] [scheduling-1] [c.cmn.cde.service.CodeCacheService] [TranId: ] [BizTranId: ] [TraceId: ] [SpanId: ] [DynLevel: ] - Scheduled cache reload triggered
2026-07-07 22:08:42.631 [INFO ] [scheduling-1] [c.cmn.cde.service.CodeCacheService] [TranId: ] [BizTranId: ] [TraceId: ] [SpanId: ] [DynLevel: ] - Cache Refresh: Clearing code cache and fetching updated codes from database
2026-07-07 22:08:42.636 [INFO ] [scheduling-1] [c.cmn.cfg.service.ConfigCacheService] [TranId: ] [BizTranId: ] [TraceId: ] [SpanId: ] [DynLevel: ] - Scheduled config cache reload triggered
2026-07-07 22:08:42.636 [INFO ] [scheduling-1] [c.cmn.cfg.service.ConfigCacheService] [TranId: ] [BizTranId: ] [TraceId: ] [SpanId: ] [DynLevel: ] - Cache Refresh: Clearing config cache and fetching updated configs from database
2026-07-07 22:38:42.595 [INFO ] [scheduling-1] [c.c.msg.service.MessageCacheService] [TranId: ] [BizTranId: ] [TraceId: ] [SpanId: ] [DynLevel: ] - Scheduled cache reload triggered
2026-07-07 22:38:42.596 [INFO ] [scheduling-1] [c.c.msg.service.MessageCacheService] [TranId: ] [BizTranId: ] [TraceId: ] [SpanId: ] [DynLevel: ] - Cache Refresh: Clearing message cache and fetching updated messages from database
2026-07-07 22:38:42.605 [INFO ] [scheduling-1] [c.c.m.s.ResponseCodeCacheService] [TranId: ] [BizTranId: ] [TraceId: ] [SpanId: ] [DynLevel: ] - Cache Refresh: Clearing response code cache and fetching updated values
2026-07-07 22:38:42.612 [INFO ] [scheduling-1] [c.cmn.cde.service.CodeCacheService] [TranId: ] [BizTranId: ] [TraceId: ] [SpanId: ] [DynLevel: ] - Scheduled cache reload triggered
2026-07-07 22:38:42.613 [INFO ] [scheduling-1] [c.cmn.cde.service.CodeCacheService] [TranId: ] [BizTranId: ] [TraceId: ] [SpanId: ] [DynLevel: ] - Cache Refresh: Clearing code cache and fetching updated codes from database
2026-07-07 22:38:42.619 [INFO ] [scheduling-1] [c.cmn.cfg.service.ConfigCacheService] [TranId: ] [BizTranId: ] [TraceId: ] [SpanId: ] [DynLevel: ] - Scheduled config cache reload triggered
2026-07-07 22:38:42.621 [INFO ] [scheduling-1] [c.cmn.cfg.service.ConfigCacheService] [TranId: ] [BizTranId: ] [TraceId: ] [SpanId: ] [DynLevel: ] - Cache Refresh: Clearing config cache and fetching updated configs from database
2026-07-07 23:08:42.603 [INFO ] [scheduling-1] [c.c.msg.service.MessageCacheService] [TranId: ] [BizTranId: ] [TraceId: ] [SpanId: ] [DynLevel: ] - Scheduled cache reload triggered
2026-07-07 23:08:42.612 [INFO ] [scheduling-1] [c.c.msg.service.MessageCacheService] [TranId: ] [BizTranId: ] [TraceId: ] [SpanId: ] [DynLevel: ] - Cache Refresh: Clearing message cache and fetching updated messages from database
2026-07-07 23:08:42.619 [INFO ] [scheduling-1] [c.c.m.s.ResponseCodeCacheService] [TranId: ] [BizTranId: ] [TraceId: ] [SpanId: ] [DynLevel: ] - Cache Refresh: Clearing response code cache and fetching updated values
2026-07-07 23:08:42.624 [INFO ] [scheduling-1] [c.cmn.cde.service.CodeCacheService] [TranId: ] [BizTranId: ] [TraceId: ] [SpanId: ] [DynLevel: ] - Scheduled cache reload triggered
2026-07-07 23:08:42.626 [INFO ] [scheduling-1] [c.cmn.cde.service.CodeCacheService] [TranId: ] [BizTranId: ] [TraceId: ] [SpanId: ] [DynLevel: ] - Cache Refresh: Clearing code cache and fetching updated codes from database
2026-07-07 23:08:42.639 [INFO ] [scheduling-1] [c.cmn.cfg.service.ConfigCacheService] [TranId: ] [BizTranId: ] [TraceId: ] [SpanId: ] [DynLevel: ] - Scheduled config cache reload triggered
2026-07-07 23:08:42.643 [INFO ] [scheduling-1] [c.cmn.cfg.service.ConfigCacheService] [TranId: ] [BizTranId: ] [TraceId: ] [SpanId: ] [DynLevel: ] - Cache Refresh: Clearing config cache and fetching updated configs from database
2026-07-07 23:38:42.601 [INFO ] [scheduling-1] [c.c.msg.service.MessageCacheService] [TranId: ] [BizTranId: ] [TraceId: ] [SpanId: ] [DynLevel: ] - Scheduled cache reload triggered
2026-07-07 23:38:42.611 [INFO ] [scheduling-1] [c.c.msg.service.MessageCacheService] [TranId: ] [BizTranId: ] [TraceId: ] [SpanId: ] [DynLevel: ] - Cache Refresh: Clearing message cache and fetching updated messages from database
2026-07-07 23:38:42.618 [INFO ] [scheduling-1] [c.c.m.s.ResponseCodeCacheService] [TranId: ] [BizTranId: ] [TraceId: ] [SpanId: ] [DynLevel: ] - Cache Refresh: Clearing response code cache and fetching updated values
2026-07-07 23:38:42.624 [INFO ] [scheduling-1] [c.cmn.cde.service.CodeCacheService] [TranId: ] [BizTranId: ] [TraceId: ] [SpanId: ] [DynLevel: ] - Scheduled cache reload triggered
2026-07-07 23:38:42.627 [INFO ] [scheduling-1] [c.cmn.cde.service.CodeCacheService] [TranId: ] [BizTranId: ] [TraceId: ] [SpanId: ] [DynLevel: ] - Cache Refresh: Clearing code cache and fetching updated codes from database
2026-07-07 23:38:42.640 [INFO ] [scheduling-1] [c.cmn.cfg.service.ConfigCacheService] [TranId: ] [BizTranId: ] [TraceId: ] [SpanId: ] [DynLevel: ] - Scheduled config cache reload triggered
2026-07-07 23:38:42.641 [INFO ] [scheduling-1] [c.cmn.cfg.service.ConfigCacheService] [TranId: ] [BizTranId: ] [TraceId: ] [SpanId: ] [DynLevel: ] - Cache Refresh: Clearing config cache and fetching updated configs from database
