[2026-07-02 15:35:13.000] [main] INFO  c.c.msg.service.MessageCacheService [TranId: ] [BizTranId: ] [TraceId: ] [SpanId: ] [DynLevel: ] - Initializing message cache at startup
[2026-07-02 15:35:13.001] [main] INFO  c.c.msg.service.MessageCacheService [TranId: ] [BizTranId: ] [TraceId: ] [SpanId: ] [DynLevel: ] - Cache Miss: Fetching all messages from database
[2026-07-02 15:35:13.380] [main] DEBUG c.c.m.m.M.findAllMessages [TranId: ] [BizTranId: ] [TraceId: ] [SpanId: ] [DynLevel: ] - ==>  Preparing: SELECT message_id, message_code, message_code AS message_key, locale, message_format_type, external_message, external_message AS message_value, internal_message, parameter_count, parameter_sample, description, use_yn, created_by, created_at, updated_by, updated_at FROM pfw_message ORDER BY message_code, locale
[2026-07-02 15:35:13.425] [main] DEBUG c.c.m.m.M.findAllMessages [TranId: ] [BizTranId: ] [TraceId: ] [SpanId: ] [DynLevel: ] - ==> Parameters: 
[2026-07-02 15:35:13.494] [main] DEBUG c.c.m.m.M.findAllMessages [TranId: ] [BizTranId: ] [TraceId: ] [SpanId: ] [DynLevel: ] - <==      Total: 31
[2026-07-02 15:35:13.637] [main] INFO  c.c.m.s.ResponseCodeCacheService [TranId: ] [BizTranId: ] [TraceId: ] [SpanId: ] [DynLevel: ] - Cache Miss: Fetching all response codes from database
[2026-07-02 15:35:13.639] [main] DEBUG c.c.m.m.R.findAllResponseCodes [TranId: ] [BizTranId: ] [TraceId: ] [SpanId: ] [DynLevel: ] - ==>  Preparing: SELECT response_code, message_code, result_type, module_id, response_group, sequence_no, http_status, description, use_yn, created_by, created_at, updated_by, updated_at FROM pfw_response_code WHERE use_yn = 'Y' ORDER BY response_code
[2026-07-02 15:35:13.640] [main] DEBUG c.c.m.m.R.findAllResponseCodes [TranId: ] [BizTranId: ] [TraceId: ] [SpanId: ] [DynLevel: ] - ==> Parameters: 
[2026-07-02 15:35:13.652] [main] DEBUG c.c.m.m.R.findAllResponseCodes [TranId: ] [BizTranId: ] [TraceId: ] [SpanId: ] [DynLevel: ] - <==      Total: 28
[2026-07-02 15:35:14.310] [main] INFO  c.cmn.cde.service.CodeCacheService [TranId: ] [BizTranId: ] [TraceId: ] [SpanId: ] [DynLevel: ] - Initializing code cache at startup
[2026-07-02 15:35:14.311] [main] INFO  c.cmn.cde.service.CodeCacheService [TranId: ] [BizTranId: ] [TraceId: ] [SpanId: ] [DynLevel: ] - Cache Miss: Fetching all codes from database
[2026-07-02 15:35:14.312] [main] DEBUG c.c.c.mapper.CodeMapper.findAllCodes [TranId: ] [BizTranId: ] [TraceId: ] [SpanId: ] [DynLevel: ] - ==>  Preparing: SELECT code_id, parent_id, code_key, code_value, description, use_yn, created_by, created_at, updated_by, updated_at FROM pfw_code ORDER BY parent_id, code_key, code_value
[2026-07-02 15:35:14.314] [main] DEBUG c.c.c.mapper.CodeMapper.findAllCodes [TranId: ] [BizTranId: ] [TraceId: ] [SpanId: ] [DynLevel: ] - ==> Parameters: 
[2026-07-02 15:35:14.340] [main] DEBUG c.c.c.mapper.CodeMapper.findAllCodes [TranId: ] [BizTranId: ] [TraceId: ] [SpanId: ] [DynLevel: ] - <==      Total: 41
[2026-07-02 15:35:14.391] [main] INFO  c.cmn.cfg.service.ConfigCacheService [TranId: ] [BizTranId: ] [TraceId: ] [SpanId: ] [DynLevel: ] - Initializing config cache at startup
[2026-07-02 15:35:14.391] [main] INFO  c.cmn.cfg.service.ConfigCacheService [TranId: ] [BizTranId: ] [TraceId: ] [SpanId: ] [DynLevel: ] - Cache Miss: Fetching all configs from database
[2026-07-02 15:35:14.392] [main] DEBUG c.c.c.m.ConfigMapper.findAllConfigs [TranId: ] [BizTranId: ] [TraceId: ] [SpanId: ] [DynLevel: ] - ==>  Preparing: SELECT config_id, config_key, config_value, config_type, description, encrypted_yn, use_yn, created_by, created_at, updated_by, updated_at FROM pfw_config ORDER BY config_key
[2026-07-02 15:35:14.392] [main] DEBUG c.c.c.m.ConfigMapper.findAllConfigs [TranId: ] [BizTranId: ] [TraceId: ] [SpanId: ] [DynLevel: ] - ==> Parameters: 
[2026-07-02 15:35:14.397] [main] DEBUG c.c.c.m.ConfigMapper.findAllConfigs [TranId: ] [BizTranId: ] [TraceId: ] [SpanId: ] [DynLevel: ] - <==      Total: 12
[2026-07-02 15:35:14.579] [main] DEBUG c.c.r.m.C.findMaxEventId [TranId: ] [BizTranId: ] [TraceId: ] [SpanId: ] [DynLevel: ] - ==>  Preparing: SELECT MAX(event_id) FROM pfw_cache_refresh_event
[2026-07-02 15:35:14.580] [main] DEBUG c.c.r.m.C.findMaxEventId [TranId: ] [BizTranId: ] [TraceId: ] [SpanId: ] [DynLevel: ] - ==> Parameters: 
[2026-07-02 15:35:14.598] [main] DEBUG c.c.r.m.C.findMaxEventId [TranId: ] [BizTranId: ] [TraceId: ] [SpanId: ] [DynLevel: ] - <==      Total: 1
[2026-07-02 15:35:14.599] [main] INFO  c.c.r.s.CacheRefreshEventListener [TranId: ] [BizTranId: ] [TraceId: ] [SpanId: ] [DynLevel: ] - CMN cache refresh event listener started. lastEventId=1
[2026-07-02 15:35:28.122] [scheduling-1] DEBUG c.c.r.m.C.findEventsAfter [TranId: ] [BizTranId: ] [TraceId: ] [SpanId: ] [DynLevel: ] - ==>  Preparing: SELECT event_id AS eventId, cache_name AS cacheName, event_type AS eventType, event_key AS eventKey, source_was_id AS sourceWasId, published_by AS publishedBy, published_at AS publishedAt FROM pfw_cache_refresh_event WHERE event_id > ? ORDER BY event_id
[2026-07-02 15:35:28.127] [scheduling-1] DEBUG c.c.r.m.C.findEventsAfter [TranId: ] [BizTranId: ] [TraceId: ] [SpanId: ] [DynLevel: ] - ==> Parameters: 1(Long)
[2026-07-02 15:35:28.129] [scheduling-1] DEBUG c.c.r.m.C.findEventsAfter [TranId: ] [BizTranId: ] [TraceId: ] [SpanId: ] [DynLevel: ] - <==      Total: 0
[2026-07-02 15:35:33.143] [scheduling-1] DEBUG c.c.r.m.C.findEventsAfter [TranId: ] [BizTranId: ] [TraceId: ] [SpanId: ] [DynLevel: ] - ==>  Preparing: SELECT event_id AS eventId, cache_name AS cacheName, event_type AS eventType, event_key AS eventKey, source_was_id AS sourceWasId, published_by AS publishedBy, published_at AS publishedAt FROM pfw_cache_refresh_event WHERE event_id > ? ORDER BY event_id
[2026-07-02 15:35:33.143] [scheduling-1] DEBUG c.c.r.m.C.findEventsAfter [TranId: ] [BizTranId: ] [TraceId: ] [SpanId: ] [DynLevel: ] - ==> Parameters: 1(Long)
[2026-07-02 15:35:33.144] [scheduling-1] DEBUG c.c.r.m.C.findEventsAfter [TranId: ] [BizTranId: ] [TraceId: ] [SpanId: ] [DynLevel: ] - <==      Total: 0
[2026-07-02 15:50:23.758] [main] INFO  c.c.msg.service.MessageCacheService [TranId: ] [BizTranId: ] [TraceId: ] [SpanId: ] [DynLevel: ] - Initializing message cache at startup
[2026-07-02 15:50:23.759] [main] INFO  c.c.msg.service.MessageCacheService [TranId: ] [BizTranId: ] [TraceId: ] [SpanId: ] [DynLevel: ] - Cache Miss: Fetching all messages from database
[2026-07-02 15:50:24.106] [main] DEBUG c.c.m.m.M.findAllMessages [TranId: ] [BizTranId: ] [TraceId: ] [SpanId: ] [DynLevel: ] - ==>  Preparing: SELECT message_id, message_code, message_code AS message_key, locale, message_format_type, external_message, external_message AS message_value, internal_message, parameter_count, parameter_sample, description, use_yn, created_by, created_at, updated_by, updated_at FROM pfw_message ORDER BY message_code, locale
[2026-07-02 15:50:24.148] [main] DEBUG c.c.m.m.M.findAllMessages [TranId: ] [BizTranId: ] [TraceId: ] [SpanId: ] [DynLevel: ] - ==> Parameters: 
[2026-07-02 15:50:24.217] [main] DEBUG c.c.m.m.M.findAllMessages [TranId: ] [BizTranId: ] [TraceId: ] [SpanId: ] [DynLevel: ] - <==      Total: 31
[2026-07-02 15:50:24.375] [main] INFO  c.c.m.s.ResponseCodeCacheService [TranId: ] [BizTranId: ] [TraceId: ] [SpanId: ] [DynLevel: ] - Cache Miss: Fetching all response codes from database
[2026-07-02 15:50:24.376] [main] DEBUG c.c.m.m.R.findAllResponseCodes [TranId: ] [BizTranId: ] [TraceId: ] [SpanId: ] [DynLevel: ] - ==>  Preparing: SELECT response_code, message_code, result_type, module_id, response_group, sequence_no, http_status, description, use_yn, created_by, created_at, updated_by, updated_at FROM pfw_response_code WHERE use_yn = 'Y' ORDER BY response_code
[2026-07-02 15:50:24.377] [main] DEBUG c.c.m.m.R.findAllResponseCodes [TranId: ] [BizTranId: ] [TraceId: ] [SpanId: ] [DynLevel: ] - ==> Parameters: 
[2026-07-02 15:50:24.390] [main] DEBUG c.c.m.m.R.findAllResponseCodes [TranId: ] [BizTranId: ] [TraceId: ] [SpanId: ] [DynLevel: ] - <==      Total: 28
[2026-07-02 15:50:25.031] [main] INFO  c.cmn.cde.service.CodeCacheService [TranId: ] [BizTranId: ] [TraceId: ] [SpanId: ] [DynLevel: ] - Initializing code cache at startup
[2026-07-02 15:50:25.033] [main] INFO  c.cmn.cde.service.CodeCacheService [TranId: ] [BizTranId: ] [TraceId: ] [SpanId: ] [DynLevel: ] - Cache Miss: Fetching all codes from database
[2026-07-02 15:50:25.034] [main] DEBUG c.c.c.mapper.CodeMapper.findAllCodes [TranId: ] [BizTranId: ] [TraceId: ] [SpanId: ] [DynLevel: ] - ==>  Preparing: SELECT code_id, parent_id, code_key, code_value, description, use_yn, created_by, created_at, updated_by, updated_at FROM pfw_code ORDER BY parent_id, code_key, code_value
[2026-07-02 15:50:25.035] [main] DEBUG c.c.c.mapper.CodeMapper.findAllCodes [TranId: ] [BizTranId: ] [TraceId: ] [SpanId: ] [DynLevel: ] - ==> Parameters: 
[2026-07-02 15:50:25.051] [main] DEBUG c.c.c.mapper.CodeMapper.findAllCodes [TranId: ] [BizTranId: ] [TraceId: ] [SpanId: ] [DynLevel: ] - <==      Total: 41
[2026-07-02 15:50:25.087] [main] INFO  c.cmn.cfg.service.ConfigCacheService [TranId: ] [BizTranId: ] [TraceId: ] [SpanId: ] [DynLevel: ] - Initializing config cache at startup
[2026-07-02 15:50:25.088] [main] INFO  c.cmn.cfg.service.ConfigCacheService [TranId: ] [BizTranId: ] [TraceId: ] [SpanId: ] [DynLevel: ] - Cache Miss: Fetching all configs from database
[2026-07-02 15:50:25.089] [main] DEBUG c.c.c.m.ConfigMapper.findAllConfigs [TranId: ] [BizTranId: ] [TraceId: ] [SpanId: ] [DynLevel: ] - ==>  Preparing: SELECT config_id, config_key, config_value, config_type, description, encrypted_yn, use_yn, created_by, created_at, updated_by, updated_at FROM pfw_config ORDER BY config_key
[2026-07-02 15:50:25.089] [main] DEBUG c.c.c.m.ConfigMapper.findAllConfigs [TranId: ] [BizTranId: ] [TraceId: ] [SpanId: ] [DynLevel: ] - ==> Parameters: 
[2026-07-02 15:50:25.093] [main] DEBUG c.c.c.m.ConfigMapper.findAllConfigs [TranId: ] [BizTranId: ] [TraceId: ] [SpanId: ] [DynLevel: ] - <==      Total: 12
[2026-07-02 15:50:25.282] [main] DEBUG c.c.r.m.C.findMaxEventId [TranId: ] [BizTranId: ] [TraceId: ] [SpanId: ] [DynLevel: ] - ==>  Preparing: SELECT MAX(event_id) FROM pfw_cache_refresh_event
[2026-07-02 15:50:25.282] [main] DEBUG c.c.r.m.C.findMaxEventId [TranId: ] [BizTranId: ] [TraceId: ] [SpanId: ] [DynLevel: ] - ==> Parameters: 
[2026-07-02 15:50:25.284] [main] DEBUG c.c.r.m.C.findMaxEventId [TranId: ] [BizTranId: ] [TraceId: ] [SpanId: ] [DynLevel: ] - <==      Total: 1
[2026-07-02 15:50:25.284] [main] INFO  c.c.r.s.CacheRefreshEventListener [TranId: ] [BizTranId: ] [TraceId: ] [SpanId: ] [DynLevel: ] - CMN cache refresh event listener started. lastEventId=1
[2026-07-02 15:50:39.367] [scheduling-1] DEBUG c.c.r.m.C.findEventsAfter [TranId: ] [BizTranId: ] [TraceId: ] [SpanId: ] [DynLevel: ] - ==>  Preparing: SELECT event_id AS eventId, cache_name AS cacheName, event_type AS eventType, event_key AS eventKey, source_was_id AS sourceWasId, published_by AS publishedBy, published_at AS publishedAt FROM pfw_cache_refresh_event WHERE event_id > ? ORDER BY event_id
[2026-07-02 15:50:39.368] [scheduling-1] DEBUG c.c.r.m.C.findEventsAfter [TranId: ] [BizTranId: ] [TraceId: ] [SpanId: ] [DynLevel: ] - ==> Parameters: 1(Long)
[2026-07-02 15:50:39.369] [scheduling-1] DEBUG c.c.r.m.C.findEventsAfter [TranId: ] [BizTranId: ] [TraceId: ] [SpanId: ] [DynLevel: ] - <==      Total: 0
[2026-07-02 15:50:44.377] [scheduling-1] DEBUG c.c.r.m.C.findEventsAfter [TranId: ] [BizTranId: ] [TraceId: ] [SpanId: ] [DynLevel: ] - ==>  Preparing: SELECT event_id AS eventId, cache_name AS cacheName, event_type AS eventType, event_key AS eventKey, source_was_id AS sourceWasId, published_by AS publishedBy, published_at AS publishedAt FROM pfw_cache_refresh_event WHERE event_id > ? ORDER BY event_id
[2026-07-02 15:50:44.377] [scheduling-1] DEBUG c.c.r.m.C.findEventsAfter [TranId: ] [BizTranId: ] [TraceId: ] [SpanId: ] [DynLevel: ] - ==> Parameters: 1(Long)
[2026-07-02 15:50:44.378] [scheduling-1] DEBUG c.c.r.m.C.findEventsAfter [TranId: ] [BizTranId: ] [TraceId: ] [SpanId: ] [DynLevel: ] - <==      Total: 0
[2026-07-02 15:50:49.387] [scheduling-1] DEBUG c.c.r.m.C.findEventsAfter [TranId: ] [BizTranId: ] [TraceId: ] [SpanId: ] [DynLevel: ] - ==>  Preparing: SELECT event_id AS eventId, cache_name AS cacheName, event_type AS eventType, event_key AS eventKey, source_was_id AS sourceWasId, published_by AS publishedBy, published_at AS publishedAt FROM pfw_cache_refresh_event WHERE event_id > ? ORDER BY event_id
[2026-07-02 15:50:49.388] [scheduling-1] DEBUG c.c.r.m.C.findEventsAfter [TranId: ] [BizTranId: ] [TraceId: ] [SpanId: ] [DynLevel: ] - ==> Parameters: 1(Long)
[2026-07-02 15:50:49.390] [scheduling-1] DEBUG c.c.r.m.C.findEventsAfter [TranId: ] [BizTranId: ] [TraceId: ] [SpanId: ] [DynLevel: ] - <==      Total: 0
[2026-07-02 15:50:54.394] [scheduling-1] DEBUG c.c.r.m.C.findEventsAfter [TranId: ] [BizTranId: ] [TraceId: ] [SpanId: ] [DynLevel: ] - ==>  Preparing: SELECT event_id AS eventId, cache_name AS cacheName, event_type AS eventType, event_key AS eventKey, source_was_id AS sourceWasId, published_by AS publishedBy, published_at AS publishedAt FROM pfw_cache_refresh_event WHERE event_id > ? ORDER BY event_id
[2026-07-02 15:50:54.394] [scheduling-1] DEBUG c.c.r.m.C.findEventsAfter [TranId: ] [BizTranId: ] [TraceId: ] [SpanId: ] [DynLevel: ] - ==> Parameters: 1(Long)
[2026-07-02 15:50:54.395] [scheduling-1] DEBUG c.c.r.m.C.findEventsAfter [TranId: ] [BizTranId: ] [TraceId: ] [SpanId: ] [DynLevel: ] - <==      Total: 0
[2026-07-02 15:50:59.398] [scheduling-1] DEBUG c.c.r.m.C.findEventsAfter [TranId: ] [BizTranId: ] [TraceId: ] [SpanId: ] [DynLevel: ] - ==>  Preparing: SELECT event_id AS eventId, cache_name AS cacheName, event_type AS eventType, event_key AS eventKey, source_was_id AS sourceWasId, published_by AS publishedBy, published_at AS publishedAt FROM pfw_cache_refresh_event WHERE event_id > ? ORDER BY event_id
[2026-07-02 15:50:59.398] [scheduling-1] DEBUG c.c.r.m.C.findEventsAfter [TranId: ] [BizTranId: ] [TraceId: ] [SpanId: ] [DynLevel: ] - ==> Parameters: 1(Long)
[2026-07-02 15:50:59.404] [scheduling-1] DEBUG c.c.r.m.C.findEventsAfter [TranId: ] [BizTranId: ] [TraceId: ] [SpanId: ] [DynLevel: ] - <==      Total: 0
[2026-07-02 15:51:04.417] [scheduling-1] DEBUG c.c.r.m.C.findEventsAfter [TranId: ] [BizTranId: ] [TraceId: ] [SpanId: ] [DynLevel: ] - ==>  Preparing: SELECT event_id AS eventId, cache_name AS cacheName, event_type AS eventType, event_key AS eventKey, source_was_id AS sourceWasId, published_by AS publishedBy, published_at AS publishedAt FROM pfw_cache_refresh_event WHERE event_id > ? ORDER BY event_id
[2026-07-02 15:51:04.417] [scheduling-1] DEBUG c.c.r.m.C.findEventsAfter [TranId: ] [BizTranId: ] [TraceId: ] [SpanId: ] [DynLevel: ] - ==> Parameters: 1(Long)
[2026-07-02 15:51:04.418] [scheduling-1] DEBUG c.c.r.m.C.findEventsAfter [TranId: ] [BizTranId: ] [TraceId: ] [SpanId: ] [DynLevel: ] - <==      Total: 0
[2026-07-02 15:51:09.438] [scheduling-1] DEBUG c.c.r.m.C.findEventsAfter [TranId: ] [BizTranId: ] [TraceId: ] [SpanId: ] [DynLevel: ] - ==>  Preparing: SELECT event_id AS eventId, cache_name AS cacheName, event_type AS eventType, event_key AS eventKey, source_was_id AS sourceWasId, published_by AS publishedBy, published_at AS publishedAt FROM pfw_cache_refresh_event WHERE event_id > ? ORDER BY event_id
[2026-07-02 15:51:09.439] [scheduling-1] DEBUG c.c.r.m.C.findEventsAfter [TranId: ] [BizTranId: ] [TraceId: ] [SpanId: ] [DynLevel: ] - ==> Parameters: 1(Long)
[2026-07-02 15:51:09.444] [scheduling-1] DEBUG c.c.r.m.C.findEventsAfter [TranId: ] [BizTranId: ] [TraceId: ] [SpanId: ] [DynLevel: ] - <==      Total: 0
[2026-07-02 15:51:14.450] [scheduling-1] DEBUG c.c.r.m.C.findEventsAfter [TranId: ] [BizTranId: ] [TraceId: ] [SpanId: ] [DynLevel: ] - ==>  Preparing: SELECT event_id AS eventId, cache_name AS cacheName, event_type AS eventType, event_key AS eventKey, source_was_id AS sourceWasId, published_by AS publishedBy, published_at AS publishedAt FROM pfw_cache_refresh_event WHERE event_id > ? ORDER BY event_id
[2026-07-02 15:51:14.450] [scheduling-1] DEBUG c.c.r.m.C.findEventsAfter [TranId: ] [BizTranId: ] [TraceId: ] [SpanId: ] [DynLevel: ] - ==> Parameters: 1(Long)
[2026-07-02 15:51:14.451] [scheduling-1] DEBUG c.c.r.m.C.findEventsAfter [TranId: ] [BizTranId: ] [TraceId: ] [SpanId: ] [DynLevel: ] - <==      Total: 0
[2026-07-02 15:51:19.456] [scheduling-1] DEBUG c.c.r.m.C.findEventsAfter [TranId: ] [BizTranId: ] [TraceId: ] [SpanId: ] [DynLevel: ] - ==>  Preparing: SELECT event_id AS eventId, cache_name AS cacheName, event_type AS eventType, event_key AS eventKey, source_was_id AS sourceWasId, published_by AS publishedBy, published_at AS publishedAt FROM pfw_cache_refresh_event WHERE event_id > ? ORDER BY event_id
[2026-07-02 15:51:19.457] [scheduling-1] DEBUG c.c.r.m.C.findEventsAfter [TranId: ] [BizTranId: ] [TraceId: ] [SpanId: ] [DynLevel: ] - ==> Parameters: 1(Long)
[2026-07-02 15:51:19.458] [scheduling-1] DEBUG c.c.r.m.C.findEventsAfter [TranId: ] [BizTranId: ] [TraceId: ] [SpanId: ] [DynLevel: ] - <==      Total: 0
[2026-07-02 15:51:24.474] [scheduling-1] DEBUG c.c.r.m.C.findEventsAfter [TranId: ] [BizTranId: ] [TraceId: ] [SpanId: ] [DynLevel: ] - ==>  Preparing: SELECT event_id AS eventId, cache_name AS cacheName, event_type AS eventType, event_key AS eventKey, source_was_id AS sourceWasId, published_by AS publishedBy, published_at AS publishedAt FROM pfw_cache_refresh_event WHERE event_id > ? ORDER BY event_id
[2026-07-02 15:51:24.474] [scheduling-1] DEBUG c.c.r.m.C.findEventsAfter [TranId: ] [BizTranId: ] [TraceId: ] [SpanId: ] [DynLevel: ] - ==> Parameters: 1(Long)
[2026-07-02 15:51:24.479] [scheduling-1] DEBUG c.c.r.m.C.findEventsAfter [TranId: ] [BizTranId: ] [TraceId: ] [SpanId: ] [DynLevel: ] - <==      Total: 0
[2026-07-02 15:51:29.483] [scheduling-1] DEBUG c.c.r.m.C.findEventsAfter [TranId: ] [BizTranId: ] [TraceId: ] [SpanId: ] [DynLevel: ] - ==>  Preparing: SELECT event_id AS eventId, cache_name AS cacheName, event_type AS eventType, event_key AS eventKey, source_was_id AS sourceWasId, published_by AS publishedBy, published_at AS publishedAt FROM pfw_cache_refresh_event WHERE event_id > ? ORDER BY event_id
[2026-07-02 15:51:29.483] [scheduling-1] DEBUG c.c.r.m.C.findEventsAfter [TranId: ] [BizTranId: ] [TraceId: ] [SpanId: ] [DynLevel: ] - ==> Parameters: 1(Long)
[2026-07-02 15:51:29.485] [scheduling-1] DEBUG c.c.r.m.C.findEventsAfter [TranId: ] [BizTranId: ] [TraceId: ] [SpanId: ] [DynLevel: ] - <==      Total: 0
[2026-07-02 15:51:34.489] [scheduling-1] DEBUG c.c.r.m.C.findEventsAfter [TranId: ] [BizTranId: ] [TraceId: ] [SpanId: ] [DynLevel: ] - ==>  Preparing: SELECT event_id AS eventId, cache_name AS cacheName, event_type AS eventType, event_key AS eventKey, source_was_id AS sourceWasId, published_by AS publishedBy, published_at AS publishedAt FROM pfw_cache_refresh_event WHERE event_id > ? ORDER BY event_id
[2026-07-02 15:51:34.490] [scheduling-1] DEBUG c.c.r.m.C.findEventsAfter [TranId: ] [BizTranId: ] [TraceId: ] [SpanId: ] [DynLevel: ] - ==> Parameters: 1(Long)
[2026-07-02 15:51:34.491] [scheduling-1] DEBUG c.c.r.m.C.findEventsAfter [TranId: ] [BizTranId: ] [TraceId: ] [SpanId: ] [DynLevel: ] - <==      Total: 0
[2026-07-02 15:51:39.494] [scheduling-1] DEBUG c.c.r.m.C.findEventsAfter [TranId: ] [BizTranId: ] [TraceId: ] [SpanId: ] [DynLevel: ] - ==>  Preparing: SELECT event_id AS eventId, cache_name AS cacheName, event_type AS eventType, event_key AS eventKey, source_was_id AS sourceWasId, published_by AS publishedBy, published_at AS publishedAt FROM pfw_cache_refresh_event WHERE event_id > ? ORDER BY event_id
[2026-07-02 15:51:39.494] [scheduling-1] DEBUG c.c.r.m.C.findEventsAfter [TranId: ] [BizTranId: ] [TraceId: ] [SpanId: ] [DynLevel: ] - ==> Parameters: 1(Long)
[2026-07-02 15:51:39.496] [scheduling-1] DEBUG c.c.r.m.C.findEventsAfter [TranId: ] [BizTranId: ] [TraceId: ] [SpanId: ] [DynLevel: ] - <==      Total: 0
[2026-07-02 15:51:44.507] [scheduling-1] DEBUG c.c.r.m.C.findEventsAfter [TranId: ] [BizTranId: ] [TraceId: ] [SpanId: ] [DynLevel: ] - ==>  Preparing: SELECT event_id AS eventId, cache_name AS cacheName, event_type AS eventType, event_key AS eventKey, source_was_id AS sourceWasId, published_by AS publishedBy, published_at AS publishedAt FROM pfw_cache_refresh_event WHERE event_id > ? ORDER BY event_id
[2026-07-02 15:51:44.507] [scheduling-1] DEBUG c.c.r.m.C.findEventsAfter [TranId: ] [BizTranId: ] [TraceId: ] [SpanId: ] [DynLevel: ] - ==> Parameters: 1(Long)
[2026-07-02 15:51:44.508] [scheduling-1] DEBUG c.c.r.m.C.findEventsAfter [TranId: ] [BizTranId: ] [TraceId: ] [SpanId: ] [DynLevel: ] - <==      Total: 0
[2026-07-02 15:51:49.516] [scheduling-1] DEBUG c.c.r.m.C.findEventsAfter [TranId: ] [BizTranId: ] [TraceId: ] [SpanId: ] [DynLevel: ] - ==>  Preparing: SELECT event_id AS eventId, cache_name AS cacheName, event_type AS eventType, event_key AS eventKey, source_was_id AS sourceWasId, published_by AS publishedBy, published_at AS publishedAt FROM pfw_cache_refresh_event WHERE event_id > ? ORDER BY event_id
[2026-07-02 15:51:49.516] [scheduling-1] DEBUG c.c.r.m.C.findEventsAfter [TranId: ] [BizTranId: ] [TraceId: ] [SpanId: ] [DynLevel: ] - ==> Parameters: 1(Long)
[2026-07-02 15:51:49.521] [scheduling-1] DEBUG c.c.r.m.C.findEventsAfter [TranId: ] [BizTranId: ] [TraceId: ] [SpanId: ] [DynLevel: ] - <==      Total: 0
[2026-07-02 15:51:54.529] [scheduling-1] DEBUG c.c.r.m.C.findEventsAfter [TranId: ] [BizTranId: ] [TraceId: ] [SpanId: ] [DynLevel: ] - ==>  Preparing: SELECT event_id AS eventId, cache_name AS cacheName, event_type AS eventType, event_key AS eventKey, source_was_id AS sourceWasId, published_by AS publishedBy, published_at AS publishedAt FROM pfw_cache_refresh_event WHERE event_id > ? ORDER BY event_id
[2026-07-02 15:51:54.529] [scheduling-1] DEBUG c.c.r.m.C.findEventsAfter [TranId: ] [BizTranId: ] [TraceId: ] [SpanId: ] [DynLevel: ] - ==> Parameters: 1(Long)
[2026-07-02 15:51:54.530] [scheduling-1] DEBUG c.c.r.m.C.findEventsAfter [TranId: ] [BizTranId: ] [TraceId: ] [SpanId: ] [DynLevel: ] - <==      Total: 0
[2026-07-02 15:51:59.545] [scheduling-1] DEBUG c.c.r.m.C.findEventsAfter [TranId: ] [BizTranId: ] [TraceId: ] [SpanId: ] [DynLevel: ] - ==>  Preparing: SELECT event_id AS eventId, cache_name AS cacheName, event_type AS eventType, event_key AS eventKey, source_was_id AS sourceWasId, published_by AS publishedBy, published_at AS publishedAt FROM pfw_cache_refresh_event WHERE event_id > ? ORDER BY event_id
[2026-07-02 15:51:59.545] [scheduling-1] DEBUG c.c.r.m.C.findEventsAfter [TranId: ] [BizTranId: ] [TraceId: ] [SpanId: ] [DynLevel: ] - ==> Parameters: 1(Long)
[2026-07-02 15:51:59.546] [scheduling-1] DEBUG c.c.r.m.C.findEventsAfter [TranId: ] [BizTranId: ] [TraceId: ] [SpanId: ] [DynLevel: ] - <==      Total: 0
[2026-07-02 15:52:04.562] [scheduling-1] DEBUG c.c.r.m.C.findEventsAfter [TranId: ] [BizTranId: ] [TraceId: ] [SpanId: ] [DynLevel: ] - ==>  Preparing: SELECT event_id AS eventId, cache_name AS cacheName, event_type AS eventType, event_key AS eventKey, source_was_id AS sourceWasId, published_by AS publishedBy, published_at AS publishedAt FROM pfw_cache_refresh_event WHERE event_id > ? ORDER BY event_id
[2026-07-02 15:52:04.562] [scheduling-1] DEBUG c.c.r.m.C.findEventsAfter [TranId: ] [BizTranId: ] [TraceId: ] [SpanId: ] [DynLevel: ] - ==> Parameters: 1(Long)
[2026-07-02 15:52:04.563] [scheduling-1] DEBUG c.c.r.m.C.findEventsAfter [TranId: ] [BizTranId: ] [TraceId: ] [SpanId: ] [DynLevel: ] - <==      Total: 0
[2026-07-02 15:52:09.574] [scheduling-1] DEBUG c.c.r.m.C.findEventsAfter [TranId: ] [BizTranId: ] [TraceId: ] [SpanId: ] [DynLevel: ] - ==>  Preparing: SELECT event_id AS eventId, cache_name AS cacheName, event_type AS eventType, event_key AS eventKey, source_was_id AS sourceWasId, published_by AS publishedBy, published_at AS publishedAt FROM pfw_cache_refresh_event WHERE event_id > ? ORDER BY event_id
[2026-07-02 15:52:09.575] [scheduling-1] DEBUG c.c.r.m.C.findEventsAfter [TranId: ] [BizTranId: ] [TraceId: ] [SpanId: ] [DynLevel: ] - ==> Parameters: 1(Long)
[2026-07-02 15:52:09.576] [scheduling-1] DEBUG c.c.r.m.C.findEventsAfter [TranId: ] [BizTranId: ] [TraceId: ] [SpanId: ] [DynLevel: ] - <==      Total: 0
[2026-07-02 15:52:14.578] [scheduling-1] DEBUG c.c.r.m.C.findEventsAfter [TranId: ] [BizTranId: ] [TraceId: ] [SpanId: ] [DynLevel: ] - ==>  Preparing: SELECT event_id AS eventId, cache_name AS cacheName, event_type AS eventType, event_key AS eventKey, source_was_id AS sourceWasId, published_by AS publishedBy, published_at AS publishedAt FROM pfw_cache_refresh_event WHERE event_id > ? ORDER BY event_id
[2026-07-02 15:52:14.578] [scheduling-1] DEBUG c.c.r.m.C.findEventsAfter [TranId: ] [BizTranId: ] [TraceId: ] [SpanId: ] [DynLevel: ] - ==> Parameters: 1(Long)
[2026-07-02 15:52:14.579] [scheduling-1] DEBUG c.c.r.m.C.findEventsAfter [TranId: ] [BizTranId: ] [TraceId: ] [SpanId: ] [DynLevel: ] - <==      Total: 0
[2026-07-02 15:52:19.584] [scheduling-1] DEBUG c.c.r.m.C.findEventsAfter [TranId: ] [BizTranId: ] [TraceId: ] [SpanId: ] [DynLevel: ] - ==>  Preparing: SELECT event_id AS eventId, cache_name AS cacheName, event_type AS eventType, event_key AS eventKey, source_was_id AS sourceWasId, published_by AS publishedBy, published_at AS publishedAt FROM pfw_cache_refresh_event WHERE event_id > ? ORDER BY event_id
[2026-07-02 15:52:19.585] [scheduling-1] DEBUG c.c.r.m.C.findEventsAfter [TranId: ] [BizTranId: ] [TraceId: ] [SpanId: ] [DynLevel: ] - ==> Parameters: 1(Long)
[2026-07-02 15:52:19.586] [scheduling-1] DEBUG c.c.r.m.C.findEventsAfter [TranId: ] [BizTranId: ] [TraceId: ] [SpanId: ] [DynLevel: ] - <==      Total: 0
[2026-07-02 15:52:24.602] [scheduling-1] DEBUG c.c.r.m.C.findEventsAfter [TranId: ] [BizTranId: ] [TraceId: ] [SpanId: ] [DynLevel: ] - ==>  Preparing: SELECT event_id AS eventId, cache_name AS cacheName, event_type AS eventType, event_key AS eventKey, source_was_id AS sourceWasId, published_by AS publishedBy, published_at AS publishedAt FROM pfw_cache_refresh_event WHERE event_id > ? ORDER BY event_id
[2026-07-02 15:52:24.602] [scheduling-1] DEBUG c.c.r.m.C.findEventsAfter [TranId: ] [BizTranId: ] [TraceId: ] [SpanId: ] [DynLevel: ] - ==> Parameters: 1(Long)
[2026-07-02 15:52:24.603] [scheduling-1] DEBUG c.c.r.m.C.findEventsAfter [TranId: ] [BizTranId: ] [TraceId: ] [SpanId: ] [DynLevel: ] - <==      Total: 0
[2026-07-02 15:52:29.616] [scheduling-1] DEBUG c.c.r.m.C.findEventsAfter [TranId: ] [BizTranId: ] [TraceId: ] [SpanId: ] [DynLevel: ] - ==>  Preparing: SELECT event_id AS eventId, cache_name AS cacheName, event_type AS eventType, event_key AS eventKey, source_was_id AS sourceWasId, published_by AS publishedBy, published_at AS publishedAt FROM pfw_cache_refresh_event WHERE event_id > ? ORDER BY event_id
[2026-07-02 15:52:29.617] [scheduling-1] DEBUG c.c.r.m.C.findEventsAfter [TranId: ] [BizTranId: ] [TraceId: ] [SpanId: ] [DynLevel: ] - ==> Parameters: 1(Long)
[2026-07-02 15:52:29.619] [scheduling-1] DEBUG c.c.r.m.C.findEventsAfter [TranId: ] [BizTranId: ] [TraceId: ] [SpanId: ] [DynLevel: ] - <==      Total: 0
[2026-07-02 15:52:34.627] [scheduling-1] DEBUG c.c.r.m.C.findEventsAfter [TranId: ] [BizTranId: ] [TraceId: ] [SpanId: ] [DynLevel: ] - ==>  Preparing: SELECT event_id AS eventId, cache_name AS cacheName, event_type AS eventType, event_key AS eventKey, source_was_id AS sourceWasId, published_by AS publishedBy, published_at AS publishedAt FROM pfw_cache_refresh_event WHERE event_id > ? ORDER BY event_id
[2026-07-02 15:52:34.627] [scheduling-1] DEBUG c.c.r.m.C.findEventsAfter [TranId: ] [BizTranId: ] [TraceId: ] [SpanId: ] [DynLevel: ] - ==> Parameters: 1(Long)
[2026-07-02 15:52:34.628] [scheduling-1] DEBUG c.c.r.m.C.findEventsAfter [TranId: ] [BizTranId: ] [TraceId: ] [SpanId: ] [DynLevel: ] - <==      Total: 0
[2026-07-02 15:52:39.632] [scheduling-1] DEBUG c.c.r.m.C.findEventsAfter [TranId: ] [BizTranId: ] [TraceId: ] [SpanId: ] [DynLevel: ] - ==>  Preparing: SELECT event_id AS eventId, cache_name AS cacheName, event_type AS eventType, event_key AS eventKey, source_was_id AS sourceWasId, published_by AS publishedBy, published_at AS publishedAt FROM pfw_cache_refresh_event WHERE event_id > ? ORDER BY event_id
[2026-07-02 15:52:39.633] [scheduling-1] DEBUG c.c.r.m.C.findEventsAfter [TranId: ] [BizTranId: ] [TraceId: ] [SpanId: ] [DynLevel: ] - ==> Parameters: 1(Long)
[2026-07-02 15:52:39.634] [scheduling-1] DEBUG c.c.r.m.C.findEventsAfter [TranId: ] [BizTranId: ] [TraceId: ] [SpanId: ] [DynLevel: ] - <==      Total: 0
[2026-07-02 15:52:44.647] [scheduling-1] DEBUG c.c.r.m.C.findEventsAfter [TranId: ] [BizTranId: ] [TraceId: ] [SpanId: ] [DynLevel: ] - ==>  Preparing: SELECT event_id AS eventId, cache_name AS cacheName, event_type AS eventType, event_key AS eventKey, source_was_id AS sourceWasId, published_by AS publishedBy, published_at AS publishedAt FROM pfw_cache_refresh_event WHERE event_id > ? ORDER BY event_id
[2026-07-02 15:52:44.649] [scheduling-1] DEBUG c.c.r.m.C.findEventsAfter [TranId: ] [BizTranId: ] [TraceId: ] [SpanId: ] [DynLevel: ] - ==> Parameters: 1(Long)
[2026-07-02 15:52:44.649] [scheduling-1] DEBUG c.c.r.m.C.findEventsAfter [TranId: ] [BizTranId: ] [TraceId: ] [SpanId: ] [DynLevel: ] - <==      Total: 0
[2026-07-02 15:52:49.658] [scheduling-1] DEBUG c.c.r.m.C.findEventsAfter [TranId: ] [BizTranId: ] [TraceId: ] [SpanId: ] [DynLevel: ] - ==>  Preparing: SELECT event_id AS eventId, cache_name AS cacheName, event_type AS eventType, event_key AS eventKey, source_was_id AS sourceWasId, published_by AS publishedBy, published_at AS publishedAt FROM pfw_cache_refresh_event WHERE event_id > ? ORDER BY event_id
[2026-07-02 15:52:49.658] [scheduling-1] DEBUG c.c.r.m.C.findEventsAfter [TranId: ] [BizTranId: ] [TraceId: ] [SpanId: ] [DynLevel: ] - ==> Parameters: 1(Long)
[2026-07-02 15:52:49.658] [scheduling-1] DEBUG c.c.r.m.C.findEventsAfter [TranId: ] [BizTranId: ] [TraceId: ] [SpanId: ] [DynLevel: ] - <==      Total: 0
[2026-07-02 15:53:19.820] [main] INFO  c.c.msg.service.MessageCacheService [TranId: ] [BizTranId: ] [TraceId: ] [SpanId: ] [DynLevel: ] - Initializing message cache at startup
[2026-07-02 15:53:19.820] [main] INFO  c.c.msg.service.MessageCacheService [TranId: ] [BizTranId: ] [TraceId: ] [SpanId: ] [DynLevel: ] - Cache Miss: Fetching all messages from database
[2026-07-02 15:53:20.236] [main] DEBUG c.c.m.m.M.findAllMessages [TranId: ] [BizTranId: ] [TraceId: ] [SpanId: ] [DynLevel: ] - ==>  Preparing: SELECT message_id, message_code, message_code AS message_key, locale, message_format_type, external_message, external_message AS message_value, internal_message, parameter_count, parameter_sample, description, use_yn, created_by, created_at, updated_by, updated_at FROM pfw_message ORDER BY message_code, locale
[2026-07-02 15:53:20.290] [main] DEBUG c.c.m.m.M.findAllMessages [TranId: ] [BizTranId: ] [TraceId: ] [SpanId: ] [DynLevel: ] - ==> Parameters: 
[2026-07-02 15:53:20.360] [main] DEBUG c.c.m.m.M.findAllMessages [TranId: ] [BizTranId: ] [TraceId: ] [SpanId: ] [DynLevel: ] - <==      Total: 31
[2026-07-02 15:53:20.569] [main] INFO  c.c.m.s.ResponseCodeCacheService [TranId: ] [BizTranId: ] [TraceId: ] [SpanId: ] [DynLevel: ] - Cache Miss: Fetching all response codes from database
[2026-07-02 15:53:20.571] [main] DEBUG c.c.m.m.R.findAllResponseCodes [TranId: ] [BizTranId: ] [TraceId: ] [SpanId: ] [DynLevel: ] - ==>  Preparing: SELECT response_code, message_code, result_type, module_id, response_group, sequence_no, http_status, description, use_yn, created_by, created_at, updated_by, updated_at FROM pfw_response_code WHERE use_yn = 'Y' ORDER BY response_code
[2026-07-02 15:53:20.571] [main] DEBUG c.c.m.m.R.findAllResponseCodes [TranId: ] [BizTranId: ] [TraceId: ] [SpanId: ] [DynLevel: ] - ==> Parameters: 
[2026-07-02 15:53:20.586] [main] DEBUG c.c.m.m.R.findAllResponseCodes [TranId: ] [BizTranId: ] [TraceId: ] [SpanId: ] [DynLevel: ] - <==      Total: 28
[2026-07-02 15:53:21.096] [main] INFO  c.cmn.cde.service.CodeCacheService [TranId: ] [BizTranId: ] [TraceId: ] [SpanId: ] [DynLevel: ] - Initializing code cache at startup
[2026-07-02 15:53:21.096] [main] INFO  c.cmn.cde.service.CodeCacheService [TranId: ] [BizTranId: ] [TraceId: ] [SpanId: ] [DynLevel: ] - Cache Miss: Fetching all codes from database
[2026-07-02 15:53:21.098] [main] DEBUG c.c.c.mapper.CodeMapper.findAllCodes [TranId: ] [BizTranId: ] [TraceId: ] [SpanId: ] [DynLevel: ] - ==>  Preparing: SELECT code_id, parent_id, code_key, code_value, description, use_yn, created_by, created_at, updated_by, updated_at FROM pfw_code ORDER BY parent_id, code_key, code_value
[2026-07-02 15:53:21.099] [main] DEBUG c.c.c.mapper.CodeMapper.findAllCodes [TranId: ] [BizTranId: ] [TraceId: ] [SpanId: ] [DynLevel: ] - ==> Parameters: 
[2026-07-02 15:53:21.116] [main] DEBUG c.c.c.mapper.CodeMapper.findAllCodes [TranId: ] [BizTranId: ] [TraceId: ] [SpanId: ] [DynLevel: ] - <==      Total: 41
[2026-07-02 15:53:21.159] [main] INFO  c.cmn.cfg.service.ConfigCacheService [TranId: ] [BizTranId: ] [TraceId: ] [SpanId: ] [DynLevel: ] - Initializing config cache at startup
[2026-07-02 15:53:21.160] [main] INFO  c.cmn.cfg.service.ConfigCacheService [TranId: ] [BizTranId: ] [TraceId: ] [SpanId: ] [DynLevel: ] - Cache Miss: Fetching all configs from database
[2026-07-02 15:53:21.161] [main] DEBUG c.c.c.m.ConfigMapper.findAllConfigs [TranId: ] [BizTranId: ] [TraceId: ] [SpanId: ] [DynLevel: ] - ==>  Preparing: SELECT config_id, config_key, config_value, config_type, description, encrypted_yn, use_yn, created_by, created_at, updated_by, updated_at FROM pfw_config ORDER BY config_key
[2026-07-02 15:53:21.161] [main] DEBUG c.c.c.m.ConfigMapper.findAllConfigs [TranId: ] [BizTranId: ] [TraceId: ] [SpanId: ] [DynLevel: ] - ==> Parameters: 
[2026-07-02 15:53:21.168] [main] DEBUG c.c.c.m.ConfigMapper.findAllConfigs [TranId: ] [BizTranId: ] [TraceId: ] [SpanId: ] [DynLevel: ] - <==      Total: 12
[2026-07-02 15:53:21.354] [main] DEBUG c.c.r.m.C.findMaxEventId [TranId: ] [BizTranId: ] [TraceId: ] [SpanId: ] [DynLevel: ] - ==>  Preparing: SELECT MAX(event_id) FROM pfw_cache_refresh_event
[2026-07-02 15:53:21.355] [main] DEBUG c.c.r.m.C.findMaxEventId [TranId: ] [BizTranId: ] [TraceId: ] [SpanId: ] [DynLevel: ] - ==> Parameters: 
[2026-07-02 15:53:21.359] [main] DEBUG c.c.r.m.C.findMaxEventId [TranId: ] [BizTranId: ] [TraceId: ] [SpanId: ] [DynLevel: ] - <==      Total: 1
[2026-07-02 15:53:21.360] [main] INFO  c.c.r.s.CacheRefreshEventListener [TranId: ] [BizTranId: ] [TraceId: ] [SpanId: ] [DynLevel: ] - CMN cache refresh event listener started. lastEventId=1
[2026-07-02 15:53:30.377] [http-nio-8080-exec-1] DEBUG c.c.m.s.ResponseCodeCacheService [TranId: 20260702160000000ACClocal010000000] [BizTranId: ACC09TST0001] [TraceId: TRACE-READY-CHECK] [SpanId: SPN-364e7874-75a0-44ca-ad82-313c6d6da3c3] [DynLevel: ] - Cache Miss: Fetching response code: SCMN000000
[2026-07-02 15:53:30.380] [http-nio-8080-exec-1] DEBUG c.c.m.m.R.findResponseCode [TranId: 20260702160000000ACClocal010000000] [BizTranId: ACC09TST0001] [TraceId: TRACE-READY-CHECK] [SpanId: SPN-364e7874-75a0-44ca-ad82-313c6d6da3c3] [DynLevel: ] - ==>  Preparing: SELECT response_code, message_code, result_type, module_id, response_group, sequence_no, http_status, description, use_yn, created_by, created_at, updated_by, updated_at FROM pfw_response_code WHERE response_code = ? AND use_yn = 'Y' LIMIT 1
[2026-07-02 15:53:30.384] [http-nio-8080-exec-1] DEBUG c.c.m.m.R.findResponseCode [TranId: 20260702160000000ACClocal010000000] [BizTranId: ACC09TST0001] [TraceId: TRACE-READY-CHECK] [SpanId: SPN-364e7874-75a0-44ca-ad82-313c6d6da3c3] [DynLevel: ] - ==> Parameters: SCMN000000(String)
[2026-07-02 15:53:30.386] [http-nio-8080-exec-1] DEBUG c.c.m.m.R.findResponseCode [TranId: 20260702160000000ACClocal010000000] [BizTranId: ACC09TST0001] [TraceId: TRACE-READY-CHECK] [SpanId: SPN-364e7874-75a0-44ca-ad82-313c6d6da3c3] [DynLevel: ] - <==      Total: 0
[2026-07-02 15:53:33.250] [http-nio-8080-exec-3] DEBUG c.c.m.s.ResponseCodeCacheService [TranId: 20260702103000000ACClocal010000001] [BizTranId: ] [TraceId: TRACE-STANDARD-HEADER-E2E] [SpanId: SPN-12da8867-e2bc-4244-8660-e944e70f4f25] [DynLevel: ] - Cache Miss: Fetching response code: EPFW900001
[2026-07-02 15:53:33.252] [http-nio-8080-exec-3] DEBUG c.c.m.m.R.findResponseCode [TranId: 20260702103000000ACClocal010000001] [BizTranId: ] [TraceId: TRACE-STANDARD-HEADER-E2E] [SpanId: SPN-12da8867-e2bc-4244-8660-e944e70f4f25] [DynLevel: ] - ==>  Preparing: SELECT response_code, message_code, result_type, module_id, response_group, sequence_no, http_status, description, use_yn, created_by, created_at, updated_by, updated_at FROM pfw_response_code WHERE response_code = ? AND use_yn = 'Y' LIMIT 1
[2026-07-02 15:53:33.252] [http-nio-8080-exec-3] DEBUG c.c.m.m.R.findResponseCode [TranId: 20260702103000000ACClocal010000001] [BizTranId: ] [TraceId: TRACE-STANDARD-HEADER-E2E] [SpanId: SPN-12da8867-e2bc-4244-8660-e944e70f4f25] [DynLevel: ] - ==> Parameters: EPFW900001(String)
[2026-07-02 15:53:33.255] [http-nio-8080-exec-3] DEBUG c.c.m.m.R.findResponseCode [TranId: 20260702103000000ACClocal010000001] [BizTranId: ] [TraceId: TRACE-STANDARD-HEADER-E2E] [SpanId: SPN-12da8867-e2bc-4244-8660-e944e70f4f25] [DynLevel: ] - <==      Total: 1
[2026-07-02 15:53:33.257] [http-nio-8080-exec-3] DEBUG c.c.m.m.M.findMessageByKeyAndLocale [TranId: 20260702103000000ACClocal010000001] [BizTranId: ] [TraceId: TRACE-STANDARD-HEADER-E2E] [SpanId: SPN-12da8867-e2bc-4244-8660-e944e70f4f25] [DynLevel: ] - ==>  Preparing: SELECT message_id, message_code, message_code AS message_key, locale, message_format_type, external_message, external_message AS message_value, internal_message, parameter_count, parameter_sample, description, use_yn, created_by, created_at, updated_by, updated_at FROM pfw_message WHERE message_code = ? AND locale = ? AND use_yn = 'Y' ORDER BY message_id LIMIT 1
[2026-07-02 15:53:33.258] [http-nio-8080-exec-3] DEBUG c.c.m.m.M.findMessageByKeyAndLocale [TranId: 20260702103000000ACClocal010000001] [BizTranId: ] [TraceId: TRACE-STANDARD-HEADER-E2E] [SpanId: SPN-12da8867-e2bc-4244-8660-e944e70f4f25] [DynLevel: ] - ==> Parameters: MPFW900001(String), ko(String)
[2026-07-02 15:53:33.261] [http-nio-8080-exec-3] DEBUG c.c.m.m.M.findMessageByKeyAndLocale [TranId: 20260702103000000ACClocal010000001] [BizTranId: ] [TraceId: TRACE-STANDARD-HEADER-E2E] [SpanId: SPN-12da8867-e2bc-4244-8660-e944e70f4f25] [DynLevel: ] - <==      Total: 1
[2026-07-02 15:53:35.177] [scheduling-1] DEBUG c.c.r.m.C.findEventsAfter [TranId: ] [BizTranId: ] [TraceId: ] [SpanId: ] [DynLevel: ] - ==>  Preparing: SELECT event_id AS eventId, cache_name AS cacheName, event_type AS eventType, event_key AS eventKey, source_was_id AS sourceWasId, published_by AS publishedBy, published_at AS publishedAt FROM pfw_cache_refresh_event WHERE event_id > ? ORDER BY event_id
[2026-07-02 15:53:35.177] [scheduling-1] DEBUG c.c.r.m.C.findEventsAfter [TranId: ] [BizTranId: ] [TraceId: ] [SpanId: ] [DynLevel: ] - ==> Parameters: 1(Long)
[2026-07-02 15:53:35.178] [scheduling-1] DEBUG c.c.r.m.C.findEventsAfter [TranId: ] [BizTranId: ] [TraceId: ] [SpanId: ] [DynLevel: ] - <==      Total: 0
[2026-07-02 15:54:27.066] [main] INFO  c.c.msg.service.MessageCacheService [TranId: ] [BizTranId: ] [TraceId: ] [SpanId: ] [DynLevel: ] - Initializing message cache at startup
[2026-07-02 15:54:27.066] [main] INFO  c.c.msg.service.MessageCacheService [TranId: ] [BizTranId: ] [TraceId: ] [SpanId: ] [DynLevel: ] - Cache Miss: Fetching all messages from database
[2026-07-02 15:54:27.440] [main] DEBUG c.c.m.m.M.findAllMessages [TranId: ] [BizTranId: ] [TraceId: ] [SpanId: ] [DynLevel: ] - ==>  Preparing: SELECT message_id, message_code, message_code AS message_key, locale, message_format_type, external_message, external_message AS message_value, internal_message, parameter_count, parameter_sample, description, use_yn, created_by, created_at, updated_by, updated_at FROM pfw_message ORDER BY message_code, locale
[2026-07-02 15:54:27.476] [main] DEBUG c.c.m.m.M.findAllMessages [TranId: ] [BizTranId: ] [TraceId: ] [SpanId: ] [DynLevel: ] - ==> Parameters: 
[2026-07-02 15:54:27.546] [main] DEBUG c.c.m.m.M.findAllMessages [TranId: ] [BizTranId: ] [TraceId: ] [SpanId: ] [DynLevel: ] - <==      Total: 31
[2026-07-02 15:54:27.740] [main] INFO  c.c.m.s.ResponseCodeCacheService [TranId: ] [BizTranId: ] [TraceId: ] [SpanId: ] [DynLevel: ] - Cache Miss: Fetching all response codes from database
[2026-07-02 15:54:27.741] [main] DEBUG c.c.m.m.R.findAllResponseCodes [TranId: ] [BizTranId: ] [TraceId: ] [SpanId: ] [DynLevel: ] - ==>  Preparing: SELECT response_code, message_code, result_type, module_id, response_group, sequence_no, http_status, description, use_yn, created_by, created_at, updated_by, updated_at FROM pfw_response_code WHERE use_yn = 'Y' ORDER BY response_code
[2026-07-02 15:54:27.742] [main] DEBUG c.c.m.m.R.findAllResponseCodes [TranId: ] [BizTranId: ] [TraceId: ] [SpanId: ] [DynLevel: ] - ==> Parameters: 
[2026-07-02 15:54:27.754] [main] DEBUG c.c.m.m.R.findAllResponseCodes [TranId: ] [BizTranId: ] [TraceId: ] [SpanId: ] [DynLevel: ] - <==      Total: 28
[2026-07-02 15:54:28.307] [main] INFO  c.cmn.cde.service.CodeCacheService [TranId: ] [BizTranId: ] [TraceId: ] [SpanId: ] [DynLevel: ] - Initializing code cache at startup
[2026-07-02 15:54:28.308] [main] INFO  c.cmn.cde.service.CodeCacheService [TranId: ] [BizTranId: ] [TraceId: ] [SpanId: ] [DynLevel: ] - Cache Miss: Fetching all codes from database
[2026-07-02 15:54:28.310] [main] DEBUG c.c.c.mapper.CodeMapper.findAllCodes [TranId: ] [BizTranId: ] [TraceId: ] [SpanId: ] [DynLevel: ] - ==>  Preparing: SELECT code_id, parent_id, code_key, code_value, description, use_yn, created_by, created_at, updated_by, updated_at FROM pfw_code ORDER BY parent_id, code_key, code_value
[2026-07-02 15:54:28.311] [main] DEBUG c.c.c.mapper.CodeMapper.findAllCodes [TranId: ] [BizTranId: ] [TraceId: ] [SpanId: ] [DynLevel: ] - ==> Parameters: 
[2026-07-02 15:54:28.334] [main] DEBUG c.c.c.mapper.CodeMapper.findAllCodes [TranId: ] [BizTranId: ] [TraceId: ] [SpanId: ] [DynLevel: ] - <==      Total: 41
[2026-07-02 15:54:28.394] [main] INFO  c.cmn.cfg.service.ConfigCacheService [TranId: ] [BizTranId: ] [TraceId: ] [SpanId: ] [DynLevel: ] - Initializing config cache at startup
[2026-07-02 15:54:28.396] [main] INFO  c.cmn.cfg.service.ConfigCacheService [TranId: ] [BizTranId: ] [TraceId: ] [SpanId: ] [DynLevel: ] - Cache Miss: Fetching all configs from database
[2026-07-02 15:54:28.397] [main] DEBUG c.c.c.m.ConfigMapper.findAllConfigs [TranId: ] [BizTranId: ] [TraceId: ] [SpanId: ] [DynLevel: ] - ==>  Preparing: SELECT config_id, config_key, config_value, config_type, description, encrypted_yn, use_yn, created_by, created_at, updated_by, updated_at FROM pfw_config ORDER BY config_key
[2026-07-02 15:54:28.398] [main] DEBUG c.c.c.m.ConfigMapper.findAllConfigs [TranId: ] [BizTranId: ] [TraceId: ] [SpanId: ] [DynLevel: ] - ==> Parameters: 
[2026-07-02 15:54:28.400] [main] DEBUG c.c.c.m.ConfigMapper.findAllConfigs [TranId: ] [BizTranId: ] [TraceId: ] [SpanId: ] [DynLevel: ] - <==      Total: 12
[2026-07-02 15:54:28.619] [main] DEBUG c.c.r.m.C.findMaxEventId [TranId: ] [BizTranId: ] [TraceId: ] [SpanId: ] [DynLevel: ] - ==>  Preparing: SELECT MAX(event_id) FROM pfw_cache_refresh_event
[2026-07-02 15:54:28.620] [main] DEBUG c.c.r.m.C.findMaxEventId [TranId: ] [BizTranId: ] [TraceId: ] [SpanId: ] [DynLevel: ] - ==> Parameters: 
[2026-07-02 15:54:28.624] [main] DEBUG c.c.r.m.C.findMaxEventId [TranId: ] [BizTranId: ] [TraceId: ] [SpanId: ] [DynLevel: ] - <==      Total: 1
[2026-07-02 15:54:28.626] [main] INFO  c.c.r.s.CacheRefreshEventListener [TranId: ] [BizTranId: ] [TraceId: ] [SpanId: ] [DynLevel: ] - CMN cache refresh event listener started. lastEventId=1
[2026-07-02 15:54:37.383] [http-nio-8080-exec-1] DEBUG c.c.m.s.ResponseCodeCacheService [TranId: 20260702160500000ACClocal010000000] [BizTranId: ACC09TST0001] [TraceId: TRACE-READY-CHECK] [SpanId: SPN-943de08e-2489-4491-bcce-e109b5a63713] [DynLevel: ] - Cache Miss: Fetching response code: SCMN000000
[2026-07-02 15:54:37.388] [http-nio-8080-exec-1] DEBUG c.c.m.m.R.findResponseCode [TranId: 20260702160500000ACClocal010000000] [BizTranId: ACC09TST0001] [TraceId: TRACE-READY-CHECK] [SpanId: SPN-943de08e-2489-4491-bcce-e109b5a63713] [DynLevel: ] - ==>  Preparing: SELECT response_code, message_code, result_type, module_id, response_group, sequence_no, http_status, description, use_yn, created_by, created_at, updated_by, updated_at FROM pfw_response_code WHERE response_code = ? AND use_yn = 'Y' LIMIT 1
[2026-07-02 15:54:37.392] [http-nio-8080-exec-1] DEBUG c.c.m.m.R.findResponseCode [TranId: 20260702160500000ACClocal010000000] [BizTranId: ACC09TST0001] [TraceId: TRACE-READY-CHECK] [SpanId: SPN-943de08e-2489-4491-bcce-e109b5a63713] [DynLevel: ] - ==> Parameters: SCMN000000(String)
[2026-07-02 15:54:37.394] [http-nio-8080-exec-1] DEBUG c.c.m.m.R.findResponseCode [TranId: 20260702160500000ACClocal010000000] [BizTranId: ACC09TST0001] [TraceId: TRACE-READY-CHECK] [SpanId: SPN-943de08e-2489-4491-bcce-e109b5a63713] [DynLevel: ] - <==      Total: 0
[2026-07-02 15:54:40.136] [http-nio-8080-exec-3] DEBUG c.c.m.s.ResponseCodeCacheService [TranId: 20260702103000000ACClocal010000001] [BizTranId: ] [TraceId: TRACE-STANDARD-HEADER-E2E] [SpanId: SPN-1f21953e-2321-4432-99bf-ea649f9e727f] [DynLevel: ] - Cache Miss: Fetching response code: EPFW900001
[2026-07-02 15:54:40.137] [http-nio-8080-exec-3] DEBUG c.c.m.m.R.findResponseCode [TranId: 20260702103000000ACClocal010000001] [BizTranId: ] [TraceId: TRACE-STANDARD-HEADER-E2E] [SpanId: SPN-1f21953e-2321-4432-99bf-ea649f9e727f] [DynLevel: ] - ==>  Preparing: SELECT response_code, message_code, result_type, module_id, response_group, sequence_no, http_status, description, use_yn, created_by, created_at, updated_by, updated_at FROM pfw_response_code WHERE response_code = ? AND use_yn = 'Y' LIMIT 1
[2026-07-02 15:54:40.138] [http-nio-8080-exec-3] DEBUG c.c.m.m.R.findResponseCode [TranId: 20260702103000000ACClocal010000001] [BizTranId: ] [TraceId: TRACE-STANDARD-HEADER-E2E] [SpanId: SPN-1f21953e-2321-4432-99bf-ea649f9e727f] [DynLevel: ] - ==> Parameters: EPFW900001(String)
[2026-07-02 15:54:40.140] [http-nio-8080-exec-3] DEBUG c.c.m.m.R.findResponseCode [TranId: 20260702103000000ACClocal010000001] [BizTranId: ] [TraceId: TRACE-STANDARD-HEADER-E2E] [SpanId: SPN-1f21953e-2321-4432-99bf-ea649f9e727f] [DynLevel: ] - <==      Total: 1
[2026-07-02 15:54:40.141] [http-nio-8080-exec-3] DEBUG c.c.m.m.M.findMessageByKeyAndLocale [TranId: 20260702103000000ACClocal010000001] [BizTranId: ] [TraceId: TRACE-STANDARD-HEADER-E2E] [SpanId: SPN-1f21953e-2321-4432-99bf-ea649f9e727f] [DynLevel: ] - ==>  Preparing: SELECT message_id, message_code, message_code AS message_key, locale, message_format_type, external_message, external_message AS message_value, internal_message, parameter_count, parameter_sample, description, use_yn, created_by, created_at, updated_by, updated_at FROM pfw_message WHERE message_code = ? AND locale = ? AND use_yn = 'Y' ORDER BY message_id LIMIT 1
[2026-07-02 15:54:40.142] [http-nio-8080-exec-3] DEBUG c.c.m.m.M.findMessageByKeyAndLocale [TranId: 20260702103000000ACClocal010000001] [BizTranId: ] [TraceId: TRACE-STANDARD-HEADER-E2E] [SpanId: SPN-1f21953e-2321-4432-99bf-ea649f9e727f] [DynLevel: ] - ==> Parameters: MPFW900001(String), ko(String)
[2026-07-02 15:54:40.144] [http-nio-8080-exec-3] DEBUG c.c.m.m.M.findMessageByKeyAndLocale [TranId: 20260702103000000ACClocal010000001] [BizTranId: ] [TraceId: TRACE-STANDARD-HEADER-E2E] [SpanId: SPN-1f21953e-2321-4432-99bf-ea649f9e727f] [DynLevel: ] - <==      Total: 1
[2026-07-02 15:54:42.020] [scheduling-1] DEBUG c.c.r.m.C.findEventsAfter [TranId: ] [BizTranId: ] [TraceId: ] [SpanId: ] [DynLevel: ] - ==>  Preparing: SELECT event_id AS eventId, cache_name AS cacheName, event_type AS eventType, event_key AS eventKey, source_was_id AS sourceWasId, published_by AS publishedBy, published_at AS publishedAt FROM pfw_cache_refresh_event WHERE event_id > ? ORDER BY event_id
[2026-07-02 15:54:42.021] [scheduling-1] DEBUG c.c.r.m.C.findEventsAfter [TranId: ] [BizTranId: ] [TraceId: ] [SpanId: ] [DynLevel: ] - ==> Parameters: 1(Long)
[2026-07-02 15:54:42.022] [scheduling-1] DEBUG c.c.r.m.C.findEventsAfter [TranId: ] [BizTranId: ] [TraceId: ] [SpanId: ] [DynLevel: ] - <==      Total: 0
