CPF_EVIDENCE_VERSION=1
EVIDENCE_ID=boot-artifacts-20260716-02
STATUS=완료
EXECUTED_AT=2026-07-16T19:31:14.8928103+09:00
START_COMMIT=ff4661e673dab9a2f417e75f8ad64fb712c96fa6
BRANCH=master
COMMAND=gradlew bootJar and bootWar tasks
EXIT_CODE=0
JAVA_VERSION=openjdk 25.0.3 2026-04-21 LTS
GRADLE_VERSION=9.1.0
PROFILE=local
SANITIZED=Y
SECRET_SCAN=PASS
TESTS=0
FAILURES=0
ERRORS=0
SKIPPED=0
REASON=
REPRODUCE_COMMAND=
LOG_SHA256=441f4d504b77ce677b76bcef81c0f5872d2bdca828cab2d2574182c5b180b32f
--- SANITIZED_OUTPUT ---

<WORKSPACE>>if "Windows_NT" == "Windows_NT" setlocal

<WORKSPACE>>set DIRNAME=<WORKSPACE>\ 

<WORKSPACE>>if "<WORKSPACE>\" == "" set DIRNAME=. 

<WORKSPACE>>set APP_BASE_NAME=gradlew 

<WORKSPACE>>set APP_HOME=<WORKSPACE>\ 

<WORKSPACE>>for %i in ("<WORKSPACE>\") do set APP_HOME=%~fi 

<WORKSPACE>>set APP_HOME=<WORKSPACE>\ 

<WORKSPACE>>set DEFAULT_JVM_OPTS="-Xmx64m" "-Xms64m" 

<WORKSPACE>>if defined JAVA_HOME goto findJavaFromJavaHome 

<WORKSPACE>>set JAVA_HOME=D:\Java\jdk-25.0.3.9-hotspot\ 

<WORKSPACE>>set JAVA_EXE=D:\Java\jdk-25.0.3.9-hotspot\/bin/java.exe 

<WORKSPACE>>if exist "D:\Java\jdk-25.0.3.9-hotspot\/bin/java.exe" goto execute 

<WORKSPACE>>"D:\Java\jdk-25.0.3.9-hotspot\/bin/java.exe" "-Xmx64m" "-Xms64m"   "-Dorg.gradle.appname=gradlew" -jar "<WORKSPACE>\\gradle\wrapper\gradle-wrapper.jar" :adm:bootJar :bat:bootJar :bza:bootJar :mbr:bootJar :xyz:bootJar :acc:bootJar :pfw-gateway-runtime:bootJar :acc:bootWar :pfw-gateway-runtime:bootWar --offline --no-daemon --console=plain 
To honour the JVM settings for this build a single-use Daemon process will be forked. For more on this, please refer to https://docs.gradle.org/9.1.0/userguide/gradle_daemon.html#sec:disabling_the_daemon in the Gradle documentation.
Daemon will be stopped at the end of the build 
> Task :pfw:compileJava UP-TO-DATE
> Task :cmn:compileJava UP-TO-DATE
> Task :adm:compileJava UP-TO-DATE
> Task :adm:processResources UP-TO-DATE
> Task :adm:classes UP-TO-DATE
> Task :adm:resolveMainClassName UP-TO-DATE
> Task :cmn:processResources UP-TO-DATE
> Task :cmn:classes UP-TO-DATE
> Task :cmn:jar UP-TO-DATE
> Task :pfw:processResources UP-TO-DATE
> Task :pfw:classes UP-TO-DATE
> Task :pfw:jar UP-TO-DATE
> Task :adm:bootJar
> Task :bat:compileJava UP-TO-DATE
> Task :bat:processResources UP-TO-DATE
> Task :bat:classes UP-TO-DATE
> Task :bat:resolveMainClassName
> Task :bat:bootJar
> Task :bza:compileJava UP-TO-DATE
> Task :bza:processResources UP-TO-DATE
> Task :bza:classes UP-TO-DATE
> Task :bza:resolveMainClassName UP-TO-DATE
> Task :bza:bootJar
> Task :mbr:compileJava UP-TO-DATE
> Task :mbr:processResources UP-TO-DATE
> Task :mbr:classes UP-TO-DATE
> Task :mbr:resolveMainClassName
> Task :mbr:bootJar
> Task :xyz:compileJava UP-TO-DATE
> Task :xyz:processResources UP-TO-DATE
> Task :xyz:classes UP-TO-DATE
> Task :xyz:resolveMainClassName
> Task :xyz:bootJar
> Task :acc:compileJava UP-TO-DATE
> Task :acc:processResources UP-TO-DATE
> Task :acc:classes UP-TO-DATE
> Task :acc:resolveMainClassName
> Task :acc:bootJar
> Task :pfw-gateway-runtime:compileJava UP-TO-DATE
> Task :pfw-gateway-runtime:processResources UP-TO-DATE
> Task :pfw-gateway-runtime:classes UP-TO-DATE
> Task :pfw-gateway-runtime:resolveMainClassName
> Task :pfw-gateway-runtime:bootJar
> Task :acc:bootWar
> Task :pfw-gateway-runtime:bootWar

BUILD SUCCESSFUL in 56s
36 actionable tasks: 14 executed, 22 up-to-date
Consider enabling configuration cache to speed up this build: https://docs.gradle.org/9.1.0/userguide/configuration_cache_enabling.html

<WORKSPACE>>if 0 EQU 0 goto mainEnd 

<WORKSPACE>>if "Windows_NT" == "Windows_NT" endlocal
