CPF_EVIDENCE_VERSION=1
EVIDENCE_ID=CPF-QUALITY-GATE-20260713-03
STATUS=완료
EXECUTED_AT=2026-07-13T19:26:39.3199939+09:00
START_COMMIT=255dd6ee752e6c8434eb4bd47c2524dca71cd196
BRANCH=master
COMMAND=JAVA_HOME=<JDK21> CPF_LOG_ROOT=<WORKSPACE>/build/test-runtime-logs GradleWrapperMain qualityGate -PcpfResultDir=specs/evidence/20260713_03
EXIT_CODE=0
JAVA_VERSION=21
GRADLE_VERSION=8.11.1
PROFILE=local
SANITIZED=Y
SECRET_SCAN=PASS
TESTS=308
FAILURES=0
ERRORS=0
SKIPPED=4
DURATION_SECONDS=197.2
TASKS=66
EXECUTED_TASKS=37
UP_TO_DATE_TASKS=29
RESULT=BUILD_SUCCESSFUL
LOG_SHA256=09d6e0f23e3c89f63237299b91776fd0adee4f0c5c27c4dbe8b1d3d38dc9cc53
