CPF_EVIDENCE_VERSION=1
EVIDENCE_ID=CPF-LOG-RUNTIME-PROBE-20260713-03
STATUS=완료
EXECUTED_AT=2026-07-13T18:34:22.3358709+09:00
START_COMMIT=255dd6ee752e6c8434eb4bd47c2524dca71cd196
BRANCH=master
COMMAND=CPF_RUNTIME_LOG_PROBE=true CPF_LOG_ROOT=<WORKSPACE>/logs :pfw:test --tests CpfFileLogRuntimeEvidenceTest
EXIT_CODE=0
JAVA_VERSION=java 21.0.7 2025-04-15 LTS
GRADLE_VERSION=8.11.1
PROFILE=local
SANITIZED=Y
SECRET_SCAN=PASS
TESTS=1
FAILURES=0
ERRORS=0
SKIPPED=0
REASON=
REPRODUCE_COMMAND=
LOG_SHA256=b3cb8a2cc4ffe6655c2a520db73a7d56f6a348c2961e99af4e4e02337f00cb1d
