CPF_EVIDENCE_VERSION=1
EVIDENCE_ID=CPF-STATIC-GATES-20260713-03
STATUS=완료
EXECUTED_AT=2026-07-13T19:26:39.3390073+09:00
START_COMMIT=255dd6ee752e6c8434eb4bd47c2524dca71cd196
BRANCH=master
COMMAND=qualityGate static checks: utf8,mojibake,sql,java,html,feature,ownership,event,profile,runtime,log,openapi,sample,evidence,report-consistency
EXIT_CODE=0
JAVA_VERSION=21
GRADLE_VERSION=8.11.1
PROFILE=local
SANITIZED=Y
SECRET_SCAN=PASS
TESTS=0
FAILURES=0
ERRORS=0
SKIPPED=0
CHECK_COUNT=15
RESULT=PASS
LOG_SHA256=adef7cc9df8174f6b5ae6ace33bc3aac7e7c09c962a1588b31cae5434df33c9f
