CPF_EVIDENCE_VERSION=1
EVIDENCE_ID=check-feature-evidence
STATUS=완료
EXECUTED_AT=2026-07-15T09:48:58.6285216+09:00
START_COMMIT=d16cd7a40062a1e77bd8cd3c6f6f7125cdc0708d
BRANCH=master
COMMAND=powershell -File scripts/check-feature-evidence.ps1
EXIT_CODE=0
JAVA_VERSION=openjdk 25.0.3 2026-04-21 LTS
GRADLE_VERSION=9.1.0
PROFILE=local
SANITIZED=Y
SECRET_SCAN=PASS
TESTS=0
FAILURES=0
ERRORS=0
SKIPPED=0
REASON=
REPRODUCE_COMMAND=
LOG_SHA256=d37f619ae0dee7857f3896b69a1b7f3f7199568b3534d3371aca7deb20eb7098
--- SANITIZED_OUTPUT ---
Feature evidence check passed.
