CPF_EVIDENCE_VERSION=1
EVIDENCE_ID=check-utf8-mojibake
STATUS=완료
EXECUTED_AT=2026-07-15T09:49:00.3302149+09:00
START_COMMIT=d16cd7a40062a1e77bd8cd3c6f6f7125cdc0708d
BRANCH=master
COMMAND=powershell -File scripts/check-utf8.ps1 -CheckMojibake
EXIT_CODE=0
JAVA_VERSION=openjdk 25.0.3 2026-04-21 LTS
GRADLE_VERSION=9.1.0
PROFILE=local
SANITIZED=Y
SECRET_SCAN=PASS
TESTS=0
FAILURES=0
ERRORS=0
SKIPPED=0
REASON=
REPRODUCE_COMMAND=
LOG_SHA256=c2896eb5eb8e7824605c067e6de5a8911f1848bab5e40994768f66b153a92220
--- SANITIZED_OUTPUT ---
UTF-8 check passed.
