CPF_EVIDENCE_VERSION=1
EVIDENCE_ID=CPF-QUALITY-GATE-20260715-FINAL
STATUS=완료
EXECUTED_AT=2026-07-15T10:08:28.3591198+09:00
START_COMMIT=d16cd7a40062a1e77bd8cd3c6f6f7125cdc0708d
BRANCH=master
COMMAND=.\gradlew.bat qualityGate --no-daemon
EXIT_CODE=0
JAVA_VERSION=openjdk 25.0.3 2026-04-21 LTS
GRADLE_VERSION=9.1.0
PROFILE=local
SANITIZED=Y
SECRET_SCAN=PASS
TESTS=290
FAILURES=0
ERRORS=0
SKIPPED=4
REASON=
REPRODUCE_COMMAND=
LOG_SHA256=bb2511192f2080fb351c99c8b4fc48170c54ccaa8302e7ffcd3cc6e94cc4ef20
--- SANITIZED_OUTPUT ---
<WORKSPACE>>if "Windows_NT" == "Windows_NT" setlocal

<WORKSPACE>>set DIRNAME=<WORKSPACE>\ 

<WORKSPACE>>if "<WORKSPACE>\" == "" set DIRNAME=. 

<WORKSPACE>>set APP_BASE_NAME=gradlew 

<WORKSPACE>>set APP_HOME=<WORKSPACE>\ 

<WORKSPACE>>for %i in ("<WORKSPACE>\") do set APP_HOME=%~fi 

<WORKSPACE>>set APP_HOME=<WORKSPACE>\ 

<WORKSPACE>>set DEFAULT_JVM_OPTS="-Xmx64m" "-Xms64m" 

<WORKSPACE>>if defined JAVA_HOME goto findJavaFromJavaHome 

<WORKSPACE>>set JAVA_HOME=D:\Java\jdk-25.0.3.9-hotspot\ 

<WORKSPACE>>set JAVA_EXE=D:\Java\jdk-25.0.3.9-hotspot\/bin/java.exe 

<WORKSPACE>>if exist "D:\Java\jdk-25.0.3.9-hotspot\/bin/java.exe" goto execute 

<WORKSPACE>>"D:\Java\jdk-25.0.3.9-hotspot\/bin/java.exe" "-Xmx64m" "-Xms64m"   "-Dorg.gradle.appname=gradlew" -jar "<WORKSPACE>\\gradle\wrapper\gradle-wrapper.jar" qualityGate --no-daemon 
To honour the JVM settings for this build a single-use Daemon process will be forked. For more on this, please refer to https://docs.gradle.org/9.1.0/userguide/gradle_daemon.html#sec:disabling_the_daemon in the Gradle documentation.
Daemon will be stopped at the end of the build 

> Task :checkArchitectureOwnership
Architecture ownership scan statusCode=DONE failures=0 warnings=0 evidence=<WORKSPACE>\specs\evidence\20260714_02\architecture-ownership-scan.sanitized.json

> Task :checkCpfRequestProtection
CPF request protection check passed.

> Task :checkDeployEnv
> Task :checkDeployInventory

> Task :checkDocxStandard
DOCX standard check passed: documents=9 wordOpen=False

> Task :checkRuntimeConfigStandard
runtime config standard check passed: <WORKSPACE>\specs\evidence\20260714_02

> Task :checkSampleCoverage
Sample coverage status=DONE samples=47 matrix=47 evidence=<WORKSPACE>\specs\evidence\20260714_02\sample-coverage-result.sanitized.json

> Task :pfw:compileJava UP-TO-DATE
> Task :cmn:compileJava UP-TO-DATE
> Task :acc:compileJava UP-TO-DATE
> Task :acc:processResources UP-TO-DATE
> Task :acc:classes UP-TO-DATE
> Task :acc:resolveMainClassName UP-TO-DATE
> Task :cmn:processResources UP-TO-DATE
> Task :cmn:classes UP-TO-DATE
> Task :cmn:jar UP-TO-DATE
> Task :pfw:processResources UP-TO-DATE
> Task :pfw:classes UP-TO-DATE
> Task :pfw:jar UP-TO-DATE
> Task :acc:bootJar UP-TO-DATE
> Task :checkPackagedDependencies
> Task :remoteDeployDryRun

> Task :checkEvidencePathExistence
evidence path existence check passed: <WORKSPACE>\specs\evidence\20260714_02

> Task :checkFeatureEvidence
Feature evidence check passed.

> Task :adm:compileJava UP-TO-DATE
> Task :adm:processResources UP-TO-DATE
> Task :adm:classes UP-TO-DATE
> Task :adm:resolveMainClassName UP-TO-DATE
> Task :adm:bootJar UP-TO-DATE
> Task :bat:compileJava UP-TO-DATE
> Task :bat:processResources UP-TO-DATE
> Task :bat:classes UP-TO-DATE
> Task :bat:resolveMainClassName UP-TO-DATE
> Task :bat:bootJar UP-TO-DATE
> Task :bizadm:compileJava UP-TO-DATE
> Task :bizadm:processResources UP-TO-DATE
> Task :bizadm:classes UP-TO-DATE
> Task :bizadm:resolveMainClassName UP-TO-DATE
> Task :bizadm:bootJar UP-TO-DATE
> Task :exs:compileJava UP-TO-DATE
> Task :exs:processResources UP-TO-DATE
> Task :exs:classes UP-TO-DATE
> Task :exs:resolveMainClassName UP-TO-DATE
> Task :exs:bootJar UP-TO-DATE
> Task :mbr:compileJava UP-TO-DATE
> Task :mbr:processResources UP-TO-DATE
> Task :mbr:classes UP-TO-DATE
> Task :mbr:resolveMainClassName UP-TO-DATE
> Task :mbr:bootJar UP-TO-DATE
> Task :xyz:compileJava UP-TO-DATE
> Task :xyz:processResources UP-TO-DATE
> Task :xyz:classes UP-TO-DATE
> Task :xyz:resolveMainClassName UP-TO-DATE
> Task :xyz:bootJar UP-TO-DATE

> Task :checkJava25Standard
Java 25 standard check passed: modules=9, bootJars=7, major=69

> Task :checkJavaFormat
Java format check passed.

> Task :checkLegacyName
Legacy name marker check passed.

> Task :checkLogManagementStandard
Log management standard check passed.

> Task :checkMojibake
UTF-8 check passed.

> Task :checkOpenApiSourceCoverage
OpenAPI explicit operationId status=DONE mappings=297 explicit=319 modified=0 evidence=<WORKSPACE>\specs\evidence\20260714_02\openapi-source-coverage.sanitized.json

> Task :checkProfileLoading
Profile loading check status=DONE failures=0 evidence=<WORKSPACE>\specs\evidence\20260714_02\profile-loading-result.sanitized.json

> Task :checkReportMatrixEvidenceConsistency
Report, feature matrix, and evidence index consistency check passed.

> Task :checkSampleStandard
Sample and hardcoding standard check passed.

> Task :checkSecuritySeedStandard
Security seed standard check passed.

> Task :checkServiceCallBoundary
Service call boundary scan passed.

> Task :checkSpringEventUsage
Spring Event usage scan statusCode=DONE allowed=5 review=0 forbidden=0 evidence=<WORKSPACE>\specs\evidence\20260714_02\spring-event-usage-scan.sanitized.json

> Task :checkSqlStandard
SQL standard check passed.

> Task :checkTransactionIdStandard
Transaction ID standard check passed.

> Task :checkUtf8
UTF-8 check passed.
Run with -CheckMojibake to also fail on common mojibake markers.

> Task :acc:compileTestJava UP-TO-DATE
> Task :acc:processTestResources NO-SOURCE
> Task :acc:testClasses UP-TO-DATE
> Task :acc:test UP-TO-DATE
> Task :adm:compileTestJava UP-TO-DATE
> Task :adm:processTestResources NO-SOURCE
> Task :adm:testClasses UP-TO-DATE
> Task :adm:test UP-TO-DATE
> Task :bat:compileTestJava UP-TO-DATE
> Task :bat:processTestResources NO-SOURCE
> Task :bat:testClasses UP-TO-DATE
> Task :bat:test UP-TO-DATE
> Task :bizadm:compileTestJava UP-TO-DATE
> Task :bizadm:processTestResources NO-SOURCE
> Task :bizadm:testClasses UP-TO-DATE
> Task :bizadm:test UP-TO-DATE
> Task :cmn:compileTestJava UP-TO-DATE
> Task :cmn:processTestResources NO-SOURCE
> Task :cmn:testClasses UP-TO-DATE
> Task :cmn:test UP-TO-DATE
> Task :exs:compileTestJava UP-TO-DATE
> Task :exs:processTestResources NO-SOURCE
> Task :exs:testClasses UP-TO-DATE
> Task :exs:test UP-TO-DATE
> Task :mbr:compileTestJava UP-TO-DATE
> Task :mbr:processTestResources NO-SOURCE
> Task :mbr:testClasses UP-TO-DATE
> Task :mbr:test UP-TO-DATE
> Task :pfw:compileTestJava UP-TO-DATE
> Task :pfw:processTestResources NO-SOURCE
> Task :pfw:testClasses UP-TO-DATE
> Task :pfw:test UP-TO-DATE
> Task :xyz:compileTestJava UP-TO-DATE
> Task :xyz:processTestResources UP-TO-DATE
> Task :xyz:testClasses UP-TO-DATE
> Task :xyz:test UP-TO-DATE
> Task :qualityGate

BUILD SUCCESSFUL in 2m 51s
79 actionable tasks: 26 executed, 53 up-to-date
Consider enabling configuration cache to speed up this build: https://docs.gradle.org/9.1.0/userguide/configuration_cache_enabling.html

<WORKSPACE>>if 0 EQU 0 goto mainEnd 

<WORKSPACE>>if "Windows_NT" == "Windows_NT" endlocal
