CPF_EVIDENCE_VERSION=1
EVIDENCE_ID=CPF-START-WORKTREE-20260714-02
STATUS=완료
EXECUTED_AT=2026-07-14T14:02:46.6397817+09:00
START_COMMIT=d16cd7a40062a1e77bd8cd3c6f6f7125cdc0708d
BRANCH=master
COMMAND=git status --short --untracked-files=all
EXIT_CODE=0
JAVA_VERSION=openjdk 25.0.3
GRADLE_VERSION=9.1.0
PROFILE=local
SANITIZED=Y
SECRET_SCAN=PASS
REQUEST_SHA256=bccf457fabd14c9be6d37563cc3a1e14aaa65525c9cd2c595ce23cee3719a84c
REQUEST_GIT_BLOB=149c59dfddede5d1653817e603c1106f2e0f68ff
STATUS_COUNT=4
--- WORKTREE ---
 M CPF_NEW_REQUEST.md
 M CPF_STABILIZATION_REPORT.md
?? CPF_CODEX_HANDOFF.md
?? specs/evidence/20260714_02/cpf-new-request.baseline.md
