
D:\WORK_CPF\202412_01_CPF>if "Windows_NT" == "Windows_NT" setlocal

D:\WORK_CPF\202412_01_CPF>set DIRNAME=D:\WORK_CPF\202412_01_CPF\ 

D:\WORK_CPF\202412_01_CPF>if "D:\WORK_CPF\202412_01_CPF\" == "" set DIRNAME=. 

D:\WORK_CPF\202412_01_CPF>set APP_BASE_NAME=gradlew 

D:\WORK_CPF\202412_01_CPF>set APP_HOME=D:\WORK_CPF\202412_01_CPF\ 

D:\WORK_CPF\202412_01_CPF>for %i in ("D:\WORK_CPF\202412_01_CPF\") do set APP_HOME=%~fi 

D:\WORK_CPF\202412_01_CPF>set APP_HOME=D:\WORK_CPF\202412_01_CPF\ 

D:\WORK_CPF\202412_01_CPF>set DEFAULT_JVM_OPTS="-Xmx64m" "-Xms64m" 

D:\WORK_CPF\202412_01_CPF>if defined JAVA_HOME goto findJavaFromJavaHome 

D:\WORK_CPF\202412_01_CPF>set JAVA_HOME=D:\Java\jdk-21 

D:\WORK_CPF\202412_01_CPF>set JAVA_EXE=D:\Java\jdk-21/bin/java.exe 

D:\WORK_CPF\202412_01_CPF>if exist "D:\Java\jdk-21/bin/java.exe" goto execute 

D:\WORK_CPF\202412_01_CPF>set CLASSPATH=D:\WORK_CPF\202412_01_CPF\\gradle\wrapper\gradle-wrapper.jar 

D:\WORK_CPF\202412_01_CPF>"D:\Java\jdk-21/bin/java.exe" "-Xmx64m" "-Xms64m"   "-Dorg.gradle.appname=gradlew" -classpath "D:\WORK_CPF\202412_01_CPF\\gradle\wrapper\gradle-wrapper.jar" org.gradle.wrapper.GradleWrapperMain -p "D:\WORK_CPF\202412_01_CPF\build\domain-generator-verification\lng" :lng:test :lng:bootJar --offline --no-daemon --console=plain 
To honour the JVM settings for this build a single-use Daemon process will be forked. For more on this, please refer to https://docs.gradle.org/8.11.1/userguide/gradle_daemon.html#sec:disabling_the_daemon in the Gradle documentation.
Daemon will be stopped at the end of the build 
> Task :pfw:compileJava
> Task :cmn:compileJava
> Task :cmn:processResources
> Task :cmn:classes
> Task :cmn:jar
> Task :lng:compileJava
> Task :lng:processResources
> Task :lng:classes
> Task :lng:resolveMainClassName
> Task :pfw:processResources
> Task :pfw:classes
> Task :pfw:jar
> Task :lng:bootJar
> Task :lng:compileTestJava
> Task :lng:processTestResources NO-SOURCE
> Task :lng:testClasses
> Task :lng:test

BUILD SUCCESSFUL in 1m 48s
12 actionable tasks: 12 executed

D:\WORK_CPF\202412_01_CPF>if 0 EQU 0 goto mainEnd 

D:\WORK_CPF\202412_01_CPF>if "Windows_NT" == "Windows_NT" endlocal

Java HotSpot(TM) 64-Bit Server VM warning: Sharing is only supported for boot loader classes because bootstrap classpath has been appended
