CPF_EVIDENCE_VERSION=1
EVIDENCE_ID=ACC_LIFECYCLE_COMPILE
STATUS=완료
EXECUTED_AT=2026-07-22T14:05:24.0987526+09:00
START_COMMIT=7451c7247b18acd03f27b860bb617cd39a559389
BRANCH=master
COMMAND=.\gradlew.bat :cpf-account:test :cpf-account:bootJar :cpf-account:bootWar --no-daemon --console=plain
EXIT_CODE=0
JAVA_VERSION=openjdk 25.0.3 2026-04-21 LTS
GRADLE_VERSION=9.1.0
PROFILE=generator-sandbox
SANITIZED=Y
SECRET_SCAN=PASS
TESTS=0
FAILURES=0
ERRORS=0
SKIPPED=0
REASON=
REPRODUCE_COMMAND=.\gradlew.bat checkAccLifecycle --no-daemon
LOG_SHA256=80e9581f55dc43aa95aa20ce15b35cf879c38e947e950d197243ecf945b8c5f4
--- SANITIZED_OUTPUT ---
To honour the JVM settings for this build a single-use Daemon process will be forked. For more on this, please refer to https://docs.gradle.org/9.1.0/userguide/gradle_daemon.html#sec:disabling_the_daemon in the Gradle documentation.
Daemon will be stopped at the end of the build 
> Task :cpf-core:compileJava
> Task :cpf-account:compileJava
> Task :cpf-account:processResources
> Task :cpf-account:classes
> Task :cpf-account:resolveMainClassName
> Task :cpf-core:processResources
> Task :cpf-core:classes
> Task :cpf-core:jar
> Task :cpf-account:bootJar
> Task :cpf-account:bootWar
> Task :cpf-account:compileTestJava
> Task :cpf-account:processTestResources NO-SOURCE
> Task :cpf-account:testClasses
> Task :cpf-account:test

BUILD SUCCESSFUL in 41s
10 actionable tasks: 10 executed
Consider enabling configuration cache to speed up this build: https://docs.gradle.org/9.1.0/userguide/configuration_cache_enabling.html
