CPF_EVIDENCE_VERSION=1
EVIDENCE_ID=DOMAIN_CAPABILITY_MATRIX_COMPILE
STATUS=완료
EXECUTED_AT=2026-07-22T14:58:09.8807244+09:00
START_COMMIT=7451c7247b18acd03f27b860bb617cd39a559389
BRANCH=master
COMMAND=.\gradlew.bat checkDomainCapabilityMatrix --no-daemon
EXIT_CODE=0
JAVA_VERSION=openjdk 25.0.3 2026-04-21 LTS
GRADLE_VERSION=9.1.0
PROFILE=generator-sandbox
SANITIZED=Y
SECRET_SCAN=PASS
TESTS=0
FAILURES=0
ERRORS=0
SKIPPED=0
REASON=
REPRODUCE_COMMAND=.\gradlew.bat checkDomainCapabilityMatrix --no-daemon
LOG_SHA256=69a225d3bea964de7c11d423ae81a72e9fe00e815e7f92bcdb20316d5d565541
--- SANITIZED_OUTPUT ---
To honour the JVM settings for this build a single-use Daemon process will be forked. For more on this, please refer to https://docs.gradle.org/9.1.0/userguide/gradle_daemon.html#sec:disabling_the_daemon in the Gradle documentation.
Daemon will be stopped at the end of the build 
> Task :cpf-core:compileJava
> Task :cpf-core:processResources
> Task :cpf-core:classes
> Task :cpf-core:jar
> Task :cpf-coreonly:compileJava
> Task :cpf-coreonly:processResources
> Task :cpf-coreonly:classes
> Task :cpf-coreonly:resolveMainClassName
> Task :cpf-coreonly:bootJar
> Task :cpf-coreonly:bootWar
> Task :cpf-coreonly:compileTestJava
> Task :cpf-coreonly:processTestResources NO-SOURCE
> Task :cpf-coreonly:testClasses
> Task :cpf-coreonly:test
> Task :cpf-databaseonly:compileJava
> Task :cpf-databaseonly:processResources
> Task :cpf-databaseonly:classes
> Task :cpf-databaseonly:resolveMainClassName
> Task :cpf-databaseonly:bootJar
> Task :cpf-databaseonly:bootWar
> Task :cpf-databaseonly:compileTestJava
> Task :cpf-databaseonly:processTestResources NO-SOURCE
> Task :cpf-databaseonly:testClasses
> Task :cpf-databaseonly:test
> Task :cpf-batchenabled:compileJava
> Task :cpf-batchenabled:processResources
> Task :cpf-batchenabled:classes
> Task :cpf-batchenabled:resolveMainClassName
> Task :cpf-batchenabled:bootJar
> Task :cpf-batchenabled:bootWar
> Task :cpf-batchenabled:compileTestJava
> Task :cpf-batchenabled:processTestResources NO-SOURCE
> Task :cpf-batchenabled:testClasses
> Task :cpf-batchenabled:test
> Task :cpf-externalenabled:compileJava
> Task :cpf-externalenabled:processResources
> Task :cpf-externalenabled:classes
> Task :cpf-externalenabled:resolveMainClassName
> Task :cpf-externalenabled:bootJar
> Task :cpf-externalenabled:bootWar
> Task :cpf-externalenabled:compileTestJava
> Task :cpf-externalenabled:processTestResources NO-SOURCE
> Task :cpf-externalenabled:testClasses
> Task :cpf-externalenabled:test
> Task :cpf-messagingenabled:compileJava
> Task :cpf-messagingenabled:processResources
> Task :cpf-messagingenabled:classes
> Task :cpf-messagingenabled:resolveMainClassName
> Task :cpf-messagingenabled:bootJar
> Task :cpf-messagingenabled:bootWar
> Task :cpf-messagingenabled:compileTestJava
> Task :cpf-messagingenabled:processTestResources NO-SOURCE
> Task :cpf-messagingenabled:testClasses
> Task :cpf-messagingenabled:test
> Task :cpf-fileenabled:compileJava
> Task :cpf-fileenabled:processResources
> Task :cpf-fileenabled:classes
> Task :cpf-fileenabled:resolveMainClassName
> Task :cpf-fileenabled:bootJar
> Task :cpf-fileenabled:bootWar
> Task :cpf-fileenabled:compileTestJava
> Task :cpf-fileenabled:processTestResources NO-SOURCE
> Task :cpf-fileenabled:testClasses
> Task :cpf-fileenabled:test
> Task :cpf-securityenabled:compileJava
> Task :cpf-securityenabled:processResources
> Task :cpf-securityenabled:classes
> Task :cpf-securityenabled:resolveMainClassName
> Task :cpf-securityenabled:bootJar
> Task :cpf-securityenabled:bootWar
> Task :cpf-securityenabled:compileTestJava
> Task :cpf-securityenabled:processTestResources NO-SOURCE
> Task :cpf-securityenabled:testClasses
> Task :cpf-securityenabled:test
> Task :cpf-uienabled:compileJava
> Task :cpf-uienabled:processResources
> Task :cpf-uienabled:classes
> Task :cpf-uienabled:resolveMainClassName
> Task :cpf-uienabled:bootJar
> Task :cpf-uienabled:bootWar
> Task :cpf-uienabled:compileTestJava
> Task :cpf-uienabled:processTestResources NO-SOURCE
> Task :cpf-uienabled:testClasses
> Task :cpf-uienabled:test
> Task :cpf-postgresqlsample:compileJava
> Task :cpf-postgresqlsample:processResources
> Task :cpf-postgresqlsample:classes
> Task :cpf-postgresqlsample:resolveMainClassName
> Task :cpf-postgresqlsample:bootJar
> Task :cpf-postgresqlsample:bootWar
> Task :cpf-postgresqlsample:compileTestJava
> Task :cpf-postgresqlsample:processTestResources NO-SOURCE
> Task :cpf-postgresqlsample:testClasses
> Task :cpf-postgresqlsample:test
> Task :cpf-oraclesample:compileJava
> Task :cpf-oraclesample:processResources
> Task :cpf-oraclesample:classes
> Task :cpf-oraclesample:resolveMainClassName
> Task :cpf-oraclesample:bootJar
> Task :cpf-oraclesample:bootWar
> Task :cpf-oraclesample:compileTestJava
> Task :cpf-oraclesample:processTestResources NO-SOURCE
> Task :cpf-oraclesample:testClasses
> Task :cpf-oraclesample:test
> Task :cpf-sqlserversample:compileJava
> Task :cpf-sqlserversample:processResources
> Task :cpf-sqlserversample:classes
> Task :cpf-sqlserversample:resolveMainClassName
> Task :cpf-sqlserversample:bootJar
> Task :cpf-sqlserversample:bootWar
> Task :cpf-sqlserversample:compileTestJava
> Task :cpf-sqlserversample:processTestResources NO-SOURCE
> Task :cpf-sqlserversample:testClasses
> Task :cpf-sqlserversample:test

BUILD SUCCESSFUL in 5m 38s
80 actionable tasks: 80 executed
Consider enabling configuration cache to speed up this build: https://docs.gradle.org/9.1.0/userguide/configuration_cache_enabling.html
