2026-06-26 16:42:26.411 [DEBUG] [Test worker] [o.s.w.s.m.m.a.RequestMappingHandlerMapping] [TranId: 20260611141234567MBRmbrAP010000001] [BizTranId: ] [TraceId: TRACE-TEST-001] [SpanId: SPN-2f0d67a1-d911-4064-bc9d-e827facc02ea] [DynLevel: ] - Mapped to cpf.mbr.bse.controller.MbrController#getDetail(Integer)
2026-06-26 16:42:26.488 [DEBUG] [Test worker] [o.s.jdbc.core.JdbcTemplate] [TranId: 20260611141234567MBRmbrAP010000001] [BizTranId: ] [TraceId: TRACE-TEST-001] [SpanId: SPN-2f0d67a1-d911-4064-bc9d-e827facc02ea] [DynLevel: ] - Executing prepared SQL query
2026-06-26 16:42:26.490 [DEBUG] [Test worker] [o.s.jdbc.core.JdbcTemplate] [TranId: 20260611141234567MBRmbrAP010000001] [BizTranId: ] [TraceId: TRACE-TEST-001] [SpanId: SPN-2f0d67a1-d911-4064-bc9d-e827facc02ea] [DynLevel: ] - Executing prepared SQL statement [SELECT COUNT(*)
FROM information_schema.tables
WHERE table_schema = DATABASE()
  AND table_name = ?
]
2026-06-26 16:42:26.512 [INFO ] [Test worker] [com.zaxxer.hikari.HikariDataSource] [TranId: 20260611141234567MBRmbrAP010000001] [BizTranId: ] [TraceId: TRACE-TEST-001] [SpanId: SPN-2f0d67a1-d911-4064-bc9d-e827facc02ea] [DynLevel: ] - HikariPool-1 - Starting...
2026-06-26 16:42:26.659 [INFO ] [Test worker] [com.zaxxer.hikari.pool.HikariPool] [TranId: 20260611141234567MBRmbrAP010000001] [BizTranId: ] [TraceId: TRACE-TEST-001] [SpanId: SPN-2f0d67a1-d911-4064-bc9d-e827facc02ea] [DynLevel: ] - HikariPool-1 - Added connection org.mariadb.jdbc.Connection@4ca87dbe
2026-06-26 16:42:26.661 [INFO ] [Test worker] [com.zaxxer.hikari.HikariDataSource] [TranId: 20260611141234567MBRmbrAP010000001] [BizTranId: ] [TraceId: TRACE-TEST-001] [SpanId: SPN-2f0d67a1-d911-4064-bc9d-e827facc02ea] [DynLevel: ] - HikariPool-1 - Start completed.
2026-06-26 16:42:26.681 [DEBUG] [Test worker] [o.s.jdbc.core.JdbcTemplate] [TranId: 20260611141234567MBRmbrAP010000001] [BizTranId: ] [TraceId: TRACE-TEST-001] [SpanId: SPN-2f0d67a1-d911-4064-bc9d-e827facc02ea] [DynLevel: ] - Executing prepared SQL query
2026-06-26 16:42:26.682 [DEBUG] [Test worker] [o.s.jdbc.core.JdbcTemplate] [TranId: 20260611141234567MBRmbrAP010000001] [BizTranId: ] [TraceId: TRACE-TEST-001] [SpanId: SPN-2f0d67a1-d911-4064-bc9d-e827facc02ea] [DynLevel: ] - Executing prepared SQL statement [SELECT policy_id, NULL AS override_id, target_type, target_id, log_level,
       db_log_enabled_yn, file_log_enabled_yn, request_body_log_yn,
       response_body_log_yn, error_stack_log_yn, masking_policy_key
FROM pfw_log_policy
WHERE active_yn = 'Y'
  AND target_type IN (?,?)
  AND target_id IN (?, '*')
ORDER BY CASE WHEN target_id = ? THEN 0 ELSE 1 END, priority ASC, policy_id ASC
LIMIT 1
]
2026-06-26 16:42:26.685 [DEBUG] [Test worker] [o.s.jdbc.core.JdbcTemplate] [TranId: 20260611141234567MBRmbrAP010000001] [BizTranId: ] [TraceId: TRACE-TEST-001] [SpanId: SPN-2f0d67a1-d911-4064-bc9d-e827facc02ea] [DynLevel: ] - Executing prepared SQL query
2026-06-26 16:42:26.685 [DEBUG] [Test worker] [o.s.jdbc.core.JdbcTemplate] [TranId: 20260611141234567MBRmbrAP010000001] [BizTranId: ] [TraceId: TRACE-TEST-001] [SpanId: SPN-2f0d67a1-d911-4064-bc9d-e827facc02ea] [DynLevel: ] - Executing prepared SQL statement [SELECT COUNT(*)
FROM information_schema.tables
WHERE table_schema = DATABASE()
  AND table_name = ?
]
2026-06-26 16:42:26.686 [DEBUG] [Test worker] [o.s.jdbc.core.JdbcTemplate] [TranId: 20260611141234567MBRmbrAP010000001] [BizTranId: ] [TraceId: TRACE-TEST-001] [SpanId: SPN-2f0d67a1-d911-4064-bc9d-e827facc02ea] [DynLevel: ] - Executing prepared SQL query
2026-06-26 16:42:26.686 [DEBUG] [Test worker] [o.s.jdbc.core.JdbcTemplate] [TranId: 20260611141234567MBRmbrAP010000001] [BizTranId: ] [TraceId: TRACE-TEST-001] [SpanId: SPN-2f0d67a1-d911-4064-bc9d-e827facc02ea] [DynLevel: ] - Executing prepared SQL statement [SELECT override_id, policy_id, target_type, target_id, log_level,
       db_log_enabled_yn, file_log_enabled_yn, request_body_log_yn,
       response_body_log_yn, error_stack_log_yn, masking_policy_key
FROM pfw_log_policy_override
WHERE active_yn = 'Y'
  AND target_type IN (?,?)
  AND target_id IN (?, '*')
  AND effective_start_at <= ?
  AND effective_end_at >= ?
ORDER BY CASE WHEN target_id = ? THEN 0 ELSE 1 END, override_id DESC
LIMIT 1
]
2026-06-26 16:42:26.694 [INFO ] [Test worker] [c.pfw.common.logging.LoggingAspect] [TranId: 20260611141234567MBRmbrAP010000001] [BizTranId: MBR01BSE0002] [TraceId: TRACE-TEST-001] [SpanId: SPN-2f0d67a1-d911-4064-bc9d-e827facc02ea] [DynLevel: ] - Transaction started. transactionId=20260611141234567MBRmbrAP010000001, businessTransactionId=MBR01BSE0002, businessTransactionName=MBRMemberDetail, traceId=TRACE-TEST-001, spanId=SPN-2f0d67a1-d911-4064-bc9d-e827facc02ea, moduleId=MBR, sequenceNo=1, workflowInstanceId=None, workflowStepId=None, method=GET, uri=/mbr/detail, controller=MbrController.getDetail(..), executionClass=cpf.mbr.bse.controller.MbrController, executionMethod=getDetail, clientIp=10.10.10.10, parameters=memberId=[0], requestBody=null
2026-06-26 16:42:26.780 [INFO ] [Test worker] [c.pfw.common.logging.LoggingAspect] [TranId: 20260611141234567MBRmbrAP010000001] [BizTranId: MBR01BSE0002] [TraceId: TRACE-TEST-001] [SpanId: SPN-2f0d67a1-d911-4064-bc9d-e827facc02ea] [DynLevel: ] - Transaction failed. transactionId=20260611141234567MBRmbrAP010000001, traceId=TRACE-TEST-001, spanId=SPN-2f0d67a1-d911-4064-bc9d-e827facc02ea, moduleId=MBR, sequenceNo=1, workflowStatus=NONE, compensationYn=N, durationMs=315, error=getDetail.memberId: memberId must be positive
jakarta.validation.ConstraintViolationException: getDetail.memberId: memberId must be positive
	at org.springframework.validation.beanvalidation.MethodValidationInterceptor.invoke(MethodValidationInterceptor.java:168)
	at org.springframework.aop.framework.ReflectiveMethodInvocation.proceed(ReflectiveMethodInvocation.java:184)
	at org.springframework.aop.aspectj.MethodInvocationProceedingJoinPoint.proceed(MethodInvocationProceedingJoinPoint.java:89)
	at cpf.pfw.common.logging.LoggingAspect.logTransaction(LoggingAspect.java:164)
	at java.base/jdk.internal.reflect.DirectMethodHandleAccessor.invoke(DirectMethodHandleAccessor.java:103)
	at java.base/java.lang.reflect.Method.invoke(Method.java:580)
	at org.springframework.aop.aspectj.AbstractAspectJAdvice.invokeAdviceMethodWithGivenArgs(AbstractAspectJAdvice.java:649)
	at org.springframework.aop.aspectj.AbstractAspectJAdvice.invokeAdviceMethod(AbstractAspectJAdvice.java:631)
	at org.springframework.aop.aspectj.AspectJAroundAdvice.invoke(AspectJAroundAdvice.java:71)
	at org.springframework.aop.framework.ReflectiveMethodInvocation.proceed(ReflectiveMethodInvocation.java:184)
	at org.springframework.aop.interceptor.ExposeInvocationInterceptor.invoke(ExposeInvocationInterceptor.java:97)
	at org.springframework.aop.framework.ReflectiveMethodInvocation.proceed(ReflectiveMethodInvocation.java:184)
	at org.springframework.aop.framework.CglibAopProxy$DynamicAdvisedInterceptor.intercept(CglibAopProxy.java:728)
	at cpf.mbr.bse.controller.MbrController$$SpringCGLIB$$0.getDetail(<generated>)
	at java.base/jdk.internal.reflect.DirectMethodHandleAccessor.invoke(DirectMethodHandleAccessor.java:103)
	at java.base/java.lang.reflect.Method.invoke(Method.java:580)
	at org.springframework.web.method.support.InvocableHandlerMethod.doInvoke(InvocableHandlerMethod.java:258)
	at org.springframework.web.method.support.InvocableHandlerMethod.invokeForRequest(InvocableHandlerMethod.java:191)
	at org.springframework.web.servlet.mvc.method.annotation.ServletInvocableHandlerMethod.invokeAndHandle(ServletInvocableHandlerMethod.java:118)
	at org.springframework.web.servlet.mvc.method.annotation.RequestMappingHandlerAdapter.invokeHandlerMethod(RequestMappingHandlerAdapter.java:991)
	at org.springframework.web.servlet.mvc.method.annotation.RequestMappingHandlerAdapter.handleInternal(RequestMappingHandlerAdapter.java:896)
	at org.springframework.web.servlet.mvc.method.AbstractHandlerMethodAdapter.handle(AbstractHandlerMethodAdapter.java:87)
	at org.springframework.web.servlet.DispatcherServlet.doDispatch(DispatcherServlet.java:1089)
	at org.springframework.web.servlet.DispatcherServlet.doService(DispatcherServlet.java:979)
	at org.springframework.web.servlet.FrameworkServlet.processRequest(FrameworkServlet.java:1014)
	at org.springframework.web.servlet.FrameworkServlet.doGet(FrameworkServlet.java:903)
	at jakarta.servlet.http.HttpServlet.service(HttpServlet.java:564)
	at org.springframework.web.servlet.FrameworkServlet.service(FrameworkServlet.java:885)
	at org.springframework.test.web.servlet.TestDispatcherServlet.service(TestDispatcherServlet.java:72)
	at jakarta.servlet.http.HttpServlet.service(HttpServlet.java:658)
	at org.springframework.mock.web.MockFilterChain$ServletFilterProxy.doFilter(MockFilterChain.java:165)
	at org.springframework.mock.web.MockFilterChain.doFilter(MockFilterChain.java:132)
	at cpf.mbr.common.filter.SecurityHeaderFilter.doFilterInternal(SecurityHeaderFilter.java:27)
	at org.springframework.web.filter.OncePerRequestFilter.doFilter(OncePerRequestFilter.java:116)
	at org.springframework.test.web.servlet.setup.MockMvcFilterDecorator.doFilter(MockMvcFilterDecorator.java:162)
	at org.springframework.mock.web.MockFilterChain.doFilter(MockFilterChain.java:132)
	at org.springframework.web.filter.RequestContextFilter.doFilterInternal(RequestContextFilter.java:100)
	at org.springframework.web.filter.OncePerRequestFilter.doFilter(OncePerRequestFilter.java:116)
	at org.springframework.test.web.servlet.setup.MockMvcFilterDecorator.doFilter(MockMvcFilterDecorator.java:162)
	at org.springframework.mock.web.MockFilterChain.doFilter(MockFilterChain.java:132)
	at org.springframework.web.filter.FormContentFilter.doFilterInternal(FormContentFilter.java:93)
	at org.springframework.web.filter.OncePerRequestFilter.doFilter(OncePerRequestFilter.java:116)
	at org.springframework.test.web.servlet.setup.MockMvcFilterDecorator.doFilter(MockMvcFilterDecorator.java:162)
	at org.springframework.mock.web.MockFilterChain.doFilter(MockFilterChain.java:132)
	at org.springframework.web.filter.CharacterEncodingFilter.doFilterInternal(CharacterEncodingFilter.java:201)
	at org.springframework.web.filter.OncePerRequestFilter.doFilter(OncePerRequestFilter.java:116)
	at org.springframework.test.web.servlet.setup.MockMvcFilterDecorator.doFilter(MockMvcFilterDecorator.java:162)
	at org.springframework.mock.web.MockFilterChain.doFilter(MockFilterChain.java:132)
	at cpf.pfw.common.filter.TransactionContextFilter.doFilterInternal(TransactionContextFilter.java:52)
	at org.springframework.web.filter.OncePerRequestFilter.doFilter(OncePerRequestFilter.java:116)
	at org.springframework.test.web.servlet.setup.MockMvcFilterDecorator.doFilter(MockMvcFilterDecorator.java:162)
	at org.springframework.mock.web.MockFilterChain.doFilter(MockFilterChain.java:132)
	at cpf.pfw.config.PfwOpenApiAutoConfiguration.lambda$cpfSwaggerUiHtmlRedirectFilter$0(PfwOpenApiAutoConfiguration.java:117)
	at org.springframework.test.web.servlet.setup.MockMvcFilterDecorator.doFilter(MockMvcFilterDecorator.java:162)
	at org.springframework.mock.web.MockFilterChain.doFilter(MockFilterChain.java:132)
	at org.springframework.test.web.servlet.MockMvc.perform(MockMvc.java:201)
	at cpf.mbr.bse.controller.MbrControllerValidationTest.detailRejectsInvalidMemberIdQueryParameter(MbrControllerValidationTest.java:67)
	at java.base/jdk.internal.reflect.DirectMethodHandleAccessor.invoke(DirectMethodHandleAccessor.java:103)
	at java.base/java.lang.reflect.Method.invoke(Method.java:580)
	at org.junit.platform.commons.util.ReflectionUtils.invokeMethod(ReflectionUtils.java:767)
	at org.junit.jupiter.engine.execution.MethodInvocation.proceed(MethodInvocation.java:60)
	at org.junit.jupiter.engine.execution.InvocationInterceptorChain$ValidatingInvocation.proceed(InvocationInterceptorChain.java:131)
	at org.junit.jupiter.engine.extension.TimeoutExtension.intercept(TimeoutExtension.java:156)
	at org.junit.jupiter.engine.extension.TimeoutExtension.interceptTestableMethod(TimeoutExtension.java:147)
	at org.junit.jupiter.engine.extension.TimeoutExtension.interceptTestMethod(TimeoutExtension.java:86)
	at org.junit.jupiter.engine.execution.InterceptingExecutableInvoker$ReflectiveInterceptorCall.lambda$ofVoidMethod$0(InterceptingExecutableInvoker.java:103)
	at org.junit.jupiter.engine.execution.InterceptingExecutableInvoker.lambda$invoke$0(InterceptingExecutableInvoker.java:93)
	at org.junit.jupiter.engine.execution.InvocationInterceptorChain$InterceptedInvocation.proceed(InvocationInterceptorChain.java:106)
	at org.junit.jupiter.engine.execution.InvocationInterceptorChain.proceed(InvocationInterceptorChain.java:64)
	at org.junit.jupiter.engine.execution.InvocationInterceptorChain.chainAndInvoke(InvocationInterceptorChain.java:45)
	at org.junit.jupiter.engine.execution.InvocationInterceptorChain.invoke(InvocationInterceptorChain.java:37)
	at org.junit.jupiter.engine.execution.InterceptingExecutableInvoker.invoke(InterceptingExecutableInvoker.java:92)
	at org.junit.jupiter.engine.execution.InterceptingExecutableInvoker.invoke(InterceptingExecutableInvoker.java:86)
	at org.junit.jupiter.engine.descriptor.TestMethodTestDescriptor.lambda$invokeTestMethod$8(TestMethodTestDescriptor.java:217)
	at org.junit.platform.engine.support.hierarchical.ThrowableCollector.execute(ThrowableCollector.java:73)
	at org.junit.jupiter.engine.descriptor.TestMethodTestDescriptor.invokeTestMethod(TestMethodTestDescriptor.java:213)
	at org.junit.jupiter.engine.descriptor.TestMethodTestDescriptor.execute(TestMethodTestDescriptor.java:138)
	at org.junit.jupiter.engine.descriptor.TestMethodTestDescriptor.execute(TestMethodTestDescriptor.java:68)
	at org.junit.platform.engine.support.hierarchical.NodeTestTask.lambda$executeRecursively$6(NodeTestTask.java:156)
	at org.junit.platform.engine.support.hierarchical.ThrowableCollector.execute(ThrowableCollector.java:73)
	at org.junit.platform.engine.support.hierarchical.NodeTestTask.lambda$executeRecursively$8(NodeTestTask.java:146)
	at org.junit.platform.engine.support.hierarchical.Node.around(Node.java:137)
	at org.junit.platform.engine.support.hierarchical.NodeTestTask.lambda$executeRecursively$9(NodeTestTask.java:144)
	at org.junit.platform.engine.support.hierarchical.ThrowableCollector.execute(ThrowableCollector.java:73)
	at org.junit.platform.engine.support.hierarchical.NodeTestTask.executeRecursively(NodeTestTask.java:143)
	at org.junit.platform.engine.support.hierarchical.NodeTestTask.execute(NodeTestTask.java:100)
	at java.base/java.util.ArrayList.forEach(ArrayList.java:1596)
	at org.junit.platform.engine.support.hierarchical.SameThreadHierarchicalTestExecutorService.invokeAll(SameThreadHierarchicalTestExecutorService.java:41)
	at org.junit.platform.engine.support.hierarchical.NodeTestTask.lambda$executeRecursively$6(NodeTestTask.java:160)
	at org.junit.platform.engine.support.hierarchical.ThrowableCollector.execute(ThrowableCollector.java:73)
	at org.junit.platform.engine.support.hierarchical.NodeTestTask.lambda$executeRecursively$8(NodeTestTask.java:146)
	at org.junit.platform.engine.support.hierarchical.Node.around(Node.java:137)
	at org.junit.platform.engine.support.hierarchical.NodeTestTask.lambda$executeRecursively$9(NodeTestTask.java:144)
	at org.junit.platform.engine.support.hierarchical.ThrowableCollector.execute(ThrowableCollector.java:73)
	at org.junit.platform.engine.support.hierarchical.NodeTestTask.executeRecursively(NodeTestTask.java:143)
	at org.junit.platform.engine.support.hierarchical.NodeTestTask.execute(NodeTestTask.java:100)
	at java.base/java.util.ArrayList.forEach(ArrayList.java:1596)
	at org.junit.platform.engine.support.hierarchical.SameThreadHierarchicalTestExecutorService.invokeAll(SameThreadHierarchicalTestExecutorService.java:41)
	at org.junit.platform.engine.support.hierarchical.NodeTestTask.lambda$executeRecursively$6(NodeTestTask.java:160)
	at org.junit.platform.engine.support.hierarchical.ThrowableCollector.execute(ThrowableCollector.java:73)
	at org.junit.platform.engine.support.hierarchical.NodeTestTask.lambda$executeRecursively$8(NodeTestTask.java:146)
	at org.junit.platform.engine.support.hierarchical.Node.around(Node.java:137)
	at org.junit.platform.engine.support.hierarchical.NodeTestTask.lambda$executeRecursively$9(NodeTestTask.java:144)
	at org.junit.platform.engine.support.hierarchical.ThrowableCollector.execute(ThrowableCollector.java:73)
	at org.junit.platform.engine.support.hierarchical.NodeTestTask.executeRecursively(NodeTestTask.java:143)
	at org.junit.platform.engine.support.hierarchical.NodeTestTask.execute(NodeTestTask.java:100)
	at org.junit.platform.engine.support.hierarchical.SameThreadHierarchicalTestExecutorService.submit(SameThreadHierarchicalTestExecutorService.java:35)
	at org.junit.platform.engine.support.hierarchical.HierarchicalTestExecutor.execute(HierarchicalTestExecutor.java:57)
	at org.junit.platform.engine.support.hierarchical.HierarchicalTestEngine.execute(HierarchicalTestEngine.java:54)
	at org.junit.platform.launcher.core.EngineExecutionOrchestrator.execute(EngineExecutionOrchestrator.java:198)
	at org.junit.platform.launcher.core.EngineExecutionOrchestrator.execute(EngineExecutionOrchestrator.java:169)
	at org.junit.platform.launcher.core.EngineExecutionOrchestrator.execute(EngineExecutionOrchestrator.java:93)
	at org.junit.platform.launcher.core.EngineExecutionOrchestrator.lambda$execute$0(EngineExecutionOrchestrator.java:58)
	at org.junit.platform.launcher.core.EngineExecutionOrchestrator.withInterceptedStreams(EngineExecutionOrchestrator.java:141)
	at org.junit.platform.launcher.core.EngineExecutionOrchestrator.execute(EngineExecutionOrchestrator.java:57)
	at org.junit.platform.launcher.core.DefaultLauncher.execute(DefaultLauncher.java:103)
	at org.junit.platform.launcher.core.DefaultLauncher.execute(DefaultLauncher.java:85)
	at org.junit.platform.launcher.core.DelegatingLauncher.execute(DelegatingLauncher.java:47)
	at org.gradle.api.internal.tasks.testing.junitplatform.JUnitPlatformTestClassProcessor$CollectAllTestClassesExecutor.processAllTestClasses(JUnitPlatformTestClassProcessor.java:124)
	at org.gradle.api.internal.tasks.testing.junitplatform.JUnitPlatformTestClassProcessor$CollectAllTestClassesExecutor.access$000(JUnitPlatformTestClassProcessor.java:99)
	at org.gradle.api.internal.tasks.testing.junitplatform.JUnitPlatformTestClassProcessor.stop(JUnitPlatformTestClassProcessor.java:94)
	at org.gradle.api.internal.tasks.testing.SuiteTestClassProcessor.stop(SuiteTestClassProcessor.java:63)
	at java.base/jdk.internal.reflect.DirectMethodHandleAccessor.invoke(DirectMethodHandleAccessor.java:103)
	at java.base/java.lang.reflect.Method.invoke(Method.java:580)
	at org.gradle.internal.dispatch.ReflectionDispatch.dispatch(ReflectionDispatch.java:36)
	at org.gradle.internal.dispatch.ReflectionDispatch.dispatch(ReflectionDispatch.java:24)
	at org.gradle.internal.dispatch.ContextClassLoaderDispatch.dispatch(ContextClassLoaderDispatch.java:33)
	at org.gradle.internal.dispatch.ProxyDispatchAdapter$DispatchingInvocationHandler.invoke(ProxyDispatchAdapter.java:92)
	at jdk.proxy1/jdk.proxy1.$Proxy4.stop(Unknown Source)
	at org.gradle.api.internal.tasks.testing.worker.TestWorker$3.run(TestWorker.java:200)
	at org.gradle.api.internal.tasks.testing.worker.TestWorker.executeAndMaintainThreadName(TestWorker.java:132)
	at org.gradle.api.internal.tasks.testing.worker.TestWorker.execute(TestWorker.java:103)
	at org.gradle.api.internal.tasks.testing.worker.TestWorker.execute(TestWorker.java:63)
	at org.gradle.process.internal.worker.child.ActionExecutionWorker.execute(ActionExecutionWorker.java:56)
	at org.gradle.process.internal.worker.child.SystemApplicationClassLoaderWorker.call(SystemApplicationClassLoaderWorker.java:121)
	at org.gradle.process.internal.worker.child.SystemApplicationClassLoaderWorker.call(SystemApplicationClassLoaderWorker.java:71)
	at worker.org.gradle.process.internal.worker.GradleWorkerMain.run(GradleWorkerMain.java:69)
	at worker.org.gradle.process.internal.worker.GradleWorkerMain.main(GradleWorkerMain.java:74)
2026-06-26 16:42:26.854 [DEBUG] [Test worker] [c.p.m.c.l.T.insertTransactionLog] [TranId: 20260611141234567MBRmbrAP010000001] [BizTranId: MBR01BSE0002] [TraceId: TRACE-TEST-001] [SpanId: SPN-2f0d67a1-d911-4064-bc9d-e827facc02ea] [DynLevel: ] - ==>  Preparing: INSERT INTO pfw_transaction_log ( LOG_DATE, TRANSACTION_ID, TRACE_ID, SPAN_ID, PARENT_SPAN_ID, SEQUENCE_NO, MODULE_ID, MENU_ID, BUSINESS_TRANSACTION_ID, BUSINESS_TRANSACTION_NAME, LOG_TYPE, API_VERSION, CLIENT_APP_ID, CLIENT_VERSION, CALLER_SERVICE, CALLER_INSTANCE_ID, CORRELATION_ID, IDEMPOTENCY_KEY, LOCALE, TIMEZONE, REQUEST_TYPE, ORIGINAL_CHANNEL_CODE, CHANNEL_CODE, MEMBER_NO, CUSTOMER_NO, SCREEN_ID, DEVICE_ID, CLIENT_REQUEST_TIME, WAS_ID, SERVER_INSTANCE_ID, HOST_NAME, PROCESS_ID, THREAD_NAME, RESERVED_FIELD_1, RESERVED_FIELD_2, RESERVED_FIELD_3, RESERVED_FIELD_4, RESERVED_FIELD_5, HTTP_METHOD, URI, CONTROLLER, EXECUTION_PACKAGE, EXECUTION_CLASS, EXECUTION_METHOD, EXECUTION_SIGNATURE, WORKFLOW_ID, WORKFLOW_NAME, WORKFLOW_INSTANCE_ID, WORKFLOW_STEP_ID, WORKFLOW_STEP_NAME, WORKFLOW_STATUS, WORKFLOW_FAILURE_POLICY, COMPENSATION_YN, COMPENSATION_TRANSACTION_ID, COMPENSATION_TARGET_TRANSACTION_ID, COMPENSATION_STATUS, PARAMETERS, REQUEST_BODY, RESPONSE, HTTP_STATUS, RESPONSE_CODE, MESSAGE_CODE, MESSAGE_CONTENT, ERROR_MESSAGE, ERROR_CODE, EXTERNAL_MESSAGE, INTERNAL_MESSAGE, EXEC_USER, CLIENT_IP, USER_AGENT, START_TIME, END_TIME, DURATION_MS, CREATED_BY, CREATED_AT, UPDATED_BY, UPDATED_AT ) VALUES ( IFNULL(DATE(?), CURDATE()), ?, ?, ?, ?, ?, IFNULL(?, 'N/A'), ?, ?, ?, IFNULL(?, 'N/A'), ?, ?, ?, ?, ?, ?, ?, ?, ?, ?, ?, ?, ?, ?, ?, ?, ?, ?, ?, ?, ?, ?, ?, ?, ?, ?, ?, ?, IFNULL(?, 'N/A'), ?, ?, ?, ?, ?, ?, ?, ?, ?, ?, ?, ?, IFNULL(?, 'N'), ?, ?, ?, ?, ?, ?, ?, ?, ?, ?, ?, ?, ?, ?, IFNULL(?, 'N/A'), ?, ?, ?, ?, ?, IFNULL(NULLIF(?, 'N/A'), 'PFW'), NOW(), IFNULL(NULLIF(?, 'N/A'), 'PFW'), NOW() )
2026-06-26 16:42:26.882 [DEBUG] [Test worker] [c.p.m.c.l.T.insertTransactionLog] [TranId: 20260611141234567MBRmbrAP010000001] [BizTranId: MBR01BSE0002] [TraceId: TRACE-TEST-001] [SpanId: SPN-2f0d67a1-d911-4064-bc9d-e827facc02ea] [DynLevel: ] - ==> Parameters: 2026-06-26T16:42:26.463866500(LocalDateTime), 20260611141234567MBRmbrAP010000001(String), TRACE-TEST-001(String), SPN-2f0d67a1-d911-4064-bc9d-e827facc02ea(String), null, 1(Integer), MBR(String), MBR01BSE0002(String), MBR01BSE0002(String), MBRMemberDetail(String), FAILURE(String), null, null, null, null, null, null, null, null, null, INQUIRY(String), MBL(String), MBR(String), 10000001(String), null, null, null, null, local01(String), DESKTOP-M8EE6K9:21532(String), DESKTOP-M8EE6K9(String), 21532(String), Test worker(String), reserved-1(String), reserved-2(String), null, null, null, GET(String), /mbr/detail(String), MbrController.getDetail(..)(String), cpf.mbr.bse.controller(String), cpf.mbr.bse.controller.MbrController(String), getDetail(String), public org.springframework.http.ResponseEntity<cpf.mbr.common.response.BaseResponse<cpf.mbr.bse.dto.MbrDTO>> cpf.mbr.bse.controller.MbrController.getDetail(java.lang.Integer)(String), null, null, null, null, null, NONE(String), null, N(String), null, null, null, memberId=[0](String), null, null, 500(Integer), EPFW990000(String), MPFW990000(String), CPF 처리 기준입니다.(String), getDetail.memberId: memberId must be positive(String), ConstraintViolationException(String), CPF 처리 기준입니다.(String), getDetail.memberId: memberId must be positive(String), N/A(String), 10.10.10.10(String), null, 2026-06-26T16:42:26.463866500(LocalDateTime), 2026-06-26T16:42:26.779259200(LocalDateTime), 315(Long), N/A(String), N/A(String)
2026-06-26 16:42:26.890 [DEBUG] [Test worker] [c.p.m.c.l.T.insertTransactionLog] [TranId: 20260611141234567MBRmbrAP010000001] [BizTranId: MBR01BSE0002] [TraceId: TRACE-TEST-001] [SpanId: SPN-2f0d67a1-d911-4064-bc9d-e827facc02ea] [DynLevel: ] - <==    Updates: 1
2026-06-26 16:42:26.896 [DEBUG] [Test worker] [c.p.m.c.l.T.insertTransactionLogDetail] [TranId: 20260611141234567MBRmbrAP010000001] [BizTranId: MBR01BSE0002] [TraceId: TRACE-TEST-001] [SpanId: SPN-2f0d67a1-d911-4064-bc9d-e827facc02ea] [DynLevel: ] - ==>  Preparing: INSERT INTO pfw_transaction_log_detail ( LOG_IDX, DETAIL_KEY, DETAIL_VALUE, CREATED_BY, CREATED_AT, UPDATED_BY, UPDATED_AT ) VALUES ( ?, IFNULL(?, 'N/A'), IFNULL(?, 'N/A'), IFNULL(NULLIF(?, 'N/A'), 'PFW'), NOW(), IFNULL(NULLIF(?, 'N/A'), 'PFW'), NOW() )
2026-06-26 16:42:26.897 [DEBUG] [Test worker] [c.p.m.c.l.T.insertTransactionLogDetail] [TranId: 20260611141234567MBRmbrAP010000001] [BizTranId: MBR01BSE0002] [TraceId: TRACE-TEST-001] [SpanId: SPN-2f0d67a1-d911-4064-bc9d-e827facc02ea] [DynLevel: ] - ==> Parameters: 1133(Long), transaction.id(String), 20260611141234567MBRmbrAP010000001(String), N/A(String), N/A(String)
2026-06-26 16:42:26.898 [DEBUG] [Test worker] [c.p.m.c.l.T.insertTransactionLogDetail] [TranId: 20260611141234567MBRmbrAP010000001] [BizTranId: MBR01BSE0002] [TraceId: TRACE-TEST-001] [SpanId: SPN-2f0d67a1-d911-4064-bc9d-e827facc02ea] [DynLevel: ] - <==    Updates: 1
2026-06-26 16:42:26.899 [DEBUG] [Test worker] [c.p.m.c.l.T.insertTransactionLogDetail] [TranId: 20260611141234567MBRmbrAP010000001] [BizTranId: MBR01BSE0002] [TraceId: TRACE-TEST-001] [SpanId: SPN-2f0d67a1-d911-4064-bc9d-e827facc02ea] [DynLevel: ] - ==>  Preparing: INSERT INTO pfw_transaction_log_detail ( LOG_IDX, DETAIL_KEY, DETAIL_VALUE, CREATED_BY, CREATED_AT, UPDATED_BY, UPDATED_AT ) VALUES ( ?, IFNULL(?, 'N/A'), IFNULL(?, 'N/A'), IFNULL(NULLIF(?, 'N/A'), 'PFW'), NOW(), IFNULL(NULLIF(?, 'N/A'), 'PFW'), NOW() )
2026-06-26 16:42:26.900 [DEBUG] [Test worker] [c.p.m.c.l.T.insertTransactionLogDetail] [TranId: 20260611141234567MBRmbrAP010000001] [BizTranId: MBR01BSE0002] [TraceId: TRACE-TEST-001] [SpanId: SPN-2f0d67a1-d911-4064-bc9d-e827facc02ea] [DynLevel: ] - ==> Parameters: 1133(Long), trace.id(String), TRACE-TEST-001(String), N/A(String), N/A(String)
2026-06-26 16:42:26.901 [DEBUG] [Test worker] [c.p.m.c.l.T.insertTransactionLogDetail] [TranId: 20260611141234567MBRmbrAP010000001] [BizTranId: MBR01BSE0002] [TraceId: TRACE-TEST-001] [SpanId: SPN-2f0d67a1-d911-4064-bc9d-e827facc02ea] [DynLevel: ] - <==    Updates: 1
2026-06-26 16:42:26.901 [DEBUG] [Test worker] [c.p.m.c.l.T.insertTransactionLogDetail] [TranId: 20260611141234567MBRmbrAP010000001] [BizTranId: MBR01BSE0002] [TraceId: TRACE-TEST-001] [SpanId: SPN-2f0d67a1-d911-4064-bc9d-e827facc02ea] [DynLevel: ] - ==>  Preparing: INSERT INTO pfw_transaction_log_detail ( LOG_IDX, DETAIL_KEY, DETAIL_VALUE, CREATED_BY, CREATED_AT, UPDATED_BY, UPDATED_AT ) VALUES ( ?, IFNULL(?, 'N/A'), IFNULL(?, 'N/A'), IFNULL(NULLIF(?, 'N/A'), 'PFW'), NOW(), IFNULL(NULLIF(?, 'N/A'), 'PFW'), NOW() )
2026-06-26 16:42:26.902 [DEBUG] [Test worker] [c.p.m.c.l.T.insertTransactionLogDetail] [TranId: 20260611141234567MBRmbrAP010000001] [BizTranId: MBR01BSE0002] [TraceId: TRACE-TEST-001] [SpanId: SPN-2f0d67a1-d911-4064-bc9d-e827facc02ea] [DynLevel: ] - ==> Parameters: 1133(Long), span.id(String), SPN-2f0d67a1-d911-4064-bc9d-e827facc02ea(String), N/A(String), N/A(String)
2026-06-26 16:42:26.903 [DEBUG] [Test worker] [c.p.m.c.l.T.insertTransactionLogDetail] [TranId: 20260611141234567MBRmbrAP010000001] [BizTranId: MBR01BSE0002] [TraceId: TRACE-TEST-001] [SpanId: SPN-2f0d67a1-d911-4064-bc9d-e827facc02ea] [DynLevel: ] - <==    Updates: 1
2026-06-26 16:42:26.904 [DEBUG] [Test worker] [c.p.m.c.l.T.insertTransactionLogDetail] [TranId: 20260611141234567MBRmbrAP010000001] [BizTranId: MBR01BSE0002] [TraceId: TRACE-TEST-001] [SpanId: SPN-2f0d67a1-d911-4064-bc9d-e827facc02ea] [DynLevel: ] - ==>  Preparing: INSERT INTO pfw_transaction_log_detail ( LOG_IDX, DETAIL_KEY, DETAIL_VALUE, CREATED_BY, CREATED_AT, UPDATED_BY, UPDATED_AT ) VALUES ( ?, IFNULL(?, 'N/A'), IFNULL(?, 'N/A'), IFNULL(NULLIF(?, 'N/A'), 'PFW'), NOW(), IFNULL(NULLIF(?, 'N/A'), 'PFW'), NOW() )
2026-06-26 16:42:26.904 [DEBUG] [Test worker] [c.p.m.c.l.T.insertTransactionLogDetail] [TranId: 20260611141234567MBRmbrAP010000001] [BizTranId: MBR01BSE0002] [TraceId: TRACE-TEST-001] [SpanId: SPN-2f0d67a1-d911-4064-bc9d-e827facc02ea] [DynLevel: ] - ==> Parameters: 1133(Long), sequence.no(String), 1(String), N/A(String), N/A(String)
2026-06-26 16:42:26.906 [DEBUG] [Test worker] [c.p.m.c.l.T.insertTransactionLogDetail] [TranId: 20260611141234567MBRmbrAP010000001] [BizTranId: MBR01BSE0002] [TraceId: TRACE-TEST-001] [SpanId: SPN-2f0d67a1-d911-4064-bc9d-e827facc02ea] [DynLevel: ] - <==    Updates: 1
2026-06-26 16:42:26.906 [DEBUG] [Test worker] [c.p.m.c.l.T.insertTransactionLogDetail] [TranId: 20260611141234567MBRmbrAP010000001] [BizTranId: MBR01BSE0002] [TraceId: TRACE-TEST-001] [SpanId: SPN-2f0d67a1-d911-4064-bc9d-e827facc02ea] [DynLevel: ] - ==>  Preparing: INSERT INTO pfw_transaction_log_detail ( LOG_IDX, DETAIL_KEY, DETAIL_VALUE, CREATED_BY, CREATED_AT, UPDATED_BY, UPDATED_AT ) VALUES ( ?, IFNULL(?, 'N/A'), IFNULL(?, 'N/A'), IFNULL(NULLIF(?, 'N/A'), 'PFW'), NOW(), IFNULL(NULLIF(?, 'N/A'), 'PFW'), NOW() )
2026-06-26 16:42:26.907 [DEBUG] [Test worker] [c.p.m.c.l.T.insertTransactionLogDetail] [TranId: 20260611141234567MBRmbrAP010000001] [BizTranId: MBR01BSE0002] [TraceId: TRACE-TEST-001] [SpanId: SPN-2f0d67a1-d911-4064-bc9d-e827facc02ea] [DynLevel: ] - ==> Parameters: 1133(Long), module.id(String), MBR(String), N/A(String), N/A(String)
2026-06-26 16:42:26.908 [DEBUG] [Test worker] [c.p.m.c.l.T.insertTransactionLogDetail] [TranId: 20260611141234567MBRmbrAP010000001] [BizTranId: MBR01BSE0002] [TraceId: TRACE-TEST-001] [SpanId: SPN-2f0d67a1-d911-4064-bc9d-e827facc02ea] [DynLevel: ] - <==    Updates: 1
2026-06-26 16:42:26.909 [DEBUG] [Test worker] [c.p.m.c.l.T.insertTransactionLogDetail] [TranId: 20260611141234567MBRmbrAP010000001] [BizTranId: MBR01BSE0002] [TraceId: TRACE-TEST-001] [SpanId: SPN-2f0d67a1-d911-4064-bc9d-e827facc02ea] [DynLevel: ] - ==>  Preparing: INSERT INTO pfw_transaction_log_detail ( LOG_IDX, DETAIL_KEY, DETAIL_VALUE, CREATED_BY, CREATED_AT, UPDATED_BY, UPDATED_AT ) VALUES ( ?, IFNULL(?, 'N/A'), IFNULL(?, 'N/A'), IFNULL(NULLIF(?, 'N/A'), 'PFW'), NOW(), IFNULL(NULLIF(?, 'N/A'), 'PFW'), NOW() )
2026-06-26 16:42:26.910 [DEBUG] [Test worker] [c.p.m.c.l.T.insertTransactionLogDetail] [TranId: 20260611141234567MBRmbrAP010000001] [BizTranId: MBR01BSE0002] [TraceId: TRACE-TEST-001] [SpanId: SPN-2f0d67a1-d911-4064-bc9d-e827facc02ea] [DynLevel: ] - ==> Parameters: 1133(Long), server.instance.id(String), DESKTOP-M8EE6K9:21532(String), N/A(String), N/A(String)
2026-06-26 16:42:26.911 [DEBUG] [Test worker] [c.p.m.c.l.T.insertTransactionLogDetail] [TranId: 20260611141234567MBRmbrAP010000001] [BizTranId: MBR01BSE0002] [TraceId: TRACE-TEST-001] [SpanId: SPN-2f0d67a1-d911-4064-bc9d-e827facc02ea] [DynLevel: ] - <==    Updates: 1
2026-06-26 16:42:26.912 [DEBUG] [Test worker] [c.p.m.c.l.T.insertTransactionLogDetail] [TranId: 20260611141234567MBRmbrAP010000001] [BizTranId: MBR01BSE0002] [TraceId: TRACE-TEST-001] [SpanId: SPN-2f0d67a1-d911-4064-bc9d-e827facc02ea] [DynLevel: ] - ==>  Preparing: INSERT INTO pfw_transaction_log_detail ( LOG_IDX, DETAIL_KEY, DETAIL_VALUE, CREATED_BY, CREATED_AT, UPDATED_BY, UPDATED_AT ) VALUES ( ?, IFNULL(?, 'N/A'), IFNULL(?, 'N/A'), IFNULL(NULLIF(?, 'N/A'), 'PFW'), NOW(), IFNULL(NULLIF(?, 'N/A'), 'PFW'), NOW() )
2026-06-26 16:42:26.913 [DEBUG] [Test worker] [c.p.m.c.l.T.insertTransactionLogDetail] [TranId: 20260611141234567MBRmbrAP010000001] [BizTranId: MBR01BSE0002] [TraceId: TRACE-TEST-001] [SpanId: SPN-2f0d67a1-d911-4064-bc9d-e827facc02ea] [DynLevel: ] - ==> Parameters: 1133(Long), server.host.name(String), DESKTOP-M8EE6K9(String), N/A(String), N/A(String)
2026-06-26 16:42:26.914 [DEBUG] [Test worker] [c.p.m.c.l.T.insertTransactionLogDetail] [TranId: 20260611141234567MBRmbrAP010000001] [BizTranId: MBR01BSE0002] [TraceId: TRACE-TEST-001] [SpanId: SPN-2f0d67a1-d911-4064-bc9d-e827facc02ea] [DynLevel: ] - <==    Updates: 1
2026-06-26 16:42:26.915 [DEBUG] [Test worker] [c.p.m.c.l.T.insertTransactionLogDetail] [TranId: 20260611141234567MBRmbrAP010000001] [BizTranId: MBR01BSE0002] [TraceId: TRACE-TEST-001] [SpanId: SPN-2f0d67a1-d911-4064-bc9d-e827facc02ea] [DynLevel: ] - ==>  Preparing: INSERT INTO pfw_transaction_log_detail ( LOG_IDX, DETAIL_KEY, DETAIL_VALUE, CREATED_BY, CREATED_AT, UPDATED_BY, UPDATED_AT ) VALUES ( ?, IFNULL(?, 'N/A'), IFNULL(?, 'N/A'), IFNULL(NULLIF(?, 'N/A'), 'PFW'), NOW(), IFNULL(NULLIF(?, 'N/A'), 'PFW'), NOW() )
2026-06-26 16:42:26.915 [DEBUG] [Test worker] [c.p.m.c.l.T.insertTransactionLogDetail] [TranId: 20260611141234567MBRmbrAP010000001] [BizTranId: MBR01BSE0002] [TraceId: TRACE-TEST-001] [SpanId: SPN-2f0d67a1-d911-4064-bc9d-e827facc02ea] [DynLevel: ] - ==> Parameters: 1133(Long), server.process.id(String), 21532(String), N/A(String), N/A(String)
2026-06-26 16:42:26.916 [DEBUG] [Test worker] [c.p.m.c.l.T.insertTransactionLogDetail] [TranId: 20260611141234567MBRmbrAP010000001] [BizTranId: MBR01BSE0002] [TraceId: TRACE-TEST-001] [SpanId: SPN-2f0d67a1-d911-4064-bc9d-e827facc02ea] [DynLevel: ] - <==    Updates: 1
2026-06-26 16:42:26.916 [DEBUG] [Test worker] [c.p.m.c.l.T.insertTransactionLogDetail] [TranId: 20260611141234567MBRmbrAP010000001] [BizTranId: MBR01BSE0002] [TraceId: TRACE-TEST-001] [SpanId: SPN-2f0d67a1-d911-4064-bc9d-e827facc02ea] [DynLevel: ] - ==>  Preparing: INSERT INTO pfw_transaction_log_detail ( LOG_IDX, DETAIL_KEY, DETAIL_VALUE, CREATED_BY, CREATED_AT, UPDATED_BY, UPDATED_AT ) VALUES ( ?, IFNULL(?, 'N/A'), IFNULL(?, 'N/A'), IFNULL(NULLIF(?, 'N/A'), 'PFW'), NOW(), IFNULL(NULLIF(?, 'N/A'), 'PFW'), NOW() )
2026-06-26 16:42:26.917 [DEBUG] [Test worker] [c.p.m.c.l.T.insertTransactionLogDetail] [TranId: 20260611141234567MBRmbrAP010000001] [BizTranId: MBR01BSE0002] [TraceId: TRACE-TEST-001] [SpanId: SPN-2f0d67a1-d911-4064-bc9d-e827facc02ea] [DynLevel: ] - ==> Parameters: 1133(Long), server.thread.name(String), Test worker(String), N/A(String), N/A(String)
2026-06-26 16:42:26.917 [DEBUG] [Test worker] [c.p.m.c.l.T.insertTransactionLogDetail] [TranId: 20260611141234567MBRmbrAP010000001] [BizTranId: MBR01BSE0002] [TraceId: TRACE-TEST-001] [SpanId: SPN-2f0d67a1-d911-4064-bc9d-e827facc02ea] [DynLevel: ] - <==    Updates: 1
2026-06-26 16:42:26.918 [DEBUG] [Test worker] [c.p.m.c.l.T.insertTransactionLogDetail] [TranId: 20260611141234567MBRmbrAP010000001] [BizTranId: MBR01BSE0002] [TraceId: TRACE-TEST-001] [SpanId: SPN-2f0d67a1-d911-4064-bc9d-e827facc02ea] [DynLevel: ] - ==>  Preparing: INSERT INTO pfw_transaction_log_detail ( LOG_IDX, DETAIL_KEY, DETAIL_VALUE, CREATED_BY, CREATED_AT, UPDATED_BY, UPDATED_AT ) VALUES ( ?, IFNULL(?, 'N/A'), IFNULL(?, 'N/A'), IFNULL(NULLIF(?, 'N/A'), 'PFW'), NOW(), IFNULL(NULLIF(?, 'N/A'), 'PFW'), NOW() )
2026-06-26 16:42:26.918 [DEBUG] [Test worker] [c.p.m.c.l.T.insertTransactionLogDetail] [TranId: 20260611141234567MBRmbrAP010000001] [BizTranId: MBR01BSE0002] [TraceId: TRACE-TEST-001] [SpanId: SPN-2f0d67a1-d911-4064-bc9d-e827facc02ea] [DynLevel: ] - ==> Parameters: 1133(Long), business.transaction.id(String), MBR01BSE0002(String), N/A(String), N/A(String)
2026-06-26 16:42:26.920 [DEBUG] [Test worker] [c.p.m.c.l.T.insertTransactionLogDetail] [TranId: 20260611141234567MBRmbrAP010000001] [BizTranId: MBR01BSE0002] [TraceId: TRACE-TEST-001] [SpanId: SPN-2f0d67a1-d911-4064-bc9d-e827facc02ea] [DynLevel: ] - <==    Updates: 1
2026-06-26 16:42:26.920 [DEBUG] [Test worker] [c.p.m.c.l.T.insertTransactionLogDetail] [TranId: 20260611141234567MBRmbrAP010000001] [BizTranId: MBR01BSE0002] [TraceId: TRACE-TEST-001] [SpanId: SPN-2f0d67a1-d911-4064-bc9d-e827facc02ea] [DynLevel: ] - ==>  Preparing: INSERT INTO pfw_transaction_log_detail ( LOG_IDX, DETAIL_KEY, DETAIL_VALUE, CREATED_BY, CREATED_AT, UPDATED_BY, UPDATED_AT ) VALUES ( ?, IFNULL(?, 'N/A'), IFNULL(?, 'N/A'), IFNULL(NULLIF(?, 'N/A'), 'PFW'), NOW(), IFNULL(NULLIF(?, 'N/A'), 'PFW'), NOW() )
2026-06-26 16:42:26.921 [DEBUG] [Test worker] [c.p.m.c.l.T.insertTransactionLogDetail] [TranId: 20260611141234567MBRmbrAP010000001] [BizTranId: MBR01BSE0002] [TraceId: TRACE-TEST-001] [SpanId: SPN-2f0d67a1-d911-4064-bc9d-e827facc02ea] [DynLevel: ] - ==> Parameters: 1133(Long), business.transaction.name(String), MBRMemberDetail(String), N/A(String), N/A(String)
2026-06-26 16:42:26.922 [DEBUG] [Test worker] [c.p.m.c.l.T.insertTransactionLogDetail] [TranId: 20260611141234567MBRmbrAP010000001] [BizTranId: MBR01BSE0002] [TraceId: TRACE-TEST-001] [SpanId: SPN-2f0d67a1-d911-4064-bc9d-e827facc02ea] [DynLevel: ] - <==    Updates: 1
2026-06-26 16:42:26.923 [DEBUG] [Test worker] [c.p.m.c.l.T.insertTransactionLogDetail] [TranId: 20260611141234567MBRmbrAP010000001] [BizTranId: MBR01BSE0002] [TraceId: TRACE-TEST-001] [SpanId: SPN-2f0d67a1-d911-4064-bc9d-e827facc02ea] [DynLevel: ] - ==>  Preparing: INSERT INTO pfw_transaction_log_detail ( LOG_IDX, DETAIL_KEY, DETAIL_VALUE, CREATED_BY, CREATED_AT, UPDATED_BY, UPDATED_AT ) VALUES ( ?, IFNULL(?, 'N/A'), IFNULL(?, 'N/A'), IFNULL(NULLIF(?, 'N/A'), 'PFW'), NOW(), IFNULL(NULLIF(?, 'N/A'), 'PFW'), NOW() )
2026-06-26 16:42:26.923 [DEBUG] [Test worker] [c.p.m.c.l.T.insertTransactionLogDetail] [TranId: 20260611141234567MBRmbrAP010000001] [BizTranId: MBR01BSE0002] [TraceId: TRACE-TEST-001] [SpanId: SPN-2f0d67a1-d911-4064-bc9d-e827facc02ea] [DynLevel: ] - ==> Parameters: 1133(Long), workflow.status(String), NONE(String), N/A(String), N/A(String)
2026-06-26 16:42:26.924 [DEBUG] [Test worker] [c.p.m.c.l.T.insertTransactionLogDetail] [TranId: 20260611141234567MBRmbrAP010000001] [BizTranId: MBR01BSE0002] [TraceId: TRACE-TEST-001] [SpanId: SPN-2f0d67a1-d911-4064-bc9d-e827facc02ea] [DynLevel: ] - <==    Updates: 1
2026-06-26 16:42:26.934 [DEBUG] [Test worker] [c.p.m.c.l.T.insertTransactionLogDetail] [TranId: 20260611141234567MBRmbrAP010000001] [BizTranId: MBR01BSE0002] [TraceId: TRACE-TEST-001] [SpanId: SPN-2f0d67a1-d911-4064-bc9d-e827facc02ea] [DynLevel: ] - ==>  Preparing: INSERT INTO pfw_transaction_log_detail ( LOG_IDX, DETAIL_KEY, DETAIL_VALUE, CREATED_BY, CREATED_AT, UPDATED_BY, UPDATED_AT ) VALUES ( ?, IFNULL(?, 'N/A'), IFNULL(?, 'N/A'), IFNULL(NULLIF(?, 'N/A'), 'PFW'), NOW(), IFNULL(NULLIF(?, 'N/A'), 'PFW'), NOW() )
2026-06-26 16:42:26.934 [DEBUG] [Test worker] [c.p.m.c.l.T.insertTransactionLogDetail] [TranId: 20260611141234567MBRmbrAP010000001] [BizTranId: MBR01BSE0002] [TraceId: TRACE-TEST-001] [SpanId: SPN-2f0d67a1-d911-4064-bc9d-e827facc02ea] [DynLevel: ] - ==> Parameters: 1133(Long), compensation.yn(String), N(String), N/A(String), N/A(String)
2026-06-26 16:42:26.935 [DEBUG] [Test worker] [c.p.m.c.l.T.insertTransactionLogDetail] [TranId: 20260611141234567MBRmbrAP010000001] [BizTranId: MBR01BSE0002] [TraceId: TRACE-TEST-001] [SpanId: SPN-2f0d67a1-d911-4064-bc9d-e827facc02ea] [DynLevel: ] - <==    Updates: 1
2026-06-26 16:42:26.936 [DEBUG] [Test worker] [c.p.m.c.l.T.insertTransactionLogDetail] [TranId: 20260611141234567MBRmbrAP010000001] [BizTranId: MBR01BSE0002] [TraceId: TRACE-TEST-001] [SpanId: SPN-2f0d67a1-d911-4064-bc9d-e827facc02ea] [DynLevel: ] - ==>  Preparing: INSERT INTO pfw_transaction_log_detail ( LOG_IDX, DETAIL_KEY, DETAIL_VALUE, CREATED_BY, CREATED_AT, UPDATED_BY, UPDATED_AT ) VALUES ( ?, IFNULL(?, 'N/A'), IFNULL(?, 'N/A'), IFNULL(NULLIF(?, 'N/A'), 'PFW'), NOW(), IFNULL(NULLIF(?, 'N/A'), 'PFW'), NOW() )
2026-06-26 16:42:26.936 [DEBUG] [Test worker] [c.p.m.c.l.T.insertTransactionLogDetail] [TranId: 20260611141234567MBRmbrAP010000001] [BizTranId: MBR01BSE0002] [TraceId: TRACE-TEST-001] [SpanId: SPN-2f0d67a1-d911-4064-bc9d-e827facc02ea] [DynLevel: ] - ==> Parameters: 1133(Long), execution.package(String), cpf.mbr.bse.controller(String), N/A(String), N/A(String)
2026-06-26 16:42:26.937 [DEBUG] [Test worker] [c.p.m.c.l.T.insertTransactionLogDetail] [TranId: 20260611141234567MBRmbrAP010000001] [BizTranId: MBR01BSE0002] [TraceId: TRACE-TEST-001] [SpanId: SPN-2f0d67a1-d911-4064-bc9d-e827facc02ea] [DynLevel: ] - <==    Updates: 1
2026-06-26 16:42:26.938 [DEBUG] [Test worker] [c.p.m.c.l.T.insertTransactionLogDetail] [TranId: 20260611141234567MBRmbrAP010000001] [BizTranId: MBR01BSE0002] [TraceId: TRACE-TEST-001] [SpanId: SPN-2f0d67a1-d911-4064-bc9d-e827facc02ea] [DynLevel: ] - ==>  Preparing: INSERT INTO pfw_transaction_log_detail ( LOG_IDX, DETAIL_KEY, DETAIL_VALUE, CREATED_BY, CREATED_AT, UPDATED_BY, UPDATED_AT ) VALUES ( ?, IFNULL(?, 'N/A'), IFNULL(?, 'N/A'), IFNULL(NULLIF(?, 'N/A'), 'PFW'), NOW(), IFNULL(NULLIF(?, 'N/A'), 'PFW'), NOW() )
2026-06-26 16:42:26.938 [DEBUG] [Test worker] [c.p.m.c.l.T.insertTransactionLogDetail] [TranId: 20260611141234567MBRmbrAP010000001] [BizTranId: MBR01BSE0002] [TraceId: TRACE-TEST-001] [SpanId: SPN-2f0d67a1-d911-4064-bc9d-e827facc02ea] [DynLevel: ] - ==> Parameters: 1133(Long), execution.class(String), cpf.mbr.bse.controller.MbrController(String), N/A(String), N/A(String)
2026-06-26 16:42:26.939 [DEBUG] [Test worker] [c.p.m.c.l.T.insertTransactionLogDetail] [TranId: 20260611141234567MBRmbrAP010000001] [BizTranId: MBR01BSE0002] [TraceId: TRACE-TEST-001] [SpanId: SPN-2f0d67a1-d911-4064-bc9d-e827facc02ea] [DynLevel: ] - <==    Updates: 1
2026-06-26 16:42:26.940 [DEBUG] [Test worker] [c.p.m.c.l.T.insertTransactionLogDetail] [TranId: 20260611141234567MBRmbrAP010000001] [BizTranId: MBR01BSE0002] [TraceId: TRACE-TEST-001] [SpanId: SPN-2f0d67a1-d911-4064-bc9d-e827facc02ea] [DynLevel: ] - ==>  Preparing: INSERT INTO pfw_transaction_log_detail ( LOG_IDX, DETAIL_KEY, DETAIL_VALUE, CREATED_BY, CREATED_AT, UPDATED_BY, UPDATED_AT ) VALUES ( ?, IFNULL(?, 'N/A'), IFNULL(?, 'N/A'), IFNULL(NULLIF(?, 'N/A'), 'PFW'), NOW(), IFNULL(NULLIF(?, 'N/A'), 'PFW'), NOW() )
2026-06-26 16:42:26.941 [DEBUG] [Test worker] [c.p.m.c.l.T.insertTransactionLogDetail] [TranId: 20260611141234567MBRmbrAP010000001] [BizTranId: MBR01BSE0002] [TraceId: TRACE-TEST-001] [SpanId: SPN-2f0d67a1-d911-4064-bc9d-e827facc02ea] [DynLevel: ] - ==> Parameters: 1133(Long), execution.method(String), getDetail(String), N/A(String), N/A(String)
2026-06-26 16:42:26.942 [DEBUG] [Test worker] [c.p.m.c.l.T.insertTransactionLogDetail] [TranId: 20260611141234567MBRmbrAP010000001] [BizTranId: MBR01BSE0002] [TraceId: TRACE-TEST-001] [SpanId: SPN-2f0d67a1-d911-4064-bc9d-e827facc02ea] [DynLevel: ] - <==    Updates: 1
2026-06-26 16:42:26.943 [DEBUG] [Test worker] [c.p.m.c.l.T.insertTransactionLogDetail] [TranId: 20260611141234567MBRmbrAP010000001] [BizTranId: MBR01BSE0002] [TraceId: TRACE-TEST-001] [SpanId: SPN-2f0d67a1-d911-4064-bc9d-e827facc02ea] [DynLevel: ] - ==>  Preparing: INSERT INTO pfw_transaction_log_detail ( LOG_IDX, DETAIL_KEY, DETAIL_VALUE, CREATED_BY, CREATED_AT, UPDATED_BY, UPDATED_AT ) VALUES ( ?, IFNULL(?, 'N/A'), IFNULL(?, 'N/A'), IFNULL(NULLIF(?, 'N/A'), 'PFW'), NOW(), IFNULL(NULLIF(?, 'N/A'), 'PFW'), NOW() )
2026-06-26 16:42:26.943 [DEBUG] [Test worker] [c.p.m.c.l.T.insertTransactionLogDetail] [TranId: 20260611141234567MBRmbrAP010000001] [BizTranId: MBR01BSE0002] [TraceId: TRACE-TEST-001] [SpanId: SPN-2f0d67a1-d911-4064-bc9d-e827facc02ea] [DynLevel: ] - ==> Parameters: 1133(Long), execution.signature(String), public org.springframework.http.ResponseEntity<cpf.mbr.common.response.BaseResponse<cpf.mbr.bse.dto.MbrDTO>> cpf.mbr.bse.controller.MbrController.getDetail(java.lang.Integer)(String), N/A(String), N/A(String)
2026-06-26 16:42:26.944 [DEBUG] [Test worker] [c.p.m.c.l.T.insertTransactionLogDetail] [TranId: 20260611141234567MBRmbrAP010000001] [BizTranId: MBR01BSE0002] [TraceId: TRACE-TEST-001] [SpanId: SPN-2f0d67a1-d911-4064-bc9d-e827facc02ea] [DynLevel: ] - <==    Updates: 1
2026-06-26 16:42:26.945 [DEBUG] [Test worker] [c.p.m.c.l.T.insertTransactionLogDetail] [TranId: 20260611141234567MBRmbrAP010000001] [BizTranId: MBR01BSE0002] [TraceId: TRACE-TEST-001] [SpanId: SPN-2f0d67a1-d911-4064-bc9d-e827facc02ea] [DynLevel: ] - ==>  Preparing: INSERT INTO pfw_transaction_log_detail ( LOG_IDX, DETAIL_KEY, DETAIL_VALUE, CREATED_BY, CREATED_AT, UPDATED_BY, UPDATED_AT ) VALUES ( ?, IFNULL(?, 'N/A'), IFNULL(?, 'N/A'), IFNULL(NULLIF(?, 'N/A'), 'PFW'), NOW(), IFNULL(NULLIF(?, 'N/A'), 'PFW'), NOW() )
2026-06-26 16:42:26.945 [DEBUG] [Test worker] [c.p.m.c.l.T.insertTransactionLogDetail] [TranId: 20260611141234567MBRmbrAP010000001] [BizTranId: MBR01BSE0002] [TraceId: TRACE-TEST-001] [SpanId: SPN-2f0d67a1-d911-4064-bc9d-e827facc02ea] [DynLevel: ] - ==> Parameters: 1133(Long), controller.shortSignature(String), MbrController.getDetail(..)(String), N/A(String), N/A(String)
2026-06-26 16:42:26.946 [DEBUG] [Test worker] [c.p.m.c.l.T.insertTransactionLogDetail] [TranId: 20260611141234567MBRmbrAP010000001] [BizTranId: MBR01BSE0002] [TraceId: TRACE-TEST-001] [SpanId: SPN-2f0d67a1-d911-4064-bc9d-e827facc02ea] [DynLevel: ] - <==    Updates: 1
2026-06-26 16:42:26.946 [DEBUG] [Test worker] [c.p.m.c.l.T.insertTransactionLogDetail] [TranId: 20260611141234567MBRmbrAP010000001] [BizTranId: MBR01BSE0002] [TraceId: TRACE-TEST-001] [SpanId: SPN-2f0d67a1-d911-4064-bc9d-e827facc02ea] [DynLevel: ] - ==>  Preparing: INSERT INTO pfw_transaction_log_detail ( LOG_IDX, DETAIL_KEY, DETAIL_VALUE, CREATED_BY, CREATED_AT, UPDATED_BY, UPDATED_AT ) VALUES ( ?, IFNULL(?, 'N/A'), IFNULL(?, 'N/A'), IFNULL(NULLIF(?, 'N/A'), 'PFW'), NOW(), IFNULL(NULLIF(?, 'N/A'), 'PFW'), NOW() )
2026-06-26 16:42:26.947 [DEBUG] [Test worker] [c.p.m.c.l.T.insertTransactionLogDetail] [TranId: 20260611141234567MBRmbrAP010000001] [BizTranId: MBR01BSE0002] [TraceId: TRACE-TEST-001] [SpanId: SPN-2f0d67a1-d911-4064-bc9d-e827facc02ea] [DynLevel: ] - ==> Parameters: 1133(Long), http.method(String), GET(String), N/A(String), N/A(String)
2026-06-26 16:42:26.948 [DEBUG] [Test worker] [c.p.m.c.l.T.insertTransactionLogDetail] [TranId: 20260611141234567MBRmbrAP010000001] [BizTranId: MBR01BSE0002] [TraceId: TRACE-TEST-001] [SpanId: SPN-2f0d67a1-d911-4064-bc9d-e827facc02ea] [DynLevel: ] - <==    Updates: 1
2026-06-26 16:42:26.948 [DEBUG] [Test worker] [c.p.m.c.l.T.insertTransactionLogDetail] [TranId: 20260611141234567MBRmbrAP010000001] [BizTranId: MBR01BSE0002] [TraceId: TRACE-TEST-001] [SpanId: SPN-2f0d67a1-d911-4064-bc9d-e827facc02ea] [DynLevel: ] - ==>  Preparing: INSERT INTO pfw_transaction_log_detail ( LOG_IDX, DETAIL_KEY, DETAIL_VALUE, CREATED_BY, CREATED_AT, UPDATED_BY, UPDATED_AT ) VALUES ( ?, IFNULL(?, 'N/A'), IFNULL(?, 'N/A'), IFNULL(NULLIF(?, 'N/A'), 'PFW'), NOW(), IFNULL(NULLIF(?, 'N/A'), 'PFW'), NOW() )
2026-06-26 16:42:26.949 [DEBUG] [Test worker] [c.p.m.c.l.T.insertTransactionLogDetail] [TranId: 20260611141234567MBRmbrAP010000001] [BizTranId: MBR01BSE0002] [TraceId: TRACE-TEST-001] [SpanId: SPN-2f0d67a1-d911-4064-bc9d-e827facc02ea] [DynLevel: ] - ==> Parameters: 1133(Long), http.uri(String), /mbr/detail(String), N/A(String), N/A(String)
2026-06-26 16:42:26.950 [DEBUG] [Test worker] [c.p.m.c.l.T.insertTransactionLogDetail] [TranId: 20260611141234567MBRmbrAP010000001] [BizTranId: MBR01BSE0002] [TraceId: TRACE-TEST-001] [SpanId: SPN-2f0d67a1-d911-4064-bc9d-e827facc02ea] [DynLevel: ] - <==    Updates: 1
2026-06-26 16:42:26.950 [DEBUG] [Test worker] [c.p.m.c.l.T.insertTransactionLogDetail] [TranId: 20260611141234567MBRmbrAP010000001] [BizTranId: MBR01BSE0002] [TraceId: TRACE-TEST-001] [SpanId: SPN-2f0d67a1-d911-4064-bc9d-e827facc02ea] [DynLevel: ] - ==>  Preparing: INSERT INTO pfw_transaction_log_detail ( LOG_IDX, DETAIL_KEY, DETAIL_VALUE, CREATED_BY, CREATED_AT, UPDATED_BY, UPDATED_AT ) VALUES ( ?, IFNULL(?, 'N/A'), IFNULL(?, 'N/A'), IFNULL(NULLIF(?, 'N/A'), 'PFW'), NOW(), IFNULL(NULLIF(?, 'N/A'), 'PFW'), NOW() )
2026-06-26 16:42:26.951 [DEBUG] [Test worker] [c.p.m.c.l.T.insertTransactionLogDetail] [TranId: 20260611141234567MBRmbrAP010000001] [BizTranId: MBR01BSE0002] [TraceId: TRACE-TEST-001] [SpanId: SPN-2f0d67a1-d911-4064-bc9d-e827facc02ea] [DynLevel: ] - ==> Parameters: 1133(Long), http.clientIp(String), 10.10.10.10(String), N/A(String), N/A(String)
2026-06-26 16:42:26.951 [DEBUG] [Test worker] [c.p.m.c.l.T.insertTransactionLogDetail] [TranId: 20260611141234567MBRmbrAP010000001] [BizTranId: MBR01BSE0002] [TraceId: TRACE-TEST-001] [SpanId: SPN-2f0d67a1-d911-4064-bc9d-e827facc02ea] [DynLevel: ] - <==    Updates: 1
2026-06-26 16:42:26.952 [DEBUG] [Test worker] [c.p.m.c.l.T.insertTransactionLogDetail] [TranId: 20260611141234567MBRmbrAP010000001] [BizTranId: MBR01BSE0002] [TraceId: TRACE-TEST-001] [SpanId: SPN-2f0d67a1-d911-4064-bc9d-e827facc02ea] [DynLevel: ] - ==>  Preparing: INSERT INTO pfw_transaction_log_detail ( LOG_IDX, DETAIL_KEY, DETAIL_VALUE, CREATED_BY, CREATED_AT, UPDATED_BY, UPDATED_AT ) VALUES ( ?, IFNULL(?, 'N/A'), IFNULL(?, 'N/A'), IFNULL(NULLIF(?, 'N/A'), 'PFW'), NOW(), IFNULL(NULLIF(?, 'N/A'), 'PFW'), NOW() )
2026-06-26 16:42:26.952 [DEBUG] [Test worker] [c.p.m.c.l.T.insertTransactionLogDetail] [TranId: 20260611141234567MBRmbrAP010000001] [BizTranId: MBR01BSE0002] [TraceId: TRACE-TEST-001] [SpanId: SPN-2f0d67a1-d911-4064-bc9d-e827facc02ea] [DynLevel: ] - ==> Parameters: 1133(Long), parameters(String), memberId=[0](String), N/A(String), N/A(String)
2026-06-26 16:42:26.954 [DEBUG] [Test worker] [c.p.m.c.l.T.insertTransactionLogDetail] [TranId: 20260611141234567MBRmbrAP010000001] [BizTranId: MBR01BSE0002] [TraceId: TRACE-TEST-001] [SpanId: SPN-2f0d67a1-d911-4064-bc9d-e827facc02ea] [DynLevel: ] - <==    Updates: 1
2026-06-26 16:42:26.954 [DEBUG] [Test worker] [c.p.m.c.l.T.insertTransactionLogDetail] [TranId: 20260611141234567MBRmbrAP010000001] [BizTranId: MBR01BSE0002] [TraceId: TRACE-TEST-001] [SpanId: SPN-2f0d67a1-d911-4064-bc9d-e827facc02ea] [DynLevel: ] - ==>  Preparing: INSERT INTO pfw_transaction_log_detail ( LOG_IDX, DETAIL_KEY, DETAIL_VALUE, CREATED_BY, CREATED_AT, UPDATED_BY, UPDATED_AT ) VALUES ( ?, IFNULL(?, 'N/A'), IFNULL(?, 'N/A'), IFNULL(NULLIF(?, 'N/A'), 'PFW'), NOW(), IFNULL(NULLIF(?, 'N/A'), 'PFW'), NOW() )
2026-06-26 16:42:26.954 [DEBUG] [Test worker] [c.p.m.c.l.T.insertTransactionLogDetail] [TranId: 20260611141234567MBRmbrAP010000001] [BizTranId: MBR01BSE0002] [TraceId: TRACE-TEST-001] [SpanId: SPN-2f0d67a1-d911-4064-bc9d-e827facc02ea] [DynLevel: ] - ==> Parameters: 1133(Long), response.httpStatus(String), 500(String), N/A(String), N/A(String)
2026-06-26 16:42:26.955 [DEBUG] [Test worker] [c.p.m.c.l.T.insertTransactionLogDetail] [TranId: 20260611141234567MBRmbrAP010000001] [BizTranId: MBR01BSE0002] [TraceId: TRACE-TEST-001] [SpanId: SPN-2f0d67a1-d911-4064-bc9d-e827facc02ea] [DynLevel: ] - <==    Updates: 1
2026-06-26 16:42:26.956 [DEBUG] [Test worker] [c.p.m.c.l.T.insertTransactionLogDetail] [TranId: 20260611141234567MBRmbrAP010000001] [BizTranId: MBR01BSE0002] [TraceId: TRACE-TEST-001] [SpanId: SPN-2f0d67a1-d911-4064-bc9d-e827facc02ea] [DynLevel: ] - ==>  Preparing: INSERT INTO pfw_transaction_log_detail ( LOG_IDX, DETAIL_KEY, DETAIL_VALUE, CREATED_BY, CREATED_AT, UPDATED_BY, UPDATED_AT ) VALUES ( ?, IFNULL(?, 'N/A'), IFNULL(?, 'N/A'), IFNULL(NULLIF(?, 'N/A'), 'PFW'), NOW(), IFNULL(NULLIF(?, 'N/A'), 'PFW'), NOW() )
2026-06-26 16:42:26.957 [DEBUG] [Test worker] [c.p.m.c.l.T.insertTransactionLogDetail] [TranId: 20260611141234567MBRmbrAP010000001] [BizTranId: MBR01BSE0002] [TraceId: TRACE-TEST-001] [SpanId: SPN-2f0d67a1-d911-4064-bc9d-e827facc02ea] [DynLevel: ] - ==> Parameters: 1133(Long), response.code(String), EPFW990000(String), N/A(String), N/A(String)
2026-06-26 16:42:26.958 [DEBUG] [Test worker] [c.p.m.c.l.T.insertTransactionLogDetail] [TranId: 20260611141234567MBRmbrAP010000001] [BizTranId: MBR01BSE0002] [TraceId: TRACE-TEST-001] [SpanId: SPN-2f0d67a1-d911-4064-bc9d-e827facc02ea] [DynLevel: ] - <==    Updates: 1
2026-06-26 16:42:26.959 [DEBUG] [Test worker] [c.p.m.c.l.T.insertTransactionLogDetail] [TranId: 20260611141234567MBRmbrAP010000001] [BizTranId: MBR01BSE0002] [TraceId: TRACE-TEST-001] [SpanId: SPN-2f0d67a1-d911-4064-bc9d-e827facc02ea] [DynLevel: ] - ==>  Preparing: INSERT INTO pfw_transaction_log_detail ( LOG_IDX, DETAIL_KEY, DETAIL_VALUE, CREATED_BY, CREATED_AT, UPDATED_BY, UPDATED_AT ) VALUES ( ?, IFNULL(?, 'N/A'), IFNULL(?, 'N/A'), IFNULL(NULLIF(?, 'N/A'), 'PFW'), NOW(), IFNULL(NULLIF(?, 'N/A'), 'PFW'), NOW() )
2026-06-26 16:42:26.960 [DEBUG] [Test worker] [c.p.m.c.l.T.insertTransactionLogDetail] [TranId: 20260611141234567MBRmbrAP010000001] [BizTranId: MBR01BSE0002] [TraceId: TRACE-TEST-001] [SpanId: SPN-2f0d67a1-d911-4064-bc9d-e827facc02ea] [DynLevel: ] - ==> Parameters: 1133(Long), response.messageCode(String), MPFW990000(String), N/A(String), N/A(String)
2026-06-26 16:42:26.961 [DEBUG] [Test worker] [c.p.m.c.l.T.insertTransactionLogDetail] [TranId: 20260611141234567MBRmbrAP010000001] [BizTranId: MBR01BSE0002] [TraceId: TRACE-TEST-001] [SpanId: SPN-2f0d67a1-d911-4064-bc9d-e827facc02ea] [DynLevel: ] - <==    Updates: 1
2026-06-26 16:42:26.962 [DEBUG] [Test worker] [c.p.m.c.l.T.insertTransactionLogDetail] [TranId: 20260611141234567MBRmbrAP010000001] [BizTranId: MBR01BSE0002] [TraceId: TRACE-TEST-001] [SpanId: SPN-2f0d67a1-d911-4064-bc9d-e827facc02ea] [DynLevel: ] - ==>  Preparing: INSERT INTO pfw_transaction_log_detail ( LOG_IDX, DETAIL_KEY, DETAIL_VALUE, CREATED_BY, CREATED_AT, UPDATED_BY, UPDATED_AT ) VALUES ( ?, IFNULL(?, 'N/A'), IFNULL(?, 'N/A'), IFNULL(NULLIF(?, 'N/A'), 'PFW'), NOW(), IFNULL(NULLIF(?, 'N/A'), 'PFW'), NOW() )
2026-06-26 16:42:26.963 [DEBUG] [Test worker] [c.p.m.c.l.T.insertTransactionLogDetail] [TranId: 20260611141234567MBRmbrAP010000001] [BizTranId: MBR01BSE0002] [TraceId: TRACE-TEST-001] [SpanId: SPN-2f0d67a1-d911-4064-bc9d-e827facc02ea] [DynLevel: ] - ==> Parameters: 1133(Long), response.messageContent(String), CPF 처리 기준입니다.(String), N/A(String), N/A(String)
2026-06-26 16:42:26.964 [DEBUG] [Test worker] [c.p.m.c.l.T.insertTransactionLogDetail] [TranId: 20260611141234567MBRmbrAP010000001] [BizTranId: MBR01BSE0002] [TraceId: TRACE-TEST-001] [SpanId: SPN-2f0d67a1-d911-4064-bc9d-e827facc02ea] [DynLevel: ] - <==    Updates: 1
2026-06-26 16:42:26.965 [DEBUG] [Test worker] [c.p.m.c.l.T.insertTransactionLogDetail] [TranId: 20260611141234567MBRmbrAP010000001] [BizTranId: MBR01BSE0002] [TraceId: TRACE-TEST-001] [SpanId: SPN-2f0d67a1-d911-4064-bc9d-e827facc02ea] [DynLevel: ] - ==>  Preparing: INSERT INTO pfw_transaction_log_detail ( LOG_IDX, DETAIL_KEY, DETAIL_VALUE, CREATED_BY, CREATED_AT, UPDATED_BY, UPDATED_AT ) VALUES ( ?, IFNULL(?, 'N/A'), IFNULL(?, 'N/A'), IFNULL(NULLIF(?, 'N/A'), 'PFW'), NOW(), IFNULL(NULLIF(?, 'N/A'), 'PFW'), NOW() )
2026-06-26 16:42:26.965 [DEBUG] [Test worker] [c.p.m.c.l.T.insertTransactionLogDetail] [TranId: 20260611141234567MBRmbrAP010000001] [BizTranId: MBR01BSE0002] [TraceId: TRACE-TEST-001] [SpanId: SPN-2f0d67a1-d911-4064-bc9d-e827facc02ea] [DynLevel: ] - ==> Parameters: 1133(Long), error(String), getDetail.memberId: memberId must be positive(String), N/A(String), N/A(String)
2026-06-26 16:42:26.966 [DEBUG] [Test worker] [c.p.m.c.l.T.insertTransactionLogDetail] [TranId: 20260611141234567MBRmbrAP010000001] [BizTranId: MBR01BSE0002] [TraceId: TRACE-TEST-001] [SpanId: SPN-2f0d67a1-d911-4064-bc9d-e827facc02ea] [DynLevel: ] - <==    Updates: 1
2026-06-26 16:42:26.967 [DEBUG] [Test worker] [c.p.m.c.l.T.insertTransactionLogDetail] [TranId: 20260611141234567MBRmbrAP010000001] [BizTranId: MBR01BSE0002] [TraceId: TRACE-TEST-001] [SpanId: SPN-2f0d67a1-d911-4064-bc9d-e827facc02ea] [DynLevel: ] - ==>  Preparing: INSERT INTO pfw_transaction_log_detail ( LOG_IDX, DETAIL_KEY, DETAIL_VALUE, CREATED_BY, CREATED_AT, UPDATED_BY, UPDATED_AT ) VALUES ( ?, IFNULL(?, 'N/A'), IFNULL(?, 'N/A'), IFNULL(NULLIF(?, 'N/A'), 'PFW'), NOW(), IFNULL(NULLIF(?, 'N/A'), 'PFW'), NOW() )
2026-06-26 16:42:26.968 [DEBUG] [Test worker] [c.p.m.c.l.T.insertTransactionLogDetail] [TranId: 20260611141234567MBRmbrAP010000001] [BizTranId: MBR01BSE0002] [TraceId: TRACE-TEST-001] [SpanId: SPN-2f0d67a1-d911-4064-bc9d-e827facc02ea] [DynLevel: ] - ==> Parameters: 1133(Long), error.code(String), ConstraintViolationException(String), N/A(String), N/A(String)
2026-06-26 16:42:26.969 [DEBUG] [Test worker] [c.p.m.c.l.T.insertTransactionLogDetail] [TranId: 20260611141234567MBRmbrAP010000001] [BizTranId: MBR01BSE0002] [TraceId: TRACE-TEST-001] [SpanId: SPN-2f0d67a1-d911-4064-bc9d-e827facc02ea] [DynLevel: ] - <==    Updates: 1
2026-06-26 16:42:26.970 [DEBUG] [Test worker] [c.p.m.c.l.T.insertTransactionLogDetail] [TranId: 20260611141234567MBRmbrAP010000001] [BizTranId: MBR01BSE0002] [TraceId: TRACE-TEST-001] [SpanId: SPN-2f0d67a1-d911-4064-bc9d-e827facc02ea] [DynLevel: ] - ==>  Preparing: INSERT INTO pfw_transaction_log_detail ( LOG_IDX, DETAIL_KEY, DETAIL_VALUE, CREATED_BY, CREATED_AT, UPDATED_BY, UPDATED_AT ) VALUES ( ?, IFNULL(?, 'N/A'), IFNULL(?, 'N/A'), IFNULL(NULLIF(?, 'N/A'), 'PFW'), NOW(), IFNULL(NULLIF(?, 'N/A'), 'PFW'), NOW() )
2026-06-26 16:42:26.970 [DEBUG] [Test worker] [c.p.m.c.l.T.insertTransactionLogDetail] [TranId: 20260611141234567MBRmbrAP010000001] [BizTranId: MBR01BSE0002] [TraceId: TRACE-TEST-001] [SpanId: SPN-2f0d67a1-d911-4064-bc9d-e827facc02ea] [DynLevel: ] - ==> Parameters: 1133(Long), error.externalMessage(String), CPF 처리 기준입니다.(String), N/A(String), N/A(String)
2026-06-26 16:42:26.971 [DEBUG] [Test worker] [c.p.m.c.l.T.insertTransactionLogDetail] [TranId: 20260611141234567MBRmbrAP010000001] [BizTranId: MBR01BSE0002] [TraceId: TRACE-TEST-001] [SpanId: SPN-2f0d67a1-d911-4064-bc9d-e827facc02ea] [DynLevel: ] - <==    Updates: 1
2026-06-26 16:42:26.972 [DEBUG] [Test worker] [c.p.m.c.l.T.insertTransactionLogDetail] [TranId: 20260611141234567MBRmbrAP010000001] [BizTranId: MBR01BSE0002] [TraceId: TRACE-TEST-001] [SpanId: SPN-2f0d67a1-d911-4064-bc9d-e827facc02ea] [DynLevel: ] - ==>  Preparing: INSERT INTO pfw_transaction_log_detail ( LOG_IDX, DETAIL_KEY, DETAIL_VALUE, CREATED_BY, CREATED_AT, UPDATED_BY, UPDATED_AT ) VALUES ( ?, IFNULL(?, 'N/A'), IFNULL(?, 'N/A'), IFNULL(NULLIF(?, 'N/A'), 'PFW'), NOW(), IFNULL(NULLIF(?, 'N/A'), 'PFW'), NOW() )
2026-06-26 16:42:26.972 [DEBUG] [Test worker] [c.p.m.c.l.T.insertTransactionLogDetail] [TranId: 20260611141234567MBRmbrAP010000001] [BizTranId: MBR01BSE0002] [TraceId: TRACE-TEST-001] [SpanId: SPN-2f0d67a1-d911-4064-bc9d-e827facc02ea] [DynLevel: ] - ==> Parameters: 1133(Long), error.internalMessage(String), getDetail.memberId: memberId must be positive(String), N/A(String), N/A(String)
2026-06-26 16:42:26.973 [DEBUG] [Test worker] [c.p.m.c.l.T.insertTransactionLogDetail] [TranId: 20260611141234567MBRmbrAP010000001] [BizTranId: MBR01BSE0002] [TraceId: TRACE-TEST-001] [SpanId: SPN-2f0d67a1-d911-4064-bc9d-e827facc02ea] [DynLevel: ] - <==    Updates: 1
2026-06-26 16:42:26.974 [DEBUG] [Test worker] [c.p.m.c.l.T.insertTransactionLogDetail] [TranId: 20260611141234567MBRmbrAP010000001] [BizTranId: MBR01BSE0002] [TraceId: TRACE-TEST-001] [SpanId: SPN-2f0d67a1-d911-4064-bc9d-e827facc02ea] [DynLevel: ] - ==>  Preparing: INSERT INTO pfw_transaction_log_detail ( LOG_IDX, DETAIL_KEY, DETAIL_VALUE, CREATED_BY, CREATED_AT, UPDATED_BY, UPDATED_AT ) VALUES ( ?, IFNULL(?, 'N/A'), IFNULL(?, 'N/A'), IFNULL(NULLIF(?, 'N/A'), 'PFW'), NOW(), IFNULL(NULLIF(?, 'N/A'), 'PFW'), NOW() )
2026-06-26 16:42:26.974 [DEBUG] [Test worker] [c.p.m.c.l.T.insertTransactionLogDetail] [TranId: 20260611141234567MBRmbrAP010000001] [BizTranId: MBR01BSE0002] [TraceId: TRACE-TEST-001] [SpanId: SPN-2f0d67a1-d911-4064-bc9d-e827facc02ea] [DynLevel: ] - ==> Parameters: 1133(Long), logPolicy.targetType(String), ONLINE_TRANSACTION(String), N/A(String), N/A(String)
2026-06-26 16:42:26.976 [DEBUG] [Test worker] [c.p.m.c.l.T.insertTransactionLogDetail] [TranId: 20260611141234567MBRmbrAP010000001] [BizTranId: MBR01BSE0002] [TraceId: TRACE-TEST-001] [SpanId: SPN-2f0d67a1-d911-4064-bc9d-e827facc02ea] [DynLevel: ] - <==    Updates: 1
2026-06-26 16:42:26.976 [DEBUG] [Test worker] [c.p.m.c.l.T.insertTransactionLogDetail] [TranId: 20260611141234567MBRmbrAP010000001] [BizTranId: MBR01BSE0002] [TraceId: TRACE-TEST-001] [SpanId: SPN-2f0d67a1-d911-4064-bc9d-e827facc02ea] [DynLevel: ] - ==>  Preparing: INSERT INTO pfw_transaction_log_detail ( LOG_IDX, DETAIL_KEY, DETAIL_VALUE, CREATED_BY, CREATED_AT, UPDATED_BY, UPDATED_AT ) VALUES ( ?, IFNULL(?, 'N/A'), IFNULL(?, 'N/A'), IFNULL(NULLIF(?, 'N/A'), 'PFW'), NOW(), IFNULL(NULLIF(?, 'N/A'), 'PFW'), NOW() )
2026-06-26 16:42:26.977 [DEBUG] [Test worker] [c.p.m.c.l.T.insertTransactionLogDetail] [TranId: 20260611141234567MBRmbrAP010000001] [BizTranId: MBR01BSE0002] [TraceId: TRACE-TEST-001] [SpanId: SPN-2f0d67a1-d911-4064-bc9d-e827facc02ea] [DynLevel: ] - ==> Parameters: 1133(Long), logPolicy.targetId(String), MBR01BSE0002(String), N/A(String), N/A(String)
2026-06-26 16:42:26.978 [DEBUG] [Test worker] [c.p.m.c.l.T.insertTransactionLogDetail] [TranId: 20260611141234567MBRmbrAP010000001] [BizTranId: MBR01BSE0002] [TraceId: TRACE-TEST-001] [SpanId: SPN-2f0d67a1-d911-4064-bc9d-e827facc02ea] [DynLevel: ] - <==    Updates: 1
2026-06-26 16:42:26.979 [DEBUG] [Test worker] [c.p.m.c.l.T.insertTransactionLogDetail] [TranId: 20260611141234567MBRmbrAP010000001] [BizTranId: MBR01BSE0002] [TraceId: TRACE-TEST-001] [SpanId: SPN-2f0d67a1-d911-4064-bc9d-e827facc02ea] [DynLevel: ] - ==>  Preparing: INSERT INTO pfw_transaction_log_detail ( LOG_IDX, DETAIL_KEY, DETAIL_VALUE, CREATED_BY, CREATED_AT, UPDATED_BY, UPDATED_AT ) VALUES ( ?, IFNULL(?, 'N/A'), IFNULL(?, 'N/A'), IFNULL(NULLIF(?, 'N/A'), 'PFW'), NOW(), IFNULL(NULLIF(?, 'N/A'), 'PFW'), NOW() )
2026-06-26 16:42:26.979 [DEBUG] [Test worker] [c.p.m.c.l.T.insertTransactionLogDetail] [TranId: 20260611141234567MBRmbrAP010000001] [BizTranId: MBR01BSE0002] [TraceId: TRACE-TEST-001] [SpanId: SPN-2f0d67a1-d911-4064-bc9d-e827facc02ea] [DynLevel: ] - ==> Parameters: 1133(Long), logPolicy.fileLogLevel(String), INFO(String), N/A(String), N/A(String)
2026-06-26 16:42:26.980 [DEBUG] [Test worker] [c.p.m.c.l.T.insertTransactionLogDetail] [TranId: 20260611141234567MBRmbrAP010000001] [BizTranId: MBR01BSE0002] [TraceId: TRACE-TEST-001] [SpanId: SPN-2f0d67a1-d911-4064-bc9d-e827facc02ea] [DynLevel: ] - <==    Updates: 1
2026-06-26 16:42:26.981 [DEBUG] [Test worker] [c.p.m.c.l.T.insertTransactionLogDetail] [TranId: 20260611141234567MBRmbrAP010000001] [BizTranId: MBR01BSE0002] [TraceId: TRACE-TEST-001] [SpanId: SPN-2f0d67a1-d911-4064-bc9d-e827facc02ea] [DynLevel: ] - ==>  Preparing: INSERT INTO pfw_transaction_log_detail ( LOG_IDX, DETAIL_KEY, DETAIL_VALUE, CREATED_BY, CREATED_AT, UPDATED_BY, UPDATED_AT ) VALUES ( ?, IFNULL(?, 'N/A'), IFNULL(?, 'N/A'), IFNULL(NULLIF(?, 'N/A'), 'PFW'), NOW(), IFNULL(NULLIF(?, 'N/A'), 'PFW'), NOW() )
2026-06-26 16:42:26.981 [DEBUG] [Test worker] [c.p.m.c.l.T.insertTransactionLogDetail] [TranId: 20260611141234567MBRmbrAP010000001] [BizTranId: MBR01BSE0002] [TraceId: TRACE-TEST-001] [SpanId: SPN-2f0d67a1-d911-4064-bc9d-e827facc02ea] [DynLevel: ] - ==> Parameters: 1133(Long), logPolicy.dbLogEnabled(String), Y(String), N/A(String), N/A(String)
2026-06-26 16:42:26.982 [DEBUG] [Test worker] [c.p.m.c.l.T.insertTransactionLogDetail] [TranId: 20260611141234567MBRmbrAP010000001] [BizTranId: MBR01BSE0002] [TraceId: TRACE-TEST-001] [SpanId: SPN-2f0d67a1-d911-4064-bc9d-e827facc02ea] [DynLevel: ] - <==    Updates: 1
2026-06-26 16:42:26.983 [DEBUG] [Test worker] [c.p.m.c.l.T.insertTransactionLogDetail] [TranId: 20260611141234567MBRmbrAP010000001] [BizTranId: MBR01BSE0002] [TraceId: TRACE-TEST-001] [SpanId: SPN-2f0d67a1-d911-4064-bc9d-e827facc02ea] [DynLevel: ] - ==>  Preparing: INSERT INTO pfw_transaction_log_detail ( LOG_IDX, DETAIL_KEY, DETAIL_VALUE, CREATED_BY, CREATED_AT, UPDATED_BY, UPDATED_AT ) VALUES ( ?, IFNULL(?, 'N/A'), IFNULL(?, 'N/A'), IFNULL(NULLIF(?, 'N/A'), 'PFW'), NOW(), IFNULL(NULLIF(?, 'N/A'), 'PFW'), NOW() )
2026-06-26 16:42:26.983 [DEBUG] [Test worker] [c.p.m.c.l.T.insertTransactionLogDetail] [TranId: 20260611141234567MBRmbrAP010000001] [BizTranId: MBR01BSE0002] [TraceId: TRACE-TEST-001] [SpanId: SPN-2f0d67a1-d911-4064-bc9d-e827facc02ea] [DynLevel: ] - ==> Parameters: 1133(Long), logPolicy.dbLogLevel(String), INFO(String), N/A(String), N/A(String)
2026-06-26 16:42:26.984 [DEBUG] [Test worker] [c.p.m.c.l.T.insertTransactionLogDetail] [TranId: 20260611141234567MBRmbrAP010000001] [BizTranId: MBR01BSE0002] [TraceId: TRACE-TEST-001] [SpanId: SPN-2f0d67a1-d911-4064-bc9d-e827facc02ea] [DynLevel: ] - <==    Updates: 1
2026-06-26 16:42:26.985 [DEBUG] [Test worker] [c.p.m.c.l.T.insertTransactionLogDetail] [TranId: 20260611141234567MBRmbrAP010000001] [BizTranId: MBR01BSE0002] [TraceId: TRACE-TEST-001] [SpanId: SPN-2f0d67a1-d911-4064-bc9d-e827facc02ea] [DynLevel: ] - ==>  Preparing: INSERT INTO pfw_transaction_log_detail ( LOG_IDX, DETAIL_KEY, DETAIL_VALUE, CREATED_BY, CREATED_AT, UPDATED_BY, UPDATED_AT ) VALUES ( ?, IFNULL(?, 'N/A'), IFNULL(?, 'N/A'), IFNULL(NULLIF(?, 'N/A'), 'PFW'), NOW(), IFNULL(NULLIF(?, 'N/A'), 'PFW'), NOW() )
2026-06-26 16:42:26.985 [DEBUG] [Test worker] [c.p.m.c.l.T.insertTransactionLogDetail] [TranId: 20260611141234567MBRmbrAP010000001] [BizTranId: MBR01BSE0002] [TraceId: TRACE-TEST-001] [SpanId: SPN-2f0d67a1-d911-4064-bc9d-e827facc02ea] [DynLevel: ] - ==> Parameters: 1133(Long), logPolicy.requestBodySaveYn(String), N(String), N/A(String), N/A(String)
2026-06-26 16:42:26.986 [DEBUG] [Test worker] [c.p.m.c.l.T.insertTransactionLogDetail] [TranId: 20260611141234567MBRmbrAP010000001] [BizTranId: MBR01BSE0002] [TraceId: TRACE-TEST-001] [SpanId: SPN-2f0d67a1-d911-4064-bc9d-e827facc02ea] [DynLevel: ] - <==    Updates: 1
2026-06-26 16:42:26.986 [DEBUG] [Test worker] [c.p.m.c.l.T.insertTransactionLogDetail] [TranId: 20260611141234567MBRmbrAP010000001] [BizTranId: MBR01BSE0002] [TraceId: TRACE-TEST-001] [SpanId: SPN-2f0d67a1-d911-4064-bc9d-e827facc02ea] [DynLevel: ] - ==>  Preparing: INSERT INTO pfw_transaction_log_detail ( LOG_IDX, DETAIL_KEY, DETAIL_VALUE, CREATED_BY, CREATED_AT, UPDATED_BY, UPDATED_AT ) VALUES ( ?, IFNULL(?, 'N/A'), IFNULL(?, 'N/A'), IFNULL(NULLIF(?, 'N/A'), 'PFW'), NOW(), IFNULL(NULLIF(?, 'N/A'), 'PFW'), NOW() )
2026-06-26 16:42:26.987 [DEBUG] [Test worker] [c.p.m.c.l.T.insertTransactionLogDetail] [TranId: 20260611141234567MBRmbrAP010000001] [BizTranId: MBR01BSE0002] [TraceId: TRACE-TEST-001] [SpanId: SPN-2f0d67a1-d911-4064-bc9d-e827facc02ea] [DynLevel: ] - ==> Parameters: 1133(Long), logPolicy.responseBodySaveYn(String), N(String), N/A(String), N/A(String)
2026-06-26 16:42:26.988 [DEBUG] [Test worker] [c.p.m.c.l.T.insertTransactionLogDetail] [TranId: 20260611141234567MBRmbrAP010000001] [BizTranId: MBR01BSE0002] [TraceId: TRACE-TEST-001] [SpanId: SPN-2f0d67a1-d911-4064-bc9d-e827facc02ea] [DynLevel: ] - <==    Updates: 1
2026-06-26 16:42:26.988 [DEBUG] [Test worker] [c.p.m.c.l.T.insertTransactionLogDetail] [TranId: 20260611141234567MBRmbrAP010000001] [BizTranId: MBR01BSE0002] [TraceId: TRACE-TEST-001] [SpanId: SPN-2f0d67a1-d911-4064-bc9d-e827facc02ea] [DynLevel: ] - ==>  Preparing: INSERT INTO pfw_transaction_log_detail ( LOG_IDX, DETAIL_KEY, DETAIL_VALUE, CREATED_BY, CREATED_AT, UPDATED_BY, UPDATED_AT ) VALUES ( ?, IFNULL(?, 'N/A'), IFNULL(?, 'N/A'), IFNULL(NULLIF(?, 'N/A'), 'PFW'), NOW(), IFNULL(NULLIF(?, 'N/A'), 'PFW'), NOW() )
2026-06-26 16:42:26.989 [DEBUG] [Test worker] [c.p.m.c.l.T.insertTransactionLogDetail] [TranId: 20260611141234567MBRmbrAP010000001] [BizTranId: MBR01BSE0002] [TraceId: TRACE-TEST-001] [SpanId: SPN-2f0d67a1-d911-4064-bc9d-e827facc02ea] [DynLevel: ] - ==> Parameters: 1133(Long), logPolicy.errorStackSaveYn(String), Y(String), N/A(String), N/A(String)
2026-06-26 16:42:26.990 [DEBUG] [Test worker] [c.p.m.c.l.T.insertTransactionLogDetail] [TranId: 20260611141234567MBRmbrAP010000001] [BizTranId: MBR01BSE0002] [TraceId: TRACE-TEST-001] [SpanId: SPN-2f0d67a1-d911-4064-bc9d-e827facc02ea] [DynLevel: ] - <==    Updates: 1
2026-06-26 16:42:26.991 [DEBUG] [Test worker] [c.p.m.c.l.T.insertTransactionLogDetail] [TranId: 20260611141234567MBRmbrAP010000001] [BizTranId: MBR01BSE0002] [TraceId: TRACE-TEST-001] [SpanId: SPN-2f0d67a1-d911-4064-bc9d-e827facc02ea] [DynLevel: ] - ==>  Preparing: INSERT INTO pfw_transaction_log_detail ( LOG_IDX, DETAIL_KEY, DETAIL_VALUE, CREATED_BY, CREATED_AT, UPDATED_BY, UPDATED_AT ) VALUES ( ?, IFNULL(?, 'N/A'), IFNULL(?, 'N/A'), IFNULL(NULLIF(?, 'N/A'), 'PFW'), NOW(), IFNULL(NULLIF(?, 'N/A'), 'PFW'), NOW() )
2026-06-26 16:42:26.992 [DEBUG] [Test worker] [c.p.m.c.l.T.insertTransactionLogDetail] [TranId: 20260611141234567MBRmbrAP010000001] [BizTranId: MBR01BSE0002] [TraceId: TRACE-TEST-001] [SpanId: SPN-2f0d67a1-d911-4064-bc9d-e827facc02ea] [DynLevel: ] - ==> Parameters: 1133(Long), logPolicy.maskingPolicyKey(String), DEFAULT(String), N/A(String), N/A(String)
2026-06-26 16:42:26.993 [DEBUG] [Test worker] [c.p.m.c.l.T.insertTransactionLogDetail] [TranId: 20260611141234567MBRmbrAP010000001] [BizTranId: MBR01BSE0002] [TraceId: TRACE-TEST-001] [SpanId: SPN-2f0d67a1-d911-4064-bc9d-e827facc02ea] [DynLevel: ] - <==    Updates: 1
2026-06-26 16:42:26.994 [DEBUG] [Test worker] [c.p.m.c.l.T.insertTransactionLogDetail] [TranId: 20260611141234567MBRmbrAP010000001] [BizTranId: MBR01BSE0002] [TraceId: TRACE-TEST-001] [SpanId: SPN-2f0d67a1-d911-4064-bc9d-e827facc02ea] [DynLevel: ] - ==>  Preparing: INSERT INTO pfw_transaction_log_detail ( LOG_IDX, DETAIL_KEY, DETAIL_VALUE, CREATED_BY, CREATED_AT, UPDATED_BY, UPDATED_AT ) VALUES ( ?, IFNULL(?, 'N/A'), IFNULL(?, 'N/A'), IFNULL(NULLIF(?, 'N/A'), 'PFW'), NOW(), IFNULL(NULLIF(?, 'N/A'), 'PFW'), NOW() )
2026-06-26 16:42:26.994 [DEBUG] [Test worker] [c.p.m.c.l.T.insertTransactionLogDetail] [TranId: 20260611141234567MBRmbrAP010000001] [BizTranId: MBR01BSE0002] [TraceId: TRACE-TEST-001] [SpanId: SPN-2f0d67a1-d911-4064-bc9d-e827facc02ea] [DynLevel: ] - ==> Parameters: 1133(Long), logPolicy.resolvedSource(String), DB_POLICY(String), N/A(String), N/A(String)
2026-06-26 16:42:26.996 [DEBUG] [Test worker] [c.p.m.c.l.T.insertTransactionLogDetail] [TranId: 20260611141234567MBRmbrAP010000001] [BizTranId: MBR01BSE0002] [TraceId: TRACE-TEST-001] [SpanId: SPN-2f0d67a1-d911-4064-bc9d-e827facc02ea] [DynLevel: ] - <==    Updates: 1
2026-06-26 16:42:26.996 [DEBUG] [Test worker] [c.p.m.c.l.T.insertTransactionLogDetail] [TranId: 20260611141234567MBRmbrAP010000001] [BizTranId: MBR01BSE0002] [TraceId: TRACE-TEST-001] [SpanId: SPN-2f0d67a1-d911-4064-bc9d-e827facc02ea] [DynLevel: ] - ==>  Preparing: INSERT INTO pfw_transaction_log_detail ( LOG_IDX, DETAIL_KEY, DETAIL_VALUE, CREATED_BY, CREATED_AT, UPDATED_BY, UPDATED_AT ) VALUES ( ?, IFNULL(?, 'N/A'), IFNULL(?, 'N/A'), IFNULL(NULLIF(?, 'N/A'), 'PFW'), NOW(), IFNULL(NULLIF(?, 'N/A'), 'PFW'), NOW() )
2026-06-26 16:42:26.997 [DEBUG] [Test worker] [c.p.m.c.l.T.insertTransactionLogDetail] [TranId: 20260611141234567MBRmbrAP010000001] [BizTranId: MBR01BSE0002] [TraceId: TRACE-TEST-001] [SpanId: SPN-2f0d67a1-d911-4064-bc9d-e827facc02ea] [DynLevel: ] - ==> Parameters: 1133(Long), logPolicy.policyId(String), 1(String), N/A(String), N/A(String)
2026-06-26 16:42:26.999 [DEBUG] [Test worker] [c.p.m.c.l.T.insertTransactionLogDetail] [TranId: 20260611141234567MBRmbrAP010000001] [BizTranId: MBR01BSE0002] [TraceId: TRACE-TEST-001] [SpanId: SPN-2f0d67a1-d911-4064-bc9d-e827facc02ea] [DynLevel: ] - <==    Updates: 1
2026-06-26 16:42:27.000 [DEBUG] [Test worker] [c.p.m.c.l.T.insertTransactionLogDetail] [TranId: 20260611141234567MBRmbrAP010000001] [BizTranId: MBR01BSE0002] [TraceId: TRACE-TEST-001] [SpanId: SPN-2f0d67a1-d911-4064-bc9d-e827facc02ea] [DynLevel: ] - ==>  Preparing: INSERT INTO pfw_transaction_log_detail ( LOG_IDX, DETAIL_KEY, DETAIL_VALUE, CREATED_BY, CREATED_AT, UPDATED_BY, UPDATED_AT ) VALUES ( ?, IFNULL(?, 'N/A'), IFNULL(?, 'N/A'), IFNULL(NULLIF(?, 'N/A'), 'PFW'), NOW(), IFNULL(NULLIF(?, 'N/A'), 'PFW'), NOW() )
2026-06-26 16:42:27.001 [DEBUG] [Test worker] [c.p.m.c.l.T.insertTransactionLogDetail] [TranId: 20260611141234567MBRmbrAP010000001] [BizTranId: MBR01BSE0002] [TraceId: TRACE-TEST-001] [SpanId: SPN-2f0d67a1-d911-4064-bc9d-e827facc02ea] [DynLevel: ] - ==> Parameters: 1133(Long), transactionHeader(String), TransactionHeader(apiVersion=null, clientAppId=null, clientVersion=null, callerService=null, callerInstanceId=null, correlationId=null, idempotencyKey=null, locale=null, timezone=null, requestType=INQUIRY, originalChannelCode=MBL, channelCode=MBR, memberNo=10000001, customerNo=null, userId=null, screenId=null, deviceId=null, clientRequestTime=null, clientIp=10.10.10.10, reservedField1=reserved-1, reservedField2=reserved-2, reservedField3=null, reservedField4=null, reservedField5=null, wasId=local01)(String), N/A(String), N/A(String)
2026-06-26 16:42:27.002 [DEBUG] [Test worker] [c.p.m.c.l.T.insertTransactionLogDetail] [TranId: 20260611141234567MBRmbrAP010000001] [BizTranId: MBR01BSE0002] [TraceId: TRACE-TEST-001] [SpanId: SPN-2f0d67a1-d911-4064-bc9d-e827facc02ea] [DynLevel: ] - <==    Updates: 1
2026-06-26 16:42:27.003 [DEBUG] [Test worker] [c.p.m.c.l.T.insertTransactionLogDetail] [TranId: 20260611141234567MBRmbrAP010000001] [BizTranId: MBR01BSE0002] [TraceId: TRACE-TEST-001] [SpanId: SPN-2f0d67a1-d911-4064-bc9d-e827facc02ea] [DynLevel: ] - ==>  Preparing: INSERT INTO pfw_transaction_log_detail ( LOG_IDX, DETAIL_KEY, DETAIL_VALUE, CREATED_BY, CREATED_AT, UPDATED_BY, UPDATED_AT ) VALUES ( ?, IFNULL(?, 'N/A'), IFNULL(?, 'N/A'), IFNULL(NULLIF(?, 'N/A'), 'PFW'), NOW(), IFNULL(NULLIF(?, 'N/A'), 'PFW'), NOW() )
2026-06-26 16:42:27.003 [DEBUG] [Test worker] [c.p.m.c.l.T.insertTransactionLogDetail] [TranId: 20260611141234567MBRmbrAP010000001] [BizTranId: MBR01BSE0002] [TraceId: TRACE-TEST-001] [SpanId: SPN-2f0d67a1-d911-4064-bc9d-e827facc02ea] [DynLevel: ] - ==> Parameters: 1133(Long), propagationHeaders(String), {X-Transaction-Id=20260611141234567MBRmbrAP010000001, X-Trace-Id=TRACE-TEST-001, X-Parent-Span-Id=SPN-2f0d67a1-d911-4064-bc9d-e827facc02ea, X-Request-Type=INQUIRY, X-Original-Channel-Code=MBL, X-Channel-Code=MBR, X-Member-No=10000001, X-Client-IP=10.10.10.10, X-Reserved-Field-1=reserved-1, X-Reserved-Field-2=reserved-2}(String), N/A(String), N/A(String)
2026-06-26 16:42:27.005 [DEBUG] [Test worker] [c.p.m.c.l.T.insertTransactionLogDetail] [TranId: 20260611141234567MBRmbrAP010000001] [BizTranId: MBR01BSE0002] [TraceId: TRACE-TEST-001] [SpanId: SPN-2f0d67a1-d911-4064-bc9d-e827facc02ea] [DynLevel: ] - <==    Updates: 1
2026-06-26 16:42:27.006 [DEBUG] [Test worker] [c.p.m.c.l.T.insertTransactionLogDetail] [TranId: 20260611141234567MBRmbrAP010000001] [BizTranId: MBR01BSE0002] [TraceId: TRACE-TEST-001] [SpanId: SPN-2f0d67a1-d911-4064-bc9d-e827facc02ea] [DynLevel: ] - ==>  Preparing: INSERT INTO pfw_transaction_log_detail ( LOG_IDX, DETAIL_KEY, DETAIL_VALUE, CREATED_BY, CREATED_AT, UPDATED_BY, UPDATED_AT ) VALUES ( ?, IFNULL(?, 'N/A'), IFNULL(?, 'N/A'), IFNULL(NULLIF(?, 'N/A'), 'PFW'), NOW(), IFNULL(NULLIF(?, 'N/A'), 'PFW'), NOW() )
2026-06-26 16:42:27.006 [DEBUG] [Test worker] [c.p.m.c.l.T.insertTransactionLogDetail] [TranId: 20260611141234567MBRmbrAP010000001] [BizTranId: MBR01BSE0002] [TraceId: TRACE-TEST-001] [SpanId: SPN-2f0d67a1-d911-4064-bc9d-e827facc02ea] [DynLevel: ] - ==> Parameters: 1133(Long), workflowPropagationHeaders(String), {}(String), N/A(String), N/A(String)
2026-06-26 16:42:27.007 [DEBUG] [Test worker] [c.p.m.c.l.T.insertTransactionLogDetail] [TranId: 20260611141234567MBRmbrAP010000001] [BizTranId: MBR01BSE0002] [TraceId: TRACE-TEST-001] [SpanId: SPN-2f0d67a1-d911-4064-bc9d-e827facc02ea] [DynLevel: ] - <==    Updates: 1
2026-06-26 16:42:27.008 [DEBUG] [Test worker] [c.p.m.c.l.T.insertTransactionLogDetail] [TranId: 20260611141234567MBRmbrAP010000001] [BizTranId: MBR01BSE0002] [TraceId: TRACE-TEST-001] [SpanId: SPN-2f0d67a1-d911-4064-bc9d-e827facc02ea] [DynLevel: ] - ==>  Preparing: INSERT INTO pfw_transaction_log_detail ( LOG_IDX, DETAIL_KEY, DETAIL_VALUE, CREATED_BY, CREATED_AT, UPDATED_BY, UPDATED_AT ) VALUES ( ?, IFNULL(?, 'N/A'), IFNULL(?, 'N/A'), IFNULL(NULLIF(?, 'N/A'), 'PFW'), NOW(), IFNULL(NULLIF(?, 'N/A'), 'PFW'), NOW() )
2026-06-26 16:42:27.009 [DEBUG] [Test worker] [c.p.m.c.l.T.insertTransactionLogDetail] [TranId: 20260611141234567MBRmbrAP010000001] [BizTranId: MBR01BSE0002] [TraceId: TRACE-TEST-001] [SpanId: SPN-2f0d67a1-d911-4064-bc9d-e827facc02ea] [DynLevel: ] - ==> Parameters: 1133(Long), errorMessage(String), getDetail.memberId: memberId must be positive(String), N/A(String), N/A(String)
2026-06-26 16:42:27.010 [DEBUG] [Test worker] [c.p.m.c.l.T.insertTransactionLogDetail] [TranId: 20260611141234567MBRmbrAP010000001] [BizTranId: MBR01BSE0002] [TraceId: TRACE-TEST-001] [SpanId: SPN-2f0d67a1-d911-4064-bc9d-e827facc02ea] [DynLevel: ] - <==    Updates: 1
2026-06-26 16:42:27.014 [DEBUG] [Test worker] [o.s.w.s.m.m.a.ExceptionHandlerExceptionResolver] [TranId: 20260611141234567MBRmbrAP010000001] [BizTranId: MBR01BSE0002] [TraceId: TRACE-TEST-001] [SpanId: SPN-2f0d67a1-d911-4064-bc9d-e827facc02ea] [DynLevel: ] - Using @ExceptionHandler cpf.mbr.common.exception.GlobalExceptionHandler#handleConstraintViolationException(ConstraintViolationException, WebRequest)
2026-06-26 16:42:27.015 [WARN ] [Test worker] [c.m.c.e.GlobalExceptionHandler] [TranId: 20260611141234567MBRmbrAP010000001] [BizTranId: MBR01BSE0002] [TraceId: TRACE-TEST-001] [SpanId: SPN-2f0d67a1-d911-4064-bc9d-e827facc02ea] [DynLevel: ] - Constraint Violation Exception - getDetail.memberId: memberId must be positive
2026-06-26 16:42:27.067 [DEBUG] [Test worker] [o.s.w.s.m.m.a.HttpEntityMethodProcessor] [TranId: 20260611141234567MBRmbrAP010000001] [BizTranId: MBR01BSE0002] [TraceId: TRACE-TEST-001] [SpanId: SPN-2f0d67a1-d911-4064-bc9d-e827facc02ea] [DynLevel: ] - Using 'application/json', given [*/*] and supported [application/json, application/*+json, application/yaml]
2026-06-26 16:42:27.072 [DEBUG] [Test worker] [o.s.w.s.m.m.a.HttpEntityMethodProcessor] [TranId: 20260611141234567MBRmbrAP010000001] [BizTranId: MBR01BSE0002] [TraceId: TRACE-TEST-001] [SpanId: SPN-2f0d67a1-d911-4064-bc9d-e827facc02ea] [DynLevel: ] - Writing [BaseResponse(messageId=MSG_1782459747019, transactionId=20260611141234567MBRmbrAP010000001, traceId= (truncated)...]
2026-06-26 16:42:27.088 [DEBUG] [Test worker] [o.s.w.s.m.m.a.ExceptionHandlerExceptionResolver] [TranId: 20260611141234567MBRmbrAP010000001] [BizTranId: MBR01BSE0002] [TraceId: TRACE-TEST-001] [SpanId: SPN-2f0d67a1-d911-4064-bc9d-e827facc02ea] [DynLevel: ] - Resolved [jakarta.validation.ConstraintViolationException: getDetail.memberId: memberId must be positive]
