CPF_EVIDENCE_VERSION=1
EVIDENCE_ID=adm-ui-js-syntax
STATUS=완료
EXECUTED_AT=2026-07-13T15:48:39.9005024+09:00
START_COMMIT=1d5f2280f72719959dfd98dd78acde6299b0da74
BRANCH=master
COMMAND=node --check adm/src/main/resources/static/adm/adm.js
EXIT_CODE=0
JAVA_VERSION=java version "21.0.7" 2025-04-15 LTS
GRADLE_VERSION=8.11.1
PROFILE=local
SANITIZED=Y
SECRET_SCAN=PASS
TESTS=0
FAILURES=0
ERRORS=0
SKIPPED=0
REASON=
REPRODUCE_COMMAND=
LOG_SHA256=53c99432d20cb19257078d04a3d8f9aa797dc6feda64f9f62944db98aca0f63f
