CPF_EVIDENCE_VERSION=1
EVIDENCE_ID=adm-browser-click
STATUS=미검증
EXECUTED_AT=2026-07-13T15:48:51.6357182+09:00
START_COMMIT=1d5f2280f72719959dfd98dd78acde6299b0da74
BRANCH=master
COMMAND=ADM browser click smoke
EXIT_CODE=0
JAVA_VERSION=java version "21.0.7" 2025-04-15 LTS
GRADLE_VERSION=8.11.1
PROFILE=local
SANITIZED=Y
SECRET_SCAN=PASS
TESTS=0
FAILURES=0
ERRORS=0
SKIPPED=0
REASON=ADM과 연계 DB를 기동할 비추적 DB 접속정보가 현재 셸에 없어 브라우저 클릭을 실행하지 않았습니다.
REPRODUCE_COMMAND=DB 환경변수를 주입하고 ADM을 기동한 뒤 browser smoke를 실행합니다.
LOG_SHA256=ac3863b57c4299b4da45cdc5797f3927a3ab3d07a056d2e70c5a7c23fdd3c76b
