CPF_EVIDENCE_VERSION=1
EVIDENCE_ID=create-domain-smoke
STATUS=완료
EXECUTED_AT=2026-07-13T16:02:39.5496847+09:00
START_COMMIT=1d5f2280f72719959dfd98dd78acde6299b0da74
BRANCH=master
COMMAND=scripts/smoke-create-domain.ps1 -ResultDir specs/evidence/20260713_02 -ModuleCode lng -ModuleName Lending
EXIT_CODE=0
JAVA_VERSION=java 21.0.7 2025-04-15 LTS
GRADLE_VERSION=8.11.1
PROFILE=local
SANITIZED=Y
SECRET_SCAN=PASS
TESTS=0
FAILURES=0
ERRORS=0
SKIPPED=0
REASON=
REPRODUCE_COMMAND=
LOG_SHA256=5f0a6bdc2ab5218d11899f069d5f7c867022e75caaa188afa16304d702a890df
--- SANITIZED_OUTPUT ---

<WORKSPACE>>if "Windows_NT" == "Windows_NT" setlocal

<WORKSPACE>>set DIRNAME=<WORKSPACE>\ 

<WORKSPACE>>if "<WORKSPACE>\" == "" set DIRNAME=. 

<WORKSPACE>>set APP_BASE_NAME=gradlew 

<WORKSPACE>>set APP_HOME=<WORKSPACE>\ 

<WORKSPACE>>for %i in ("<WORKSPACE>\") do set APP_HOME=%~fi 

<WORKSPACE>>set APP_HOME=<WORKSPACE>\ 

<WORKSPACE>>set DEFAULT_JVM_OPTS="-Xmx64m" "-Xms64m" 

<WORKSPACE>>if defined JAVA_HOME goto findJavaFromJavaHome 

<WORKSPACE>>set JAVA_HOME=D:\Java\jdk-21 

<WORKSPACE>>set JAVA_EXE=D:\Java\jdk-21/bin/java.exe 

<WORKSPACE>>if exist "D:\Java\jdk-21/bin/java.exe" goto execute 

<WORKSPACE>>set CLASSPATH=<WORKSPACE>\\gradle\wrapper\gradle-wrapper.jar 

<WORKSPACE>>"D:\Java\jdk-21/bin/java.exe" "-Xmx64m" "-Xms64m"   "-Dorg.gradle.appname=gradlew" -classpath "<WORKSPACE>\\gradle\wrapper\gradle-wrapper.jar" org.gradle.wrapper.GradleWrapperMain -p <WORKSPACE>\build\domain-generator-verification\lng :lng:test :lng:bootJar --offline --no-daemon --console=plain 
To honour the JVM settings for this build a single-use Daemon process will be forked. For more on this, please refer to https://docs.gradle.org/8.11.1/userguide/gradle_daemon.html#sec:disabling_the_daemon in the Gradle documentation.
Daemon will be stopped at the end of the build 
> Task :pfw:compileJava
> Task :cmn:compileJava
> Task :cmn:processResources
> Task :cmn:classes
> Task :cmn:jar
> Task :lng:compileJava
> Task :lng:processResources
> Task :lng:classes
> Task :lng:resolveMainClassName
> Task :pfw:processResources
> Task :pfw:classes
> Task :pfw:jar
> Task :lng:bootJar
> Task :lng:compileTestJava
> Task :lng:processTestResources NO-SOURCE
> Task :lng:testClasses
Java HotSpot(TM) 64-Bit Server VM warning: Sharing is only supported for boot loader classes because bootstrap classpath has been appended
> Task :lng:test

BUILD SUCCESSFUL in 1m 48s
12 actionable tasks: 12 executed

<WORKSPACE>>if 0 EQU 0 goto mainEnd 

<WORKSPACE>>if "Windows_NT" == "Windows_NT" endlocal
