CPF_EVIDENCE_VERSION=1
EVIDENCE_ID=log-tracking-policy
STATUS=완료
EXECUTED_AT=2026-07-13T15:23:51.2484519+09:00
START_COMMIT=1d5f2280f72719959dfd98dd78acde6299b0da74
BRANCH=master
COMMAND=git ls-files runtime log policy audit
EXIT_CODE=0
JAVA_VERSION=java version "21.0.7" 2025-04-15 LTS
GRADLE_VERSION=8.11.1
PROFILE=local
SANITIZED=Y
SECRET_SCAN=PASS
TESTS=0
FAILURES=0
ERRORS=0
SKIPPED=0
REASON=
REPRODUCE_COMMAND=
LOG_SHA256=b13b2ebf4536bfc2f07b6bb86c5aa93502e475cdddc524330b0d2f6aa24c0ce5
--- SANITIZED_OUTPUT ---
TRACKED_RAW_LOGS=0
TRACKED_SANITIZED_LOGS=10
LOCAL_RUNTIME_FILES_PRESERVED=814
GITIGNORE_ROOT_LOGS=.gitignore:44:**/logs/	logs
GITIGNORE_MODULE_LOGS=.gitignore:44:**/logs/	mbr/logs
