CPF_EVIDENCE_VERSION=1
EVIDENCE_ID=mariadb-full-install-preflight
STATUS=미검증
EXECUTED_AT=2026-07-13T15:25:03.7946064+09:00
START_COMMIT=1d5f2280f72719959dfd98dd78acde6299b0da74
BRANCH=master
COMMAND=scripts/smoke-mariadb-full-install.ps1 preflight
EXIT_CODE=0
JAVA_VERSION=java version "21.0.7" 2025-04-15 LTS
GRADLE_VERSION=8.11.1
PROFILE=local
SANITIZED=Y
SECRET_SCAN=PASS
TESTS=0
FAILURES=0
ERRORS=0
SKIPPED=0
REASON=CPF_DB_ROOT_PASSWORD or -RootPassword was not provided, so DB connection was not attempted.
REPRODUCE_COMMAND=CPF_DB_ROOT_PASSWORD 환경변수를 설정한 후 powershell -File scripts/smoke-mariadb-full-install.ps1 -ResultDir specs/evidence/20260713_02 -RequireRun
LOG_SHA256=df5a79caf5e2c25055048c73b9b26788fbcdc1ba1ef0b183c7daed543621df08
--- SANITIZED_OUTPUT ---
CPF MariaDB full install smoke
