CPF_EVIDENCE_VERSION=1
EVIDENCE_ID=openapi-runtime-json
STATUS=미검증
EXECUTED_AT=2026-07-13T15:48:53.1187766+09:00
START_COMMIT=1d5f2280f72719959dfd98dd78acde6299b0da74
BRANCH=master
COMMAND=GET /v3/api-docs runtime validation
EXIT_CODE=0
JAVA_VERSION=java version "21.0.7" 2025-04-15 LTS
GRADLE_VERSION=8.11.1
PROFILE=local
SANITIZED=Y
SECRET_SCAN=PASS
TESTS=0
FAILURES=0
ERRORS=0
SKIPPED=0
REASON=ADM runtime을 기동할 DB 접속정보가 없어 실제 OpenAPI JSON을 조회하지 않았습니다.
REPRODUCE_COMMAND=ADM 기동 후 powershell -File scripts/smoke-openapi.ps1 -RequireRuntime을 실행합니다.
LOG_SHA256=ba642feeea19f1e297802b5b301c21187160b0cc64be314936c15f8884cb515b
