[2026-06-18 17:09:18.373] [http-nio-18099-exec-2] DEBUG o.s.web.servlet.DispatcherServlet [TranId: 20260618170918373CMNlocal010000002] [BizTranId: ] [TraceId: 4a718771-e9ff-447f-8fb4-d3fc80e8e95f] [SpanId: SPN-dd3e4734-0cc6-4612-8bbc-ad49d89f279f] [DynLevel: ] - POST "/xyz/edu/batch/tasklet/run?requestUser=STABILIZATION", parameters={masked}
[2026-06-18 17:09:18.378] [http-nio-18099-exec-2] DEBUG o.s.w.s.m.m.a.RequestMappingHandlerMapping [TranId: 20260618170918373CMNlocal010000002] [BizTranId: ] [TraceId: 4a718771-e9ff-447f-8fb4-d3fc80e8e95f] [SpanId: SPN-dd3e4734-0cc6-4612-8bbc-ad49d89f279f] [DynLevel: ] - Mapped to cpf.xyz.edu.controller.XyzBatchEducationController#runTasklet(String)
[2026-06-18 17:09:18.389] [http-nio-18099-exec-2] INFO  c.pfw.common.logging.LoggingAspect [TranId: 20260618170918373CMNlocal010000002] [BizTranId: XYZ13EDU0001] [TraceId: 4a718771-e9ff-447f-8fb4-d3fc80e8e95f] [SpanId: SPN-dd3e4734-0cc6-4612-8bbc-ad49d89f279f] [DynLevel: ] - Transaction started. transactionId=20260618170918373CMNlocal010000002, businessTransactionId=XYZ13EDU0001, businessTransactionName=XYZBatchTaskletRun, traceId=4a718771-e9ff-447f-8fb4-d3fc80e8e95f, spanId=SPN-dd3e4734-0cc6-4612-8bbc-ad49d89f279f, moduleId=CMN, sequenceNo=1, workflowInstanceId=None, workflowStepId=None, method=POST, uri=/xyz/edu/batch/tasklet/run?requestUser=STABILIZATION, controller=XyzBatchEducationController.runTasklet(..), executionClass=cpf.xyz.edu.controller.XyzBatchEducationController, executionMethod=runTasklet, clientIp=127.0.0.1, parameters=requestUser=STABILIZATION, requestBody=[STABILIZATION]
[2026-06-18 17:09:18.395] [http-nio-18099-exec-2] DEBUG o.s.jdbc.core.JdbcTemplate [TranId: 20260618170918373CMNlocal010000002] [BizTranId: XYZ13EDU0001] [TraceId: 4a718771-e9ff-447f-8fb4-d3fc80e8e95f] [SpanId: SPN-dd3e4734-0cc6-4612-8bbc-ad49d89f279f] [DynLevel: ] - Executing prepared SQL query
[2026-06-18 17:09:18.396] [http-nio-18099-exec-2] DEBUG o.s.jdbc.core.JdbcTemplate [TranId: 20260618170918373CMNlocal010000002] [BizTranId: XYZ13EDU0001] [TraceId: 4a718771-e9ff-447f-8fb4-d3fc80e8e95f] [SpanId: SPN-dd3e4734-0cc6-4612-8bbc-ad49d89f279f] [DynLevel: ] - Executing prepared SQL statement [SELECT JOB_INSTANCE_ID, JOB_NAME
FROM BATCH_JOB_INSTANCE
WHERE JOB_NAME = ?
 AND JOB_KEY = ?]
[2026-06-18 17:09:18.401] [http-nio-18099-exec-2] DEBUG o.s.jdbc.core.JdbcTemplate [TranId: 20260618170918373CMNlocal010000002] [BizTranId: XYZ13EDU0001] [TraceId: 4a718771-e9ff-447f-8fb4-d3fc80e8e95f] [SpanId: SPN-dd3e4734-0cc6-4612-8bbc-ad49d89f279f] [DynLevel: ] - Executing prepared SQL query
[2026-06-18 17:09:18.401] [http-nio-18099-exec-2] DEBUG o.s.jdbc.core.JdbcTemplate [TranId: 20260618170918373CMNlocal010000002] [BizTranId: XYZ13EDU0001] [TraceId: 4a718771-e9ff-447f-8fb4-d3fc80e8e95f] [SpanId: SPN-dd3e4734-0cc6-4612-8bbc-ad49d89f279f] [DynLevel: ] - Executing prepared SQL statement [SELECT JOB_INSTANCE_ID, JOB_NAME
FROM BATCH_JOB_INSTANCE
WHERE JOB_NAME = ?
 AND JOB_KEY = ?]
[2026-06-18 17:09:18.403] [http-nio-18099-exec-2] DEBUG o.s.jdbc.core.JdbcTemplate [TranId: 20260618170918373CMNlocal010000002] [BizTranId: XYZ13EDU0001] [TraceId: 4a718771-e9ff-447f-8fb4-d3fc80e8e95f] [SpanId: SPN-dd3e4734-0cc6-4612-8bbc-ad49d89f279f] [DynLevel: ] - Executing prepared SQL query
[2026-06-18 17:09:18.404] [http-nio-18099-exec-2] DEBUG o.s.jdbc.core.JdbcTemplate [TranId: 20260618170918373CMNlocal010000002] [BizTranId: XYZ13EDU0001] [TraceId: 4a718771-e9ff-447f-8fb4-d3fc80e8e95f] [SpanId: SPN-dd3e4734-0cc6-4612-8bbc-ad49d89f279f] [DynLevel: ] - Executing prepared SQL statement [SELECT JOB_INSTANCE_ID, JOB_NAME
FROM BATCH_JOB_INSTANCE
WHERE JOB_NAME = ?
 AND JOB_KEY = ?]
[2026-06-18 17:09:18.425] [http-nio-18099-exec-2] DEBUG o.s.jdbc.core.JdbcTemplate [TranId: 20260618170918373CMNlocal010000002] [BizTranId: XYZ13EDU0001] [TraceId: 4a718771-e9ff-447f-8fb4-d3fc80e8e95f] [SpanId: SPN-dd3e4734-0cc6-4612-8bbc-ad49d89f279f] [DynLevel: ] - Executing prepared SQL update
[2026-06-18 17:09:18.425] [http-nio-18099-exec-2] DEBUG o.s.jdbc.core.JdbcTemplate [TranId: 20260618170918373CMNlocal010000002] [BizTranId: XYZ13EDU0001] [TraceId: 4a718771-e9ff-447f-8fb4-d3fc80e8e95f] [SpanId: SPN-dd3e4734-0cc6-4612-8bbc-ad49d89f279f] [DynLevel: ] - Executing prepared SQL statement [INSERT INTO BATCH_JOB_INSTANCE(JOB_INSTANCE_ID, JOB_NAME, JOB_KEY, VERSION)
	VALUES (?, ?, ?, ?)
]
[2026-06-18 17:09:18.430] [http-nio-18099-exec-2] DEBUG o.s.jdbc.core.JdbcTemplate [TranId: 20260618170918373CMNlocal010000002] [BizTranId: XYZ13EDU0001] [TraceId: 4a718771-e9ff-447f-8fb4-d3fc80e8e95f] [SpanId: SPN-dd3e4734-0cc6-4612-8bbc-ad49d89f279f] [DynLevel: ] - Executing prepared SQL update
[2026-06-18 17:09:18.431] [http-nio-18099-exec-2] DEBUG o.s.jdbc.core.JdbcTemplate [TranId: 20260618170918373CMNlocal010000002] [BizTranId: XYZ13EDU0001] [TraceId: 4a718771-e9ff-447f-8fb4-d3fc80e8e95f] [SpanId: SPN-dd3e4734-0cc6-4612-8bbc-ad49d89f279f] [DynLevel: ] - Executing prepared SQL statement [INSERT INTO BATCH_JOB_EXECUTION(JOB_EXECUTION_ID, JOB_INSTANCE_ID, START_TIME, END_TIME, STATUS, EXIT_CODE, EXIT_MESSAGE, VERSION, CREATE_TIME, LAST_UPDATED)
	VALUES (?, ?, ?, ?, ?, ?, ?, ?, ?, ?)
]
[2026-06-18 17:09:18.432] [http-nio-18099-exec-2] DEBUG o.s.jdbc.core.JdbcTemplate [TranId: 20260618170918373CMNlocal010000002] [BizTranId: XYZ13EDU0001] [TraceId: 4a718771-e9ff-447f-8fb4-d3fc80e8e95f] [SpanId: SPN-dd3e4734-0cc6-4612-8bbc-ad49d89f279f] [DynLevel: ] - Executing SQL batch update [INSERT INTO BATCH_JOB_EXECUTION_PARAMS(JOB_EXECUTION_ID, PARAMETER_NAME, PARAMETER_TYPE, PARAMETER_VALUE, IDENTIFYING)
	VALUES (?, ?, ?, ?, ?)
] with a batch size of 100
[2026-06-18 17:09:18.432] [http-nio-18099-exec-2] DEBUG o.s.jdbc.core.JdbcTemplate [TranId: 20260618170918373CMNlocal010000002] [BizTranId: XYZ13EDU0001] [TraceId: 4a718771-e9ff-447f-8fb4-d3fc80e8e95f] [SpanId: SPN-dd3e4734-0cc6-4612-8bbc-ad49d89f279f] [DynLevel: ] - Executing prepared SQL statement [INSERT INTO BATCH_JOB_EXECUTION_PARAMS(JOB_EXECUTION_ID, PARAMETER_NAME, PARAMETER_TYPE, PARAMETER_VALUE, IDENTIFYING)
	VALUES (?, ?, ?, ?, ?)
]
[2026-06-18 17:09:18.440] [http-nio-18099-exec-2] DEBUG o.s.jdbc.core.JdbcTemplate [TranId: 20260618170918373CMNlocal010000002] [BizTranId: XYZ13EDU0001] [TraceId: 4a718771-e9ff-447f-8fb4-d3fc80e8e95f] [SpanId: SPN-dd3e4734-0cc6-4612-8bbc-ad49d89f279f] [DynLevel: ] - Executing prepared SQL update
[2026-06-18 17:09:18.441] [http-nio-18099-exec-2] DEBUG o.s.jdbc.core.JdbcTemplate [TranId: 20260618170918373CMNlocal010000002] [BizTranId: XYZ13EDU0001] [TraceId: 4a718771-e9ff-447f-8fb4-d3fc80e8e95f] [SpanId: SPN-dd3e4734-0cc6-4612-8bbc-ad49d89f279f] [DynLevel: ] - Executing prepared SQL statement [INSERT INTO BATCH_JOB_EXECUTION_CONTEXT (SHORT_CONTEXT, SERIALIZED_CONTEXT, JOB_EXECUTION_ID)
	VALUES(?, ?, ?)
]
[2026-06-18 17:09:18.446] [http-nio-18099-exec-2] INFO  o.s.b.c.l.s.TaskExecutorJobLauncher [TranId: 20260618170918373CMNlocal010000002] [BizTranId: XYZ13EDU0001] [TraceId: 4a718771-e9ff-447f-8fb4-d3fc80e8e95f] [SpanId: SPN-dd3e4734-0cc6-4612-8bbc-ad49d89f279f] [DynLevel: ] - Job: [SimpleJob: [name=CPF_EDU_TASKLET_JOB]] launched with the following parameters: [{'requestTime':'{value=1781770158390, type=class java.lang.Long, identifying=true}','requestUser':'{value=STABILIZATION, type=class java.lang.String, identifying=true}'}]
[2026-06-18 17:09:18.457] [http-nio-18099-exec-2] DEBUG o.s.jdbc.core.JdbcTemplate [TranId: 20260618170918373CMNlocal010000002] [BizTranId: XYZ13EDU0001] [TraceId: 4a718771-e9ff-447f-8fb4-d3fc80e8e95f] [SpanId: SPN-dd3e4734-0cc6-4612-8bbc-ad49d89f279f] [DynLevel: ] - Executing prepared SQL query
[2026-06-18 17:09:18.458] [http-nio-18099-exec-2] DEBUG o.s.jdbc.core.JdbcTemplate [TranId: 20260618170918373CMNlocal010000002] [BizTranId: XYZ13EDU0001] [TraceId: 4a718771-e9ff-447f-8fb4-d3fc80e8e95f] [SpanId: SPN-dd3e4734-0cc6-4612-8bbc-ad49d89f279f] [DynLevel: ] - Executing prepared SQL statement [SELECT VERSION
FROM BATCH_JOB_EXECUTION
WHERE JOB_EXECUTION_ID=?
]
[2026-06-18 17:09:18.459] [http-nio-18099-exec-2] DEBUG o.s.jdbc.core.JdbcTemplate [TranId: 20260618170918373CMNlocal010000002] [BizTranId: XYZ13EDU0001] [TraceId: 4a718771-e9ff-447f-8fb4-d3fc80e8e95f] [SpanId: SPN-dd3e4734-0cc6-4612-8bbc-ad49d89f279f] [DynLevel: ] - Executing prepared SQL query
[2026-06-18 17:09:18.460] [http-nio-18099-exec-2] DEBUG o.s.jdbc.core.JdbcTemplate [TranId: 20260618170918373CMNlocal010000002] [BizTranId: XYZ13EDU0001] [TraceId: 4a718771-e9ff-447f-8fb4-d3fc80e8e95f] [SpanId: SPN-dd3e4734-0cc6-4612-8bbc-ad49d89f279f] [DynLevel: ] - Executing prepared SQL statement [SELECT COUNT(*)
FROM BATCH_JOB_EXECUTION
WHERE JOB_EXECUTION_ID = ?
]
[2026-06-18 17:09:18.461] [http-nio-18099-exec-2] DEBUG o.s.jdbc.core.JdbcTemplate [TranId: 20260618170918373CMNlocal010000002] [BizTranId: XYZ13EDU0001] [TraceId: 4a718771-e9ff-447f-8fb4-d3fc80e8e95f] [SpanId: SPN-dd3e4734-0cc6-4612-8bbc-ad49d89f279f] [DynLevel: ] - Executing prepared SQL update
[2026-06-18 17:09:18.461] [http-nio-18099-exec-2] DEBUG o.s.jdbc.core.JdbcTemplate [TranId: 20260618170918373CMNlocal010000002] [BizTranId: XYZ13EDU0001] [TraceId: 4a718771-e9ff-447f-8fb4-d3fc80e8e95f] [SpanId: SPN-dd3e4734-0cc6-4612-8bbc-ad49d89f279f] [DynLevel: ] - Executing prepared SQL statement [UPDATE BATCH_JOB_EXECUTION
SET START_TIME = ?, END_TIME = ?,  STATUS = ?, EXIT_CODE = ?, EXIT_MESSAGE = ?, VERSION = VERSION + 1, CREATE_TIME = ?, LAST_UPDATED = ?
WHERE JOB_EXECUTION_ID = ? AND VERSION = ?
]
[2026-06-18 17:09:18.465] [http-nio-18099-exec-2] DEBUG o.s.jdbc.core.JdbcTemplate [TranId: 20260618170918373CMNlocal010000002] [BizTranId: XYZ13EDU0001] [TraceId: 4a718771-e9ff-447f-8fb4-d3fc80e8e95f] [SpanId: SPN-dd3e4734-0cc6-4612-8bbc-ad49d89f279f] [DynLevel: ] - Executing prepared SQL query
[2026-06-18 17:09:18.466] [http-nio-18099-exec-2] DEBUG o.s.jdbc.core.JdbcTemplate [TranId: 20260618170918373CMNlocal010000002] [BizTranId: XYZ13EDU0001] [TraceId: 4a718771-e9ff-447f-8fb4-d3fc80e8e95f] [SpanId: SPN-dd3e4734-0cc6-4612-8bbc-ad49d89f279f] [DynLevel: ] - Executing prepared SQL statement [SELECT SE.STEP_EXECUTION_ID, SE.STEP_NAME, SE.START_TIME, SE.END_TIME, SE.STATUS, SE.COMMIT_COUNT, SE.READ_COUNT, SE.FILTER_COUNT, SE.WRITE_COUNT, SE.EXIT_CODE, SE.EXIT_MESSAGE, SE.READ_SKIP_COUNT, SE.WRITE_SKIP_COUNT, SE.PROCESS_SKIP_COUNT, SE.ROLLBACK_COUNT, SE.LAST_UPDATED, SE.VERSION, SE.CREATE_TIME, JE.JOB_EXECUTION_ID, JE.START_TIME, JE.END_TIME, JE.STATUS, JE.EXIT_CODE, JE.EXIT_MESSAGE, JE.CREATE_TIME, JE.LAST_UPDATED, JE.VERSION
FROM BATCH_JOB_EXECUTION JE
	JOIN BATCH_STEP_EXECUTION SE ON SE.JOB_EXECUTION_ID = JE.JOB_EXECUTION_ID
WHERE JE.JOB_INSTANCE_ID = ? AND SE.STEP_NAME = ?
]
[2026-06-18 17:09:18.467] [http-nio-18099-exec-2] DEBUG o.s.jdbc.core.JdbcTemplate [TranId: 20260618170918373CMNlocal010000002] [BizTranId: XYZ13EDU0001] [TraceId: 4a718771-e9ff-447f-8fb4-d3fc80e8e95f] [SpanId: SPN-dd3e4734-0cc6-4612-8bbc-ad49d89f279f] [DynLevel: ] - Executing prepared SQL query
[2026-06-18 17:09:18.468] [http-nio-18099-exec-2] DEBUG o.s.jdbc.core.JdbcTemplate [TranId: 20260618170918373CMNlocal010000002] [BizTranId: XYZ13EDU0001] [TraceId: 4a718771-e9ff-447f-8fb4-d3fc80e8e95f] [SpanId: SPN-dd3e4734-0cc6-4612-8bbc-ad49d89f279f] [DynLevel: ] - Executing prepared SQL statement [SELECT COUNT(*)
FROM BATCH_JOB_EXECUTION JE
	JOIN BATCH_STEP_EXECUTION SE ON SE.JOB_EXECUTION_ID = JE.JOB_EXECUTION_ID
WHERE JE.JOB_INSTANCE_ID = ? AND SE.STEP_NAME = ?
]
[2026-06-18 17:09:18.472] [http-nio-18099-exec-2] DEBUG o.s.jdbc.core.JdbcTemplate [TranId: 20260618170918373CMNlocal010000002] [BizTranId: XYZ13EDU0001] [TraceId: 4a718771-e9ff-447f-8fb4-d3fc80e8e95f] [SpanId: SPN-dd3e4734-0cc6-4612-8bbc-ad49d89f279f] [DynLevel: ] - Executing prepared SQL update
[2026-06-18 17:09:18.472] [http-nio-18099-exec-2] DEBUG o.s.jdbc.core.JdbcTemplate [TranId: 20260618170918373CMNlocal010000002] [BizTranId: XYZ13EDU0001] [TraceId: 4a718771-e9ff-447f-8fb4-d3fc80e8e95f] [SpanId: SPN-dd3e4734-0cc6-4612-8bbc-ad49d89f279f] [DynLevel: ] - Executing prepared SQL statement [INSERT INTO BATCH_STEP_EXECUTION(STEP_EXECUTION_ID, VERSION, STEP_NAME, JOB_EXECUTION_ID, START_TIME, END_TIME, STATUS, COMMIT_COUNT, READ_COUNT, FILTER_COUNT, WRITE_COUNT, EXIT_CODE, EXIT_MESSAGE, READ_SKIP_COUNT, WRITE_SKIP_COUNT, PROCESS_SKIP_COUNT, ROLLBACK_COUNT, LAST_UPDATED, CREATE_TIME)
	VALUES (?, ?, ?, ?, ?, ?, ?, ?, ?, ?, ?, ?, ?, ?, ?, ?, ?, ?, ?)
]
[2026-06-18 17:09:18.474] [http-nio-18099-exec-2] DEBUG o.s.jdbc.core.JdbcTemplate [TranId: 20260618170918373CMNlocal010000002] [BizTranId: XYZ13EDU0001] [TraceId: 4a718771-e9ff-447f-8fb4-d3fc80e8e95f] [SpanId: SPN-dd3e4734-0cc6-4612-8bbc-ad49d89f279f] [DynLevel: ] - Executing prepared SQL update
[2026-06-18 17:09:18.474] [http-nio-18099-exec-2] DEBUG o.s.jdbc.core.JdbcTemplate [TranId: 20260618170918373CMNlocal010000002] [BizTranId: XYZ13EDU0001] [TraceId: 4a718771-e9ff-447f-8fb4-d3fc80e8e95f] [SpanId: SPN-dd3e4734-0cc6-4612-8bbc-ad49d89f279f] [DynLevel: ] - Executing prepared SQL statement [INSERT INTO BATCH_STEP_EXECUTION_CONTEXT (SHORT_CONTEXT, SERIALIZED_CONTEXT, STEP_EXECUTION_ID)
	VALUES(?, ?, ?)
]
[2026-06-18 17:09:18.477] [http-nio-18099-exec-2] INFO  o.s.batch.core.job.SimpleStepHandler [TranId: 20260618170918373CMNlocal010000002] [BizTranId: XYZ13EDU0001] [TraceId: 4a718771-e9ff-447f-8fb4-d3fc80e8e95f] [SpanId: SPN-dd3e4734-0cc6-4612-8bbc-ad49d89f279f] [DynLevel: ] - Executing step: [CPF_EDU_TASKLET_STEP]
[2026-06-18 17:09:18.480] [http-nio-18099-exec-2] DEBUG o.s.jdbc.core.JdbcTemplate [TranId: 20260618170918373CMNlocal010000002] [BizTranId: XYZ13EDU0001] [TraceId: 4a718771-e9ff-447f-8fb4-d3fc80e8e95f] [SpanId: SPN-dd3e4734-0cc6-4612-8bbc-ad49d89f279f] [DynLevel: ] - Executing prepared SQL update
[2026-06-18 17:09:18.480] [http-nio-18099-exec-2] DEBUG o.s.jdbc.core.JdbcTemplate [TranId: 20260618170918373CMNlocal010000002] [BizTranId: XYZ13EDU0001] [TraceId: 4a718771-e9ff-447f-8fb4-d3fc80e8e95f] [SpanId: SPN-dd3e4734-0cc6-4612-8bbc-ad49d89f279f] [DynLevel: ] - Executing prepared SQL statement [UPDATE BATCH_STEP_EXECUTION
SET START_TIME = ?, END_TIME = ?, STATUS = ?, COMMIT_COUNT = ?, READ_COUNT = ?, FILTER_COUNT = ?, WRITE_COUNT = ?, EXIT_CODE = ?, EXIT_MESSAGE = ?, VERSION = VERSION + 1, READ_SKIP_COUNT = ?, PROCESS_SKIP_COUNT = ?, WRITE_SKIP_COUNT = ?, ROLLBACK_COUNT = ?, LAST_UPDATED = ?
WHERE STEP_EXECUTION_ID = ? AND VERSION = ?
]
[2026-06-18 17:09:18.482] [http-nio-18099-exec-2] DEBUG o.s.jdbc.core.JdbcTemplate [TranId: 20260618170918373CMNlocal010000002] [BizTranId: XYZ13EDU0001] [TraceId: 4a718771-e9ff-447f-8fb4-d3fc80e8e95f] [SpanId: SPN-dd3e4734-0cc6-4612-8bbc-ad49d89f279f] [DynLevel: ] - Executing prepared SQL query
[2026-06-18 17:09:18.482] [http-nio-18099-exec-2] DEBUG o.s.jdbc.core.JdbcTemplate [TranId: 20260618170918373CMNlocal010000002] [BizTranId: XYZ13EDU0001] [TraceId: 4a718771-e9ff-447f-8fb4-d3fc80e8e95f] [SpanId: SPN-dd3e4734-0cc6-4612-8bbc-ad49d89f279f] [DynLevel: ] - Executing prepared SQL statement [SELECT VERSION
FROM BATCH_JOB_EXECUTION
WHERE JOB_EXECUTION_ID=?
]
[2026-06-18 17:09:18.486] [http-nio-18099-exec-2] DEBUG o.s.jdbc.core.JdbcTemplate [TranId: 20260618170918373CMNlocal010000002] [BizTranId: XYZ13EDU0001] [TraceId: 4a718771-e9ff-447f-8fb4-d3fc80e8e95f] [SpanId: SPN-dd3e4734-0cc6-4612-8bbc-ad49d89f279f] [DynLevel: ] - Executing prepared SQL update
[2026-06-18 17:09:18.486] [http-nio-18099-exec-2] DEBUG o.s.jdbc.core.JdbcTemplate [TranId: 20260618170918373CMNlocal010000002] [BizTranId: XYZ13EDU0001] [TraceId: 4a718771-e9ff-447f-8fb4-d3fc80e8e95f] [SpanId: SPN-dd3e4734-0cc6-4612-8bbc-ad49d89f279f] [DynLevel: ] - Executing prepared SQL statement [UPDATE BATCH_STEP_EXECUTION_CONTEXT
SET SHORT_CONTEXT = ?, SERIALIZED_CONTEXT = ?
WHERE STEP_EXECUTION_ID = ?
]
[2026-06-18 17:09:18.491] [http-nio-18099-exec-2] INFO  c.x.e.config.XyzBatchEducationConfig [TranId: 20260618170918373CMNlocal010000002] [BizTranId: XYZ13EDU0001] [TraceId: 4a718771-e9ff-447f-8fb4-d3fc80e8e95f] [SpanId: SPN-dd3e4734-0cc6-4612-8bbc-ad49d89f279f] [DynLevel: ] - CPF EDU Tasklet 배치 실행. requestUser=STABILIZATION
[2026-06-18 17:09:18.492] [http-nio-18099-exec-2] DEBUG o.s.jdbc.core.JdbcTemplate [TranId: 20260618170918373CMNlocal010000002] [BizTranId: XYZ13EDU0001] [TraceId: 4a718771-e9ff-447f-8fb4-d3fc80e8e95f] [SpanId: SPN-dd3e4734-0cc6-4612-8bbc-ad49d89f279f] [DynLevel: ] - Executing prepared SQL update
[2026-06-18 17:09:18.492] [http-nio-18099-exec-2] DEBUG o.s.jdbc.core.JdbcTemplate [TranId: 20260618170918373CMNlocal010000002] [BizTranId: XYZ13EDU0001] [TraceId: 4a718771-e9ff-447f-8fb4-d3fc80e8e95f] [SpanId: SPN-dd3e4734-0cc6-4612-8bbc-ad49d89f279f] [DynLevel: ] - Executing prepared SQL statement [UPDATE BATCH_STEP_EXECUTION_CONTEXT
SET SHORT_CONTEXT = ?, SERIALIZED_CONTEXT = ?
WHERE STEP_EXECUTION_ID = ?
]
[2026-06-18 17:09:18.493] [http-nio-18099-exec-2] DEBUG o.s.jdbc.core.JdbcTemplate [TranId: 20260618170918373CMNlocal010000002] [BizTranId: XYZ13EDU0001] [TraceId: 4a718771-e9ff-447f-8fb4-d3fc80e8e95f] [SpanId: SPN-dd3e4734-0cc6-4612-8bbc-ad49d89f279f] [DynLevel: ] - Executing prepared SQL update
[2026-06-18 17:09:18.493] [http-nio-18099-exec-2] DEBUG o.s.jdbc.core.JdbcTemplate [TranId: 20260618170918373CMNlocal010000002] [BizTranId: XYZ13EDU0001] [TraceId: 4a718771-e9ff-447f-8fb4-d3fc80e8e95f] [SpanId: SPN-dd3e4734-0cc6-4612-8bbc-ad49d89f279f] [DynLevel: ] - Executing prepared SQL statement [UPDATE BATCH_STEP_EXECUTION
SET START_TIME = ?, END_TIME = ?, STATUS = ?, COMMIT_COUNT = ?, READ_COUNT = ?, FILTER_COUNT = ?, WRITE_COUNT = ?, EXIT_CODE = ?, EXIT_MESSAGE = ?, VERSION = VERSION + 1, READ_SKIP_COUNT = ?, PROCESS_SKIP_COUNT = ?, WRITE_SKIP_COUNT = ?, ROLLBACK_COUNT = ?, LAST_UPDATED = ?
WHERE STEP_EXECUTION_ID = ? AND VERSION = ?
]
[2026-06-18 17:09:18.494] [http-nio-18099-exec-2] DEBUG o.s.jdbc.core.JdbcTemplate [TranId: 20260618170918373CMNlocal010000002] [BizTranId: XYZ13EDU0001] [TraceId: 4a718771-e9ff-447f-8fb4-d3fc80e8e95f] [SpanId: SPN-dd3e4734-0cc6-4612-8bbc-ad49d89f279f] [DynLevel: ] - Executing prepared SQL query
[2026-06-18 17:09:18.494] [http-nio-18099-exec-2] DEBUG o.s.jdbc.core.JdbcTemplate [TranId: 20260618170918373CMNlocal010000002] [BizTranId: XYZ13EDU0001] [TraceId: 4a718771-e9ff-447f-8fb4-d3fc80e8e95f] [SpanId: SPN-dd3e4734-0cc6-4612-8bbc-ad49d89f279f] [DynLevel: ] - Executing prepared SQL statement [SELECT VERSION
FROM BATCH_JOB_EXECUTION
WHERE JOB_EXECUTION_ID=?
]
[2026-06-18 17:09:18.497] [http-nio-18099-exec-2] INFO  o.s.batch.core.step.AbstractStep [TranId: 20260618170918373CMNlocal010000002] [BizTranId: XYZ13EDU0001] [TraceId: 4a718771-e9ff-447f-8fb4-d3fc80e8e95f] [SpanId: SPN-dd3e4734-0cc6-4612-8bbc-ad49d89f279f] [DynLevel: ] - Step: [CPF_EDU_TASKLET_STEP] executed in 17ms
[2026-06-18 17:09:18.498] [http-nio-18099-exec-2] DEBUG o.s.jdbc.core.JdbcTemplate [TranId: 20260618170918373CMNlocal010000002] [BizTranId: XYZ13EDU0001] [TraceId: 4a718771-e9ff-447f-8fb4-d3fc80e8e95f] [SpanId: SPN-dd3e4734-0cc6-4612-8bbc-ad49d89f279f] [DynLevel: ] - Executing prepared SQL update
[2026-06-18 17:09:18.498] [http-nio-18099-exec-2] DEBUG o.s.jdbc.core.JdbcTemplate [TranId: 20260618170918373CMNlocal010000002] [BizTranId: XYZ13EDU0001] [TraceId: 4a718771-e9ff-447f-8fb4-d3fc80e8e95f] [SpanId: SPN-dd3e4734-0cc6-4612-8bbc-ad49d89f279f] [DynLevel: ] - Executing prepared SQL statement [UPDATE BATCH_STEP_EXECUTION_CONTEXT
SET SHORT_CONTEXT = ?, SERIALIZED_CONTEXT = ?
WHERE STEP_EXECUTION_ID = ?
]
[2026-06-18 17:09:18.499] [http-nio-18099-exec-2] DEBUG o.s.jdbc.core.JdbcTemplate [TranId: 20260618170918373CMNlocal010000002] [BizTranId: XYZ13EDU0001] [TraceId: 4a718771-e9ff-447f-8fb4-d3fc80e8e95f] [SpanId: SPN-dd3e4734-0cc6-4612-8bbc-ad49d89f279f] [DynLevel: ] - Executing prepared SQL update
[2026-06-18 17:09:18.499] [http-nio-18099-exec-2] DEBUG o.s.jdbc.core.JdbcTemplate [TranId: 20260618170918373CMNlocal010000002] [BizTranId: XYZ13EDU0001] [TraceId: 4a718771-e9ff-447f-8fb4-d3fc80e8e95f] [SpanId: SPN-dd3e4734-0cc6-4612-8bbc-ad49d89f279f] [DynLevel: ] - Executing prepared SQL statement [UPDATE BATCH_STEP_EXECUTION
SET START_TIME = ?, END_TIME = ?, STATUS = ?, COMMIT_COUNT = ?, READ_COUNT = ?, FILTER_COUNT = ?, WRITE_COUNT = ?, EXIT_CODE = ?, EXIT_MESSAGE = ?, VERSION = VERSION + 1, READ_SKIP_COUNT = ?, PROCESS_SKIP_COUNT = ?, WRITE_SKIP_COUNT = ?, ROLLBACK_COUNT = ?, LAST_UPDATED = ?
WHERE STEP_EXECUTION_ID = ? AND VERSION = ?
]
[2026-06-18 17:09:18.500] [http-nio-18099-exec-2] DEBUG o.s.jdbc.core.JdbcTemplate [TranId: 20260618170918373CMNlocal010000002] [BizTranId: XYZ13EDU0001] [TraceId: 4a718771-e9ff-447f-8fb4-d3fc80e8e95f] [SpanId: SPN-dd3e4734-0cc6-4612-8bbc-ad49d89f279f] [DynLevel: ] - Executing prepared SQL query
[2026-06-18 17:09:18.500] [http-nio-18099-exec-2] DEBUG o.s.jdbc.core.JdbcTemplate [TranId: 20260618170918373CMNlocal010000002] [BizTranId: XYZ13EDU0001] [TraceId: 4a718771-e9ff-447f-8fb4-d3fc80e8e95f] [SpanId: SPN-dd3e4734-0cc6-4612-8bbc-ad49d89f279f] [DynLevel: ] - Executing prepared SQL statement [SELECT VERSION
FROM BATCH_JOB_EXECUTION
WHERE JOB_EXECUTION_ID=?
]
[2026-06-18 17:09:18.503] [http-nio-18099-exec-2] DEBUG o.s.jdbc.core.JdbcTemplate [TranId: 20260618170918373CMNlocal010000002] [BizTranId: XYZ13EDU0001] [TraceId: 4a718771-e9ff-447f-8fb4-d3fc80e8e95f] [SpanId: SPN-dd3e4734-0cc6-4612-8bbc-ad49d89f279f] [DynLevel: ] - Executing prepared SQL update
[2026-06-18 17:09:18.503] [http-nio-18099-exec-2] DEBUG o.s.jdbc.core.JdbcTemplate [TranId: 20260618170918373CMNlocal010000002] [BizTranId: XYZ13EDU0001] [TraceId: 4a718771-e9ff-447f-8fb4-d3fc80e8e95f] [SpanId: SPN-dd3e4734-0cc6-4612-8bbc-ad49d89f279f] [DynLevel: ] - Executing prepared SQL statement [UPDATE BATCH_JOB_EXECUTION_CONTEXT
SET SHORT_CONTEXT = ?, SERIALIZED_CONTEXT = ?
WHERE JOB_EXECUTION_ID = ?
]
[2026-06-18 17:09:18.506] [http-nio-18099-exec-2] DEBUG o.s.jdbc.core.JdbcTemplate [TranId: 20260618170918373CMNlocal010000002] [BizTranId: XYZ13EDU0001] [TraceId: 4a718771-e9ff-447f-8fb4-d3fc80e8e95f] [SpanId: SPN-dd3e4734-0cc6-4612-8bbc-ad49d89f279f] [DynLevel: ] - Executing prepared SQL query
[2026-06-18 17:09:18.507] [http-nio-18099-exec-2] DEBUG o.s.jdbc.core.JdbcTemplate [TranId: 20260618170918373CMNlocal010000002] [BizTranId: XYZ13EDU0001] [TraceId: 4a718771-e9ff-447f-8fb4-d3fc80e8e95f] [SpanId: SPN-dd3e4734-0cc6-4612-8bbc-ad49d89f279f] [DynLevel: ] - Executing prepared SQL statement [SELECT VERSION
FROM BATCH_JOB_EXECUTION
WHERE JOB_EXECUTION_ID=?
]
[2026-06-18 17:09:18.508] [http-nio-18099-exec-2] DEBUG o.s.jdbc.core.JdbcTemplate [TranId: 20260618170918373CMNlocal010000002] [BizTranId: XYZ13EDU0001] [TraceId: 4a718771-e9ff-447f-8fb4-d3fc80e8e95f] [SpanId: SPN-dd3e4734-0cc6-4612-8bbc-ad49d89f279f] [DynLevel: ] - Executing prepared SQL query
[2026-06-18 17:09:18.508] [http-nio-18099-exec-2] DEBUG o.s.jdbc.core.JdbcTemplate [TranId: 20260618170918373CMNlocal010000002] [BizTranId: XYZ13EDU0001] [TraceId: 4a718771-e9ff-447f-8fb4-d3fc80e8e95f] [SpanId: SPN-dd3e4734-0cc6-4612-8bbc-ad49d89f279f] [DynLevel: ] - Executing prepared SQL statement [SELECT COUNT(*)
FROM BATCH_JOB_EXECUTION
WHERE JOB_EXECUTION_ID = ?
]
[2026-06-18 17:09:18.509] [http-nio-18099-exec-2] DEBUG o.s.jdbc.core.JdbcTemplate [TranId: 20260618170918373CMNlocal010000002] [BizTranId: XYZ13EDU0001] [TraceId: 4a718771-e9ff-447f-8fb4-d3fc80e8e95f] [SpanId: SPN-dd3e4734-0cc6-4612-8bbc-ad49d89f279f] [DynLevel: ] - Executing prepared SQL update
[2026-06-18 17:09:18.509] [http-nio-18099-exec-2] DEBUG o.s.jdbc.core.JdbcTemplate [TranId: 20260618170918373CMNlocal010000002] [BizTranId: XYZ13EDU0001] [TraceId: 4a718771-e9ff-447f-8fb4-d3fc80e8e95f] [SpanId: SPN-dd3e4734-0cc6-4612-8bbc-ad49d89f279f] [DynLevel: ] - Executing prepared SQL statement [UPDATE BATCH_JOB_EXECUTION
SET START_TIME = ?, END_TIME = ?,  STATUS = ?, EXIT_CODE = ?, EXIT_MESSAGE = ?, VERSION = VERSION + 1, CREATE_TIME = ?, LAST_UPDATED = ?
WHERE JOB_EXECUTION_ID = ? AND VERSION = ?
]
[2026-06-18 17:09:18.512] [http-nio-18099-exec-2] INFO  o.s.b.c.l.s.TaskExecutorJobLauncher [TranId: 20260618170918373CMNlocal010000002] [BizTranId: XYZ13EDU0001] [TraceId: 4a718771-e9ff-447f-8fb4-d3fc80e8e95f] [SpanId: SPN-dd3e4734-0cc6-4612-8bbc-ad49d89f279f] [DynLevel: ] - Job: [SimpleJob: [name=CPF_EDU_TASKLET_JOB]] completed with the following parameters: [{'requestTime':'{value=1781770158390, type=class java.lang.Long, identifying=true}','requestUser':'{value=STABILIZATION, type=class java.lang.String, identifying=true}'}] and the following status: [COMPLETED] in 50ms
[2026-06-18 17:09:18.515] [http-nio-18099-exec-2] DEBUG o.s.jdbc.core.JdbcTemplate [TranId: 20260618170918373CMNlocal010000002] [BizTranId: XYZ13EDU0001] [TraceId: 4a718771-e9ff-447f-8fb4-d3fc80e8e95f] [SpanId: SPN-dd3e4734-0cc6-4612-8bbc-ad49d89f279f] [DynLevel: ] - Executing prepared SQL update
[2026-06-18 17:09:18.516] [http-nio-18099-exec-2] DEBUG o.s.jdbc.core.JdbcTemplate [TranId: 20260618170918373CMNlocal010000002] [BizTranId: XYZ13EDU0001] [TraceId: 4a718771-e9ff-447f-8fb4-d3fc80e8e95f] [SpanId: SPN-dd3e4734-0cc6-4612-8bbc-ad49d89f279f] [DynLevel: ] - Executing prepared SQL statement [INSERT INTO pfw_batch_execution (
    job_id, schedule_id, job_parameters, execution_status, spring_batch_execution_id,
    batch_instance_id, start_time, end_time, read_count, write_count, skip_count,
    error_message, requested_by, created_by, updated_by
) VALUES (?, NULL, ?, ?, ?, 'local-batch-01', ?, ?, ?, ?, ?, ?, ?, ?, ?)
]
[2026-06-18 17:09:18.519] [http-nio-18099-exec-2] DEBUG o.s.jdbc.core.StatementCreatorUtils [TranId: 20260618170918373CMNlocal010000002] [BizTranId: XYZ13EDU0001] [TraceId: 4a718771-e9ff-447f-8fb4-d3fc80e8e95f] [SpanId: SPN-dd3e4734-0cc6-4612-8bbc-ad49d89f279f] [DynLevel: ] - JDBC getParameterType call failed - using fallback method instead: java.sql.SQLFeatureNotSupportedException: (conn=630) Getting parameter type metadata are not supported
[2026-06-18 17:09:18.522] [http-nio-18099-exec-2] DEBUG o.s.jdbc.core.JdbcTemplate [TranId: 20260618170918373CMNlocal010000002] [BizTranId: XYZ13EDU0001] [TraceId: 4a718771-e9ff-447f-8fb4-d3fc80e8e95f] [SpanId: SPN-dd3e4734-0cc6-4612-8bbc-ad49d89f279f] [DynLevel: ] - Executing SQL query [SELECT LAST_INSERT_ID()]
[2026-06-18 17:09:18.527] [http-nio-18099-exec-2] DEBUG o.s.jdbc.core.JdbcTemplate [TranId: 20260618170918373CMNlocal010000002] [BizTranId: XYZ13EDU0001] [TraceId: 4a718771-e9ff-447f-8fb4-d3fc80e8e95f] [SpanId: SPN-dd3e4734-0cc6-4612-8bbc-ad49d89f279f] [DynLevel: ] - Executing prepared SQL update
[2026-06-18 17:09:18.529] [http-nio-18099-exec-2] DEBUG o.s.jdbc.core.JdbcTemplate [TranId: 20260618170918373CMNlocal010000002] [BizTranId: XYZ13EDU0001] [TraceId: 4a718771-e9ff-447f-8fb4-d3fc80e8e95f] [SpanId: SPN-dd3e4734-0cc6-4612-8bbc-ad49d89f279f] [DynLevel: ] - Executing prepared SQL statement [INSERT INTO pfw_batch_step_execution (
    execution_id, step_name, execution_status, start_time, end_time,
    read_count, write_count, skip_count, error_message, step_log, created_by, updated_by
) VALUES (?, ?, ?, ?, ?, ?, ?, ?, ?, ?, ?, ?)
]
[2026-06-18 17:09:18.530] [http-nio-18099-exec-2] DEBUG o.s.jdbc.core.StatementCreatorUtils [TranId: 20260618170918373CMNlocal010000002] [BizTranId: XYZ13EDU0001] [TraceId: 4a718771-e9ff-447f-8fb4-d3fc80e8e95f] [SpanId: SPN-dd3e4734-0cc6-4612-8bbc-ad49d89f279f] [DynLevel: ] - JDBC getParameterType call failed - using fallback method instead: java.sql.SQLFeatureNotSupportedException: (conn=630) Getting parameter type metadata are not supported
[2026-06-18 17:09:18.542] [http-nio-18099-exec-2] INFO  c.pfw.common.logging.LoggingAspect [TranId: 20260618170918373CMNlocal010000002] [BizTranId: XYZ13EDU0001] [TraceId: 4a718771-e9ff-447f-8fb4-d3fc80e8e95f] [SpanId: SPN-dd3e4734-0cc6-4612-8bbc-ad49d89f279f] [DynLevel: ] - Transaction completed. transactionId=20260618170918373CMNlocal010000002, traceId=4a718771-e9ff-447f-8fb4-d3fc80e8e95f, spanId=SPN-dd3e4734-0cc6-4612-8bbc-ad49d89f279f, moduleId=CMN, sequenceNo=1, workflowStatus=NONE, compensationYn=N, httpStatus=200, responseCode=SCMN000000, messageCode=MCMN000000, durationMs=146
[2026-06-18 17:09:18.564] [http-nio-18099-exec-2] DEBUG o.s.w.s.m.m.a.HttpEntityMethodProcessor [TranId: 20260618170918373CMNlocal010000002] [BizTranId: XYZ13EDU0001] [TraceId: 4a718771-e9ff-447f-8fb4-d3fc80e8e95f] [SpanId: SPN-dd3e4734-0cc6-4612-8bbc-ad49d89f279f] [DynLevel: ] - Using 'application/json', given [*/*] and supported [application/json, application/*+json, application/yaml]
[2026-06-18 17:09:18.565] [http-nio-18099-exec-2] DEBUG o.s.w.s.m.m.a.HttpEntityMethodProcessor [TranId: 20260618170918373CMNlocal010000002] [BizTranId: XYZ13EDU0001] [TraceId: 4a718771-e9ff-447f-8fb4-d3fc80e8e95f] [SpanId: SPN-dd3e4734-0cc6-4612-8bbc-ad49d89f279f] [DynLevel: ] - Writing [{enabled=true, jobId=CPF_EDU_TASKLET_JOB, executionId=1, status=COMPLETED, exitStatus=COMPLETED, pfw (truncated)...]
[2026-06-18 17:09:18.569] [http-nio-18099-exec-2] DEBUG o.s.web.servlet.DispatcherServlet [TranId: 20260618170918373CMNlocal010000002] [BizTranId: XYZ13EDU0001] [TraceId: 4a718771-e9ff-447f-8fb4-d3fc80e8e95f] [SpanId: SPN-dd3e4734-0cc6-4612-8bbc-ad49d89f279f] [DynLevel: ] - Completed 200 OK
