[2026-06-18 15:34:21.494] [http-nio-8099-exec-4] DEBUG o.s.web.servlet.DispatcherServlet [TranId: 20260618153421493CMNlocal010000004] [BizTranId: ] [TraceId: edcf442c-566f-4b88-b364-fa82c1acf90e] [SpanId: SPN-a54d00bb-3265-4a59-a57d-df19a6bfd1e4] [DynLevel: ] - POST "/xyz/edu/batch/retry/run?requestUser=STABILIZATION", parameters={masked}
[2026-06-18 15:34:21.498] [http-nio-8099-exec-4] DEBUG o.s.w.s.m.m.a.RequestMappingHandlerMapping [TranId: 20260618153421493CMNlocal010000004] [BizTranId: ] [TraceId: edcf442c-566f-4b88-b364-fa82c1acf90e] [SpanId: SPN-a54d00bb-3265-4a59-a57d-df19a6bfd1e4] [DynLevel: ] - Mapped to cpf.xyz.edu.controller.XyzBatchEducationController#runRetry(String)
[2026-06-18 15:34:21.499] [http-nio-8099-exec-4] INFO  c.pfw.common.logging.LoggingAspect [TranId: 20260618153421493CMNlocal010000004] [BizTranId: XYZ13EDU0003] [TraceId: edcf442c-566f-4b88-b364-fa82c1acf90e] [SpanId: SPN-a54d00bb-3265-4a59-a57d-df19a6bfd1e4] [DynLevel: ] - Transaction started. transactionId=20260618153421493CMNlocal010000004, businessTransactionId=XYZ13EDU0003, businessTransactionName=XYZBatchRetryRun, traceId=edcf442c-566f-4b88-b364-fa82c1acf90e, spanId=SPN-a54d00bb-3265-4a59-a57d-df19a6bfd1e4, moduleId=CMN, sequenceNo=1, workflowInstanceId=None, workflowStepId=None, method=POST, uri=/xyz/edu/batch/retry/run?requestUser=STABILIZATION, controller=XyzBatchEducationController.runRetry(..), executionClass=cpf.xyz.edu.controller.XyzBatchEducationController, executionMethod=runRetry, clientIp=127.0.0.1, parameters=requestUser=STABILIZATION, requestBody=[STABILIZATION]
[2026-06-18 15:34:21.500] [http-nio-8099-exec-4] DEBUG o.s.jdbc.core.JdbcTemplate [TranId: 20260618153421493CMNlocal010000004] [BizTranId: XYZ13EDU0003] [TraceId: edcf442c-566f-4b88-b364-fa82c1acf90e] [SpanId: SPN-a54d00bb-3265-4a59-a57d-df19a6bfd1e4] [DynLevel: ] - Executing prepared SQL query
[2026-06-18 15:34:21.500] [http-nio-8099-exec-4] DEBUG o.s.jdbc.core.JdbcTemplate [TranId: 20260618153421493CMNlocal010000004] [BizTranId: XYZ13EDU0003] [TraceId: edcf442c-566f-4b88-b364-fa82c1acf90e] [SpanId: SPN-a54d00bb-3265-4a59-a57d-df19a6bfd1e4] [DynLevel: ] - Executing prepared SQL statement [SELECT JOB_INSTANCE_ID, JOB_NAME
FROM BATCH_JOB_INSTANCE
WHERE JOB_NAME = ?
 AND JOB_KEY = ?]
[2026-06-18 15:34:21.501] [http-nio-8099-exec-4] DEBUG o.s.jdbc.core.JdbcTemplate [TranId: 20260618153421493CMNlocal010000004] [BizTranId: XYZ13EDU0003] [TraceId: edcf442c-566f-4b88-b364-fa82c1acf90e] [SpanId: SPN-a54d00bb-3265-4a59-a57d-df19a6bfd1e4] [DynLevel: ] - Executing prepared SQL query
[2026-06-18 15:34:21.503] [http-nio-8099-exec-4] DEBUG o.s.jdbc.core.JdbcTemplate [TranId: 20260618153421493CMNlocal010000004] [BizTranId: XYZ13EDU0003] [TraceId: edcf442c-566f-4b88-b364-fa82c1acf90e] [SpanId: SPN-a54d00bb-3265-4a59-a57d-df19a6bfd1e4] [DynLevel: ] - Executing prepared SQL statement [SELECT JOB_INSTANCE_ID, JOB_NAME
FROM BATCH_JOB_INSTANCE
WHERE JOB_NAME = ?
 AND JOB_KEY = ?]
[2026-06-18 15:34:21.503] [http-nio-8099-exec-4] DEBUG o.s.jdbc.core.JdbcTemplate [TranId: 20260618153421493CMNlocal010000004] [BizTranId: XYZ13EDU0003] [TraceId: edcf442c-566f-4b88-b364-fa82c1acf90e] [SpanId: SPN-a54d00bb-3265-4a59-a57d-df19a6bfd1e4] [DynLevel: ] - Executing prepared SQL query
[2026-06-18 15:34:21.504] [http-nio-8099-exec-4] DEBUG o.s.jdbc.core.JdbcTemplate [TranId: 20260618153421493CMNlocal010000004] [BizTranId: XYZ13EDU0003] [TraceId: edcf442c-566f-4b88-b364-fa82c1acf90e] [SpanId: SPN-a54d00bb-3265-4a59-a57d-df19a6bfd1e4] [DynLevel: ] - Executing prepared SQL statement [SELECT JOB_INSTANCE_ID, JOB_NAME
FROM BATCH_JOB_INSTANCE
WHERE JOB_NAME = ?
 AND JOB_KEY = ?]
[2026-06-18 15:34:21.504] [http-nio-8099-exec-4] WARN  o.m.jdbc.message.server.ErrorPacket [TranId: 20260618153421493CMNlocal010000004] [BizTranId: XYZ13EDU0003] [TraceId: edcf442c-566f-4b88-b364-fa82c1acf90e] [SpanId: SPN-a54d00bb-3265-4a59-a57d-df19a6bfd1e4] [DynLevel: ] - Error: 4089-42S02: 'pfwdb.BATCH_JOB_SEQ' is not a SEQUENCE
[2026-06-18 15:34:21.505] [http-nio-8099-exec-4] INFO  c.pfw.common.logging.LoggingAspect [TranId: 20260618153421493CMNlocal010000004] [BizTranId: XYZ13EDU0003] [TraceId: edcf442c-566f-4b88-b364-fa82c1acf90e] [SpanId: SPN-a54d00bb-3265-4a59-a57d-df19a6bfd1e4] [DynLevel: ] - Transaction completed. transactionId=20260618153421493CMNlocal010000004, traceId=edcf442c-566f-4b88-b364-fa82c1acf90e, spanId=SPN-a54d00bb-3265-4a59-a57d-df19a6bfd1e4, moduleId=CMN, sequenceNo=1, workflowStatus=NONE, compensationYn=N, httpStatus=200, responseCode=SCMN000000, messageCode=MCMN000000, durationMs=5
[2026-06-18 15:34:21.516] [http-nio-8099-exec-4] DEBUG o.s.w.s.m.m.a.HttpEntityMethodProcessor [TranId: 20260618153421493CMNlocal010000004] [BizTranId: XYZ13EDU0003] [TraceId: edcf442c-566f-4b88-b364-fa82c1acf90e] [SpanId: SPN-a54d00bb-3265-4a59-a57d-df19a6bfd1e4] [DynLevel: ] - Using 'application/json', given [*/*] and supported [application/json, application/*+json, application/yaml]
[2026-06-18 15:34:21.517] [http-nio-8099-exec-4] DEBUG o.s.w.s.m.m.a.HttpEntityMethodProcessor [TranId: 20260618153421493CMNlocal010000004] [BizTranId: XYZ13EDU0003] [TraceId: edcf442c-566f-4b88-b364-fa82c1acf90e] [SpanId: SPN-a54d00bb-3265-4a59-a57d-df19a6bfd1e4] [DynLevel: ] - Writing [{enabled=true, jobId=CPF_EDU_RETRY_JOB, status=FAILED, message=Could not obtain sequence value, guid (truncated)...]
[2026-06-18 15:34:21.517] [http-nio-8099-exec-4] DEBUG o.s.web.servlet.DispatcherServlet [TranId: 20260618153421493CMNlocal010000004] [BizTranId: XYZ13EDU0003] [TraceId: edcf442c-566f-4b88-b364-fa82c1acf90e] [SpanId: SPN-a54d00bb-3265-4a59-a57d-df19a6bfd1e4] [DynLevel: ] - Completed 200 OK
