[2026-06-18 15:34:21.411] [http-nio-8099-exec-2] DEBUG o.s.web.servlet.DispatcherServlet [TranId: 20260618153421410CMNlocal010000002] [BizTranId: ] [TraceId: 0f4a35bd-bd90-4459-937d-c75ca0cad75a] [SpanId: SPN-78c01a9f-d9ea-4de4-8106-5b4cc9a9d928] [DynLevel: ] - POST "/xyz/edu/batch/tasklet/run?requestUser=STABILIZATION", parameters={masked}
[2026-06-18 15:34:21.417] [http-nio-8099-exec-2] DEBUG o.s.w.s.m.m.a.RequestMappingHandlerMapping [TranId: 20260618153421410CMNlocal010000002] [BizTranId: ] [TraceId: 0f4a35bd-bd90-4459-937d-c75ca0cad75a] [SpanId: SPN-78c01a9f-d9ea-4de4-8106-5b4cc9a9d928] [DynLevel: ] - Mapped to cpf.xyz.edu.controller.XyzBatchEducationController#runTasklet(String)
[2026-06-18 15:34:21.426] [http-nio-8099-exec-2] INFO  c.pfw.common.logging.LoggingAspect [TranId: 20260618153421410CMNlocal010000002] [BizTranId: XYZ13EDU0001] [TraceId: 0f4a35bd-bd90-4459-937d-c75ca0cad75a] [SpanId: SPN-78c01a9f-d9ea-4de4-8106-5b4cc9a9d928] [DynLevel: ] - Transaction started. transactionId=20260618153421410CMNlocal010000002, businessTransactionId=XYZ13EDU0001, businessTransactionName=XYZBatchTaskletRun, traceId=0f4a35bd-bd90-4459-937d-c75ca0cad75a, spanId=SPN-78c01a9f-d9ea-4de4-8106-5b4cc9a9d928, moduleId=CMN, sequenceNo=1, workflowInstanceId=None, workflowStepId=None, method=POST, uri=/xyz/edu/batch/tasklet/run?requestUser=STABILIZATION, controller=XyzBatchEducationController.runTasklet(..), executionClass=cpf.xyz.edu.controller.XyzBatchEducationController, executionMethod=runTasklet, clientIp=127.0.0.1, parameters=requestUser=STABILIZATION, requestBody=[STABILIZATION]
[2026-06-18 15:34:21.430] [http-nio-8099-exec-2] DEBUG o.s.jdbc.core.JdbcTemplate [TranId: 20260618153421410CMNlocal010000002] [BizTranId: XYZ13EDU0001] [TraceId: 0f4a35bd-bd90-4459-937d-c75ca0cad75a] [SpanId: SPN-78c01a9f-d9ea-4de4-8106-5b4cc9a9d928] [DynLevel: ] - Executing prepared SQL query
[2026-06-18 15:34:21.431] [http-nio-8099-exec-2] DEBUG o.s.jdbc.core.JdbcTemplate [TranId: 20260618153421410CMNlocal010000002] [BizTranId: XYZ13EDU0001] [TraceId: 0f4a35bd-bd90-4459-937d-c75ca0cad75a] [SpanId: SPN-78c01a9f-d9ea-4de4-8106-5b4cc9a9d928] [DynLevel: ] - Executing prepared SQL statement [SELECT JOB_INSTANCE_ID, JOB_NAME
FROM BATCH_JOB_INSTANCE
WHERE JOB_NAME = ?
 AND JOB_KEY = ?]
[2026-06-18 15:34:21.434] [http-nio-8099-exec-2] DEBUG o.s.jdbc.core.JdbcTemplate [TranId: 20260618153421410CMNlocal010000002] [BizTranId: XYZ13EDU0001] [TraceId: 0f4a35bd-bd90-4459-937d-c75ca0cad75a] [SpanId: SPN-78c01a9f-d9ea-4de4-8106-5b4cc9a9d928] [DynLevel: ] - Executing prepared SQL query
[2026-06-18 15:34:21.435] [http-nio-8099-exec-2] DEBUG o.s.jdbc.core.JdbcTemplate [TranId: 20260618153421410CMNlocal010000002] [BizTranId: XYZ13EDU0001] [TraceId: 0f4a35bd-bd90-4459-937d-c75ca0cad75a] [SpanId: SPN-78c01a9f-d9ea-4de4-8106-5b4cc9a9d928] [DynLevel: ] - Executing prepared SQL statement [SELECT JOB_INSTANCE_ID, JOB_NAME
FROM BATCH_JOB_INSTANCE
WHERE JOB_NAME = ?
 AND JOB_KEY = ?]
[2026-06-18 15:34:21.436] [http-nio-8099-exec-2] DEBUG o.s.jdbc.core.JdbcTemplate [TranId: 20260618153421410CMNlocal010000002] [BizTranId: XYZ13EDU0001] [TraceId: 0f4a35bd-bd90-4459-937d-c75ca0cad75a] [SpanId: SPN-78c01a9f-d9ea-4de4-8106-5b4cc9a9d928] [DynLevel: ] - Executing prepared SQL query
[2026-06-18 15:34:21.437] [http-nio-8099-exec-2] DEBUG o.s.jdbc.core.JdbcTemplate [TranId: 20260618153421410CMNlocal010000002] [BizTranId: XYZ13EDU0001] [TraceId: 0f4a35bd-bd90-4459-937d-c75ca0cad75a] [SpanId: SPN-78c01a9f-d9ea-4de4-8106-5b4cc9a9d928] [DynLevel: ] - Executing prepared SQL statement [SELECT JOB_INSTANCE_ID, JOB_NAME
FROM BATCH_JOB_INSTANCE
WHERE JOB_NAME = ?
 AND JOB_KEY = ?]
[2026-06-18 15:34:21.439] [http-nio-8099-exec-2] WARN  o.m.jdbc.message.server.ErrorPacket [TranId: 20260618153421410CMNlocal010000002] [BizTranId: XYZ13EDU0001] [TraceId: 0f4a35bd-bd90-4459-937d-c75ca0cad75a] [SpanId: SPN-78c01a9f-d9ea-4de4-8106-5b4cc9a9d928] [DynLevel: ] - Error: 4089-42S02: 'pfwdb.BATCH_JOB_SEQ' is not a SEQUENCE
[2026-06-18 15:34:21.445] [http-nio-8099-exec-2] INFO  c.pfw.common.logging.LoggingAspect [TranId: 20260618153421410CMNlocal010000002] [BizTranId: XYZ13EDU0001] [TraceId: 0f4a35bd-bd90-4459-937d-c75ca0cad75a] [SpanId: SPN-78c01a9f-d9ea-4de4-8106-5b4cc9a9d928] [DynLevel: ] - Transaction completed. transactionId=20260618153421410CMNlocal010000002, traceId=0f4a35bd-bd90-4459-937d-c75ca0cad75a, spanId=SPN-78c01a9f-d9ea-4de4-8106-5b4cc9a9d928, moduleId=CMN, sequenceNo=1, workflowStatus=NONE, compensationYn=N, httpStatus=200, responseCode=SCMN000000, messageCode=MCMN000000, durationMs=16
[2026-06-18 15:34:21.458] [http-nio-8099-exec-2] DEBUG o.s.w.s.m.m.a.HttpEntityMethodProcessor [TranId: 20260618153421410CMNlocal010000002] [BizTranId: XYZ13EDU0001] [TraceId: 0f4a35bd-bd90-4459-937d-c75ca0cad75a] [SpanId: SPN-78c01a9f-d9ea-4de4-8106-5b4cc9a9d928] [DynLevel: ] - Using 'application/json', given [*/*] and supported [application/json, application/*+json, application/yaml]
[2026-06-18 15:34:21.459] [http-nio-8099-exec-2] DEBUG o.s.w.s.m.m.a.HttpEntityMethodProcessor [TranId: 20260618153421410CMNlocal010000002] [BizTranId: XYZ13EDU0001] [TraceId: 0f4a35bd-bd90-4459-937d-c75ca0cad75a] [SpanId: SPN-78c01a9f-d9ea-4de4-8106-5b4cc9a9d928] [DynLevel: ] - Writing [{enabled=true, jobId=CPF_EDU_TASKLET_JOB, status=FAILED, message=Could not obtain sequence value, gu (truncated)...]
[2026-06-18 15:34:21.461] [http-nio-8099-exec-2] DEBUG o.s.web.servlet.DispatcherServlet [TranId: 20260618153421410CMNlocal010000002] [BizTranId: XYZ13EDU0001] [TraceId: 0f4a35bd-bd90-4459-937d-c75ca0cad75a] [SpanId: SPN-78c01a9f-d9ea-4de4-8106-5b4cc9a9d928] [DynLevel: ] - Completed 200 OK
