[2026-06-18 15:35:53.466] [http-nio-8099-exec-3] DEBUG o.s.web.servlet.DispatcherServlet [TranId: 20260618153553466CMNlocal010000003] [BizTranId: ] [TraceId: 4f5fa15a-b95f-4d0d-9f15-1b1383b4672c] [SpanId: SPN-200e7383-1faa-42aa-a055-3c59ab648d2f] [DynLevel: ] - POST "/xyz/edu/batch/chunk/run?requestUser=STABILIZATION", parameters={masked}
[2026-06-18 15:35:53.470] [http-nio-8099-exec-3] DEBUG o.s.w.s.m.m.a.RequestMappingHandlerMapping [TranId: 20260618153553466CMNlocal010000003] [BizTranId: ] [TraceId: 4f5fa15a-b95f-4d0d-9f15-1b1383b4672c] [SpanId: SPN-200e7383-1faa-42aa-a055-3c59ab648d2f] [DynLevel: ] - Mapped to cpf.xyz.edu.controller.XyzBatchEducationController#runChunk(String)
[2026-06-18 15:35:53.471] [http-nio-8099-exec-3] INFO  c.pfw.common.logging.LoggingAspect [TranId: 20260618153553466CMNlocal010000003] [BizTranId: XYZ13EDU0002] [TraceId: 4f5fa15a-b95f-4d0d-9f15-1b1383b4672c] [SpanId: SPN-200e7383-1faa-42aa-a055-3c59ab648d2f] [DynLevel: ] - Transaction started. transactionId=20260618153553466CMNlocal010000003, businessTransactionId=XYZ13EDU0002, businessTransactionName=XYZBatchChunkRun, traceId=4f5fa15a-b95f-4d0d-9f15-1b1383b4672c, spanId=SPN-200e7383-1faa-42aa-a055-3c59ab648d2f, moduleId=CMN, sequenceNo=1, workflowInstanceId=None, workflowStepId=None, method=POST, uri=/xyz/edu/batch/chunk/run?requestUser=STABILIZATION, controller=XyzBatchEducationController.runChunk(..), executionClass=cpf.xyz.edu.controller.XyzBatchEducationController, executionMethod=runChunk, clientIp=127.0.0.1, parameters=requestUser=STABILIZATION, requestBody=[STABILIZATION]
[2026-06-18 15:35:53.472] [http-nio-8099-exec-3] DEBUG o.s.jdbc.core.JdbcTemplate [TranId: 20260618153553466CMNlocal010000003] [BizTranId: XYZ13EDU0002] [TraceId: 4f5fa15a-b95f-4d0d-9f15-1b1383b4672c] [SpanId: SPN-200e7383-1faa-42aa-a055-3c59ab648d2f] [DynLevel: ] - Executing prepared SQL query
[2026-06-18 15:35:53.472] [http-nio-8099-exec-3] DEBUG o.s.jdbc.core.JdbcTemplate [TranId: 20260618153553466CMNlocal010000003] [BizTranId: XYZ13EDU0002] [TraceId: 4f5fa15a-b95f-4d0d-9f15-1b1383b4672c] [SpanId: SPN-200e7383-1faa-42aa-a055-3c59ab648d2f] [DynLevel: ] - Executing prepared SQL statement [SELECT JOB_INSTANCE_ID, JOB_NAME
FROM BATCH_JOB_INSTANCE
WHERE JOB_NAME = ?
 AND JOB_KEY = ?]
[2026-06-18 15:35:53.474] [http-nio-8099-exec-3] DEBUG o.s.jdbc.core.JdbcTemplate [TranId: 20260618153553466CMNlocal010000003] [BizTranId: XYZ13EDU0002] [TraceId: 4f5fa15a-b95f-4d0d-9f15-1b1383b4672c] [SpanId: SPN-200e7383-1faa-42aa-a055-3c59ab648d2f] [DynLevel: ] - Executing prepared SQL query
[2026-06-18 15:35:53.474] [http-nio-8099-exec-3] DEBUG o.s.jdbc.core.JdbcTemplate [TranId: 20260618153553466CMNlocal010000003] [BizTranId: XYZ13EDU0002] [TraceId: 4f5fa15a-b95f-4d0d-9f15-1b1383b4672c] [SpanId: SPN-200e7383-1faa-42aa-a055-3c59ab648d2f] [DynLevel: ] - Executing prepared SQL statement [SELECT JOB_INSTANCE_ID, JOB_NAME
FROM BATCH_JOB_INSTANCE
WHERE JOB_NAME = ?
 AND JOB_KEY = ?]
[2026-06-18 15:35:53.474] [http-nio-8099-exec-3] DEBUG o.s.jdbc.core.JdbcTemplate [TranId: 20260618153553466CMNlocal010000003] [BizTranId: XYZ13EDU0002] [TraceId: 4f5fa15a-b95f-4d0d-9f15-1b1383b4672c] [SpanId: SPN-200e7383-1faa-42aa-a055-3c59ab648d2f] [DynLevel: ] - Executing prepared SQL query
[2026-06-18 15:35:53.475] [http-nio-8099-exec-3] DEBUG o.s.jdbc.core.JdbcTemplate [TranId: 20260618153553466CMNlocal010000003] [BizTranId: XYZ13EDU0002] [TraceId: 4f5fa15a-b95f-4d0d-9f15-1b1383b4672c] [SpanId: SPN-200e7383-1faa-42aa-a055-3c59ab648d2f] [DynLevel: ] - Executing prepared SQL statement [SELECT JOB_INSTANCE_ID, JOB_NAME
FROM BATCH_JOB_INSTANCE
WHERE JOB_NAME = ?
 AND JOB_KEY = ?]
[2026-06-18 15:35:53.476] [http-nio-8099-exec-3] DEBUG o.s.jdbc.core.JdbcTemplate [TranId: 20260618153553466CMNlocal010000003] [BizTranId: XYZ13EDU0002] [TraceId: 4f5fa15a-b95f-4d0d-9f15-1b1383b4672c] [SpanId: SPN-200e7383-1faa-42aa-a055-3c59ab648d2f] [DynLevel: ] - Executing prepared SQL update
[2026-06-18 15:35:53.477] [http-nio-8099-exec-3] DEBUG o.s.jdbc.core.JdbcTemplate [TranId: 20260618153553466CMNlocal010000003] [BizTranId: XYZ13EDU0002] [TraceId: 4f5fa15a-b95f-4d0d-9f15-1b1383b4672c] [SpanId: SPN-200e7383-1faa-42aa-a055-3c59ab648d2f] [DynLevel: ] - Executing prepared SQL statement [INSERT INTO BATCH_JOB_INSTANCE(JOB_INSTANCE_ID, JOB_NAME, JOB_KEY, VERSION)
	VALUES (?, ?, ?, ?)
]
[2026-06-18 15:35:53.479] [http-nio-8099-exec-3] DEBUG o.s.jdbc.core.JdbcTemplate [TranId: 20260618153553466CMNlocal010000003] [BizTranId: XYZ13EDU0002] [TraceId: 4f5fa15a-b95f-4d0d-9f15-1b1383b4672c] [SpanId: SPN-200e7383-1faa-42aa-a055-3c59ab648d2f] [DynLevel: ] - Executing prepared SQL update
[2026-06-18 15:35:53.480] [http-nio-8099-exec-3] DEBUG o.s.jdbc.core.JdbcTemplate [TranId: 20260618153553466CMNlocal010000003] [BizTranId: XYZ13EDU0002] [TraceId: 4f5fa15a-b95f-4d0d-9f15-1b1383b4672c] [SpanId: SPN-200e7383-1faa-42aa-a055-3c59ab648d2f] [DynLevel: ] - Executing prepared SQL statement [INSERT INTO BATCH_JOB_EXECUTION(JOB_EXECUTION_ID, JOB_INSTANCE_ID, START_TIME, END_TIME, STATUS, EXIT_CODE, EXIT_MESSAGE, VERSION, CREATE_TIME, LAST_UPDATED)
	VALUES (?, ?, ?, ?, ?, ?, ?, ?, ?, ?)
]
[2026-06-18 15:35:53.481] [http-nio-8099-exec-3] DEBUG o.s.jdbc.core.JdbcTemplate [TranId: 20260618153553466CMNlocal010000003] [BizTranId: XYZ13EDU0002] [TraceId: 4f5fa15a-b95f-4d0d-9f15-1b1383b4672c] [SpanId: SPN-200e7383-1faa-42aa-a055-3c59ab648d2f] [DynLevel: ] - Executing SQL batch update [INSERT INTO BATCH_JOB_EXECUTION_PARAMS(JOB_EXECUTION_ID, PARAMETER_NAME, PARAMETER_TYPE, PARAMETER_VALUE, IDENTIFYING)
	VALUES (?, ?, ?, ?, ?)
] with a batch size of 100
[2026-06-18 15:35:53.481] [http-nio-8099-exec-3] DEBUG o.s.jdbc.core.JdbcTemplate [TranId: 20260618153553466CMNlocal010000003] [BizTranId: XYZ13EDU0002] [TraceId: 4f5fa15a-b95f-4d0d-9f15-1b1383b4672c] [SpanId: SPN-200e7383-1faa-42aa-a055-3c59ab648d2f] [DynLevel: ] - Executing prepared SQL statement [INSERT INTO BATCH_JOB_EXECUTION_PARAMS(JOB_EXECUTION_ID, PARAMETER_NAME, PARAMETER_TYPE, PARAMETER_VALUE, IDENTIFYING)
	VALUES (?, ?, ?, ?, ?)
]
[2026-06-18 15:35:53.482] [http-nio-8099-exec-3] DEBUG o.s.jdbc.core.JdbcTemplate [TranId: 20260618153553466CMNlocal010000003] [BizTranId: XYZ13EDU0002] [TraceId: 4f5fa15a-b95f-4d0d-9f15-1b1383b4672c] [SpanId: SPN-200e7383-1faa-42aa-a055-3c59ab648d2f] [DynLevel: ] - Executing prepared SQL update
[2026-06-18 15:35:53.482] [http-nio-8099-exec-3] DEBUG o.s.jdbc.core.JdbcTemplate [TranId: 20260618153553466CMNlocal010000003] [BizTranId: XYZ13EDU0002] [TraceId: 4f5fa15a-b95f-4d0d-9f15-1b1383b4672c] [SpanId: SPN-200e7383-1faa-42aa-a055-3c59ab648d2f] [DynLevel: ] - Executing prepared SQL statement [INSERT INTO BATCH_JOB_EXECUTION_CONTEXT (SHORT_CONTEXT, SERIALIZED_CONTEXT, JOB_EXECUTION_ID)
	VALUES(?, ?, ?)
]
[2026-06-18 15:35:53.484] [http-nio-8099-exec-3] INFO  o.s.b.c.l.s.TaskExecutorJobLauncher [TranId: 20260618153553466CMNlocal010000003] [BizTranId: XYZ13EDU0002] [TraceId: 4f5fa15a-b95f-4d0d-9f15-1b1383b4672c] [SpanId: SPN-200e7383-1faa-42aa-a055-3c59ab648d2f] [DynLevel: ] - Job: [SimpleJob: [name=CPF_EDU_CHUNK_JOB]] launched with the following parameters: [{'requestTime':'{value=1781764553471, type=class java.lang.Long, identifying=true}','requestUser':'{value=STABILIZATION, type=class java.lang.String, identifying=true}'}]
[2026-06-18 15:35:53.484] [http-nio-8099-exec-3] DEBUG o.s.jdbc.core.JdbcTemplate [TranId: 20260618153553466CMNlocal010000003] [BizTranId: XYZ13EDU0002] [TraceId: 4f5fa15a-b95f-4d0d-9f15-1b1383b4672c] [SpanId: SPN-200e7383-1faa-42aa-a055-3c59ab648d2f] [DynLevel: ] - Executing prepared SQL query
[2026-06-18 15:35:53.485] [http-nio-8099-exec-3] DEBUG o.s.jdbc.core.JdbcTemplate [TranId: 20260618153553466CMNlocal010000003] [BizTranId: XYZ13EDU0002] [TraceId: 4f5fa15a-b95f-4d0d-9f15-1b1383b4672c] [SpanId: SPN-200e7383-1faa-42aa-a055-3c59ab648d2f] [DynLevel: ] - Executing prepared SQL statement [SELECT VERSION
FROM BATCH_JOB_EXECUTION
WHERE JOB_EXECUTION_ID=?
]
[2026-06-18 15:35:53.485] [http-nio-8099-exec-3] DEBUG o.s.jdbc.core.JdbcTemplate [TranId: 20260618153553466CMNlocal010000003] [BizTranId: XYZ13EDU0002] [TraceId: 4f5fa15a-b95f-4d0d-9f15-1b1383b4672c] [SpanId: SPN-200e7383-1faa-42aa-a055-3c59ab648d2f] [DynLevel: ] - Executing prepared SQL query
[2026-06-18 15:35:53.485] [http-nio-8099-exec-3] DEBUG o.s.jdbc.core.JdbcTemplate [TranId: 20260618153553466CMNlocal010000003] [BizTranId: XYZ13EDU0002] [TraceId: 4f5fa15a-b95f-4d0d-9f15-1b1383b4672c] [SpanId: SPN-200e7383-1faa-42aa-a055-3c59ab648d2f] [DynLevel: ] - Executing prepared SQL statement [SELECT COUNT(*)
FROM BATCH_JOB_EXECUTION
WHERE JOB_EXECUTION_ID = ?
]
[2026-06-18 15:35:53.486] [http-nio-8099-exec-3] DEBUG o.s.jdbc.core.JdbcTemplate [TranId: 20260618153553466CMNlocal010000003] [BizTranId: XYZ13EDU0002] [TraceId: 4f5fa15a-b95f-4d0d-9f15-1b1383b4672c] [SpanId: SPN-200e7383-1faa-42aa-a055-3c59ab648d2f] [DynLevel: ] - Executing prepared SQL update
[2026-06-18 15:35:53.486] [http-nio-8099-exec-3] DEBUG o.s.jdbc.core.JdbcTemplate [TranId: 20260618153553466CMNlocal010000003] [BizTranId: XYZ13EDU0002] [TraceId: 4f5fa15a-b95f-4d0d-9f15-1b1383b4672c] [SpanId: SPN-200e7383-1faa-42aa-a055-3c59ab648d2f] [DynLevel: ] - Executing prepared SQL statement [UPDATE BATCH_JOB_EXECUTION
SET START_TIME = ?, END_TIME = ?,  STATUS = ?, EXIT_CODE = ?, EXIT_MESSAGE = ?, VERSION = VERSION + 1, CREATE_TIME = ?, LAST_UPDATED = ?
WHERE JOB_EXECUTION_ID = ? AND VERSION = ?
]
[2026-06-18 15:35:53.488] [http-nio-8099-exec-3] DEBUG o.s.jdbc.core.JdbcTemplate [TranId: 20260618153553466CMNlocal010000003] [BizTranId: XYZ13EDU0002] [TraceId: 4f5fa15a-b95f-4d0d-9f15-1b1383b4672c] [SpanId: SPN-200e7383-1faa-42aa-a055-3c59ab648d2f] [DynLevel: ] - Executing prepared SQL query
[2026-06-18 15:35:53.488] [http-nio-8099-exec-3] DEBUG o.s.jdbc.core.JdbcTemplate [TranId: 20260618153553466CMNlocal010000003] [BizTranId: XYZ13EDU0002] [TraceId: 4f5fa15a-b95f-4d0d-9f15-1b1383b4672c] [SpanId: SPN-200e7383-1faa-42aa-a055-3c59ab648d2f] [DynLevel: ] - Executing prepared SQL statement [SELECT SE.STEP_EXECUTION_ID, SE.STEP_NAME, SE.START_TIME, SE.END_TIME, SE.STATUS, SE.COMMIT_COUNT, SE.READ_COUNT, SE.FILTER_COUNT, SE.WRITE_COUNT, SE.EXIT_CODE, SE.EXIT_MESSAGE, SE.READ_SKIP_COUNT, SE.WRITE_SKIP_COUNT, SE.PROCESS_SKIP_COUNT, SE.ROLLBACK_COUNT, SE.LAST_UPDATED, SE.VERSION, SE.CREATE_TIME, JE.JOB_EXECUTION_ID, JE.START_TIME, JE.END_TIME, JE.STATUS, JE.EXIT_CODE, JE.EXIT_MESSAGE, JE.CREATE_TIME, JE.LAST_UPDATED, JE.VERSION
FROM BATCH_JOB_EXECUTION JE
	JOIN BATCH_STEP_EXECUTION SE ON SE.JOB_EXECUTION_ID = JE.JOB_EXECUTION_ID
WHERE JE.JOB_INSTANCE_ID = ? AND SE.STEP_NAME = ?
]
[2026-06-18 15:35:53.489] [http-nio-8099-exec-3] DEBUG o.s.jdbc.core.JdbcTemplate [TranId: 20260618153553466CMNlocal010000003] [BizTranId: XYZ13EDU0002] [TraceId: 4f5fa15a-b95f-4d0d-9f15-1b1383b4672c] [SpanId: SPN-200e7383-1faa-42aa-a055-3c59ab648d2f] [DynLevel: ] - Executing prepared SQL query
[2026-06-18 15:35:53.489] [http-nio-8099-exec-3] DEBUG o.s.jdbc.core.JdbcTemplate [TranId: 20260618153553466CMNlocal010000003] [BizTranId: XYZ13EDU0002] [TraceId: 4f5fa15a-b95f-4d0d-9f15-1b1383b4672c] [SpanId: SPN-200e7383-1faa-42aa-a055-3c59ab648d2f] [DynLevel: ] - Executing prepared SQL statement [SELECT COUNT(*)
FROM BATCH_JOB_EXECUTION JE
	JOIN BATCH_STEP_EXECUTION SE ON SE.JOB_EXECUTION_ID = JE.JOB_EXECUTION_ID
WHERE JE.JOB_INSTANCE_ID = ? AND SE.STEP_NAME = ?
]
[2026-06-18 15:35:53.492] [http-nio-8099-exec-3] DEBUG o.s.jdbc.core.JdbcTemplate [TranId: 20260618153553466CMNlocal010000003] [BizTranId: XYZ13EDU0002] [TraceId: 4f5fa15a-b95f-4d0d-9f15-1b1383b4672c] [SpanId: SPN-200e7383-1faa-42aa-a055-3c59ab648d2f] [DynLevel: ] - Executing prepared SQL update
[2026-06-18 15:35:53.492] [http-nio-8099-exec-3] DEBUG o.s.jdbc.core.JdbcTemplate [TranId: 20260618153553466CMNlocal010000003] [BizTranId: XYZ13EDU0002] [TraceId: 4f5fa15a-b95f-4d0d-9f15-1b1383b4672c] [SpanId: SPN-200e7383-1faa-42aa-a055-3c59ab648d2f] [DynLevel: ] - Executing prepared SQL statement [INSERT INTO BATCH_STEP_EXECUTION(STEP_EXECUTION_ID, VERSION, STEP_NAME, JOB_EXECUTION_ID, START_TIME, END_TIME, STATUS, COMMIT_COUNT, READ_COUNT, FILTER_COUNT, WRITE_COUNT, EXIT_CODE, EXIT_MESSAGE, READ_SKIP_COUNT, WRITE_SKIP_COUNT, PROCESS_SKIP_COUNT, ROLLBACK_COUNT, LAST_UPDATED, CREATE_TIME)
	VALUES (?, ?, ?, ?, ?, ?, ?, ?, ?, ?, ?, ?, ?, ?, ?, ?, ?, ?, ?)
]
[2026-06-18 15:35:53.493] [http-nio-8099-exec-3] DEBUG o.s.jdbc.core.JdbcTemplate [TranId: 20260618153553466CMNlocal010000003] [BizTranId: XYZ13EDU0002] [TraceId: 4f5fa15a-b95f-4d0d-9f15-1b1383b4672c] [SpanId: SPN-200e7383-1faa-42aa-a055-3c59ab648d2f] [DynLevel: ] - Executing prepared SQL update
[2026-06-18 15:35:53.493] [http-nio-8099-exec-3] DEBUG o.s.jdbc.core.JdbcTemplate [TranId: 20260618153553466CMNlocal010000003] [BizTranId: XYZ13EDU0002] [TraceId: 4f5fa15a-b95f-4d0d-9f15-1b1383b4672c] [SpanId: SPN-200e7383-1faa-42aa-a055-3c59ab648d2f] [DynLevel: ] - Executing prepared SQL statement [INSERT INTO BATCH_STEP_EXECUTION_CONTEXT (SHORT_CONTEXT, SERIALIZED_CONTEXT, STEP_EXECUTION_ID)
	VALUES(?, ?, ?)
]
[2026-06-18 15:35:53.495] [http-nio-8099-exec-3] INFO  o.s.batch.core.job.SimpleStepHandler [TranId: 20260618153553466CMNlocal010000003] [BizTranId: XYZ13EDU0002] [TraceId: 4f5fa15a-b95f-4d0d-9f15-1b1383b4672c] [SpanId: SPN-200e7383-1faa-42aa-a055-3c59ab648d2f] [DynLevel: ] - Executing step: [CPF_EDU_CHUNK_STEP]
[2026-06-18 15:35:53.495] [http-nio-8099-exec-3] DEBUG o.s.jdbc.core.JdbcTemplate [TranId: 20260618153553466CMNlocal010000003] [BizTranId: XYZ13EDU0002] [TraceId: 4f5fa15a-b95f-4d0d-9f15-1b1383b4672c] [SpanId: SPN-200e7383-1faa-42aa-a055-3c59ab648d2f] [DynLevel: ] - Executing prepared SQL update
[2026-06-18 15:35:53.496] [http-nio-8099-exec-3] DEBUG o.s.jdbc.core.JdbcTemplate [TranId: 20260618153553466CMNlocal010000003] [BizTranId: XYZ13EDU0002] [TraceId: 4f5fa15a-b95f-4d0d-9f15-1b1383b4672c] [SpanId: SPN-200e7383-1faa-42aa-a055-3c59ab648d2f] [DynLevel: ] - Executing prepared SQL statement [UPDATE BATCH_STEP_EXECUTION
SET START_TIME = ?, END_TIME = ?, STATUS = ?, COMMIT_COUNT = ?, READ_COUNT = ?, FILTER_COUNT = ?, WRITE_COUNT = ?, EXIT_CODE = ?, EXIT_MESSAGE = ?, VERSION = VERSION + 1, READ_SKIP_COUNT = ?, PROCESS_SKIP_COUNT = ?, WRITE_SKIP_COUNT = ?, ROLLBACK_COUNT = ?, LAST_UPDATED = ?
WHERE STEP_EXECUTION_ID = ? AND VERSION = ?
]
[2026-06-18 15:35:53.497] [http-nio-8099-exec-3] DEBUG o.s.jdbc.core.JdbcTemplate [TranId: 20260618153553466CMNlocal010000003] [BizTranId: XYZ13EDU0002] [TraceId: 4f5fa15a-b95f-4d0d-9f15-1b1383b4672c] [SpanId: SPN-200e7383-1faa-42aa-a055-3c59ab648d2f] [DynLevel: ] - Executing prepared SQL query
[2026-06-18 15:35:53.497] [http-nio-8099-exec-3] DEBUG o.s.jdbc.core.JdbcTemplate [TranId: 20260618153553466CMNlocal010000003] [BizTranId: XYZ13EDU0002] [TraceId: 4f5fa15a-b95f-4d0d-9f15-1b1383b4672c] [SpanId: SPN-200e7383-1faa-42aa-a055-3c59ab648d2f] [DynLevel: ] - Executing prepared SQL statement [SELECT VERSION
FROM BATCH_JOB_EXECUTION
WHERE JOB_EXECUTION_ID=?
]
[2026-06-18 15:35:53.498] [http-nio-8099-exec-3] DEBUG o.s.jdbc.core.JdbcTemplate [TranId: 20260618153553466CMNlocal010000003] [BizTranId: XYZ13EDU0002] [TraceId: 4f5fa15a-b95f-4d0d-9f15-1b1383b4672c] [SpanId: SPN-200e7383-1faa-42aa-a055-3c59ab648d2f] [DynLevel: ] - Executing prepared SQL update
[2026-06-18 15:35:53.499] [http-nio-8099-exec-3] DEBUG o.s.jdbc.core.JdbcTemplate [TranId: 20260618153553466CMNlocal010000003] [BizTranId: XYZ13EDU0002] [TraceId: 4f5fa15a-b95f-4d0d-9f15-1b1383b4672c] [SpanId: SPN-200e7383-1faa-42aa-a055-3c59ab648d2f] [DynLevel: ] - Executing prepared SQL statement [UPDATE BATCH_STEP_EXECUTION_CONTEXT
SET SHORT_CONTEXT = ?, SERIALIZED_CONTEXT = ?
WHERE STEP_EXECUTION_ID = ?
]
[2026-06-18 15:35:53.503] [http-nio-8099-exec-3] INFO  c.x.e.config.XyzBatchEducationConfig [TranId: 20260618153553466CMNlocal010000003] [BizTranId: XYZ13EDU0002] [TraceId: 4f5fa15a-b95f-4d0d-9f15-1b1383b4672c] [SpanId: SPN-200e7383-1faa-42aa-a055-3c59ab648d2f] [DynLevel: ] - CPF EDU Chunk 배치 기록. items=[회원-001, 회원-002, 회원-003, 회원-004, 회원-005]
[2026-06-18 15:35:53.503] [http-nio-8099-exec-3] DEBUG o.s.jdbc.core.JdbcTemplate [TranId: 20260618153553466CMNlocal010000003] [BizTranId: XYZ13EDU0002] [TraceId: 4f5fa15a-b95f-4d0d-9f15-1b1383b4672c] [SpanId: SPN-200e7383-1faa-42aa-a055-3c59ab648d2f] [DynLevel: ] - Executing prepared SQL update
[2026-06-18 15:35:53.504] [http-nio-8099-exec-3] DEBUG o.s.jdbc.core.JdbcTemplate [TranId: 20260618153553466CMNlocal010000003] [BizTranId: XYZ13EDU0002] [TraceId: 4f5fa15a-b95f-4d0d-9f15-1b1383b4672c] [SpanId: SPN-200e7383-1faa-42aa-a055-3c59ab648d2f] [DynLevel: ] - Executing prepared SQL statement [UPDATE BATCH_STEP_EXECUTION_CONTEXT
SET SHORT_CONTEXT = ?, SERIALIZED_CONTEXT = ?
WHERE STEP_EXECUTION_ID = ?
]
[2026-06-18 15:35:53.504] [http-nio-8099-exec-3] DEBUG o.s.jdbc.core.JdbcTemplate [TranId: 20260618153553466CMNlocal010000003] [BizTranId: XYZ13EDU0002] [TraceId: 4f5fa15a-b95f-4d0d-9f15-1b1383b4672c] [SpanId: SPN-200e7383-1faa-42aa-a055-3c59ab648d2f] [DynLevel: ] - Executing prepared SQL update
[2026-06-18 15:35:53.504] [http-nio-8099-exec-3] DEBUG o.s.jdbc.core.JdbcTemplate [TranId: 20260618153553466CMNlocal010000003] [BizTranId: XYZ13EDU0002] [TraceId: 4f5fa15a-b95f-4d0d-9f15-1b1383b4672c] [SpanId: SPN-200e7383-1faa-42aa-a055-3c59ab648d2f] [DynLevel: ] - Executing prepared SQL statement [UPDATE BATCH_STEP_EXECUTION
SET START_TIME = ?, END_TIME = ?, STATUS = ?, COMMIT_COUNT = ?, READ_COUNT = ?, FILTER_COUNT = ?, WRITE_COUNT = ?, EXIT_CODE = ?, EXIT_MESSAGE = ?, VERSION = VERSION + 1, READ_SKIP_COUNT = ?, PROCESS_SKIP_COUNT = ?, WRITE_SKIP_COUNT = ?, ROLLBACK_COUNT = ?, LAST_UPDATED = ?
WHERE STEP_EXECUTION_ID = ? AND VERSION = ?
]
[2026-06-18 15:35:53.505] [http-nio-8099-exec-3] DEBUG o.s.jdbc.core.JdbcTemplate [TranId: 20260618153553466CMNlocal010000003] [BizTranId: XYZ13EDU0002] [TraceId: 4f5fa15a-b95f-4d0d-9f15-1b1383b4672c] [SpanId: SPN-200e7383-1faa-42aa-a055-3c59ab648d2f] [DynLevel: ] - Executing prepared SQL query
[2026-06-18 15:35:53.505] [http-nio-8099-exec-3] DEBUG o.s.jdbc.core.JdbcTemplate [TranId: 20260618153553466CMNlocal010000003] [BizTranId: XYZ13EDU0002] [TraceId: 4f5fa15a-b95f-4d0d-9f15-1b1383b4672c] [SpanId: SPN-200e7383-1faa-42aa-a055-3c59ab648d2f] [DynLevel: ] - Executing prepared SQL statement [SELECT VERSION
FROM BATCH_JOB_EXECUTION
WHERE JOB_EXECUTION_ID=?
]
[2026-06-18 15:35:53.507] [http-nio-8099-exec-3] INFO  c.x.e.config.XyzBatchEducationConfig [TranId: 20260618153553466CMNlocal010000003] [BizTranId: XYZ13EDU0002] [TraceId: 4f5fa15a-b95f-4d0d-9f15-1b1383b4672c] [SpanId: SPN-200e7383-1faa-42aa-a055-3c59ab648d2f] [DynLevel: ] - CPF EDU Chunk 배치 기록. items=[회원-006, 회원-007, 회원-008, 회원-009, 회원-010]
[2026-06-18 15:35:53.508] [http-nio-8099-exec-3] DEBUG o.s.jdbc.core.JdbcTemplate [TranId: 20260618153553466CMNlocal010000003] [BizTranId: XYZ13EDU0002] [TraceId: 4f5fa15a-b95f-4d0d-9f15-1b1383b4672c] [SpanId: SPN-200e7383-1faa-42aa-a055-3c59ab648d2f] [DynLevel: ] - Executing prepared SQL update
[2026-06-18 15:35:53.508] [http-nio-8099-exec-3] DEBUG o.s.jdbc.core.JdbcTemplate [TranId: 20260618153553466CMNlocal010000003] [BizTranId: XYZ13EDU0002] [TraceId: 4f5fa15a-b95f-4d0d-9f15-1b1383b4672c] [SpanId: SPN-200e7383-1faa-42aa-a055-3c59ab648d2f] [DynLevel: ] - Executing prepared SQL statement [UPDATE BATCH_STEP_EXECUTION_CONTEXT
SET SHORT_CONTEXT = ?, SERIALIZED_CONTEXT = ?
WHERE STEP_EXECUTION_ID = ?
]
[2026-06-18 15:35:53.509] [http-nio-8099-exec-3] DEBUG o.s.jdbc.core.JdbcTemplate [TranId: 20260618153553466CMNlocal010000003] [BizTranId: XYZ13EDU0002] [TraceId: 4f5fa15a-b95f-4d0d-9f15-1b1383b4672c] [SpanId: SPN-200e7383-1faa-42aa-a055-3c59ab648d2f] [DynLevel: ] - Executing prepared SQL update
[2026-06-18 15:35:53.509] [http-nio-8099-exec-3] DEBUG o.s.jdbc.core.JdbcTemplate [TranId: 20260618153553466CMNlocal010000003] [BizTranId: XYZ13EDU0002] [TraceId: 4f5fa15a-b95f-4d0d-9f15-1b1383b4672c] [SpanId: SPN-200e7383-1faa-42aa-a055-3c59ab648d2f] [DynLevel: ] - Executing prepared SQL statement [UPDATE BATCH_STEP_EXECUTION
SET START_TIME = ?, END_TIME = ?, STATUS = ?, COMMIT_COUNT = ?, READ_COUNT = ?, FILTER_COUNT = ?, WRITE_COUNT = ?, EXIT_CODE = ?, EXIT_MESSAGE = ?, VERSION = VERSION + 1, READ_SKIP_COUNT = ?, PROCESS_SKIP_COUNT = ?, WRITE_SKIP_COUNT = ?, ROLLBACK_COUNT = ?, LAST_UPDATED = ?
WHERE STEP_EXECUTION_ID = ? AND VERSION = ?
]
[2026-06-18 15:35:53.510] [http-nio-8099-exec-3] DEBUG o.s.jdbc.core.JdbcTemplate [TranId: 20260618153553466CMNlocal010000003] [BizTranId: XYZ13EDU0002] [TraceId: 4f5fa15a-b95f-4d0d-9f15-1b1383b4672c] [SpanId: SPN-200e7383-1faa-42aa-a055-3c59ab648d2f] [DynLevel: ] - Executing prepared SQL query
[2026-06-18 15:35:53.511] [http-nio-8099-exec-3] DEBUG o.s.jdbc.core.JdbcTemplate [TranId: 20260618153553466CMNlocal010000003] [BizTranId: XYZ13EDU0002] [TraceId: 4f5fa15a-b95f-4d0d-9f15-1b1383b4672c] [SpanId: SPN-200e7383-1faa-42aa-a055-3c59ab648d2f] [DynLevel: ] - Executing prepared SQL statement [SELECT VERSION
FROM BATCH_JOB_EXECUTION
WHERE JOB_EXECUTION_ID=?
]
[2026-06-18 15:35:53.513] [http-nio-8099-exec-3] INFO  c.x.e.config.XyzBatchEducationConfig [TranId: 20260618153553466CMNlocal010000003] [BizTranId: XYZ13EDU0002] [TraceId: 4f5fa15a-b95f-4d0d-9f15-1b1383b4672c] [SpanId: SPN-200e7383-1faa-42aa-a055-3c59ab648d2f] [DynLevel: ] - CPF EDU Chunk 배치 기록. items=[회원-011, 회원-012, 회원-013, 회원-014, 회원-015]
[2026-06-18 15:35:53.513] [http-nio-8099-exec-3] DEBUG o.s.jdbc.core.JdbcTemplate [TranId: 20260618153553466CMNlocal010000003] [BizTranId: XYZ13EDU0002] [TraceId: 4f5fa15a-b95f-4d0d-9f15-1b1383b4672c] [SpanId: SPN-200e7383-1faa-42aa-a055-3c59ab648d2f] [DynLevel: ] - Executing prepared SQL update
[2026-06-18 15:35:53.514] [http-nio-8099-exec-3] DEBUG o.s.jdbc.core.JdbcTemplate [TranId: 20260618153553466CMNlocal010000003] [BizTranId: XYZ13EDU0002] [TraceId: 4f5fa15a-b95f-4d0d-9f15-1b1383b4672c] [SpanId: SPN-200e7383-1faa-42aa-a055-3c59ab648d2f] [DynLevel: ] - Executing prepared SQL statement [UPDATE BATCH_STEP_EXECUTION_CONTEXT
SET SHORT_CONTEXT = ?, SERIALIZED_CONTEXT = ?
WHERE STEP_EXECUTION_ID = ?
]
[2026-06-18 15:35:53.515] [http-nio-8099-exec-3] DEBUG o.s.jdbc.core.JdbcTemplate [TranId: 20260618153553466CMNlocal010000003] [BizTranId: XYZ13EDU0002] [TraceId: 4f5fa15a-b95f-4d0d-9f15-1b1383b4672c] [SpanId: SPN-200e7383-1faa-42aa-a055-3c59ab648d2f] [DynLevel: ] - Executing prepared SQL update
[2026-06-18 15:35:53.515] [http-nio-8099-exec-3] DEBUG o.s.jdbc.core.JdbcTemplate [TranId: 20260618153553466CMNlocal010000003] [BizTranId: XYZ13EDU0002] [TraceId: 4f5fa15a-b95f-4d0d-9f15-1b1383b4672c] [SpanId: SPN-200e7383-1faa-42aa-a055-3c59ab648d2f] [DynLevel: ] - Executing prepared SQL statement [UPDATE BATCH_STEP_EXECUTION
SET START_TIME = ?, END_TIME = ?, STATUS = ?, COMMIT_COUNT = ?, READ_COUNT = ?, FILTER_COUNT = ?, WRITE_COUNT = ?, EXIT_CODE = ?, EXIT_MESSAGE = ?, VERSION = VERSION + 1, READ_SKIP_COUNT = ?, PROCESS_SKIP_COUNT = ?, WRITE_SKIP_COUNT = ?, ROLLBACK_COUNT = ?, LAST_UPDATED = ?
WHERE STEP_EXECUTION_ID = ? AND VERSION = ?
]
[2026-06-18 15:35:53.515] [http-nio-8099-exec-3] DEBUG o.s.jdbc.core.JdbcTemplate [TranId: 20260618153553466CMNlocal010000003] [BizTranId: XYZ13EDU0002] [TraceId: 4f5fa15a-b95f-4d0d-9f15-1b1383b4672c] [SpanId: SPN-200e7383-1faa-42aa-a055-3c59ab648d2f] [DynLevel: ] - Executing prepared SQL query
[2026-06-18 15:35:53.515] [http-nio-8099-exec-3] DEBUG o.s.jdbc.core.JdbcTemplate [TranId: 20260618153553466CMNlocal010000003] [BizTranId: XYZ13EDU0002] [TraceId: 4f5fa15a-b95f-4d0d-9f15-1b1383b4672c] [SpanId: SPN-200e7383-1faa-42aa-a055-3c59ab648d2f] [DynLevel: ] - Executing prepared SQL statement [SELECT VERSION
FROM BATCH_JOB_EXECUTION
WHERE JOB_EXECUTION_ID=?
]
[2026-06-18 15:35:53.517] [http-nio-8099-exec-3] INFO  c.x.e.config.XyzBatchEducationConfig [TranId: 20260618153553466CMNlocal010000003] [BizTranId: XYZ13EDU0002] [TraceId: 4f5fa15a-b95f-4d0d-9f15-1b1383b4672c] [SpanId: SPN-200e7383-1faa-42aa-a055-3c59ab648d2f] [DynLevel: ] - CPF EDU Chunk 배치 기록. items=[회원-016, 회원-017, 회원-018, 회원-019, 회원-020]
[2026-06-18 15:35:53.518] [http-nio-8099-exec-3] DEBUG o.s.jdbc.core.JdbcTemplate [TranId: 20260618153553466CMNlocal010000003] [BizTranId: XYZ13EDU0002] [TraceId: 4f5fa15a-b95f-4d0d-9f15-1b1383b4672c] [SpanId: SPN-200e7383-1faa-42aa-a055-3c59ab648d2f] [DynLevel: ] - Executing prepared SQL update
[2026-06-18 15:35:53.518] [http-nio-8099-exec-3] DEBUG o.s.jdbc.core.JdbcTemplate [TranId: 20260618153553466CMNlocal010000003] [BizTranId: XYZ13EDU0002] [TraceId: 4f5fa15a-b95f-4d0d-9f15-1b1383b4672c] [SpanId: SPN-200e7383-1faa-42aa-a055-3c59ab648d2f] [DynLevel: ] - Executing prepared SQL statement [UPDATE BATCH_STEP_EXECUTION_CONTEXT
SET SHORT_CONTEXT = ?, SERIALIZED_CONTEXT = ?
WHERE STEP_EXECUTION_ID = ?
]
[2026-06-18 15:35:53.519] [http-nio-8099-exec-3] DEBUG o.s.jdbc.core.JdbcTemplate [TranId: 20260618153553466CMNlocal010000003] [BizTranId: XYZ13EDU0002] [TraceId: 4f5fa15a-b95f-4d0d-9f15-1b1383b4672c] [SpanId: SPN-200e7383-1faa-42aa-a055-3c59ab648d2f] [DynLevel: ] - Executing prepared SQL update
[2026-06-18 15:35:53.519] [http-nio-8099-exec-3] DEBUG o.s.jdbc.core.JdbcTemplate [TranId: 20260618153553466CMNlocal010000003] [BizTranId: XYZ13EDU0002] [TraceId: 4f5fa15a-b95f-4d0d-9f15-1b1383b4672c] [SpanId: SPN-200e7383-1faa-42aa-a055-3c59ab648d2f] [DynLevel: ] - Executing prepared SQL statement [UPDATE BATCH_STEP_EXECUTION
SET START_TIME = ?, END_TIME = ?, STATUS = ?, COMMIT_COUNT = ?, READ_COUNT = ?, FILTER_COUNT = ?, WRITE_COUNT = ?, EXIT_CODE = ?, EXIT_MESSAGE = ?, VERSION = VERSION + 1, READ_SKIP_COUNT = ?, PROCESS_SKIP_COUNT = ?, WRITE_SKIP_COUNT = ?, ROLLBACK_COUNT = ?, LAST_UPDATED = ?
WHERE STEP_EXECUTION_ID = ? AND VERSION = ?
]
[2026-06-18 15:35:53.519] [http-nio-8099-exec-3] DEBUG o.s.jdbc.core.JdbcTemplate [TranId: 20260618153553466CMNlocal010000003] [BizTranId: XYZ13EDU0002] [TraceId: 4f5fa15a-b95f-4d0d-9f15-1b1383b4672c] [SpanId: SPN-200e7383-1faa-42aa-a055-3c59ab648d2f] [DynLevel: ] - Executing prepared SQL query
[2026-06-18 15:35:53.520] [http-nio-8099-exec-3] DEBUG o.s.jdbc.core.JdbcTemplate [TranId: 20260618153553466CMNlocal010000003] [BizTranId: XYZ13EDU0002] [TraceId: 4f5fa15a-b95f-4d0d-9f15-1b1383b4672c] [SpanId: SPN-200e7383-1faa-42aa-a055-3c59ab648d2f] [DynLevel: ] - Executing prepared SQL statement [SELECT VERSION
FROM BATCH_JOB_EXECUTION
WHERE JOB_EXECUTION_ID=?
]
[2026-06-18 15:35:53.521] [http-nio-8099-exec-3] INFO  c.x.e.config.XyzBatchEducationConfig [TranId: 20260618153553466CMNlocal010000003] [BizTranId: XYZ13EDU0002] [TraceId: 4f5fa15a-b95f-4d0d-9f15-1b1383b4672c] [SpanId: SPN-200e7383-1faa-42aa-a055-3c59ab648d2f] [DynLevel: ] - CPF EDU Chunk 배치 기록. items=[회원-021, 회원-022, 회원-023, 회원-024, 회원-025]
[2026-06-18 15:35:53.521] [http-nio-8099-exec-3] DEBUG o.s.jdbc.core.JdbcTemplate [TranId: 20260618153553466CMNlocal010000003] [BizTranId: XYZ13EDU0002] [TraceId: 4f5fa15a-b95f-4d0d-9f15-1b1383b4672c] [SpanId: SPN-200e7383-1faa-42aa-a055-3c59ab648d2f] [DynLevel: ] - Executing prepared SQL update
[2026-06-18 15:35:53.522] [http-nio-8099-exec-3] DEBUG o.s.jdbc.core.JdbcTemplate [TranId: 20260618153553466CMNlocal010000003] [BizTranId: XYZ13EDU0002] [TraceId: 4f5fa15a-b95f-4d0d-9f15-1b1383b4672c] [SpanId: SPN-200e7383-1faa-42aa-a055-3c59ab648d2f] [DynLevel: ] - Executing prepared SQL statement [UPDATE BATCH_STEP_EXECUTION_CONTEXT
SET SHORT_CONTEXT = ?, SERIALIZED_CONTEXT = ?
WHERE STEP_EXECUTION_ID = ?
]
[2026-06-18 15:35:53.523] [http-nio-8099-exec-3] DEBUG o.s.jdbc.core.JdbcTemplate [TranId: 20260618153553466CMNlocal010000003] [BizTranId: XYZ13EDU0002] [TraceId: 4f5fa15a-b95f-4d0d-9f15-1b1383b4672c] [SpanId: SPN-200e7383-1faa-42aa-a055-3c59ab648d2f] [DynLevel: ] - Executing prepared SQL update
[2026-06-18 15:35:53.523] [http-nio-8099-exec-3] DEBUG o.s.jdbc.core.JdbcTemplate [TranId: 20260618153553466CMNlocal010000003] [BizTranId: XYZ13EDU0002] [TraceId: 4f5fa15a-b95f-4d0d-9f15-1b1383b4672c] [SpanId: SPN-200e7383-1faa-42aa-a055-3c59ab648d2f] [DynLevel: ] - Executing prepared SQL statement [UPDATE BATCH_STEP_EXECUTION
SET START_TIME = ?, END_TIME = ?, STATUS = ?, COMMIT_COUNT = ?, READ_COUNT = ?, FILTER_COUNT = ?, WRITE_COUNT = ?, EXIT_CODE = ?, EXIT_MESSAGE = ?, VERSION = VERSION + 1, READ_SKIP_COUNT = ?, PROCESS_SKIP_COUNT = ?, WRITE_SKIP_COUNT = ?, ROLLBACK_COUNT = ?, LAST_UPDATED = ?
WHERE STEP_EXECUTION_ID = ? AND VERSION = ?
]
[2026-06-18 15:35:53.524] [http-nio-8099-exec-3] DEBUG o.s.jdbc.core.JdbcTemplate [TranId: 20260618153553466CMNlocal010000003] [BizTranId: XYZ13EDU0002] [TraceId: 4f5fa15a-b95f-4d0d-9f15-1b1383b4672c] [SpanId: SPN-200e7383-1faa-42aa-a055-3c59ab648d2f] [DynLevel: ] - Executing prepared SQL query
[2026-06-18 15:35:53.524] [http-nio-8099-exec-3] DEBUG o.s.jdbc.core.JdbcTemplate [TranId: 20260618153553466CMNlocal010000003] [BizTranId: XYZ13EDU0002] [TraceId: 4f5fa15a-b95f-4d0d-9f15-1b1383b4672c] [SpanId: SPN-200e7383-1faa-42aa-a055-3c59ab648d2f] [DynLevel: ] - Executing prepared SQL statement [SELECT VERSION
FROM BATCH_JOB_EXECUTION
WHERE JOB_EXECUTION_ID=?
]
[2026-06-18 15:35:53.526] [http-nio-8099-exec-3] DEBUG o.s.jdbc.core.JdbcTemplate [TranId: 20260618153553466CMNlocal010000003] [BizTranId: XYZ13EDU0002] [TraceId: 4f5fa15a-b95f-4d0d-9f15-1b1383b4672c] [SpanId: SPN-200e7383-1faa-42aa-a055-3c59ab648d2f] [DynLevel: ] - Executing prepared SQL update
[2026-06-18 15:35:53.526] [http-nio-8099-exec-3] DEBUG o.s.jdbc.core.JdbcTemplate [TranId: 20260618153553466CMNlocal010000003] [BizTranId: XYZ13EDU0002] [TraceId: 4f5fa15a-b95f-4d0d-9f15-1b1383b4672c] [SpanId: SPN-200e7383-1faa-42aa-a055-3c59ab648d2f] [DynLevel: ] - Executing prepared SQL statement [UPDATE BATCH_STEP_EXECUTION_CONTEXT
SET SHORT_CONTEXT = ?, SERIALIZED_CONTEXT = ?
WHERE STEP_EXECUTION_ID = ?
]
[2026-06-18 15:35:53.527] [http-nio-8099-exec-3] DEBUG o.s.jdbc.core.JdbcTemplate [TranId: 20260618153553466CMNlocal010000003] [BizTranId: XYZ13EDU0002] [TraceId: 4f5fa15a-b95f-4d0d-9f15-1b1383b4672c] [SpanId: SPN-200e7383-1faa-42aa-a055-3c59ab648d2f] [DynLevel: ] - Executing prepared SQL update
[2026-06-18 15:35:53.527] [http-nio-8099-exec-3] DEBUG o.s.jdbc.core.JdbcTemplate [TranId: 20260618153553466CMNlocal010000003] [BizTranId: XYZ13EDU0002] [TraceId: 4f5fa15a-b95f-4d0d-9f15-1b1383b4672c] [SpanId: SPN-200e7383-1faa-42aa-a055-3c59ab648d2f] [DynLevel: ] - Executing prepared SQL statement [UPDATE BATCH_STEP_EXECUTION
SET START_TIME = ?, END_TIME = ?, STATUS = ?, COMMIT_COUNT = ?, READ_COUNT = ?, FILTER_COUNT = ?, WRITE_COUNT = ?, EXIT_CODE = ?, EXIT_MESSAGE = ?, VERSION = VERSION + 1, READ_SKIP_COUNT = ?, PROCESS_SKIP_COUNT = ?, WRITE_SKIP_COUNT = ?, ROLLBACK_COUNT = ?, LAST_UPDATED = ?
WHERE STEP_EXECUTION_ID = ? AND VERSION = ?
]
[2026-06-18 15:35:53.527] [http-nio-8099-exec-3] DEBUG o.s.jdbc.core.JdbcTemplate [TranId: 20260618153553466CMNlocal010000003] [BizTranId: XYZ13EDU0002] [TraceId: 4f5fa15a-b95f-4d0d-9f15-1b1383b4672c] [SpanId: SPN-200e7383-1faa-42aa-a055-3c59ab648d2f] [DynLevel: ] - Executing prepared SQL query
[2026-06-18 15:35:53.528] [http-nio-8099-exec-3] DEBUG o.s.jdbc.core.JdbcTemplate [TranId: 20260618153553466CMNlocal010000003] [BizTranId: XYZ13EDU0002] [TraceId: 4f5fa15a-b95f-4d0d-9f15-1b1383b4672c] [SpanId: SPN-200e7383-1faa-42aa-a055-3c59ab648d2f] [DynLevel: ] - Executing prepared SQL statement [SELECT VERSION
FROM BATCH_JOB_EXECUTION
WHERE JOB_EXECUTION_ID=?
]
[2026-06-18 15:35:53.529] [http-nio-8099-exec-3] INFO  o.s.batch.core.step.AbstractStep [TranId: 20260618153553466CMNlocal010000003] [BizTranId: XYZ13EDU0002] [TraceId: 4f5fa15a-b95f-4d0d-9f15-1b1383b4672c] [SpanId: SPN-200e7383-1faa-42aa-a055-3c59ab648d2f] [DynLevel: ] - Step: [CPF_EDU_CHUNK_STEP] executed in 33ms
[2026-06-18 15:35:53.529] [http-nio-8099-exec-3] DEBUG o.s.jdbc.core.JdbcTemplate [TranId: 20260618153553466CMNlocal010000003] [BizTranId: XYZ13EDU0002] [TraceId: 4f5fa15a-b95f-4d0d-9f15-1b1383b4672c] [SpanId: SPN-200e7383-1faa-42aa-a055-3c59ab648d2f] [DynLevel: ] - Executing prepared SQL update
[2026-06-18 15:35:53.529] [http-nio-8099-exec-3] DEBUG o.s.jdbc.core.JdbcTemplate [TranId: 20260618153553466CMNlocal010000003] [BizTranId: XYZ13EDU0002] [TraceId: 4f5fa15a-b95f-4d0d-9f15-1b1383b4672c] [SpanId: SPN-200e7383-1faa-42aa-a055-3c59ab648d2f] [DynLevel: ] - Executing prepared SQL statement [UPDATE BATCH_STEP_EXECUTION_CONTEXT
SET SHORT_CONTEXT = ?, SERIALIZED_CONTEXT = ?
WHERE STEP_EXECUTION_ID = ?
]
[2026-06-18 15:35:53.530] [http-nio-8099-exec-3] DEBUG o.s.jdbc.core.JdbcTemplate [TranId: 20260618153553466CMNlocal010000003] [BizTranId: XYZ13EDU0002] [TraceId: 4f5fa15a-b95f-4d0d-9f15-1b1383b4672c] [SpanId: SPN-200e7383-1faa-42aa-a055-3c59ab648d2f] [DynLevel: ] - Executing prepared SQL update
[2026-06-18 15:35:53.530] [http-nio-8099-exec-3] DEBUG o.s.jdbc.core.JdbcTemplate [TranId: 20260618153553466CMNlocal010000003] [BizTranId: XYZ13EDU0002] [TraceId: 4f5fa15a-b95f-4d0d-9f15-1b1383b4672c] [SpanId: SPN-200e7383-1faa-42aa-a055-3c59ab648d2f] [DynLevel: ] - Executing prepared SQL statement [UPDATE BATCH_STEP_EXECUTION
SET START_TIME = ?, END_TIME = ?, STATUS = ?, COMMIT_COUNT = ?, READ_COUNT = ?, FILTER_COUNT = ?, WRITE_COUNT = ?, EXIT_CODE = ?, EXIT_MESSAGE = ?, VERSION = VERSION + 1, READ_SKIP_COUNT = ?, PROCESS_SKIP_COUNT = ?, WRITE_SKIP_COUNT = ?, ROLLBACK_COUNT = ?, LAST_UPDATED = ?
WHERE STEP_EXECUTION_ID = ? AND VERSION = ?
]
[2026-06-18 15:35:53.531] [http-nio-8099-exec-3] DEBUG o.s.jdbc.core.JdbcTemplate [TranId: 20260618153553466CMNlocal010000003] [BizTranId: XYZ13EDU0002] [TraceId: 4f5fa15a-b95f-4d0d-9f15-1b1383b4672c] [SpanId: SPN-200e7383-1faa-42aa-a055-3c59ab648d2f] [DynLevel: ] - Executing prepared SQL query
[2026-06-18 15:35:53.531] [http-nio-8099-exec-3] DEBUG o.s.jdbc.core.JdbcTemplate [TranId: 20260618153553466CMNlocal010000003] [BizTranId: XYZ13EDU0002] [TraceId: 4f5fa15a-b95f-4d0d-9f15-1b1383b4672c] [SpanId: SPN-200e7383-1faa-42aa-a055-3c59ab648d2f] [DynLevel: ] - Executing prepared SQL statement [SELECT VERSION
FROM BATCH_JOB_EXECUTION
WHERE JOB_EXECUTION_ID=?
]
[2026-06-18 15:35:53.533] [http-nio-8099-exec-3] DEBUG o.s.jdbc.core.JdbcTemplate [TranId: 20260618153553466CMNlocal010000003] [BizTranId: XYZ13EDU0002] [TraceId: 4f5fa15a-b95f-4d0d-9f15-1b1383b4672c] [SpanId: SPN-200e7383-1faa-42aa-a055-3c59ab648d2f] [DynLevel: ] - Executing prepared SQL update
[2026-06-18 15:35:53.533] [http-nio-8099-exec-3] DEBUG o.s.jdbc.core.JdbcTemplate [TranId: 20260618153553466CMNlocal010000003] [BizTranId: XYZ13EDU0002] [TraceId: 4f5fa15a-b95f-4d0d-9f15-1b1383b4672c] [SpanId: SPN-200e7383-1faa-42aa-a055-3c59ab648d2f] [DynLevel: ] - Executing prepared SQL statement [UPDATE BATCH_JOB_EXECUTION_CONTEXT
SET SHORT_CONTEXT = ?, SERIALIZED_CONTEXT = ?
WHERE JOB_EXECUTION_ID = ?
]
[2026-06-18 15:35:53.534] [http-nio-8099-exec-3] DEBUG o.s.jdbc.core.JdbcTemplate [TranId: 20260618153553466CMNlocal010000003] [BizTranId: XYZ13EDU0002] [TraceId: 4f5fa15a-b95f-4d0d-9f15-1b1383b4672c] [SpanId: SPN-200e7383-1faa-42aa-a055-3c59ab648d2f] [DynLevel: ] - Executing prepared SQL query
[2026-06-18 15:35:53.534] [http-nio-8099-exec-3] DEBUG o.s.jdbc.core.JdbcTemplate [TranId: 20260618153553466CMNlocal010000003] [BizTranId: XYZ13EDU0002] [TraceId: 4f5fa15a-b95f-4d0d-9f15-1b1383b4672c] [SpanId: SPN-200e7383-1faa-42aa-a055-3c59ab648d2f] [DynLevel: ] - Executing prepared SQL statement [SELECT VERSION
FROM BATCH_JOB_EXECUTION
WHERE JOB_EXECUTION_ID=?
]
[2026-06-18 15:35:53.534] [http-nio-8099-exec-3] DEBUG o.s.jdbc.core.JdbcTemplate [TranId: 20260618153553466CMNlocal010000003] [BizTranId: XYZ13EDU0002] [TraceId: 4f5fa15a-b95f-4d0d-9f15-1b1383b4672c] [SpanId: SPN-200e7383-1faa-42aa-a055-3c59ab648d2f] [DynLevel: ] - Executing prepared SQL query
[2026-06-18 15:35:53.535] [http-nio-8099-exec-3] DEBUG o.s.jdbc.core.JdbcTemplate [TranId: 20260618153553466CMNlocal010000003] [BizTranId: XYZ13EDU0002] [TraceId: 4f5fa15a-b95f-4d0d-9f15-1b1383b4672c] [SpanId: SPN-200e7383-1faa-42aa-a055-3c59ab648d2f] [DynLevel: ] - Executing prepared SQL statement [SELECT COUNT(*)
FROM BATCH_JOB_EXECUTION
WHERE JOB_EXECUTION_ID = ?
]
[2026-06-18 15:35:53.535] [http-nio-8099-exec-3] DEBUG o.s.jdbc.core.JdbcTemplate [TranId: 20260618153553466CMNlocal010000003] [BizTranId: XYZ13EDU0002] [TraceId: 4f5fa15a-b95f-4d0d-9f15-1b1383b4672c] [SpanId: SPN-200e7383-1faa-42aa-a055-3c59ab648d2f] [DynLevel: ] - Executing prepared SQL update
[2026-06-18 15:35:53.535] [http-nio-8099-exec-3] DEBUG o.s.jdbc.core.JdbcTemplate [TranId: 20260618153553466CMNlocal010000003] [BizTranId: XYZ13EDU0002] [TraceId: 4f5fa15a-b95f-4d0d-9f15-1b1383b4672c] [SpanId: SPN-200e7383-1faa-42aa-a055-3c59ab648d2f] [DynLevel: ] - Executing prepared SQL statement [UPDATE BATCH_JOB_EXECUTION
SET START_TIME = ?, END_TIME = ?,  STATUS = ?, EXIT_CODE = ?, EXIT_MESSAGE = ?, VERSION = VERSION + 1, CREATE_TIME = ?, LAST_UPDATED = ?
WHERE JOB_EXECUTION_ID = ? AND VERSION = ?
]
[2026-06-18 15:35:53.536] [http-nio-8099-exec-3] INFO  o.s.b.c.l.s.TaskExecutorJobLauncher [TranId: 20260618153553466CMNlocal010000003] [BizTranId: XYZ13EDU0002] [TraceId: 4f5fa15a-b95f-4d0d-9f15-1b1383b4672c] [SpanId: SPN-200e7383-1faa-42aa-a055-3c59ab648d2f] [DynLevel: ] - Job: [SimpleJob: [name=CPF_EDU_CHUNK_JOB]] completed with the following parameters: [{'requestTime':'{value=1781764553471, type=class java.lang.Long, identifying=true}','requestUser':'{value=STABILIZATION, type=class java.lang.String, identifying=true}'}] and the following status: [COMPLETED] in 50ms
[2026-06-18 15:35:53.536] [http-nio-8099-exec-3] DEBUG o.s.jdbc.core.JdbcTemplate [TranId: 20260618153553466CMNlocal010000003] [BizTranId: XYZ13EDU0002] [TraceId: 4f5fa15a-b95f-4d0d-9f15-1b1383b4672c] [SpanId: SPN-200e7383-1faa-42aa-a055-3c59ab648d2f] [DynLevel: ] - Executing prepared SQL update
[2026-06-18 15:35:53.537] [http-nio-8099-exec-3] DEBUG o.s.jdbc.core.JdbcTemplate [TranId: 20260618153553466CMNlocal010000003] [BizTranId: XYZ13EDU0002] [TraceId: 4f5fa15a-b95f-4d0d-9f15-1b1383b4672c] [SpanId: SPN-200e7383-1faa-42aa-a055-3c59ab648d2f] [DynLevel: ] - Executing prepared SQL statement [INSERT INTO pfw_batch_execution (
    job_id, schedule_id, job_parameters, execution_status, spring_batch_execution_id,
    batch_instance_id, start_time, end_time, read_count, write_count, skip_count,
    error_message, requested_by, created_by, updated_by
) VALUES (?, NULL, ?, ?, ?, 'local-batch-01', ?, ?, ?, ?, ?, ?, ?, ?, ?)
]
[2026-06-18 15:35:53.537] [http-nio-8099-exec-3] DEBUG o.s.jdbc.core.StatementCreatorUtils [TranId: 20260618153553466CMNlocal010000003] [BizTranId: XYZ13EDU0002] [TraceId: 4f5fa15a-b95f-4d0d-9f15-1b1383b4672c] [SpanId: SPN-200e7383-1faa-42aa-a055-3c59ab648d2f] [DynLevel: ] - JDBC getParameterType call failed - using fallback method instead: java.sql.SQLFeatureNotSupportedException: (conn=227) Getting parameter type metadata are not supported
[2026-06-18 15:35:53.538] [http-nio-8099-exec-3] DEBUG o.s.jdbc.core.JdbcTemplate [TranId: 20260618153553466CMNlocal010000003] [BizTranId: XYZ13EDU0002] [TraceId: 4f5fa15a-b95f-4d0d-9f15-1b1383b4672c] [SpanId: SPN-200e7383-1faa-42aa-a055-3c59ab648d2f] [DynLevel: ] - Executing SQL query [SELECT LAST_INSERT_ID()]
[2026-06-18 15:35:53.538] [http-nio-8099-exec-3] DEBUG o.s.jdbc.core.JdbcTemplate [TranId: 20260618153553466CMNlocal010000003] [BizTranId: XYZ13EDU0002] [TraceId: 4f5fa15a-b95f-4d0d-9f15-1b1383b4672c] [SpanId: SPN-200e7383-1faa-42aa-a055-3c59ab648d2f] [DynLevel: ] - Executing prepared SQL update
[2026-06-18 15:35:53.538] [http-nio-8099-exec-3] DEBUG o.s.jdbc.core.JdbcTemplate [TranId: 20260618153553466CMNlocal010000003] [BizTranId: XYZ13EDU0002] [TraceId: 4f5fa15a-b95f-4d0d-9f15-1b1383b4672c] [SpanId: SPN-200e7383-1faa-42aa-a055-3c59ab648d2f] [DynLevel: ] - Executing prepared SQL statement [INSERT INTO pfw_batch_step_execution (
    execution_id, step_name, execution_status, start_time, end_time,
    read_count, write_count, skip_count, error_message, step_log, created_by, updated_by
) VALUES (?, ?, ?, ?, ?, ?, ?, ?, ?, ?, ?, ?)
]
[2026-06-18 15:35:53.539] [http-nio-8099-exec-3] DEBUG o.s.jdbc.core.StatementCreatorUtils [TranId: 20260618153553466CMNlocal010000003] [BizTranId: XYZ13EDU0002] [TraceId: 4f5fa15a-b95f-4d0d-9f15-1b1383b4672c] [SpanId: SPN-200e7383-1faa-42aa-a055-3c59ab648d2f] [DynLevel: ] - JDBC getParameterType call failed - using fallback method instead: java.sql.SQLFeatureNotSupportedException: (conn=227) Getting parameter type metadata are not supported
[2026-06-18 15:35:53.540] [http-nio-8099-exec-3] INFO  c.pfw.common.logging.LoggingAspect [TranId: 20260618153553466CMNlocal010000003] [BizTranId: XYZ13EDU0002] [TraceId: 4f5fa15a-b95f-4d0d-9f15-1b1383b4672c] [SpanId: SPN-200e7383-1faa-42aa-a055-3c59ab648d2f] [DynLevel: ] - Transaction completed. transactionId=20260618153553466CMNlocal010000003, traceId=4f5fa15a-b95f-4d0d-9f15-1b1383b4672c, spanId=SPN-200e7383-1faa-42aa-a055-3c59ab648d2f, moduleId=CMN, sequenceNo=1, workflowStatus=NONE, compensationYn=N, httpStatus=200, responseCode=SCMN000000, messageCode=MCMN000000, durationMs=69
[2026-06-18 15:35:53.549] [http-nio-8099-exec-3] DEBUG o.s.w.s.m.m.a.HttpEntityMethodProcessor [TranId: 20260618153553466CMNlocal010000003] [BizTranId: XYZ13EDU0002] [TraceId: 4f5fa15a-b95f-4d0d-9f15-1b1383b4672c] [SpanId: SPN-200e7383-1faa-42aa-a055-3c59ab648d2f] [DynLevel: ] - Using 'application/json', given [*/*] and supported [application/json, application/*+json, application/yaml]
[2026-06-18 15:35:53.550] [http-nio-8099-exec-3] DEBUG o.s.w.s.m.m.a.HttpEntityMethodProcessor [TranId: 20260618153553466CMNlocal010000003] [BizTranId: XYZ13EDU0002] [TraceId: 4f5fa15a-b95f-4d0d-9f15-1b1383b4672c] [SpanId: SPN-200e7383-1faa-42aa-a055-3c59ab648d2f] [DynLevel: ] - Writing [{enabled=true, jobId=CPF_EDU_CHUNK_JOB, executionId=2, status=COMPLETED, exitStatus=COMPLETED, pfwBa (truncated)...]
[2026-06-18 15:35:53.551] [http-nio-8099-exec-3] DEBUG o.s.web.servlet.DispatcherServlet [TranId: 20260618153553466CMNlocal010000003] [BizTranId: XYZ13EDU0002] [TraceId: 4f5fa15a-b95f-4d0d-9f15-1b1383b4672c] [SpanId: SPN-200e7383-1faa-42aa-a055-3c59ab648d2f] [DynLevel: ] - Completed 200 OK
