[2026-06-18 17:03:33.670] [http-nio-18099-exec-3] DEBUG o.s.web.servlet.DispatcherServlet [TranId: 20260618170333669CMNlocal010000003] [BizTranId: ] [TraceId: 10cbc965-cea7-45b1-98ba-60abab0ac57c] [SpanId: SPN-7b595c78-73b4-4289-809c-7d1e911be44b] [DynLevel: ] - POST "/xyz/edu/batch/chunk/run?requestUser=STABILIZATION", parameters={masked}
[2026-06-18 17:03:33.679] [http-nio-18099-exec-3] DEBUG o.s.w.s.m.m.a.RequestMappingHandlerMapping [TranId: 20260618170333669CMNlocal010000003] [BizTranId: ] [TraceId: 10cbc965-cea7-45b1-98ba-60abab0ac57c] [SpanId: SPN-7b595c78-73b4-4289-809c-7d1e911be44b] [DynLevel: ] - Mapped to cpf.xyz.edu.controller.XyzBatchEducationController#runChunk(String)
[2026-06-18 17:03:33.683] [http-nio-18099-exec-3] INFO  c.pfw.common.logging.LoggingAspect [TranId: 20260618170333669CMNlocal010000003] [BizTranId: XYZ13EDU0002] [TraceId: 10cbc965-cea7-45b1-98ba-60abab0ac57c] [SpanId: SPN-7b595c78-73b4-4289-809c-7d1e911be44b] [DynLevel: ] - Transaction started. transactionId=20260618170333669CMNlocal010000003, businessTransactionId=XYZ13EDU0002, businessTransactionName=XYZBatchChunkRun, traceId=10cbc965-cea7-45b1-98ba-60abab0ac57c, spanId=SPN-7b595c78-73b4-4289-809c-7d1e911be44b, moduleId=CMN, sequenceNo=1, workflowInstanceId=None, workflowStepId=None, method=POST, uri=/xyz/edu/batch/chunk/run?requestUser=STABILIZATION, controller=XyzBatchEducationController.runChunk(..), executionClass=cpf.xyz.edu.controller.XyzBatchEducationController, executionMethod=runChunk, clientIp=127.0.0.1, parameters=requestUser=STABILIZATION, requestBody=[STABILIZATION]
[2026-06-18 17:03:33.684] [http-nio-18099-exec-3] DEBUG o.s.jdbc.core.JdbcTemplate [TranId: 20260618170333669CMNlocal010000003] [BizTranId: XYZ13EDU0002] [TraceId: 10cbc965-cea7-45b1-98ba-60abab0ac57c] [SpanId: SPN-7b595c78-73b4-4289-809c-7d1e911be44b] [DynLevel: ] - Executing prepared SQL query
[2026-06-18 17:03:33.685] [http-nio-18099-exec-3] DEBUG o.s.jdbc.core.JdbcTemplate [TranId: 20260618170333669CMNlocal010000003] [BizTranId: XYZ13EDU0002] [TraceId: 10cbc965-cea7-45b1-98ba-60abab0ac57c] [SpanId: SPN-7b595c78-73b4-4289-809c-7d1e911be44b] [DynLevel: ] - Executing prepared SQL statement [SELECT JOB_INSTANCE_ID, JOB_NAME
FROM BATCH_JOB_INSTANCE
WHERE JOB_NAME = ?
 AND JOB_KEY = ?]
[2026-06-18 17:03:33.688] [http-nio-18099-exec-3] DEBUG o.s.jdbc.core.JdbcTemplate [TranId: 20260618170333669CMNlocal010000003] [BizTranId: XYZ13EDU0002] [TraceId: 10cbc965-cea7-45b1-98ba-60abab0ac57c] [SpanId: SPN-7b595c78-73b4-4289-809c-7d1e911be44b] [DynLevel: ] - Executing prepared SQL query
[2026-06-18 17:03:33.689] [http-nio-18099-exec-3] DEBUG o.s.jdbc.core.JdbcTemplate [TranId: 20260618170333669CMNlocal010000003] [BizTranId: XYZ13EDU0002] [TraceId: 10cbc965-cea7-45b1-98ba-60abab0ac57c] [SpanId: SPN-7b595c78-73b4-4289-809c-7d1e911be44b] [DynLevel: ] - Executing prepared SQL statement [SELECT JOB_INSTANCE_ID, JOB_NAME
FROM BATCH_JOB_INSTANCE
WHERE JOB_NAME = ?
 AND JOB_KEY = ?]
[2026-06-18 17:03:33.691] [http-nio-18099-exec-3] DEBUG o.s.jdbc.core.JdbcTemplate [TranId: 20260618170333669CMNlocal010000003] [BizTranId: XYZ13EDU0002] [TraceId: 10cbc965-cea7-45b1-98ba-60abab0ac57c] [SpanId: SPN-7b595c78-73b4-4289-809c-7d1e911be44b] [DynLevel: ] - Executing prepared SQL query
[2026-06-18 17:03:33.691] [http-nio-18099-exec-3] DEBUG o.s.jdbc.core.JdbcTemplate [TranId: 20260618170333669CMNlocal010000003] [BizTranId: XYZ13EDU0002] [TraceId: 10cbc965-cea7-45b1-98ba-60abab0ac57c] [SpanId: SPN-7b595c78-73b4-4289-809c-7d1e911be44b] [DynLevel: ] - Executing prepared SQL statement [SELECT JOB_INSTANCE_ID, JOB_NAME
FROM BATCH_JOB_INSTANCE
WHERE JOB_NAME = ?
 AND JOB_KEY = ?]
[2026-06-18 17:03:33.695] [http-nio-18099-exec-3] DEBUG o.s.jdbc.core.JdbcTemplate [TranId: 20260618170333669CMNlocal010000003] [BizTranId: XYZ13EDU0002] [TraceId: 10cbc965-cea7-45b1-98ba-60abab0ac57c] [SpanId: SPN-7b595c78-73b4-4289-809c-7d1e911be44b] [DynLevel: ] - Executing prepared SQL update
[2026-06-18 17:03:33.696] [http-nio-18099-exec-3] DEBUG o.s.jdbc.core.JdbcTemplate [TranId: 20260618170333669CMNlocal010000003] [BizTranId: XYZ13EDU0002] [TraceId: 10cbc965-cea7-45b1-98ba-60abab0ac57c] [SpanId: SPN-7b595c78-73b4-4289-809c-7d1e911be44b] [DynLevel: ] - Executing prepared SQL statement [INSERT INTO BATCH_JOB_INSTANCE(JOB_INSTANCE_ID, JOB_NAME, JOB_KEY, VERSION)
	VALUES (?, ?, ?, ?)
]
[2026-06-18 17:03:33.701] [http-nio-18099-exec-3] DEBUG o.s.jdbc.core.JdbcTemplate [TranId: 20260618170333669CMNlocal010000003] [BizTranId: XYZ13EDU0002] [TraceId: 10cbc965-cea7-45b1-98ba-60abab0ac57c] [SpanId: SPN-7b595c78-73b4-4289-809c-7d1e911be44b] [DynLevel: ] - Executing prepared SQL update
[2026-06-18 17:03:33.701] [http-nio-18099-exec-3] DEBUG o.s.jdbc.core.JdbcTemplate [TranId: 20260618170333669CMNlocal010000003] [BizTranId: XYZ13EDU0002] [TraceId: 10cbc965-cea7-45b1-98ba-60abab0ac57c] [SpanId: SPN-7b595c78-73b4-4289-809c-7d1e911be44b] [DynLevel: ] - Executing prepared SQL statement [INSERT INTO BATCH_JOB_EXECUTION(JOB_EXECUTION_ID, JOB_INSTANCE_ID, START_TIME, END_TIME, STATUS, EXIT_CODE, EXIT_MESSAGE, VERSION, CREATE_TIME, LAST_UPDATED)
	VALUES (?, ?, ?, ?, ?, ?, ?, ?, ?, ?)
]
[2026-06-18 17:03:33.704] [http-nio-18099-exec-3] DEBUG o.s.jdbc.core.JdbcTemplate [TranId: 20260618170333669CMNlocal010000003] [BizTranId: XYZ13EDU0002] [TraceId: 10cbc965-cea7-45b1-98ba-60abab0ac57c] [SpanId: SPN-7b595c78-73b4-4289-809c-7d1e911be44b] [DynLevel: ] - Executing SQL batch update [INSERT INTO BATCH_JOB_EXECUTION_PARAMS(JOB_EXECUTION_ID, PARAMETER_NAME, PARAMETER_TYPE, PARAMETER_VALUE, IDENTIFYING)
	VALUES (?, ?, ?, ?, ?)
] with a batch size of 100
[2026-06-18 17:03:33.705] [http-nio-18099-exec-3] DEBUG o.s.jdbc.core.JdbcTemplate [TranId: 20260618170333669CMNlocal010000003] [BizTranId: XYZ13EDU0002] [TraceId: 10cbc965-cea7-45b1-98ba-60abab0ac57c] [SpanId: SPN-7b595c78-73b4-4289-809c-7d1e911be44b] [DynLevel: ] - Executing prepared SQL statement [INSERT INTO BATCH_JOB_EXECUTION_PARAMS(JOB_EXECUTION_ID, PARAMETER_NAME, PARAMETER_TYPE, PARAMETER_VALUE, IDENTIFYING)
	VALUES (?, ?, ?, ?, ?)
]
[2026-06-18 17:03:33.707] [http-nio-18099-exec-3] DEBUG o.s.jdbc.core.JdbcTemplate [TranId: 20260618170333669CMNlocal010000003] [BizTranId: XYZ13EDU0002] [TraceId: 10cbc965-cea7-45b1-98ba-60abab0ac57c] [SpanId: SPN-7b595c78-73b4-4289-809c-7d1e911be44b] [DynLevel: ] - Executing prepared SQL update
[2026-06-18 17:03:33.708] [http-nio-18099-exec-3] DEBUG o.s.jdbc.core.JdbcTemplate [TranId: 20260618170333669CMNlocal010000003] [BizTranId: XYZ13EDU0002] [TraceId: 10cbc965-cea7-45b1-98ba-60abab0ac57c] [SpanId: SPN-7b595c78-73b4-4289-809c-7d1e911be44b] [DynLevel: ] - Executing prepared SQL statement [INSERT INTO BATCH_JOB_EXECUTION_CONTEXT (SHORT_CONTEXT, SERIALIZED_CONTEXT, JOB_EXECUTION_ID)
	VALUES(?, ?, ?)
]
[2026-06-18 17:03:33.712] [http-nio-18099-exec-3] INFO  o.s.b.c.l.s.TaskExecutorJobLauncher [TranId: 20260618170333669CMNlocal010000003] [BizTranId: XYZ13EDU0002] [TraceId: 10cbc965-cea7-45b1-98ba-60abab0ac57c] [SpanId: SPN-7b595c78-73b4-4289-809c-7d1e911be44b] [DynLevel: ] - Job: [SimpleJob: [name=CPF_EDU_CHUNK_JOB]] launched with the following parameters: [{'requestTime':'{value=1781769813683, type=class java.lang.Long, identifying=true}','requestUser':'{value=STABILIZATION, type=class java.lang.String, identifying=true}'}]
[2026-06-18 17:03:33.714] [http-nio-18099-exec-3] DEBUG o.s.jdbc.core.JdbcTemplate [TranId: 20260618170333669CMNlocal010000003] [BizTranId: XYZ13EDU0002] [TraceId: 10cbc965-cea7-45b1-98ba-60abab0ac57c] [SpanId: SPN-7b595c78-73b4-4289-809c-7d1e911be44b] [DynLevel: ] - Executing prepared SQL query
[2026-06-18 17:03:33.715] [http-nio-18099-exec-3] DEBUG o.s.jdbc.core.JdbcTemplate [TranId: 20260618170333669CMNlocal010000003] [BizTranId: XYZ13EDU0002] [TraceId: 10cbc965-cea7-45b1-98ba-60abab0ac57c] [SpanId: SPN-7b595c78-73b4-4289-809c-7d1e911be44b] [DynLevel: ] - Executing prepared SQL statement [SELECT VERSION
FROM BATCH_JOB_EXECUTION
WHERE JOB_EXECUTION_ID=?
]
[2026-06-18 17:03:33.716] [http-nio-18099-exec-3] DEBUG o.s.jdbc.core.JdbcTemplate [TranId: 20260618170333669CMNlocal010000003] [BizTranId: XYZ13EDU0002] [TraceId: 10cbc965-cea7-45b1-98ba-60abab0ac57c] [SpanId: SPN-7b595c78-73b4-4289-809c-7d1e911be44b] [DynLevel: ] - Executing prepared SQL query
[2026-06-18 17:03:33.717] [http-nio-18099-exec-3] DEBUG o.s.jdbc.core.JdbcTemplate [TranId: 20260618170333669CMNlocal010000003] [BizTranId: XYZ13EDU0002] [TraceId: 10cbc965-cea7-45b1-98ba-60abab0ac57c] [SpanId: SPN-7b595c78-73b4-4289-809c-7d1e911be44b] [DynLevel: ] - Executing prepared SQL statement [SELECT COUNT(*)
FROM BATCH_JOB_EXECUTION
WHERE JOB_EXECUTION_ID = ?
]
[2026-06-18 17:03:33.718] [http-nio-18099-exec-3] DEBUG o.s.jdbc.core.JdbcTemplate [TranId: 20260618170333669CMNlocal010000003] [BizTranId: XYZ13EDU0002] [TraceId: 10cbc965-cea7-45b1-98ba-60abab0ac57c] [SpanId: SPN-7b595c78-73b4-4289-809c-7d1e911be44b] [DynLevel: ] - Executing prepared SQL update
[2026-06-18 17:03:33.719] [http-nio-18099-exec-3] DEBUG o.s.jdbc.core.JdbcTemplate [TranId: 20260618170333669CMNlocal010000003] [BizTranId: XYZ13EDU0002] [TraceId: 10cbc965-cea7-45b1-98ba-60abab0ac57c] [SpanId: SPN-7b595c78-73b4-4289-809c-7d1e911be44b] [DynLevel: ] - Executing prepared SQL statement [UPDATE BATCH_JOB_EXECUTION
SET START_TIME = ?, END_TIME = ?,  STATUS = ?, EXIT_CODE = ?, EXIT_MESSAGE = ?, VERSION = VERSION + 1, CREATE_TIME = ?, LAST_UPDATED = ?
WHERE JOB_EXECUTION_ID = ? AND VERSION = ?
]
[2026-06-18 17:03:33.723] [http-nio-18099-exec-3] DEBUG o.s.jdbc.core.JdbcTemplate [TranId: 20260618170333669CMNlocal010000003] [BizTranId: XYZ13EDU0002] [TraceId: 10cbc965-cea7-45b1-98ba-60abab0ac57c] [SpanId: SPN-7b595c78-73b4-4289-809c-7d1e911be44b] [DynLevel: ] - Executing prepared SQL query
[2026-06-18 17:03:33.724] [http-nio-18099-exec-3] DEBUG o.s.jdbc.core.JdbcTemplate [TranId: 20260618170333669CMNlocal010000003] [BizTranId: XYZ13EDU0002] [TraceId: 10cbc965-cea7-45b1-98ba-60abab0ac57c] [SpanId: SPN-7b595c78-73b4-4289-809c-7d1e911be44b] [DynLevel: ] - Executing prepared SQL statement [SELECT SE.STEP_EXECUTION_ID, SE.STEP_NAME, SE.START_TIME, SE.END_TIME, SE.STATUS, SE.COMMIT_COUNT, SE.READ_COUNT, SE.FILTER_COUNT, SE.WRITE_COUNT, SE.EXIT_CODE, SE.EXIT_MESSAGE, SE.READ_SKIP_COUNT, SE.WRITE_SKIP_COUNT, SE.PROCESS_SKIP_COUNT, SE.ROLLBACK_COUNT, SE.LAST_UPDATED, SE.VERSION, SE.CREATE_TIME, JE.JOB_EXECUTION_ID, JE.START_TIME, JE.END_TIME, JE.STATUS, JE.EXIT_CODE, JE.EXIT_MESSAGE, JE.CREATE_TIME, JE.LAST_UPDATED, JE.VERSION
FROM BATCH_JOB_EXECUTION JE
	JOIN BATCH_STEP_EXECUTION SE ON SE.JOB_EXECUTION_ID = JE.JOB_EXECUTION_ID
WHERE JE.JOB_INSTANCE_ID = ? AND SE.STEP_NAME = ?
]
[2026-06-18 17:03:33.727] [http-nio-18099-exec-3] DEBUG o.s.jdbc.core.JdbcTemplate [TranId: 20260618170333669CMNlocal010000003] [BizTranId: XYZ13EDU0002] [TraceId: 10cbc965-cea7-45b1-98ba-60abab0ac57c] [SpanId: SPN-7b595c78-73b4-4289-809c-7d1e911be44b] [DynLevel: ] - Executing prepared SQL query
[2026-06-18 17:03:33.728] [http-nio-18099-exec-3] DEBUG o.s.jdbc.core.JdbcTemplate [TranId: 20260618170333669CMNlocal010000003] [BizTranId: XYZ13EDU0002] [TraceId: 10cbc965-cea7-45b1-98ba-60abab0ac57c] [SpanId: SPN-7b595c78-73b4-4289-809c-7d1e911be44b] [DynLevel: ] - Executing prepared SQL statement [SELECT COUNT(*)
FROM BATCH_JOB_EXECUTION JE
	JOIN BATCH_STEP_EXECUTION SE ON SE.JOB_EXECUTION_ID = JE.JOB_EXECUTION_ID
WHERE JE.JOB_INSTANCE_ID = ? AND SE.STEP_NAME = ?
]
[2026-06-18 17:03:33.733] [http-nio-18099-exec-3] DEBUG o.s.jdbc.core.JdbcTemplate [TranId: 20260618170333669CMNlocal010000003] [BizTranId: XYZ13EDU0002] [TraceId: 10cbc965-cea7-45b1-98ba-60abab0ac57c] [SpanId: SPN-7b595c78-73b4-4289-809c-7d1e911be44b] [DynLevel: ] - Executing prepared SQL update
[2026-06-18 17:03:33.734] [http-nio-18099-exec-3] DEBUG o.s.jdbc.core.JdbcTemplate [TranId: 20260618170333669CMNlocal010000003] [BizTranId: XYZ13EDU0002] [TraceId: 10cbc965-cea7-45b1-98ba-60abab0ac57c] [SpanId: SPN-7b595c78-73b4-4289-809c-7d1e911be44b] [DynLevel: ] - Executing prepared SQL statement [INSERT INTO BATCH_STEP_EXECUTION(STEP_EXECUTION_ID, VERSION, STEP_NAME, JOB_EXECUTION_ID, START_TIME, END_TIME, STATUS, COMMIT_COUNT, READ_COUNT, FILTER_COUNT, WRITE_COUNT, EXIT_CODE, EXIT_MESSAGE, READ_SKIP_COUNT, WRITE_SKIP_COUNT, PROCESS_SKIP_COUNT, ROLLBACK_COUNT, LAST_UPDATED, CREATE_TIME)
	VALUES (?, ?, ?, ?, ?, ?, ?, ?, ?, ?, ?, ?, ?, ?, ?, ?, ?, ?, ?)
]
[2026-06-18 17:03:33.736] [http-nio-18099-exec-3] DEBUG o.s.jdbc.core.JdbcTemplate [TranId: 20260618170333669CMNlocal010000003] [BizTranId: XYZ13EDU0002] [TraceId: 10cbc965-cea7-45b1-98ba-60abab0ac57c] [SpanId: SPN-7b595c78-73b4-4289-809c-7d1e911be44b] [DynLevel: ] - Executing prepared SQL update
[2026-06-18 17:03:33.737] [http-nio-18099-exec-3] DEBUG o.s.jdbc.core.JdbcTemplate [TranId: 20260618170333669CMNlocal010000003] [BizTranId: XYZ13EDU0002] [TraceId: 10cbc965-cea7-45b1-98ba-60abab0ac57c] [SpanId: SPN-7b595c78-73b4-4289-809c-7d1e911be44b] [DynLevel: ] - Executing prepared SQL statement [INSERT INTO BATCH_STEP_EXECUTION_CONTEXT (SHORT_CONTEXT, SERIALIZED_CONTEXT, STEP_EXECUTION_ID)
	VALUES(?, ?, ?)
]
[2026-06-18 17:03:33.739] [http-nio-18099-exec-3] INFO  o.s.batch.core.job.SimpleStepHandler [TranId: 20260618170333669CMNlocal010000003] [BizTranId: XYZ13EDU0002] [TraceId: 10cbc965-cea7-45b1-98ba-60abab0ac57c] [SpanId: SPN-7b595c78-73b4-4289-809c-7d1e911be44b] [DynLevel: ] - Executing step: [CPF_EDU_CHUNK_STEP]
[2026-06-18 17:03:33.740] [http-nio-18099-exec-3] DEBUG o.s.jdbc.core.JdbcTemplate [TranId: 20260618170333669CMNlocal010000003] [BizTranId: XYZ13EDU0002] [TraceId: 10cbc965-cea7-45b1-98ba-60abab0ac57c] [SpanId: SPN-7b595c78-73b4-4289-809c-7d1e911be44b] [DynLevel: ] - Executing prepared SQL update
[2026-06-18 17:03:33.742] [http-nio-18099-exec-3] DEBUG o.s.jdbc.core.JdbcTemplate [TranId: 20260618170333669CMNlocal010000003] [BizTranId: XYZ13EDU0002] [TraceId: 10cbc965-cea7-45b1-98ba-60abab0ac57c] [SpanId: SPN-7b595c78-73b4-4289-809c-7d1e911be44b] [DynLevel: ] - Executing prepared SQL statement [UPDATE BATCH_STEP_EXECUTION
SET START_TIME = ?, END_TIME = ?, STATUS = ?, COMMIT_COUNT = ?, READ_COUNT = ?, FILTER_COUNT = ?, WRITE_COUNT = ?, EXIT_CODE = ?, EXIT_MESSAGE = ?, VERSION = VERSION + 1, READ_SKIP_COUNT = ?, PROCESS_SKIP_COUNT = ?, WRITE_SKIP_COUNT = ?, ROLLBACK_COUNT = ?, LAST_UPDATED = ?
WHERE STEP_EXECUTION_ID = ? AND VERSION = ?
]
[2026-06-18 17:03:33.744] [http-nio-18099-exec-3] DEBUG o.s.jdbc.core.JdbcTemplate [TranId: 20260618170333669CMNlocal010000003] [BizTranId: XYZ13EDU0002] [TraceId: 10cbc965-cea7-45b1-98ba-60abab0ac57c] [SpanId: SPN-7b595c78-73b4-4289-809c-7d1e911be44b] [DynLevel: ] - Executing prepared SQL query
[2026-06-18 17:03:33.745] [http-nio-18099-exec-3] DEBUG o.s.jdbc.core.JdbcTemplate [TranId: 20260618170333669CMNlocal010000003] [BizTranId: XYZ13EDU0002] [TraceId: 10cbc965-cea7-45b1-98ba-60abab0ac57c] [SpanId: SPN-7b595c78-73b4-4289-809c-7d1e911be44b] [DynLevel: ] - Executing prepared SQL statement [SELECT VERSION
FROM BATCH_JOB_EXECUTION
WHERE JOB_EXECUTION_ID=?
]
[2026-06-18 17:03:33.748] [http-nio-18099-exec-3] DEBUG o.s.jdbc.core.JdbcTemplate [TranId: 20260618170333669CMNlocal010000003] [BizTranId: XYZ13EDU0002] [TraceId: 10cbc965-cea7-45b1-98ba-60abab0ac57c] [SpanId: SPN-7b595c78-73b4-4289-809c-7d1e911be44b] [DynLevel: ] - Executing prepared SQL update
[2026-06-18 17:03:33.749] [http-nio-18099-exec-3] DEBUG o.s.jdbc.core.JdbcTemplate [TranId: 20260618170333669CMNlocal010000003] [BizTranId: XYZ13EDU0002] [TraceId: 10cbc965-cea7-45b1-98ba-60abab0ac57c] [SpanId: SPN-7b595c78-73b4-4289-809c-7d1e911be44b] [DynLevel: ] - Executing prepared SQL statement [UPDATE BATCH_STEP_EXECUTION_CONTEXT
SET SHORT_CONTEXT = ?, SERIALIZED_CONTEXT = ?
WHERE STEP_EXECUTION_ID = ?
]
[2026-06-18 17:03:33.762] [http-nio-18099-exec-3] INFO  c.x.e.config.XyzBatchEducationConfig [TranId: 20260618170333669CMNlocal010000003] [BizTranId: XYZ13EDU0002] [TraceId: 10cbc965-cea7-45b1-98ba-60abab0ac57c] [SpanId: SPN-7b595c78-73b4-4289-809c-7d1e911be44b] [DynLevel: ] - CPF EDU Chunk 배치 기록. items=[회원-001, 회원-002, 회원-003, 회원-004, 회원-005]
[2026-06-18 17:03:33.764] [http-nio-18099-exec-3] DEBUG o.s.jdbc.core.JdbcTemplate [TranId: 20260618170333669CMNlocal010000003] [BizTranId: XYZ13EDU0002] [TraceId: 10cbc965-cea7-45b1-98ba-60abab0ac57c] [SpanId: SPN-7b595c78-73b4-4289-809c-7d1e911be44b] [DynLevel: ] - Executing prepared SQL update
[2026-06-18 17:03:33.764] [http-nio-18099-exec-3] DEBUG o.s.jdbc.core.JdbcTemplate [TranId: 20260618170333669CMNlocal010000003] [BizTranId: XYZ13EDU0002] [TraceId: 10cbc965-cea7-45b1-98ba-60abab0ac57c] [SpanId: SPN-7b595c78-73b4-4289-809c-7d1e911be44b] [DynLevel: ] - Executing prepared SQL statement [UPDATE BATCH_STEP_EXECUTION_CONTEXT
SET SHORT_CONTEXT = ?, SERIALIZED_CONTEXT = ?
WHERE STEP_EXECUTION_ID = ?
]
[2026-06-18 17:03:33.766] [http-nio-18099-exec-3] DEBUG o.s.jdbc.core.JdbcTemplate [TranId: 20260618170333669CMNlocal010000003] [BizTranId: XYZ13EDU0002] [TraceId: 10cbc965-cea7-45b1-98ba-60abab0ac57c] [SpanId: SPN-7b595c78-73b4-4289-809c-7d1e911be44b] [DynLevel: ] - Executing prepared SQL update
[2026-06-18 17:03:33.767] [http-nio-18099-exec-3] DEBUG o.s.jdbc.core.JdbcTemplate [TranId: 20260618170333669CMNlocal010000003] [BizTranId: XYZ13EDU0002] [TraceId: 10cbc965-cea7-45b1-98ba-60abab0ac57c] [SpanId: SPN-7b595c78-73b4-4289-809c-7d1e911be44b] [DynLevel: ] - Executing prepared SQL statement [UPDATE BATCH_STEP_EXECUTION
SET START_TIME = ?, END_TIME = ?, STATUS = ?, COMMIT_COUNT = ?, READ_COUNT = ?, FILTER_COUNT = ?, WRITE_COUNT = ?, EXIT_CODE = ?, EXIT_MESSAGE = ?, VERSION = VERSION + 1, READ_SKIP_COUNT = ?, PROCESS_SKIP_COUNT = ?, WRITE_SKIP_COUNT = ?, ROLLBACK_COUNT = ?, LAST_UPDATED = ?
WHERE STEP_EXECUTION_ID = ? AND VERSION = ?
]
[2026-06-18 17:03:33.769] [http-nio-18099-exec-3] DEBUG o.s.jdbc.core.JdbcTemplate [TranId: 20260618170333669CMNlocal010000003] [BizTranId: XYZ13EDU0002] [TraceId: 10cbc965-cea7-45b1-98ba-60abab0ac57c] [SpanId: SPN-7b595c78-73b4-4289-809c-7d1e911be44b] [DynLevel: ] - Executing prepared SQL query
[2026-06-18 17:03:33.770] [http-nio-18099-exec-3] DEBUG o.s.jdbc.core.JdbcTemplate [TranId: 20260618170333669CMNlocal010000003] [BizTranId: XYZ13EDU0002] [TraceId: 10cbc965-cea7-45b1-98ba-60abab0ac57c] [SpanId: SPN-7b595c78-73b4-4289-809c-7d1e911be44b] [DynLevel: ] - Executing prepared SQL statement [SELECT VERSION
FROM BATCH_JOB_EXECUTION
WHERE JOB_EXECUTION_ID=?
]
[2026-06-18 17:03:33.774] [http-nio-18099-exec-3] INFO  c.x.e.config.XyzBatchEducationConfig [TranId: 20260618170333669CMNlocal010000003] [BizTranId: XYZ13EDU0002] [TraceId: 10cbc965-cea7-45b1-98ba-60abab0ac57c] [SpanId: SPN-7b595c78-73b4-4289-809c-7d1e911be44b] [DynLevel: ] - CPF EDU Chunk 배치 기록. items=[회원-006, 회원-007, 회원-008, 회원-009, 회원-010]
[2026-06-18 17:03:33.776] [http-nio-18099-exec-3] DEBUG o.s.jdbc.core.JdbcTemplate [TranId: 20260618170333669CMNlocal010000003] [BizTranId: XYZ13EDU0002] [TraceId: 10cbc965-cea7-45b1-98ba-60abab0ac57c] [SpanId: SPN-7b595c78-73b4-4289-809c-7d1e911be44b] [DynLevel: ] - Executing prepared SQL update
[2026-06-18 17:03:33.777] [http-nio-18099-exec-3] DEBUG o.s.jdbc.core.JdbcTemplate [TranId: 20260618170333669CMNlocal010000003] [BizTranId: XYZ13EDU0002] [TraceId: 10cbc965-cea7-45b1-98ba-60abab0ac57c] [SpanId: SPN-7b595c78-73b4-4289-809c-7d1e911be44b] [DynLevel: ] - Executing prepared SQL statement [UPDATE BATCH_STEP_EXECUTION_CONTEXT
SET SHORT_CONTEXT = ?, SERIALIZED_CONTEXT = ?
WHERE STEP_EXECUTION_ID = ?
]
[2026-06-18 17:03:33.778] [http-nio-18099-exec-3] DEBUG o.s.jdbc.core.JdbcTemplate [TranId: 20260618170333669CMNlocal010000003] [BizTranId: XYZ13EDU0002] [TraceId: 10cbc965-cea7-45b1-98ba-60abab0ac57c] [SpanId: SPN-7b595c78-73b4-4289-809c-7d1e911be44b] [DynLevel: ] - Executing prepared SQL update
[2026-06-18 17:03:33.778] [http-nio-18099-exec-3] DEBUG o.s.jdbc.core.JdbcTemplate [TranId: 20260618170333669CMNlocal010000003] [BizTranId: XYZ13EDU0002] [TraceId: 10cbc965-cea7-45b1-98ba-60abab0ac57c] [SpanId: SPN-7b595c78-73b4-4289-809c-7d1e911be44b] [DynLevel: ] - Executing prepared SQL statement [UPDATE BATCH_STEP_EXECUTION
SET START_TIME = ?, END_TIME = ?, STATUS = ?, COMMIT_COUNT = ?, READ_COUNT = ?, FILTER_COUNT = ?, WRITE_COUNT = ?, EXIT_CODE = ?, EXIT_MESSAGE = ?, VERSION = VERSION + 1, READ_SKIP_COUNT = ?, PROCESS_SKIP_COUNT = ?, WRITE_SKIP_COUNT = ?, ROLLBACK_COUNT = ?, LAST_UPDATED = ?
WHERE STEP_EXECUTION_ID = ? AND VERSION = ?
]
[2026-06-18 17:03:33.779] [http-nio-18099-exec-3] DEBUG o.s.jdbc.core.JdbcTemplate [TranId: 20260618170333669CMNlocal010000003] [BizTranId: XYZ13EDU0002] [TraceId: 10cbc965-cea7-45b1-98ba-60abab0ac57c] [SpanId: SPN-7b595c78-73b4-4289-809c-7d1e911be44b] [DynLevel: ] - Executing prepared SQL query
[2026-06-18 17:03:33.780] [http-nio-18099-exec-3] DEBUG o.s.jdbc.core.JdbcTemplate [TranId: 20260618170333669CMNlocal010000003] [BizTranId: XYZ13EDU0002] [TraceId: 10cbc965-cea7-45b1-98ba-60abab0ac57c] [SpanId: SPN-7b595c78-73b4-4289-809c-7d1e911be44b] [DynLevel: ] - Executing prepared SQL statement [SELECT VERSION
FROM BATCH_JOB_EXECUTION
WHERE JOB_EXECUTION_ID=?
]
[2026-06-18 17:03:33.783] [http-nio-18099-exec-3] INFO  c.x.e.config.XyzBatchEducationConfig [TranId: 20260618170333669CMNlocal010000003] [BizTranId: XYZ13EDU0002] [TraceId: 10cbc965-cea7-45b1-98ba-60abab0ac57c] [SpanId: SPN-7b595c78-73b4-4289-809c-7d1e911be44b] [DynLevel: ] - CPF EDU Chunk 배치 기록. items=[회원-011, 회원-012, 회원-013, 회원-014, 회원-015]
[2026-06-18 17:03:33.785] [http-nio-18099-exec-3] DEBUG o.s.jdbc.core.JdbcTemplate [TranId: 20260618170333669CMNlocal010000003] [BizTranId: XYZ13EDU0002] [TraceId: 10cbc965-cea7-45b1-98ba-60abab0ac57c] [SpanId: SPN-7b595c78-73b4-4289-809c-7d1e911be44b] [DynLevel: ] - Executing prepared SQL update
[2026-06-18 17:03:33.786] [http-nio-18099-exec-3] DEBUG o.s.jdbc.core.JdbcTemplate [TranId: 20260618170333669CMNlocal010000003] [BizTranId: XYZ13EDU0002] [TraceId: 10cbc965-cea7-45b1-98ba-60abab0ac57c] [SpanId: SPN-7b595c78-73b4-4289-809c-7d1e911be44b] [DynLevel: ] - Executing prepared SQL statement [UPDATE BATCH_STEP_EXECUTION_CONTEXT
SET SHORT_CONTEXT = ?, SERIALIZED_CONTEXT = ?
WHERE STEP_EXECUTION_ID = ?
]
[2026-06-18 17:03:33.788] [http-nio-18099-exec-3] DEBUG o.s.jdbc.core.JdbcTemplate [TranId: 20260618170333669CMNlocal010000003] [BizTranId: XYZ13EDU0002] [TraceId: 10cbc965-cea7-45b1-98ba-60abab0ac57c] [SpanId: SPN-7b595c78-73b4-4289-809c-7d1e911be44b] [DynLevel: ] - Executing prepared SQL update
[2026-06-18 17:03:33.789] [http-nio-18099-exec-3] DEBUG o.s.jdbc.core.JdbcTemplate [TranId: 20260618170333669CMNlocal010000003] [BizTranId: XYZ13EDU0002] [TraceId: 10cbc965-cea7-45b1-98ba-60abab0ac57c] [SpanId: SPN-7b595c78-73b4-4289-809c-7d1e911be44b] [DynLevel: ] - Executing prepared SQL statement [UPDATE BATCH_STEP_EXECUTION
SET START_TIME = ?, END_TIME = ?, STATUS = ?, COMMIT_COUNT = ?, READ_COUNT = ?, FILTER_COUNT = ?, WRITE_COUNT = ?, EXIT_CODE = ?, EXIT_MESSAGE = ?, VERSION = VERSION + 1, READ_SKIP_COUNT = ?, PROCESS_SKIP_COUNT = ?, WRITE_SKIP_COUNT = ?, ROLLBACK_COUNT = ?, LAST_UPDATED = ?
WHERE STEP_EXECUTION_ID = ? AND VERSION = ?
]
[2026-06-18 17:03:33.791] [http-nio-18099-exec-3] DEBUG o.s.jdbc.core.JdbcTemplate [TranId: 20260618170333669CMNlocal010000003] [BizTranId: XYZ13EDU0002] [TraceId: 10cbc965-cea7-45b1-98ba-60abab0ac57c] [SpanId: SPN-7b595c78-73b4-4289-809c-7d1e911be44b] [DynLevel: ] - Executing prepared SQL query
[2026-06-18 17:03:33.791] [http-nio-18099-exec-3] DEBUG o.s.jdbc.core.JdbcTemplate [TranId: 20260618170333669CMNlocal010000003] [BizTranId: XYZ13EDU0002] [TraceId: 10cbc965-cea7-45b1-98ba-60abab0ac57c] [SpanId: SPN-7b595c78-73b4-4289-809c-7d1e911be44b] [DynLevel: ] - Executing prepared SQL statement [SELECT VERSION
FROM BATCH_JOB_EXECUTION
WHERE JOB_EXECUTION_ID=?
]
[2026-06-18 17:03:33.794] [http-nio-18099-exec-3] INFO  c.x.e.config.XyzBatchEducationConfig [TranId: 20260618170333669CMNlocal010000003] [BizTranId: XYZ13EDU0002] [TraceId: 10cbc965-cea7-45b1-98ba-60abab0ac57c] [SpanId: SPN-7b595c78-73b4-4289-809c-7d1e911be44b] [DynLevel: ] - CPF EDU Chunk 배치 기록. items=[회원-016, 회원-017, 회원-018, 회원-019, 회원-020]
[2026-06-18 17:03:33.797] [http-nio-18099-exec-3] DEBUG o.s.jdbc.core.JdbcTemplate [TranId: 20260618170333669CMNlocal010000003] [BizTranId: XYZ13EDU0002] [TraceId: 10cbc965-cea7-45b1-98ba-60abab0ac57c] [SpanId: SPN-7b595c78-73b4-4289-809c-7d1e911be44b] [DynLevel: ] - Executing prepared SQL update
[2026-06-18 17:03:33.797] [http-nio-18099-exec-3] DEBUG o.s.jdbc.core.JdbcTemplate [TranId: 20260618170333669CMNlocal010000003] [BizTranId: XYZ13EDU0002] [TraceId: 10cbc965-cea7-45b1-98ba-60abab0ac57c] [SpanId: SPN-7b595c78-73b4-4289-809c-7d1e911be44b] [DynLevel: ] - Executing prepared SQL statement [UPDATE BATCH_STEP_EXECUTION_CONTEXT
SET SHORT_CONTEXT = ?, SERIALIZED_CONTEXT = ?
WHERE STEP_EXECUTION_ID = ?
]
[2026-06-18 17:03:33.799] [http-nio-18099-exec-3] DEBUG o.s.jdbc.core.JdbcTemplate [TranId: 20260618170333669CMNlocal010000003] [BizTranId: XYZ13EDU0002] [TraceId: 10cbc965-cea7-45b1-98ba-60abab0ac57c] [SpanId: SPN-7b595c78-73b4-4289-809c-7d1e911be44b] [DynLevel: ] - Executing prepared SQL update
[2026-06-18 17:03:33.800] [http-nio-18099-exec-3] DEBUG o.s.jdbc.core.JdbcTemplate [TranId: 20260618170333669CMNlocal010000003] [BizTranId: XYZ13EDU0002] [TraceId: 10cbc965-cea7-45b1-98ba-60abab0ac57c] [SpanId: SPN-7b595c78-73b4-4289-809c-7d1e911be44b] [DynLevel: ] - Executing prepared SQL statement [UPDATE BATCH_STEP_EXECUTION
SET START_TIME = ?, END_TIME = ?, STATUS = ?, COMMIT_COUNT = ?, READ_COUNT = ?, FILTER_COUNT = ?, WRITE_COUNT = ?, EXIT_CODE = ?, EXIT_MESSAGE = ?, VERSION = VERSION + 1, READ_SKIP_COUNT = ?, PROCESS_SKIP_COUNT = ?, WRITE_SKIP_COUNT = ?, ROLLBACK_COUNT = ?, LAST_UPDATED = ?
WHERE STEP_EXECUTION_ID = ? AND VERSION = ?
]
[2026-06-18 17:03:33.802] [http-nio-18099-exec-3] DEBUG o.s.jdbc.core.JdbcTemplate [TranId: 20260618170333669CMNlocal010000003] [BizTranId: XYZ13EDU0002] [TraceId: 10cbc965-cea7-45b1-98ba-60abab0ac57c] [SpanId: SPN-7b595c78-73b4-4289-809c-7d1e911be44b] [DynLevel: ] - Executing prepared SQL query
[2026-06-18 17:03:33.803] [http-nio-18099-exec-3] DEBUG o.s.jdbc.core.JdbcTemplate [TranId: 20260618170333669CMNlocal010000003] [BizTranId: XYZ13EDU0002] [TraceId: 10cbc965-cea7-45b1-98ba-60abab0ac57c] [SpanId: SPN-7b595c78-73b4-4289-809c-7d1e911be44b] [DynLevel: ] - Executing prepared SQL statement [SELECT VERSION
FROM BATCH_JOB_EXECUTION
WHERE JOB_EXECUTION_ID=?
]
[2026-06-18 17:03:33.807] [http-nio-18099-exec-3] INFO  c.x.e.config.XyzBatchEducationConfig [TranId: 20260618170333669CMNlocal010000003] [BizTranId: XYZ13EDU0002] [TraceId: 10cbc965-cea7-45b1-98ba-60abab0ac57c] [SpanId: SPN-7b595c78-73b4-4289-809c-7d1e911be44b] [DynLevel: ] - CPF EDU Chunk 배치 기록. items=[회원-021, 회원-022, 회원-023, 회원-024, 회원-025]
[2026-06-18 17:03:33.809] [http-nio-18099-exec-3] DEBUG o.s.jdbc.core.JdbcTemplate [TranId: 20260618170333669CMNlocal010000003] [BizTranId: XYZ13EDU0002] [TraceId: 10cbc965-cea7-45b1-98ba-60abab0ac57c] [SpanId: SPN-7b595c78-73b4-4289-809c-7d1e911be44b] [DynLevel: ] - Executing prepared SQL update
[2026-06-18 17:03:33.810] [http-nio-18099-exec-3] DEBUG o.s.jdbc.core.JdbcTemplate [TranId: 20260618170333669CMNlocal010000003] [BizTranId: XYZ13EDU0002] [TraceId: 10cbc965-cea7-45b1-98ba-60abab0ac57c] [SpanId: SPN-7b595c78-73b4-4289-809c-7d1e911be44b] [DynLevel: ] - Executing prepared SQL statement [UPDATE BATCH_STEP_EXECUTION_CONTEXT
SET SHORT_CONTEXT = ?, SERIALIZED_CONTEXT = ?
WHERE STEP_EXECUTION_ID = ?
]
[2026-06-18 17:03:33.811] [http-nio-18099-exec-3] DEBUG o.s.jdbc.core.JdbcTemplate [TranId: 20260618170333669CMNlocal010000003] [BizTranId: XYZ13EDU0002] [TraceId: 10cbc965-cea7-45b1-98ba-60abab0ac57c] [SpanId: SPN-7b595c78-73b4-4289-809c-7d1e911be44b] [DynLevel: ] - Executing prepared SQL update
[2026-06-18 17:03:33.812] [http-nio-18099-exec-3] DEBUG o.s.jdbc.core.JdbcTemplate [TranId: 20260618170333669CMNlocal010000003] [BizTranId: XYZ13EDU0002] [TraceId: 10cbc965-cea7-45b1-98ba-60abab0ac57c] [SpanId: SPN-7b595c78-73b4-4289-809c-7d1e911be44b] [DynLevel: ] - Executing prepared SQL statement [UPDATE BATCH_STEP_EXECUTION
SET START_TIME = ?, END_TIME = ?, STATUS = ?, COMMIT_COUNT = ?, READ_COUNT = ?, FILTER_COUNT = ?, WRITE_COUNT = ?, EXIT_CODE = ?, EXIT_MESSAGE = ?, VERSION = VERSION + 1, READ_SKIP_COUNT = ?, PROCESS_SKIP_COUNT = ?, WRITE_SKIP_COUNT = ?, ROLLBACK_COUNT = ?, LAST_UPDATED = ?
WHERE STEP_EXECUTION_ID = ? AND VERSION = ?
]
[2026-06-18 17:03:33.815] [http-nio-18099-exec-3] DEBUG o.s.jdbc.core.JdbcTemplate [TranId: 20260618170333669CMNlocal010000003] [BizTranId: XYZ13EDU0002] [TraceId: 10cbc965-cea7-45b1-98ba-60abab0ac57c] [SpanId: SPN-7b595c78-73b4-4289-809c-7d1e911be44b] [DynLevel: ] - Executing prepared SQL query
[2026-06-18 17:03:33.816] [http-nio-18099-exec-3] DEBUG o.s.jdbc.core.JdbcTemplate [TranId: 20260618170333669CMNlocal010000003] [BizTranId: XYZ13EDU0002] [TraceId: 10cbc965-cea7-45b1-98ba-60abab0ac57c] [SpanId: SPN-7b595c78-73b4-4289-809c-7d1e911be44b] [DynLevel: ] - Executing prepared SQL statement [SELECT VERSION
FROM BATCH_JOB_EXECUTION
WHERE JOB_EXECUTION_ID=?
]
[2026-06-18 17:03:33.821] [http-nio-18099-exec-3] DEBUG o.s.jdbc.core.JdbcTemplate [TranId: 20260618170333669CMNlocal010000003] [BizTranId: XYZ13EDU0002] [TraceId: 10cbc965-cea7-45b1-98ba-60abab0ac57c] [SpanId: SPN-7b595c78-73b4-4289-809c-7d1e911be44b] [DynLevel: ] - Executing prepared SQL update
[2026-06-18 17:03:33.822] [http-nio-18099-exec-3] DEBUG o.s.jdbc.core.JdbcTemplate [TranId: 20260618170333669CMNlocal010000003] [BizTranId: XYZ13EDU0002] [TraceId: 10cbc965-cea7-45b1-98ba-60abab0ac57c] [SpanId: SPN-7b595c78-73b4-4289-809c-7d1e911be44b] [DynLevel: ] - Executing prepared SQL statement [UPDATE BATCH_STEP_EXECUTION_CONTEXT
SET SHORT_CONTEXT = ?, SERIALIZED_CONTEXT = ?
WHERE STEP_EXECUTION_ID = ?
]
[2026-06-18 17:03:33.823] [http-nio-18099-exec-3] DEBUG o.s.jdbc.core.JdbcTemplate [TranId: 20260618170333669CMNlocal010000003] [BizTranId: XYZ13EDU0002] [TraceId: 10cbc965-cea7-45b1-98ba-60abab0ac57c] [SpanId: SPN-7b595c78-73b4-4289-809c-7d1e911be44b] [DynLevel: ] - Executing prepared SQL update
[2026-06-18 17:03:33.824] [http-nio-18099-exec-3] DEBUG o.s.jdbc.core.JdbcTemplate [TranId: 20260618170333669CMNlocal010000003] [BizTranId: XYZ13EDU0002] [TraceId: 10cbc965-cea7-45b1-98ba-60abab0ac57c] [SpanId: SPN-7b595c78-73b4-4289-809c-7d1e911be44b] [DynLevel: ] - Executing prepared SQL statement [UPDATE BATCH_STEP_EXECUTION
SET START_TIME = ?, END_TIME = ?, STATUS = ?, COMMIT_COUNT = ?, READ_COUNT = ?, FILTER_COUNT = ?, WRITE_COUNT = ?, EXIT_CODE = ?, EXIT_MESSAGE = ?, VERSION = VERSION + 1, READ_SKIP_COUNT = ?, PROCESS_SKIP_COUNT = ?, WRITE_SKIP_COUNT = ?, ROLLBACK_COUNT = ?, LAST_UPDATED = ?
WHERE STEP_EXECUTION_ID = ? AND VERSION = ?
]
[2026-06-18 17:03:33.825] [http-nio-18099-exec-3] DEBUG o.s.jdbc.core.JdbcTemplate [TranId: 20260618170333669CMNlocal010000003] [BizTranId: XYZ13EDU0002] [TraceId: 10cbc965-cea7-45b1-98ba-60abab0ac57c] [SpanId: SPN-7b595c78-73b4-4289-809c-7d1e911be44b] [DynLevel: ] - Executing prepared SQL query
[2026-06-18 17:03:33.826] [http-nio-18099-exec-3] DEBUG o.s.jdbc.core.JdbcTemplate [TranId: 20260618170333669CMNlocal010000003] [BizTranId: XYZ13EDU0002] [TraceId: 10cbc965-cea7-45b1-98ba-60abab0ac57c] [SpanId: SPN-7b595c78-73b4-4289-809c-7d1e911be44b] [DynLevel: ] - Executing prepared SQL statement [SELECT VERSION
FROM BATCH_JOB_EXECUTION
WHERE JOB_EXECUTION_ID=?
]
[2026-06-18 17:03:33.828] [http-nio-18099-exec-3] INFO  o.s.batch.core.step.AbstractStep [TranId: 20260618170333669CMNlocal010000003] [BizTranId: XYZ13EDU0002] [TraceId: 10cbc965-cea7-45b1-98ba-60abab0ac57c] [SpanId: SPN-7b595c78-73b4-4289-809c-7d1e911be44b] [DynLevel: ] - Step: [CPF_EDU_CHUNK_STEP] executed in 87ms
[2026-06-18 17:03:33.829] [http-nio-18099-exec-3] DEBUG o.s.jdbc.core.JdbcTemplate [TranId: 20260618170333669CMNlocal010000003] [BizTranId: XYZ13EDU0002] [TraceId: 10cbc965-cea7-45b1-98ba-60abab0ac57c] [SpanId: SPN-7b595c78-73b4-4289-809c-7d1e911be44b] [DynLevel: ] - Executing prepared SQL update
[2026-06-18 17:03:33.830] [http-nio-18099-exec-3] DEBUG o.s.jdbc.core.JdbcTemplate [TranId: 20260618170333669CMNlocal010000003] [BizTranId: XYZ13EDU0002] [TraceId: 10cbc965-cea7-45b1-98ba-60abab0ac57c] [SpanId: SPN-7b595c78-73b4-4289-809c-7d1e911be44b] [DynLevel: ] - Executing prepared SQL statement [UPDATE BATCH_STEP_EXECUTION_CONTEXT
SET SHORT_CONTEXT = ?, SERIALIZED_CONTEXT = ?
WHERE STEP_EXECUTION_ID = ?
]
[2026-06-18 17:03:33.833] [http-nio-18099-exec-3] DEBUG o.s.jdbc.core.JdbcTemplate [TranId: 20260618170333669CMNlocal010000003] [BizTranId: XYZ13EDU0002] [TraceId: 10cbc965-cea7-45b1-98ba-60abab0ac57c] [SpanId: SPN-7b595c78-73b4-4289-809c-7d1e911be44b] [DynLevel: ] - Executing prepared SQL update
[2026-06-18 17:03:33.834] [http-nio-18099-exec-3] DEBUG o.s.jdbc.core.JdbcTemplate [TranId: 20260618170333669CMNlocal010000003] [BizTranId: XYZ13EDU0002] [TraceId: 10cbc965-cea7-45b1-98ba-60abab0ac57c] [SpanId: SPN-7b595c78-73b4-4289-809c-7d1e911be44b] [DynLevel: ] - Executing prepared SQL statement [UPDATE BATCH_STEP_EXECUTION
SET START_TIME = ?, END_TIME = ?, STATUS = ?, COMMIT_COUNT = ?, READ_COUNT = ?, FILTER_COUNT = ?, WRITE_COUNT = ?, EXIT_CODE = ?, EXIT_MESSAGE = ?, VERSION = VERSION + 1, READ_SKIP_COUNT = ?, PROCESS_SKIP_COUNT = ?, WRITE_SKIP_COUNT = ?, ROLLBACK_COUNT = ?, LAST_UPDATED = ?
WHERE STEP_EXECUTION_ID = ? AND VERSION = ?
]
[2026-06-18 17:03:33.835] [http-nio-18099-exec-3] DEBUG o.s.jdbc.core.JdbcTemplate [TranId: 20260618170333669CMNlocal010000003] [BizTranId: XYZ13EDU0002] [TraceId: 10cbc965-cea7-45b1-98ba-60abab0ac57c] [SpanId: SPN-7b595c78-73b4-4289-809c-7d1e911be44b] [DynLevel: ] - Executing prepared SQL query
[2026-06-18 17:03:33.835] [http-nio-18099-exec-3] DEBUG o.s.jdbc.core.JdbcTemplate [TranId: 20260618170333669CMNlocal010000003] [BizTranId: XYZ13EDU0002] [TraceId: 10cbc965-cea7-45b1-98ba-60abab0ac57c] [SpanId: SPN-7b595c78-73b4-4289-809c-7d1e911be44b] [DynLevel: ] - Executing prepared SQL statement [SELECT VERSION
FROM BATCH_JOB_EXECUTION
WHERE JOB_EXECUTION_ID=?
]
[2026-06-18 17:03:33.838] [http-nio-18099-exec-3] DEBUG o.s.jdbc.core.JdbcTemplate [TranId: 20260618170333669CMNlocal010000003] [BizTranId: XYZ13EDU0002] [TraceId: 10cbc965-cea7-45b1-98ba-60abab0ac57c] [SpanId: SPN-7b595c78-73b4-4289-809c-7d1e911be44b] [DynLevel: ] - Executing prepared SQL update
[2026-06-18 17:03:33.839] [http-nio-18099-exec-3] DEBUG o.s.jdbc.core.JdbcTemplate [TranId: 20260618170333669CMNlocal010000003] [BizTranId: XYZ13EDU0002] [TraceId: 10cbc965-cea7-45b1-98ba-60abab0ac57c] [SpanId: SPN-7b595c78-73b4-4289-809c-7d1e911be44b] [DynLevel: ] - Executing prepared SQL statement [UPDATE BATCH_JOB_EXECUTION_CONTEXT
SET SHORT_CONTEXT = ?, SERIALIZED_CONTEXT = ?
WHERE JOB_EXECUTION_ID = ?
]
[2026-06-18 17:03:33.842] [http-nio-18099-exec-3] DEBUG o.s.jdbc.core.JdbcTemplate [TranId: 20260618170333669CMNlocal010000003] [BizTranId: XYZ13EDU0002] [TraceId: 10cbc965-cea7-45b1-98ba-60abab0ac57c] [SpanId: SPN-7b595c78-73b4-4289-809c-7d1e911be44b] [DynLevel: ] - Executing prepared SQL query
[2026-06-18 17:03:33.842] [http-nio-18099-exec-3] DEBUG o.s.jdbc.core.JdbcTemplate [TranId: 20260618170333669CMNlocal010000003] [BizTranId: XYZ13EDU0002] [TraceId: 10cbc965-cea7-45b1-98ba-60abab0ac57c] [SpanId: SPN-7b595c78-73b4-4289-809c-7d1e911be44b] [DynLevel: ] - Executing prepared SQL statement [SELECT VERSION
FROM BATCH_JOB_EXECUTION
WHERE JOB_EXECUTION_ID=?
]
[2026-06-18 17:03:33.843] [http-nio-18099-exec-3] DEBUG o.s.jdbc.core.JdbcTemplate [TranId: 20260618170333669CMNlocal010000003] [BizTranId: XYZ13EDU0002] [TraceId: 10cbc965-cea7-45b1-98ba-60abab0ac57c] [SpanId: SPN-7b595c78-73b4-4289-809c-7d1e911be44b] [DynLevel: ] - Executing prepared SQL query
[2026-06-18 17:03:33.844] [http-nio-18099-exec-3] DEBUG o.s.jdbc.core.JdbcTemplate [TranId: 20260618170333669CMNlocal010000003] [BizTranId: XYZ13EDU0002] [TraceId: 10cbc965-cea7-45b1-98ba-60abab0ac57c] [SpanId: SPN-7b595c78-73b4-4289-809c-7d1e911be44b] [DynLevel: ] - Executing prepared SQL statement [SELECT COUNT(*)
FROM BATCH_JOB_EXECUTION
WHERE JOB_EXECUTION_ID = ?
]
[2026-06-18 17:03:33.845] [http-nio-18099-exec-3] DEBUG o.s.jdbc.core.JdbcTemplate [TranId: 20260618170333669CMNlocal010000003] [BizTranId: XYZ13EDU0002] [TraceId: 10cbc965-cea7-45b1-98ba-60abab0ac57c] [SpanId: SPN-7b595c78-73b4-4289-809c-7d1e911be44b] [DynLevel: ] - Executing prepared SQL update
[2026-06-18 17:03:33.846] [http-nio-18099-exec-3] DEBUG o.s.jdbc.core.JdbcTemplate [TranId: 20260618170333669CMNlocal010000003] [BizTranId: XYZ13EDU0002] [TraceId: 10cbc965-cea7-45b1-98ba-60abab0ac57c] [SpanId: SPN-7b595c78-73b4-4289-809c-7d1e911be44b] [DynLevel: ] - Executing prepared SQL statement [UPDATE BATCH_JOB_EXECUTION
SET START_TIME = ?, END_TIME = ?,  STATUS = ?, EXIT_CODE = ?, EXIT_MESSAGE = ?, VERSION = VERSION + 1, CREATE_TIME = ?, LAST_UPDATED = ?
WHERE JOB_EXECUTION_ID = ? AND VERSION = ?
]
[2026-06-18 17:03:33.852] [http-nio-18099-exec-3] INFO  o.s.b.c.l.s.TaskExecutorJobLauncher [TranId: 20260618170333669CMNlocal010000003] [BizTranId: XYZ13EDU0002] [TraceId: 10cbc965-cea7-45b1-98ba-60abab0ac57c] [SpanId: SPN-7b595c78-73b4-4289-809c-7d1e911be44b] [DynLevel: ] - Job: [SimpleJob: [name=CPF_EDU_CHUNK_JOB]] completed with the following parameters: [{'requestTime':'{value=1781769813683, type=class java.lang.Long, identifying=true}','requestUser':'{value=STABILIZATION, type=class java.lang.String, identifying=true}'}] and the following status: [COMPLETED] in 127ms
[2026-06-18 17:03:33.853] [http-nio-18099-exec-3] DEBUG o.s.jdbc.core.JdbcTemplate [TranId: 20260618170333669CMNlocal010000003] [BizTranId: XYZ13EDU0002] [TraceId: 10cbc965-cea7-45b1-98ba-60abab0ac57c] [SpanId: SPN-7b595c78-73b4-4289-809c-7d1e911be44b] [DynLevel: ] - Executing prepared SQL update
[2026-06-18 17:03:33.853] [http-nio-18099-exec-3] DEBUG o.s.jdbc.core.JdbcTemplate [TranId: 20260618170333669CMNlocal010000003] [BizTranId: XYZ13EDU0002] [TraceId: 10cbc965-cea7-45b1-98ba-60abab0ac57c] [SpanId: SPN-7b595c78-73b4-4289-809c-7d1e911be44b] [DynLevel: ] - Executing prepared SQL statement [INSERT INTO pfw_batch_execution (
    job_id, schedule_id, job_parameters, execution_status, spring_batch_execution_id,
    batch_instance_id, start_time, end_time, read_count, write_count, skip_count,
    error_message, requested_by, created_by, updated_by
) VALUES (?, NULL, ?, ?, ?, 'local-batch-01', ?, ?, ?, ?, ?, ?, ?, ?, ?)
]
[2026-06-18 17:03:33.855] [http-nio-18099-exec-3] DEBUG o.s.jdbc.core.StatementCreatorUtils [TranId: 20260618170333669CMNlocal010000003] [BizTranId: XYZ13EDU0002] [TraceId: 10cbc965-cea7-45b1-98ba-60abab0ac57c] [SpanId: SPN-7b595c78-73b4-4289-809c-7d1e911be44b] [DynLevel: ] - JDBC getParameterType call failed - using fallback method instead: java.sql.SQLFeatureNotSupportedException: (conn=577) Getting parameter type metadata are not supported
[2026-06-18 17:03:33.857] [http-nio-18099-exec-3] DEBUG o.s.jdbc.core.JdbcTemplate [TranId: 20260618170333669CMNlocal010000003] [BizTranId: XYZ13EDU0002] [TraceId: 10cbc965-cea7-45b1-98ba-60abab0ac57c] [SpanId: SPN-7b595c78-73b4-4289-809c-7d1e911be44b] [DynLevel: ] - Executing SQL query [SELECT LAST_INSERT_ID()]
[2026-06-18 17:03:33.858] [http-nio-18099-exec-3] DEBUG o.s.jdbc.core.JdbcTemplate [TranId: 20260618170333669CMNlocal010000003] [BizTranId: XYZ13EDU0002] [TraceId: 10cbc965-cea7-45b1-98ba-60abab0ac57c] [SpanId: SPN-7b595c78-73b4-4289-809c-7d1e911be44b] [DynLevel: ] - Executing prepared SQL update
[2026-06-18 17:03:33.859] [http-nio-18099-exec-3] DEBUG o.s.jdbc.core.JdbcTemplate [TranId: 20260618170333669CMNlocal010000003] [BizTranId: XYZ13EDU0002] [TraceId: 10cbc965-cea7-45b1-98ba-60abab0ac57c] [SpanId: SPN-7b595c78-73b4-4289-809c-7d1e911be44b] [DynLevel: ] - Executing prepared SQL statement [INSERT INTO pfw_batch_step_execution (
    execution_id, step_name, execution_status, start_time, end_time,
    read_count, write_count, skip_count, error_message, step_log, created_by, updated_by
) VALUES (?, ?, ?, ?, ?, ?, ?, ?, ?, ?, ?, ?)
]
[2026-06-18 17:03:33.860] [http-nio-18099-exec-3] DEBUG o.s.jdbc.core.StatementCreatorUtils [TranId: 20260618170333669CMNlocal010000003] [BizTranId: XYZ13EDU0002] [TraceId: 10cbc965-cea7-45b1-98ba-60abab0ac57c] [SpanId: SPN-7b595c78-73b4-4289-809c-7d1e911be44b] [DynLevel: ] - JDBC getParameterType call failed - using fallback method instead: java.sql.SQLFeatureNotSupportedException: (conn=577) Getting parameter type metadata are not supported
[2026-06-18 17:03:33.864] [http-nio-18099-exec-3] INFO  c.pfw.common.logging.LoggingAspect [TranId: 20260618170333669CMNlocal010000003] [BizTranId: XYZ13EDU0002] [TraceId: 10cbc965-cea7-45b1-98ba-60abab0ac57c] [SpanId: SPN-7b595c78-73b4-4289-809c-7d1e911be44b] [DynLevel: ] - Transaction completed. transactionId=20260618170333669CMNlocal010000003, traceId=10cbc965-cea7-45b1-98ba-60abab0ac57c, spanId=SPN-7b595c78-73b4-4289-809c-7d1e911be44b, moduleId=CMN, sequenceNo=1, workflowStatus=NONE, compensationYn=N, httpStatus=200, responseCode=SCMN000000, messageCode=MCMN000000, durationMs=180
[2026-06-18 17:03:33.894] [http-nio-18099-exec-3] DEBUG o.s.w.s.m.m.a.HttpEntityMethodProcessor [TranId: 20260618170333669CMNlocal010000003] [BizTranId: XYZ13EDU0002] [TraceId: 10cbc965-cea7-45b1-98ba-60abab0ac57c] [SpanId: SPN-7b595c78-73b4-4289-809c-7d1e911be44b] [DynLevel: ] - Using 'application/json', given [*/*] and supported [application/json, application/*+json, application/yaml]
[2026-06-18 17:03:33.895] [http-nio-18099-exec-3] DEBUG o.s.w.s.m.m.a.HttpEntityMethodProcessor [TranId: 20260618170333669CMNlocal010000003] [BizTranId: XYZ13EDU0002] [TraceId: 10cbc965-cea7-45b1-98ba-60abab0ac57c] [SpanId: SPN-7b595c78-73b4-4289-809c-7d1e911be44b] [DynLevel: ] - Writing [{enabled=true, jobId=CPF_EDU_CHUNK_JOB, executionId=5, status=COMPLETED, exitStatus=COMPLETED, pfwBa (truncated)...]
[2026-06-18 17:03:33.897] [http-nio-18099-exec-3] DEBUG o.s.web.servlet.DispatcherServlet [TranId: 20260618170333669CMNlocal010000003] [BizTranId: XYZ13EDU0002] [TraceId: 10cbc965-cea7-45b1-98ba-60abab0ac57c] [SpanId: SPN-7b595c78-73b4-4289-809c-7d1e911be44b] [DynLevel: ] - Completed 200 OK
