[2026-06-18 15:34:21.466] [http-nio-8099-exec-3] DEBUG o.s.web.servlet.DispatcherServlet [TranId: 20260618153421465CMNlocal010000003] [BizTranId: ] [TraceId: 01af6f17-f04d-48aa-b7a2-9e648e64a244] [SpanId: SPN-c422b90a-c4d9-40fb-a16a-f65c6f9cf6c7] [DynLevel: ] - POST "/xyz/edu/batch/chunk/run?requestUser=STABILIZATION", parameters={masked}
[2026-06-18 15:34:21.470] [http-nio-8099-exec-3] DEBUG o.s.w.s.m.m.a.RequestMappingHandlerMapping [TranId: 20260618153421465CMNlocal010000003] [BizTranId: ] [TraceId: 01af6f17-f04d-48aa-b7a2-9e648e64a244] [SpanId: SPN-c422b90a-c4d9-40fb-a16a-f65c6f9cf6c7] [DynLevel: ] - Mapped to cpf.xyz.edu.controller.XyzBatchEducationController#runChunk(String)
[2026-06-18 15:34:21.472] [http-nio-8099-exec-3] INFO  c.pfw.common.logging.LoggingAspect [TranId: 20260618153421465CMNlocal010000003] [BizTranId: XYZ13EDU0002] [TraceId: 01af6f17-f04d-48aa-b7a2-9e648e64a244] [SpanId: SPN-c422b90a-c4d9-40fb-a16a-f65c6f9cf6c7] [DynLevel: ] - Transaction started. transactionId=20260618153421465CMNlocal010000003, businessTransactionId=XYZ13EDU0002, businessTransactionName=XYZBatchChunkRun, traceId=01af6f17-f04d-48aa-b7a2-9e648e64a244, spanId=SPN-c422b90a-c4d9-40fb-a16a-f65c6f9cf6c7, moduleId=CMN, sequenceNo=1, workflowInstanceId=None, workflowStepId=None, method=POST, uri=/xyz/edu/batch/chunk/run?requestUser=STABILIZATION, controller=XyzBatchEducationController.runChunk(..), executionClass=cpf.xyz.edu.controller.XyzBatchEducationController, executionMethod=runChunk, clientIp=127.0.0.1, parameters=requestUser=STABILIZATION, requestBody=[STABILIZATION]
[2026-06-18 15:34:21.473] [http-nio-8099-exec-3] DEBUG o.s.jdbc.core.JdbcTemplate [TranId: 20260618153421465CMNlocal010000003] [BizTranId: XYZ13EDU0002] [TraceId: 01af6f17-f04d-48aa-b7a2-9e648e64a244] [SpanId: SPN-c422b90a-c4d9-40fb-a16a-f65c6f9cf6c7] [DynLevel: ] - Executing prepared SQL query
[2026-06-18 15:34:21.473] [http-nio-8099-exec-3] DEBUG o.s.jdbc.core.JdbcTemplate [TranId: 20260618153421465CMNlocal010000003] [BizTranId: XYZ13EDU0002] [TraceId: 01af6f17-f04d-48aa-b7a2-9e648e64a244] [SpanId: SPN-c422b90a-c4d9-40fb-a16a-f65c6f9cf6c7] [DynLevel: ] - Executing prepared SQL statement [SELECT JOB_INSTANCE_ID, JOB_NAME
FROM BATCH_JOB_INSTANCE
WHERE JOB_NAME = ?
 AND JOB_KEY = ?]
[2026-06-18 15:34:21.475] [http-nio-8099-exec-3] DEBUG o.s.jdbc.core.JdbcTemplate [TranId: 20260618153421465CMNlocal010000003] [BizTranId: XYZ13EDU0002] [TraceId: 01af6f17-f04d-48aa-b7a2-9e648e64a244] [SpanId: SPN-c422b90a-c4d9-40fb-a16a-f65c6f9cf6c7] [DynLevel: ] - Executing prepared SQL query
[2026-06-18 15:34:21.476] [http-nio-8099-exec-3] DEBUG o.s.jdbc.core.JdbcTemplate [TranId: 20260618153421465CMNlocal010000003] [BizTranId: XYZ13EDU0002] [TraceId: 01af6f17-f04d-48aa-b7a2-9e648e64a244] [SpanId: SPN-c422b90a-c4d9-40fb-a16a-f65c6f9cf6c7] [DynLevel: ] - Executing prepared SQL statement [SELECT JOB_INSTANCE_ID, JOB_NAME
FROM BATCH_JOB_INSTANCE
WHERE JOB_NAME = ?
 AND JOB_KEY = ?]
[2026-06-18 15:34:21.476] [http-nio-8099-exec-3] DEBUG o.s.jdbc.core.JdbcTemplate [TranId: 20260618153421465CMNlocal010000003] [BizTranId: XYZ13EDU0002] [TraceId: 01af6f17-f04d-48aa-b7a2-9e648e64a244] [SpanId: SPN-c422b90a-c4d9-40fb-a16a-f65c6f9cf6c7] [DynLevel: ] - Executing prepared SQL query
[2026-06-18 15:34:21.477] [http-nio-8099-exec-3] DEBUG o.s.jdbc.core.JdbcTemplate [TranId: 20260618153421465CMNlocal010000003] [BizTranId: XYZ13EDU0002] [TraceId: 01af6f17-f04d-48aa-b7a2-9e648e64a244] [SpanId: SPN-c422b90a-c4d9-40fb-a16a-f65c6f9cf6c7] [DynLevel: ] - Executing prepared SQL statement [SELECT JOB_INSTANCE_ID, JOB_NAME
FROM BATCH_JOB_INSTANCE
WHERE JOB_NAME = ?
 AND JOB_KEY = ?]
[2026-06-18 15:34:21.477] [http-nio-8099-exec-3] WARN  o.m.jdbc.message.server.ErrorPacket [TranId: 20260618153421465CMNlocal010000003] [BizTranId: XYZ13EDU0002] [TraceId: 01af6f17-f04d-48aa-b7a2-9e648e64a244] [SpanId: SPN-c422b90a-c4d9-40fb-a16a-f65c6f9cf6c7] [DynLevel: ] - Error: 4089-42S02: 'pfwdb.BATCH_JOB_SEQ' is not a SEQUENCE
[2026-06-18 15:34:21.479] [http-nio-8099-exec-3] INFO  c.pfw.common.logging.LoggingAspect [TranId: 20260618153421465CMNlocal010000003] [BizTranId: XYZ13EDU0002] [TraceId: 01af6f17-f04d-48aa-b7a2-9e648e64a244] [SpanId: SPN-c422b90a-c4d9-40fb-a16a-f65c6f9cf6c7] [DynLevel: ] - Transaction completed. transactionId=20260618153421465CMNlocal010000003, traceId=01af6f17-f04d-48aa-b7a2-9e648e64a244, spanId=SPN-c422b90a-c4d9-40fb-a16a-f65c6f9cf6c7, moduleId=CMN, sequenceNo=1, workflowStatus=NONE, compensationYn=N, httpStatus=200, responseCode=SCMN000000, messageCode=MCMN000000, durationMs=6
[2026-06-18 15:34:21.490] [http-nio-8099-exec-3] DEBUG o.s.w.s.m.m.a.HttpEntityMethodProcessor [TranId: 20260618153421465CMNlocal010000003] [BizTranId: XYZ13EDU0002] [TraceId: 01af6f17-f04d-48aa-b7a2-9e648e64a244] [SpanId: SPN-c422b90a-c4d9-40fb-a16a-f65c6f9cf6c7] [DynLevel: ] - Using 'application/json', given [*/*] and supported [application/json, application/*+json, application/yaml]
[2026-06-18 15:34:21.491] [http-nio-8099-exec-3] DEBUG o.s.w.s.m.m.a.HttpEntityMethodProcessor [TranId: 20260618153421465CMNlocal010000003] [BizTranId: XYZ13EDU0002] [TraceId: 01af6f17-f04d-48aa-b7a2-9e648e64a244] [SpanId: SPN-c422b90a-c4d9-40fb-a16a-f65c6f9cf6c7] [DynLevel: ] - Writing [{enabled=true, jobId=CPF_EDU_CHUNK_JOB, status=FAILED, message=Could not obtain sequence value, guid (truncated)...]
[2026-06-18 15:34:21.492] [http-nio-8099-exec-3] DEBUG o.s.web.servlet.DispatcherServlet [TranId: 20260618153421465CMNlocal010000003] [BizTranId: XYZ13EDU0002] [TraceId: 01af6f17-f04d-48aa-b7a2-9e648e64a244] [SpanId: SPN-c422b90a-c4d9-40fb-a16a-f65c6f9cf6c7] [DynLevel: ] - Completed 200 OK
