[2026-06-18 15:35:53.329] [http-nio-8099-exec-2] DEBUG o.s.web.servlet.DispatcherServlet [TranId: 20260618153553328CMNlocal010000002] [BizTranId: ] [TraceId: 5ed21486-31d5-4f4d-8dd1-e8affc163c22] [SpanId: SPN-ba759171-17c0-43ce-95ca-e417f7dc9d9b] [DynLevel: ] - POST "/xyz/edu/batch/tasklet/run?requestUser=STABILIZATION", parameters={masked}
[2026-06-18 15:35:53.333] [http-nio-8099-exec-2] DEBUG o.s.w.s.m.m.a.RequestMappingHandlerMapping [TranId: 20260618153553328CMNlocal010000002] [BizTranId: ] [TraceId: 5ed21486-31d5-4f4d-8dd1-e8affc163c22] [SpanId: SPN-ba759171-17c0-43ce-95ca-e417f7dc9d9b] [DynLevel: ] - Mapped to cpf.xyz.edu.controller.XyzBatchEducationController#runTasklet(String)
[2026-06-18 15:35:53.342] [http-nio-8099-exec-2] INFO  c.pfw.common.logging.LoggingAspect [TranId: 20260618153553328CMNlocal010000002] [BizTranId: XYZ13EDU0001] [TraceId: 5ed21486-31d5-4f4d-8dd1-e8affc163c22] [SpanId: SPN-ba759171-17c0-43ce-95ca-e417f7dc9d9b] [DynLevel: ] - Transaction started. transactionId=20260618153553328CMNlocal010000002, businessTransactionId=XYZ13EDU0001, businessTransactionName=XYZBatchTaskletRun, traceId=5ed21486-31d5-4f4d-8dd1-e8affc163c22, spanId=SPN-ba759171-17c0-43ce-95ca-e417f7dc9d9b, moduleId=CMN, sequenceNo=1, workflowInstanceId=None, workflowStepId=None, method=POST, uri=/xyz/edu/batch/tasklet/run?requestUser=STABILIZATION, controller=XyzBatchEducationController.runTasklet(..), executionClass=cpf.xyz.edu.controller.XyzBatchEducationController, executionMethod=runTasklet, clientIp=127.0.0.1, parameters=requestUser=STABILIZATION, requestBody=[STABILIZATION]
[2026-06-18 15:35:53.349] [http-nio-8099-exec-2] DEBUG o.s.jdbc.core.JdbcTemplate [TranId: 20260618153553328CMNlocal010000002] [BizTranId: XYZ13EDU0001] [TraceId: 5ed21486-31d5-4f4d-8dd1-e8affc163c22] [SpanId: SPN-ba759171-17c0-43ce-95ca-e417f7dc9d9b] [DynLevel: ] - Executing prepared SQL query
[2026-06-18 15:35:53.351] [http-nio-8099-exec-2] DEBUG o.s.jdbc.core.JdbcTemplate [TranId: 20260618153553328CMNlocal010000002] [BizTranId: XYZ13EDU0001] [TraceId: 5ed21486-31d5-4f4d-8dd1-e8affc163c22] [SpanId: SPN-ba759171-17c0-43ce-95ca-e417f7dc9d9b] [DynLevel: ] - Executing prepared SQL statement [SELECT JOB_INSTANCE_ID, JOB_NAME
FROM BATCH_JOB_INSTANCE
WHERE JOB_NAME = ?
 AND JOB_KEY = ?]
[2026-06-18 15:35:53.355] [http-nio-8099-exec-2] DEBUG o.s.jdbc.core.JdbcTemplate [TranId: 20260618153553328CMNlocal010000002] [BizTranId: XYZ13EDU0001] [TraceId: 5ed21486-31d5-4f4d-8dd1-e8affc163c22] [SpanId: SPN-ba759171-17c0-43ce-95ca-e417f7dc9d9b] [DynLevel: ] - Executing prepared SQL query
[2026-06-18 15:35:53.355] [http-nio-8099-exec-2] DEBUG o.s.jdbc.core.JdbcTemplate [TranId: 20260618153553328CMNlocal010000002] [BizTranId: XYZ13EDU0001] [TraceId: 5ed21486-31d5-4f4d-8dd1-e8affc163c22] [SpanId: SPN-ba759171-17c0-43ce-95ca-e417f7dc9d9b] [DynLevel: ] - Executing prepared SQL statement [SELECT JOB_INSTANCE_ID, JOB_NAME
FROM BATCH_JOB_INSTANCE
WHERE JOB_NAME = ?
 AND JOB_KEY = ?]
[2026-06-18 15:35:53.356] [http-nio-8099-exec-2] DEBUG o.s.jdbc.core.JdbcTemplate [TranId: 20260618153553328CMNlocal010000002] [BizTranId: XYZ13EDU0001] [TraceId: 5ed21486-31d5-4f4d-8dd1-e8affc163c22] [SpanId: SPN-ba759171-17c0-43ce-95ca-e417f7dc9d9b] [DynLevel: ] - Executing prepared SQL query
[2026-06-18 15:35:53.357] [http-nio-8099-exec-2] DEBUG o.s.jdbc.core.JdbcTemplate [TranId: 20260618153553328CMNlocal010000002] [BizTranId: XYZ13EDU0001] [TraceId: 5ed21486-31d5-4f4d-8dd1-e8affc163c22] [SpanId: SPN-ba759171-17c0-43ce-95ca-e417f7dc9d9b] [DynLevel: ] - Executing prepared SQL statement [SELECT JOB_INSTANCE_ID, JOB_NAME
FROM BATCH_JOB_INSTANCE
WHERE JOB_NAME = ?
 AND JOB_KEY = ?]
[2026-06-18 15:35:53.363] [http-nio-8099-exec-2] DEBUG o.s.jdbc.core.JdbcTemplate [TranId: 20260618153553328CMNlocal010000002] [BizTranId: XYZ13EDU0001] [TraceId: 5ed21486-31d5-4f4d-8dd1-e8affc163c22] [SpanId: SPN-ba759171-17c0-43ce-95ca-e417f7dc9d9b] [DynLevel: ] - Executing prepared SQL update
[2026-06-18 15:35:53.363] [http-nio-8099-exec-2] DEBUG o.s.jdbc.core.JdbcTemplate [TranId: 20260618153553328CMNlocal010000002] [BizTranId: XYZ13EDU0001] [TraceId: 5ed21486-31d5-4f4d-8dd1-e8affc163c22] [SpanId: SPN-ba759171-17c0-43ce-95ca-e417f7dc9d9b] [DynLevel: ] - Executing prepared SQL statement [INSERT INTO BATCH_JOB_INSTANCE(JOB_INSTANCE_ID, JOB_NAME, JOB_KEY, VERSION)
	VALUES (?, ?, ?, ?)
]
[2026-06-18 15:35:53.365] [http-nio-8099-exec-2] DEBUG o.s.jdbc.core.JdbcTemplate [TranId: 20260618153553328CMNlocal010000002] [BizTranId: XYZ13EDU0001] [TraceId: 5ed21486-31d5-4f4d-8dd1-e8affc163c22] [SpanId: SPN-ba759171-17c0-43ce-95ca-e417f7dc9d9b] [DynLevel: ] - Executing prepared SQL update
[2026-06-18 15:35:53.366] [http-nio-8099-exec-2] DEBUG o.s.jdbc.core.JdbcTemplate [TranId: 20260618153553328CMNlocal010000002] [BizTranId: XYZ13EDU0001] [TraceId: 5ed21486-31d5-4f4d-8dd1-e8affc163c22] [SpanId: SPN-ba759171-17c0-43ce-95ca-e417f7dc9d9b] [DynLevel: ] - Executing prepared SQL statement [INSERT INTO BATCH_JOB_EXECUTION(JOB_EXECUTION_ID, JOB_INSTANCE_ID, START_TIME, END_TIME, STATUS, EXIT_CODE, EXIT_MESSAGE, VERSION, CREATE_TIME, LAST_UPDATED)
	VALUES (?, ?, ?, ?, ?, ?, ?, ?, ?, ?)
]
[2026-06-18 15:35:53.367] [http-nio-8099-exec-2] DEBUG o.s.jdbc.core.JdbcTemplate [TranId: 20260618153553328CMNlocal010000002] [BizTranId: XYZ13EDU0001] [TraceId: 5ed21486-31d5-4f4d-8dd1-e8affc163c22] [SpanId: SPN-ba759171-17c0-43ce-95ca-e417f7dc9d9b] [DynLevel: ] - Executing SQL batch update [INSERT INTO BATCH_JOB_EXECUTION_PARAMS(JOB_EXECUTION_ID, PARAMETER_NAME, PARAMETER_TYPE, PARAMETER_VALUE, IDENTIFYING)
	VALUES (?, ?, ?, ?, ?)
] with a batch size of 100
[2026-06-18 15:35:53.368] [http-nio-8099-exec-2] DEBUG o.s.jdbc.core.JdbcTemplate [TranId: 20260618153553328CMNlocal010000002] [BizTranId: XYZ13EDU0001] [TraceId: 5ed21486-31d5-4f4d-8dd1-e8affc163c22] [SpanId: SPN-ba759171-17c0-43ce-95ca-e417f7dc9d9b] [DynLevel: ] - Executing prepared SQL statement [INSERT INTO BATCH_JOB_EXECUTION_PARAMS(JOB_EXECUTION_ID, PARAMETER_NAME, PARAMETER_TYPE, PARAMETER_VALUE, IDENTIFYING)
	VALUES (?, ?, ?, ?, ?)
]
[2026-06-18 15:35:53.375] [http-nio-8099-exec-2] DEBUG o.s.jdbc.core.JdbcTemplate [TranId: 20260618153553328CMNlocal010000002] [BizTranId: XYZ13EDU0001] [TraceId: 5ed21486-31d5-4f4d-8dd1-e8affc163c22] [SpanId: SPN-ba759171-17c0-43ce-95ca-e417f7dc9d9b] [DynLevel: ] - Executing prepared SQL update
[2026-06-18 15:35:53.375] [http-nio-8099-exec-2] DEBUG o.s.jdbc.core.JdbcTemplate [TranId: 20260618153553328CMNlocal010000002] [BizTranId: XYZ13EDU0001] [TraceId: 5ed21486-31d5-4f4d-8dd1-e8affc163c22] [SpanId: SPN-ba759171-17c0-43ce-95ca-e417f7dc9d9b] [DynLevel: ] - Executing prepared SQL statement [INSERT INTO BATCH_JOB_EXECUTION_CONTEXT (SHORT_CONTEXT, SERIALIZED_CONTEXT, JOB_EXECUTION_ID)
	VALUES(?, ?, ?)
]
[2026-06-18 15:35:53.378] [http-nio-8099-exec-2] INFO  o.s.b.c.l.s.TaskExecutorJobLauncher [TranId: 20260618153553328CMNlocal010000002] [BizTranId: XYZ13EDU0001] [TraceId: 5ed21486-31d5-4f4d-8dd1-e8affc163c22] [SpanId: SPN-ba759171-17c0-43ce-95ca-e417f7dc9d9b] [DynLevel: ] - Job: [SimpleJob: [name=CPF_EDU_TASKLET_JOB]] launched with the following parameters: [{'requestTime':'{value=1781764553345, type=class java.lang.Long, identifying=true}','requestUser':'{value=STABILIZATION, type=class java.lang.String, identifying=true}'}]
[2026-06-18 15:35:53.387] [http-nio-8099-exec-2] DEBUG o.s.jdbc.core.JdbcTemplate [TranId: 20260618153553328CMNlocal010000002] [BizTranId: XYZ13EDU0001] [TraceId: 5ed21486-31d5-4f4d-8dd1-e8affc163c22] [SpanId: SPN-ba759171-17c0-43ce-95ca-e417f7dc9d9b] [DynLevel: ] - Executing prepared SQL query
[2026-06-18 15:35:53.388] [http-nio-8099-exec-2] DEBUG o.s.jdbc.core.JdbcTemplate [TranId: 20260618153553328CMNlocal010000002] [BizTranId: XYZ13EDU0001] [TraceId: 5ed21486-31d5-4f4d-8dd1-e8affc163c22] [SpanId: SPN-ba759171-17c0-43ce-95ca-e417f7dc9d9b] [DynLevel: ] - Executing prepared SQL statement [SELECT VERSION
FROM BATCH_JOB_EXECUTION
WHERE JOB_EXECUTION_ID=?
]
[2026-06-18 15:35:53.389] [http-nio-8099-exec-2] DEBUG o.s.jdbc.core.JdbcTemplate [TranId: 20260618153553328CMNlocal010000002] [BizTranId: XYZ13EDU0001] [TraceId: 5ed21486-31d5-4f4d-8dd1-e8affc163c22] [SpanId: SPN-ba759171-17c0-43ce-95ca-e417f7dc9d9b] [DynLevel: ] - Executing prepared SQL query
[2026-06-18 15:35:53.389] [http-nio-8099-exec-2] DEBUG o.s.jdbc.core.JdbcTemplate [TranId: 20260618153553328CMNlocal010000002] [BizTranId: XYZ13EDU0001] [TraceId: 5ed21486-31d5-4f4d-8dd1-e8affc163c22] [SpanId: SPN-ba759171-17c0-43ce-95ca-e417f7dc9d9b] [DynLevel: ] - Executing prepared SQL statement [SELECT COUNT(*)
FROM BATCH_JOB_EXECUTION
WHERE JOB_EXECUTION_ID = ?
]
[2026-06-18 15:35:53.390] [http-nio-8099-exec-2] DEBUG o.s.jdbc.core.JdbcTemplate [TranId: 20260618153553328CMNlocal010000002] [BizTranId: XYZ13EDU0001] [TraceId: 5ed21486-31d5-4f4d-8dd1-e8affc163c22] [SpanId: SPN-ba759171-17c0-43ce-95ca-e417f7dc9d9b] [DynLevel: ] - Executing prepared SQL update
[2026-06-18 15:35:53.390] [http-nio-8099-exec-2] DEBUG o.s.jdbc.core.JdbcTemplate [TranId: 20260618153553328CMNlocal010000002] [BizTranId: XYZ13EDU0001] [TraceId: 5ed21486-31d5-4f4d-8dd1-e8affc163c22] [SpanId: SPN-ba759171-17c0-43ce-95ca-e417f7dc9d9b] [DynLevel: ] - Executing prepared SQL statement [UPDATE BATCH_JOB_EXECUTION
SET START_TIME = ?, END_TIME = ?,  STATUS = ?, EXIT_CODE = ?, EXIT_MESSAGE = ?, VERSION = VERSION + 1, CREATE_TIME = ?, LAST_UPDATED = ?
WHERE JOB_EXECUTION_ID = ? AND VERSION = ?
]
[2026-06-18 15:35:53.392] [http-nio-8099-exec-2] DEBUG o.s.jdbc.core.JdbcTemplate [TranId: 20260618153553328CMNlocal010000002] [BizTranId: XYZ13EDU0001] [TraceId: 5ed21486-31d5-4f4d-8dd1-e8affc163c22] [SpanId: SPN-ba759171-17c0-43ce-95ca-e417f7dc9d9b] [DynLevel: ] - Executing prepared SQL query
[2026-06-18 15:35:53.393] [http-nio-8099-exec-2] DEBUG o.s.jdbc.core.JdbcTemplate [TranId: 20260618153553328CMNlocal010000002] [BizTranId: XYZ13EDU0001] [TraceId: 5ed21486-31d5-4f4d-8dd1-e8affc163c22] [SpanId: SPN-ba759171-17c0-43ce-95ca-e417f7dc9d9b] [DynLevel: ] - Executing prepared SQL statement [SELECT SE.STEP_EXECUTION_ID, SE.STEP_NAME, SE.START_TIME, SE.END_TIME, SE.STATUS, SE.COMMIT_COUNT, SE.READ_COUNT, SE.FILTER_COUNT, SE.WRITE_COUNT, SE.EXIT_CODE, SE.EXIT_MESSAGE, SE.READ_SKIP_COUNT, SE.WRITE_SKIP_COUNT, SE.PROCESS_SKIP_COUNT, SE.ROLLBACK_COUNT, SE.LAST_UPDATED, SE.VERSION, SE.CREATE_TIME, JE.JOB_EXECUTION_ID, JE.START_TIME, JE.END_TIME, JE.STATUS, JE.EXIT_CODE, JE.EXIT_MESSAGE, JE.CREATE_TIME, JE.LAST_UPDATED, JE.VERSION
FROM BATCH_JOB_EXECUTION JE
	JOIN BATCH_STEP_EXECUTION SE ON SE.JOB_EXECUTION_ID = JE.JOB_EXECUTION_ID
WHERE JE.JOB_INSTANCE_ID = ? AND SE.STEP_NAME = ?
]
[2026-06-18 15:35:53.395] [http-nio-8099-exec-2] DEBUG o.s.jdbc.core.JdbcTemplate [TranId: 20260618153553328CMNlocal010000002] [BizTranId: XYZ13EDU0001] [TraceId: 5ed21486-31d5-4f4d-8dd1-e8affc163c22] [SpanId: SPN-ba759171-17c0-43ce-95ca-e417f7dc9d9b] [DynLevel: ] - Executing prepared SQL query
[2026-06-18 15:35:53.396] [http-nio-8099-exec-2] DEBUG o.s.jdbc.core.JdbcTemplate [TranId: 20260618153553328CMNlocal010000002] [BizTranId: XYZ13EDU0001] [TraceId: 5ed21486-31d5-4f4d-8dd1-e8affc163c22] [SpanId: SPN-ba759171-17c0-43ce-95ca-e417f7dc9d9b] [DynLevel: ] - Executing prepared SQL statement [SELECT COUNT(*)
FROM BATCH_JOB_EXECUTION JE
	JOIN BATCH_STEP_EXECUTION SE ON SE.JOB_EXECUTION_ID = JE.JOB_EXECUTION_ID
WHERE JE.JOB_INSTANCE_ID = ? AND SE.STEP_NAME = ?
]
[2026-06-18 15:35:53.399] [http-nio-8099-exec-2] DEBUG o.s.jdbc.core.JdbcTemplate [TranId: 20260618153553328CMNlocal010000002] [BizTranId: XYZ13EDU0001] [TraceId: 5ed21486-31d5-4f4d-8dd1-e8affc163c22] [SpanId: SPN-ba759171-17c0-43ce-95ca-e417f7dc9d9b] [DynLevel: ] - Executing prepared SQL update
[2026-06-18 15:35:53.399] [http-nio-8099-exec-2] DEBUG o.s.jdbc.core.JdbcTemplate [TranId: 20260618153553328CMNlocal010000002] [BizTranId: XYZ13EDU0001] [TraceId: 5ed21486-31d5-4f4d-8dd1-e8affc163c22] [SpanId: SPN-ba759171-17c0-43ce-95ca-e417f7dc9d9b] [DynLevel: ] - Executing prepared SQL statement [INSERT INTO BATCH_STEP_EXECUTION(STEP_EXECUTION_ID, VERSION, STEP_NAME, JOB_EXECUTION_ID, START_TIME, END_TIME, STATUS, COMMIT_COUNT, READ_COUNT, FILTER_COUNT, WRITE_COUNT, EXIT_CODE, EXIT_MESSAGE, READ_SKIP_COUNT, WRITE_SKIP_COUNT, PROCESS_SKIP_COUNT, ROLLBACK_COUNT, LAST_UPDATED, CREATE_TIME)
	VALUES (?, ?, ?, ?, ?, ?, ?, ?, ?, ?, ?, ?, ?, ?, ?, ?, ?, ?, ?)
]
[2026-06-18 15:35:53.400] [http-nio-8099-exec-2] DEBUG o.s.jdbc.core.JdbcTemplate [TranId: 20260618153553328CMNlocal010000002] [BizTranId: XYZ13EDU0001] [TraceId: 5ed21486-31d5-4f4d-8dd1-e8affc163c22] [SpanId: SPN-ba759171-17c0-43ce-95ca-e417f7dc9d9b] [DynLevel: ] - Executing prepared SQL update
[2026-06-18 15:35:53.401] [http-nio-8099-exec-2] DEBUG o.s.jdbc.core.JdbcTemplate [TranId: 20260618153553328CMNlocal010000002] [BizTranId: XYZ13EDU0001] [TraceId: 5ed21486-31d5-4f4d-8dd1-e8affc163c22] [SpanId: SPN-ba759171-17c0-43ce-95ca-e417f7dc9d9b] [DynLevel: ] - Executing prepared SQL statement [INSERT INTO BATCH_STEP_EXECUTION_CONTEXT (SHORT_CONTEXT, SERIALIZED_CONTEXT, STEP_EXECUTION_ID)
	VALUES(?, ?, ?)
]
[2026-06-18 15:35:53.402] [http-nio-8099-exec-2] INFO  o.s.batch.core.job.SimpleStepHandler [TranId: 20260618153553328CMNlocal010000002] [BizTranId: XYZ13EDU0001] [TraceId: 5ed21486-31d5-4f4d-8dd1-e8affc163c22] [SpanId: SPN-ba759171-17c0-43ce-95ca-e417f7dc9d9b] [DynLevel: ] - Executing step: [CPF_EDU_TASKLET_STEP]
[2026-06-18 15:35:53.403] [http-nio-8099-exec-2] DEBUG o.s.jdbc.core.JdbcTemplate [TranId: 20260618153553328CMNlocal010000002] [BizTranId: XYZ13EDU0001] [TraceId: 5ed21486-31d5-4f4d-8dd1-e8affc163c22] [SpanId: SPN-ba759171-17c0-43ce-95ca-e417f7dc9d9b] [DynLevel: ] - Executing prepared SQL update
[2026-06-18 15:35:53.404] [http-nio-8099-exec-2] DEBUG o.s.jdbc.core.JdbcTemplate [TranId: 20260618153553328CMNlocal010000002] [BizTranId: XYZ13EDU0001] [TraceId: 5ed21486-31d5-4f4d-8dd1-e8affc163c22] [SpanId: SPN-ba759171-17c0-43ce-95ca-e417f7dc9d9b] [DynLevel: ] - Executing prepared SQL statement [UPDATE BATCH_STEP_EXECUTION
SET START_TIME = ?, END_TIME = ?, STATUS = ?, COMMIT_COUNT = ?, READ_COUNT = ?, FILTER_COUNT = ?, WRITE_COUNT = ?, EXIT_CODE = ?, EXIT_MESSAGE = ?, VERSION = VERSION + 1, READ_SKIP_COUNT = ?, PROCESS_SKIP_COUNT = ?, WRITE_SKIP_COUNT = ?, ROLLBACK_COUNT = ?, LAST_UPDATED = ?
WHERE STEP_EXECUTION_ID = ? AND VERSION = ?
]
[2026-06-18 15:35:53.404] [http-nio-8099-exec-2] DEBUG o.s.jdbc.core.JdbcTemplate [TranId: 20260618153553328CMNlocal010000002] [BizTranId: XYZ13EDU0001] [TraceId: 5ed21486-31d5-4f4d-8dd1-e8affc163c22] [SpanId: SPN-ba759171-17c0-43ce-95ca-e417f7dc9d9b] [DynLevel: ] - Executing prepared SQL query
[2026-06-18 15:35:53.405] [http-nio-8099-exec-2] DEBUG o.s.jdbc.core.JdbcTemplate [TranId: 20260618153553328CMNlocal010000002] [BizTranId: XYZ13EDU0001] [TraceId: 5ed21486-31d5-4f4d-8dd1-e8affc163c22] [SpanId: SPN-ba759171-17c0-43ce-95ca-e417f7dc9d9b] [DynLevel: ] - Executing prepared SQL statement [SELECT VERSION
FROM BATCH_JOB_EXECUTION
WHERE JOB_EXECUTION_ID=?
]
[2026-06-18 15:35:53.407] [http-nio-8099-exec-2] DEBUG o.s.jdbc.core.JdbcTemplate [TranId: 20260618153553328CMNlocal010000002] [BizTranId: XYZ13EDU0001] [TraceId: 5ed21486-31d5-4f4d-8dd1-e8affc163c22] [SpanId: SPN-ba759171-17c0-43ce-95ca-e417f7dc9d9b] [DynLevel: ] - Executing prepared SQL update
[2026-06-18 15:35:53.408] [http-nio-8099-exec-2] DEBUG o.s.jdbc.core.JdbcTemplate [TranId: 20260618153553328CMNlocal010000002] [BizTranId: XYZ13EDU0001] [TraceId: 5ed21486-31d5-4f4d-8dd1-e8affc163c22] [SpanId: SPN-ba759171-17c0-43ce-95ca-e417f7dc9d9b] [DynLevel: ] - Executing prepared SQL statement [UPDATE BATCH_STEP_EXECUTION_CONTEXT
SET SHORT_CONTEXT = ?, SERIALIZED_CONTEXT = ?
WHERE STEP_EXECUTION_ID = ?
]
[2026-06-18 15:35:53.411] [http-nio-8099-exec-2] INFO  c.x.e.config.XyzBatchEducationConfig [TranId: 20260618153553328CMNlocal010000002] [BizTranId: XYZ13EDU0001] [TraceId: 5ed21486-31d5-4f4d-8dd1-e8affc163c22] [SpanId: SPN-ba759171-17c0-43ce-95ca-e417f7dc9d9b] [DynLevel: ] - CPF EDU Tasklet 배치 실행. requestUser=STABILIZATION
[2026-06-18 15:35:53.412] [http-nio-8099-exec-2] DEBUG o.s.jdbc.core.JdbcTemplate [TranId: 20260618153553328CMNlocal010000002] [BizTranId: XYZ13EDU0001] [TraceId: 5ed21486-31d5-4f4d-8dd1-e8affc163c22] [SpanId: SPN-ba759171-17c0-43ce-95ca-e417f7dc9d9b] [DynLevel: ] - Executing prepared SQL update
[2026-06-18 15:35:53.412] [http-nio-8099-exec-2] DEBUG o.s.jdbc.core.JdbcTemplate [TranId: 20260618153553328CMNlocal010000002] [BizTranId: XYZ13EDU0001] [TraceId: 5ed21486-31d5-4f4d-8dd1-e8affc163c22] [SpanId: SPN-ba759171-17c0-43ce-95ca-e417f7dc9d9b] [DynLevel: ] - Executing prepared SQL statement [UPDATE BATCH_STEP_EXECUTION_CONTEXT
SET SHORT_CONTEXT = ?, SERIALIZED_CONTEXT = ?
WHERE STEP_EXECUTION_ID = ?
]
[2026-06-18 15:35:53.413] [http-nio-8099-exec-2] DEBUG o.s.jdbc.core.JdbcTemplate [TranId: 20260618153553328CMNlocal010000002] [BizTranId: XYZ13EDU0001] [TraceId: 5ed21486-31d5-4f4d-8dd1-e8affc163c22] [SpanId: SPN-ba759171-17c0-43ce-95ca-e417f7dc9d9b] [DynLevel: ] - Executing prepared SQL update
[2026-06-18 15:35:53.413] [http-nio-8099-exec-2] DEBUG o.s.jdbc.core.JdbcTemplate [TranId: 20260618153553328CMNlocal010000002] [BizTranId: XYZ13EDU0001] [TraceId: 5ed21486-31d5-4f4d-8dd1-e8affc163c22] [SpanId: SPN-ba759171-17c0-43ce-95ca-e417f7dc9d9b] [DynLevel: ] - Executing prepared SQL statement [UPDATE BATCH_STEP_EXECUTION
SET START_TIME = ?, END_TIME = ?, STATUS = ?, COMMIT_COUNT = ?, READ_COUNT = ?, FILTER_COUNT = ?, WRITE_COUNT = ?, EXIT_CODE = ?, EXIT_MESSAGE = ?, VERSION = VERSION + 1, READ_SKIP_COUNT = ?, PROCESS_SKIP_COUNT = ?, WRITE_SKIP_COUNT = ?, ROLLBACK_COUNT = ?, LAST_UPDATED = ?
WHERE STEP_EXECUTION_ID = ? AND VERSION = ?
]
[2026-06-18 15:35:53.414] [http-nio-8099-exec-2] DEBUG o.s.jdbc.core.JdbcTemplate [TranId: 20260618153553328CMNlocal010000002] [BizTranId: XYZ13EDU0001] [TraceId: 5ed21486-31d5-4f4d-8dd1-e8affc163c22] [SpanId: SPN-ba759171-17c0-43ce-95ca-e417f7dc9d9b] [DynLevel: ] - Executing prepared SQL query
[2026-06-18 15:35:53.414] [http-nio-8099-exec-2] DEBUG o.s.jdbc.core.JdbcTemplate [TranId: 20260618153553328CMNlocal010000002] [BizTranId: XYZ13EDU0001] [TraceId: 5ed21486-31d5-4f4d-8dd1-e8affc163c22] [SpanId: SPN-ba759171-17c0-43ce-95ca-e417f7dc9d9b] [DynLevel: ] - Executing prepared SQL statement [SELECT VERSION
FROM BATCH_JOB_EXECUTION
WHERE JOB_EXECUTION_ID=?
]
[2026-06-18 15:35:53.416] [http-nio-8099-exec-2] INFO  o.s.batch.core.step.AbstractStep [TranId: 20260618153553328CMNlocal010000002] [BizTranId: XYZ13EDU0001] [TraceId: 5ed21486-31d5-4f4d-8dd1-e8affc163c22] [SpanId: SPN-ba759171-17c0-43ce-95ca-e417f7dc9d9b] [DynLevel: ] - Step: [CPF_EDU_TASKLET_STEP] executed in 14ms
[2026-06-18 15:35:53.417] [http-nio-8099-exec-2] DEBUG o.s.jdbc.core.JdbcTemplate [TranId: 20260618153553328CMNlocal010000002] [BizTranId: XYZ13EDU0001] [TraceId: 5ed21486-31d5-4f4d-8dd1-e8affc163c22] [SpanId: SPN-ba759171-17c0-43ce-95ca-e417f7dc9d9b] [DynLevel: ] - Executing prepared SQL update
[2026-06-18 15:35:53.417] [http-nio-8099-exec-2] DEBUG o.s.jdbc.core.JdbcTemplate [TranId: 20260618153553328CMNlocal010000002] [BizTranId: XYZ13EDU0001] [TraceId: 5ed21486-31d5-4f4d-8dd1-e8affc163c22] [SpanId: SPN-ba759171-17c0-43ce-95ca-e417f7dc9d9b] [DynLevel: ] - Executing prepared SQL statement [UPDATE BATCH_STEP_EXECUTION_CONTEXT
SET SHORT_CONTEXT = ?, SERIALIZED_CONTEXT = ?
WHERE STEP_EXECUTION_ID = ?
]
[2026-06-18 15:35:53.418] [http-nio-8099-exec-2] DEBUG o.s.jdbc.core.JdbcTemplate [TranId: 20260618153553328CMNlocal010000002] [BizTranId: XYZ13EDU0001] [TraceId: 5ed21486-31d5-4f4d-8dd1-e8affc163c22] [SpanId: SPN-ba759171-17c0-43ce-95ca-e417f7dc9d9b] [DynLevel: ] - Executing prepared SQL update
[2026-06-18 15:35:53.419] [http-nio-8099-exec-2] DEBUG o.s.jdbc.core.JdbcTemplate [TranId: 20260618153553328CMNlocal010000002] [BizTranId: XYZ13EDU0001] [TraceId: 5ed21486-31d5-4f4d-8dd1-e8affc163c22] [SpanId: SPN-ba759171-17c0-43ce-95ca-e417f7dc9d9b] [DynLevel: ] - Executing prepared SQL statement [UPDATE BATCH_STEP_EXECUTION
SET START_TIME = ?, END_TIME = ?, STATUS = ?, COMMIT_COUNT = ?, READ_COUNT = ?, FILTER_COUNT = ?, WRITE_COUNT = ?, EXIT_CODE = ?, EXIT_MESSAGE = ?, VERSION = VERSION + 1, READ_SKIP_COUNT = ?, PROCESS_SKIP_COUNT = ?, WRITE_SKIP_COUNT = ?, ROLLBACK_COUNT = ?, LAST_UPDATED = ?
WHERE STEP_EXECUTION_ID = ? AND VERSION = ?
]
[2026-06-18 15:35:53.419] [http-nio-8099-exec-2] DEBUG o.s.jdbc.core.JdbcTemplate [TranId: 20260618153553328CMNlocal010000002] [BizTranId: XYZ13EDU0001] [TraceId: 5ed21486-31d5-4f4d-8dd1-e8affc163c22] [SpanId: SPN-ba759171-17c0-43ce-95ca-e417f7dc9d9b] [DynLevel: ] - Executing prepared SQL query
[2026-06-18 15:35:53.419] [http-nio-8099-exec-2] DEBUG o.s.jdbc.core.JdbcTemplate [TranId: 20260618153553328CMNlocal010000002] [BizTranId: XYZ13EDU0001] [TraceId: 5ed21486-31d5-4f4d-8dd1-e8affc163c22] [SpanId: SPN-ba759171-17c0-43ce-95ca-e417f7dc9d9b] [DynLevel: ] - Executing prepared SQL statement [SELECT VERSION
FROM BATCH_JOB_EXECUTION
WHERE JOB_EXECUTION_ID=?
]
[2026-06-18 15:35:53.421] [http-nio-8099-exec-2] DEBUG o.s.jdbc.core.JdbcTemplate [TranId: 20260618153553328CMNlocal010000002] [BizTranId: XYZ13EDU0001] [TraceId: 5ed21486-31d5-4f4d-8dd1-e8affc163c22] [SpanId: SPN-ba759171-17c0-43ce-95ca-e417f7dc9d9b] [DynLevel: ] - Executing prepared SQL update
[2026-06-18 15:35:53.421] [http-nio-8099-exec-2] DEBUG o.s.jdbc.core.JdbcTemplate [TranId: 20260618153553328CMNlocal010000002] [BizTranId: XYZ13EDU0001] [TraceId: 5ed21486-31d5-4f4d-8dd1-e8affc163c22] [SpanId: SPN-ba759171-17c0-43ce-95ca-e417f7dc9d9b] [DynLevel: ] - Executing prepared SQL statement [UPDATE BATCH_JOB_EXECUTION_CONTEXT
SET SHORT_CONTEXT = ?, SERIALIZED_CONTEXT = ?
WHERE JOB_EXECUTION_ID = ?
]
[2026-06-18 15:35:53.423] [http-nio-8099-exec-2] DEBUG o.s.jdbc.core.JdbcTemplate [TranId: 20260618153553328CMNlocal010000002] [BizTranId: XYZ13EDU0001] [TraceId: 5ed21486-31d5-4f4d-8dd1-e8affc163c22] [SpanId: SPN-ba759171-17c0-43ce-95ca-e417f7dc9d9b] [DynLevel: ] - Executing prepared SQL query
[2026-06-18 15:35:53.424] [http-nio-8099-exec-2] DEBUG o.s.jdbc.core.JdbcTemplate [TranId: 20260618153553328CMNlocal010000002] [BizTranId: XYZ13EDU0001] [TraceId: 5ed21486-31d5-4f4d-8dd1-e8affc163c22] [SpanId: SPN-ba759171-17c0-43ce-95ca-e417f7dc9d9b] [DynLevel: ] - Executing prepared SQL statement [SELECT VERSION
FROM BATCH_JOB_EXECUTION
WHERE JOB_EXECUTION_ID=?
]
[2026-06-18 15:35:53.424] [http-nio-8099-exec-2] DEBUG o.s.jdbc.core.JdbcTemplate [TranId: 20260618153553328CMNlocal010000002] [BizTranId: XYZ13EDU0001] [TraceId: 5ed21486-31d5-4f4d-8dd1-e8affc163c22] [SpanId: SPN-ba759171-17c0-43ce-95ca-e417f7dc9d9b] [DynLevel: ] - Executing prepared SQL query
[2026-06-18 15:35:53.425] [http-nio-8099-exec-2] DEBUG o.s.jdbc.core.JdbcTemplate [TranId: 20260618153553328CMNlocal010000002] [BizTranId: XYZ13EDU0001] [TraceId: 5ed21486-31d5-4f4d-8dd1-e8affc163c22] [SpanId: SPN-ba759171-17c0-43ce-95ca-e417f7dc9d9b] [DynLevel: ] - Executing prepared SQL statement [SELECT COUNT(*)
FROM BATCH_JOB_EXECUTION
WHERE JOB_EXECUTION_ID = ?
]
[2026-06-18 15:35:53.425] [http-nio-8099-exec-2] DEBUG o.s.jdbc.core.JdbcTemplate [TranId: 20260618153553328CMNlocal010000002] [BizTranId: XYZ13EDU0001] [TraceId: 5ed21486-31d5-4f4d-8dd1-e8affc163c22] [SpanId: SPN-ba759171-17c0-43ce-95ca-e417f7dc9d9b] [DynLevel: ] - Executing prepared SQL update
[2026-06-18 15:35:53.425] [http-nio-8099-exec-2] DEBUG o.s.jdbc.core.JdbcTemplate [TranId: 20260618153553328CMNlocal010000002] [BizTranId: XYZ13EDU0001] [TraceId: 5ed21486-31d5-4f4d-8dd1-e8affc163c22] [SpanId: SPN-ba759171-17c0-43ce-95ca-e417f7dc9d9b] [DynLevel: ] - Executing prepared SQL statement [UPDATE BATCH_JOB_EXECUTION
SET START_TIME = ?, END_TIME = ?,  STATUS = ?, EXIT_CODE = ?, EXIT_MESSAGE = ?, VERSION = VERSION + 1, CREATE_TIME = ?, LAST_UPDATED = ?
WHERE JOB_EXECUTION_ID = ? AND VERSION = ?
]
[2026-06-18 15:35:53.427] [http-nio-8099-exec-2] INFO  o.s.b.c.l.s.TaskExecutorJobLauncher [TranId: 20260618153553328CMNlocal010000002] [BizTranId: XYZ13EDU0001] [TraceId: 5ed21486-31d5-4f4d-8dd1-e8affc163c22] [SpanId: SPN-ba759171-17c0-43ce-95ca-e417f7dc9d9b] [DynLevel: ] - Job: [SimpleJob: [name=CPF_EDU_TASKLET_JOB]] completed with the following parameters: [{'requestTime':'{value=1781764553345, type=class java.lang.Long, identifying=true}','requestUser':'{value=STABILIZATION, type=class java.lang.String, identifying=true}'}] and the following status: [COMPLETED] in 37ms
[2026-06-18 15:35:53.429] [http-nio-8099-exec-2] DEBUG o.s.jdbc.core.JdbcTemplate [TranId: 20260618153553328CMNlocal010000002] [BizTranId: XYZ13EDU0001] [TraceId: 5ed21486-31d5-4f4d-8dd1-e8affc163c22] [SpanId: SPN-ba759171-17c0-43ce-95ca-e417f7dc9d9b] [DynLevel: ] - Executing prepared SQL update
[2026-06-18 15:35:53.429] [http-nio-8099-exec-2] DEBUG o.s.jdbc.core.JdbcTemplate [TranId: 20260618153553328CMNlocal010000002] [BizTranId: XYZ13EDU0001] [TraceId: 5ed21486-31d5-4f4d-8dd1-e8affc163c22] [SpanId: SPN-ba759171-17c0-43ce-95ca-e417f7dc9d9b] [DynLevel: ] - Executing prepared SQL statement [INSERT INTO pfw_batch_execution (
    job_id, schedule_id, job_parameters, execution_status, spring_batch_execution_id,
    batch_instance_id, start_time, end_time, read_count, write_count, skip_count,
    error_message, requested_by, created_by, updated_by
) VALUES (?, NULL, ?, ?, ?, 'local-batch-01', ?, ?, ?, ?, ?, ?, ?, ?, ?)
]
[2026-06-18 15:35:53.431] [http-nio-8099-exec-2] DEBUG o.s.jdbc.core.StatementCreatorUtils [TranId: 20260618153553328CMNlocal010000002] [BizTranId: XYZ13EDU0001] [TraceId: 5ed21486-31d5-4f4d-8dd1-e8affc163c22] [SpanId: SPN-ba759171-17c0-43ce-95ca-e417f7dc9d9b] [DynLevel: ] - JDBC getParameterType call failed - using fallback method instead: java.sql.SQLFeatureNotSupportedException: (conn=227) Getting parameter type metadata are not supported
[2026-06-18 15:35:53.433] [http-nio-8099-exec-2] DEBUG o.s.jdbc.core.JdbcTemplate [TranId: 20260618153553328CMNlocal010000002] [BizTranId: XYZ13EDU0001] [TraceId: 5ed21486-31d5-4f4d-8dd1-e8affc163c22] [SpanId: SPN-ba759171-17c0-43ce-95ca-e417f7dc9d9b] [DynLevel: ] - Executing SQL query [SELECT LAST_INSERT_ID()]
[2026-06-18 15:35:53.435] [http-nio-8099-exec-2] DEBUG o.s.jdbc.core.JdbcTemplate [TranId: 20260618153553328CMNlocal010000002] [BizTranId: XYZ13EDU0001] [TraceId: 5ed21486-31d5-4f4d-8dd1-e8affc163c22] [SpanId: SPN-ba759171-17c0-43ce-95ca-e417f7dc9d9b] [DynLevel: ] - Executing prepared SQL update
[2026-06-18 15:35:53.435] [http-nio-8099-exec-2] DEBUG o.s.jdbc.core.JdbcTemplate [TranId: 20260618153553328CMNlocal010000002] [BizTranId: XYZ13EDU0001] [TraceId: 5ed21486-31d5-4f4d-8dd1-e8affc163c22] [SpanId: SPN-ba759171-17c0-43ce-95ca-e417f7dc9d9b] [DynLevel: ] - Executing prepared SQL statement [INSERT INTO pfw_batch_step_execution (
    execution_id, step_name, execution_status, start_time, end_time,
    read_count, write_count, skip_count, error_message, step_log, created_by, updated_by
) VALUES (?, ?, ?, ?, ?, ?, ?, ?, ?, ?, ?, ?)
]
[2026-06-18 15:35:53.436] [http-nio-8099-exec-2] DEBUG o.s.jdbc.core.StatementCreatorUtils [TranId: 20260618153553328CMNlocal010000002] [BizTranId: XYZ13EDU0001] [TraceId: 5ed21486-31d5-4f4d-8dd1-e8affc163c22] [SpanId: SPN-ba759171-17c0-43ce-95ca-e417f7dc9d9b] [DynLevel: ] - JDBC getParameterType call failed - using fallback method instead: java.sql.SQLFeatureNotSupportedException: (conn=227) Getting parameter type metadata are not supported
[2026-06-18 15:35:53.441] [http-nio-8099-exec-2] INFO  c.pfw.common.logging.LoggingAspect [TranId: 20260618153553328CMNlocal010000002] [BizTranId: XYZ13EDU0001] [TraceId: 5ed21486-31d5-4f4d-8dd1-e8affc163c22] [SpanId: SPN-ba759171-17c0-43ce-95ca-e417f7dc9d9b] [DynLevel: ] - Transaction completed. transactionId=20260618153553328CMNlocal010000002, traceId=5ed21486-31d5-4f4d-8dd1-e8affc163c22, spanId=SPN-ba759171-17c0-43ce-95ca-e417f7dc9d9b, moduleId=CMN, sequenceNo=1, workflowStatus=NONE, compensationYn=N, httpStatus=200, responseCode=SCMN000000, messageCode=MCMN000000, durationMs=95
[2026-06-18 15:35:53.457] [http-nio-8099-exec-2] DEBUG o.s.w.s.m.m.a.HttpEntityMethodProcessor [TranId: 20260618153553328CMNlocal010000002] [BizTranId: XYZ13EDU0001] [TraceId: 5ed21486-31d5-4f4d-8dd1-e8affc163c22] [SpanId: SPN-ba759171-17c0-43ce-95ca-e417f7dc9d9b] [DynLevel: ] - Using 'application/json', given [*/*] and supported [application/json, application/*+json, application/yaml]
[2026-06-18 15:35:53.458] [http-nio-8099-exec-2] DEBUG o.s.w.s.m.m.a.HttpEntityMethodProcessor [TranId: 20260618153553328CMNlocal010000002] [BizTranId: XYZ13EDU0001] [TraceId: 5ed21486-31d5-4f4d-8dd1-e8affc163c22] [SpanId: SPN-ba759171-17c0-43ce-95ca-e417f7dc9d9b] [DynLevel: ] - Writing [{enabled=true, jobId=CPF_EDU_TASKLET_JOB, executionId=1, status=COMPLETED, exitStatus=COMPLETED, pfw (truncated)...]
[2026-06-18 15:35:53.461] [http-nio-8099-exec-2] DEBUG o.s.web.servlet.DispatcherServlet [TranId: 20260618153553328CMNlocal010000002] [BizTranId: XYZ13EDU0001] [TraceId: 5ed21486-31d5-4f4d-8dd1-e8affc163c22] [SpanId: SPN-ba759171-17c0-43ce-95ca-e417f7dc9d9b] [DynLevel: ] - Completed 200 OK
