CPF_EVIDENCE_VERSION=1
EVIDENCE_ID=CREATE_DOMAIN_COMPILE
STATUS=완료
EXECUTED_AT=2026-07-20T16:17:51.4167640+09:00
START_COMMIT=4b1d60f784c4567a0a3cba7c74ac60c880ab9f99
BRANCH=master
COMMAND=.\gradlew.bat :pym:test :pym:bootJar :pym:bootWar
EXIT_CODE=0
JAVA_VERSION=openjdk 25.0.3 2026-04-21 LTS
GRADLE_VERSION=9.1.0
PROFILE=local
SANITIZED=Y
SECRET_SCAN=PASS
TESTS=0
FAILURES=0
ERRORS=0
SKIPPED=0
REASON=
REPRODUCE_COMMAND=
LOG_SHA256=9e15d9f52ee6079de14883ec792d97393b23335f9ceddbb50f554fbeb627a4a6
--- SANITIZED_OUTPUT ---
To honour the JVM settings for this build a single-use Daemon process will be forked. For more on this, please refer to https://docs.gradle.org/9.1.0/userguide/gradle_daemon.html#sec:disabling_the_daemon in the Gradle documentation.
Daemon will be stopped at the end of the build
> Task :pfw:compileJava
> Task :pfw:processResources
> Task :pfw:classes
> Task :pfw:jar
> Task :pym:compileJava
> Task :pym:processResources
> Task :pym:classes
> Task :pym:resolveMainClassName
> Task :pym:bootJar
> Task :pym:bootWar
> Task :pym:compileTestJava
> Task :pym:processTestResources NO-SOURCE
> Task :pym:testClasses
> Task :pym:test

BUILD SUCCESSFUL in 50s
10 actionable tasks: 10 executed
Consider enabling configuration cache to speed up this build: https://docs.gradle.org/9.1.0/userguide/configuration_cache_enabling.html
