[2026-07-06 16:03:46.069] [Test worker] INFO  c.c.msg.service.MessageCacheService [TranId: ] [BizTranId: ] [TraceId: ] [SpanId: ] [DynLevel: ] - Initializing message cache at startup
[2026-07-06 16:03:46.071] [Test worker] INFO  c.c.msg.service.MessageCacheService [TranId: ] [BizTranId: ] [TraceId: ] [SpanId: ] [DynLevel: ] - Cache Miss: Fetching all messages from database
[2026-07-06 16:03:46.252] [Test worker] DEBUG c.c.m.m.M.findAllMessages [TranId: ] [BizTranId: ] [TraceId: ] [SpanId: ] [DynLevel: ] - ==>  Preparing: SELECT message_id, message_code, message_code AS message_key, locale, message_format_type, external_message, external_message AS message_value, internal_message, parameter_count, parameter_sample, description, use_yn, created_by, created_at, updated_by, updated_at FROM pfw_message ORDER BY message_code, locale
[2026-07-06 16:03:46.289] [Test worker] DEBUG c.c.m.m.M.findAllMessages [TranId: ] [BizTranId: ] [TraceId: ] [SpanId: ] [DynLevel: ] - ==> Parameters: 
[2026-07-06 16:03:46.341] [Test worker] DEBUG c.c.m.m.M.findAllMessages [TranId: ] [BizTranId: ] [TraceId: ] [SpanId: ] [DynLevel: ] - <==      Total: 31
[2026-07-06 16:03:46.458] [Test worker] INFO  c.c.m.s.ResponseCodeCacheService [TranId: ] [BizTranId: ] [TraceId: ] [SpanId: ] [DynLevel: ] - Cache Miss: Fetching all response codes from database
[2026-07-06 16:03:46.459] [Test worker] DEBUG c.c.m.m.R.findAllResponseCodes [TranId: ] [BizTranId: ] [TraceId: ] [SpanId: ] [DynLevel: ] - ==>  Preparing: SELECT response_code, message_code, result_type, module_id, response_group, sequence_no, http_status, description, use_yn, created_by, created_at, updated_by, updated_at FROM pfw_response_code WHERE use_yn = 'Y' ORDER BY response_code
[2026-07-06 16:03:46.459] [Test worker] DEBUG c.c.m.m.R.findAllResponseCodes [TranId: ] [BizTranId: ] [TraceId: ] [SpanId: ] [DynLevel: ] - ==> Parameters: 
[2026-07-06 16:03:46.472] [Test worker] DEBUG c.c.m.m.R.findAllResponseCodes [TranId: ] [BizTranId: ] [TraceId: ] [SpanId: ] [DynLevel: ] - <==      Total: 28
[2026-07-06 16:03:47.289] [Test worker] INFO  c.cmn.cde.service.CodeCacheService [TranId: ] [BizTranId: ] [TraceId: ] [SpanId: ] [DynLevel: ] - Initializing code cache at startup
[2026-07-06 16:03:47.289] [Test worker] INFO  c.cmn.cde.service.CodeCacheService [TranId: ] [BizTranId: ] [TraceId: ] [SpanId: ] [DynLevel: ] - Cache Miss: Fetching all codes from database
[2026-07-06 16:03:47.290] [Test worker] DEBUG c.c.c.mapper.CodeMapper.findAllCodes [TranId: ] [BizTranId: ] [TraceId: ] [SpanId: ] [DynLevel: ] - ==>  Preparing: SELECT code_id, parent_id, code_key, code_value, description, use_yn, created_by, created_at, updated_by, updated_at FROM pfw_code ORDER BY parent_id, code_key, code_value
[2026-07-06 16:03:47.290] [Test worker] DEBUG c.c.c.mapper.CodeMapper.findAllCodes [TranId: ] [BizTranId: ] [TraceId: ] [SpanId: ] [DynLevel: ] - ==> Parameters: 
[2026-07-06 16:03:47.300] [Test worker] DEBUG c.c.c.mapper.CodeMapper.findAllCodes [TranId: ] [BizTranId: ] [TraceId: ] [SpanId: ] [DynLevel: ] - <==      Total: 41
[2026-07-06 16:03:47.329] [Test worker] INFO  c.cmn.cfg.service.ConfigCacheService [TranId: ] [BizTranId: ] [TraceId: ] [SpanId: ] [DynLevel: ] - Initializing config cache at startup
[2026-07-06 16:03:47.330] [Test worker] INFO  c.cmn.cfg.service.ConfigCacheService [TranId: ] [BizTranId: ] [TraceId: ] [SpanId: ] [DynLevel: ] - Cache Miss: Fetching all configs from database
[2026-07-06 16:03:47.330] [Test worker] DEBUG c.c.c.m.ConfigMapper.findAllConfigs [TranId: ] [BizTranId: ] [TraceId: ] [SpanId: ] [DynLevel: ] - ==>  Preparing: SELECT config_id, config_key, config_value, config_type, description, encrypted_yn, use_yn, created_by, created_at, updated_by, updated_at FROM pfw_config ORDER BY config_key
[2026-07-06 16:03:47.331] [Test worker] DEBUG c.c.c.m.ConfigMapper.findAllConfigs [TranId: ] [BizTranId: ] [TraceId: ] [SpanId: ] [DynLevel: ] - ==> Parameters: 
[2026-07-06 16:03:47.334] [Test worker] DEBUG c.c.c.m.ConfigMapper.findAllConfigs [TranId: ] [BizTranId: ] [TraceId: ] [SpanId: ] [DynLevel: ] - <==      Total: 12
[2026-07-06 16:03:47.537] [Test worker] DEBUG c.c.r.m.C.findMaxEventId [TranId: ] [BizTranId: ] [TraceId: ] [SpanId: ] [DynLevel: ] - ==>  Preparing: SELECT MAX(event_id) FROM pfw_cache_refresh_event
[2026-07-06 16:03:47.538] [Test worker] DEBUG c.c.r.m.C.findMaxEventId [TranId: ] [BizTranId: ] [TraceId: ] [SpanId: ] [DynLevel: ] - ==> Parameters: 
[2026-07-06 16:03:47.544] [Test worker] DEBUG c.c.r.m.C.findMaxEventId [TranId: ] [BizTranId: ] [TraceId: ] [SpanId: ] [DynLevel: ] - <==      Total: 1
[2026-07-06 16:03:47.544] [Test worker] INFO  c.c.r.s.CacheRefreshEventListener [TranId: ] [BizTranId: ] [TraceId: ] [SpanId: ] [DynLevel: ] - CMN cache refresh event listener started. lastEventId=1
[2026-07-06 16:03:56.050] [Test worker] INFO  c.c.msg.service.MessageCacheService [TranId: ] [BizTranId: ] [TraceId: ] [SpanId: ] [DynLevel: ] - Initializing message cache at startup
[2026-07-06 16:03:56.050] [Test worker] INFO  c.c.msg.service.MessageCacheService [TranId: ] [BizTranId: ] [TraceId: ] [SpanId: ] [DynLevel: ] - Cache Miss: Fetching all messages from database
[2026-07-06 16:03:56.062] [Test worker] DEBUG c.c.m.m.M.findAllMessages [TranId: ] [BizTranId: ] [TraceId: ] [SpanId: ] [DynLevel: ] - ==>  Preparing: SELECT message_id, message_code, message_code AS message_key, locale, message_format_type, external_message, external_message AS message_value, internal_message, parameter_count, parameter_sample, description, use_yn, created_by, created_at, updated_by, updated_at FROM pfw_message ORDER BY message_code, locale
[2026-07-06 16:03:56.062] [Test worker] DEBUG c.c.m.m.M.findAllMessages [TranId: ] [BizTranId: ] [TraceId: ] [SpanId: ] [DynLevel: ] - ==> Parameters: 
[2026-07-06 16:03:56.077] [Test worker] DEBUG c.c.m.m.M.findAllMessages [TranId: ] [BizTranId: ] [TraceId: ] [SpanId: ] [DynLevel: ] - <==      Total: 31
[2026-07-06 16:03:56.093] [Test worker] INFO  c.c.m.s.ResponseCodeCacheService [TranId: ] [BizTranId: ] [TraceId: ] [SpanId: ] [DynLevel: ] - Cache Miss: Fetching all response codes from database
[2026-07-06 16:03:56.094] [Test worker] DEBUG c.c.m.m.R.findAllResponseCodes [TranId: ] [BizTranId: ] [TraceId: ] [SpanId: ] [DynLevel: ] - ==>  Preparing: SELECT response_code, message_code, result_type, module_id, response_group, sequence_no, http_status, description, use_yn, created_by, created_at, updated_by, updated_at FROM pfw_response_code WHERE use_yn = 'Y' ORDER BY response_code
[2026-07-06 16:03:56.094] [Test worker] DEBUG c.c.m.m.R.findAllResponseCodes [TranId: ] [BizTranId: ] [TraceId: ] [SpanId: ] [DynLevel: ] - ==> Parameters: 
[2026-07-06 16:03:56.102] [Test worker] DEBUG c.c.m.m.R.findAllResponseCodes [TranId: ] [BizTranId: ] [TraceId: ] [SpanId: ] [DynLevel: ] - <==      Total: 28
[2026-07-06 16:03:56.283] [Test worker] INFO  c.cmn.cde.service.CodeCacheService [TranId: ] [BizTranId: ] [TraceId: ] [SpanId: ] [DynLevel: ] - Initializing code cache at startup
[2026-07-06 16:03:56.283] [Test worker] INFO  c.cmn.cde.service.CodeCacheService [TranId: ] [BizTranId: ] [TraceId: ] [SpanId: ] [DynLevel: ] - Cache Miss: Fetching all codes from database
[2026-07-06 16:03:56.283] [Test worker] DEBUG c.c.c.mapper.CodeMapper.findAllCodes [TranId: ] [BizTranId: ] [TraceId: ] [SpanId: ] [DynLevel: ] - ==>  Preparing: SELECT code_id, parent_id, code_key, code_value, description, use_yn, created_by, created_at, updated_by, updated_at FROM pfw_code ORDER BY parent_id, code_key, code_value
[2026-07-06 16:03:56.283] [Test worker] DEBUG c.c.c.mapper.CodeMapper.findAllCodes [TranId: ] [BizTranId: ] [TraceId: ] [SpanId: ] [DynLevel: ] - ==> Parameters: 
[2026-07-06 16:03:56.291] [Test worker] DEBUG c.c.c.mapper.CodeMapper.findAllCodes [TranId: ] [BizTranId: ] [TraceId: ] [SpanId: ] [DynLevel: ] - <==      Total: 41
[2026-07-06 16:03:56.298] [Test worker] INFO  c.cmn.cfg.service.ConfigCacheService [TranId: ] [BizTranId: ] [TraceId: ] [SpanId: ] [DynLevel: ] - Initializing config cache at startup
[2026-07-06 16:03:56.299] [Test worker] INFO  c.cmn.cfg.service.ConfigCacheService [TranId: ] [BizTranId: ] [TraceId: ] [SpanId: ] [DynLevel: ] - Cache Miss: Fetching all configs from database
[2026-07-06 16:03:56.299] [Test worker] DEBUG c.c.c.m.ConfigMapper.findAllConfigs [TranId: ] [BizTranId: ] [TraceId: ] [SpanId: ] [DynLevel: ] - ==>  Preparing: SELECT config_id, config_key, config_value, config_type, description, encrypted_yn, use_yn, created_by, created_at, updated_by, updated_at FROM pfw_config ORDER BY config_key
[2026-07-06 16:03:56.299] [Test worker] DEBUG c.c.c.m.ConfigMapper.findAllConfigs [TranId: ] [BizTranId: ] [TraceId: ] [SpanId: ] [DynLevel: ] - ==> Parameters: 
[2026-07-06 16:03:56.302] [Test worker] DEBUG c.c.c.m.ConfigMapper.findAllConfigs [TranId: ] [BizTranId: ] [TraceId: ] [SpanId: ] [DynLevel: ] - <==      Total: 12
[2026-07-06 16:03:56.321] [Test worker] DEBUG c.c.r.m.C.findMaxEventId [TranId: ] [BizTranId: ] [TraceId: ] [SpanId: ] [DynLevel: ] - ==>  Preparing: SELECT MAX(event_id) FROM pfw_cache_refresh_event
[2026-07-06 16:03:56.321] [Test worker] DEBUG c.c.r.m.C.findMaxEventId [TranId: ] [BizTranId: ] [TraceId: ] [SpanId: ] [DynLevel: ] - ==> Parameters: 
[2026-07-06 16:03:56.322] [Test worker] DEBUG c.c.r.m.C.findMaxEventId [TranId: ] [BizTranId: ] [TraceId: ] [SpanId: ] [DynLevel: ] - <==      Total: 1
[2026-07-06 16:03:56.322] [Test worker] INFO  c.c.r.s.CacheRefreshEventListener [TranId: ] [BizTranId: ] [TraceId: ] [SpanId: ] [DynLevel: ] - CMN cache refresh event listener started. lastEventId=1
[2026-07-06 16:03:57.897] [Test worker] DEBUG c.c.m.s.ResponseCodeCacheService [TranId: 20260611141234567ACCaccAP010000001] [BizTranId: ACC09TST0001] [TraceId: 06d11f7a-0776-4cc4-8895-307bb0ba359e] [SpanId: SPN-48c2a774-24e2-4462-8f38-0cfe868cd33e] [DynLevel: ] - Cache Miss: Fetching response code: SCMN000000
[2026-07-06 16:03:57.901] [Test worker] DEBUG c.c.m.m.R.findResponseCode [TranId: 20260611141234567ACCaccAP010000001] [BizTranId: ACC09TST0001] [TraceId: 06d11f7a-0776-4cc4-8895-307bb0ba359e] [SpanId: SPN-48c2a774-24e2-4462-8f38-0cfe868cd33e] [DynLevel: ] - ==>  Preparing: SELECT response_code, message_code, result_type, module_id, response_group, sequence_no, http_status, description, use_yn, created_by, created_at, updated_by, updated_at FROM pfw_response_code WHERE response_code = ? AND use_yn = 'Y' LIMIT 1
[2026-07-06 16:03:57.903] [Test worker] DEBUG c.c.m.m.R.findResponseCode [TranId: 20260611141234567ACCaccAP010000001] [BizTranId: ACC09TST0001] [TraceId: 06d11f7a-0776-4cc4-8895-307bb0ba359e] [SpanId: SPN-48c2a774-24e2-4462-8f38-0cfe868cd33e] [DynLevel: ] - ==> Parameters: SCMN000000(String)
[2026-07-06 16:03:57.904] [Test worker] DEBUG c.c.m.m.R.findResponseCode [TranId: 20260611141234567ACCaccAP010000001] [BizTranId: ACC09TST0001] [TraceId: 06d11f7a-0776-4cc4-8895-307bb0ba359e] [SpanId: SPN-48c2a774-24e2-4462-8f38-0cfe868cd33e] [DynLevel: ] - <==      Total: 0
